<?xml version="1.0" encoding="UTF-8"?>
<testsuites name="STS003 - Main page links verification" time="875.954" tests="12" failures="12" errors="0">
   <testsuite name="STS003 - Main page links verification" tests="12" failures="12" errors="0" time="875.954" skipped="0" timestamp="2023-11-08 10:09:27" hostname="gkokabayeva - USORLGKOKABYE1.us.deloitte.com" id="Test Suites/Smoke Test Suites/STS003 - Main page links verification">
      <properties>
         <property name="deviceName" value=""/>
         <property name="devicePlatform" value=""/>
         <property name="logFolder" value="C:\\Users\\GKOKABAYEVA\\Katalon Studio\\Parabank\\Reports\\20231108_100910\\Smoke Test Suites\\STS003 - Main page links verification\\20231108_100910"/>
         <property name="logFiles" value="C:\\Users\\GKOKABAYEVA\\Katalon Studio\\Parabank\\Reports\\20231108_100910\\Smoke Test Suites\\STS003 - Main page links verification\\20231108_100910\\execution0.log"/>
         <property name="attachments" value="C:\\Users\\GKOKABAYEVA\\Katalon Studio\\Parabank\\Reports\\20231108_100910\\Smoke Test Suites\\STS003 - Main page links verification\\20231108_100910\\1699456209961.png, C:\\Users\\GKOKABAYEVA\\Katalon Studio\\Parabank\\Reports\\20231108_100910\\Smoke Test Suites\\STS003 - Main page links verification\\20231108_100910\\1699456210044.png, C:\\Users\\GKOKABAYEVA\\Katalon Studio\\Parabank\\Reports\\20231108_100910\\Smoke Test Suites\\STS003 - Main page links verification\\20231108_100910\\1699456244209.png, C:\\Users\\GKOKABAYEVA\\Katalon Studio\\Parabank\\Reports\\20231108_100910\\Smoke Test Suites\\STS003 - Main page links verification\\20231108_100910\\1699456280852.png, C:\\Users\\GKOKABAYEVA\\Katalon Studio\\Parabank\\Reports\\20231108_100910\\Smoke Test Suites\\STS003 - Main page links verification\\20231108_100910\\1699456280904.png, C:\\Users\\GKOKABAYEVA\\Katalon Studio\\Parabank\\Reports\\20231108_100910\\Smoke Test Suites\\STS003 - Main page links verification\\20231108_100910\\1699456315065.png, C:\\Users\\GKOKABAYEVA\\Katalon Studio\\Parabank\\Reports\\20231108_100910\\Smoke Test Suites\\STS003 - Main page links verification\\20231108_100910\\1699456346248.png, C:\\Users\\GKOKABAYEVA\\Katalon Studio\\Parabank\\Reports\\20231108_100910\\Smoke Test Suites\\STS003 - Main page links verification\\20231108_100910\\1699456382934.png, C:\\Users\\GKOKABAYEVA\\Katalon Studio\\Parabank\\Reports\\20231108_100910\\Smoke Test Suites\\STS003 - Main page links verification\\20231108_100910\\1699456383003.png, C:\\Users\\GKOKABAYEVA\\Katalon Studio\\Parabank\\Reports\\20231108_100910\\Smoke Test Suites\\STS003 - Main page links verification\\20231108_100910\\1699456414118.png, C:\\Users\\GKOKABAYEVA\\Katalon Studio\\Parabank\\Reports\\20231108_100910\\Smoke Test Suites\\STS003 - Main page links verification\\20231108_100910\\1699456448273.png, C:\\Users\\GKOKABAYEVA\\Katalon Studio\\Parabank\\Reports\\20231108_100910\\Smoke Test Suites\\STS003 - Main page links verification\\20231108_100910\\1699456484923.png, C:\\Users\\GKOKABAYEVA\\Katalon Studio\\Parabank\\Reports\\20231108_100910\\Smoke Test Suites\\STS003 - Main page links verification\\20231108_100910\\1699456484986.png, C:\\Users\\GKOKABAYEVA\\Katalon Studio\\Parabank\\Reports\\20231108_100910\\Smoke Test Suites\\STS003 - Main page links verification\\20231108_100910\\1699456519126.png, C:\\Users\\GKOKABAYEVA\\Katalon Studio\\Parabank\\Reports\\20231108_100910\\Smoke Test Suites\\STS003 - Main page links verification\\20231108_100910\\1699456555691.png, C:\\Users\\GKOKABAYEVA\\Katalon Studio\\Parabank\\Reports\\20231108_100910\\Smoke Test Suites\\STS003 - Main page links verification\\20231108_100910\\1699456555746.png, C:\\Users\\GKOKABAYEVA\\Katalon Studio\\Parabank\\Reports\\20231108_100910\\Smoke Test Suites\\STS003 - Main page links verification\\20231108_100910\\1699456589888.png, C:\\Users\\GKOKABAYEVA\\Katalon Studio\\Parabank\\Reports\\20231108_100910\\Smoke Test Suites\\STS003 - Main page links verification\\20231108_100910\\1699456626499.png, C:\\Users\\GKOKABAYEVA\\Katalon Studio\\Parabank\\Reports\\20231108_100910\\Smoke Test Suites\\STS003 - Main page links verification\\20231108_100910\\1699456626558.png, C:\\Users\\GKOKABAYEVA\\Katalon Studio\\Parabank\\Reports\\20231108_100910\\Smoke Test Suites\\STS003 - Main page links verification\\20231108_100910\\1699456657665.png, C:\\Users\\GKOKABAYEVA\\Katalon Studio\\Parabank\\Reports\\20231108_100910\\Smoke Test Suites\\STS003 - Main page links verification\\20231108_100910\\1699456694258.png, C:\\Users\\GKOKABAYEVA\\Katalon Studio\\Parabank\\Reports\\20231108_100910\\Smoke Test Suites\\STS003 - Main page links verification\\20231108_100910\\1699456694331.png, C:\\Users\\GKOKABAYEVA\\Katalon Studio\\Parabank\\Reports\\20231108_100910\\Smoke Test Suites\\STS003 - Main page links verification\\20231108_100910\\1699456728528.png, C:\\Users\\GKOKABAYEVA\\Katalon Studio\\Parabank\\Reports\\20231108_100910\\Smoke Test Suites\\STS003 - Main page links verification\\20231108_100910\\1699456765383.png, C:\\Users\\GKOKABAYEVA\\Katalon Studio\\Parabank\\Reports\\20231108_100910\\Smoke Test Suites\\STS003 - Main page links verification\\20231108_100910\\1699456765440.png, C:\\Users\\GKOKABAYEVA\\Katalon Studio\\Parabank\\Reports\\20231108_100910\\Smoke Test Suites\\STS003 - Main page links verification\\20231108_100910\\1699456799619.png, C:\\Users\\GKOKABAYEVA\\Katalon Studio\\Parabank\\Reports\\20231108_100910\\Smoke Test Suites\\STS003 - Main page links verification\\20231108_100910\\1699456830747.png, C:\\Users\\GKOKABAYEVA\\Katalon Studio\\Parabank\\Reports\\20231108_100910\\Smoke Test Suites\\STS003 - Main page links verification\\20231108_100910\\1699456867388.png, C:\\Users\\GKOKABAYEVA\\Katalon Studio\\Parabank\\Reports\\20231108_100910\\Smoke Test Suites\\STS003 - Main page links verification\\20231108_100910\\1699456867454.png, C:\\Users\\GKOKABAYEVA\\Katalon Studio\\Parabank\\Reports\\20231108_100910\\Smoke Test Suites\\STS003 - Main page links verification\\20231108_100910\\1699456901613.png, C:\\Users\\GKOKABAYEVA\\Katalon Studio\\Parabank\\Reports\\20231108_100910\\Smoke Test Suites\\STS003 - Main page links verification\\20231108_100910\\1699456938397.png, C:\\Users\\GKOKABAYEVA\\Katalon Studio\\Parabank\\Reports\\20231108_100910\\Smoke Test Suites\\STS003 - Main page links verification\\20231108_100910\\1699456938467.png, C:\\Users\\GKOKABAYEVA\\Katalon Studio\\Parabank\\Reports\\20231108_100910\\Smoke Test Suites\\STS003 - Main page links verification\\20231108_100910\\1699456972615.png, C:\\Users\\GKOKABAYEVA\\Katalon Studio\\Parabank\\Reports\\20231108_100910\\Smoke Test Suites\\STS003 - Main page links verification\\20231108_100910\\1699457009268.png, C:\\Users\\GKOKABAYEVA\\Katalon Studio\\Parabank\\Reports\\20231108_100910\\Smoke Test Suites\\STS003 - Main page links verification\\20231108_100910\\1699457009331.png, C:\\Users\\GKOKABAYEVA\\Katalon Studio\\Parabank\\Reports\\20231108_100910\\Smoke Test Suites\\STS003 - Main page links verification\\20231108_100910\\1699457043517.png"/>
         <property name="hostName" value="gkokabayeva - USORLGKOKABYE1.us.deloitte.com"/>
         <property name="os" value="Windows 10 64bit"/>
         <property name="katalonVersion" value="9.0.0.212"/>
         <property name="browser" value="Chrome 118.0.5993.120"/>
         <property name="hostAddress" value="192.168.1.165"/>
         <property name="sessionId" value="56a2c7457b9bd133fb3429d125eecd97"/>
         <property name="seleniumVersion" value="3.141.59"/>
         <property name="proxyInformation" value="ProxyInformation { proxyOption=NO_PROXY, proxyServerType=HTTP, username=, password=********, proxyServerAddress=, proxyServerPort=0, executionList=&quot;&quot;, isApplyToDesiredCapabilities=true }"/>
         <property name="platform" value="Windows 10"/>
      </properties>
      <testcase name="Test Cases/Main Test Cases/MTC007 - Verify main page title" time="5.217" classname="Test Cases/Main Test Cases/MTC007 - Verify main page title" status="FAILED">
         <failure type="FAILED" message="Test Cases/Main Test Cases/MTC007 - Verify main page title FAILED.&#xa;Reason:&#xa;com.kms.katalon.core.exception.StepFailedException: Unable to verify equal between actual object '' and expected object 'ParaBank | Welcome | Online Banking' (Root cause: com.kms.katalon.core.exception.StepFailedException: Actual object '' and expected object 'ParaBank | Welcome | Online Banking' are not equal&#xa;	at com.kms.katalon.core.keyword.builtin.VerifyEqualKeyword$_verifyEqual_closure1.doCall(VerifyEqualKeyword.groovy:58)&#xa;	at com.kms.katalon.core.keyword.builtin.VerifyEqualKeyword$_verifyEqual_closure1.call(VerifyEqualKeyword.groovy)&#xa;	at com.kms.katalon.core.keyword.internal.KeywordMain.runKeyword(KeywordMain.groovy:75)&#xa;	at com.kms.katalon.core.keyword.builtin.VerifyEqualKeyword.verifyEqual(VerifyEqualKeyword.groovy:63)&#xa;	at com.kms.katalon.core.keyword.builtin.VerifyEqualKeyword.execute(VerifyEqualKeyword.groovy:44)&#xa;	at com.kms.katalon.core.keyword.internal.KeywordExecutor.executeKeywordForPlatform(KeywordExecutor.groovy:74)&#xa;	at com.kms.katalon.core.keyword.BuiltinKeywords.verifyEqual(BuiltinKeywords.groovy:146)&#xa;	at java.base/jdk.internal.reflect.NativeMethodAccessorImpl.invoke0(Native Method)&#xa;	at java.base/jdk.internal.reflect.NativeMethodAccessorImpl.invoke(NativeMethodAccessorImpl.java:77)&#xa;	at java.base/jdk.internal.reflect.DelegatingMethodAccessorImpl.invoke(DelegatingMethodAccessorImpl.java:43)&#xa;	at MTC007 - Verify main page title.run(MTC007 - Verify main page title:24)&#xa;	at com.kms.katalon.core.main.ScriptEngine.run(ScriptEngine.java:194)&#xa;	at com.kms.katalon.core.main.ScriptEngine.runScriptAsRawText(ScriptEngine.java:119)&#xa;	at com.kms.katalon.core.main.TestCaseExecutor.runScript(TestCaseExecutor.java:448)&#xa;	at com.kms.katalon.core.main.TestCaseExecutor.doExecute(TestCaseExecutor.java:439)&#xa;	at com.kms.katalon.core.main.TestCaseExecutor.processExecutionPhase(TestCaseExecutor.java:418)&#xa;	at com.kms.katalon.core.main.TestCaseExecutor.accessMainPhase(TestCaseExecutor.java:410)&#xa;	at com.kms.katalon.core.main.TestCaseExecutor.execute(TestCaseExecutor.java:285)&#xa;	at com.kms.katalon.core.common.CommonExecutor.accessTestCaseMainPhase(CommonExecutor.java:65)&#xa;	at com.kms.katalon.core.main.TestSuiteExecutor.accessTestSuiteMainPhase(TestSuiteExecutor.java:148)&#xa;	at com.kms.katalon.core.main.TestSuiteExecutor.execute(TestSuiteExecutor.java:106)&#xa;	at com.kms.katalon.core.main.TestCaseMain.startTestSuite(TestCaseMain.java:187)&#xa;	at TempTestSuite1699456150598.run(TempTestSuite1699456150598.groovy:36)&#xa;	at java.base/jdk.internal.reflect.NativeMethodAccessorImpl.invoke0(Native Method)&#xa;	at java.base/jdk.internal.reflect.NativeMethodAccessorImpl.invoke(NativeMethodAccessorImpl.java:77)&#xa;	at java.base/jdk.internal.reflect.DelegatingMethodAccessorImpl.invoke(DelegatingMethodAccessorImpl.java:43)&#xa;)&#xa;	at com.kms.katalon.core.keyword.internal.KeywordMain.stepFailed(KeywordMain.groovy:39)&#xa;	at com.kms.katalon.core.keyword.internal.KeywordMain.stepFailed(KeywordMain.groovy)&#xa;	at com.kms.katalon.core.keyword.internal.KeywordMain.runKeyword(KeywordMain.groovy:77)&#xa;	at com.kms.katalon.core.keyword.builtin.VerifyEqualKeyword.verifyEqual(VerifyEqualKeyword.groovy:63)&#xa;	at com.kms.katalon.core.keyword.builtin.VerifyEqualKeyword.execute(VerifyEqualKeyword.groovy:44)&#xa;	at com.kms.katalon.core.keyword.internal.KeywordExecutor.executeKeywordForPlatform(KeywordExecutor.groovy:74)&#xa;	at com.kms.katalon.core.keyword.BuiltinKeywords.verifyEqual(BuiltinKeywords.groovy:146)&#xa;	at java.base/jdk.internal.reflect.NativeMethodAccessorImpl.invoke0(Native Method)&#xa;	at java.base/jdk.internal.reflect.NativeMethodAccessorImpl.invoke(NativeMethodAccessorImpl.java:77)&#xa;	at java.base/jdk.internal.reflect.DelegatingMethodAccessorImpl.invoke(DelegatingMethodAccessorImpl.java:43)&#xa;	at MTC007 - Verify main page title.run(MTC007 - Verify main page title:24)&#xa;	at com.kms.katalon.core.main.ScriptEngine.run(ScriptEngine.java:194)&#xa;	at com.kms.katalon.core.main.ScriptEngine.runScriptAsRawText(ScriptEngine.java:119)&#xa;	at com.kms.katalon.core.main.TestCaseExecutor.runScript(TestCaseExecutor.java:448)&#xa;	at com.kms.katalon.core.main.TestCaseExecutor.doExecute(TestCaseExecutor.java:439)&#xa;	at com.kms.katalon.core.main.TestCaseExecutor.processExecutionPhase(TestCaseExecutor.java:418)&#xa;	at com.kms.katalon.core.main.TestCaseExecutor.accessMainPhase(TestCaseExecutor.java:410)&#xa;	at com.kms.katalon.core.main.TestCaseExecutor.execute(TestCaseExecutor.java:285)&#xa;	at com.kms.katalon.core.common.CommonExecutor.accessTestCaseMainPhase(CommonExecutor.java:65)&#xa;	at com.kms.katalon.core.main.TestSuiteExecutor.accessTestSuiteMainPhase(TestSuiteExecutor.java:148)&#xa;	at com.kms.katalon.core.main.TestSuiteExecutor.execute(TestSuiteExecutor.java:106)&#xa;	at com.kms.katalon.core.main.TestCaseMain.startTestSuite(TestCaseMain.java:187)&#xa;	at TempTestSuite1699456150598.run(TempTestSuite1699456150598.groovy:36)&#xa;	at java.base/jdk.internal.reflect.NativeMethodAccessorImpl.invoke0(Native Method)&#xa;	at java.base/jdk.internal.reflect.NativeMethodAccessorImpl.invoke(NativeMethodAccessorImpl.java:77)&#xa;	at java.base/jdk.internal.reflect.DelegatingMethodAccessorImpl.invoke(DelegatingMethodAccessorImpl.java:43)&#xa;Caused by: com.kms.katalon.core.exception.StepFailedException: Actual object '' and expected object 'ParaBank | Welcome | Online Banking' are not equal&#xa;	at com.kms.katalon.core.keyword.builtin.VerifyEqualKeyword$_verifyEqual_closure1.doCall(VerifyEqualKeyword.groovy:58)&#xa;	at com.kms.katalon.core.keyword.builtin.VerifyEqualKeyword$_verifyEqual_closure1.call(VerifyEqualKeyword.groovy)&#xa;	at com.kms.katalon.core.keyword.internal.KeywordMain.runKeyword(KeywordMain.groovy:75)&#xa;	... 23 more&#xa;"/>
         <system-out><![CDATA[2023-11-08 10:09:27 - [TEST_CASE][FAILED] - Test Cases/Main Test Cases/MTC007 - Verify main page title: Test Cases/Main Test Cases/MTC007 - Verify main page title FAILED.
Reason:
com.kms.katalon.core.exception.StepFailedException: Unable to verify equal between actual object '' and expected object 'ParaBank | Welcome | Online Banking' (Root cause: com.kms.katalon.core.exception.StepFailedException: Actual object '' and expected object 'ParaBank | Welcome | Online Banking' are not equal
	at com.kms.katalon.core.keyword.builtin.VerifyEqualKeyword$_verifyEqual_closure1.doCall(VerifyEqualKeyword.groovy:58)
	at com.kms.katalon.core.keyword.builtin.VerifyEqualKeyword$_verifyEqual_closure1.call(VerifyEqualKeyword.groovy)
	at com.kms.katalon.core.keyword.internal.KeywordMain.runKeyword(KeywordMain.groovy:75)
	at com.kms.katalon.core.keyword.builtin.VerifyEqualKeyword.verifyEqual(VerifyEqualKeyword.groovy:63)
	at com.kms.katalon.core.keyword.builtin.VerifyEqualKeyword.execute(VerifyEqualKeyword.groovy:44)
	at com.kms.katalon.core.keyword.internal.KeywordExecutor.executeKeywordForPlatform(KeywordExecutor.groovy:74)
	at com.kms.katalon.core.keyword.BuiltinKeywords.verifyEqual(BuiltinKeywords.groovy:146)
	at java.base/jdk.internal.reflect.NativeMethodAccessorImpl.invoke0(Native Method)
	at java.base/jdk.internal.reflect.NativeMethodAccessorImpl.invoke(NativeMethodAccessorImpl.java:77)
	at java.base/jdk.internal.reflect.DelegatingMethodAccessorImpl.invoke(DelegatingMethodAccessorImpl.java:43)
	at MTC007 - Verify main page title.run(MTC007 - Verify main page title:24)
	at com.kms.katalon.core.main.ScriptEngine.run(ScriptEngine.java:194)
	at com.kms.katalon.core.main.ScriptEngine.runScriptAsRawText(ScriptEngine.java:119)
	at com.kms.katalon.core.main.TestCaseExecutor.runScript(TestCaseExecutor.java:448)
	at com.kms.katalon.core.main.TestCaseExecutor.doExecute(TestCaseExecutor.java:439)
	at com.kms.katalon.core.main.TestCaseExecutor.processExecutionPhase(TestCaseExecutor.java:418)
	at com.kms.katalon.core.main.TestCaseExecutor.accessMainPhase(TestCaseExecutor.java:410)
	at com.kms.katalon.core.main.TestCaseExecutor.execute(TestCaseExecutor.java:285)
	at com.kms.katalon.core.common.CommonExecutor.accessTestCaseMainPhase(CommonExecutor.java:65)
	at com.kms.katalon.core.main.TestSuiteExecutor.accessTestSuiteMainPhase(TestSuiteExecutor.java:148)
	at com.kms.katalon.core.main.TestSuiteExecutor.execute(TestSuiteExecutor.java:106)
	at com.kms.katalon.core.main.TestCaseMain.startTestSuite(TestCaseMain.java:187)
	at TempTestSuite1699456150598.run(TempTestSuite1699456150598.groovy:36)
	at java.base/jdk.internal.reflect.NativeMethodAccessorImpl.invoke0(Native Method)
	at java.base/jdk.internal.reflect.NativeMethodAccessorImpl.invoke(NativeMethodAccessorImpl.java:77)
	at java.base/jdk.internal.reflect.DelegatingMethodAccessorImpl.invoke(DelegatingMethodAccessorImpl.java:43)
)
	at com.kms.katalon.core.keyword.internal.KeywordMain.stepFailed(KeywordMain.groovy:39)
	at com.kms.katalon.core.keyword.internal.KeywordMain.stepFailed(KeywordMain.groovy)
	at com.kms.katalon.core.keyword.internal.KeywordMain.runKeyword(KeywordMain.groovy:77)
	at com.kms.katalon.core.keyword.builtin.VerifyEqualKeyword.verifyEqual(VerifyEqualKeyword.groovy:63)
	at com.kms.katalon.core.keyword.builtin.VerifyEqualKeyword.execute(VerifyEqualKeyword.groovy:44)
	at com.kms.katalon.core.keyword.internal.KeywordExecutor.executeKeywordForPlatform(KeywordExecutor.groovy:74)
	at com.kms.katalon.core.keyword.BuiltinKeywords.verifyEqual(BuiltinKeywords.groovy:146)
	at java.base/jdk.internal.reflect.NativeMethodAccessorImpl.invoke0(Native Method)
	at java.base/jdk.internal.reflect.NativeMethodAccessorImpl.invoke(NativeMethodAccessorImpl.java:77)
	at java.base/jdk.internal.reflect.DelegatingMethodAccessorImpl.invoke(DelegatingMethodAccessorImpl.java:43)
	at MTC007 - Verify main page title.run(MTC007 - Verify main page title:24)
	at com.kms.katalon.core.main.ScriptEngine.run(ScriptEngine.java:194)
	at com.kms.katalon.core.main.ScriptEngine.runScriptAsRawText(ScriptEngine.java:119)
	at com.kms.katalon.core.main.TestCaseExecutor.runScript(TestCaseExecutor.java:448)
	at com.kms.katalon.core.main.TestCaseExecutor.doExecute(TestCaseExecutor.java:439)
	at com.kms.katalon.core.main.TestCaseExecutor.processExecutionPhase(TestCaseExecutor.java:418)
	at com.kms.katalon.core.main.TestCaseExecutor.accessMainPhase(TestCaseExecutor.java:410)
	at com.kms.katalon.core.main.TestCaseExecutor.execute(TestCaseExecutor.java:285)
	at com.kms.katalon.core.common.CommonExecutor.accessTestCaseMainPhase(CommonExecutor.java:65)
	at com.kms.katalon.core.main.TestSuiteExecutor.accessTestSuiteMainPhase(TestSuiteExecutor.java:148)
	at com.kms.katalon.core.main.TestSuiteExecutor.execute(TestSuiteExecutor.java:106)
	at com.kms.katalon.core.main.TestCaseMain.startTestSuite(TestCaseMain.java:187)
	at TempTestSuite1699456150598.run(TempTestSuite1699456150598.groovy:36)
	at java.base/jdk.internal.reflect.NativeMethodAccessorImpl.invoke0(Native Method)
	at java.base/jdk.internal.reflect.NativeMethodAccessorImpl.invoke(NativeMethodAccessorImpl.java:77)
	at java.base/jdk.internal.reflect.DelegatingMethodAccessorImpl.invoke(DelegatingMethodAccessorImpl.java:43)
Caused by: com.kms.katalon.core.exception.StepFailedException: Actual object '' and expected object 'ParaBank | Welcome | Online Banking' are not equal
	at com.kms.katalon.core.keyword.builtin.VerifyEqualKeyword$_verifyEqual_closure1.doCall(VerifyEqualKeyword.groovy:58)
	at com.kms.katalon.core.keyword.builtin.VerifyEqualKeyword$_verifyEqual_closure1.call(VerifyEqualKeyword.groovy)
	at com.kms.katalon.core.keyword.internal.KeywordMain.runKeyword(KeywordMain.groovy:75)
	... 23 more


2023-11-08 10:09:28 - [TEST_STEP][PASSED] - callTestCase(findTestCase("Reusable Test Cases/Open the webapp"), [:], CONTINUE_ON_FAILURE): Call Test Case 'Test Cases/Reusable Test Cases/Open the webapp' successfully

2023-11-08 10:09:29 - [TEST_CASE][PASSED] - Test Cases/Reusable Test Cases/Open the webapp: Test Cases/Reusable Test Cases/Open the webapp

2023-11-08 10:09:29 - [TEST_STEP][PASSED] - openBrowser(URL): Browser is opened with url: 'null'

2023-11-08 10:09:29 - [MESSAGE][INFO] - Starting 'Chrome (headless)' driver

2023-11-08 10:09:29 - [MESSAGE][INFO] - User set preference: ['property', '**window-size=1500,1000']

2023-11-08 10:09:29 - [MESSAGE][INFO] - Action delay is set to 0 milliseconds

2023-11-08 10:09:32 - [MESSAGE][WARNING] - FFmpeg was not installed! Browser Recording will be disabled. Please follow this document to install FFmpeg first: https://docs.katalon.com/katalon-studio/docs/screenshots-videos.html#browser-based-recorder

2023-11-08 10:09:32 - [MESSAGE][PASSED] - Browser is opened with url: 'null'

2023-11-08 10:09:32 - [TEST_STEP][PASSED] - maximizeWindow(): Current window maximized

2023-11-08 10:09:33 - [MESSAGE][PASSED] - Current window maximized

2023-11-08 10:09:33 - [MESSAGE][PASSED] - Call Test Case 'Test Cases/Reusable Test Cases/Open the webapp' successfully

2023-11-08 10:09:33 - [TEST_STEP][PASSED] - actualTitle = getWindowTitle(): Current window's title is: ''

2023-11-08 10:09:33 - [MESSAGE][PASSED] - Current window's title is: ''

2023-11-08 10:09:33 - [TEST_STEP][FAILED] - verifyEqual(actualTitle, expectedTitle): Unable to verify equal between actual object '' and expected object 'ParaBank | Welcome | Online Banking' (Root cause: com.kms.katalon.core.exception.StepFailedException: Actual object '' and expected object 'ParaBank | Welcome | Online Banking' are not equal
	at com.kms.katalon.core.keyword.builtin.VerifyEqualKeyword$_verifyEqual_closure1.doCall(VerifyEqualKeyword.groovy:58)
	at com.kms.katalon.core.keyword.builtin.VerifyEqualKeyword$_verifyEqual_closure1.call(VerifyEqualKeyword.groovy)
	at com.kms.katalon.core.keyword.internal.KeywordMain.runKeyword(KeywordMain.groovy:75)
	at com.kms.katalon.core.keyword.builtin.VerifyEqualKeyword.verifyEqual(VerifyEqualKeyword.groovy:63)
	at com.kms.katalon.core.keyword.builtin.VerifyEqualKeyword.execute(VerifyEqualKeyword.groovy:44)
	at com.kms.katalon.core.keyword.internal.KeywordExecutor.executeKeywordForPlatform(KeywordExecutor.groovy:74)
	at com.kms.katalon.core.keyword.BuiltinKeywords.verifyEqual(BuiltinKeywords.groovy:146)
	at java.base/jdk.internal.reflect.NativeMethodAccessorImpl.invoke0(Native Method)
	at java.base/jdk.internal.reflect.NativeMethodAccessorImpl.invoke(NativeMethodAccessorImpl.java:77)
	at java.base/jdk.internal.reflect.DelegatingMethodAccessorImpl.invoke(DelegatingMethodAccessorImpl.java:43)
	at MTC007 - Verify main page title.run(MTC007 - Verify main page title:24)
	at com.kms.katalon.core.main.ScriptEngine.run(ScriptEngine.java:194)
	at com.kms.katalon.core.main.ScriptEngine.runScriptAsRawText(ScriptEngine.java:119)
	at com.kms.katalon.core.main.TestCaseExecutor.runScript(TestCaseExecutor.java:448)
	at com.kms.katalon.core.main.TestCaseExecutor.doExecute(TestCaseExecutor.java:439)
	at com.kms.katalon.core.main.TestCaseExecutor.processExecutionPhase(TestCaseExecutor.java:418)
	at com.kms.katalon.core.main.TestCaseExecutor.accessMainPhase(TestCaseExecutor.java:410)
	at com.kms.katalon.core.main.TestCaseExecutor.execute(TestCaseExecutor.java:285)
	at com.kms.katalon.core.common.CommonExecutor.accessTestCaseMainPhase(CommonExecutor.java:65)
	at com.kms.katalon.core.main.TestSuiteExecutor.accessTestSuiteMainPhase(TestSuiteExecutor.java:148)
	at com.kms.katalon.core.main.TestSuiteExecutor.execute(TestSuiteExecutor.java:106)
	at com.kms.katalon.core.main.TestCaseMain.startTestSuite(TestCaseMain.java:187)
	at TempTestSuite1699456150598.run(TempTestSuite1699456150598.groovy:36)
	at java.base/jdk.internal.reflect.NativeMethodAccessorImpl.invoke0(Native Method)
	at java.base/jdk.internal.reflect.NativeMethodAccessorImpl.invoke(NativeMethodAccessorImpl.java:77)
	at java.base/jdk.internal.reflect.DelegatingMethodAccessorImpl.invoke(DelegatingMethodAccessorImpl.java:43)
)

2023-11-08 10:09:33 - [MESSAGE][FAILED] - Unable to verify equal between actual object '' and expected object 'ParaBank | Welcome | Online Banking' (Root cause: com.kms.katalon.core.exception.StepFailedException: Actual object '' and expected object 'ParaBank | Welcome | Online Banking' are not equal
	at com.kms.katalon.core.keyword.builtin.VerifyEqualKeyword$_verifyEqual_closure1.doCall(VerifyEqualKeyword.groovy:58)
	at com.kms.katalon.core.keyword.builtin.VerifyEqualKeyword$_verifyEqual_closure1.call(VerifyEqualKeyword.groovy)
	at com.kms.katalon.core.keyword.internal.KeywordMain.runKeyword(KeywordMain.groovy:75)
	at com.kms.katalon.core.keyword.builtin.VerifyEqualKeyword.verifyEqual(VerifyEqualKeyword.groovy:63)
	at com.kms.katalon.core.keyword.builtin.VerifyEqualKeyword.execute(VerifyEqualKeyword.groovy:44)
	at com.kms.katalon.core.keyword.internal.KeywordExecutor.executeKeywordForPlatform(KeywordExecutor.groovy:74)
	at com.kms.katalon.core.keyword.BuiltinKeywords.verifyEqual(BuiltinKeywords.groovy:146)
	at java.base/jdk.internal.reflect.NativeMethodAccessorImpl.invoke0(Native Method)
	at java.base/jdk.internal.reflect.NativeMethodAccessorImpl.invoke(NativeMethodAccessorImpl.java:77)
	at java.base/jdk.internal.reflect.DelegatingMethodAccessorImpl.invoke(DelegatingMethodAccessorImpl.java:43)
	at MTC007 - Verify main page title.run(MTC007 - Verify main page title:24)
	at com.kms.katalon.core.main.ScriptEngine.run(ScriptEngine.java:194)
	at com.kms.katalon.core.main.ScriptEngine.runScriptAsRawText(ScriptEngine.java:119)
	at com.kms.katalon.core.main.TestCaseExecutor.runScript(TestCaseExecutor.java:448)
	at com.kms.katalon.core.main.TestCaseExecutor.doExecute(TestCaseExecutor.java:439)
	at com.kms.katalon.core.main.TestCaseExecutor.processExecutionPhase(TestCaseExecutor.java:418)
	at com.kms.katalon.core.main.TestCaseExecutor.accessMainPhase(TestCaseExecutor.java:410)
	at com.kms.katalon.core.main.TestCaseExecutor.execute(TestCaseExecutor.java:285)
	at com.kms.katalon.core.common.CommonExecutor.accessTestCaseMainPhase(CommonExecutor.java:65)
	at com.kms.katalon.core.main.TestSuiteExecutor.accessTestSuiteMainPhase(TestSuiteExecutor.java:148)
	at com.kms.katalon.core.main.TestSuiteExecutor.execute(TestSuiteExecutor.java:106)
	at com.kms.katalon.core.main.TestCaseMain.startTestSuite(TestCaseMain.java:187)
	at TempTestSuite1699456150598.run(TempTestSuite1699456150598.groovy:36)
	at java.base/jdk.internal.reflect.NativeMethodAccessorImpl.invoke0(Native Method)
	at java.base/jdk.internal.reflect.NativeMethodAccessorImpl.invoke(NativeMethodAccessorImpl.java:77)
	at java.base/jdk.internal.reflect.DelegatingMethodAccessorImpl.invoke(DelegatingMethodAccessorImpl.java:43)
)

2023-11-08 10:09:33 - [TEST_STEP][PASSED] - closeBrowser(): Browser is closed

2023-11-08 10:09:33 - [MESSAGE][PASSED] - Browser is closed]]></system-out>
         <system-err><![CDATA[2023-11-08 10:09:27 - [TEST_CASE][FAILED] - Test Cases/Main Test Cases/MTC007 - Verify main page title: Test Cases/Main Test Cases/MTC007 - Verify main page title FAILED.
Reason:
com.kms.katalon.core.exception.StepFailedException: Unable to verify equal between actual object '' and expected object 'ParaBank | Welcome | Online Banking' (Root cause: com.kms.katalon.core.exception.StepFailedException: Actual object '' and expected object 'ParaBank | Welcome | Online Banking' are not equal
	at com.kms.katalon.core.keyword.builtin.VerifyEqualKeyword$_verifyEqual_closure1.doCall(VerifyEqualKeyword.groovy:58)
	at com.kms.katalon.core.keyword.builtin.VerifyEqualKeyword$_verifyEqual_closure1.call(VerifyEqualKeyword.groovy)
	at com.kms.katalon.core.keyword.internal.KeywordMain.runKeyword(KeywordMain.groovy:75)
	at com.kms.katalon.core.keyword.builtin.VerifyEqualKeyword.verifyEqual(VerifyEqualKeyword.groovy:63)
	at com.kms.katalon.core.keyword.builtin.VerifyEqualKeyword.execute(VerifyEqualKeyword.groovy:44)
	at com.kms.katalon.core.keyword.internal.KeywordExecutor.executeKeywordForPlatform(KeywordExecutor.groovy:74)
	at com.kms.katalon.core.keyword.BuiltinKeywords.verifyEqual(BuiltinKeywords.groovy:146)
	at java.base/jdk.internal.reflect.NativeMethodAccessorImpl.invoke0(Native Method)
	at java.base/jdk.internal.reflect.NativeMethodAccessorImpl.invoke(NativeMethodAccessorImpl.java:77)
	at java.base/jdk.internal.reflect.DelegatingMethodAccessorImpl.invoke(DelegatingMethodAccessorImpl.java:43)
	at MTC007 - Verify main page title.run(MTC007 - Verify main page title:24)
	at com.kms.katalon.core.main.ScriptEngine.run(ScriptEngine.java:194)
	at com.kms.katalon.core.main.ScriptEngine.runScriptAsRawText(ScriptEngine.java:119)
	at com.kms.katalon.core.main.TestCaseExecutor.runScript(TestCaseExecutor.java:448)
	at com.kms.katalon.core.main.TestCaseExecutor.doExecute(TestCaseExecutor.java:439)
	at com.kms.katalon.core.main.TestCaseExecutor.processExecutionPhase(TestCaseExecutor.java:418)
	at com.kms.katalon.core.main.TestCaseExecutor.accessMainPhase(TestCaseExecutor.java:410)
	at com.kms.katalon.core.main.TestCaseExecutor.execute(TestCaseExecutor.java:285)
	at com.kms.katalon.core.common.CommonExecutor.accessTestCaseMainPhase(CommonExecutor.java:65)
	at com.kms.katalon.core.main.TestSuiteExecutor.accessTestSuiteMainPhase(TestSuiteExecutor.java:148)
	at com.kms.katalon.core.main.TestSuiteExecutor.execute(TestSuiteExecutor.java:106)
	at com.kms.katalon.core.main.TestCaseMain.startTestSuite(TestCaseMain.java:187)
	at TempTestSuite1699456150598.run(TempTestSuite1699456150598.groovy:36)
	at java.base/jdk.internal.reflect.NativeMethodAccessorImpl.invoke0(Native Method)
	at java.base/jdk.internal.reflect.NativeMethodAccessorImpl.invoke(NativeMethodAccessorImpl.java:77)
	at java.base/jdk.internal.reflect.DelegatingMethodAccessorImpl.invoke(DelegatingMethodAccessorImpl.java:43)
)
	at com.kms.katalon.core.keyword.internal.KeywordMain.stepFailed(KeywordMain.groovy:39)
	at com.kms.katalon.core.keyword.internal.KeywordMain.stepFailed(KeywordMain.groovy)
	at com.kms.katalon.core.keyword.internal.KeywordMain.runKeyword(KeywordMain.groovy:77)
	at com.kms.katalon.core.keyword.builtin.VerifyEqualKeyword.verifyEqual(VerifyEqualKeyword.groovy:63)
	at com.kms.katalon.core.keyword.builtin.VerifyEqualKeyword.execute(VerifyEqualKeyword.groovy:44)
	at com.kms.katalon.core.keyword.internal.KeywordExecutor.executeKeywordForPlatform(KeywordExecutor.groovy:74)
	at com.kms.katalon.core.keyword.BuiltinKeywords.verifyEqual(BuiltinKeywords.groovy:146)
	at java.base/jdk.internal.reflect.NativeMethodAccessorImpl.invoke0(Native Method)
	at java.base/jdk.internal.reflect.NativeMethodAccessorImpl.invoke(NativeMethodAccessorImpl.java:77)
	at java.base/jdk.internal.reflect.DelegatingMethodAccessorImpl.invoke(DelegatingMethodAccessorImpl.java:43)
	at MTC007 - Verify main page title.run(MTC007 - Verify main page title:24)
	at com.kms.katalon.core.main.ScriptEngine.run(ScriptEngine.java:194)
	at com.kms.katalon.core.main.ScriptEngine.runScriptAsRawText(ScriptEngine.java:119)
	at com.kms.katalon.core.main.TestCaseExecutor.runScript(TestCaseExecutor.java:448)
	at com.kms.katalon.core.main.TestCaseExecutor.doExecute(TestCaseExecutor.java:439)
	at com.kms.katalon.core.main.TestCaseExecutor.processExecutionPhase(TestCaseExecutor.java:418)
	at com.kms.katalon.core.main.TestCaseExecutor.accessMainPhase(TestCaseExecutor.java:410)
	at com.kms.katalon.core.main.TestCaseExecutor.execute(TestCaseExecutor.java:285)
	at com.kms.katalon.core.common.CommonExecutor.accessTestCaseMainPhase(CommonExecutor.java:65)
	at com.kms.katalon.core.main.TestSuiteExecutor.accessTestSuiteMainPhase(TestSuiteExecutor.java:148)
	at com.kms.katalon.core.main.TestSuiteExecutor.execute(TestSuiteExecutor.java:106)
	at com.kms.katalon.core.main.TestCaseMain.startTestSuite(TestCaseMain.java:187)
	at TempTestSuite1699456150598.run(TempTestSuite1699456150598.groovy:36)
	at java.base/jdk.internal.reflect.NativeMethodAccessorImpl.invoke0(Native Method)
	at java.base/jdk.internal.reflect.NativeMethodAccessorImpl.invoke(NativeMethodAccessorImpl.java:77)
	at java.base/jdk.internal.reflect.DelegatingMethodAccessorImpl.invoke(DelegatingMethodAccessorImpl.java:43)
Caused by: com.kms.katalon.core.exception.StepFailedException: Actual object '' and expected object 'ParaBank | Welcome | Online Banking' are not equal
	at com.kms.katalon.core.keyword.builtin.VerifyEqualKeyword$_verifyEqual_closure1.doCall(VerifyEqualKeyword.groovy:58)
	at com.kms.katalon.core.keyword.builtin.VerifyEqualKeyword$_verifyEqual_closure1.call(VerifyEqualKeyword.groovy)
	at com.kms.katalon.core.keyword.internal.KeywordMain.runKeyword(KeywordMain.groovy:75)
	... 23 more]]></system-err>
      </testcase>
      <testcase name="Test Cases/Main Test Cases/MTC008 - Verify Services link" time="71.144" classname="Test Cases/Main Test Cases/MTC008 - Verify Services link" status="FAILED">
         <failure type="FAILED" message="Test Cases/Main Test Cases/MTC008 - Verify Services link FAILED.&#xa;Reason:&#xa;com.kms.katalon.core.exception.StepFailedException: Unable to click on object 'Object Repository/Page_ParaBank  Welcome  Online Banking/lnkServices' (Root cause: com.kms.katalon.core.exception.StepFailedException: Unable to click on object 'Object Repository/Page_ParaBank  Welcome  Online Banking/lnkServices'&#xa;	at com.kms.katalon.core.webui.keyword.internal.WebUIKeywordMain.stepFailed(WebUIKeywordMain.groovy:64)&#xa;	at com.kms.katalon.core.webui.keyword.internal.WebUIKeywordMain.runKeyword(WebUIKeywordMain.groovy:26)&#xa;	at com.kms.katalon.core.webui.keyword.builtin.ClickKeyword.click(ClickKeyword.groovy:74)&#xa;	at com.kms.katalon.core.webui.keyword.builtin.ClickKeyword.execute(ClickKeyword.groovy:40)&#xa;	at com.kms.katalon.core.keyword.internal.KeywordExecutor.executeKeywordForPlatform(KeywordExecutor.groovy:74)&#xa;	at com.kms.katalon.core.webui.keyword.WebUiBuiltInKeywords.click(WebUiBuiltInKeywords.groovy:620)&#xa;	at MTC008 - Verify Services link.run(MTC008 - Verify Services link:22)&#xa;	at com.kms.katalon.core.main.ScriptEngine.run(ScriptEngine.java:194)&#xa;	at com.kms.katalon.core.main.ScriptEngine.runScriptAsRawText(ScriptEngine.java:119)&#xa;	at com.kms.katalon.core.main.TestCaseExecutor.runScript(TestCaseExecutor.java:448)&#xa;	at com.kms.katalon.core.main.TestCaseExecutor.doExecute(TestCaseExecutor.java:439)&#xa;	at com.kms.katalon.core.main.TestCaseExecutor.processExecutionPhase(TestCaseExecutor.java:418)&#xa;	at com.kms.katalon.core.main.TestCaseExecutor.accessMainPhase(TestCaseExecutor.java:410)&#xa;	at com.kms.katalon.core.main.TestCaseExecutor.execute(TestCaseExecutor.java:285)&#xa;	at com.kms.katalon.core.common.CommonExecutor.accessTestCaseMainPhase(CommonExecutor.java:65)&#xa;	at com.kms.katalon.core.main.TestSuiteExecutor.accessTestSuiteMainPhase(TestSuiteExecutor.java:148)&#xa;	at com.kms.katalon.core.main.TestSuiteExecutor.execute(TestSuiteExecutor.java:106)&#xa;	at com.kms.katalon.core.main.TestCaseMain.startTestSuite(TestCaseMain.java:187)&#xa;	at TempTestSuite1699456150598.run(TempTestSuite1699456150598.groovy:36)&#xa;	at java.base/jdk.internal.reflect.NativeMethodAccessorImpl.invoke0(Native Method)&#xa;	at java.base/jdk.internal.reflect.NativeMethodAccessorImpl.invoke(NativeMethodAccessorImpl.java:77)&#xa;	at java.base/jdk.internal.reflect.DelegatingMethodAccessorImpl.invoke(DelegatingMethodAccessorImpl.java:43)&#xa;Caused by: com.kms.katalon.core.webui.exception.WebElementNotFoundException: Web element with id: 'Object Repository/Page_ParaBank  Welcome  Online Banking/lnkServices' located by '//div[@id='headerPanel']/ul/li[3]/a' not found&#xa;	at com.kms.katalon.core.webui.common.WebUiCommonHelper.findWebElement(WebUiCommonHelper.java:1379)&#xa;	at com.kms.katalon.core.webui.keyword.internal.WebUIAbstractKeyword.findWebElement(WebUIAbstractKeyword.groovy:27)&#xa;	at com.kms.katalon.core.webui.keyword.builtin.ClickKeyword$_click_closure1.doCall(ClickKeyword.groovy:65)&#xa;	at com.kms.katalon.core.webui.keyword.builtin.ClickKeyword$_click_closure1.call(ClickKeyword.groovy)&#xa;	at com.kms.katalon.core.webui.keyword.internal.WebUIKeywordMain.runKeyword(WebUIKeywordMain.groovy:20)&#xa;	at com.kms.katalon.core.webui.keyword.builtin.ClickKeyword.click(ClickKeyword.groovy:74)&#xa;	at com.kms.katalon.core.webui.keyword.builtin.ClickKeyword.execute(ClickKeyword.groovy:40)&#xa;	at com.kms.katalon.core.keyword.internal.KeywordExecutor.executeKeywordForPlatform(KeywordExecutor.groovy:74)&#xa;	at com.kms.katalon.core.webui.keyword.WebUiBuiltInKeywords.click(WebUiBuiltInKeywords.groovy:620)&#xa;	at Script1698969740857.run(Script1698969740857.groovy:22)&#xa;	... 15 more&#xa;)&#xa;	at com.kms.katalon.core.keyword.internal.KeywordMain.stepFailed(KeywordMain.groovy:39)&#xa;	at com.kms.katalon.core.webui.keyword.internal.WebUIKeywordMain.stepFailed(WebUIKeywordMain.groovy:64)&#xa;	at com.kms.katalon.core.webui.keyword.internal.WebUIKeywordMain.runKeyword(WebUIKeywordMain.groovy:26)&#xa;	at com.kms.katalon.core.webui.keyword.builtin.ClickKeyword.click(ClickKeyword.groovy:74)&#xa;	at com.kms.katalon.core.webui.keyword.builtin.ClickKeyword.execute(ClickKeyword.groovy:40)&#xa;	at com.kms.katalon.core.keyword.internal.KeywordExecutor.executeKeywordForPlatform(KeywordExecutor.groovy:74)&#xa;	at com.kms.katalon.core.webui.keyword.WebUiBuiltInKeywords.click(WebUiBuiltInKeywords.groovy:620)&#xa;	at MTC008 - Verify Services link.run(MTC008 - Verify Services link:22)&#xa;	at com.kms.katalon.core.main.ScriptEngine.run(ScriptEngine.java:194)&#xa;	at com.kms.katalon.core.main.ScriptEngine.runScriptAsRawText(ScriptEngine.java:119)&#xa;	at com.kms.katalon.core.main.TestCaseExecutor.runScript(TestCaseExecutor.java:448)&#xa;	at com.kms.katalon.core.main.TestCaseExecutor.doExecute(TestCaseExecutor.java:439)&#xa;	at com.kms.katalon.core.main.TestCaseExecutor.processExecutionPhase(TestCaseExecutor.java:418)&#xa;	at com.kms.katalon.core.main.TestCaseExecutor.accessMainPhase(TestCaseExecutor.java:410)&#xa;	at com.kms.katalon.core.main.TestCaseExecutor.execute(TestCaseExecutor.java:285)&#xa;	at com.kms.katalon.core.common.CommonExecutor.accessTestCaseMainPhase(CommonExecutor.java:65)&#xa;	at com.kms.katalon.core.main.TestSuiteExecutor.accessTestSuiteMainPhase(TestSuiteExecutor.java:148)&#xa;	at com.kms.katalon.core.main.TestSuiteExecutor.execute(TestSuiteExecutor.java:106)&#xa;	at com.kms.katalon.core.main.TestCaseMain.startTestSuite(TestCaseMain.java:187)&#xa;	at TempTestSuite1699456150598.run(TempTestSuite1699456150598.groovy:36)&#xa;	at java.base/jdk.internal.reflect.NativeMethodAccessorImpl.invoke0(Native Method)&#xa;	at java.base/jdk.internal.reflect.NativeMethodAccessorImpl.invoke(NativeMethodAccessorImpl.java:77)&#xa;	at java.base/jdk.internal.reflect.DelegatingMethodAccessorImpl.invoke(DelegatingMethodAccessorImpl.java:43)&#xa;Caused by: com.kms.katalon.core.exception.StepFailedException: Unable to click on object 'Object Repository/Page_ParaBank  Welcome  Online Banking/lnkServices'&#xa;	... 22 more&#xa;Caused by: com.kms.katalon.core.webui.exception.WebElementNotFoundException: Web element with id: 'Object Repository/Page_ParaBank  Welcome  Online Banking/lnkServices' located by '//div[@id='headerPanel']/ul/li[3]/a' not found&#xa;	at com.kms.katalon.core.webui.common.WebUiCommonHelper.findWebElement(WebUiCommonHelper.java:1379)&#xa;	at com.kms.katalon.core.webui.keyword.internal.WebUIAbstractKeyword.findWebElement(WebUIAbstractKeyword.groovy:27)&#xa;	at com.kms.katalon.core.webui.keyword.builtin.ClickKeyword$_click_closure1.doCall(ClickKeyword.groovy:65)&#xa;	at com.kms.katalon.core.webui.keyword.builtin.ClickKeyword$_click_closure1.call(ClickKeyword.groovy)&#xa;	at com.kms.katalon.core.webui.keyword.internal.WebUIKeywordMain.runKeyword(WebUIKeywordMain.groovy:20)&#xa;	... 20 more&#xa;"/>
         <system-out><![CDATA[2023-11-08 10:09:33 - [TEST_CASE][FAILED] - Test Cases/Main Test Cases/MTC008 - Verify Services link: Test Cases/Main Test Cases/MTC008 - Verify Services link FAILED.
Reason:
com.kms.katalon.core.exception.StepFailedException: Unable to click on object 'Object Repository/Page_ParaBank  Welcome  Online Banking/lnkServices' (Root cause: com.kms.katalon.core.exception.StepFailedException: Unable to click on object 'Object Repository/Page_ParaBank  Welcome  Online Banking/lnkServices'
	at com.kms.katalon.core.webui.keyword.internal.WebUIKeywordMain.stepFailed(WebUIKeywordMain.groovy:64)
	at com.kms.katalon.core.webui.keyword.internal.WebUIKeywordMain.runKeyword(WebUIKeywordMain.groovy:26)
	at com.kms.katalon.core.webui.keyword.builtin.ClickKeyword.click(ClickKeyword.groovy:74)
	at com.kms.katalon.core.webui.keyword.builtin.ClickKeyword.execute(ClickKeyword.groovy:40)
	at com.kms.katalon.core.keyword.internal.KeywordExecutor.executeKeywordForPlatform(KeywordExecutor.groovy:74)
	at com.kms.katalon.core.webui.keyword.WebUiBuiltInKeywords.click(WebUiBuiltInKeywords.groovy:620)
	at MTC008 - Verify Services link.run(MTC008 - Verify Services link:22)
	at com.kms.katalon.core.main.ScriptEngine.run(ScriptEngine.java:194)
	at com.kms.katalon.core.main.ScriptEngine.runScriptAsRawText(ScriptEngine.java:119)
	at com.kms.katalon.core.main.TestCaseExecutor.runScript(TestCaseExecutor.java:448)
	at com.kms.katalon.core.main.TestCaseExecutor.doExecute(TestCaseExecutor.java:439)
	at com.kms.katalon.core.main.TestCaseExecutor.processExecutionPhase(TestCaseExecutor.java:418)
	at com.kms.katalon.core.main.TestCaseExecutor.accessMainPhase(TestCaseExecutor.java:410)
	at com.kms.katalon.core.main.TestCaseExecutor.execute(TestCaseExecutor.java:285)
	at com.kms.katalon.core.common.CommonExecutor.accessTestCaseMainPhase(CommonExecutor.java:65)
	at com.kms.katalon.core.main.TestSuiteExecutor.accessTestSuiteMainPhase(TestSuiteExecutor.java:148)
	at com.kms.katalon.core.main.TestSuiteExecutor.execute(TestSuiteExecutor.java:106)
	at com.kms.katalon.core.main.TestCaseMain.startTestSuite(TestCaseMain.java:187)
	at TempTestSuite1699456150598.run(TempTestSuite1699456150598.groovy:36)
	at java.base/jdk.internal.reflect.NativeMethodAccessorImpl.invoke0(Native Method)
	at java.base/jdk.internal.reflect.NativeMethodAccessorImpl.invoke(NativeMethodAccessorImpl.java:77)
	at java.base/jdk.internal.reflect.DelegatingMethodAccessorImpl.invoke(DelegatingMethodAccessorImpl.java:43)
Caused by: com.kms.katalon.core.webui.exception.WebElementNotFoundException: Web element with id: 'Object Repository/Page_ParaBank  Welcome  Online Banking/lnkServices' located by '//div[@id='headerPanel']/ul/li[3]/a' not found
	at com.kms.katalon.core.webui.common.WebUiCommonHelper.findWebElement(WebUiCommonHelper.java:1379)
	at com.kms.katalon.core.webui.keyword.internal.WebUIAbstractKeyword.findWebElement(WebUIAbstractKeyword.groovy:27)
	at com.kms.katalon.core.webui.keyword.builtin.ClickKeyword$_click_closure1.doCall(ClickKeyword.groovy:65)
	at com.kms.katalon.core.webui.keyword.builtin.ClickKeyword$_click_closure1.call(ClickKeyword.groovy)
	at com.kms.katalon.core.webui.keyword.internal.WebUIKeywordMain.runKeyword(WebUIKeywordMain.groovy:20)
	at com.kms.katalon.core.webui.keyword.builtin.ClickKeyword.click(ClickKeyword.groovy:74)
	at com.kms.katalon.core.webui.keyword.builtin.ClickKeyword.execute(ClickKeyword.groovy:40)
	at com.kms.katalon.core.keyword.internal.KeywordExecutor.executeKeywordForPlatform(KeywordExecutor.groovy:74)
	at com.kms.katalon.core.webui.keyword.WebUiBuiltInKeywords.click(WebUiBuiltInKeywords.groovy:620)
	at Script1698969740857.run(Script1698969740857.groovy:22)
	... 15 more
)
	at com.kms.katalon.core.keyword.internal.KeywordMain.stepFailed(KeywordMain.groovy:39)
	at com.kms.katalon.core.webui.keyword.internal.WebUIKeywordMain.stepFailed(WebUIKeywordMain.groovy:64)
	at com.kms.katalon.core.webui.keyword.internal.WebUIKeywordMain.runKeyword(WebUIKeywordMain.groovy:26)
	at com.kms.katalon.core.webui.keyword.builtin.ClickKeyword.click(ClickKeyword.groovy:74)
	at com.kms.katalon.core.webui.keyword.builtin.ClickKeyword.execute(ClickKeyword.groovy:40)
	at com.kms.katalon.core.keyword.internal.KeywordExecutor.executeKeywordForPlatform(KeywordExecutor.groovy:74)
	at com.kms.katalon.core.webui.keyword.WebUiBuiltInKeywords.click(WebUiBuiltInKeywords.groovy:620)
	at MTC008 - Verify Services link.run(MTC008 - Verify Services link:22)
	at com.kms.katalon.core.main.ScriptEngine.run(ScriptEngine.java:194)
	at com.kms.katalon.core.main.ScriptEngine.runScriptAsRawText(ScriptEngine.java:119)
	at com.kms.katalon.core.main.TestCaseExecutor.runScript(TestCaseExecutor.java:448)
	at com.kms.katalon.core.main.TestCaseExecutor.doExecute(TestCaseExecutor.java:439)
	at com.kms.katalon.core.main.TestCaseExecutor.processExecutionPhase(TestCaseExecutor.java:418)
	at com.kms.katalon.core.main.TestCaseExecutor.accessMainPhase(TestCaseExecutor.java:410)
	at com.kms.katalon.core.main.TestCaseExecutor.execute(TestCaseExecutor.java:285)
	at com.kms.katalon.core.common.CommonExecutor.accessTestCaseMainPhase(CommonExecutor.java:65)
	at com.kms.katalon.core.main.TestSuiteExecutor.accessTestSuiteMainPhase(TestSuiteExecutor.java:148)
	at com.kms.katalon.core.main.TestSuiteExecutor.execute(TestSuiteExecutor.java:106)
	at com.kms.katalon.core.main.TestCaseMain.startTestSuite(TestCaseMain.java:187)
	at TempTestSuite1699456150598.run(TempTestSuite1699456150598.groovy:36)
	at java.base/jdk.internal.reflect.NativeMethodAccessorImpl.invoke0(Native Method)
	at java.base/jdk.internal.reflect.NativeMethodAccessorImpl.invoke(NativeMethodAccessorImpl.java:77)
	at java.base/jdk.internal.reflect.DelegatingMethodAccessorImpl.invoke(DelegatingMethodAccessorImpl.java:43)
Caused by: com.kms.katalon.core.exception.StepFailedException: Unable to click on object 'Object Repository/Page_ParaBank  Welcome  Online Banking/lnkServices'
	... 22 more
Caused by: com.kms.katalon.core.webui.exception.WebElementNotFoundException: Web element with id: 'Object Repository/Page_ParaBank  Welcome  Online Banking/lnkServices' located by '//div[@id='headerPanel']/ul/li[3]/a' not found
	at com.kms.katalon.core.webui.common.WebUiCommonHelper.findWebElement(WebUiCommonHelper.java:1379)
	at com.kms.katalon.core.webui.keyword.internal.WebUIAbstractKeyword.findWebElement(WebUIAbstractKeyword.groovy:27)
	at com.kms.katalon.core.webui.keyword.builtin.ClickKeyword$_click_closure1.doCall(ClickKeyword.groovy:65)
	at com.kms.katalon.core.webui.keyword.builtin.ClickKeyword$_click_closure1.call(ClickKeyword.groovy)
	at com.kms.katalon.core.webui.keyword.internal.WebUIKeywordMain.runKeyword(WebUIKeywordMain.groovy:20)
	... 20 more


2023-11-08 10:09:33 - [TEST_STEP][PASSED] - callTestCase(findTestCase("Reusable Test Cases/Open the webapp"), [:], CONTINUE_ON_FAILURE): Call Test Case 'Test Cases/Reusable Test Cases/Open the webapp' successfully

2023-11-08 10:09:33 - [TEST_CASE][PASSED] - Test Cases/Reusable Test Cases/Open the webapp: Test Cases/Reusable Test Cases/Open the webapp

2023-11-08 10:09:33 - [TEST_STEP][PASSED] - openBrowser(URL): Browser is opened with url: 'null'

2023-11-08 10:09:33 - [MESSAGE][INFO] - Starting 'Chrome (headless)' driver

2023-11-08 10:09:33 - [MESSAGE][INFO] - User set preference: ['property', '**window-size=1500,1000']

2023-11-08 10:09:33 - [MESSAGE][INFO] - Action delay is set to 0 milliseconds

2023-11-08 10:09:35 - [MESSAGE][WARNING] - FFmpeg was not installed! Browser Recording will be disabled. Please follow this document to install FFmpeg first: https://docs.katalon.com/katalon-studio/docs/screenshots-videos.html#browser-based-recorder

2023-11-08 10:09:35 - [MESSAGE][PASSED] - Browser is opened with url: 'null'

2023-11-08 10:09:35 - [TEST_STEP][PASSED] - maximizeWindow(): Current window maximized

2023-11-08 10:09:35 - [MESSAGE][PASSED] - Current window maximized

2023-11-08 10:09:35 - [MESSAGE][PASSED] - Call Test Case 'Test Cases/Reusable Test Cases/Open the webapp' successfully

2023-11-08 10:09:35 - [TEST_STEP][FAILED] - click(findTestObject("Object Repository/Page_ParaBank  Welcome  Online Banking/lnkServices")): Unable to click on object 'Object Repository/Page_ParaBank  Welcome  Online Banking/lnkServices' (Root cause: com.kms.katalon.core.exception.StepFailedException: Unable to click on object 'Object Repository/Page_ParaBank  Welcome  Online Banking/lnkServices'
	at com.kms.katalon.core.webui.keyword.internal.WebUIKeywordMain.stepFailed(WebUIKeywordMain.groovy:64)
	at com.kms.katalon.core.webui.keyword.internal.WebUIKeywordMain.runKeyword(WebUIKeywordMain.groovy:26)
	at com.kms.katalon.core.webui.keyword.builtin.ClickKeyword.click(ClickKeyword.groovy:74)
	at com.kms.katalon.core.webui.keyword.builtin.ClickKeyword.execute(ClickKeyword.groovy:40)
	at com.kms.katalon.core.keyword.internal.KeywordExecutor.executeKeywordForPlatform(KeywordExecutor.groovy:74)
	at com.kms.katalon.core.webui.keyword.WebUiBuiltInKeywords.click(WebUiBuiltInKeywords.groovy:620)
	at MTC008 - Verify Services link.run(MTC008 - Verify Services link:22)
	at com.kms.katalon.core.main.ScriptEngine.run(ScriptEngine.java:194)
	at com.kms.katalon.core.main.ScriptEngine.runScriptAsRawText(ScriptEngine.java:119)
	at com.kms.katalon.core.main.TestCaseExecutor.runScript(TestCaseExecutor.java:448)
	at com.kms.katalon.core.main.TestCaseExecutor.doExecute(TestCaseExecutor.java:439)
	at com.kms.katalon.core.main.TestCaseExecutor.processExecutionPhase(TestCaseExecutor.java:418)
	at com.kms.katalon.core.main.TestCaseExecutor.accessMainPhase(TestCaseExecutor.java:410)
	at com.kms.katalon.core.main.TestCaseExecutor.execute(TestCaseExecutor.java:285)
	at com.kms.katalon.core.common.CommonExecutor.accessTestCaseMainPhase(CommonExecutor.java:65)
	at com.kms.katalon.core.main.TestSuiteExecutor.accessTestSuiteMainPhase(TestSuiteExecutor.java:148)
	at com.kms.katalon.core.main.TestSuiteExecutor.execute(TestSuiteExecutor.java:106)
	at com.kms.katalon.core.main.TestCaseMain.startTestSuite(TestCaseMain.java:187)
	at TempTestSuite1699456150598.run(TempTestSuite1699456150598.groovy:36)
	at java.base/jdk.internal.reflect.NativeMethodAccessorImpl.invoke0(Native Method)
	at java.base/jdk.internal.reflect.NativeMethodAccessorImpl.invoke(NativeMethodAccessorImpl.java:77)
	at java.base/jdk.internal.reflect.DelegatingMethodAccessorImpl.invoke(DelegatingMethodAccessorImpl.java:43)
Caused by: com.kms.katalon.core.webui.exception.WebElementNotFoundException: Web element with id: 'Object Repository/Page_ParaBank  Welcome  Online Banking/lnkServices' located by '//div[@id='headerPanel']/ul/li[3]/a' not found
	at com.kms.katalon.core.webui.common.WebUiCommonHelper.findWebElement(WebUiCommonHelper.java:1379)
	at com.kms.katalon.core.webui.keyword.internal.WebUIAbstractKeyword.findWebElement(WebUIAbstractKeyword.groovy:27)
	at com.kms.katalon.core.webui.keyword.builtin.ClickKeyword$_click_closure1.doCall(ClickKeyword.groovy:65)
	at com.kms.katalon.core.webui.keyword.builtin.ClickKeyword$_click_closure1.call(ClickKeyword.groovy)
	at com.kms.katalon.core.webui.keyword.internal.WebUIKeywordMain.runKeyword(WebUIKeywordMain.groovy:20)
	at com.kms.katalon.core.webui.keyword.builtin.ClickKeyword.click(ClickKeyword.groovy:74)
	at com.kms.katalon.core.webui.keyword.builtin.ClickKeyword.execute(ClickKeyword.groovy:40)
	at com.kms.katalon.core.keyword.internal.KeywordExecutor.executeKeywordForPlatform(KeywordExecutor.groovy:74)
	at com.kms.katalon.core.webui.keyword.WebUiBuiltInKeywords.click(WebUiBuiltInKeywords.groovy:620)
	at Script1698969740857.run(Script1698969740857.groovy:22)
	... 15 more
)

2023-11-08 10:10:06 - [MESSAGE][INFO] - Unable to find the element located by 'By.xpath: //div[@id='headerPanel']/ul/li[3]/a'. Please recheck the objects properties to make sure the desired element is located. 

2023-11-08 10:10:06 - [MESSAGE][WARNING] - [SELF-HEALING] Failed to find element with id 'Object Repository/Page_ParaBank  Welcome  Online Banking/lnkServices'. Try using Self-healing.

2023-11-08 10:10:06 - [MESSAGE][INFO] - [SELF-HEALING] Failed Locator: '//div[@id='headerPanel']/ul/li[3]/a'.

2023-11-08 10:10:06 - [MESSAGE][INFO] - [SELF-HEALING] Failed Locator: '//a[contains(text(),'Services')]'.

2023-11-08 10:10:06 - [MESSAGE][INFO] - [SELF-HEALING] Failed Locator: '//a[contains(@href, 'services.htm')]'.

2023-11-08 10:10:06 - [MESSAGE][INFO] - [SELF-HEALING] Failed Locator: '//li[3]/a'.

2023-11-08 10:10:06 - [MESSAGE][INFO] - [SELF-HEALING] Failed Locator: '//a[@href = 'services.htm' and (text() = 'Services' or . = 'Services')]'.

2023-11-08 10:10:07 - [MESSAGE][INFO] - [SELF-HEALING] Failed Locator: '//div[@id='headerPanel']/ul/li[3]/a'.

2023-11-08 10:10:07 - [MESSAGE][INFO] - [SELF-HEALING] Failed Locator: '//a[contains(text(),'Services')]'.

2023-11-08 10:10:07 - [MESSAGE][INFO] - [SELF-HEALING] Failed Locator: '//a[contains(@href, 'services.htm')]'.

2023-11-08 10:10:07 - [MESSAGE][INFO] - [SELF-HEALING] Failed Locator: '//li[3]/a'.

2023-11-08 10:10:07 - [MESSAGE][INFO] - [SELF-HEALING] Failed Locator: '//a[@href = 'services.htm' and (text() = 'Services' or . = 'Services')]'.

2023-11-08 10:10:07 - [MESSAGE][INFO] - [SELF-HEALING] Failed Locator: '//div[@id='headerPanel']/ul/li[3]/a'.

2023-11-08 10:10:07 - [MESSAGE][INFO] - [SELF-HEALING] Failed Locator: '//a[contains(text(),'Services')]'.

2023-11-08 10:10:07 - [MESSAGE][INFO] - [SELF-HEALING] Failed Locator: '//a[contains(@href, 'services.htm')]'.

2023-11-08 10:10:07 - [MESSAGE][INFO] - [SELF-HEALING] Failed Locator: '//li[3]/a'.

2023-11-08 10:10:07 - [MESSAGE][INFO] - [SELF-HEALING] Failed Locator: '//a[@href = 'services.htm' and (text() = 'Services' or . = 'Services')]'.

2023-11-08 10:10:07 - [MESSAGE][INFO] - [SELF-HEALING] Failed Locator: '//div[@id='headerPanel']/ul/li[3]/a'.

2023-11-08 10:10:07 - [MESSAGE][INFO] - [SELF-HEALING] Failed Locator: '//a[contains(text(),'Services')]'.

2023-11-08 10:10:07 - [MESSAGE][INFO] - [SELF-HEALING] Failed Locator: '//a[contains(@href, 'services.htm')]'.

2023-11-08 10:10:07 - [MESSAGE][INFO] - [SELF-HEALING] Failed Locator: '//li[3]/a'.

2023-11-08 10:10:07 - [MESSAGE][INFO] - [SELF-HEALING] Failed Locator: '//a[@href = 'services.htm' and (text() = 'Services' or . = 'Services')]'.

2023-11-08 10:10:07 - [MESSAGE][INFO] - [SELF-HEALING] Failed Locator: '//div[@id='headerPanel']/ul/li[3]/a'.

2023-11-08 10:10:07 - [MESSAGE][INFO] - [SELF-HEALING] Failed Locator: '//a[contains(text(),'Services')]'.

2023-11-08 10:10:07 - [MESSAGE][INFO] - [SELF-HEALING] Failed Locator: '//a[contains(@href, 'services.htm')]'.

2023-11-08 10:10:07 - [MESSAGE][INFO] - [SELF-HEALING] Failed Locator: '//li[3]/a'.

2023-11-08 10:10:07 - [MESSAGE][INFO] - [SELF-HEALING] Failed Locator: '//a[@href = 'services.htm' and (text() = 'Services' or . = 'Services')]'.

2023-11-08 10:10:07 - [MESSAGE][INFO] - [SELF-HEALING] Failed Locator: '//div[@id='headerPanel']/ul/li[3]/a'.

2023-11-08 10:10:07 - [MESSAGE][INFO] - [SELF-HEALING] Failed Locator: '//a[contains(text(),'Services')]'.

2023-11-08 10:10:07 - [MESSAGE][INFO] - [SELF-HEALING] Failed Locator: '//a[contains(@href, 'services.htm')]'.

2023-11-08 10:10:07 - [MESSAGE][INFO] - [SELF-HEALING] Failed Locator: '//li[3]/a'.

2023-11-08 10:10:07 - [MESSAGE][INFO] - [SELF-HEALING] Failed Locator: '//a[@href = 'services.htm' and (text() = 'Services' or . = 'Services')]'.

2023-11-08 10:10:07 - [MESSAGE][INFO] - [SELF-HEALING] Failed Locator: '//div[@id='headerPanel']/ul/li[3]/a'.

2023-11-08 10:10:07 - [MESSAGE][INFO] - [SELF-HEALING] Failed Locator: '//a[contains(text(),'Services')]'.

2023-11-08 10:10:07 - [MESSAGE][INFO] - [SELF-HEALING] Failed Locator: '//a[contains(@href, 'services.htm')]'.

2023-11-08 10:10:07 - [MESSAGE][INFO] - [SELF-HEALING] Failed Locator: '//li[3]/a'.

2023-11-08 10:10:07 - [MESSAGE][INFO] - [SELF-HEALING] Failed Locator: '//a[@href = 'services.htm' and (text() = 'Services' or . = 'Services')]'.

2023-11-08 10:10:07 - [MESSAGE][INFO] - [SELF-HEALING] Failed Locator: '//div[@id='headerPanel']/ul/li[3]/a'.

2023-11-08 10:10:07 - [MESSAGE][INFO] - [SELF-HEALING] Failed Locator: '//a[contains(text(),'Services')]'.

2023-11-08 10:10:07 - [MESSAGE][INFO] - [SELF-HEALING] Failed Locator: '//a[contains(@href, 'services.htm')]'.

2023-11-08 10:10:07 - [MESSAGE][INFO] - [SELF-HEALING] Failed Locator: '//li[3]/a'.

2023-11-08 10:10:07 - [MESSAGE][INFO] - [SELF-HEALING] Failed Locator: '//a[@href = 'services.htm' and (text() = 'Services' or . = 'Services')]'.

2023-11-08 10:10:07 - [MESSAGE][INFO] - [SELF-HEALING] Failed Locator: '//div[@id='headerPanel']/ul/li[3]/a'.

2023-11-08 10:10:07 - [MESSAGE][INFO] - [SELF-HEALING] Failed Locator: '//a[contains(text(),'Services')]'.

2023-11-08 10:10:07 - [MESSAGE][INFO] - [SELF-HEALING] Failed Locator: '//a[contains(@href, 'services.htm')]'.

2023-11-08 10:10:07 - [MESSAGE][INFO] - [SELF-HEALING] Failed Locator: '//li[3]/a'.

2023-11-08 10:10:07 - [MESSAGE][INFO] - [SELF-HEALING] Failed Locator: '//a[@href = 'services.htm' and (text() = 'Services' or . = 'Services')]'.

2023-11-08 10:10:07 - [MESSAGE][INFO] - [SELF-HEALING] Failed Locator: '//div[@id='headerPanel']/ul/li[3]/a'.

2023-11-08 10:10:07 - [MESSAGE][INFO] - [SELF-HEALING] Failed Locator: '//a[contains(text(),'Services')]'.

2023-11-08 10:10:07 - [MESSAGE][INFO] - [SELF-HEALING] Failed Locator: '//a[contains(@href, 'services.htm')]'.

2023-11-08 10:10:07 - [MESSAGE][INFO] - [SELF-HEALING] Failed Locator: '//li[3]/a'.

2023-11-08 10:10:07 - [MESSAGE][INFO] - [SELF-HEALING] Failed Locator: '//a[@href = 'services.htm' and (text() = 'Services' or . = 'Services')]'.

2023-11-08 10:10:08 - [MESSAGE][INFO] - Unable to find the element located by 'By.xpath: //*[@href = 'services.htm' and (text() = 'Services' or . = 'Services')]'. Please recheck the objects properties to make sure the desired element is located. 

2023-11-08 10:10:09 - [MESSAGE][INFO] - Unable to find the element located by 'By.cssSelector: li:nth-of-type(3) > a'. Please recheck the objects properties to make sure the desired element is located. 

2023-11-08 10:10:10 - [MESSAGE][FAILED] - Unable to click on object 'Object Repository/Page_ParaBank  Welcome  Online Banking/lnkServices' (Root cause: com.kms.katalon.core.exception.StepFailedException: Unable to click on object 'Object Repository/Page_ParaBank  Welcome  Online Banking/lnkServices'
	at com.kms.katalon.core.webui.keyword.internal.WebUIKeywordMain.stepFailed(WebUIKeywordMain.groovy:64)
	at com.kms.katalon.core.webui.keyword.internal.WebUIKeywordMain.runKeyword(WebUIKeywordMain.groovy:26)
	at com.kms.katalon.core.webui.keyword.builtin.ClickKeyword.click(ClickKeyword.groovy:74)
	at com.kms.katalon.core.webui.keyword.builtin.ClickKeyword.execute(ClickKeyword.groovy:40)
	at com.kms.katalon.core.keyword.internal.KeywordExecutor.executeKeywordForPlatform(KeywordExecutor.groovy:74)
	at com.kms.katalon.core.webui.keyword.WebUiBuiltInKeywords.click(WebUiBuiltInKeywords.groovy:620)
	at MTC008 - Verify Services link.run(MTC008 - Verify Services link:22)
	at com.kms.katalon.core.main.ScriptEngine.run(ScriptEngine.java:194)
	at com.kms.katalon.core.main.ScriptEngine.runScriptAsRawText(ScriptEngine.java:119)
	at com.kms.katalon.core.main.TestCaseExecutor.runScript(TestCaseExecutor.java:448)
	at com.kms.katalon.core.main.TestCaseExecutor.doExecute(TestCaseExecutor.java:439)
	at com.kms.katalon.core.main.TestCaseExecutor.processExecutionPhase(TestCaseExecutor.java:418)
	at com.kms.katalon.core.main.TestCaseExecutor.accessMainPhase(TestCaseExecutor.java:410)
	at com.kms.katalon.core.main.TestCaseExecutor.execute(TestCaseExecutor.java:285)
	at com.kms.katalon.core.common.CommonExecutor.accessTestCaseMainPhase(CommonExecutor.java:65)
	at com.kms.katalon.core.main.TestSuiteExecutor.accessTestSuiteMainPhase(TestSuiteExecutor.java:148)
	at com.kms.katalon.core.main.TestSuiteExecutor.execute(TestSuiteExecutor.java:106)
	at com.kms.katalon.core.main.TestCaseMain.startTestSuite(TestCaseMain.java:187)
	at TempTestSuite1699456150598.run(TempTestSuite1699456150598.groovy:36)
	at java.base/jdk.internal.reflect.NativeMethodAccessorImpl.invoke0(Native Method)
	at java.base/jdk.internal.reflect.NativeMethodAccessorImpl.invoke(NativeMethodAccessorImpl.java:77)
	at java.base/jdk.internal.reflect.DelegatingMethodAccessorImpl.invoke(DelegatingMethodAccessorImpl.java:43)
Caused by: com.kms.katalon.core.webui.exception.WebElementNotFoundException: Web element with id: 'Object Repository/Page_ParaBank  Welcome  Online Banking/lnkServices' located by '//div[@id='headerPanel']/ul/li[3]/a' not found
	at com.kms.katalon.core.webui.common.WebUiCommonHelper.findWebElement(WebUiCommonHelper.java:1379)
	at com.kms.katalon.core.webui.keyword.internal.WebUIAbstractKeyword.findWebElement(WebUIAbstractKeyword.groovy:27)
	at com.kms.katalon.core.webui.keyword.builtin.ClickKeyword$_click_closure1.doCall(ClickKeyword.groovy:65)
	at com.kms.katalon.core.webui.keyword.builtin.ClickKeyword$_click_closure1.call(ClickKeyword.groovy)
	at com.kms.katalon.core.webui.keyword.internal.WebUIKeywordMain.runKeyword(WebUIKeywordMain.groovy:20)
	at com.kms.katalon.core.webui.keyword.builtin.ClickKeyword.click(ClickKeyword.groovy:74)
	at com.kms.katalon.core.webui.keyword.builtin.ClickKeyword.execute(ClickKeyword.groovy:40)
	at com.kms.katalon.core.keyword.internal.KeywordExecutor.executeKeywordForPlatform(KeywordExecutor.groovy:74)
	at com.kms.katalon.core.webui.keyword.WebUiBuiltInKeywords.click(WebUiBuiltInKeywords.groovy:620)
	at Script1698969740857.run(Script1698969740857.groovy:22)
	... 15 more
)
[[ATTACHMENT|C:\\Users\\GKOKABAYEVA\\Katalon Studio\\Parabank\\Reports\\20231108_100910\\Smoke Test Suites\\STS003 - Main page links verification\\20231108_100910\\1699456209961.png]]

2023-11-08 10:10:10 - [TEST_STEP][FAILED] - navigateToUrl(SERVICES_URL): Unable to navigate to 'null' (Root cause: com.kms.katalon.core.exception.StepFailedException: Unable to navigate to 'null'
	at com.kms.katalon.core.webui.keyword.internal.WebUIKeywordMain.stepFailed(WebUIKeywordMain.groovy:64)
	at com.kms.katalon.core.webui.keyword.internal.WebUIKeywordMain.runKeyword(WebUIKeywordMain.groovy:26)
	at com.kms.katalon.core.webui.keyword.builtin.NavigateToUrlKeyword.navigateToUrl(NavigateToUrlKeyword.groovy:83)
	at com.kms.katalon.core.webui.keyword.builtin.NavigateToUrlKeyword.execute(NavigateToUrlKeyword.groovy:67)
	at com.kms.katalon.core.keyword.internal.KeywordExecutor.executeKeywordForPlatform(KeywordExecutor.groovy:74)
	at com.kms.katalon.core.webui.keyword.WebUiBuiltInKeywords.navigateToUrl(WebUiBuiltInKeywords.groovy:187)
	at MTC008 - Verify Services link.run(MTC008 - Verify Services link:24)
	at com.kms.katalon.core.main.ScriptEngine.run(ScriptEngine.java:194)
	at com.kms.katalon.core.main.ScriptEngine.runScriptAsRawText(ScriptEngine.java:119)
	at com.kms.katalon.core.main.TestCaseExecutor.runScript(TestCaseExecutor.java:448)
	at com.kms.katalon.core.main.TestCaseExecutor.doExecute(TestCaseExecutor.java:439)
	at com.kms.katalon.core.main.TestCaseExecutor.processExecutionPhase(TestCaseExecutor.java:418)
	at com.kms.katalon.core.main.TestCaseExecutor.accessMainPhase(TestCaseExecutor.java:410)
	at com.kms.katalon.core.main.TestCaseExecutor.execute(TestCaseExecutor.java:285)
	at com.kms.katalon.core.common.CommonExecutor.accessTestCaseMainPhase(CommonExecutor.java:65)
	at com.kms.katalon.core.main.TestSuiteExecutor.accessTestSuiteMainPhase(TestSuiteExecutor.java:148)
	at com.kms.katalon.core.main.TestSuiteExecutor.execute(TestSuiteExecutor.java:106)
	at com.kms.katalon.core.main.TestCaseMain.startTestSuite(TestCaseMain.java:187)
	at TempTestSuite1699456150598.run(TempTestSuite1699456150598.groovy:36)
	at java.base/jdk.internal.reflect.NativeMethodAccessorImpl.invoke0(Native Method)
	at java.base/jdk.internal.reflect.NativeMethodAccessorImpl.invoke(NativeMethodAccessorImpl.java:77)
	at java.base/jdk.internal.reflect.DelegatingMethodAccessorImpl.invoke(DelegatingMethodAccessorImpl.java:43)
Caused by: java.lang.IllegalArgumentException: Url cannot be null or empty
	at com.kms.katalon.core.webui.keyword.builtin.NavigateToUrlKeyword$_navigateToUrl_closure1.doCall(NavigateToUrlKeyword.groovy:75)
	at com.kms.katalon.core.webui.keyword.builtin.NavigateToUrlKeyword$_navigateToUrl_closure1.call(NavigateToUrlKeyword.groovy)
	at com.kms.katalon.core.webui.keyword.internal.WebUIKeywordMain.runKeyword(WebUIKeywordMain.groovy:20)
	at com.kms.katalon.core.webui.keyword.builtin.NavigateToUrlKeyword.navigateToUrl(NavigateToUrlKeyword.groovy:83)
	at com.kms.katalon.core.webui.keyword.builtin.NavigateToUrlKeyword.execute(NavigateToUrlKeyword.groovy:67)
	at com.kms.katalon.core.keyword.internal.KeywordExecutor.executeKeywordForPlatform(KeywordExecutor.groovy:74)
	at com.kms.katalon.core.webui.keyword.WebUiBuiltInKeywords.navigateToUrl(WebUiBuiltInKeywords.groovy:187)
	at Script1698969740857.run(Script1698969740857.groovy:24)
	... 15 more
)

2023-11-08 10:10:10 - [MESSAGE][FAILED] - Unable to navigate to 'null' (Root cause: com.kms.katalon.core.exception.StepFailedException: Unable to navigate to 'null'
	at com.kms.katalon.core.webui.keyword.internal.WebUIKeywordMain.stepFailed(WebUIKeywordMain.groovy:64)
	at com.kms.katalon.core.webui.keyword.internal.WebUIKeywordMain.runKeyword(WebUIKeywordMain.groovy:26)
	at com.kms.katalon.core.webui.keyword.builtin.NavigateToUrlKeyword.navigateToUrl(NavigateToUrlKeyword.groovy:83)
	at com.kms.katalon.core.webui.keyword.builtin.NavigateToUrlKeyword.execute(NavigateToUrlKeyword.groovy:67)
	at com.kms.katalon.core.keyword.internal.KeywordExecutor.executeKeywordForPlatform(KeywordExecutor.groovy:74)
	at com.kms.katalon.core.webui.keyword.WebUiBuiltInKeywords.navigateToUrl(WebUiBuiltInKeywords.groovy:187)
	at MTC008 - Verify Services link.run(MTC008 - Verify Services link:24)
	at com.kms.katalon.core.main.ScriptEngine.run(ScriptEngine.java:194)
	at com.kms.katalon.core.main.ScriptEngine.runScriptAsRawText(ScriptEngine.java:119)
	at com.kms.katalon.core.main.TestCaseExecutor.runScript(TestCaseExecutor.java:448)
	at com.kms.katalon.core.main.TestCaseExecutor.doExecute(TestCaseExecutor.java:439)
	at com.kms.katalon.core.main.TestCaseExecutor.processExecutionPhase(TestCaseExecutor.java:418)
	at com.kms.katalon.core.main.TestCaseExecutor.accessMainPhase(TestCaseExecutor.java:410)
	at com.kms.katalon.core.main.TestCaseExecutor.execute(TestCaseExecutor.java:285)
	at com.kms.katalon.core.common.CommonExecutor.accessTestCaseMainPhase(CommonExecutor.java:65)
	at com.kms.katalon.core.main.TestSuiteExecutor.accessTestSuiteMainPhase(TestSuiteExecutor.java:148)
	at com.kms.katalon.core.main.TestSuiteExecutor.execute(TestSuiteExecutor.java:106)
	at com.kms.katalon.core.main.TestCaseMain.startTestSuite(TestCaseMain.java:187)
	at TempTestSuite1699456150598.run(TempTestSuite1699456150598.groovy:36)
	at java.base/jdk.internal.reflect.NativeMethodAccessorImpl.invoke0(Native Method)
	at java.base/jdk.internal.reflect.NativeMethodAccessorImpl.invoke(NativeMethodAccessorImpl.java:77)
	at java.base/jdk.internal.reflect.DelegatingMethodAccessorImpl.invoke(DelegatingMethodAccessorImpl.java:43)
Caused by: java.lang.IllegalArgumentException: Url cannot be null or empty
	at com.kms.katalon.core.webui.keyword.builtin.NavigateToUrlKeyword$_navigateToUrl_closure1.doCall(NavigateToUrlKeyword.groovy:75)
	at com.kms.katalon.core.webui.keyword.builtin.NavigateToUrlKeyword$_navigateToUrl_closure1.call(NavigateToUrlKeyword.groovy)
	at com.kms.katalon.core.webui.keyword.internal.WebUIKeywordMain.runKeyword(WebUIKeywordMain.groovy:20)
	at com.kms.katalon.core.webui.keyword.builtin.NavigateToUrlKeyword.navigateToUrl(NavigateToUrlKeyword.groovy:83)
	at com.kms.katalon.core.webui.keyword.builtin.NavigateToUrlKeyword.execute(NavigateToUrlKeyword.groovy:67)
	at com.kms.katalon.core.keyword.internal.KeywordExecutor.executeKeywordForPlatform(KeywordExecutor.groovy:74)
	at com.kms.katalon.core.webui.keyword.WebUiBuiltInKeywords.navigateToUrl(WebUiBuiltInKeywords.groovy:187)
	at Script1698969740857.run(Script1698969740857.groovy:24)
	... 15 more
)
[[ATTACHMENT|C:\\Users\\GKOKABAYEVA\\Katalon Studio\\Parabank\\Reports\\20231108_100910\\Smoke Test Suites\\STS003 - Main page links verification\\20231108_100910\\1699456210044.png]]

2023-11-08 10:10:10 - [TEST_STEP][FAILED] - verifyElementText(findTestObject("Object Repository/Page_ParaBank  Services/lblAvailableBookstoreSOAPServices"), expectedBookstoreMessage): com.kms.katalon.core.webui.exception.WebElementNotFoundException: Web element with id: 'Object Repository/Page_ParaBank  Services/lblAvailableBookstoreSOAPServices' located by '//div[@id='rightPanel']/span' not found (Root cause: com.kms.katalon.core.exception.StepFailedException: com.kms.katalon.core.webui.exception.WebElementNotFoundException: Web element with id: 'Object Repository/Page_ParaBank  Services/lblAvailableBookstoreSOAPServices' located by '//div[@id='rightPanel']/span' not found
	at com.kms.katalon.core.webui.keyword.internal.WebUIKeywordMain.stepFailed(WebUIKeywordMain.groovy:64)
	at com.kms.katalon.core.webui.keyword.builtin.VerifyElementTextKeyword$_verifyElementText_closure1.doCall(VerifyElementTextKeyword.groovy:64)
	at com.kms.katalon.core.webui.keyword.builtin.VerifyElementTextKeyword$_verifyElementText_closure1.call(VerifyElementTextKeyword.groovy)
	at com.kms.katalon.core.webui.keyword.internal.WebUIKeywordMain.runKeyword(WebUIKeywordMain.groovy:20)
	at com.kms.katalon.core.webui.keyword.builtin.VerifyElementTextKeyword.verifyElementText(VerifyElementTextKeyword.groovy:72)
	at com.kms.katalon.core.webui.keyword.builtin.VerifyElementTextKeyword.execute(VerifyElementTextKeyword.groovy:40)
	at com.kms.katalon.core.keyword.internal.KeywordExecutor.executeKeywordForPlatform(KeywordExecutor.groovy:74)
	at com.kms.katalon.core.webui.keyword.WebUiBuiltInKeywords.verifyElementText(WebUiBuiltInKeywords.groovy:4796)
	at MTC008 - Verify Services link.run(MTC008 - Verify Services link:26)
	at com.kms.katalon.core.main.ScriptEngine.run(ScriptEngine.java:194)
	at com.kms.katalon.core.main.ScriptEngine.runScriptAsRawText(ScriptEngine.java:119)
	at com.kms.katalon.core.main.TestCaseExecutor.runScript(TestCaseExecutor.java:448)
	at com.kms.katalon.core.main.TestCaseExecutor.doExecute(TestCaseExecutor.java:439)
	at com.kms.katalon.core.main.TestCaseExecutor.processExecutionPhase(TestCaseExecutor.java:418)
	at com.kms.katalon.core.main.TestCaseExecutor.accessMainPhase(TestCaseExecutor.java:410)
	at com.kms.katalon.core.main.TestCaseExecutor.execute(TestCaseExecutor.java:285)
	at com.kms.katalon.core.common.CommonExecutor.accessTestCaseMainPhase(CommonExecutor.java:65)
	at com.kms.katalon.core.main.TestSuiteExecutor.accessTestSuiteMainPhase(TestSuiteExecutor.java:148)
	at com.kms.katalon.core.main.TestSuiteExecutor.execute(TestSuiteExecutor.java:106)
	at com.kms.katalon.core.main.TestCaseMain.startTestSuite(TestCaseMain.java:187)
	at TempTestSuite1699456150598.run(TempTestSuite1699456150598.groovy:36)
	at java.base/jdk.internal.reflect.NativeMethodAccessorImpl.invoke0(Native Method)
	at java.base/jdk.internal.reflect.NativeMethodAccessorImpl.invoke(NativeMethodAccessorImpl.java:77)
	at java.base/jdk.internal.reflect.DelegatingMethodAccessorImpl.invoke(DelegatingMethodAccessorImpl.java:43)
)

2023-11-08 10:10:41 - [MESSAGE][INFO] - Unable to find the element located by 'By.xpath: //div[@id='rightPanel']/span'. Please recheck the objects properties to make sure the desired element is located. 

2023-11-08 10:10:41 - [MESSAGE][WARNING] - [SELF-HEALING] Failed to find element with id 'Object Repository/Page_ParaBank  Services/lblAvailableBookstoreSOAPServices'. Try using Self-healing.

2023-11-08 10:10:41 - [MESSAGE][INFO] - [SELF-HEALING] Failed Locator: '//div[@id='rightPanel']/span'.

2023-11-08 10:10:41 - [MESSAGE][INFO] - [SELF-HEALING] Failed Locator: '//span'.

2023-11-08 10:10:41 - [MESSAGE][INFO] - [SELF-HEALING] Failed Locator: '//span[(text() = 'Available Bookstore SOAP services:' or . = 'Available Bookstore SOAP services:')]'.

2023-11-08 10:10:41 - [MESSAGE][INFO] - [SELF-HEALING] Failed Locator: '//div[@id='rightPanel']/span'.

2023-11-08 10:10:41 - [MESSAGE][INFO] - [SELF-HEALING] Failed Locator: '//span'.

2023-11-08 10:10:41 - [MESSAGE][INFO] - [SELF-HEALING] Failed Locator: '//span[(text() = 'Available Bookstore SOAP services:' or . = 'Available Bookstore SOAP services:')]'.

2023-11-08 10:10:41 - [MESSAGE][INFO] - [SELF-HEALING] Failed Locator: '//div[@id='rightPanel']/span'.

2023-11-08 10:10:41 - [MESSAGE][INFO] - [SELF-HEALING] Failed Locator: '//span'.

2023-11-08 10:10:41 - [MESSAGE][INFO] - [SELF-HEALING] Failed Locator: '//span[(text() = 'Available Bookstore SOAP services:' or . = 'Available Bookstore SOAP services:')]'.

2023-11-08 10:10:41 - [MESSAGE][INFO] - [SELF-HEALING] Failed Locator: '//div[@id='rightPanel']/span'.

2023-11-08 10:10:41 - [MESSAGE][INFO] - [SELF-HEALING] Failed Locator: '//span'.

2023-11-08 10:10:41 - [MESSAGE][INFO] - [SELF-HEALING] Failed Locator: '//span[(text() = 'Available Bookstore SOAP services:' or . = 'Available Bookstore SOAP services:')]'.

2023-11-08 10:10:41 - [MESSAGE][INFO] - [SELF-HEALING] Failed Locator: '//div[@id='rightPanel']/span'.

2023-11-08 10:10:41 - [MESSAGE][INFO] - [SELF-HEALING] Failed Locator: '//span'.

2023-11-08 10:10:41 - [MESSAGE][INFO] - [SELF-HEALING] Failed Locator: '//span[(text() = 'Available Bookstore SOAP services:' or . = 'Available Bookstore SOAP services:')]'.

2023-11-08 10:10:41 - [MESSAGE][INFO] - [SELF-HEALING] Failed Locator: '//div[@id='rightPanel']/span'.

2023-11-08 10:10:41 - [MESSAGE][INFO] - [SELF-HEALING] Failed Locator: '//span'.

2023-11-08 10:10:41 - [MESSAGE][INFO] - [SELF-HEALING] Failed Locator: '//span[(text() = 'Available Bookstore SOAP services:' or . = 'Available Bookstore SOAP services:')]'.

2023-11-08 10:10:41 - [MESSAGE][INFO] - [SELF-HEALING] Failed Locator: '//div[@id='rightPanel']/span'.

2023-11-08 10:10:41 - [MESSAGE][INFO] - [SELF-HEALING] Failed Locator: '//span'.

2023-11-08 10:10:41 - [MESSAGE][INFO] - [SELF-HEALING] Failed Locator: '//span[(text() = 'Available Bookstore SOAP services:' or . = 'Available Bookstore SOAP services:')]'.

2023-11-08 10:10:41 - [MESSAGE][INFO] - [SELF-HEALING] Failed Locator: '//div[@id='rightPanel']/span'.

2023-11-08 10:10:41 - [MESSAGE][INFO] - [SELF-HEALING] Failed Locator: '//span'.

2023-11-08 10:10:41 - [MESSAGE][INFO] - [SELF-HEALING] Failed Locator: '//span[(text() = 'Available Bookstore SOAP services:' or . = 'Available Bookstore SOAP services:')]'.

2023-11-08 10:10:41 - [MESSAGE][INFO] - [SELF-HEALING] Failed Locator: '//div[@id='rightPanel']/span'.

2023-11-08 10:10:41 - [MESSAGE][INFO] - [SELF-HEALING] Failed Locator: '//span'.

2023-11-08 10:10:41 - [MESSAGE][INFO] - [SELF-HEALING] Failed Locator: '//span[(text() = 'Available Bookstore SOAP services:' or . = 'Available Bookstore SOAP services:')]'.

2023-11-08 10:10:41 - [MESSAGE][INFO] - [SELF-HEALING] Failed Locator: '//div[@id='rightPanel']/span'.

2023-11-08 10:10:41 - [MESSAGE][INFO] - [SELF-HEALING] Failed Locator: '//span'.

2023-11-08 10:10:41 - [MESSAGE][INFO] - [SELF-HEALING] Failed Locator: '//span[(text() = 'Available Bookstore SOAP services:' or . = 'Available Bookstore SOAP services:')]'.

2023-11-08 10:10:41 - [MESSAGE][INFO] - [SELF-HEALING] Failed Locator: '//div[@id='rightPanel']/span'.

2023-11-08 10:10:41 - [MESSAGE][INFO] - [SELF-HEALING] Failed Locator: '//span'.

2023-11-08 10:10:41 - [MESSAGE][INFO] - [SELF-HEALING] Failed Locator: '//span[(text() = 'Available Bookstore SOAP services:' or . = 'Available Bookstore SOAP services:')]'.

2023-11-08 10:10:41 - [MESSAGE][INFO] - [SELF-HEALING] Failed Locator: '//div[@id='rightPanel']/span'.

2023-11-08 10:10:41 - [MESSAGE][INFO] - [SELF-HEALING] Failed Locator: '//span'.

2023-11-08 10:10:41 - [MESSAGE][INFO] - [SELF-HEALING] Failed Locator: '//span[(text() = 'Available Bookstore SOAP services:' or . = 'Available Bookstore SOAP services:')]'.

2023-11-08 10:10:41 - [MESSAGE][INFO] - [SELF-HEALING] Failed Locator: '//div[@id='rightPanel']/span'.

2023-11-08 10:10:41 - [MESSAGE][INFO] - [SELF-HEALING] Failed Locator: '//span'.

2023-11-08 10:10:41 - [MESSAGE][INFO] - [SELF-HEALING] Failed Locator: '//span[(text() = 'Available Bookstore SOAP services:' or . = 'Available Bookstore SOAP services:')]'.

2023-11-08 10:10:41 - [MESSAGE][INFO] - [SELF-HEALING] Failed Locator: '//div[@id='rightPanel']/span'.

2023-11-08 10:10:41 - [MESSAGE][INFO] - [SELF-HEALING] Failed Locator: '//span'.

2023-11-08 10:10:41 - [MESSAGE][INFO] - [SELF-HEALING] Failed Locator: '//span[(text() = 'Available Bookstore SOAP services:' or . = 'Available Bookstore SOAP services:')]'.

2023-11-08 10:10:41 - [MESSAGE][INFO] - [SELF-HEALING] Failed Locator: '//div[@id='rightPanel']/span'.

2023-11-08 10:10:42 - [MESSAGE][INFO] - [SELF-HEALING] Failed Locator: '//span'.

2023-11-08 10:10:42 - [MESSAGE][INFO] - [SELF-HEALING] Failed Locator: '//span[(text() = 'Available Bookstore SOAP services:' or . = 'Available Bookstore SOAP services:')]'.

2023-11-08 10:10:42 - [MESSAGE][INFO] - [SELF-HEALING] Failed Locator: '//div[@id='rightPanel']/span'.

2023-11-08 10:10:42 - [MESSAGE][INFO] - [SELF-HEALING] Failed Locator: '//span'.

2023-11-08 10:10:42 - [MESSAGE][INFO] - [SELF-HEALING] Failed Locator: '//span[(text() = 'Available Bookstore SOAP services:' or . = 'Available Bookstore SOAP services:')]'.

2023-11-08 10:10:42 - [MESSAGE][INFO] - [SELF-HEALING] Failed Locator: '//div[@id='rightPanel']/span'.

2023-11-08 10:10:42 - [MESSAGE][INFO] - [SELF-HEALING] Failed Locator: '//span'.

2023-11-08 10:10:42 - [MESSAGE][INFO] - [SELF-HEALING] Failed Locator: '//span[(text() = 'Available Bookstore SOAP services:' or . = 'Available Bookstore SOAP services:')]'.

2023-11-08 10:10:42 - [MESSAGE][INFO] - [SELF-HEALING] Failed Locator: '//div[@id='rightPanel']/span'.

2023-11-08 10:10:42 - [MESSAGE][INFO] - [SELF-HEALING] Failed Locator: '//span'.

2023-11-08 10:10:42 - [MESSAGE][INFO] - [SELF-HEALING] Failed Locator: '//span[(text() = 'Available Bookstore SOAP services:' or . = 'Available Bookstore SOAP services:')]'.

2023-11-08 10:10:43 - [MESSAGE][INFO] - Unable to find the element located by 'By.xpath: //*[(text() = 'Available Bookstore SOAP services:' or . = 'Available Bookstore SOAP services:')]'. Please recheck the objects properties to make sure the desired element is located. 

2023-11-08 10:10:44 - [MESSAGE][INFO] - Unable to find the element located by 'By.cssSelector: span.heading'. Please recheck the objects properties to make sure the desired element is located. 

2023-11-08 10:10:44 - [MESSAGE][FAILED] - com.kms.katalon.core.webui.exception.WebElementNotFoundException: Web element with id: 'Object Repository/Page_ParaBank  Services/lblAvailableBookstoreSOAPServices' located by '//div[@id='rightPanel']/span' not found (Root cause: com.kms.katalon.core.exception.StepFailedException: com.kms.katalon.core.webui.exception.WebElementNotFoundException: Web element with id: 'Object Repository/Page_ParaBank  Services/lblAvailableBookstoreSOAPServices' located by '//div[@id='rightPanel']/span' not found
	at com.kms.katalon.core.webui.keyword.internal.WebUIKeywordMain.stepFailed(WebUIKeywordMain.groovy:64)
	at com.kms.katalon.core.webui.keyword.builtin.VerifyElementTextKeyword$_verifyElementText_closure1.doCall(VerifyElementTextKeyword.groovy:64)
	at com.kms.katalon.core.webui.keyword.builtin.VerifyElementTextKeyword$_verifyElementText_closure1.call(VerifyElementTextKeyword.groovy)
	at com.kms.katalon.core.webui.keyword.internal.WebUIKeywordMain.runKeyword(WebUIKeywordMain.groovy:20)
	at com.kms.katalon.core.webui.keyword.builtin.VerifyElementTextKeyword.verifyElementText(VerifyElementTextKeyword.groovy:72)
	at com.kms.katalon.core.webui.keyword.builtin.VerifyElementTextKeyword.execute(VerifyElementTextKeyword.groovy:40)
	at com.kms.katalon.core.keyword.internal.KeywordExecutor.executeKeywordForPlatform(KeywordExecutor.groovy:74)
	at com.kms.katalon.core.webui.keyword.WebUiBuiltInKeywords.verifyElementText(WebUiBuiltInKeywords.groovy:4796)
	at MTC008 - Verify Services link.run(MTC008 - Verify Services link:26)
	at com.kms.katalon.core.main.ScriptEngine.run(ScriptEngine.java:194)
	at com.kms.katalon.core.main.ScriptEngine.runScriptAsRawText(ScriptEngine.java:119)
	at com.kms.katalon.core.main.TestCaseExecutor.runScript(TestCaseExecutor.java:448)
	at com.kms.katalon.core.main.TestCaseExecutor.doExecute(TestCaseExecutor.java:439)
	at com.kms.katalon.core.main.TestCaseExecutor.processExecutionPhase(TestCaseExecutor.java:418)
	at com.kms.katalon.core.main.TestCaseExecutor.accessMainPhase(TestCaseExecutor.java:410)
	at com.kms.katalon.core.main.TestCaseExecutor.execute(TestCaseExecutor.java:285)
	at com.kms.katalon.core.common.CommonExecutor.accessTestCaseMainPhase(CommonExecutor.java:65)
	at com.kms.katalon.core.main.TestSuiteExecutor.accessTestSuiteMainPhase(TestSuiteExecutor.java:148)
	at com.kms.katalon.core.main.TestSuiteExecutor.execute(TestSuiteExecutor.java:106)
	at com.kms.katalon.core.main.TestCaseMain.startTestSuite(TestCaseMain.java:187)
	at TempTestSuite1699456150598.run(TempTestSuite1699456150598.groovy:36)
	at java.base/jdk.internal.reflect.NativeMethodAccessorImpl.invoke0(Native Method)
	at java.base/jdk.internal.reflect.NativeMethodAccessorImpl.invoke(NativeMethodAccessorImpl.java:77)
	at java.base/jdk.internal.reflect.DelegatingMethodAccessorImpl.invoke(DelegatingMethodAccessorImpl.java:43)
)
[[ATTACHMENT|C:\\Users\\GKOKABAYEVA\\Katalon Studio\\Parabank\\Reports\\20231108_100910\\Smoke Test Suites\\STS003 - Main page links verification\\20231108_100910\\1699456244209.png]]

2023-11-08 10:10:44 - [TEST_STEP][PASSED] - closeBrowser(): Browser is closed

2023-11-08 10:10:44 - [MESSAGE][PASSED] - Browser is closed]]></system-out>
         <system-err><![CDATA[2023-11-08 10:09:33 - [TEST_CASE][FAILED] - Test Cases/Main Test Cases/MTC008 - Verify Services link: Test Cases/Main Test Cases/MTC008 - Verify Services link FAILED.
Reason:
com.kms.katalon.core.exception.StepFailedException: Unable to click on object 'Object Repository/Page_ParaBank  Welcome  Online Banking/lnkServices' (Root cause: com.kms.katalon.core.exception.StepFailedException: Unable to click on object 'Object Repository/Page_ParaBank  Welcome  Online Banking/lnkServices'
	at com.kms.katalon.core.webui.keyword.internal.WebUIKeywordMain.stepFailed(WebUIKeywordMain.groovy:64)
	at com.kms.katalon.core.webui.keyword.internal.WebUIKeywordMain.runKeyword(WebUIKeywordMain.groovy:26)
	at com.kms.katalon.core.webui.keyword.builtin.ClickKeyword.click(ClickKeyword.groovy:74)
	at com.kms.katalon.core.webui.keyword.builtin.ClickKeyword.execute(ClickKeyword.groovy:40)
	at com.kms.katalon.core.keyword.internal.KeywordExecutor.executeKeywordForPlatform(KeywordExecutor.groovy:74)
	at com.kms.katalon.core.webui.keyword.WebUiBuiltInKeywords.click(WebUiBuiltInKeywords.groovy:620)
	at MTC008 - Verify Services link.run(MTC008 - Verify Services link:22)
	at com.kms.katalon.core.main.ScriptEngine.run(ScriptEngine.java:194)
	at com.kms.katalon.core.main.ScriptEngine.runScriptAsRawText(ScriptEngine.java:119)
	at com.kms.katalon.core.main.TestCaseExecutor.runScript(TestCaseExecutor.java:448)
	at com.kms.katalon.core.main.TestCaseExecutor.doExecute(TestCaseExecutor.java:439)
	at com.kms.katalon.core.main.TestCaseExecutor.processExecutionPhase(TestCaseExecutor.java:418)
	at com.kms.katalon.core.main.TestCaseExecutor.accessMainPhase(TestCaseExecutor.java:410)
	at com.kms.katalon.core.main.TestCaseExecutor.execute(TestCaseExecutor.java:285)
	at com.kms.katalon.core.common.CommonExecutor.accessTestCaseMainPhase(CommonExecutor.java:65)
	at com.kms.katalon.core.main.TestSuiteExecutor.accessTestSuiteMainPhase(TestSuiteExecutor.java:148)
	at com.kms.katalon.core.main.TestSuiteExecutor.execute(TestSuiteExecutor.java:106)
	at com.kms.katalon.core.main.TestCaseMain.startTestSuite(TestCaseMain.java:187)
	at TempTestSuite1699456150598.run(TempTestSuite1699456150598.groovy:36)
	at java.base/jdk.internal.reflect.NativeMethodAccessorImpl.invoke0(Native Method)
	at java.base/jdk.internal.reflect.NativeMethodAccessorImpl.invoke(NativeMethodAccessorImpl.java:77)
	at java.base/jdk.internal.reflect.DelegatingMethodAccessorImpl.invoke(DelegatingMethodAccessorImpl.java:43)
Caused by: com.kms.katalon.core.webui.exception.WebElementNotFoundException: Web element with id: 'Object Repository/Page_ParaBank  Welcome  Online Banking/lnkServices' located by '//div[@id='headerPanel']/ul/li[3]/a' not found
	at com.kms.katalon.core.webui.common.WebUiCommonHelper.findWebElement(WebUiCommonHelper.java:1379)
	at com.kms.katalon.core.webui.keyword.internal.WebUIAbstractKeyword.findWebElement(WebUIAbstractKeyword.groovy:27)
	at com.kms.katalon.core.webui.keyword.builtin.ClickKeyword$_click_closure1.doCall(ClickKeyword.groovy:65)
	at com.kms.katalon.core.webui.keyword.builtin.ClickKeyword$_click_closure1.call(ClickKeyword.groovy)
	at com.kms.katalon.core.webui.keyword.internal.WebUIKeywordMain.runKeyword(WebUIKeywordMain.groovy:20)
	at com.kms.katalon.core.webui.keyword.builtin.ClickKeyword.click(ClickKeyword.groovy:74)
	at com.kms.katalon.core.webui.keyword.builtin.ClickKeyword.execute(ClickKeyword.groovy:40)
	at com.kms.katalon.core.keyword.internal.KeywordExecutor.executeKeywordForPlatform(KeywordExecutor.groovy:74)
	at com.kms.katalon.core.webui.keyword.WebUiBuiltInKeywords.click(WebUiBuiltInKeywords.groovy:620)
	at Script1698969740857.run(Script1698969740857.groovy:22)
	... 15 more
)
	at com.kms.katalon.core.keyword.internal.KeywordMain.stepFailed(KeywordMain.groovy:39)
	at com.kms.katalon.core.webui.keyword.internal.WebUIKeywordMain.stepFailed(WebUIKeywordMain.groovy:64)
	at com.kms.katalon.core.webui.keyword.internal.WebUIKeywordMain.runKeyword(WebUIKeywordMain.groovy:26)
	at com.kms.katalon.core.webui.keyword.builtin.ClickKeyword.click(ClickKeyword.groovy:74)
	at com.kms.katalon.core.webui.keyword.builtin.ClickKeyword.execute(ClickKeyword.groovy:40)
	at com.kms.katalon.core.keyword.internal.KeywordExecutor.executeKeywordForPlatform(KeywordExecutor.groovy:74)
	at com.kms.katalon.core.webui.keyword.WebUiBuiltInKeywords.click(WebUiBuiltInKeywords.groovy:620)
	at MTC008 - Verify Services link.run(MTC008 - Verify Services link:22)
	at com.kms.katalon.core.main.ScriptEngine.run(ScriptEngine.java:194)
	at com.kms.katalon.core.main.ScriptEngine.runScriptAsRawText(ScriptEngine.java:119)
	at com.kms.katalon.core.main.TestCaseExecutor.runScript(TestCaseExecutor.java:448)
	at com.kms.katalon.core.main.TestCaseExecutor.doExecute(TestCaseExecutor.java:439)
	at com.kms.katalon.core.main.TestCaseExecutor.processExecutionPhase(TestCaseExecutor.java:418)
	at com.kms.katalon.core.main.TestCaseExecutor.accessMainPhase(TestCaseExecutor.java:410)
	at com.kms.katalon.core.main.TestCaseExecutor.execute(TestCaseExecutor.java:285)
	at com.kms.katalon.core.common.CommonExecutor.accessTestCaseMainPhase(CommonExecutor.java:65)
	at com.kms.katalon.core.main.TestSuiteExecutor.accessTestSuiteMainPhase(TestSuiteExecutor.java:148)
	at com.kms.katalon.core.main.TestSuiteExecutor.execute(TestSuiteExecutor.java:106)
	at com.kms.katalon.core.main.TestCaseMain.startTestSuite(TestCaseMain.java:187)
	at TempTestSuite1699456150598.run(TempTestSuite1699456150598.groovy:36)
	at java.base/jdk.internal.reflect.NativeMethodAccessorImpl.invoke0(Native Method)
	at java.base/jdk.internal.reflect.NativeMethodAccessorImpl.invoke(NativeMethodAccessorImpl.java:77)
	at java.base/jdk.internal.reflect.DelegatingMethodAccessorImpl.invoke(DelegatingMethodAccessorImpl.java:43)
Caused by: com.kms.katalon.core.exception.StepFailedException: Unable to click on object 'Object Repository/Page_ParaBank  Welcome  Online Banking/lnkServices'
	... 22 more
Caused by: com.kms.katalon.core.webui.exception.WebElementNotFoundException: Web element with id: 'Object Repository/Page_ParaBank  Welcome  Online Banking/lnkServices' located by '//div[@id='headerPanel']/ul/li[3]/a' not found
	at com.kms.katalon.core.webui.common.WebUiCommonHelper.findWebElement(WebUiCommonHelper.java:1379)
	at com.kms.katalon.core.webui.keyword.internal.WebUIAbstractKeyword.findWebElement(WebUIAbstractKeyword.groovy:27)
	at com.kms.katalon.core.webui.keyword.builtin.ClickKeyword$_click_closure1.doCall(ClickKeyword.groovy:65)
	at com.kms.katalon.core.webui.keyword.builtin.ClickKeyword$_click_closure1.call(ClickKeyword.groovy)
	at com.kms.katalon.core.webui.keyword.internal.WebUIKeywordMain.runKeyword(WebUIKeywordMain.groovy:20)
	... 20 more]]></system-err>
      </testcase>
      <testcase name="Test Cases/Main Test Cases/MTC009 - Verify Products link" time="102.005" classname="Test Cases/Main Test Cases/MTC009 - Verify Products link" status="FAILED">
         <failure type="FAILED" message="Test Cases/Main Test Cases/MTC009 - Verify Products link FAILED.&#xa;Reason:&#xa;com.kms.katalon.core.exception.StepFailedException: Unable to click on object 'Object Repository/Page_ParaBank  Welcome  Online Banking/lnkProducts' (Root cause: com.kms.katalon.core.exception.StepFailedException: Unable to click on object 'Object Repository/Page_ParaBank  Welcome  Online Banking/lnkProducts'&#xa;	at com.kms.katalon.core.webui.keyword.internal.WebUIKeywordMain.stepFailed(WebUIKeywordMain.groovy:64)&#xa;	at com.kms.katalon.core.webui.keyword.internal.WebUIKeywordMain.runKeyword(WebUIKeywordMain.groovy:26)&#xa;	at com.kms.katalon.core.webui.keyword.builtin.ClickKeyword.click(ClickKeyword.groovy:74)&#xa;	at com.kms.katalon.core.webui.keyword.builtin.ClickKeyword.execute(ClickKeyword.groovy:40)&#xa;	at com.kms.katalon.core.keyword.internal.KeywordExecutor.executeKeywordForPlatform(KeywordExecutor.groovy:74)&#xa;	at com.kms.katalon.core.webui.keyword.WebUiBuiltInKeywords.click(WebUiBuiltInKeywords.groovy:620)&#xa;	at MTC009 - Verify Products link.run(MTC009 - Verify Products link:22)&#xa;	at com.kms.katalon.core.main.ScriptEngine.run(ScriptEngine.java:194)&#xa;	at com.kms.katalon.core.main.ScriptEngine.runScriptAsRawText(ScriptEngine.java:119)&#xa;	at com.kms.katalon.core.main.TestCaseExecutor.runScript(TestCaseExecutor.java:448)&#xa;	at com.kms.katalon.core.main.TestCaseExecutor.doExecute(TestCaseExecutor.java:439)&#xa;	at com.kms.katalon.core.main.TestCaseExecutor.processExecutionPhase(TestCaseExecutor.java:418)&#xa;	at com.kms.katalon.core.main.TestCaseExecutor.accessMainPhase(TestCaseExecutor.java:410)&#xa;	at com.kms.katalon.core.main.TestCaseExecutor.execute(TestCaseExecutor.java:285)&#xa;	at com.kms.katalon.core.common.CommonExecutor.accessTestCaseMainPhase(CommonExecutor.java:65)&#xa;	at com.kms.katalon.core.main.TestSuiteExecutor.accessTestSuiteMainPhase(TestSuiteExecutor.java:148)&#xa;	at com.kms.katalon.core.main.TestSuiteExecutor.execute(TestSuiteExecutor.java:106)&#xa;	at com.kms.katalon.core.main.TestCaseMain.startTestSuite(TestCaseMain.java:187)&#xa;	at TempTestSuite1699456150598.run(TempTestSuite1699456150598.groovy:36)&#xa;	at java.base/jdk.internal.reflect.NativeMethodAccessorImpl.invoke0(Native Method)&#xa;	at java.base/jdk.internal.reflect.NativeMethodAccessorImpl.invoke(NativeMethodAccessorImpl.java:77)&#xa;	at java.base/jdk.internal.reflect.DelegatingMethodAccessorImpl.invoke(DelegatingMethodAccessorImpl.java:43)&#xa;Caused by: com.kms.katalon.core.webui.exception.WebElementNotFoundException: Web element with id: 'Object Repository/Page_ParaBank  Welcome  Online Banking/lnkProducts' located by '//div[@id='headerPanel']/ul/li[4]/a' not found&#xa;	at com.kms.katalon.core.webui.common.WebUiCommonHelper.findWebElement(WebUiCommonHelper.java:1379)&#xa;	at com.kms.katalon.core.webui.keyword.internal.WebUIAbstractKeyword.findWebElement(WebUIAbstractKeyword.groovy:27)&#xa;	at com.kms.katalon.core.webui.keyword.builtin.ClickKeyword$_click_closure1.doCall(ClickKeyword.groovy:65)&#xa;	at com.kms.katalon.core.webui.keyword.builtin.ClickKeyword$_click_closure1.call(ClickKeyword.groovy)&#xa;	at com.kms.katalon.core.webui.keyword.internal.WebUIKeywordMain.runKeyword(WebUIKeywordMain.groovy:20)&#xa;	at com.kms.katalon.core.webui.keyword.builtin.ClickKeyword.click(ClickKeyword.groovy:74)&#xa;	at com.kms.katalon.core.webui.keyword.builtin.ClickKeyword.execute(ClickKeyword.groovy:40)&#xa;	at com.kms.katalon.core.keyword.internal.KeywordExecutor.executeKeywordForPlatform(KeywordExecutor.groovy:74)&#xa;	at com.kms.katalon.core.webui.keyword.WebUiBuiltInKeywords.click(WebUiBuiltInKeywords.groovy:620)&#xa;	at Script1698969954441.run(Script1698969954441.groovy:22)&#xa;	... 15 more&#xa;)&#xa;	at com.kms.katalon.core.keyword.internal.KeywordMain.stepFailed(KeywordMain.groovy:39)&#xa;	at com.kms.katalon.core.webui.keyword.internal.WebUIKeywordMain.stepFailed(WebUIKeywordMain.groovy:64)&#xa;	at com.kms.katalon.core.webui.keyword.internal.WebUIKeywordMain.runKeyword(WebUIKeywordMain.groovy:26)&#xa;	at com.kms.katalon.core.webui.keyword.builtin.ClickKeyword.click(ClickKeyword.groovy:74)&#xa;	at com.kms.katalon.core.webui.keyword.builtin.ClickKeyword.execute(ClickKeyword.groovy:40)&#xa;	at com.kms.katalon.core.keyword.internal.KeywordExecutor.executeKeywordForPlatform(KeywordExecutor.groovy:74)&#xa;	at com.kms.katalon.core.webui.keyword.WebUiBuiltInKeywords.click(WebUiBuiltInKeywords.groovy:620)&#xa;	at MTC009 - Verify Products link.run(MTC009 - Verify Products link:22)&#xa;	at com.kms.katalon.core.main.ScriptEngine.run(ScriptEngine.java:194)&#xa;	at com.kms.katalon.core.main.ScriptEngine.runScriptAsRawText(ScriptEngine.java:119)&#xa;	at com.kms.katalon.core.main.TestCaseExecutor.runScript(TestCaseExecutor.java:448)&#xa;	at com.kms.katalon.core.main.TestCaseExecutor.doExecute(TestCaseExecutor.java:439)&#xa;	at com.kms.katalon.core.main.TestCaseExecutor.processExecutionPhase(TestCaseExecutor.java:418)&#xa;	at com.kms.katalon.core.main.TestCaseExecutor.accessMainPhase(TestCaseExecutor.java:410)&#xa;	at com.kms.katalon.core.main.TestCaseExecutor.execute(TestCaseExecutor.java:285)&#xa;	at com.kms.katalon.core.common.CommonExecutor.accessTestCaseMainPhase(CommonExecutor.java:65)&#xa;	at com.kms.katalon.core.main.TestSuiteExecutor.accessTestSuiteMainPhase(TestSuiteExecutor.java:148)&#xa;	at com.kms.katalon.core.main.TestSuiteExecutor.execute(TestSuiteExecutor.java:106)&#xa;	at com.kms.katalon.core.main.TestCaseMain.startTestSuite(TestCaseMain.java:187)&#xa;	at TempTestSuite1699456150598.run(TempTestSuite1699456150598.groovy:36)&#xa;	at java.base/jdk.internal.reflect.NativeMethodAccessorImpl.invoke0(Native Method)&#xa;	at java.base/jdk.internal.reflect.NativeMethodAccessorImpl.invoke(NativeMethodAccessorImpl.java:77)&#xa;	at java.base/jdk.internal.reflect.DelegatingMethodAccessorImpl.invoke(DelegatingMethodAccessorImpl.java:43)&#xa;Caused by: com.kms.katalon.core.exception.StepFailedException: Unable to click on object 'Object Repository/Page_ParaBank  Welcome  Online Banking/lnkProducts'&#xa;	... 22 more&#xa;Caused by: com.kms.katalon.core.webui.exception.WebElementNotFoundException: Web element with id: 'Object Repository/Page_ParaBank  Welcome  Online Banking/lnkProducts' located by '//div[@id='headerPanel']/ul/li[4]/a' not found&#xa;	at com.kms.katalon.core.webui.common.WebUiCommonHelper.findWebElement(WebUiCommonHelper.java:1379)&#xa;	at com.kms.katalon.core.webui.keyword.internal.WebUIAbstractKeyword.findWebElement(WebUIAbstractKeyword.groovy:27)&#xa;	at com.kms.katalon.core.webui.keyword.builtin.ClickKeyword$_click_closure1.doCall(ClickKeyword.groovy:65)&#xa;	at com.kms.katalon.core.webui.keyword.builtin.ClickKeyword$_click_closure1.call(ClickKeyword.groovy)&#xa;	at com.kms.katalon.core.webui.keyword.internal.WebUIKeywordMain.runKeyword(WebUIKeywordMain.groovy:20)&#xa;	... 20 more&#xa;"/>
         <system-out><![CDATA[2023-11-08 10:10:44 - [TEST_CASE][FAILED] - Test Cases/Main Test Cases/MTC009 - Verify Products link: Test Cases/Main Test Cases/MTC009 - Verify Products link FAILED.
Reason:
com.kms.katalon.core.exception.StepFailedException: Unable to click on object 'Object Repository/Page_ParaBank  Welcome  Online Banking/lnkProducts' (Root cause: com.kms.katalon.core.exception.StepFailedException: Unable to click on object 'Object Repository/Page_ParaBank  Welcome  Online Banking/lnkProducts'
	at com.kms.katalon.core.webui.keyword.internal.WebUIKeywordMain.stepFailed(WebUIKeywordMain.groovy:64)
	at com.kms.katalon.core.webui.keyword.internal.WebUIKeywordMain.runKeyword(WebUIKeywordMain.groovy:26)
	at com.kms.katalon.core.webui.keyword.builtin.ClickKeyword.click(ClickKeyword.groovy:74)
	at com.kms.katalon.core.webui.keyword.builtin.ClickKeyword.execute(ClickKeyword.groovy:40)
	at com.kms.katalon.core.keyword.internal.KeywordExecutor.executeKeywordForPlatform(KeywordExecutor.groovy:74)
	at com.kms.katalon.core.webui.keyword.WebUiBuiltInKeywords.click(WebUiBuiltInKeywords.groovy:620)
	at MTC009 - Verify Products link.run(MTC009 - Verify Products link:22)
	at com.kms.katalon.core.main.ScriptEngine.run(ScriptEngine.java:194)
	at com.kms.katalon.core.main.ScriptEngine.runScriptAsRawText(ScriptEngine.java:119)
	at com.kms.katalon.core.main.TestCaseExecutor.runScript(TestCaseExecutor.java:448)
	at com.kms.katalon.core.main.TestCaseExecutor.doExecute(TestCaseExecutor.java:439)
	at com.kms.katalon.core.main.TestCaseExecutor.processExecutionPhase(TestCaseExecutor.java:418)
	at com.kms.katalon.core.main.TestCaseExecutor.accessMainPhase(TestCaseExecutor.java:410)
	at com.kms.katalon.core.main.TestCaseExecutor.execute(TestCaseExecutor.java:285)
	at com.kms.katalon.core.common.CommonExecutor.accessTestCaseMainPhase(CommonExecutor.java:65)
	at com.kms.katalon.core.main.TestSuiteExecutor.accessTestSuiteMainPhase(TestSuiteExecutor.java:148)
	at com.kms.katalon.core.main.TestSuiteExecutor.execute(TestSuiteExecutor.java:106)
	at com.kms.katalon.core.main.TestCaseMain.startTestSuite(TestCaseMain.java:187)
	at TempTestSuite1699456150598.run(TempTestSuite1699456150598.groovy:36)
	at java.base/jdk.internal.reflect.NativeMethodAccessorImpl.invoke0(Native Method)
	at java.base/jdk.internal.reflect.NativeMethodAccessorImpl.invoke(NativeMethodAccessorImpl.java:77)
	at java.base/jdk.internal.reflect.DelegatingMethodAccessorImpl.invoke(DelegatingMethodAccessorImpl.java:43)
Caused by: com.kms.katalon.core.webui.exception.WebElementNotFoundException: Web element with id: 'Object Repository/Page_ParaBank  Welcome  Online Banking/lnkProducts' located by '//div[@id='headerPanel']/ul/li[4]/a' not found
	at com.kms.katalon.core.webui.common.WebUiCommonHelper.findWebElement(WebUiCommonHelper.java:1379)
	at com.kms.katalon.core.webui.keyword.internal.WebUIAbstractKeyword.findWebElement(WebUIAbstractKeyword.groovy:27)
	at com.kms.katalon.core.webui.keyword.builtin.ClickKeyword$_click_closure1.doCall(ClickKeyword.groovy:65)
	at com.kms.katalon.core.webui.keyword.builtin.ClickKeyword$_click_closure1.call(ClickKeyword.groovy)
	at com.kms.katalon.core.webui.keyword.internal.WebUIKeywordMain.runKeyword(WebUIKeywordMain.groovy:20)
	at com.kms.katalon.core.webui.keyword.builtin.ClickKeyword.click(ClickKeyword.groovy:74)
	at com.kms.katalon.core.webui.keyword.builtin.ClickKeyword.execute(ClickKeyword.groovy:40)
	at com.kms.katalon.core.keyword.internal.KeywordExecutor.executeKeywordForPlatform(KeywordExecutor.groovy:74)
	at com.kms.katalon.core.webui.keyword.WebUiBuiltInKeywords.click(WebUiBuiltInKeywords.groovy:620)
	at Script1698969954441.run(Script1698969954441.groovy:22)
	... 15 more
)
	at com.kms.katalon.core.keyword.internal.KeywordMain.stepFailed(KeywordMain.groovy:39)
	at com.kms.katalon.core.webui.keyword.internal.WebUIKeywordMain.stepFailed(WebUIKeywordMain.groovy:64)
	at com.kms.katalon.core.webui.keyword.internal.WebUIKeywordMain.runKeyword(WebUIKeywordMain.groovy:26)
	at com.kms.katalon.core.webui.keyword.builtin.ClickKeyword.click(ClickKeyword.groovy:74)
	at com.kms.katalon.core.webui.keyword.builtin.ClickKeyword.execute(ClickKeyword.groovy:40)
	at com.kms.katalon.core.keyword.internal.KeywordExecutor.executeKeywordForPlatform(KeywordExecutor.groovy:74)
	at com.kms.katalon.core.webui.keyword.WebUiBuiltInKeywords.click(WebUiBuiltInKeywords.groovy:620)
	at MTC009 - Verify Products link.run(MTC009 - Verify Products link:22)
	at com.kms.katalon.core.main.ScriptEngine.run(ScriptEngine.java:194)
	at com.kms.katalon.core.main.ScriptEngine.runScriptAsRawText(ScriptEngine.java:119)
	at com.kms.katalon.core.main.TestCaseExecutor.runScript(TestCaseExecutor.java:448)
	at com.kms.katalon.core.main.TestCaseExecutor.doExecute(TestCaseExecutor.java:439)
	at com.kms.katalon.core.main.TestCaseExecutor.processExecutionPhase(TestCaseExecutor.java:418)
	at com.kms.katalon.core.main.TestCaseExecutor.accessMainPhase(TestCaseExecutor.java:410)
	at com.kms.katalon.core.main.TestCaseExecutor.execute(TestCaseExecutor.java:285)
	at com.kms.katalon.core.common.CommonExecutor.accessTestCaseMainPhase(CommonExecutor.java:65)
	at com.kms.katalon.core.main.TestSuiteExecutor.accessTestSuiteMainPhase(TestSuiteExecutor.java:148)
	at com.kms.katalon.core.main.TestSuiteExecutor.execute(TestSuiteExecutor.java:106)
	at com.kms.katalon.core.main.TestCaseMain.startTestSuite(TestCaseMain.java:187)
	at TempTestSuite1699456150598.run(TempTestSuite1699456150598.groovy:36)
	at java.base/jdk.internal.reflect.NativeMethodAccessorImpl.invoke0(Native Method)
	at java.base/jdk.internal.reflect.NativeMethodAccessorImpl.invoke(NativeMethodAccessorImpl.java:77)
	at java.base/jdk.internal.reflect.DelegatingMethodAccessorImpl.invoke(DelegatingMethodAccessorImpl.java:43)
Caused by: com.kms.katalon.core.exception.StepFailedException: Unable to click on object 'Object Repository/Page_ParaBank  Welcome  Online Banking/lnkProducts'
	... 22 more
Caused by: com.kms.katalon.core.webui.exception.WebElementNotFoundException: Web element with id: 'Object Repository/Page_ParaBank  Welcome  Online Banking/lnkProducts' located by '//div[@id='headerPanel']/ul/li[4]/a' not found
	at com.kms.katalon.core.webui.common.WebUiCommonHelper.findWebElement(WebUiCommonHelper.java:1379)
	at com.kms.katalon.core.webui.keyword.internal.WebUIAbstractKeyword.findWebElement(WebUIAbstractKeyword.groovy:27)
	at com.kms.katalon.core.webui.keyword.builtin.ClickKeyword$_click_closure1.doCall(ClickKeyword.groovy:65)
	at com.kms.katalon.core.webui.keyword.builtin.ClickKeyword$_click_closure1.call(ClickKeyword.groovy)
	at com.kms.katalon.core.webui.keyword.internal.WebUIKeywordMain.runKeyword(WebUIKeywordMain.groovy:20)
	... 20 more


2023-11-08 10:10:44 - [TEST_STEP][PASSED] - callTestCase(findTestCase("Reusable Test Cases/Open the webapp"), [:], CONTINUE_ON_FAILURE): Call Test Case 'Test Cases/Reusable Test Cases/Open the webapp' successfully

2023-11-08 10:10:44 - [TEST_CASE][PASSED] - Test Cases/Reusable Test Cases/Open the webapp: Test Cases/Reusable Test Cases/Open the webapp

2023-11-08 10:10:44 - [TEST_STEP][PASSED] - openBrowser(URL): Browser is opened with url: 'null'

2023-11-08 10:10:44 - [MESSAGE][INFO] - Starting 'Chrome (headless)' driver

2023-11-08 10:10:44 - [MESSAGE][INFO] - User set preference: ['property', '**window-size=1500,1000']

2023-11-08 10:10:44 - [MESSAGE][INFO] - Action delay is set to 0 milliseconds

2023-11-08 10:10:46 - [MESSAGE][WARNING] - FFmpeg was not installed! Browser Recording will be disabled. Please follow this document to install FFmpeg first: https://docs.katalon.com/katalon-studio/docs/screenshots-videos.html#browser-based-recorder

2023-11-08 10:10:46 - [MESSAGE][PASSED] - Browser is opened with url: 'null'

2023-11-08 10:10:46 - [TEST_STEP][PASSED] - maximizeWindow(): Current window maximized

2023-11-08 10:10:46 - [MESSAGE][PASSED] - Current window maximized

2023-11-08 10:10:46 - [MESSAGE][PASSED] - Call Test Case 'Test Cases/Reusable Test Cases/Open the webapp' successfully

2023-11-08 10:10:46 - [TEST_STEP][FAILED] - click(findTestObject("Object Repository/Page_ParaBank  Welcome  Online Banking/lnkProducts")): Unable to click on object 'Object Repository/Page_ParaBank  Welcome  Online Banking/lnkProducts' (Root cause: com.kms.katalon.core.exception.StepFailedException: Unable to click on object 'Object Repository/Page_ParaBank  Welcome  Online Banking/lnkProducts'
	at com.kms.katalon.core.webui.keyword.internal.WebUIKeywordMain.stepFailed(WebUIKeywordMain.groovy:64)
	at com.kms.katalon.core.webui.keyword.internal.WebUIKeywordMain.runKeyword(WebUIKeywordMain.groovy:26)
	at com.kms.katalon.core.webui.keyword.builtin.ClickKeyword.click(ClickKeyword.groovy:74)
	at com.kms.katalon.core.webui.keyword.builtin.ClickKeyword.execute(ClickKeyword.groovy:40)
	at com.kms.katalon.core.keyword.internal.KeywordExecutor.executeKeywordForPlatform(KeywordExecutor.groovy:74)
	at com.kms.katalon.core.webui.keyword.WebUiBuiltInKeywords.click(WebUiBuiltInKeywords.groovy:620)
	at MTC009 - Verify Products link.run(MTC009 - Verify Products link:22)
	at com.kms.katalon.core.main.ScriptEngine.run(ScriptEngine.java:194)
	at com.kms.katalon.core.main.ScriptEngine.runScriptAsRawText(ScriptEngine.java:119)
	at com.kms.katalon.core.main.TestCaseExecutor.runScript(TestCaseExecutor.java:448)
	at com.kms.katalon.core.main.TestCaseExecutor.doExecute(TestCaseExecutor.java:439)
	at com.kms.katalon.core.main.TestCaseExecutor.processExecutionPhase(TestCaseExecutor.java:418)
	at com.kms.katalon.core.main.TestCaseExecutor.accessMainPhase(TestCaseExecutor.java:410)
	at com.kms.katalon.core.main.TestCaseExecutor.execute(TestCaseExecutor.java:285)
	at com.kms.katalon.core.common.CommonExecutor.accessTestCaseMainPhase(CommonExecutor.java:65)
	at com.kms.katalon.core.main.TestSuiteExecutor.accessTestSuiteMainPhase(TestSuiteExecutor.java:148)
	at com.kms.katalon.core.main.TestSuiteExecutor.execute(TestSuiteExecutor.java:106)
	at com.kms.katalon.core.main.TestCaseMain.startTestSuite(TestCaseMain.java:187)
	at TempTestSuite1699456150598.run(TempTestSuite1699456150598.groovy:36)
	at java.base/jdk.internal.reflect.NativeMethodAccessorImpl.invoke0(Native Method)
	at java.base/jdk.internal.reflect.NativeMethodAccessorImpl.invoke(NativeMethodAccessorImpl.java:77)
	at java.base/jdk.internal.reflect.DelegatingMethodAccessorImpl.invoke(DelegatingMethodAccessorImpl.java:43)
Caused by: com.kms.katalon.core.webui.exception.WebElementNotFoundException: Web element with id: 'Object Repository/Page_ParaBank  Welcome  Online Banking/lnkProducts' located by '//div[@id='headerPanel']/ul/li[4]/a' not found
	at com.kms.katalon.core.webui.common.WebUiCommonHelper.findWebElement(WebUiCommonHelper.java:1379)
	at com.kms.katalon.core.webui.keyword.internal.WebUIAbstractKeyword.findWebElement(WebUIAbstractKeyword.groovy:27)
	at com.kms.katalon.core.webui.keyword.builtin.ClickKeyword$_click_closure1.doCall(ClickKeyword.groovy:65)
	at com.kms.katalon.core.webui.keyword.builtin.ClickKeyword$_click_closure1.call(ClickKeyword.groovy)
	at com.kms.katalon.core.webui.keyword.internal.WebUIKeywordMain.runKeyword(WebUIKeywordMain.groovy:20)
	at com.kms.katalon.core.webui.keyword.builtin.ClickKeyword.click(ClickKeyword.groovy:74)
	at com.kms.katalon.core.webui.keyword.builtin.ClickKeyword.execute(ClickKeyword.groovy:40)
	at com.kms.katalon.core.keyword.internal.KeywordExecutor.executeKeywordForPlatform(KeywordExecutor.groovy:74)
	at com.kms.katalon.core.webui.keyword.WebUiBuiltInKeywords.click(WebUiBuiltInKeywords.groovy:620)
	at Script1698969954441.run(Script1698969954441.groovy:22)
	... 15 more
)

2023-11-08 10:11:17 - [MESSAGE][INFO] - Unable to find the element located by 'By.xpath: //div[@id='headerPanel']/ul/li[4]/a'. Please recheck the objects properties to make sure the desired element is located. 

2023-11-08 10:11:17 - [MESSAGE][WARNING] - [SELF-HEALING] Failed to find element with id 'Object Repository/Page_ParaBank  Welcome  Online Banking/lnkProducts'. Try using Self-healing.

2023-11-08 10:11:17 - [MESSAGE][INFO] - [SELF-HEALING] Failed Locator: '//div[@id='headerPanel']/ul/li[4]/a'.

2023-11-08 10:11:17 - [MESSAGE][INFO] - [SELF-HEALING] Failed Locator: '//a[contains(text(),'Products')]'.

2023-11-08 10:11:17 - [MESSAGE][INFO] - [SELF-HEALING] Failed Locator: '//a[@href='http://www.parasoft.com/jsp/products.jsp']'.

2023-11-08 10:11:17 - [MESSAGE][INFO] - [SELF-HEALING] Failed Locator: '//li[4]/a'.

2023-11-08 10:11:17 - [MESSAGE][INFO] - [SELF-HEALING] Failed Locator: '//a[@href = 'http://www.parasoft.com/jsp/products.jsp' and (text() = 'Products' or . = 'Products')]'.

2023-11-08 10:11:17 - [MESSAGE][INFO] - [SELF-HEALING] Failed Locator: '//div[@id='headerPanel']/ul/li[4]/a'.

2023-11-08 10:11:17 - [MESSAGE][INFO] - [SELF-HEALING] Failed Locator: '//a[contains(text(),'Products')]'.

2023-11-08 10:11:17 - [MESSAGE][INFO] - [SELF-HEALING] Failed Locator: '//a[@href='http://www.parasoft.com/jsp/products.jsp']'.

2023-11-08 10:11:17 - [MESSAGE][INFO] - [SELF-HEALING] Failed Locator: '//li[4]/a'.

2023-11-08 10:11:17 - [MESSAGE][INFO] - [SELF-HEALING] Failed Locator: '//a[@href = 'http://www.parasoft.com/jsp/products.jsp' and (text() = 'Products' or . = 'Products')]'.

2023-11-08 10:11:18 - [MESSAGE][INFO] - [SELF-HEALING] Failed Locator: '//div[@id='headerPanel']/ul/li[4]/a'.

2023-11-08 10:11:18 - [MESSAGE][INFO] - [SELF-HEALING] Failed Locator: '//a[contains(text(),'Products')]'.

2023-11-08 10:11:18 - [MESSAGE][INFO] - [SELF-HEALING] Failed Locator: '//a[@href='http://www.parasoft.com/jsp/products.jsp']'.

2023-11-08 10:11:18 - [MESSAGE][INFO] - [SELF-HEALING] Failed Locator: '//li[4]/a'.

2023-11-08 10:11:18 - [MESSAGE][INFO] - [SELF-HEALING] Failed Locator: '//a[@href = 'http://www.parasoft.com/jsp/products.jsp' and (text() = 'Products' or . = 'Products')]'.

2023-11-08 10:11:18 - [MESSAGE][INFO] - [SELF-HEALING] Failed Locator: '//div[@id='headerPanel']/ul/li[4]/a'.

2023-11-08 10:11:18 - [MESSAGE][INFO] - [SELF-HEALING] Failed Locator: '//a[contains(text(),'Products')]'.

2023-11-08 10:11:18 - [MESSAGE][INFO] - [SELF-HEALING] Failed Locator: '//a[@href='http://www.parasoft.com/jsp/products.jsp']'.

2023-11-08 10:11:18 - [MESSAGE][INFO] - [SELF-HEALING] Failed Locator: '//li[4]/a'.

2023-11-08 10:11:18 - [MESSAGE][INFO] - [SELF-HEALING] Failed Locator: '//a[@href = 'http://www.parasoft.com/jsp/products.jsp' and (text() = 'Products' or . = 'Products')]'.

2023-11-08 10:11:18 - [MESSAGE][INFO] - [SELF-HEALING] Failed Locator: '//div[@id='headerPanel']/ul/li[4]/a'.

2023-11-08 10:11:18 - [MESSAGE][INFO] - [SELF-HEALING] Failed Locator: '//a[contains(text(),'Products')]'.

2023-11-08 10:11:18 - [MESSAGE][INFO] - [SELF-HEALING] Failed Locator: '//a[@href='http://www.parasoft.com/jsp/products.jsp']'.

2023-11-08 10:11:18 - [MESSAGE][INFO] - [SELF-HEALING] Failed Locator: '//li[4]/a'.

2023-11-08 10:11:18 - [MESSAGE][INFO] - [SELF-HEALING] Failed Locator: '//a[@href = 'http://www.parasoft.com/jsp/products.jsp' and (text() = 'Products' or . = 'Products')]'.

2023-11-08 10:11:18 - [MESSAGE][INFO] - [SELF-HEALING] Failed Locator: '//div[@id='headerPanel']/ul/li[4]/a'.

2023-11-08 10:11:18 - [MESSAGE][INFO] - [SELF-HEALING] Failed Locator: '//a[contains(text(),'Products')]'.

2023-11-08 10:11:18 - [MESSAGE][INFO] - [SELF-HEALING] Failed Locator: '//a[@href='http://www.parasoft.com/jsp/products.jsp']'.

2023-11-08 10:11:18 - [MESSAGE][INFO] - [SELF-HEALING] Failed Locator: '//li[4]/a'.

2023-11-08 10:11:18 - [MESSAGE][INFO] - [SELF-HEALING] Failed Locator: '//a[@href = 'http://www.parasoft.com/jsp/products.jsp' and (text() = 'Products' or . = 'Products')]'.

2023-11-08 10:11:18 - [MESSAGE][INFO] - [SELF-HEALING] Failed Locator: '//div[@id='headerPanel']/ul/li[4]/a'.

2023-11-08 10:11:18 - [MESSAGE][INFO] - [SELF-HEALING] Failed Locator: '//a[contains(text(),'Products')]'.

2023-11-08 10:11:18 - [MESSAGE][INFO] - [SELF-HEALING] Failed Locator: '//a[@href='http://www.parasoft.com/jsp/products.jsp']'.

2023-11-08 10:11:18 - [MESSAGE][INFO] - [SELF-HEALING] Failed Locator: '//li[4]/a'.

2023-11-08 10:11:18 - [MESSAGE][INFO] - [SELF-HEALING] Failed Locator: '//a[@href = 'http://www.parasoft.com/jsp/products.jsp' and (text() = 'Products' or . = 'Products')]'.

2023-11-08 10:11:18 - [MESSAGE][INFO] - [SELF-HEALING] Failed Locator: '//div[@id='headerPanel']/ul/li[4]/a'.

2023-11-08 10:11:18 - [MESSAGE][INFO] - [SELF-HEALING] Failed Locator: '//a[contains(text(),'Products')]'.

2023-11-08 10:11:18 - [MESSAGE][INFO] - [SELF-HEALING] Failed Locator: '//a[@href='http://www.parasoft.com/jsp/products.jsp']'.

2023-11-08 10:11:18 - [MESSAGE][INFO] - [SELF-HEALING] Failed Locator: '//li[4]/a'.

2023-11-08 10:11:18 - [MESSAGE][INFO] - [SELF-HEALING] Failed Locator: '//a[@href = 'http://www.parasoft.com/jsp/products.jsp' and (text() = 'Products' or . = 'Products')]'.

2023-11-08 10:11:18 - [MESSAGE][INFO] - [SELF-HEALING] Failed Locator: '//div[@id='headerPanel']/ul/li[4]/a'.

2023-11-08 10:11:18 - [MESSAGE][INFO] - [SELF-HEALING] Failed Locator: '//a[contains(text(),'Products')]'.

2023-11-08 10:11:18 - [MESSAGE][INFO] - [SELF-HEALING] Failed Locator: '//a[@href='http://www.parasoft.com/jsp/products.jsp']'.

2023-11-08 10:11:18 - [MESSAGE][INFO] - [SELF-HEALING] Failed Locator: '//li[4]/a'.

2023-11-08 10:11:18 - [MESSAGE][INFO] - [SELF-HEALING] Failed Locator: '//a[@href = 'http://www.parasoft.com/jsp/products.jsp' and (text() = 'Products' or . = 'Products')]'.

2023-11-08 10:11:18 - [MESSAGE][INFO] - [SELF-HEALING] Failed Locator: '//div[@id='headerPanel']/ul/li[4]/a'.

2023-11-08 10:11:18 - [MESSAGE][INFO] - [SELF-HEALING] Failed Locator: '//a[contains(text(),'Products')]'.

2023-11-08 10:11:18 - [MESSAGE][INFO] - [SELF-HEALING] Failed Locator: '//a[@href='http://www.parasoft.com/jsp/products.jsp']'.

2023-11-08 10:11:18 - [MESSAGE][INFO] - [SELF-HEALING] Failed Locator: '//li[4]/a'.

2023-11-08 10:11:18 - [MESSAGE][INFO] - [SELF-HEALING] Failed Locator: '//a[@href = 'http://www.parasoft.com/jsp/products.jsp' and (text() = 'Products' or . = 'Products')]'.

2023-11-08 10:11:18 - [MESSAGE][INFO] - [SELF-HEALING] Failed Locator: '//div[@id='headerPanel']/ul/li[4]/a'.

2023-11-08 10:11:18 - [MESSAGE][INFO] - [SELF-HEALING] Failed Locator: '//a[contains(text(),'Products')]'.

2023-11-08 10:11:18 - [MESSAGE][INFO] - [SELF-HEALING] Failed Locator: '//a[@href='http://www.parasoft.com/jsp/products.jsp']'.

2023-11-08 10:11:18 - [MESSAGE][INFO] - [SELF-HEALING] Failed Locator: '//li[4]/a'.

2023-11-08 10:11:18 - [MESSAGE][INFO] - [SELF-HEALING] Failed Locator: '//a[@href = 'http://www.parasoft.com/jsp/products.jsp' and (text() = 'Products' or . = 'Products')]'.

2023-11-08 10:11:19 - [MESSAGE][INFO] - Unable to find the element located by 'By.xpath: //*[@href = 'http://www.parasoft.com/jsp/products.jsp' and (text() = 'Products' or . = 'Products')]'. Please recheck the objects properties to make sure the desired element is located. 

2023-11-08 10:11:20 - [MESSAGE][INFO] - Unable to find the element located by 'By.cssSelector: li:nth-of-type(4) > a'. Please recheck the objects properties to make sure the desired element is located. 

2023-11-08 10:11:20 - [MESSAGE][FAILED] - Unable to click on object 'Object Repository/Page_ParaBank  Welcome  Online Banking/lnkProducts' (Root cause: com.kms.katalon.core.exception.StepFailedException: Unable to click on object 'Object Repository/Page_ParaBank  Welcome  Online Banking/lnkProducts'
	at com.kms.katalon.core.webui.keyword.internal.WebUIKeywordMain.stepFailed(WebUIKeywordMain.groovy:64)
	at com.kms.katalon.core.webui.keyword.internal.WebUIKeywordMain.runKeyword(WebUIKeywordMain.groovy:26)
	at com.kms.katalon.core.webui.keyword.builtin.ClickKeyword.click(ClickKeyword.groovy:74)
	at com.kms.katalon.core.webui.keyword.builtin.ClickKeyword.execute(ClickKeyword.groovy:40)
	at com.kms.katalon.core.keyword.internal.KeywordExecutor.executeKeywordForPlatform(KeywordExecutor.groovy:74)
	at com.kms.katalon.core.webui.keyword.WebUiBuiltInKeywords.click(WebUiBuiltInKeywords.groovy:620)
	at MTC009 - Verify Products link.run(MTC009 - Verify Products link:22)
	at com.kms.katalon.core.main.ScriptEngine.run(ScriptEngine.java:194)
	at com.kms.katalon.core.main.ScriptEngine.runScriptAsRawText(ScriptEngine.java:119)
	at com.kms.katalon.core.main.TestCaseExecutor.runScript(TestCaseExecutor.java:448)
	at com.kms.katalon.core.main.TestCaseExecutor.doExecute(TestCaseExecutor.java:439)
	at com.kms.katalon.core.main.TestCaseExecutor.processExecutionPhase(TestCaseExecutor.java:418)
	at com.kms.katalon.core.main.TestCaseExecutor.accessMainPhase(TestCaseExecutor.java:410)
	at com.kms.katalon.core.main.TestCaseExecutor.execute(TestCaseExecutor.java:285)
	at com.kms.katalon.core.common.CommonExecutor.accessTestCaseMainPhase(CommonExecutor.java:65)
	at com.kms.katalon.core.main.TestSuiteExecutor.accessTestSuiteMainPhase(TestSuiteExecutor.java:148)
	at com.kms.katalon.core.main.TestSuiteExecutor.execute(TestSuiteExecutor.java:106)
	at com.kms.katalon.core.main.TestCaseMain.startTestSuite(TestCaseMain.java:187)
	at TempTestSuite1699456150598.run(TempTestSuite1699456150598.groovy:36)
	at java.base/jdk.internal.reflect.NativeMethodAccessorImpl.invoke0(Native Method)
	at java.base/jdk.internal.reflect.NativeMethodAccessorImpl.invoke(NativeMethodAccessorImpl.java:77)
	at java.base/jdk.internal.reflect.DelegatingMethodAccessorImpl.invoke(DelegatingMethodAccessorImpl.java:43)
Caused by: com.kms.katalon.core.webui.exception.WebElementNotFoundException: Web element with id: 'Object Repository/Page_ParaBank  Welcome  Online Banking/lnkProducts' located by '//div[@id='headerPanel']/ul/li[4]/a' not found
	at com.kms.katalon.core.webui.common.WebUiCommonHelper.findWebElement(WebUiCommonHelper.java:1379)
	at com.kms.katalon.core.webui.keyword.internal.WebUIAbstractKeyword.findWebElement(WebUIAbstractKeyword.groovy:27)
	at com.kms.katalon.core.webui.keyword.builtin.ClickKeyword$_click_closure1.doCall(ClickKeyword.groovy:65)
	at com.kms.katalon.core.webui.keyword.builtin.ClickKeyword$_click_closure1.call(ClickKeyword.groovy)
	at com.kms.katalon.core.webui.keyword.internal.WebUIKeywordMain.runKeyword(WebUIKeywordMain.groovy:20)
	at com.kms.katalon.core.webui.keyword.builtin.ClickKeyword.click(ClickKeyword.groovy:74)
	at com.kms.katalon.core.webui.keyword.builtin.ClickKeyword.execute(ClickKeyword.groovy:40)
	at com.kms.katalon.core.keyword.internal.KeywordExecutor.executeKeywordForPlatform(KeywordExecutor.groovy:74)
	at com.kms.katalon.core.webui.keyword.WebUiBuiltInKeywords.click(WebUiBuiltInKeywords.groovy:620)
	at Script1698969954441.run(Script1698969954441.groovy:22)
	... 15 more
)
[[ATTACHMENT|C:\\Users\\GKOKABAYEVA\\Katalon Studio\\Parabank\\Reports\\20231108_100910\\Smoke Test Suites\\STS003 - Main page links verification\\20231108_100910\\1699456280852.png]]

2023-11-08 10:11:20 - [TEST_STEP][FAILED] - navigateToUrl(PRODUCTS_URL): Unable to navigate to 'null' (Root cause: com.kms.katalon.core.exception.StepFailedException: Unable to navigate to 'null'
	at com.kms.katalon.core.webui.keyword.internal.WebUIKeywordMain.stepFailed(WebUIKeywordMain.groovy:64)
	at com.kms.katalon.core.webui.keyword.internal.WebUIKeywordMain.runKeyword(WebUIKeywordMain.groovy:26)
	at com.kms.katalon.core.webui.keyword.builtin.NavigateToUrlKeyword.navigateToUrl(NavigateToUrlKeyword.groovy:83)
	at com.kms.katalon.core.webui.keyword.builtin.NavigateToUrlKeyword.execute(NavigateToUrlKeyword.groovy:67)
	at com.kms.katalon.core.keyword.internal.KeywordExecutor.executeKeywordForPlatform(KeywordExecutor.groovy:74)
	at com.kms.katalon.core.webui.keyword.WebUiBuiltInKeywords.navigateToUrl(WebUiBuiltInKeywords.groovy:187)
	at MTC009 - Verify Products link.run(MTC009 - Verify Products link:24)
	at com.kms.katalon.core.main.ScriptEngine.run(ScriptEngine.java:194)
	at com.kms.katalon.core.main.ScriptEngine.runScriptAsRawText(ScriptEngine.java:119)
	at com.kms.katalon.core.main.TestCaseExecutor.runScript(TestCaseExecutor.java:448)
	at com.kms.katalon.core.main.TestCaseExecutor.doExecute(TestCaseExecutor.java:439)
	at com.kms.katalon.core.main.TestCaseExecutor.processExecutionPhase(TestCaseExecutor.java:418)
	at com.kms.katalon.core.main.TestCaseExecutor.accessMainPhase(TestCaseExecutor.java:410)
	at com.kms.katalon.core.main.TestCaseExecutor.execute(TestCaseExecutor.java:285)
	at com.kms.katalon.core.common.CommonExecutor.accessTestCaseMainPhase(CommonExecutor.java:65)
	at com.kms.katalon.core.main.TestSuiteExecutor.accessTestSuiteMainPhase(TestSuiteExecutor.java:148)
	at com.kms.katalon.core.main.TestSuiteExecutor.execute(TestSuiteExecutor.java:106)
	at com.kms.katalon.core.main.TestCaseMain.startTestSuite(TestCaseMain.java:187)
	at TempTestSuite1699456150598.run(TempTestSuite1699456150598.groovy:36)
	at java.base/jdk.internal.reflect.NativeMethodAccessorImpl.invoke0(Native Method)
	at java.base/jdk.internal.reflect.NativeMethodAccessorImpl.invoke(NativeMethodAccessorImpl.java:77)
	at java.base/jdk.internal.reflect.DelegatingMethodAccessorImpl.invoke(DelegatingMethodAccessorImpl.java:43)
Caused by: java.lang.IllegalArgumentException: Url cannot be null or empty
	at com.kms.katalon.core.webui.keyword.builtin.NavigateToUrlKeyword$_navigateToUrl_closure1.doCall(NavigateToUrlKeyword.groovy:75)
	at com.kms.katalon.core.webui.keyword.builtin.NavigateToUrlKeyword$_navigateToUrl_closure1.call(NavigateToUrlKeyword.groovy)
	at com.kms.katalon.core.webui.keyword.internal.WebUIKeywordMain.runKeyword(WebUIKeywordMain.groovy:20)
	at com.kms.katalon.core.webui.keyword.builtin.NavigateToUrlKeyword.navigateToUrl(NavigateToUrlKeyword.groovy:83)
	at com.kms.katalon.core.webui.keyword.builtin.NavigateToUrlKeyword.execute(NavigateToUrlKeyword.groovy:67)
	at com.kms.katalon.core.keyword.internal.KeywordExecutor.executeKeywordForPlatform(KeywordExecutor.groovy:74)
	at com.kms.katalon.core.webui.keyword.WebUiBuiltInKeywords.navigateToUrl(WebUiBuiltInKeywords.groovy:187)
	at Script1698969954441.run(Script1698969954441.groovy:24)
	... 15 more
)

2023-11-08 10:11:20 - [MESSAGE][FAILED] - Unable to navigate to 'null' (Root cause: com.kms.katalon.core.exception.StepFailedException: Unable to navigate to 'null'
	at com.kms.katalon.core.webui.keyword.internal.WebUIKeywordMain.stepFailed(WebUIKeywordMain.groovy:64)
	at com.kms.katalon.core.webui.keyword.internal.WebUIKeywordMain.runKeyword(WebUIKeywordMain.groovy:26)
	at com.kms.katalon.core.webui.keyword.builtin.NavigateToUrlKeyword.navigateToUrl(NavigateToUrlKeyword.groovy:83)
	at com.kms.katalon.core.webui.keyword.builtin.NavigateToUrlKeyword.execute(NavigateToUrlKeyword.groovy:67)
	at com.kms.katalon.core.keyword.internal.KeywordExecutor.executeKeywordForPlatform(KeywordExecutor.groovy:74)
	at com.kms.katalon.core.webui.keyword.WebUiBuiltInKeywords.navigateToUrl(WebUiBuiltInKeywords.groovy:187)
	at MTC009 - Verify Products link.run(MTC009 - Verify Products link:24)
	at com.kms.katalon.core.main.ScriptEngine.run(ScriptEngine.java:194)
	at com.kms.katalon.core.main.ScriptEngine.runScriptAsRawText(ScriptEngine.java:119)
	at com.kms.katalon.core.main.TestCaseExecutor.runScript(TestCaseExecutor.java:448)
	at com.kms.katalon.core.main.TestCaseExecutor.doExecute(TestCaseExecutor.java:439)
	at com.kms.katalon.core.main.TestCaseExecutor.processExecutionPhase(TestCaseExecutor.java:418)
	at com.kms.katalon.core.main.TestCaseExecutor.accessMainPhase(TestCaseExecutor.java:410)
	at com.kms.katalon.core.main.TestCaseExecutor.execute(TestCaseExecutor.java:285)
	at com.kms.katalon.core.common.CommonExecutor.accessTestCaseMainPhase(CommonExecutor.java:65)
	at com.kms.katalon.core.main.TestSuiteExecutor.accessTestSuiteMainPhase(TestSuiteExecutor.java:148)
	at com.kms.katalon.core.main.TestSuiteExecutor.execute(TestSuiteExecutor.java:106)
	at com.kms.katalon.core.main.TestCaseMain.startTestSuite(TestCaseMain.java:187)
	at TempTestSuite1699456150598.run(TempTestSuite1699456150598.groovy:36)
	at java.base/jdk.internal.reflect.NativeMethodAccessorImpl.invoke0(Native Method)
	at java.base/jdk.internal.reflect.NativeMethodAccessorImpl.invoke(NativeMethodAccessorImpl.java:77)
	at java.base/jdk.internal.reflect.DelegatingMethodAccessorImpl.invoke(DelegatingMethodAccessorImpl.java:43)
Caused by: java.lang.IllegalArgumentException: Url cannot be null or empty
	at com.kms.katalon.core.webui.keyword.builtin.NavigateToUrlKeyword$_navigateToUrl_closure1.doCall(NavigateToUrlKeyword.groovy:75)
	at com.kms.katalon.core.webui.keyword.builtin.NavigateToUrlKeyword$_navigateToUrl_closure1.call(NavigateToUrlKeyword.groovy)
	at com.kms.katalon.core.webui.keyword.internal.WebUIKeywordMain.runKeyword(WebUIKeywordMain.groovy:20)
	at com.kms.katalon.core.webui.keyword.builtin.NavigateToUrlKeyword.navigateToUrl(NavigateToUrlKeyword.groovy:83)
	at com.kms.katalon.core.webui.keyword.builtin.NavigateToUrlKeyword.execute(NavigateToUrlKeyword.groovy:67)
	at com.kms.katalon.core.keyword.internal.KeywordExecutor.executeKeywordForPlatform(KeywordExecutor.groovy:74)
	at com.kms.katalon.core.webui.keyword.WebUiBuiltInKeywords.navigateToUrl(WebUiBuiltInKeywords.groovy:187)
	at Script1698969954441.run(Script1698969954441.groovy:24)
	... 15 more
)
[[ATTACHMENT|C:\\Users\\GKOKABAYEVA\\Katalon Studio\\Parabank\\Reports\\20231108_100910\\Smoke Test Suites\\STS003 - Main page links verification\\20231108_100910\\1699456280904.png]]

2023-11-08 10:11:20 - [TEST_STEP][FAILED] - verifyElementText(findTestObject("Object Repository/Page_Automated Software Testing Tool Suite _51757b/ParasoftLogo"), ""): com.kms.katalon.core.webui.exception.WebElementNotFoundException: Web element with id: 'Object Repository/Page_Automated Software Testing Tool Suite _51757b/ParasoftLogo' located by '//img[contains(@src,'https://www.parasoft.com/wp-content/uploads/2020/06/parasoft.svg')]' not found (Root cause: com.kms.katalon.core.exception.StepFailedException: com.kms.katalon.core.webui.exception.WebElementNotFoundException: Web element with id: 'Object Repository/Page_Automated Software Testing Tool Suite _51757b/ParasoftLogo' located by '//img[contains(@src,'https://www.parasoft.com/wp-content/uploads/2020/06/parasoft.svg')]' not found
	at com.kms.katalon.core.webui.keyword.internal.WebUIKeywordMain.stepFailed(WebUIKeywordMain.groovy:64)
	at com.kms.katalon.core.webui.keyword.builtin.VerifyElementTextKeyword$_verifyElementText_closure1.doCall(VerifyElementTextKeyword.groovy:64)
	at com.kms.katalon.core.webui.keyword.builtin.VerifyElementTextKeyword$_verifyElementText_closure1.call(VerifyElementTextKeyword.groovy)
	at com.kms.katalon.core.webui.keyword.internal.WebUIKeywordMain.runKeyword(WebUIKeywordMain.groovy:20)
	at com.kms.katalon.core.webui.keyword.builtin.VerifyElementTextKeyword.verifyElementText(VerifyElementTextKeyword.groovy:72)
	at com.kms.katalon.core.webui.keyword.builtin.VerifyElementTextKeyword.execute(VerifyElementTextKeyword.groovy:40)
	at com.kms.katalon.core.keyword.internal.KeywordExecutor.executeKeywordForPlatform(KeywordExecutor.groovy:74)
	at com.kms.katalon.core.webui.keyword.WebUiBuiltInKeywords.verifyElementText(WebUiBuiltInKeywords.groovy:4796)
	at MTC009 - Verify Products link.run(MTC009 - Verify Products link:26)
	at com.kms.katalon.core.main.ScriptEngine.run(ScriptEngine.java:194)
	at com.kms.katalon.core.main.ScriptEngine.runScriptAsRawText(ScriptEngine.java:119)
	at com.kms.katalon.core.main.TestCaseExecutor.runScript(TestCaseExecutor.java:448)
	at com.kms.katalon.core.main.TestCaseExecutor.doExecute(TestCaseExecutor.java:439)
	at com.kms.katalon.core.main.TestCaseExecutor.processExecutionPhase(TestCaseExecutor.java:418)
	at com.kms.katalon.core.main.TestCaseExecutor.accessMainPhase(TestCaseExecutor.java:410)
	at com.kms.katalon.core.main.TestCaseExecutor.execute(TestCaseExecutor.java:285)
	at com.kms.katalon.core.common.CommonExecutor.accessTestCaseMainPhase(CommonExecutor.java:65)
	at com.kms.katalon.core.main.TestSuiteExecutor.accessTestSuiteMainPhase(TestSuiteExecutor.java:148)
	at com.kms.katalon.core.main.TestSuiteExecutor.execute(TestSuiteExecutor.java:106)
	at com.kms.katalon.core.main.TestCaseMain.startTestSuite(TestCaseMain.java:187)
	at TempTestSuite1699456150598.run(TempTestSuite1699456150598.groovy:36)
	at java.base/jdk.internal.reflect.NativeMethodAccessorImpl.invoke0(Native Method)
	at java.base/jdk.internal.reflect.NativeMethodAccessorImpl.invoke(NativeMethodAccessorImpl.java:77)
	at java.base/jdk.internal.reflect.DelegatingMethodAccessorImpl.invoke(DelegatingMethodAccessorImpl.java:43)
)

2023-11-08 10:11:52 - [MESSAGE][INFO] - Unable to find the element located by 'By.xpath: //img[contains(@src,'https://www.parasoft.com/wp-content/uploads/2020/06/parasoft.svg')]'. Please recheck the objects properties to make sure the desired element is located. 

2023-11-08 10:11:52 - [MESSAGE][WARNING] - [SELF-HEALING] Failed to find element with id 'Object Repository/Page_Automated Software Testing Tool Suite _51757b/ParasoftLogo'. Try using Self-healing.

2023-11-08 10:11:52 - [MESSAGE][INFO] - [SELF-HEALING] Failed Locator: '//img[contains(@src,'https://www.parasoft.com/wp-content/uploads/2020/06/parasoft.svg')]'.

2023-11-08 10:11:52 - [MESSAGE][INFO] - [SELF-HEALING] Failed Locator: '//img'.

2023-11-08 10:11:52 - [MESSAGE][INFO] - [SELF-HEALING] Failed Locator: '//img[@src = 'https://www.parasoft.com/wp-content/uploads/2020/06/parasoft.svg']'.

2023-11-08 10:11:52 - [MESSAGE][INFO] - [SELF-HEALING] Failed Locator: '//img[contains(@src,'https://www.parasoft.com/wp-content/uploads/2020/06/parasoft.svg')]'.

2023-11-08 10:11:52 - [MESSAGE][INFO] - [SELF-HEALING] Failed Locator: '//img'.

2023-11-08 10:11:52 - [MESSAGE][INFO] - [SELF-HEALING] Failed Locator: '//img[@src = 'https://www.parasoft.com/wp-content/uploads/2020/06/parasoft.svg']'.

2023-11-08 10:11:52 - [MESSAGE][INFO] - [SELF-HEALING] Failed Locator: '//img[contains(@src,'https://www.parasoft.com/wp-content/uploads/2020/06/parasoft.svg')]'.

2023-11-08 10:11:52 - [MESSAGE][INFO] - [SELF-HEALING] Failed Locator: '//img'.

2023-11-08 10:11:52 - [MESSAGE][INFO] - [SELF-HEALING] Failed Locator: '//img[@src = 'https://www.parasoft.com/wp-content/uploads/2020/06/parasoft.svg']'.

2023-11-08 10:11:52 - [MESSAGE][INFO] - [SELF-HEALING] Failed Locator: '//img[contains(@src,'https://www.parasoft.com/wp-content/uploads/2020/06/parasoft.svg')]'.

2023-11-08 10:11:52 - [MESSAGE][INFO] - [SELF-HEALING] Failed Locator: '//img'.

2023-11-08 10:11:52 - [MESSAGE][INFO] - [SELF-HEALING] Failed Locator: '//img[@src = 'https://www.parasoft.com/wp-content/uploads/2020/06/parasoft.svg']'.

2023-11-08 10:11:52 - [MESSAGE][INFO] - [SELF-HEALING] Failed Locator: '//img[contains(@src,'https://www.parasoft.com/wp-content/uploads/2020/06/parasoft.svg')]'.

2023-11-08 10:11:52 - [MESSAGE][INFO] - [SELF-HEALING] Failed Locator: '//img'.

2023-11-08 10:11:52 - [MESSAGE][INFO] - [SELF-HEALING] Failed Locator: '//img[@src = 'https://www.parasoft.com/wp-content/uploads/2020/06/parasoft.svg']'.

2023-11-08 10:11:52 - [MESSAGE][INFO] - [SELF-HEALING] Failed Locator: '//img[contains(@src,'https://www.parasoft.com/wp-content/uploads/2020/06/parasoft.svg')]'.

2023-11-08 10:11:52 - [MESSAGE][INFO] - [SELF-HEALING] Failed Locator: '//img'.

2023-11-08 10:11:52 - [MESSAGE][INFO] - [SELF-HEALING] Failed Locator: '//img[@src = 'https://www.parasoft.com/wp-content/uploads/2020/06/parasoft.svg']'.

2023-11-08 10:11:52 - [MESSAGE][INFO] - [SELF-HEALING] Failed Locator: '//img[contains(@src,'https://www.parasoft.com/wp-content/uploads/2020/06/parasoft.svg')]'.

2023-11-08 10:11:52 - [MESSAGE][INFO] - [SELF-HEALING] Failed Locator: '//img'.

2023-11-08 10:11:52 - [MESSAGE][INFO] - [SELF-HEALING] Failed Locator: '//img[@src = 'https://www.parasoft.com/wp-content/uploads/2020/06/parasoft.svg']'.

2023-11-08 10:11:52 - [MESSAGE][INFO] - [SELF-HEALING] Failed Locator: '//img[contains(@src,'https://www.parasoft.com/wp-content/uploads/2020/06/parasoft.svg')]'.

2023-11-08 10:11:52 - [MESSAGE][INFO] - [SELF-HEALING] Failed Locator: '//img'.

2023-11-08 10:11:52 - [MESSAGE][INFO] - [SELF-HEALING] Failed Locator: '//img[@src = 'https://www.parasoft.com/wp-content/uploads/2020/06/parasoft.svg']'.

2023-11-08 10:11:52 - [MESSAGE][INFO] - [SELF-HEALING] Failed Locator: '//img[contains(@src,'https://www.parasoft.com/wp-content/uploads/2020/06/parasoft.svg')]'.

2023-11-08 10:11:52 - [MESSAGE][INFO] - [SELF-HEALING] Failed Locator: '//img'.

2023-11-08 10:11:52 - [MESSAGE][INFO] - [SELF-HEALING] Failed Locator: '//img[@src = 'https://www.parasoft.com/wp-content/uploads/2020/06/parasoft.svg']'.

2023-11-08 10:11:52 - [MESSAGE][INFO] - [SELF-HEALING] Failed Locator: '//img[contains(@src,'https://www.parasoft.com/wp-content/uploads/2020/06/parasoft.svg')]'.

2023-11-08 10:11:52 - [MESSAGE][INFO] - [SELF-HEALING] Failed Locator: '//img'.

2023-11-08 10:11:52 - [MESSAGE][INFO] - [SELF-HEALING] Failed Locator: '//img[@src = 'https://www.parasoft.com/wp-content/uploads/2020/06/parasoft.svg']'.

2023-11-08 10:11:52 - [MESSAGE][INFO] - [SELF-HEALING] Failed Locator: '//img[contains(@src,'https://www.parasoft.com/wp-content/uploads/2020/06/parasoft.svg')]'.

2023-11-08 10:11:52 - [MESSAGE][INFO] - [SELF-HEALING] Failed Locator: '//img'.

2023-11-08 10:11:52 - [MESSAGE][INFO] - [SELF-HEALING] Failed Locator: '//img[@src = 'https://www.parasoft.com/wp-content/uploads/2020/06/parasoft.svg']'.

2023-11-08 10:11:52 - [MESSAGE][INFO] - [SELF-HEALING] Failed Locator: '//img[contains(@src,'https://www.parasoft.com/wp-content/uploads/2020/06/parasoft.svg')]'.

2023-11-08 10:11:52 - [MESSAGE][INFO] - [SELF-HEALING] Failed Locator: '//img'.

2023-11-08 10:11:52 - [MESSAGE][INFO] - [SELF-HEALING] Failed Locator: '//img[@src = 'https://www.parasoft.com/wp-content/uploads/2020/06/parasoft.svg']'.

2023-11-08 10:11:52 - [MESSAGE][INFO] - [SELF-HEALING] Failed Locator: '//img[contains(@src,'https://www.parasoft.com/wp-content/uploads/2020/06/parasoft.svg')]'.

2023-11-08 10:11:52 - [MESSAGE][INFO] - [SELF-HEALING] Failed Locator: '//img'.

2023-11-08 10:11:52 - [MESSAGE][INFO] - [SELF-HEALING] Failed Locator: '//img[@src = 'https://www.parasoft.com/wp-content/uploads/2020/06/parasoft.svg']'.

2023-11-08 10:11:52 - [MESSAGE][INFO] - [SELF-HEALING] Failed Locator: '//img[contains(@src,'https://www.parasoft.com/wp-content/uploads/2020/06/parasoft.svg')]'.

2023-11-08 10:11:52 - [MESSAGE][INFO] - [SELF-HEALING] Failed Locator: '//img'.

2023-11-08 10:11:52 - [MESSAGE][INFO] - [SELF-HEALING] Failed Locator: '//img[@src = 'https://www.parasoft.com/wp-content/uploads/2020/06/parasoft.svg']'.

2023-11-08 10:11:52 - [MESSAGE][INFO] - [SELF-HEALING] Failed Locator: '//img[contains(@src,'https://www.parasoft.com/wp-content/uploads/2020/06/parasoft.svg')]'.

2023-11-08 10:11:52 - [MESSAGE][INFO] - [SELF-HEALING] Failed Locator: '//img'.

2023-11-08 10:11:52 - [MESSAGE][INFO] - [SELF-HEALING] Failed Locator: '//img[@src = 'https://www.parasoft.com/wp-content/uploads/2020/06/parasoft.svg']'.

2023-11-08 10:11:52 - [MESSAGE][INFO] - [SELF-HEALING] Failed Locator: '//img[contains(@src,'https://www.parasoft.com/wp-content/uploads/2020/06/parasoft.svg')]'.

2023-11-08 10:11:53 - [MESSAGE][INFO] - [SELF-HEALING] Failed Locator: '//img'.

2023-11-08 10:11:53 - [MESSAGE][INFO] - [SELF-HEALING] Failed Locator: '//img[@src = 'https://www.parasoft.com/wp-content/uploads/2020/06/parasoft.svg']'.

2023-11-08 10:11:54 - [MESSAGE][INFO] - Unable to find the element located by 'By.xpath: //*[@src = 'https://www.parasoft.com/wp-content/uploads/2020/06/parasoft.svg']'. Please recheck the objects properties to make sure the desired element is located. 

2023-11-08 10:11:55 - [MESSAGE][INFO] - Unable to find the element located by 'By.cssSelector: img'. Please recheck the objects properties to make sure the desired element is located. 

2023-11-08 10:11:55 - [MESSAGE][FAILED] - com.kms.katalon.core.webui.exception.WebElementNotFoundException: Web element with id: 'Object Repository/Page_Automated Software Testing Tool Suite _51757b/ParasoftLogo' located by '//img[contains(@src,'https://www.parasoft.com/wp-content/uploads/2020/06/parasoft.svg')]' not found (Root cause: com.kms.katalon.core.exception.StepFailedException: com.kms.katalon.core.webui.exception.WebElementNotFoundException: Web element with id: 'Object Repository/Page_Automated Software Testing Tool Suite _51757b/ParasoftLogo' located by '//img[contains(@src,'https://www.parasoft.com/wp-content/uploads/2020/06/parasoft.svg')]' not found
	at com.kms.katalon.core.webui.keyword.internal.WebUIKeywordMain.stepFailed(WebUIKeywordMain.groovy:64)
	at com.kms.katalon.core.webui.keyword.builtin.VerifyElementTextKeyword$_verifyElementText_closure1.doCall(VerifyElementTextKeyword.groovy:64)
	at com.kms.katalon.core.webui.keyword.builtin.VerifyElementTextKeyword$_verifyElementText_closure1.call(VerifyElementTextKeyword.groovy)
	at com.kms.katalon.core.webui.keyword.internal.WebUIKeywordMain.runKeyword(WebUIKeywordMain.groovy:20)
	at com.kms.katalon.core.webui.keyword.builtin.VerifyElementTextKeyword.verifyElementText(VerifyElementTextKeyword.groovy:72)
	at com.kms.katalon.core.webui.keyword.builtin.VerifyElementTextKeyword.execute(VerifyElementTextKeyword.groovy:40)
	at com.kms.katalon.core.keyword.internal.KeywordExecutor.executeKeywordForPlatform(KeywordExecutor.groovy:74)
	at com.kms.katalon.core.webui.keyword.WebUiBuiltInKeywords.verifyElementText(WebUiBuiltInKeywords.groovy:4796)
	at MTC009 - Verify Products link.run(MTC009 - Verify Products link:26)
	at com.kms.katalon.core.main.ScriptEngine.run(ScriptEngine.java:194)
	at com.kms.katalon.core.main.ScriptEngine.runScriptAsRawText(ScriptEngine.java:119)
	at com.kms.katalon.core.main.TestCaseExecutor.runScript(TestCaseExecutor.java:448)
	at com.kms.katalon.core.main.TestCaseExecutor.doExecute(TestCaseExecutor.java:439)
	at com.kms.katalon.core.main.TestCaseExecutor.processExecutionPhase(TestCaseExecutor.java:418)
	at com.kms.katalon.core.main.TestCaseExecutor.accessMainPhase(TestCaseExecutor.java:410)
	at com.kms.katalon.core.main.TestCaseExecutor.execute(TestCaseExecutor.java:285)
	at com.kms.katalon.core.common.CommonExecutor.accessTestCaseMainPhase(CommonExecutor.java:65)
	at com.kms.katalon.core.main.TestSuiteExecutor.accessTestSuiteMainPhase(TestSuiteExecutor.java:148)
	at com.kms.katalon.core.main.TestSuiteExecutor.execute(TestSuiteExecutor.java:106)
	at com.kms.katalon.core.main.TestCaseMain.startTestSuite(TestCaseMain.java:187)
	at TempTestSuite1699456150598.run(TempTestSuite1699456150598.groovy:36)
	at java.base/jdk.internal.reflect.NativeMethodAccessorImpl.invoke0(Native Method)
	at java.base/jdk.internal.reflect.NativeMethodAccessorImpl.invoke(NativeMethodAccessorImpl.java:77)
	at java.base/jdk.internal.reflect.DelegatingMethodAccessorImpl.invoke(DelegatingMethodAccessorImpl.java:43)
)
[[ATTACHMENT|C:\\Users\\GKOKABAYEVA\\Katalon Studio\\Parabank\\Reports\\20231108_100910\\Smoke Test Suites\\STS003 - Main page links verification\\20231108_100910\\1699456315065.png]]

2023-11-08 10:11:55 - [TEST_STEP][FAILED] - verifyElementPresent(findTestObject("Object Repository/Page_Automated Software Testing Tool Suite _51757b/lnkProducts"), 0): com.kms.katalon.core.webui.exception.WebElementNotFoundException: Web element with id: 'Object Repository/Page_Automated Software Testing Tool Suite _51757b/lnkProducts' located by '//div[2]/div/div/div/div/div/span' not found (Root cause: com.kms.katalon.core.exception.StepFailedException: com.kms.katalon.core.webui.exception.WebElementNotFoundException: Web element with id: 'Object Repository/Page_Automated Software Testing Tool Suite _51757b/lnkProducts' located by '//div[2]/div/div/div/div/div/span' not found
	at com.kms.katalon.core.webui.keyword.internal.WebUIKeywordMain.stepFailed(WebUIKeywordMain.groovy:64)
	at com.kms.katalon.core.webui.keyword.builtin.VerifyElementPresentKeyword$_verifyElementPresent_closure1.doCall(VerifyElementPresentKeyword.groovy:85)
	at com.kms.katalon.core.webui.keyword.builtin.VerifyElementPresentKeyword$_verifyElementPresent_closure1.call(VerifyElementPresentKeyword.groovy)
	at com.kms.katalon.core.webui.keyword.internal.WebUIKeywordMain.runKeyword(WebUIKeywordMain.groovy:20)
	at com.kms.katalon.core.webui.keyword.builtin.VerifyElementPresentKeyword.verifyElementPresent(VerifyElementPresentKeyword.groovy:92)
	at com.kms.katalon.core.webui.keyword.builtin.VerifyElementPresentKeyword.execute(VerifyElementPresentKeyword.groovy:68)
	at com.kms.katalon.core.keyword.internal.KeywordExecutor.executeKeywordForPlatform(KeywordExecutor.groovy:74)
	at com.kms.katalon.core.webui.keyword.WebUiBuiltInKeywords.verifyElementPresent(WebUiBuiltInKeywords.groovy:1464)
	at MTC009 - Verify Products link.run(MTC009 - Verify Products link:29)
	at com.kms.katalon.core.main.ScriptEngine.run(ScriptEngine.java:194)
	at com.kms.katalon.core.main.ScriptEngine.runScriptAsRawText(ScriptEngine.java:119)
	at com.kms.katalon.core.main.TestCaseExecutor.runScript(TestCaseExecutor.java:448)
	at com.kms.katalon.core.main.TestCaseExecutor.doExecute(TestCaseExecutor.java:439)
	at com.kms.katalon.core.main.TestCaseExecutor.processExecutionPhase(TestCaseExecutor.java:418)
	at com.kms.katalon.core.main.TestCaseExecutor.accessMainPhase(TestCaseExecutor.java:410)
	at com.kms.katalon.core.main.TestCaseExecutor.execute(TestCaseExecutor.java:285)
	at com.kms.katalon.core.common.CommonExecutor.accessTestCaseMainPhase(CommonExecutor.java:65)
	at com.kms.katalon.core.main.TestSuiteExecutor.accessTestSuiteMainPhase(TestSuiteExecutor.java:148)
	at com.kms.katalon.core.main.TestSuiteExecutor.execute(TestSuiteExecutor.java:106)
	at com.kms.katalon.core.main.TestCaseMain.startTestSuite(TestCaseMain.java:187)
	at TempTestSuite1699456150598.run(TempTestSuite1699456150598.groovy:36)
	at java.base/jdk.internal.reflect.NativeMethodAccessorImpl.invoke0(Native Method)
	at java.base/jdk.internal.reflect.NativeMethodAccessorImpl.invoke(NativeMethodAccessorImpl.java:77)
	at java.base/jdk.internal.reflect.DelegatingMethodAccessorImpl.invoke(DelegatingMethodAccessorImpl.java:43)
)

2023-11-08 10:11:55 - [MESSAGE][WARNING] - Timeout '0' is invalid. Using default page load timeout: '30'

2023-11-08 10:12:26 - [MESSAGE][INFO] - Unable to find the element located by 'By.xpath: //div[2]/div/div/div/div/div/span'. Please recheck the objects properties to make sure the desired element is located. 

2023-11-08 10:12:26 - [MESSAGE][FAILED] - com.kms.katalon.core.webui.exception.WebElementNotFoundException: Web element with id: 'Object Repository/Page_Automated Software Testing Tool Suite _51757b/lnkProducts' located by '//div[2]/div/div/div/div/div/span' not found (Root cause: com.kms.katalon.core.exception.StepFailedException: com.kms.katalon.core.webui.exception.WebElementNotFoundException: Web element with id: 'Object Repository/Page_Automated Software Testing Tool Suite _51757b/lnkProducts' located by '//div[2]/div/div/div/div/div/span' not found
	at com.kms.katalon.core.webui.keyword.internal.WebUIKeywordMain.stepFailed(WebUIKeywordMain.groovy:64)
	at com.kms.katalon.core.webui.keyword.builtin.VerifyElementPresentKeyword$_verifyElementPresent_closure1.doCall(VerifyElementPresentKeyword.groovy:85)
	at com.kms.katalon.core.webui.keyword.builtin.VerifyElementPresentKeyword$_verifyElementPresent_closure1.call(VerifyElementPresentKeyword.groovy)
	at com.kms.katalon.core.webui.keyword.internal.WebUIKeywordMain.runKeyword(WebUIKeywordMain.groovy:20)
	at com.kms.katalon.core.webui.keyword.builtin.VerifyElementPresentKeyword.verifyElementPresent(VerifyElementPresentKeyword.groovy:92)
	at com.kms.katalon.core.webui.keyword.builtin.VerifyElementPresentKeyword.execute(VerifyElementPresentKeyword.groovy:68)
	at com.kms.katalon.core.keyword.internal.KeywordExecutor.executeKeywordForPlatform(KeywordExecutor.groovy:74)
	at com.kms.katalon.core.webui.keyword.WebUiBuiltInKeywords.verifyElementPresent(WebUiBuiltInKeywords.groovy:1464)
	at MTC009 - Verify Products link.run(MTC009 - Verify Products link:29)
	at com.kms.katalon.core.main.ScriptEngine.run(ScriptEngine.java:194)
	at com.kms.katalon.core.main.ScriptEngine.runScriptAsRawText(ScriptEngine.java:119)
	at com.kms.katalon.core.main.TestCaseExecutor.runScript(TestCaseExecutor.java:448)
	at com.kms.katalon.core.main.TestCaseExecutor.doExecute(TestCaseExecutor.java:439)
	at com.kms.katalon.core.main.TestCaseExecutor.processExecutionPhase(TestCaseExecutor.java:418)
	at com.kms.katalon.core.main.TestCaseExecutor.accessMainPhase(TestCaseExecutor.java:410)
	at com.kms.katalon.core.main.TestCaseExecutor.execute(TestCaseExecutor.java:285)
	at com.kms.katalon.core.common.CommonExecutor.accessTestCaseMainPhase(CommonExecutor.java:65)
	at com.kms.katalon.core.main.TestSuiteExecutor.accessTestSuiteMainPhase(TestSuiteExecutor.java:148)
	at com.kms.katalon.core.main.TestSuiteExecutor.execute(TestSuiteExecutor.java:106)
	at com.kms.katalon.core.main.TestCaseMain.startTestSuite(TestCaseMain.java:187)
	at TempTestSuite1699456150598.run(TempTestSuite1699456150598.groovy:36)
	at java.base/jdk.internal.reflect.NativeMethodAccessorImpl.invoke0(Native Method)
	at java.base/jdk.internal.reflect.NativeMethodAccessorImpl.invoke(NativeMethodAccessorImpl.java:77)
	at java.base/jdk.internal.reflect.DelegatingMethodAccessorImpl.invoke(DelegatingMethodAccessorImpl.java:43)
)
[[ATTACHMENT|C:\\Users\\GKOKABAYEVA\\Katalon Studio\\Parabank\\Reports\\20231108_100910\\Smoke Test Suites\\STS003 - Main page links verification\\20231108_100910\\1699456346248.png]]

2023-11-08 10:12:26 - [TEST_STEP][PASSED] - closeBrowser(): Browser is closed

2023-11-08 10:12:26 - [MESSAGE][PASSED] - Browser is closed]]></system-out>
         <system-err><![CDATA[2023-11-08 10:10:44 - [TEST_CASE][FAILED] - Test Cases/Main Test Cases/MTC009 - Verify Products link: Test Cases/Main Test Cases/MTC009 - Verify Products link FAILED.
Reason:
com.kms.katalon.core.exception.StepFailedException: Unable to click on object 'Object Repository/Page_ParaBank  Welcome  Online Banking/lnkProducts' (Root cause: com.kms.katalon.core.exception.StepFailedException: Unable to click on object 'Object Repository/Page_ParaBank  Welcome  Online Banking/lnkProducts'
	at com.kms.katalon.core.webui.keyword.internal.WebUIKeywordMain.stepFailed(WebUIKeywordMain.groovy:64)
	at com.kms.katalon.core.webui.keyword.internal.WebUIKeywordMain.runKeyword(WebUIKeywordMain.groovy:26)
	at com.kms.katalon.core.webui.keyword.builtin.ClickKeyword.click(ClickKeyword.groovy:74)
	at com.kms.katalon.core.webui.keyword.builtin.ClickKeyword.execute(ClickKeyword.groovy:40)
	at com.kms.katalon.core.keyword.internal.KeywordExecutor.executeKeywordForPlatform(KeywordExecutor.groovy:74)
	at com.kms.katalon.core.webui.keyword.WebUiBuiltInKeywords.click(WebUiBuiltInKeywords.groovy:620)
	at MTC009 - Verify Products link.run(MTC009 - Verify Products link:22)
	at com.kms.katalon.core.main.ScriptEngine.run(ScriptEngine.java:194)
	at com.kms.katalon.core.main.ScriptEngine.runScriptAsRawText(ScriptEngine.java:119)
	at com.kms.katalon.core.main.TestCaseExecutor.runScript(TestCaseExecutor.java:448)
	at com.kms.katalon.core.main.TestCaseExecutor.doExecute(TestCaseExecutor.java:439)
	at com.kms.katalon.core.main.TestCaseExecutor.processExecutionPhase(TestCaseExecutor.java:418)
	at com.kms.katalon.core.main.TestCaseExecutor.accessMainPhase(TestCaseExecutor.java:410)
	at com.kms.katalon.core.main.TestCaseExecutor.execute(TestCaseExecutor.java:285)
	at com.kms.katalon.core.common.CommonExecutor.accessTestCaseMainPhase(CommonExecutor.java:65)
	at com.kms.katalon.core.main.TestSuiteExecutor.accessTestSuiteMainPhase(TestSuiteExecutor.java:148)
	at com.kms.katalon.core.main.TestSuiteExecutor.execute(TestSuiteExecutor.java:106)
	at com.kms.katalon.core.main.TestCaseMain.startTestSuite(TestCaseMain.java:187)
	at TempTestSuite1699456150598.run(TempTestSuite1699456150598.groovy:36)
	at java.base/jdk.internal.reflect.NativeMethodAccessorImpl.invoke0(Native Method)
	at java.base/jdk.internal.reflect.NativeMethodAccessorImpl.invoke(NativeMethodAccessorImpl.java:77)
	at java.base/jdk.internal.reflect.DelegatingMethodAccessorImpl.invoke(DelegatingMethodAccessorImpl.java:43)
Caused by: com.kms.katalon.core.webui.exception.WebElementNotFoundException: Web element with id: 'Object Repository/Page_ParaBank  Welcome  Online Banking/lnkProducts' located by '//div[@id='headerPanel']/ul/li[4]/a' not found
	at com.kms.katalon.core.webui.common.WebUiCommonHelper.findWebElement(WebUiCommonHelper.java:1379)
	at com.kms.katalon.core.webui.keyword.internal.WebUIAbstractKeyword.findWebElement(WebUIAbstractKeyword.groovy:27)
	at com.kms.katalon.core.webui.keyword.builtin.ClickKeyword$_click_closure1.doCall(ClickKeyword.groovy:65)
	at com.kms.katalon.core.webui.keyword.builtin.ClickKeyword$_click_closure1.call(ClickKeyword.groovy)
	at com.kms.katalon.core.webui.keyword.internal.WebUIKeywordMain.runKeyword(WebUIKeywordMain.groovy:20)
	at com.kms.katalon.core.webui.keyword.builtin.ClickKeyword.click(ClickKeyword.groovy:74)
	at com.kms.katalon.core.webui.keyword.builtin.ClickKeyword.execute(ClickKeyword.groovy:40)
	at com.kms.katalon.core.keyword.internal.KeywordExecutor.executeKeywordForPlatform(KeywordExecutor.groovy:74)
	at com.kms.katalon.core.webui.keyword.WebUiBuiltInKeywords.click(WebUiBuiltInKeywords.groovy:620)
	at Script1698969954441.run(Script1698969954441.groovy:22)
	... 15 more
)
	at com.kms.katalon.core.keyword.internal.KeywordMain.stepFailed(KeywordMain.groovy:39)
	at com.kms.katalon.core.webui.keyword.internal.WebUIKeywordMain.stepFailed(WebUIKeywordMain.groovy:64)
	at com.kms.katalon.core.webui.keyword.internal.WebUIKeywordMain.runKeyword(WebUIKeywordMain.groovy:26)
	at com.kms.katalon.core.webui.keyword.builtin.ClickKeyword.click(ClickKeyword.groovy:74)
	at com.kms.katalon.core.webui.keyword.builtin.ClickKeyword.execute(ClickKeyword.groovy:40)
	at com.kms.katalon.core.keyword.internal.KeywordExecutor.executeKeywordForPlatform(KeywordExecutor.groovy:74)
	at com.kms.katalon.core.webui.keyword.WebUiBuiltInKeywords.click(WebUiBuiltInKeywords.groovy:620)
	at MTC009 - Verify Products link.run(MTC009 - Verify Products link:22)
	at com.kms.katalon.core.main.ScriptEngine.run(ScriptEngine.java:194)
	at com.kms.katalon.core.main.ScriptEngine.runScriptAsRawText(ScriptEngine.java:119)
	at com.kms.katalon.core.main.TestCaseExecutor.runScript(TestCaseExecutor.java:448)
	at com.kms.katalon.core.main.TestCaseExecutor.doExecute(TestCaseExecutor.java:439)
	at com.kms.katalon.core.main.TestCaseExecutor.processExecutionPhase(TestCaseExecutor.java:418)
	at com.kms.katalon.core.main.TestCaseExecutor.accessMainPhase(TestCaseExecutor.java:410)
	at com.kms.katalon.core.main.TestCaseExecutor.execute(TestCaseExecutor.java:285)
	at com.kms.katalon.core.common.CommonExecutor.accessTestCaseMainPhase(CommonExecutor.java:65)
	at com.kms.katalon.core.main.TestSuiteExecutor.accessTestSuiteMainPhase(TestSuiteExecutor.java:148)
	at com.kms.katalon.core.main.TestSuiteExecutor.execute(TestSuiteExecutor.java:106)
	at com.kms.katalon.core.main.TestCaseMain.startTestSuite(TestCaseMain.java:187)
	at TempTestSuite1699456150598.run(TempTestSuite1699456150598.groovy:36)
	at java.base/jdk.internal.reflect.NativeMethodAccessorImpl.invoke0(Native Method)
	at java.base/jdk.internal.reflect.NativeMethodAccessorImpl.invoke(NativeMethodAccessorImpl.java:77)
	at java.base/jdk.internal.reflect.DelegatingMethodAccessorImpl.invoke(DelegatingMethodAccessorImpl.java:43)
Caused by: com.kms.katalon.core.exception.StepFailedException: Unable to click on object 'Object Repository/Page_ParaBank  Welcome  Online Banking/lnkProducts'
	... 22 more
Caused by: com.kms.katalon.core.webui.exception.WebElementNotFoundException: Web element with id: 'Object Repository/Page_ParaBank  Welcome  Online Banking/lnkProducts' located by '//div[@id='headerPanel']/ul/li[4]/a' not found
	at com.kms.katalon.core.webui.common.WebUiCommonHelper.findWebElement(WebUiCommonHelper.java:1379)
	at com.kms.katalon.core.webui.keyword.internal.WebUIAbstractKeyword.findWebElement(WebUIAbstractKeyword.groovy:27)
	at com.kms.katalon.core.webui.keyword.builtin.ClickKeyword$_click_closure1.doCall(ClickKeyword.groovy:65)
	at com.kms.katalon.core.webui.keyword.builtin.ClickKeyword$_click_closure1.call(ClickKeyword.groovy)
	at com.kms.katalon.core.webui.keyword.internal.WebUIKeywordMain.runKeyword(WebUIKeywordMain.groovy:20)
	... 20 more]]></system-err>
      </testcase>
      <testcase name="Test Cases/Main Test Cases/MTC010 - Verify Locations link" time="102.034" classname="Test Cases/Main Test Cases/MTC010 - Verify Locations link" status="FAILED">
         <failure type="FAILED" message="Test Cases/Main Test Cases/MTC010 - Verify Locations link FAILED.&#xa;Reason:&#xa;com.kms.katalon.core.exception.StepFailedException: Unable to click on object 'Object Repository/Page_ParaBank  Welcome  Online Banking/lnkLocations' (Root cause: com.kms.katalon.core.exception.StepFailedException: Unable to click on object 'Object Repository/Page_ParaBank  Welcome  Online Banking/lnkLocations'&#xa;	at com.kms.katalon.core.webui.keyword.internal.WebUIKeywordMain.stepFailed(WebUIKeywordMain.groovy:64)&#xa;	at com.kms.katalon.core.webui.keyword.internal.WebUIKeywordMain.runKeyword(WebUIKeywordMain.groovy:26)&#xa;	at com.kms.katalon.core.webui.keyword.builtin.ClickKeyword.click(ClickKeyword.groovy:74)&#xa;	at com.kms.katalon.core.webui.keyword.builtin.ClickKeyword.execute(ClickKeyword.groovy:40)&#xa;	at com.kms.katalon.core.keyword.internal.KeywordExecutor.executeKeywordForPlatform(KeywordExecutor.groovy:74)&#xa;	at com.kms.katalon.core.webui.keyword.WebUiBuiltInKeywords.click(WebUiBuiltInKeywords.groovy:620)&#xa;	at MTC010 - Verify Locations link.run(MTC010 - Verify Locations link:22)&#xa;	at com.kms.katalon.core.main.ScriptEngine.run(ScriptEngine.java:194)&#xa;	at com.kms.katalon.core.main.ScriptEngine.runScriptAsRawText(ScriptEngine.java:119)&#xa;	at com.kms.katalon.core.main.TestCaseExecutor.runScript(TestCaseExecutor.java:448)&#xa;	at com.kms.katalon.core.main.TestCaseExecutor.doExecute(TestCaseExecutor.java:439)&#xa;	at com.kms.katalon.core.main.TestCaseExecutor.processExecutionPhase(TestCaseExecutor.java:418)&#xa;	at com.kms.katalon.core.main.TestCaseExecutor.accessMainPhase(TestCaseExecutor.java:410)&#xa;	at com.kms.katalon.core.main.TestCaseExecutor.execute(TestCaseExecutor.java:285)&#xa;	at com.kms.katalon.core.common.CommonExecutor.accessTestCaseMainPhase(CommonExecutor.java:65)&#xa;	at com.kms.katalon.core.main.TestSuiteExecutor.accessTestSuiteMainPhase(TestSuiteExecutor.java:148)&#xa;	at com.kms.katalon.core.main.TestSuiteExecutor.execute(TestSuiteExecutor.java:106)&#xa;	at com.kms.katalon.core.main.TestCaseMain.startTestSuite(TestCaseMain.java:187)&#xa;	at TempTestSuite1699456150598.run(TempTestSuite1699456150598.groovy:36)&#xa;	at java.base/jdk.internal.reflect.NativeMethodAccessorImpl.invoke0(Native Method)&#xa;	at java.base/jdk.internal.reflect.NativeMethodAccessorImpl.invoke(NativeMethodAccessorImpl.java:77)&#xa;	at java.base/jdk.internal.reflect.DelegatingMethodAccessorImpl.invoke(DelegatingMethodAccessorImpl.java:43)&#xa;Caused by: com.kms.katalon.core.webui.exception.WebElementNotFoundException: Web element with id: 'Object Repository/Page_ParaBank  Welcome  Online Banking/lnkLocations' located by '//div[@id='headerPanel']/ul/li[5]/a' not found&#xa;	at com.kms.katalon.core.webui.common.WebUiCommonHelper.findWebElement(WebUiCommonHelper.java:1379)&#xa;	at com.kms.katalon.core.webui.keyword.internal.WebUIAbstractKeyword.findWebElement(WebUIAbstractKeyword.groovy:27)&#xa;	at com.kms.katalon.core.webui.keyword.builtin.ClickKeyword$_click_closure1.doCall(ClickKeyword.groovy:65)&#xa;	at com.kms.katalon.core.webui.keyword.builtin.ClickKeyword$_click_closure1.call(ClickKeyword.groovy)&#xa;	at com.kms.katalon.core.webui.keyword.internal.WebUIKeywordMain.runKeyword(WebUIKeywordMain.groovy:20)&#xa;	at com.kms.katalon.core.webui.keyword.builtin.ClickKeyword.click(ClickKeyword.groovy:74)&#xa;	at com.kms.katalon.core.webui.keyword.builtin.ClickKeyword.execute(ClickKeyword.groovy:40)&#xa;	at com.kms.katalon.core.keyword.internal.KeywordExecutor.executeKeywordForPlatform(KeywordExecutor.groovy:74)&#xa;	at com.kms.katalon.core.webui.keyword.WebUiBuiltInKeywords.click(WebUiBuiltInKeywords.groovy:620)&#xa;	at Script1698969990529.run(Script1698969990529.groovy:22)&#xa;	... 15 more&#xa;)&#xa;	at com.kms.katalon.core.keyword.internal.KeywordMain.stepFailed(KeywordMain.groovy:39)&#xa;	at com.kms.katalon.core.webui.keyword.internal.WebUIKeywordMain.stepFailed(WebUIKeywordMain.groovy:64)&#xa;	at com.kms.katalon.core.webui.keyword.internal.WebUIKeywordMain.runKeyword(WebUIKeywordMain.groovy:26)&#xa;	at com.kms.katalon.core.webui.keyword.builtin.ClickKeyword.click(ClickKeyword.groovy:74)&#xa;	at com.kms.katalon.core.webui.keyword.builtin.ClickKeyword.execute(ClickKeyword.groovy:40)&#xa;	at com.kms.katalon.core.keyword.internal.KeywordExecutor.executeKeywordForPlatform(KeywordExecutor.groovy:74)&#xa;	at com.kms.katalon.core.webui.keyword.WebUiBuiltInKeywords.click(WebUiBuiltInKeywords.groovy:620)&#xa;	at MTC010 - Verify Locations link.run(MTC010 - Verify Locations link:22)&#xa;	at com.kms.katalon.core.main.ScriptEngine.run(ScriptEngine.java:194)&#xa;	at com.kms.katalon.core.main.ScriptEngine.runScriptAsRawText(ScriptEngine.java:119)&#xa;	at com.kms.katalon.core.main.TestCaseExecutor.runScript(TestCaseExecutor.java:448)&#xa;	at com.kms.katalon.core.main.TestCaseExecutor.doExecute(TestCaseExecutor.java:439)&#xa;	at com.kms.katalon.core.main.TestCaseExecutor.processExecutionPhase(TestCaseExecutor.java:418)&#xa;	at com.kms.katalon.core.main.TestCaseExecutor.accessMainPhase(TestCaseExecutor.java:410)&#xa;	at com.kms.katalon.core.main.TestCaseExecutor.execute(TestCaseExecutor.java:285)&#xa;	at com.kms.katalon.core.common.CommonExecutor.accessTestCaseMainPhase(CommonExecutor.java:65)&#xa;	at com.kms.katalon.core.main.TestSuiteExecutor.accessTestSuiteMainPhase(TestSuiteExecutor.java:148)&#xa;	at com.kms.katalon.core.main.TestSuiteExecutor.execute(TestSuiteExecutor.java:106)&#xa;	at com.kms.katalon.core.main.TestCaseMain.startTestSuite(TestCaseMain.java:187)&#xa;	at TempTestSuite1699456150598.run(TempTestSuite1699456150598.groovy:36)&#xa;	at java.base/jdk.internal.reflect.NativeMethodAccessorImpl.invoke0(Native Method)&#xa;	at java.base/jdk.internal.reflect.NativeMethodAccessorImpl.invoke(NativeMethodAccessorImpl.java:77)&#xa;	at java.base/jdk.internal.reflect.DelegatingMethodAccessorImpl.invoke(DelegatingMethodAccessorImpl.java:43)&#xa;Caused by: com.kms.katalon.core.exception.StepFailedException: Unable to click on object 'Object Repository/Page_ParaBank  Welcome  Online Banking/lnkLocations'&#xa;	... 22 more&#xa;Caused by: com.kms.katalon.core.webui.exception.WebElementNotFoundException: Web element with id: 'Object Repository/Page_ParaBank  Welcome  Online Banking/lnkLocations' located by '//div[@id='headerPanel']/ul/li[5]/a' not found&#xa;	at com.kms.katalon.core.webui.common.WebUiCommonHelper.findWebElement(WebUiCommonHelper.java:1379)&#xa;	at com.kms.katalon.core.webui.keyword.internal.WebUIAbstractKeyword.findWebElement(WebUIAbstractKeyword.groovy:27)&#xa;	at com.kms.katalon.core.webui.keyword.builtin.ClickKeyword$_click_closure1.doCall(ClickKeyword.groovy:65)&#xa;	at com.kms.katalon.core.webui.keyword.builtin.ClickKeyword$_click_closure1.call(ClickKeyword.groovy)&#xa;	at com.kms.katalon.core.webui.keyword.internal.WebUIKeywordMain.runKeyword(WebUIKeywordMain.groovy:20)&#xa;	... 20 more&#xa;"/>
         <system-out><![CDATA[2023-11-08 10:12:26 - [TEST_CASE][FAILED] - Test Cases/Main Test Cases/MTC010 - Verify Locations link: Test Cases/Main Test Cases/MTC010 - Verify Locations link FAILED.
Reason:
com.kms.katalon.core.exception.StepFailedException: Unable to click on object 'Object Repository/Page_ParaBank  Welcome  Online Banking/lnkLocations' (Root cause: com.kms.katalon.core.exception.StepFailedException: Unable to click on object 'Object Repository/Page_ParaBank  Welcome  Online Banking/lnkLocations'
	at com.kms.katalon.core.webui.keyword.internal.WebUIKeywordMain.stepFailed(WebUIKeywordMain.groovy:64)
	at com.kms.katalon.core.webui.keyword.internal.WebUIKeywordMain.runKeyword(WebUIKeywordMain.groovy:26)
	at com.kms.katalon.core.webui.keyword.builtin.ClickKeyword.click(ClickKeyword.groovy:74)
	at com.kms.katalon.core.webui.keyword.builtin.ClickKeyword.execute(ClickKeyword.groovy:40)
	at com.kms.katalon.core.keyword.internal.KeywordExecutor.executeKeywordForPlatform(KeywordExecutor.groovy:74)
	at com.kms.katalon.core.webui.keyword.WebUiBuiltInKeywords.click(WebUiBuiltInKeywords.groovy:620)
	at MTC010 - Verify Locations link.run(MTC010 - Verify Locations link:22)
	at com.kms.katalon.core.main.ScriptEngine.run(ScriptEngine.java:194)
	at com.kms.katalon.core.main.ScriptEngine.runScriptAsRawText(ScriptEngine.java:119)
	at com.kms.katalon.core.main.TestCaseExecutor.runScript(TestCaseExecutor.java:448)
	at com.kms.katalon.core.main.TestCaseExecutor.doExecute(TestCaseExecutor.java:439)
	at com.kms.katalon.core.main.TestCaseExecutor.processExecutionPhase(TestCaseExecutor.java:418)
	at com.kms.katalon.core.main.TestCaseExecutor.accessMainPhase(TestCaseExecutor.java:410)
	at com.kms.katalon.core.main.TestCaseExecutor.execute(TestCaseExecutor.java:285)
	at com.kms.katalon.core.common.CommonExecutor.accessTestCaseMainPhase(CommonExecutor.java:65)
	at com.kms.katalon.core.main.TestSuiteExecutor.accessTestSuiteMainPhase(TestSuiteExecutor.java:148)
	at com.kms.katalon.core.main.TestSuiteExecutor.execute(TestSuiteExecutor.java:106)
	at com.kms.katalon.core.main.TestCaseMain.startTestSuite(TestCaseMain.java:187)
	at TempTestSuite1699456150598.run(TempTestSuite1699456150598.groovy:36)
	at java.base/jdk.internal.reflect.NativeMethodAccessorImpl.invoke0(Native Method)
	at java.base/jdk.internal.reflect.NativeMethodAccessorImpl.invoke(NativeMethodAccessorImpl.java:77)
	at java.base/jdk.internal.reflect.DelegatingMethodAccessorImpl.invoke(DelegatingMethodAccessorImpl.java:43)
Caused by: com.kms.katalon.core.webui.exception.WebElementNotFoundException: Web element with id: 'Object Repository/Page_ParaBank  Welcome  Online Banking/lnkLocations' located by '//div[@id='headerPanel']/ul/li[5]/a' not found
	at com.kms.katalon.core.webui.common.WebUiCommonHelper.findWebElement(WebUiCommonHelper.java:1379)
	at com.kms.katalon.core.webui.keyword.internal.WebUIAbstractKeyword.findWebElement(WebUIAbstractKeyword.groovy:27)
	at com.kms.katalon.core.webui.keyword.builtin.ClickKeyword$_click_closure1.doCall(ClickKeyword.groovy:65)
	at com.kms.katalon.core.webui.keyword.builtin.ClickKeyword$_click_closure1.call(ClickKeyword.groovy)
	at com.kms.katalon.core.webui.keyword.internal.WebUIKeywordMain.runKeyword(WebUIKeywordMain.groovy:20)
	at com.kms.katalon.core.webui.keyword.builtin.ClickKeyword.click(ClickKeyword.groovy:74)
	at com.kms.katalon.core.webui.keyword.builtin.ClickKeyword.execute(ClickKeyword.groovy:40)
	at com.kms.katalon.core.keyword.internal.KeywordExecutor.executeKeywordForPlatform(KeywordExecutor.groovy:74)
	at com.kms.katalon.core.webui.keyword.WebUiBuiltInKeywords.click(WebUiBuiltInKeywords.groovy:620)
	at Script1698969990529.run(Script1698969990529.groovy:22)
	... 15 more
)
	at com.kms.katalon.core.keyword.internal.KeywordMain.stepFailed(KeywordMain.groovy:39)
	at com.kms.katalon.core.webui.keyword.internal.WebUIKeywordMain.stepFailed(WebUIKeywordMain.groovy:64)
	at com.kms.katalon.core.webui.keyword.internal.WebUIKeywordMain.runKeyword(WebUIKeywordMain.groovy:26)
	at com.kms.katalon.core.webui.keyword.builtin.ClickKeyword.click(ClickKeyword.groovy:74)
	at com.kms.katalon.core.webui.keyword.builtin.ClickKeyword.execute(ClickKeyword.groovy:40)
	at com.kms.katalon.core.keyword.internal.KeywordExecutor.executeKeywordForPlatform(KeywordExecutor.groovy:74)
	at com.kms.katalon.core.webui.keyword.WebUiBuiltInKeywords.click(WebUiBuiltInKeywords.groovy:620)
	at MTC010 - Verify Locations link.run(MTC010 - Verify Locations link:22)
	at com.kms.katalon.core.main.ScriptEngine.run(ScriptEngine.java:194)
	at com.kms.katalon.core.main.ScriptEngine.runScriptAsRawText(ScriptEngine.java:119)
	at com.kms.katalon.core.main.TestCaseExecutor.runScript(TestCaseExecutor.java:448)
	at com.kms.katalon.core.main.TestCaseExecutor.doExecute(TestCaseExecutor.java:439)
	at com.kms.katalon.core.main.TestCaseExecutor.processExecutionPhase(TestCaseExecutor.java:418)
	at com.kms.katalon.core.main.TestCaseExecutor.accessMainPhase(TestCaseExecutor.java:410)
	at com.kms.katalon.core.main.TestCaseExecutor.execute(TestCaseExecutor.java:285)
	at com.kms.katalon.core.common.CommonExecutor.accessTestCaseMainPhase(CommonExecutor.java:65)
	at com.kms.katalon.core.main.TestSuiteExecutor.accessTestSuiteMainPhase(TestSuiteExecutor.java:148)
	at com.kms.katalon.core.main.TestSuiteExecutor.execute(TestSuiteExecutor.java:106)
	at com.kms.katalon.core.main.TestCaseMain.startTestSuite(TestCaseMain.java:187)
	at TempTestSuite1699456150598.run(TempTestSuite1699456150598.groovy:36)
	at java.base/jdk.internal.reflect.NativeMethodAccessorImpl.invoke0(Native Method)
	at java.base/jdk.internal.reflect.NativeMethodAccessorImpl.invoke(NativeMethodAccessorImpl.java:77)
	at java.base/jdk.internal.reflect.DelegatingMethodAccessorImpl.invoke(DelegatingMethodAccessorImpl.java:43)
Caused by: com.kms.katalon.core.exception.StepFailedException: Unable to click on object 'Object Repository/Page_ParaBank  Welcome  Online Banking/lnkLocations'
	... 22 more
Caused by: com.kms.katalon.core.webui.exception.WebElementNotFoundException: Web element with id: 'Object Repository/Page_ParaBank  Welcome  Online Banking/lnkLocations' located by '//div[@id='headerPanel']/ul/li[5]/a' not found
	at com.kms.katalon.core.webui.common.WebUiCommonHelper.findWebElement(WebUiCommonHelper.java:1379)
	at com.kms.katalon.core.webui.keyword.internal.WebUIAbstractKeyword.findWebElement(WebUIAbstractKeyword.groovy:27)
	at com.kms.katalon.core.webui.keyword.builtin.ClickKeyword$_click_closure1.doCall(ClickKeyword.groovy:65)
	at com.kms.katalon.core.webui.keyword.builtin.ClickKeyword$_click_closure1.call(ClickKeyword.groovy)
	at com.kms.katalon.core.webui.keyword.internal.WebUIKeywordMain.runKeyword(WebUIKeywordMain.groovy:20)
	... 20 more


2023-11-08 10:12:26 - [TEST_STEP][PASSED] - callTestCase(findTestCase("Reusable Test Cases/Open the webapp"), [:], CONTINUE_ON_FAILURE): Call Test Case 'Test Cases/Reusable Test Cases/Open the webapp' successfully

2023-11-08 10:12:26 - [TEST_CASE][PASSED] - Test Cases/Reusable Test Cases/Open the webapp: Test Cases/Reusable Test Cases/Open the webapp

2023-11-08 10:12:26 - [TEST_STEP][PASSED] - openBrowser(URL): Browser is opened with url: 'null'

2023-11-08 10:12:26 - [MESSAGE][INFO] - Starting 'Chrome (headless)' driver

2023-11-08 10:12:26 - [MESSAGE][INFO] - User set preference: ['property', '**window-size=1500,1000']

2023-11-08 10:12:26 - [MESSAGE][INFO] - Action delay is set to 0 milliseconds

2023-11-08 10:12:28 - [MESSAGE][WARNING] - FFmpeg was not installed! Browser Recording will be disabled. Please follow this document to install FFmpeg first: https://docs.katalon.com/katalon-studio/docs/screenshots-videos.html#browser-based-recorder

2023-11-08 10:12:28 - [MESSAGE][PASSED] - Browser is opened with url: 'null'

2023-11-08 10:12:28 - [TEST_STEP][PASSED] - maximizeWindow(): Current window maximized

2023-11-08 10:12:28 - [MESSAGE][PASSED] - Current window maximized

2023-11-08 10:12:28 - [MESSAGE][PASSED] - Call Test Case 'Test Cases/Reusable Test Cases/Open the webapp' successfully

2023-11-08 10:12:28 - [TEST_STEP][FAILED] - click(findTestObject("Object Repository/Page_ParaBank  Welcome  Online Banking/lnkLocations")): Unable to click on object 'Object Repository/Page_ParaBank  Welcome  Online Banking/lnkLocations' (Root cause: com.kms.katalon.core.exception.StepFailedException: Unable to click on object 'Object Repository/Page_ParaBank  Welcome  Online Banking/lnkLocations'
	at com.kms.katalon.core.webui.keyword.internal.WebUIKeywordMain.stepFailed(WebUIKeywordMain.groovy:64)
	at com.kms.katalon.core.webui.keyword.internal.WebUIKeywordMain.runKeyword(WebUIKeywordMain.groovy:26)
	at com.kms.katalon.core.webui.keyword.builtin.ClickKeyword.click(ClickKeyword.groovy:74)
	at com.kms.katalon.core.webui.keyword.builtin.ClickKeyword.execute(ClickKeyword.groovy:40)
	at com.kms.katalon.core.keyword.internal.KeywordExecutor.executeKeywordForPlatform(KeywordExecutor.groovy:74)
	at com.kms.katalon.core.webui.keyword.WebUiBuiltInKeywords.click(WebUiBuiltInKeywords.groovy:620)
	at MTC010 - Verify Locations link.run(MTC010 - Verify Locations link:22)
	at com.kms.katalon.core.main.ScriptEngine.run(ScriptEngine.java:194)
	at com.kms.katalon.core.main.ScriptEngine.runScriptAsRawText(ScriptEngine.java:119)
	at com.kms.katalon.core.main.TestCaseExecutor.runScript(TestCaseExecutor.java:448)
	at com.kms.katalon.core.main.TestCaseExecutor.doExecute(TestCaseExecutor.java:439)
	at com.kms.katalon.core.main.TestCaseExecutor.processExecutionPhase(TestCaseExecutor.java:418)
	at com.kms.katalon.core.main.TestCaseExecutor.accessMainPhase(TestCaseExecutor.java:410)
	at com.kms.katalon.core.main.TestCaseExecutor.execute(TestCaseExecutor.java:285)
	at com.kms.katalon.core.common.CommonExecutor.accessTestCaseMainPhase(CommonExecutor.java:65)
	at com.kms.katalon.core.main.TestSuiteExecutor.accessTestSuiteMainPhase(TestSuiteExecutor.java:148)
	at com.kms.katalon.core.main.TestSuiteExecutor.execute(TestSuiteExecutor.java:106)
	at com.kms.katalon.core.main.TestCaseMain.startTestSuite(TestCaseMain.java:187)
	at TempTestSuite1699456150598.run(TempTestSuite1699456150598.groovy:36)
	at java.base/jdk.internal.reflect.NativeMethodAccessorImpl.invoke0(Native Method)
	at java.base/jdk.internal.reflect.NativeMethodAccessorImpl.invoke(NativeMethodAccessorImpl.java:77)
	at java.base/jdk.internal.reflect.DelegatingMethodAccessorImpl.invoke(DelegatingMethodAccessorImpl.java:43)
Caused by: com.kms.katalon.core.webui.exception.WebElementNotFoundException: Web element with id: 'Object Repository/Page_ParaBank  Welcome  Online Banking/lnkLocations' located by '//div[@id='headerPanel']/ul/li[5]/a' not found
	at com.kms.katalon.core.webui.common.WebUiCommonHelper.findWebElement(WebUiCommonHelper.java:1379)
	at com.kms.katalon.core.webui.keyword.internal.WebUIAbstractKeyword.findWebElement(WebUIAbstractKeyword.groovy:27)
	at com.kms.katalon.core.webui.keyword.builtin.ClickKeyword$_click_closure1.doCall(ClickKeyword.groovy:65)
	at com.kms.katalon.core.webui.keyword.builtin.ClickKeyword$_click_closure1.call(ClickKeyword.groovy)
	at com.kms.katalon.core.webui.keyword.internal.WebUIKeywordMain.runKeyword(WebUIKeywordMain.groovy:20)
	at com.kms.katalon.core.webui.keyword.builtin.ClickKeyword.click(ClickKeyword.groovy:74)
	at com.kms.katalon.core.webui.keyword.builtin.ClickKeyword.execute(ClickKeyword.groovy:40)
	at com.kms.katalon.core.keyword.internal.KeywordExecutor.executeKeywordForPlatform(KeywordExecutor.groovy:74)
	at com.kms.katalon.core.webui.keyword.WebUiBuiltInKeywords.click(WebUiBuiltInKeywords.groovy:620)
	at Script1698969990529.run(Script1698969990529.groovy:22)
	... 15 more
)

2023-11-08 10:12:59 - [MESSAGE][INFO] - Unable to find the element located by 'By.xpath: //div[@id='headerPanel']/ul/li[5]/a'. Please recheck the objects properties to make sure the desired element is located. 

2023-11-08 10:12:59 - [MESSAGE][WARNING] - [SELF-HEALING] Failed to find element with id 'Object Repository/Page_ParaBank  Welcome  Online Banking/lnkLocations'. Try using Self-healing.

2023-11-08 10:12:59 - [MESSAGE][INFO] - [SELF-HEALING] Failed Locator: '//div[@id='headerPanel']/ul/li[5]/a'.

2023-11-08 10:12:59 - [MESSAGE][INFO] - [SELF-HEALING] Failed Locator: '//a[contains(text(),'Locations')]'.

2023-11-08 10:12:59 - [MESSAGE][INFO] - [SELF-HEALING] Failed Locator: '//a[@href='http://www.parasoft.com/jsp/pr/contacts.jsp']'.

2023-11-08 10:12:59 - [MESSAGE][INFO] - [SELF-HEALING] Failed Locator: '//li[5]/a'.

2023-11-08 10:12:59 - [MESSAGE][INFO] - [SELF-HEALING] Failed Locator: '//a[@href = 'http://www.parasoft.com/jsp/pr/contacts.jsp' and (text() = 'Locations' or . = 'Locations')]'.

2023-11-08 10:13:00 - [MESSAGE][INFO] - [SELF-HEALING] Failed Locator: '//div[@id='headerPanel']/ul/li[5]/a'.

2023-11-08 10:13:00 - [MESSAGE][INFO] - [SELF-HEALING] Failed Locator: '//a[contains(text(),'Locations')]'.

2023-11-08 10:13:00 - [MESSAGE][INFO] - [SELF-HEALING] Failed Locator: '//a[@href='http://www.parasoft.com/jsp/pr/contacts.jsp']'.

2023-11-08 10:13:00 - [MESSAGE][INFO] - [SELF-HEALING] Failed Locator: '//li[5]/a'.

2023-11-08 10:13:00 - [MESSAGE][INFO] - [SELF-HEALING] Failed Locator: '//a[@href = 'http://www.parasoft.com/jsp/pr/contacts.jsp' and (text() = 'Locations' or . = 'Locations')]'.

2023-11-08 10:13:00 - [MESSAGE][INFO] - [SELF-HEALING] Failed Locator: '//div[@id='headerPanel']/ul/li[5]/a'.

2023-11-08 10:13:00 - [MESSAGE][INFO] - [SELF-HEALING] Failed Locator: '//a[contains(text(),'Locations')]'.

2023-11-08 10:13:00 - [MESSAGE][INFO] - [SELF-HEALING] Failed Locator: '//a[@href='http://www.parasoft.com/jsp/pr/contacts.jsp']'.

2023-11-08 10:13:00 - [MESSAGE][INFO] - [SELF-HEALING] Failed Locator: '//li[5]/a'.

2023-11-08 10:13:00 - [MESSAGE][INFO] - [SELF-HEALING] Failed Locator: '//a[@href = 'http://www.parasoft.com/jsp/pr/contacts.jsp' and (text() = 'Locations' or . = 'Locations')]'.

2023-11-08 10:13:00 - [MESSAGE][INFO] - [SELF-HEALING] Failed Locator: '//div[@id='headerPanel']/ul/li[5]/a'.

2023-11-08 10:13:00 - [MESSAGE][INFO] - [SELF-HEALING] Failed Locator: '//a[contains(text(),'Locations')]'.

2023-11-08 10:13:00 - [MESSAGE][INFO] - [SELF-HEALING] Failed Locator: '//a[@href='http://www.parasoft.com/jsp/pr/contacts.jsp']'.

2023-11-08 10:13:00 - [MESSAGE][INFO] - [SELF-HEALING] Failed Locator: '//li[5]/a'.

2023-11-08 10:13:00 - [MESSAGE][INFO] - [SELF-HEALING] Failed Locator: '//a[@href = 'http://www.parasoft.com/jsp/pr/contacts.jsp' and (text() = 'Locations' or . = 'Locations')]'.

2023-11-08 10:13:00 - [MESSAGE][INFO] - [SELF-HEALING] Failed Locator: '//div[@id='headerPanel']/ul/li[5]/a'.

2023-11-08 10:13:00 - [MESSAGE][INFO] - [SELF-HEALING] Failed Locator: '//a[contains(text(),'Locations')]'.

2023-11-08 10:13:00 - [MESSAGE][INFO] - [SELF-HEALING] Failed Locator: '//a[@href='http://www.parasoft.com/jsp/pr/contacts.jsp']'.

2023-11-08 10:13:00 - [MESSAGE][INFO] - [SELF-HEALING] Failed Locator: '//li[5]/a'.

2023-11-08 10:13:00 - [MESSAGE][INFO] - [SELF-HEALING] Failed Locator: '//a[@href = 'http://www.parasoft.com/jsp/pr/contacts.jsp' and (text() = 'Locations' or . = 'Locations')]'.

2023-11-08 10:13:00 - [MESSAGE][INFO] - [SELF-HEALING] Failed Locator: '//div[@id='headerPanel']/ul/li[5]/a'.

2023-11-08 10:13:00 - [MESSAGE][INFO] - [SELF-HEALING] Failed Locator: '//a[contains(text(),'Locations')]'.

2023-11-08 10:13:00 - [MESSAGE][INFO] - [SELF-HEALING] Failed Locator: '//a[@href='http://www.parasoft.com/jsp/pr/contacts.jsp']'.

2023-11-08 10:13:00 - [MESSAGE][INFO] - [SELF-HEALING] Failed Locator: '//li[5]/a'.

2023-11-08 10:13:00 - [MESSAGE][INFO] - [SELF-HEALING] Failed Locator: '//a[@href = 'http://www.parasoft.com/jsp/pr/contacts.jsp' and (text() = 'Locations' or . = 'Locations')]'.

2023-11-08 10:13:00 - [MESSAGE][INFO] - [SELF-HEALING] Failed Locator: '//div[@id='headerPanel']/ul/li[5]/a'.

2023-11-08 10:13:00 - [MESSAGE][INFO] - [SELF-HEALING] Failed Locator: '//a[contains(text(),'Locations')]'.

2023-11-08 10:13:00 - [MESSAGE][INFO] - [SELF-HEALING] Failed Locator: '//a[@href='http://www.parasoft.com/jsp/pr/contacts.jsp']'.

2023-11-08 10:13:00 - [MESSAGE][INFO] - [SELF-HEALING] Failed Locator: '//li[5]/a'.

2023-11-08 10:13:00 - [MESSAGE][INFO] - [SELF-HEALING] Failed Locator: '//a[@href = 'http://www.parasoft.com/jsp/pr/contacts.jsp' and (text() = 'Locations' or . = 'Locations')]'.

2023-11-08 10:13:00 - [MESSAGE][INFO] - [SELF-HEALING] Failed Locator: '//div[@id='headerPanel']/ul/li[5]/a'.

2023-11-08 10:13:00 - [MESSAGE][INFO] - [SELF-HEALING] Failed Locator: '//a[contains(text(),'Locations')]'.

2023-11-08 10:13:00 - [MESSAGE][INFO] - [SELF-HEALING] Failed Locator: '//a[@href='http://www.parasoft.com/jsp/pr/contacts.jsp']'.

2023-11-08 10:13:00 - [MESSAGE][INFO] - [SELF-HEALING] Failed Locator: '//li[5]/a'.

2023-11-08 10:13:00 - [MESSAGE][INFO] - [SELF-HEALING] Failed Locator: '//a[@href = 'http://www.parasoft.com/jsp/pr/contacts.jsp' and (text() = 'Locations' or . = 'Locations')]'.

2023-11-08 10:13:00 - [MESSAGE][INFO] - [SELF-HEALING] Failed Locator: '//div[@id='headerPanel']/ul/li[5]/a'.

2023-11-08 10:13:00 - [MESSAGE][INFO] - [SELF-HEALING] Failed Locator: '//a[contains(text(),'Locations')]'.

2023-11-08 10:13:00 - [MESSAGE][INFO] - [SELF-HEALING] Failed Locator: '//a[@href='http://www.parasoft.com/jsp/pr/contacts.jsp']'.

2023-11-08 10:13:00 - [MESSAGE][INFO] - [SELF-HEALING] Failed Locator: '//li[5]/a'.

2023-11-08 10:13:00 - [MESSAGE][INFO] - [SELF-HEALING] Failed Locator: '//a[@href = 'http://www.parasoft.com/jsp/pr/contacts.jsp' and (text() = 'Locations' or . = 'Locations')]'.

2023-11-08 10:13:01 - [MESSAGE][INFO] - Unable to find the element located by 'By.xpath: //*[@href = 'http://www.parasoft.com/jsp/pr/contacts.jsp' and (text() = 'Locations' or . = 'Locations')]'. Please recheck the objects properties to make sure the desired element is located. 

2023-11-08 10:13:02 - [MESSAGE][INFO] - Unable to find the element located by 'By.cssSelector: li:nth-of-type(5) > a'. Please recheck the objects properties to make sure the desired element is located. 

2023-11-08 10:13:02 - [MESSAGE][FAILED] - Unable to click on object 'Object Repository/Page_ParaBank  Welcome  Online Banking/lnkLocations' (Root cause: com.kms.katalon.core.exception.StepFailedException: Unable to click on object 'Object Repository/Page_ParaBank  Welcome  Online Banking/lnkLocations'
	at com.kms.katalon.core.webui.keyword.internal.WebUIKeywordMain.stepFailed(WebUIKeywordMain.groovy:64)
	at com.kms.katalon.core.webui.keyword.internal.WebUIKeywordMain.runKeyword(WebUIKeywordMain.groovy:26)
	at com.kms.katalon.core.webui.keyword.builtin.ClickKeyword.click(ClickKeyword.groovy:74)
	at com.kms.katalon.core.webui.keyword.builtin.ClickKeyword.execute(ClickKeyword.groovy:40)
	at com.kms.katalon.core.keyword.internal.KeywordExecutor.executeKeywordForPlatform(KeywordExecutor.groovy:74)
	at com.kms.katalon.core.webui.keyword.WebUiBuiltInKeywords.click(WebUiBuiltInKeywords.groovy:620)
	at MTC010 - Verify Locations link.run(MTC010 - Verify Locations link:22)
	at com.kms.katalon.core.main.ScriptEngine.run(ScriptEngine.java:194)
	at com.kms.katalon.core.main.ScriptEngine.runScriptAsRawText(ScriptEngine.java:119)
	at com.kms.katalon.core.main.TestCaseExecutor.runScript(TestCaseExecutor.java:448)
	at com.kms.katalon.core.main.TestCaseExecutor.doExecute(TestCaseExecutor.java:439)
	at com.kms.katalon.core.main.TestCaseExecutor.processExecutionPhase(TestCaseExecutor.java:418)
	at com.kms.katalon.core.main.TestCaseExecutor.accessMainPhase(TestCaseExecutor.java:410)
	at com.kms.katalon.core.main.TestCaseExecutor.execute(TestCaseExecutor.java:285)
	at com.kms.katalon.core.common.CommonExecutor.accessTestCaseMainPhase(CommonExecutor.java:65)
	at com.kms.katalon.core.main.TestSuiteExecutor.accessTestSuiteMainPhase(TestSuiteExecutor.java:148)
	at com.kms.katalon.core.main.TestSuiteExecutor.execute(TestSuiteExecutor.java:106)
	at com.kms.katalon.core.main.TestCaseMain.startTestSuite(TestCaseMain.java:187)
	at TempTestSuite1699456150598.run(TempTestSuite1699456150598.groovy:36)
	at java.base/jdk.internal.reflect.NativeMethodAccessorImpl.invoke0(Native Method)
	at java.base/jdk.internal.reflect.NativeMethodAccessorImpl.invoke(NativeMethodAccessorImpl.java:77)
	at java.base/jdk.internal.reflect.DelegatingMethodAccessorImpl.invoke(DelegatingMethodAccessorImpl.java:43)
Caused by: com.kms.katalon.core.webui.exception.WebElementNotFoundException: Web element with id: 'Object Repository/Page_ParaBank  Welcome  Online Banking/lnkLocations' located by '//div[@id='headerPanel']/ul/li[5]/a' not found
	at com.kms.katalon.core.webui.common.WebUiCommonHelper.findWebElement(WebUiCommonHelper.java:1379)
	at com.kms.katalon.core.webui.keyword.internal.WebUIAbstractKeyword.findWebElement(WebUIAbstractKeyword.groovy:27)
	at com.kms.katalon.core.webui.keyword.builtin.ClickKeyword$_click_closure1.doCall(ClickKeyword.groovy:65)
	at com.kms.katalon.core.webui.keyword.builtin.ClickKeyword$_click_closure1.call(ClickKeyword.groovy)
	at com.kms.katalon.core.webui.keyword.internal.WebUIKeywordMain.runKeyword(WebUIKeywordMain.groovy:20)
	at com.kms.katalon.core.webui.keyword.builtin.ClickKeyword.click(ClickKeyword.groovy:74)
	at com.kms.katalon.core.webui.keyword.builtin.ClickKeyword.execute(ClickKeyword.groovy:40)
	at com.kms.katalon.core.keyword.internal.KeywordExecutor.executeKeywordForPlatform(KeywordExecutor.groovy:74)
	at com.kms.katalon.core.webui.keyword.WebUiBuiltInKeywords.click(WebUiBuiltInKeywords.groovy:620)
	at Script1698969990529.run(Script1698969990529.groovy:22)
	... 15 more
)
[[ATTACHMENT|C:\\Users\\GKOKABAYEVA\\Katalon Studio\\Parabank\\Reports\\20231108_100910\\Smoke Test Suites\\STS003 - Main page links verification\\20231108_100910\\1699456382934.png]]

2023-11-08 10:13:02 - [TEST_STEP][FAILED] - navigateToUrl(SOLUTIONS_URL): Unable to navigate to 'null' (Root cause: com.kms.katalon.core.exception.StepFailedException: Unable to navigate to 'null'
	at com.kms.katalon.core.webui.keyword.internal.WebUIKeywordMain.stepFailed(WebUIKeywordMain.groovy:64)
	at com.kms.katalon.core.webui.keyword.internal.WebUIKeywordMain.runKeyword(WebUIKeywordMain.groovy:26)
	at com.kms.katalon.core.webui.keyword.builtin.NavigateToUrlKeyword.navigateToUrl(NavigateToUrlKeyword.groovy:83)
	at com.kms.katalon.core.webui.keyword.builtin.NavigateToUrlKeyword.execute(NavigateToUrlKeyword.groovy:67)
	at com.kms.katalon.core.keyword.internal.KeywordExecutor.executeKeywordForPlatform(KeywordExecutor.groovy:74)
	at com.kms.katalon.core.webui.keyword.WebUiBuiltInKeywords.navigateToUrl(WebUiBuiltInKeywords.groovy:187)
	at MTC010 - Verify Locations link.run(MTC010 - Verify Locations link:24)
	at com.kms.katalon.core.main.ScriptEngine.run(ScriptEngine.java:194)
	at com.kms.katalon.core.main.ScriptEngine.runScriptAsRawText(ScriptEngine.java:119)
	at com.kms.katalon.core.main.TestCaseExecutor.runScript(TestCaseExecutor.java:448)
	at com.kms.katalon.core.main.TestCaseExecutor.doExecute(TestCaseExecutor.java:439)
	at com.kms.katalon.core.main.TestCaseExecutor.processExecutionPhase(TestCaseExecutor.java:418)
	at com.kms.katalon.core.main.TestCaseExecutor.accessMainPhase(TestCaseExecutor.java:410)
	at com.kms.katalon.core.main.TestCaseExecutor.execute(TestCaseExecutor.java:285)
	at com.kms.katalon.core.common.CommonExecutor.accessTestCaseMainPhase(CommonExecutor.java:65)
	at com.kms.katalon.core.main.TestSuiteExecutor.accessTestSuiteMainPhase(TestSuiteExecutor.java:148)
	at com.kms.katalon.core.main.TestSuiteExecutor.execute(TestSuiteExecutor.java:106)
	at com.kms.katalon.core.main.TestCaseMain.startTestSuite(TestCaseMain.java:187)
	at TempTestSuite1699456150598.run(TempTestSuite1699456150598.groovy:36)
	at java.base/jdk.internal.reflect.NativeMethodAccessorImpl.invoke0(Native Method)
	at java.base/jdk.internal.reflect.NativeMethodAccessorImpl.invoke(NativeMethodAccessorImpl.java:77)
	at java.base/jdk.internal.reflect.DelegatingMethodAccessorImpl.invoke(DelegatingMethodAccessorImpl.java:43)
Caused by: java.lang.IllegalArgumentException: Url cannot be null or empty
	at com.kms.katalon.core.webui.keyword.builtin.NavigateToUrlKeyword$_navigateToUrl_closure1.doCall(NavigateToUrlKeyword.groovy:75)
	at com.kms.katalon.core.webui.keyword.builtin.NavigateToUrlKeyword$_navigateToUrl_closure1.call(NavigateToUrlKeyword.groovy)
	at com.kms.katalon.core.webui.keyword.internal.WebUIKeywordMain.runKeyword(WebUIKeywordMain.groovy:20)
	at com.kms.katalon.core.webui.keyword.builtin.NavigateToUrlKeyword.navigateToUrl(NavigateToUrlKeyword.groovy:83)
	at com.kms.katalon.core.webui.keyword.builtin.NavigateToUrlKeyword.execute(NavigateToUrlKeyword.groovy:67)
	at com.kms.katalon.core.keyword.internal.KeywordExecutor.executeKeywordForPlatform(KeywordExecutor.groovy:74)
	at com.kms.katalon.core.webui.keyword.WebUiBuiltInKeywords.navigateToUrl(WebUiBuiltInKeywords.groovy:187)
	at Script1698969990529.run(Script1698969990529.groovy:24)
	... 15 more
)

2023-11-08 10:13:03 - [MESSAGE][FAILED] - Unable to navigate to 'null' (Root cause: com.kms.katalon.core.exception.StepFailedException: Unable to navigate to 'null'
	at com.kms.katalon.core.webui.keyword.internal.WebUIKeywordMain.stepFailed(WebUIKeywordMain.groovy:64)
	at com.kms.katalon.core.webui.keyword.internal.WebUIKeywordMain.runKeyword(WebUIKeywordMain.groovy:26)
	at com.kms.katalon.core.webui.keyword.builtin.NavigateToUrlKeyword.navigateToUrl(NavigateToUrlKeyword.groovy:83)
	at com.kms.katalon.core.webui.keyword.builtin.NavigateToUrlKeyword.execute(NavigateToUrlKeyword.groovy:67)
	at com.kms.katalon.core.keyword.internal.KeywordExecutor.executeKeywordForPlatform(KeywordExecutor.groovy:74)
	at com.kms.katalon.core.webui.keyword.WebUiBuiltInKeywords.navigateToUrl(WebUiBuiltInKeywords.groovy:187)
	at MTC010 - Verify Locations link.run(MTC010 - Verify Locations link:24)
	at com.kms.katalon.core.main.ScriptEngine.run(ScriptEngine.java:194)
	at com.kms.katalon.core.main.ScriptEngine.runScriptAsRawText(ScriptEngine.java:119)
	at com.kms.katalon.core.main.TestCaseExecutor.runScript(TestCaseExecutor.java:448)
	at com.kms.katalon.core.main.TestCaseExecutor.doExecute(TestCaseExecutor.java:439)
	at com.kms.katalon.core.main.TestCaseExecutor.processExecutionPhase(TestCaseExecutor.java:418)
	at com.kms.katalon.core.main.TestCaseExecutor.accessMainPhase(TestCaseExecutor.java:410)
	at com.kms.katalon.core.main.TestCaseExecutor.execute(TestCaseExecutor.java:285)
	at com.kms.katalon.core.common.CommonExecutor.accessTestCaseMainPhase(CommonExecutor.java:65)
	at com.kms.katalon.core.main.TestSuiteExecutor.accessTestSuiteMainPhase(TestSuiteExecutor.java:148)
	at com.kms.katalon.core.main.TestSuiteExecutor.execute(TestSuiteExecutor.java:106)
	at com.kms.katalon.core.main.TestCaseMain.startTestSuite(TestCaseMain.java:187)
	at TempTestSuite1699456150598.run(TempTestSuite1699456150598.groovy:36)
	at java.base/jdk.internal.reflect.NativeMethodAccessorImpl.invoke0(Native Method)
	at java.base/jdk.internal.reflect.NativeMethodAccessorImpl.invoke(NativeMethodAccessorImpl.java:77)
	at java.base/jdk.internal.reflect.DelegatingMethodAccessorImpl.invoke(DelegatingMethodAccessorImpl.java:43)
Caused by: java.lang.IllegalArgumentException: Url cannot be null or empty
	at com.kms.katalon.core.webui.keyword.builtin.NavigateToUrlKeyword$_navigateToUrl_closure1.doCall(NavigateToUrlKeyword.groovy:75)
	at com.kms.katalon.core.webui.keyword.builtin.NavigateToUrlKeyword$_navigateToUrl_closure1.call(NavigateToUrlKeyword.groovy)
	at com.kms.katalon.core.webui.keyword.internal.WebUIKeywordMain.runKeyword(WebUIKeywordMain.groovy:20)
	at com.kms.katalon.core.webui.keyword.builtin.NavigateToUrlKeyword.navigateToUrl(NavigateToUrlKeyword.groovy:83)
	at com.kms.katalon.core.webui.keyword.builtin.NavigateToUrlKeyword.execute(NavigateToUrlKeyword.groovy:67)
	at com.kms.katalon.core.keyword.internal.KeywordExecutor.executeKeywordForPlatform(KeywordExecutor.groovy:74)
	at com.kms.katalon.core.webui.keyword.WebUiBuiltInKeywords.navigateToUrl(WebUiBuiltInKeywords.groovy:187)
	at Script1698969990529.run(Script1698969990529.groovy:24)
	... 15 more
)
[[ATTACHMENT|C:\\Users\\GKOKABAYEVA\\Katalon Studio\\Parabank\\Reports\\20231108_100910\\Smoke Test Suites\\STS003 - Main page links verification\\20231108_100910\\1699456383003.png]]

2023-11-08 10:13:03 - [TEST_STEP][FAILED] - verifyElementPresent(findTestObject("Object Repository/Page_Automated Software Testing Solutions F_4f6c59/ParasoftLogo"), 0): com.kms.katalon.core.webui.exception.WebElementNotFoundException: Web element with id: 'Object Repository/Page_Automated Software Testing Solutions F_4f6c59/ParasoftLogo' located by '//img[contains(@src,'https://www.parasoft.com/wp-content/uploads/2020/06/parasoft.svg')]' not found (Root cause: com.kms.katalon.core.exception.StepFailedException: com.kms.katalon.core.webui.exception.WebElementNotFoundException: Web element with id: 'Object Repository/Page_Automated Software Testing Solutions F_4f6c59/ParasoftLogo' located by '//img[contains(@src,'https://www.parasoft.com/wp-content/uploads/2020/06/parasoft.svg')]' not found
	at com.kms.katalon.core.webui.keyword.internal.WebUIKeywordMain.stepFailed(WebUIKeywordMain.groovy:64)
	at com.kms.katalon.core.webui.keyword.builtin.VerifyElementPresentKeyword$_verifyElementPresent_closure1.doCall(VerifyElementPresentKeyword.groovy:85)
	at com.kms.katalon.core.webui.keyword.builtin.VerifyElementPresentKeyword$_verifyElementPresent_closure1.call(VerifyElementPresentKeyword.groovy)
	at com.kms.katalon.core.webui.keyword.internal.WebUIKeywordMain.runKeyword(WebUIKeywordMain.groovy:20)
	at com.kms.katalon.core.webui.keyword.builtin.VerifyElementPresentKeyword.verifyElementPresent(VerifyElementPresentKeyword.groovy:92)
	at com.kms.katalon.core.webui.keyword.builtin.VerifyElementPresentKeyword.execute(VerifyElementPresentKeyword.groovy:68)
	at com.kms.katalon.core.keyword.internal.KeywordExecutor.executeKeywordForPlatform(KeywordExecutor.groovy:74)
	at com.kms.katalon.core.webui.keyword.WebUiBuiltInKeywords.verifyElementPresent(WebUiBuiltInKeywords.groovy:1464)
	at MTC010 - Verify Locations link.run(MTC010 - Verify Locations link:26)
	at com.kms.katalon.core.main.ScriptEngine.run(ScriptEngine.java:194)
	at com.kms.katalon.core.main.ScriptEngine.runScriptAsRawText(ScriptEngine.java:119)
	at com.kms.katalon.core.main.TestCaseExecutor.runScript(TestCaseExecutor.java:448)
	at com.kms.katalon.core.main.TestCaseExecutor.doExecute(TestCaseExecutor.java:439)
	at com.kms.katalon.core.main.TestCaseExecutor.processExecutionPhase(TestCaseExecutor.java:418)
	at com.kms.katalon.core.main.TestCaseExecutor.accessMainPhase(TestCaseExecutor.java:410)
	at com.kms.katalon.core.main.TestCaseExecutor.execute(TestCaseExecutor.java:285)
	at com.kms.katalon.core.common.CommonExecutor.accessTestCaseMainPhase(CommonExecutor.java:65)
	at com.kms.katalon.core.main.TestSuiteExecutor.accessTestSuiteMainPhase(TestSuiteExecutor.java:148)
	at com.kms.katalon.core.main.TestSuiteExecutor.execute(TestSuiteExecutor.java:106)
	at com.kms.katalon.core.main.TestCaseMain.startTestSuite(TestCaseMain.java:187)
	at TempTestSuite1699456150598.run(TempTestSuite1699456150598.groovy:36)
	at java.base/jdk.internal.reflect.NativeMethodAccessorImpl.invoke0(Native Method)
	at java.base/jdk.internal.reflect.NativeMethodAccessorImpl.invoke(NativeMethodAccessorImpl.java:77)
	at java.base/jdk.internal.reflect.DelegatingMethodAccessorImpl.invoke(DelegatingMethodAccessorImpl.java:43)
)

2023-11-08 10:13:03 - [MESSAGE][WARNING] - Timeout '0' is invalid. Using default page load timeout: '30'

2023-11-08 10:13:34 - [MESSAGE][INFO] - Unable to find the element located by 'By.xpath: //img[contains(@src,'https://www.parasoft.com/wp-content/uploads/2020/06/parasoft.svg')]'. Please recheck the objects properties to make sure the desired element is located. 

2023-11-08 10:13:34 - [MESSAGE][FAILED] - com.kms.katalon.core.webui.exception.WebElementNotFoundException: Web element with id: 'Object Repository/Page_Automated Software Testing Solutions F_4f6c59/ParasoftLogo' located by '//img[contains(@src,'https://www.parasoft.com/wp-content/uploads/2020/06/parasoft.svg')]' not found (Root cause: com.kms.katalon.core.exception.StepFailedException: com.kms.katalon.core.webui.exception.WebElementNotFoundException: Web element with id: 'Object Repository/Page_Automated Software Testing Solutions F_4f6c59/ParasoftLogo' located by '//img[contains(@src,'https://www.parasoft.com/wp-content/uploads/2020/06/parasoft.svg')]' not found
	at com.kms.katalon.core.webui.keyword.internal.WebUIKeywordMain.stepFailed(WebUIKeywordMain.groovy:64)
	at com.kms.katalon.core.webui.keyword.builtin.VerifyElementPresentKeyword$_verifyElementPresent_closure1.doCall(VerifyElementPresentKeyword.groovy:85)
	at com.kms.katalon.core.webui.keyword.builtin.VerifyElementPresentKeyword$_verifyElementPresent_closure1.call(VerifyElementPresentKeyword.groovy)
	at com.kms.katalon.core.webui.keyword.internal.WebUIKeywordMain.runKeyword(WebUIKeywordMain.groovy:20)
	at com.kms.katalon.core.webui.keyword.builtin.VerifyElementPresentKeyword.verifyElementPresent(VerifyElementPresentKeyword.groovy:92)
	at com.kms.katalon.core.webui.keyword.builtin.VerifyElementPresentKeyword.execute(VerifyElementPresentKeyword.groovy:68)
	at com.kms.katalon.core.keyword.internal.KeywordExecutor.executeKeywordForPlatform(KeywordExecutor.groovy:74)
	at com.kms.katalon.core.webui.keyword.WebUiBuiltInKeywords.verifyElementPresent(WebUiBuiltInKeywords.groovy:1464)
	at MTC010 - Verify Locations link.run(MTC010 - Verify Locations link:26)
	at com.kms.katalon.core.main.ScriptEngine.run(ScriptEngine.java:194)
	at com.kms.katalon.core.main.ScriptEngine.runScriptAsRawText(ScriptEngine.java:119)
	at com.kms.katalon.core.main.TestCaseExecutor.runScript(TestCaseExecutor.java:448)
	at com.kms.katalon.core.main.TestCaseExecutor.doExecute(TestCaseExecutor.java:439)
	at com.kms.katalon.core.main.TestCaseExecutor.processExecutionPhase(TestCaseExecutor.java:418)
	at com.kms.katalon.core.main.TestCaseExecutor.accessMainPhase(TestCaseExecutor.java:410)
	at com.kms.katalon.core.main.TestCaseExecutor.execute(TestCaseExecutor.java:285)
	at com.kms.katalon.core.common.CommonExecutor.accessTestCaseMainPhase(CommonExecutor.java:65)
	at com.kms.katalon.core.main.TestSuiteExecutor.accessTestSuiteMainPhase(TestSuiteExecutor.java:148)
	at com.kms.katalon.core.main.TestSuiteExecutor.execute(TestSuiteExecutor.java:106)
	at com.kms.katalon.core.main.TestCaseMain.startTestSuite(TestCaseMain.java:187)
	at TempTestSuite1699456150598.run(TempTestSuite1699456150598.groovy:36)
	at java.base/jdk.internal.reflect.NativeMethodAccessorImpl.invoke0(Native Method)
	at java.base/jdk.internal.reflect.NativeMethodAccessorImpl.invoke(NativeMethodAccessorImpl.java:77)
	at java.base/jdk.internal.reflect.DelegatingMethodAccessorImpl.invoke(DelegatingMethodAccessorImpl.java:43)
)
[[ATTACHMENT|C:\\Users\\GKOKABAYEVA\\Katalon Studio\\Parabank\\Reports\\20231108_100910\\Smoke Test Suites\\STS003 - Main page links verification\\20231108_100910\\1699456414118.png]]

2023-11-08 10:13:34 - [TEST_STEP][FAILED] - verifyElementText(findTestObject("Object Repository/Page_Automated Software Testing Solutions F_4f6c59/lnkSolutions"), solutionsLink): com.kms.katalon.core.webui.exception.WebElementNotFoundException: Web element with id: 'Object Repository/Page_Automated Software Testing Solutions F_4f6c59/lnkSolutions' located by '//div[2]/div/div/div/div/div/span' not found (Root cause: com.kms.katalon.core.exception.StepFailedException: com.kms.katalon.core.webui.exception.WebElementNotFoundException: Web element with id: 'Object Repository/Page_Automated Software Testing Solutions F_4f6c59/lnkSolutions' located by '//div[2]/div/div/div/div/div/span' not found
	at com.kms.katalon.core.webui.keyword.internal.WebUIKeywordMain.stepFailed(WebUIKeywordMain.groovy:64)
	at com.kms.katalon.core.webui.keyword.builtin.VerifyElementTextKeyword$_verifyElementText_closure1.doCall(VerifyElementTextKeyword.groovy:64)
	at com.kms.katalon.core.webui.keyword.builtin.VerifyElementTextKeyword$_verifyElementText_closure1.call(VerifyElementTextKeyword.groovy)
	at com.kms.katalon.core.webui.keyword.internal.WebUIKeywordMain.runKeyword(WebUIKeywordMain.groovy:20)
	at com.kms.katalon.core.webui.keyword.builtin.VerifyElementTextKeyword.verifyElementText(VerifyElementTextKeyword.groovy:72)
	at com.kms.katalon.core.webui.keyword.builtin.VerifyElementTextKeyword.execute(VerifyElementTextKeyword.groovy:40)
	at com.kms.katalon.core.keyword.internal.KeywordExecutor.executeKeywordForPlatform(KeywordExecutor.groovy:74)
	at com.kms.katalon.core.webui.keyword.WebUiBuiltInKeywords.verifyElementText(WebUiBuiltInKeywords.groovy:4796)
	at MTC010 - Verify Locations link.run(MTC010 - Verify Locations link:29)
	at com.kms.katalon.core.main.ScriptEngine.run(ScriptEngine.java:194)
	at com.kms.katalon.core.main.ScriptEngine.runScriptAsRawText(ScriptEngine.java:119)
	at com.kms.katalon.core.main.TestCaseExecutor.runScript(TestCaseExecutor.java:448)
	at com.kms.katalon.core.main.TestCaseExecutor.doExecute(TestCaseExecutor.java:439)
	at com.kms.katalon.core.main.TestCaseExecutor.processExecutionPhase(TestCaseExecutor.java:418)
	at com.kms.katalon.core.main.TestCaseExecutor.accessMainPhase(TestCaseExecutor.java:410)
	at com.kms.katalon.core.main.TestCaseExecutor.execute(TestCaseExecutor.java:285)
	at com.kms.katalon.core.common.CommonExecutor.accessTestCaseMainPhase(CommonExecutor.java:65)
	at com.kms.katalon.core.main.TestSuiteExecutor.accessTestSuiteMainPhase(TestSuiteExecutor.java:148)
	at com.kms.katalon.core.main.TestSuiteExecutor.execute(TestSuiteExecutor.java:106)
	at com.kms.katalon.core.main.TestCaseMain.startTestSuite(TestCaseMain.java:187)
	at TempTestSuite1699456150598.run(TempTestSuite1699456150598.groovy:36)
	at java.base/jdk.internal.reflect.NativeMethodAccessorImpl.invoke0(Native Method)
	at java.base/jdk.internal.reflect.NativeMethodAccessorImpl.invoke(NativeMethodAccessorImpl.java:77)
	at java.base/jdk.internal.reflect.DelegatingMethodAccessorImpl.invoke(DelegatingMethodAccessorImpl.java:43)
)

2023-11-08 10:14:05 - [MESSAGE][INFO] - Unable to find the element located by 'By.xpath: //div[2]/div/div/div/div/div/span'. Please recheck the objects properties to make sure the desired element is located. 

2023-11-08 10:14:05 - [MESSAGE][WARNING] - [SELF-HEALING] Failed to find element with id 'Object Repository/Page_Automated Software Testing Solutions F_4f6c59/lnkSolutions'. Try using Self-healing.

2023-11-08 10:14:05 - [MESSAGE][INFO] - [SELF-HEALING] Failed Locator: '//div[2]/div/div/div/div/div/span'.

2023-11-08 10:14:05 - [MESSAGE][INFO] - [SELF-HEALING] Failed Locator: '//span[(text() = 'Solutions' or . = 'Solutions')]'.

2023-11-08 10:14:05 - [MESSAGE][INFO] - [SELF-HEALING] Failed Locator: '//div[2]/div/div/div/div/div/span'.

2023-11-08 10:14:05 - [MESSAGE][INFO] - [SELF-HEALING] Failed Locator: '//span[(text() = 'Solutions' or . = 'Solutions')]'.

2023-11-08 10:14:05 - [MESSAGE][INFO] - [SELF-HEALING] Failed Locator: '//div[2]/div/div/div/div/div/span'.

2023-11-08 10:14:05 - [MESSAGE][INFO] - [SELF-HEALING] Failed Locator: '//span[(text() = 'Solutions' or . = 'Solutions')]'.

2023-11-08 10:14:05 - [MESSAGE][INFO] - [SELF-HEALING] Failed Locator: '//div[2]/div/div/div/div/div/span'.

2023-11-08 10:14:05 - [MESSAGE][INFO] - [SELF-HEALING] Failed Locator: '//span[(text() = 'Solutions' or . = 'Solutions')]'.

2023-11-08 10:14:05 - [MESSAGE][INFO] - [SELF-HEALING] Failed Locator: '//div[2]/div/div/div/div/div/span'.

2023-11-08 10:14:05 - [MESSAGE][INFO] - [SELF-HEALING] Failed Locator: '//span[(text() = 'Solutions' or . = 'Solutions')]'.

2023-11-08 10:14:05 - [MESSAGE][INFO] - [SELF-HEALING] Failed Locator: '//div[2]/div/div/div/div/div/span'.

2023-11-08 10:14:05 - [MESSAGE][INFO] - [SELF-HEALING] Failed Locator: '//span[(text() = 'Solutions' or . = 'Solutions')]'.

2023-11-08 10:14:05 - [MESSAGE][INFO] - [SELF-HEALING] Failed Locator: '//div[2]/div/div/div/div/div/span'.

2023-11-08 10:14:05 - [MESSAGE][INFO] - [SELF-HEALING] Failed Locator: '//span[(text() = 'Solutions' or . = 'Solutions')]'.

2023-11-08 10:14:05 - [MESSAGE][INFO] - [SELF-HEALING] Failed Locator: '//div[2]/div/div/div/div/div/span'.

2023-11-08 10:14:05 - [MESSAGE][INFO] - [SELF-HEALING] Failed Locator: '//span[(text() = 'Solutions' or . = 'Solutions')]'.

2023-11-08 10:14:05 - [MESSAGE][INFO] - [SELF-HEALING] Failed Locator: '//div[2]/div/div/div/div/div/span'.

2023-11-08 10:14:05 - [MESSAGE][INFO] - [SELF-HEALING] Failed Locator: '//span[(text() = 'Solutions' or . = 'Solutions')]'.

2023-11-08 10:14:05 - [MESSAGE][INFO] - [SELF-HEALING] Failed Locator: '//div[2]/div/div/div/div/div/span'.

2023-11-08 10:14:05 - [MESSAGE][INFO] - [SELF-HEALING] Failed Locator: '//span[(text() = 'Solutions' or . = 'Solutions')]'.

2023-11-08 10:14:05 - [MESSAGE][INFO] - [SELF-HEALING] Failed Locator: '//div[2]/div/div/div/div/div/span'.

2023-11-08 10:14:05 - [MESSAGE][INFO] - [SELF-HEALING] Failed Locator: '//span[(text() = 'Solutions' or . = 'Solutions')]'.

2023-11-08 10:14:05 - [MESSAGE][INFO] - [SELF-HEALING] Failed Locator: '//div[2]/div/div/div/div/div/span'.

2023-11-08 10:14:05 - [MESSAGE][INFO] - [SELF-HEALING] Failed Locator: '//span[(text() = 'Solutions' or . = 'Solutions')]'.

2023-11-08 10:14:05 - [MESSAGE][INFO] - [SELF-HEALING] Failed Locator: '//div[2]/div/div/div/div/div/span'.

2023-11-08 10:14:05 - [MESSAGE][INFO] - [SELF-HEALING] Failed Locator: '//span[(text() = 'Solutions' or . = 'Solutions')]'.

2023-11-08 10:14:05 - [MESSAGE][INFO] - [SELF-HEALING] Failed Locator: '//div[2]/div/div/div/div/div/span'.

2023-11-08 10:14:05 - [MESSAGE][INFO] - [SELF-HEALING] Failed Locator: '//span[(text() = 'Solutions' or . = 'Solutions')]'.

2023-11-08 10:14:05 - [MESSAGE][INFO] - [SELF-HEALING] Failed Locator: '//div[2]/div/div/div/div/div/span'.

2023-11-08 10:14:05 - [MESSAGE][INFO] - [SELF-HEALING] Failed Locator: '//span[(text() = 'Solutions' or . = 'Solutions')]'.

2023-11-08 10:14:05 - [MESSAGE][INFO] - [SELF-HEALING] Failed Locator: '//div[2]/div/div/div/div/div/span'.

2023-11-08 10:14:05 - [MESSAGE][INFO] - [SELF-HEALING] Failed Locator: '//span[(text() = 'Solutions' or . = 'Solutions')]'.

2023-11-08 10:14:05 - [MESSAGE][INFO] - [SELF-HEALING] Failed Locator: '//div[2]/div/div/div/div/div/span'.

2023-11-08 10:14:05 - [MESSAGE][INFO] - [SELF-HEALING] Failed Locator: '//span[(text() = 'Solutions' or . = 'Solutions')]'.

2023-11-08 10:14:05 - [MESSAGE][INFO] - [SELF-HEALING] Failed Locator: '//div[2]/div/div/div/div/div/span'.

2023-11-08 10:14:05 - [MESSAGE][INFO] - [SELF-HEALING] Failed Locator: '//span[(text() = 'Solutions' or . = 'Solutions')]'.

2023-11-08 10:14:05 - [MESSAGE][INFO] - [SELF-HEALING] Failed Locator: '//div[2]/div/div/div/div/div/span'.

2023-11-08 10:14:05 - [MESSAGE][INFO] - [SELF-HEALING] Failed Locator: '//span[(text() = 'Solutions' or . = 'Solutions')]'.

2023-11-08 10:14:06 - [MESSAGE][INFO] - [SELF-HEALING] Failed Locator: '//div[2]/div/div/div/div/div/span'.

2023-11-08 10:14:06 - [MESSAGE][INFO] - [SELF-HEALING] Failed Locator: '//span[(text() = 'Solutions' or . = 'Solutions')]'.

2023-11-08 10:14:06 - [MESSAGE][INFO] - [SELF-HEALING] Failed Locator: '//div[2]/div/div/div/div/div/span'.

2023-11-08 10:14:06 - [MESSAGE][INFO] - [SELF-HEALING] Failed Locator: '//span[(text() = 'Solutions' or . = 'Solutions')]'.

2023-11-08 10:14:06 - [MESSAGE][INFO] - [SELF-HEALING] Failed Locator: '//div[2]/div/div/div/div/div/span'.

2023-11-08 10:14:06 - [MESSAGE][INFO] - [SELF-HEALING] Failed Locator: '//span[(text() = 'Solutions' or . = 'Solutions')]'.

2023-11-08 10:14:06 - [MESSAGE][INFO] - [SELF-HEALING] Failed Locator: '//div[2]/div/div/div/div/div/span'.

2023-11-08 10:14:06 - [MESSAGE][INFO] - [SELF-HEALING] Failed Locator: '//span[(text() = 'Solutions' or . = 'Solutions')]'.

2023-11-08 10:14:06 - [MESSAGE][INFO] - [SELF-HEALING] Failed Locator: '//div[2]/div/div/div/div/div/span'.

2023-11-08 10:14:06 - [MESSAGE][INFO] - [SELF-HEALING] Failed Locator: '//span[(text() = 'Solutions' or . = 'Solutions')]'.

2023-11-08 10:14:06 - [MESSAGE][INFO] - [SELF-HEALING] Failed Locator: '//div[2]/div/div/div/div/div/span'.

2023-11-08 10:14:06 - [MESSAGE][INFO] - [SELF-HEALING] Failed Locator: '//span[(text() = 'Solutions' or . = 'Solutions')]'.

2023-11-08 10:14:06 - [MESSAGE][INFO] - [SELF-HEALING] Failed Locator: '//div[2]/div/div/div/div/div/span'.

2023-11-08 10:14:06 - [MESSAGE][INFO] - [SELF-HEALING] Failed Locator: '//span[(text() = 'Solutions' or . = 'Solutions')]'.

2023-11-08 10:14:07 - [MESSAGE][INFO] - Unable to find the element located by 'By.xpath: //*[(text() = 'Solutions' or . = 'Solutions')]'. Please recheck the objects properties to make sure the desired element is located. 

2023-11-08 10:14:08 - [MESSAGE][INFO] - Unable to find the element located by 'By.cssSelector: div.inner-banner-cont > span'. Please recheck the objects properties to make sure the desired element is located. 

2023-11-08 10:14:08 - [MESSAGE][FAILED] - com.kms.katalon.core.webui.exception.WebElementNotFoundException: Web element with id: 'Object Repository/Page_Automated Software Testing Solutions F_4f6c59/lnkSolutions' located by '//div[2]/div/div/div/div/div/span' not found (Root cause: com.kms.katalon.core.exception.StepFailedException: com.kms.katalon.core.webui.exception.WebElementNotFoundException: Web element with id: 'Object Repository/Page_Automated Software Testing Solutions F_4f6c59/lnkSolutions' located by '//div[2]/div/div/div/div/div/span' not found
	at com.kms.katalon.core.webui.keyword.internal.WebUIKeywordMain.stepFailed(WebUIKeywordMain.groovy:64)
	at com.kms.katalon.core.webui.keyword.builtin.VerifyElementTextKeyword$_verifyElementText_closure1.doCall(VerifyElementTextKeyword.groovy:64)
	at com.kms.katalon.core.webui.keyword.builtin.VerifyElementTextKeyword$_verifyElementText_closure1.call(VerifyElementTextKeyword.groovy)
	at com.kms.katalon.core.webui.keyword.internal.WebUIKeywordMain.runKeyword(WebUIKeywordMain.groovy:20)
	at com.kms.katalon.core.webui.keyword.builtin.VerifyElementTextKeyword.verifyElementText(VerifyElementTextKeyword.groovy:72)
	at com.kms.katalon.core.webui.keyword.builtin.VerifyElementTextKeyword.execute(VerifyElementTextKeyword.groovy:40)
	at com.kms.katalon.core.keyword.internal.KeywordExecutor.executeKeywordForPlatform(KeywordExecutor.groovy:74)
	at com.kms.katalon.core.webui.keyword.WebUiBuiltInKeywords.verifyElementText(WebUiBuiltInKeywords.groovy:4796)
	at MTC010 - Verify Locations link.run(MTC010 - Verify Locations link:29)
	at com.kms.katalon.core.main.ScriptEngine.run(ScriptEngine.java:194)
	at com.kms.katalon.core.main.ScriptEngine.runScriptAsRawText(ScriptEngine.java:119)
	at com.kms.katalon.core.main.TestCaseExecutor.runScript(TestCaseExecutor.java:448)
	at com.kms.katalon.core.main.TestCaseExecutor.doExecute(TestCaseExecutor.java:439)
	at com.kms.katalon.core.main.TestCaseExecutor.processExecutionPhase(TestCaseExecutor.java:418)
	at com.kms.katalon.core.main.TestCaseExecutor.accessMainPhase(TestCaseExecutor.java:410)
	at com.kms.katalon.core.main.TestCaseExecutor.execute(TestCaseExecutor.java:285)
	at com.kms.katalon.core.common.CommonExecutor.accessTestCaseMainPhase(CommonExecutor.java:65)
	at com.kms.katalon.core.main.TestSuiteExecutor.accessTestSuiteMainPhase(TestSuiteExecutor.java:148)
	at com.kms.katalon.core.main.TestSuiteExecutor.execute(TestSuiteExecutor.java:106)
	at com.kms.katalon.core.main.TestCaseMain.startTestSuite(TestCaseMain.java:187)
	at TempTestSuite1699456150598.run(TempTestSuite1699456150598.groovy:36)
	at java.base/jdk.internal.reflect.NativeMethodAccessorImpl.invoke0(Native Method)
	at java.base/jdk.internal.reflect.NativeMethodAccessorImpl.invoke(NativeMethodAccessorImpl.java:77)
	at java.base/jdk.internal.reflect.DelegatingMethodAccessorImpl.invoke(DelegatingMethodAccessorImpl.java:43)
)
[[ATTACHMENT|C:\\Users\\GKOKABAYEVA\\Katalon Studio\\Parabank\\Reports\\20231108_100910\\Smoke Test Suites\\STS003 - Main page links verification\\20231108_100910\\1699456448273.png]]

2023-11-08 10:14:08 - [TEST_STEP][PASSED] - closeBrowser(): Browser is closed

2023-11-08 10:14:08 - [MESSAGE][PASSED] - Browser is closed]]></system-out>
         <system-err><![CDATA[2023-11-08 10:12:26 - [TEST_CASE][FAILED] - Test Cases/Main Test Cases/MTC010 - Verify Locations link: Test Cases/Main Test Cases/MTC010 - Verify Locations link FAILED.
Reason:
com.kms.katalon.core.exception.StepFailedException: Unable to click on object 'Object Repository/Page_ParaBank  Welcome  Online Banking/lnkLocations' (Root cause: com.kms.katalon.core.exception.StepFailedException: Unable to click on object 'Object Repository/Page_ParaBank  Welcome  Online Banking/lnkLocations'
	at com.kms.katalon.core.webui.keyword.internal.WebUIKeywordMain.stepFailed(WebUIKeywordMain.groovy:64)
	at com.kms.katalon.core.webui.keyword.internal.WebUIKeywordMain.runKeyword(WebUIKeywordMain.groovy:26)
	at com.kms.katalon.core.webui.keyword.builtin.ClickKeyword.click(ClickKeyword.groovy:74)
	at com.kms.katalon.core.webui.keyword.builtin.ClickKeyword.execute(ClickKeyword.groovy:40)
	at com.kms.katalon.core.keyword.internal.KeywordExecutor.executeKeywordForPlatform(KeywordExecutor.groovy:74)
	at com.kms.katalon.core.webui.keyword.WebUiBuiltInKeywords.click(WebUiBuiltInKeywords.groovy:620)
	at MTC010 - Verify Locations link.run(MTC010 - Verify Locations link:22)
	at com.kms.katalon.core.main.ScriptEngine.run(ScriptEngine.java:194)
	at com.kms.katalon.core.main.ScriptEngine.runScriptAsRawText(ScriptEngine.java:119)
	at com.kms.katalon.core.main.TestCaseExecutor.runScript(TestCaseExecutor.java:448)
	at com.kms.katalon.core.main.TestCaseExecutor.doExecute(TestCaseExecutor.java:439)
	at com.kms.katalon.core.main.TestCaseExecutor.processExecutionPhase(TestCaseExecutor.java:418)
	at com.kms.katalon.core.main.TestCaseExecutor.accessMainPhase(TestCaseExecutor.java:410)
	at com.kms.katalon.core.main.TestCaseExecutor.execute(TestCaseExecutor.java:285)
	at com.kms.katalon.core.common.CommonExecutor.accessTestCaseMainPhase(CommonExecutor.java:65)
	at com.kms.katalon.core.main.TestSuiteExecutor.accessTestSuiteMainPhase(TestSuiteExecutor.java:148)
	at com.kms.katalon.core.main.TestSuiteExecutor.execute(TestSuiteExecutor.java:106)
	at com.kms.katalon.core.main.TestCaseMain.startTestSuite(TestCaseMain.java:187)
	at TempTestSuite1699456150598.run(TempTestSuite1699456150598.groovy:36)
	at java.base/jdk.internal.reflect.NativeMethodAccessorImpl.invoke0(Native Method)
	at java.base/jdk.internal.reflect.NativeMethodAccessorImpl.invoke(NativeMethodAccessorImpl.java:77)
	at java.base/jdk.internal.reflect.DelegatingMethodAccessorImpl.invoke(DelegatingMethodAccessorImpl.java:43)
Caused by: com.kms.katalon.core.webui.exception.WebElementNotFoundException: Web element with id: 'Object Repository/Page_ParaBank  Welcome  Online Banking/lnkLocations' located by '//div[@id='headerPanel']/ul/li[5]/a' not found
	at com.kms.katalon.core.webui.common.WebUiCommonHelper.findWebElement(WebUiCommonHelper.java:1379)
	at com.kms.katalon.core.webui.keyword.internal.WebUIAbstractKeyword.findWebElement(WebUIAbstractKeyword.groovy:27)
	at com.kms.katalon.core.webui.keyword.builtin.ClickKeyword$_click_closure1.doCall(ClickKeyword.groovy:65)
	at com.kms.katalon.core.webui.keyword.builtin.ClickKeyword$_click_closure1.call(ClickKeyword.groovy)
	at com.kms.katalon.core.webui.keyword.internal.WebUIKeywordMain.runKeyword(WebUIKeywordMain.groovy:20)
	at com.kms.katalon.core.webui.keyword.builtin.ClickKeyword.click(ClickKeyword.groovy:74)
	at com.kms.katalon.core.webui.keyword.builtin.ClickKeyword.execute(ClickKeyword.groovy:40)
	at com.kms.katalon.core.keyword.internal.KeywordExecutor.executeKeywordForPlatform(KeywordExecutor.groovy:74)
	at com.kms.katalon.core.webui.keyword.WebUiBuiltInKeywords.click(WebUiBuiltInKeywords.groovy:620)
	at Script1698969990529.run(Script1698969990529.groovy:22)
	... 15 more
)
	at com.kms.katalon.core.keyword.internal.KeywordMain.stepFailed(KeywordMain.groovy:39)
	at com.kms.katalon.core.webui.keyword.internal.WebUIKeywordMain.stepFailed(WebUIKeywordMain.groovy:64)
	at com.kms.katalon.core.webui.keyword.internal.WebUIKeywordMain.runKeyword(WebUIKeywordMain.groovy:26)
	at com.kms.katalon.core.webui.keyword.builtin.ClickKeyword.click(ClickKeyword.groovy:74)
	at com.kms.katalon.core.webui.keyword.builtin.ClickKeyword.execute(ClickKeyword.groovy:40)
	at com.kms.katalon.core.keyword.internal.KeywordExecutor.executeKeywordForPlatform(KeywordExecutor.groovy:74)
	at com.kms.katalon.core.webui.keyword.WebUiBuiltInKeywords.click(WebUiBuiltInKeywords.groovy:620)
	at MTC010 - Verify Locations link.run(MTC010 - Verify Locations link:22)
	at com.kms.katalon.core.main.ScriptEngine.run(ScriptEngine.java:194)
	at com.kms.katalon.core.main.ScriptEngine.runScriptAsRawText(ScriptEngine.java:119)
	at com.kms.katalon.core.main.TestCaseExecutor.runScript(TestCaseExecutor.java:448)
	at com.kms.katalon.core.main.TestCaseExecutor.doExecute(TestCaseExecutor.java:439)
	at com.kms.katalon.core.main.TestCaseExecutor.processExecutionPhase(TestCaseExecutor.java:418)
	at com.kms.katalon.core.main.TestCaseExecutor.accessMainPhase(TestCaseExecutor.java:410)
	at com.kms.katalon.core.main.TestCaseExecutor.execute(TestCaseExecutor.java:285)
	at com.kms.katalon.core.common.CommonExecutor.accessTestCaseMainPhase(CommonExecutor.java:65)
	at com.kms.katalon.core.main.TestSuiteExecutor.accessTestSuiteMainPhase(TestSuiteExecutor.java:148)
	at com.kms.katalon.core.main.TestSuiteExecutor.execute(TestSuiteExecutor.java:106)
	at com.kms.katalon.core.main.TestCaseMain.startTestSuite(TestCaseMain.java:187)
	at TempTestSuite1699456150598.run(TempTestSuite1699456150598.groovy:36)
	at java.base/jdk.internal.reflect.NativeMethodAccessorImpl.invoke0(Native Method)
	at java.base/jdk.internal.reflect.NativeMethodAccessorImpl.invoke(NativeMethodAccessorImpl.java:77)
	at java.base/jdk.internal.reflect.DelegatingMethodAccessorImpl.invoke(DelegatingMethodAccessorImpl.java:43)
Caused by: com.kms.katalon.core.exception.StepFailedException: Unable to click on object 'Object Repository/Page_ParaBank  Welcome  Online Banking/lnkLocations'
	... 22 more
Caused by: com.kms.katalon.core.webui.exception.WebElementNotFoundException: Web element with id: 'Object Repository/Page_ParaBank  Welcome  Online Banking/lnkLocations' located by '//div[@id='headerPanel']/ul/li[5]/a' not found
	at com.kms.katalon.core.webui.common.WebUiCommonHelper.findWebElement(WebUiCommonHelper.java:1379)
	at com.kms.katalon.core.webui.keyword.internal.WebUIAbstractKeyword.findWebElement(WebUIAbstractKeyword.groovy:27)
	at com.kms.katalon.core.webui.keyword.builtin.ClickKeyword$_click_closure1.doCall(ClickKeyword.groovy:65)
	at com.kms.katalon.core.webui.keyword.builtin.ClickKeyword$_click_closure1.call(ClickKeyword.groovy)
	at com.kms.katalon.core.webui.keyword.internal.WebUIKeywordMain.runKeyword(WebUIKeywordMain.groovy:20)
	... 20 more]]></system-err>
      </testcase>
      <testcase name="Test Cases/Main Test Cases/MTC011 - Verify Admin Page link" time="70.842" classname="Test Cases/Main Test Cases/MTC011 - Verify Admin Page link" status="FAILED">
         <failure type="FAILED" message="Test Cases/Main Test Cases/MTC011 - Verify Admin Page link FAILED.&#xa;Reason:&#xa;com.kms.katalon.core.exception.StepFailedException: Unable to click on object 'Object Repository/Page_ParaBank  Welcome  Online Banking/lnkAdminPage' (Root cause: com.kms.katalon.core.exception.StepFailedException: Unable to click on object 'Object Repository/Page_ParaBank  Welcome  Online Banking/lnkAdminPage'&#xa;	at com.kms.katalon.core.webui.keyword.internal.WebUIKeywordMain.stepFailed(WebUIKeywordMain.groovy:64)&#xa;	at com.kms.katalon.core.webui.keyword.internal.WebUIKeywordMain.runKeyword(WebUIKeywordMain.groovy:26)&#xa;	at com.kms.katalon.core.webui.keyword.builtin.ClickKeyword.click(ClickKeyword.groovy:74)&#xa;	at com.kms.katalon.core.webui.keyword.builtin.ClickKeyword.execute(ClickKeyword.groovy:40)&#xa;	at com.kms.katalon.core.keyword.internal.KeywordExecutor.executeKeywordForPlatform(KeywordExecutor.groovy:74)&#xa;	at com.kms.katalon.core.webui.keyword.WebUiBuiltInKeywords.click(WebUiBuiltInKeywords.groovy:620)&#xa;	at MTC011 - Verify Admin Page link.run(MTC011 - Verify Admin Page link:22)&#xa;	at com.kms.katalon.core.main.ScriptEngine.run(ScriptEngine.java:194)&#xa;	at com.kms.katalon.core.main.ScriptEngine.runScriptAsRawText(ScriptEngine.java:119)&#xa;	at com.kms.katalon.core.main.TestCaseExecutor.runScript(TestCaseExecutor.java:448)&#xa;	at com.kms.katalon.core.main.TestCaseExecutor.doExecute(TestCaseExecutor.java:439)&#xa;	at com.kms.katalon.core.main.TestCaseExecutor.processExecutionPhase(TestCaseExecutor.java:418)&#xa;	at com.kms.katalon.core.main.TestCaseExecutor.accessMainPhase(TestCaseExecutor.java:410)&#xa;	at com.kms.katalon.core.main.TestCaseExecutor.execute(TestCaseExecutor.java:285)&#xa;	at com.kms.katalon.core.common.CommonExecutor.accessTestCaseMainPhase(CommonExecutor.java:65)&#xa;	at com.kms.katalon.core.main.TestSuiteExecutor.accessTestSuiteMainPhase(TestSuiteExecutor.java:148)&#xa;	at com.kms.katalon.core.main.TestSuiteExecutor.execute(TestSuiteExecutor.java:106)&#xa;	at com.kms.katalon.core.main.TestCaseMain.startTestSuite(TestCaseMain.java:187)&#xa;	at TempTestSuite1699456150598.run(TempTestSuite1699456150598.groovy:36)&#xa;	at java.base/jdk.internal.reflect.NativeMethodAccessorImpl.invoke0(Native Method)&#xa;	at java.base/jdk.internal.reflect.NativeMethodAccessorImpl.invoke(NativeMethodAccessorImpl.java:77)&#xa;	at java.base/jdk.internal.reflect.DelegatingMethodAccessorImpl.invoke(DelegatingMethodAccessorImpl.java:43)&#xa;Caused by: com.kms.katalon.core.webui.exception.WebElementNotFoundException: Web element with id: 'Object Repository/Page_ParaBank  Welcome  Online Banking/lnkAdminPage' located by '//div[@id='headerPanel']/ul/li[6]/a' not found&#xa;	at com.kms.katalon.core.webui.common.WebUiCommonHelper.findWebElement(WebUiCommonHelper.java:1379)&#xa;	at com.kms.katalon.core.webui.keyword.internal.WebUIAbstractKeyword.findWebElement(WebUIAbstractKeyword.groovy:27)&#xa;	at com.kms.katalon.core.webui.keyword.builtin.ClickKeyword$_click_closure1.doCall(ClickKeyword.groovy:65)&#xa;	at com.kms.katalon.core.webui.keyword.builtin.ClickKeyword$_click_closure1.call(ClickKeyword.groovy)&#xa;	at com.kms.katalon.core.webui.keyword.internal.WebUIKeywordMain.runKeyword(WebUIKeywordMain.groovy:20)&#xa;	at com.kms.katalon.core.webui.keyword.builtin.ClickKeyword.click(ClickKeyword.groovy:74)&#xa;	at com.kms.katalon.core.webui.keyword.builtin.ClickKeyword.execute(ClickKeyword.groovy:40)&#xa;	at com.kms.katalon.core.keyword.internal.KeywordExecutor.executeKeywordForPlatform(KeywordExecutor.groovy:74)&#xa;	at com.kms.katalon.core.webui.keyword.WebUiBuiltInKeywords.click(WebUiBuiltInKeywords.groovy:620)&#xa;	at Script1698970726311.run(Script1698970726311.groovy:22)&#xa;	... 15 more&#xa;)&#xa;	at com.kms.katalon.core.keyword.internal.KeywordMain.stepFailed(KeywordMain.groovy:39)&#xa;	at com.kms.katalon.core.webui.keyword.internal.WebUIKeywordMain.stepFailed(WebUIKeywordMain.groovy:64)&#xa;	at com.kms.katalon.core.webui.keyword.internal.WebUIKeywordMain.runKeyword(WebUIKeywordMain.groovy:26)&#xa;	at com.kms.katalon.core.webui.keyword.builtin.ClickKeyword.click(ClickKeyword.groovy:74)&#xa;	at com.kms.katalon.core.webui.keyword.builtin.ClickKeyword.execute(ClickKeyword.groovy:40)&#xa;	at com.kms.katalon.core.keyword.internal.KeywordExecutor.executeKeywordForPlatform(KeywordExecutor.groovy:74)&#xa;	at com.kms.katalon.core.webui.keyword.WebUiBuiltInKeywords.click(WebUiBuiltInKeywords.groovy:620)&#xa;	at MTC011 - Verify Admin Page link.run(MTC011 - Verify Admin Page link:22)&#xa;	at com.kms.katalon.core.main.ScriptEngine.run(ScriptEngine.java:194)&#xa;	at com.kms.katalon.core.main.ScriptEngine.runScriptAsRawText(ScriptEngine.java:119)&#xa;	at com.kms.katalon.core.main.TestCaseExecutor.runScript(TestCaseExecutor.java:448)&#xa;	at com.kms.katalon.core.main.TestCaseExecutor.doExecute(TestCaseExecutor.java:439)&#xa;	at com.kms.katalon.core.main.TestCaseExecutor.processExecutionPhase(TestCaseExecutor.java:418)&#xa;	at com.kms.katalon.core.main.TestCaseExecutor.accessMainPhase(TestCaseExecutor.java:410)&#xa;	at com.kms.katalon.core.main.TestCaseExecutor.execute(TestCaseExecutor.java:285)&#xa;	at com.kms.katalon.core.common.CommonExecutor.accessTestCaseMainPhase(CommonExecutor.java:65)&#xa;	at com.kms.katalon.core.main.TestSuiteExecutor.accessTestSuiteMainPhase(TestSuiteExecutor.java:148)&#xa;	at com.kms.katalon.core.main.TestSuiteExecutor.execute(TestSuiteExecutor.java:106)&#xa;	at com.kms.katalon.core.main.TestCaseMain.startTestSuite(TestCaseMain.java:187)&#xa;	at TempTestSuite1699456150598.run(TempTestSuite1699456150598.groovy:36)&#xa;	at java.base/jdk.internal.reflect.NativeMethodAccessorImpl.invoke0(Native Method)&#xa;	at java.base/jdk.internal.reflect.NativeMethodAccessorImpl.invoke(NativeMethodAccessorImpl.java:77)&#xa;	at java.base/jdk.internal.reflect.DelegatingMethodAccessorImpl.invoke(DelegatingMethodAccessorImpl.java:43)&#xa;Caused by: com.kms.katalon.core.exception.StepFailedException: Unable to click on object 'Object Repository/Page_ParaBank  Welcome  Online Banking/lnkAdminPage'&#xa;	... 22 more&#xa;Caused by: com.kms.katalon.core.webui.exception.WebElementNotFoundException: Web element with id: 'Object Repository/Page_ParaBank  Welcome  Online Banking/lnkAdminPage' located by '//div[@id='headerPanel']/ul/li[6]/a' not found&#xa;	at com.kms.katalon.core.webui.common.WebUiCommonHelper.findWebElement(WebUiCommonHelper.java:1379)&#xa;	at com.kms.katalon.core.webui.keyword.internal.WebUIAbstractKeyword.findWebElement(WebUIAbstractKeyword.groovy:27)&#xa;	at com.kms.katalon.core.webui.keyword.builtin.ClickKeyword$_click_closure1.doCall(ClickKeyword.groovy:65)&#xa;	at com.kms.katalon.core.webui.keyword.builtin.ClickKeyword$_click_closure1.call(ClickKeyword.groovy)&#xa;	at com.kms.katalon.core.webui.keyword.internal.WebUIKeywordMain.runKeyword(WebUIKeywordMain.groovy:20)&#xa;	... 20 more&#xa;"/>
         <system-out><![CDATA[2023-11-08 10:14:08 - [TEST_CASE][FAILED] - Test Cases/Main Test Cases/MTC011 - Verify Admin Page link: Test Cases/Main Test Cases/MTC011 - Verify Admin Page link FAILED.
Reason:
com.kms.katalon.core.exception.StepFailedException: Unable to click on object 'Object Repository/Page_ParaBank  Welcome  Online Banking/lnkAdminPage' (Root cause: com.kms.katalon.core.exception.StepFailedException: Unable to click on object 'Object Repository/Page_ParaBank  Welcome  Online Banking/lnkAdminPage'
	at com.kms.katalon.core.webui.keyword.internal.WebUIKeywordMain.stepFailed(WebUIKeywordMain.groovy:64)
	at com.kms.katalon.core.webui.keyword.internal.WebUIKeywordMain.runKeyword(WebUIKeywordMain.groovy:26)
	at com.kms.katalon.core.webui.keyword.builtin.ClickKeyword.click(ClickKeyword.groovy:74)
	at com.kms.katalon.core.webui.keyword.builtin.ClickKeyword.execute(ClickKeyword.groovy:40)
	at com.kms.katalon.core.keyword.internal.KeywordExecutor.executeKeywordForPlatform(KeywordExecutor.groovy:74)
	at com.kms.katalon.core.webui.keyword.WebUiBuiltInKeywords.click(WebUiBuiltInKeywords.groovy:620)
	at MTC011 - Verify Admin Page link.run(MTC011 - Verify Admin Page link:22)
	at com.kms.katalon.core.main.ScriptEngine.run(ScriptEngine.java:194)
	at com.kms.katalon.core.main.ScriptEngine.runScriptAsRawText(ScriptEngine.java:119)
	at com.kms.katalon.core.main.TestCaseExecutor.runScript(TestCaseExecutor.java:448)
	at com.kms.katalon.core.main.TestCaseExecutor.doExecute(TestCaseExecutor.java:439)
	at com.kms.katalon.core.main.TestCaseExecutor.processExecutionPhase(TestCaseExecutor.java:418)
	at com.kms.katalon.core.main.TestCaseExecutor.accessMainPhase(TestCaseExecutor.java:410)
	at com.kms.katalon.core.main.TestCaseExecutor.execute(TestCaseExecutor.java:285)
	at com.kms.katalon.core.common.CommonExecutor.accessTestCaseMainPhase(CommonExecutor.java:65)
	at com.kms.katalon.core.main.TestSuiteExecutor.accessTestSuiteMainPhase(TestSuiteExecutor.java:148)
	at com.kms.katalon.core.main.TestSuiteExecutor.execute(TestSuiteExecutor.java:106)
	at com.kms.katalon.core.main.TestCaseMain.startTestSuite(TestCaseMain.java:187)
	at TempTestSuite1699456150598.run(TempTestSuite1699456150598.groovy:36)
	at java.base/jdk.internal.reflect.NativeMethodAccessorImpl.invoke0(Native Method)
	at java.base/jdk.internal.reflect.NativeMethodAccessorImpl.invoke(NativeMethodAccessorImpl.java:77)
	at java.base/jdk.internal.reflect.DelegatingMethodAccessorImpl.invoke(DelegatingMethodAccessorImpl.java:43)
Caused by: com.kms.katalon.core.webui.exception.WebElementNotFoundException: Web element with id: 'Object Repository/Page_ParaBank  Welcome  Online Banking/lnkAdminPage' located by '//div[@id='headerPanel']/ul/li[6]/a' not found
	at com.kms.katalon.core.webui.common.WebUiCommonHelper.findWebElement(WebUiCommonHelper.java:1379)
	at com.kms.katalon.core.webui.keyword.internal.WebUIAbstractKeyword.findWebElement(WebUIAbstractKeyword.groovy:27)
	at com.kms.katalon.core.webui.keyword.builtin.ClickKeyword$_click_closure1.doCall(ClickKeyword.groovy:65)
	at com.kms.katalon.core.webui.keyword.builtin.ClickKeyword$_click_closure1.call(ClickKeyword.groovy)
	at com.kms.katalon.core.webui.keyword.internal.WebUIKeywordMain.runKeyword(WebUIKeywordMain.groovy:20)
	at com.kms.katalon.core.webui.keyword.builtin.ClickKeyword.click(ClickKeyword.groovy:74)
	at com.kms.katalon.core.webui.keyword.builtin.ClickKeyword.execute(ClickKeyword.groovy:40)
	at com.kms.katalon.core.keyword.internal.KeywordExecutor.executeKeywordForPlatform(KeywordExecutor.groovy:74)
	at com.kms.katalon.core.webui.keyword.WebUiBuiltInKeywords.click(WebUiBuiltInKeywords.groovy:620)
	at Script1698970726311.run(Script1698970726311.groovy:22)
	... 15 more
)
	at com.kms.katalon.core.keyword.internal.KeywordMain.stepFailed(KeywordMain.groovy:39)
	at com.kms.katalon.core.webui.keyword.internal.WebUIKeywordMain.stepFailed(WebUIKeywordMain.groovy:64)
	at com.kms.katalon.core.webui.keyword.internal.WebUIKeywordMain.runKeyword(WebUIKeywordMain.groovy:26)
	at com.kms.katalon.core.webui.keyword.builtin.ClickKeyword.click(ClickKeyword.groovy:74)
	at com.kms.katalon.core.webui.keyword.builtin.ClickKeyword.execute(ClickKeyword.groovy:40)
	at com.kms.katalon.core.keyword.internal.KeywordExecutor.executeKeywordForPlatform(KeywordExecutor.groovy:74)
	at com.kms.katalon.core.webui.keyword.WebUiBuiltInKeywords.click(WebUiBuiltInKeywords.groovy:620)
	at MTC011 - Verify Admin Page link.run(MTC011 - Verify Admin Page link:22)
	at com.kms.katalon.core.main.ScriptEngine.run(ScriptEngine.java:194)
	at com.kms.katalon.core.main.ScriptEngine.runScriptAsRawText(ScriptEngine.java:119)
	at com.kms.katalon.core.main.TestCaseExecutor.runScript(TestCaseExecutor.java:448)
	at com.kms.katalon.core.main.TestCaseExecutor.doExecute(TestCaseExecutor.java:439)
	at com.kms.katalon.core.main.TestCaseExecutor.processExecutionPhase(TestCaseExecutor.java:418)
	at com.kms.katalon.core.main.TestCaseExecutor.accessMainPhase(TestCaseExecutor.java:410)
	at com.kms.katalon.core.main.TestCaseExecutor.execute(TestCaseExecutor.java:285)
	at com.kms.katalon.core.common.CommonExecutor.accessTestCaseMainPhase(CommonExecutor.java:65)
	at com.kms.katalon.core.main.TestSuiteExecutor.accessTestSuiteMainPhase(TestSuiteExecutor.java:148)
	at com.kms.katalon.core.main.TestSuiteExecutor.execute(TestSuiteExecutor.java:106)
	at com.kms.katalon.core.main.TestCaseMain.startTestSuite(TestCaseMain.java:187)
	at TempTestSuite1699456150598.run(TempTestSuite1699456150598.groovy:36)
	at java.base/jdk.internal.reflect.NativeMethodAccessorImpl.invoke0(Native Method)
	at java.base/jdk.internal.reflect.NativeMethodAccessorImpl.invoke(NativeMethodAccessorImpl.java:77)
	at java.base/jdk.internal.reflect.DelegatingMethodAccessorImpl.invoke(DelegatingMethodAccessorImpl.java:43)
Caused by: com.kms.katalon.core.exception.StepFailedException: Unable to click on object 'Object Repository/Page_ParaBank  Welcome  Online Banking/lnkAdminPage'
	... 22 more
Caused by: com.kms.katalon.core.webui.exception.WebElementNotFoundException: Web element with id: 'Object Repository/Page_ParaBank  Welcome  Online Banking/lnkAdminPage' located by '//div[@id='headerPanel']/ul/li[6]/a' not found
	at com.kms.katalon.core.webui.common.WebUiCommonHelper.findWebElement(WebUiCommonHelper.java:1379)
	at com.kms.katalon.core.webui.keyword.internal.WebUIAbstractKeyword.findWebElement(WebUIAbstractKeyword.groovy:27)
	at com.kms.katalon.core.webui.keyword.builtin.ClickKeyword$_click_closure1.doCall(ClickKeyword.groovy:65)
	at com.kms.katalon.core.webui.keyword.builtin.ClickKeyword$_click_closure1.call(ClickKeyword.groovy)
	at com.kms.katalon.core.webui.keyword.internal.WebUIKeywordMain.runKeyword(WebUIKeywordMain.groovy:20)
	... 20 more


2023-11-08 10:14:08 - [TEST_STEP][PASSED] - callTestCase(findTestCase("Reusable Test Cases/Open the webapp"), [:], CONTINUE_ON_FAILURE): Call Test Case 'Test Cases/Reusable Test Cases/Open the webapp' successfully

2023-11-08 10:14:08 - [TEST_CASE][PASSED] - Test Cases/Reusable Test Cases/Open the webapp: Test Cases/Reusable Test Cases/Open the webapp

2023-11-08 10:14:08 - [TEST_STEP][PASSED] - openBrowser(URL): Browser is opened with url: 'null'

2023-11-08 10:14:08 - [MESSAGE][INFO] - Starting 'Chrome (headless)' driver

2023-11-08 10:14:08 - [MESSAGE][INFO] - User set preference: ['property', '**window-size=1500,1000']

2023-11-08 10:14:08 - [MESSAGE][INFO] - Action delay is set to 0 milliseconds

2023-11-08 10:14:10 - [MESSAGE][WARNING] - FFmpeg was not installed! Browser Recording will be disabled. Please follow this document to install FFmpeg first: https://docs.katalon.com/katalon-studio/docs/screenshots-videos.html#browser-based-recorder

2023-11-08 10:14:10 - [MESSAGE][PASSED] - Browser is opened with url: 'null'

2023-11-08 10:14:10 - [TEST_STEP][PASSED] - maximizeWindow(): Current window maximized

2023-11-08 10:14:10 - [MESSAGE][PASSED] - Current window maximized

2023-11-08 10:14:10 - [MESSAGE][PASSED] - Call Test Case 'Test Cases/Reusable Test Cases/Open the webapp' successfully

2023-11-08 10:14:10 - [TEST_STEP][FAILED] - click(findTestObject("Object Repository/Page_ParaBank  Welcome  Online Banking/lnkAdminPage")): Unable to click on object 'Object Repository/Page_ParaBank  Welcome  Online Banking/lnkAdminPage' (Root cause: com.kms.katalon.core.exception.StepFailedException: Unable to click on object 'Object Repository/Page_ParaBank  Welcome  Online Banking/lnkAdminPage'
	at com.kms.katalon.core.webui.keyword.internal.WebUIKeywordMain.stepFailed(WebUIKeywordMain.groovy:64)
	at com.kms.katalon.core.webui.keyword.internal.WebUIKeywordMain.runKeyword(WebUIKeywordMain.groovy:26)
	at com.kms.katalon.core.webui.keyword.builtin.ClickKeyword.click(ClickKeyword.groovy:74)
	at com.kms.katalon.core.webui.keyword.builtin.ClickKeyword.execute(ClickKeyword.groovy:40)
	at com.kms.katalon.core.keyword.internal.KeywordExecutor.executeKeywordForPlatform(KeywordExecutor.groovy:74)
	at com.kms.katalon.core.webui.keyword.WebUiBuiltInKeywords.click(WebUiBuiltInKeywords.groovy:620)
	at MTC011 - Verify Admin Page link.run(MTC011 - Verify Admin Page link:22)
	at com.kms.katalon.core.main.ScriptEngine.run(ScriptEngine.java:194)
	at com.kms.katalon.core.main.ScriptEngine.runScriptAsRawText(ScriptEngine.java:119)
	at com.kms.katalon.core.main.TestCaseExecutor.runScript(TestCaseExecutor.java:448)
	at com.kms.katalon.core.main.TestCaseExecutor.doExecute(TestCaseExecutor.java:439)
	at com.kms.katalon.core.main.TestCaseExecutor.processExecutionPhase(TestCaseExecutor.java:418)
	at com.kms.katalon.core.main.TestCaseExecutor.accessMainPhase(TestCaseExecutor.java:410)
	at com.kms.katalon.core.main.TestCaseExecutor.execute(TestCaseExecutor.java:285)
	at com.kms.katalon.core.common.CommonExecutor.accessTestCaseMainPhase(CommonExecutor.java:65)
	at com.kms.katalon.core.main.TestSuiteExecutor.accessTestSuiteMainPhase(TestSuiteExecutor.java:148)
	at com.kms.katalon.core.main.TestSuiteExecutor.execute(TestSuiteExecutor.java:106)
	at com.kms.katalon.core.main.TestCaseMain.startTestSuite(TestCaseMain.java:187)
	at TempTestSuite1699456150598.run(TempTestSuite1699456150598.groovy:36)
	at java.base/jdk.internal.reflect.NativeMethodAccessorImpl.invoke0(Native Method)
	at java.base/jdk.internal.reflect.NativeMethodAccessorImpl.invoke(NativeMethodAccessorImpl.java:77)
	at java.base/jdk.internal.reflect.DelegatingMethodAccessorImpl.invoke(DelegatingMethodAccessorImpl.java:43)
Caused by: com.kms.katalon.core.webui.exception.WebElementNotFoundException: Web element with id: 'Object Repository/Page_ParaBank  Welcome  Online Banking/lnkAdminPage' located by '//div[@id='headerPanel']/ul/li[6]/a' not found
	at com.kms.katalon.core.webui.common.WebUiCommonHelper.findWebElement(WebUiCommonHelper.java:1379)
	at com.kms.katalon.core.webui.keyword.internal.WebUIAbstractKeyword.findWebElement(WebUIAbstractKeyword.groovy:27)
	at com.kms.katalon.core.webui.keyword.builtin.ClickKeyword$_click_closure1.doCall(ClickKeyword.groovy:65)
	at com.kms.katalon.core.webui.keyword.builtin.ClickKeyword$_click_closure1.call(ClickKeyword.groovy)
	at com.kms.katalon.core.webui.keyword.internal.WebUIKeywordMain.runKeyword(WebUIKeywordMain.groovy:20)
	at com.kms.katalon.core.webui.keyword.builtin.ClickKeyword.click(ClickKeyword.groovy:74)
	at com.kms.katalon.core.webui.keyword.builtin.ClickKeyword.execute(ClickKeyword.groovy:40)
	at com.kms.katalon.core.keyword.internal.KeywordExecutor.executeKeywordForPlatform(KeywordExecutor.groovy:74)
	at com.kms.katalon.core.webui.keyword.WebUiBuiltInKeywords.click(WebUiBuiltInKeywords.groovy:620)
	at Script1698970726311.run(Script1698970726311.groovy:22)
	... 15 more
)

2023-11-08 10:14:41 - [MESSAGE][INFO] - Unable to find the element located by 'By.xpath: //div[@id='headerPanel']/ul/li[6]/a'. Please recheck the objects properties to make sure the desired element is located. 

2023-11-08 10:14:41 - [MESSAGE][WARNING] - [SELF-HEALING] Failed to find element with id 'Object Repository/Page_ParaBank  Welcome  Online Banking/lnkAdminPage'. Try using Self-healing.

2023-11-08 10:14:41 - [MESSAGE][INFO] - [SELF-HEALING] Failed Locator: '//div[@id='headerPanel']/ul/li[6]/a'.

2023-11-08 10:14:41 - [MESSAGE][INFO] - [SELF-HEALING] Failed Locator: '//a[contains(text(),'Admin Page')]'.

2023-11-08 10:14:41 - [MESSAGE][INFO] - [SELF-HEALING] Failed Locator: '(//a[contains(@href, 'admin.htm')])[2]'.

2023-11-08 10:14:41 - [MESSAGE][INFO] - [SELF-HEALING] Failed Locator: '//li[6]/a'.

2023-11-08 10:14:41 - [MESSAGE][INFO] - [SELF-HEALING] Failed Locator: '//a[@href = 'admin.htm' and (text() = 'Admin Page' or . = 'Admin Page')]'.

2023-11-08 10:14:41 - [MESSAGE][INFO] - [SELF-HEALING] Failed Locator: '//div[@id='headerPanel']/ul/li[6]/a'.

2023-11-08 10:14:41 - [MESSAGE][INFO] - [SELF-HEALING] Failed Locator: '//a[contains(text(),'Admin Page')]'.

2023-11-08 10:14:42 - [MESSAGE][INFO] - [SELF-HEALING] Failed Locator: '(//a[contains(@href, 'admin.htm')])[2]'.

2023-11-08 10:14:42 - [MESSAGE][INFO] - [SELF-HEALING] Failed Locator: '//li[6]/a'.

2023-11-08 10:14:42 - [MESSAGE][INFO] - [SELF-HEALING] Failed Locator: '//a[@href = 'admin.htm' and (text() = 'Admin Page' or . = 'Admin Page')]'.

2023-11-08 10:14:42 - [MESSAGE][INFO] - [SELF-HEALING] Failed Locator: '//div[@id='headerPanel']/ul/li[6]/a'.

2023-11-08 10:14:42 - [MESSAGE][INFO] - [SELF-HEALING] Failed Locator: '//a[contains(text(),'Admin Page')]'.

2023-11-08 10:14:42 - [MESSAGE][INFO] - [SELF-HEALING] Failed Locator: '(//a[contains(@href, 'admin.htm')])[2]'.

2023-11-08 10:14:42 - [MESSAGE][INFO] - [SELF-HEALING] Failed Locator: '//li[6]/a'.

2023-11-08 10:14:42 - [MESSAGE][INFO] - [SELF-HEALING] Failed Locator: '//a[@href = 'admin.htm' and (text() = 'Admin Page' or . = 'Admin Page')]'.

2023-11-08 10:14:42 - [MESSAGE][INFO] - [SELF-HEALING] Failed Locator: '//div[@id='headerPanel']/ul/li[6]/a'.

2023-11-08 10:14:42 - [MESSAGE][INFO] - [SELF-HEALING] Failed Locator: '//a[contains(text(),'Admin Page')]'.

2023-11-08 10:14:42 - [MESSAGE][INFO] - [SELF-HEALING] Failed Locator: '(//a[contains(@href, 'admin.htm')])[2]'.

2023-11-08 10:14:42 - [MESSAGE][INFO] - [SELF-HEALING] Failed Locator: '//li[6]/a'.

2023-11-08 10:14:42 - [MESSAGE][INFO] - [SELF-HEALING] Failed Locator: '//a[@href = 'admin.htm' and (text() = 'Admin Page' or . = 'Admin Page')]'.

2023-11-08 10:14:42 - [MESSAGE][INFO] - [SELF-HEALING] Failed Locator: '//div[@id='headerPanel']/ul/li[6]/a'.

2023-11-08 10:14:42 - [MESSAGE][INFO] - [SELF-HEALING] Failed Locator: '//a[contains(text(),'Admin Page')]'.

2023-11-08 10:14:42 - [MESSAGE][INFO] - [SELF-HEALING] Failed Locator: '(//a[contains(@href, 'admin.htm')])[2]'.

2023-11-08 10:14:42 - [MESSAGE][INFO] - [SELF-HEALING] Failed Locator: '//li[6]/a'.

2023-11-08 10:14:42 - [MESSAGE][INFO] - [SELF-HEALING] Failed Locator: '//a[@href = 'admin.htm' and (text() = 'Admin Page' or . = 'Admin Page')]'.

2023-11-08 10:14:42 - [MESSAGE][INFO] - [SELF-HEALING] Failed Locator: '//div[@id='headerPanel']/ul/li[6]/a'.

2023-11-08 10:14:42 - [MESSAGE][INFO] - [SELF-HEALING] Failed Locator: '//a[contains(text(),'Admin Page')]'.

2023-11-08 10:14:42 - [MESSAGE][INFO] - [SELF-HEALING] Failed Locator: '(//a[contains(@href, 'admin.htm')])[2]'.

2023-11-08 10:14:42 - [MESSAGE][INFO] - [SELF-HEALING] Failed Locator: '//li[6]/a'.

2023-11-08 10:14:42 - [MESSAGE][INFO] - [SELF-HEALING] Failed Locator: '//a[@href = 'admin.htm' and (text() = 'Admin Page' or . = 'Admin Page')]'.

2023-11-08 10:14:42 - [MESSAGE][INFO] - [SELF-HEALING] Failed Locator: '//div[@id='headerPanel']/ul/li[6]/a'.

2023-11-08 10:14:42 - [MESSAGE][INFO] - [SELF-HEALING] Failed Locator: '//a[contains(text(),'Admin Page')]'.

2023-11-08 10:14:42 - [MESSAGE][INFO] - [SELF-HEALING] Failed Locator: '(//a[contains(@href, 'admin.htm')])[2]'.

2023-11-08 10:14:42 - [MESSAGE][INFO] - [SELF-HEALING] Failed Locator: '//li[6]/a'.

2023-11-08 10:14:42 - [MESSAGE][INFO] - [SELF-HEALING] Failed Locator: '//a[@href = 'admin.htm' and (text() = 'Admin Page' or . = 'Admin Page')]'.

2023-11-08 10:14:42 - [MESSAGE][INFO] - [SELF-HEALING] Failed Locator: '//div[@id='headerPanel']/ul/li[6]/a'.

2023-11-08 10:14:42 - [MESSAGE][INFO] - [SELF-HEALING] Failed Locator: '//a[contains(text(),'Admin Page')]'.

2023-11-08 10:14:42 - [MESSAGE][INFO] - [SELF-HEALING] Failed Locator: '(//a[contains(@href, 'admin.htm')])[2]'.

2023-11-08 10:14:42 - [MESSAGE][INFO] - [SELF-HEALING] Failed Locator: '//li[6]/a'.

2023-11-08 10:14:42 - [MESSAGE][INFO] - [SELF-HEALING] Failed Locator: '//a[@href = 'admin.htm' and (text() = 'Admin Page' or . = 'Admin Page')]'.

2023-11-08 10:14:42 - [MESSAGE][INFO] - [SELF-HEALING] Failed Locator: '//div[@id='headerPanel']/ul/li[6]/a'.

2023-11-08 10:14:42 - [MESSAGE][INFO] - [SELF-HEALING] Failed Locator: '//a[contains(text(),'Admin Page')]'.

2023-11-08 10:14:42 - [MESSAGE][INFO] - [SELF-HEALING] Failed Locator: '(//a[contains(@href, 'admin.htm')])[2]'.

2023-11-08 10:14:42 - [MESSAGE][INFO] - [SELF-HEALING] Failed Locator: '//li[6]/a'.

2023-11-08 10:14:42 - [MESSAGE][INFO] - [SELF-HEALING] Failed Locator: '//a[@href = 'admin.htm' and (text() = 'Admin Page' or . = 'Admin Page')]'.

2023-11-08 10:14:42 - [MESSAGE][INFO] - [SELF-HEALING] Failed Locator: '//div[@id='headerPanel']/ul/li[6]/a'.

2023-11-08 10:14:42 - [MESSAGE][INFO] - [SELF-HEALING] Failed Locator: '//a[contains(text(),'Admin Page')]'.

2023-11-08 10:14:42 - [MESSAGE][INFO] - [SELF-HEALING] Failed Locator: '(//a[contains(@href, 'admin.htm')])[2]'.

2023-11-08 10:14:42 - [MESSAGE][INFO] - [SELF-HEALING] Failed Locator: '//li[6]/a'.

2023-11-08 10:14:42 - [MESSAGE][INFO] - [SELF-HEALING] Failed Locator: '//a[@href = 'admin.htm' and (text() = 'Admin Page' or . = 'Admin Page')]'.

2023-11-08 10:14:42 - [MESSAGE][INFO] - [SELF-HEALING] Failed Locator: '//div[@id='headerPanel']/ul/li[6]/a'.

2023-11-08 10:14:42 - [MESSAGE][INFO] - [SELF-HEALING] Failed Locator: '//a[contains(text(),'Admin Page')]'.

2023-11-08 10:14:42 - [MESSAGE][INFO] - [SELF-HEALING] Failed Locator: '(//a[contains(@href, 'admin.htm')])[2]'.

2023-11-08 10:14:42 - [MESSAGE][INFO] - [SELF-HEALING] Failed Locator: '//li[6]/a'.

2023-11-08 10:14:42 - [MESSAGE][INFO] - [SELF-HEALING] Failed Locator: '//a[@href = 'admin.htm' and (text() = 'Admin Page' or . = 'Admin Page')]'.

2023-11-08 10:14:43 - [MESSAGE][INFO] - Unable to find the element located by 'By.xpath: //*[@href = 'admin.htm' and (text() = 'Admin Page' or . = 'Admin Page')]'. Please recheck the objects properties to make sure the desired element is located. 

2023-11-08 10:14:44 - [MESSAGE][INFO] - Unable to find the element located by 'By.cssSelector: li:nth-of-type(6) > a'. Please recheck the objects properties to make sure the desired element is located. 

2023-11-08 10:14:44 - [MESSAGE][FAILED] - Unable to click on object 'Object Repository/Page_ParaBank  Welcome  Online Banking/lnkAdminPage' (Root cause: com.kms.katalon.core.exception.StepFailedException: Unable to click on object 'Object Repository/Page_ParaBank  Welcome  Online Banking/lnkAdminPage'
	at com.kms.katalon.core.webui.keyword.internal.WebUIKeywordMain.stepFailed(WebUIKeywordMain.groovy:64)
	at com.kms.katalon.core.webui.keyword.internal.WebUIKeywordMain.runKeyword(WebUIKeywordMain.groovy:26)
	at com.kms.katalon.core.webui.keyword.builtin.ClickKeyword.click(ClickKeyword.groovy:74)
	at com.kms.katalon.core.webui.keyword.builtin.ClickKeyword.execute(ClickKeyword.groovy:40)
	at com.kms.katalon.core.keyword.internal.KeywordExecutor.executeKeywordForPlatform(KeywordExecutor.groovy:74)
	at com.kms.katalon.core.webui.keyword.WebUiBuiltInKeywords.click(WebUiBuiltInKeywords.groovy:620)
	at MTC011 - Verify Admin Page link.run(MTC011 - Verify Admin Page link:22)
	at com.kms.katalon.core.main.ScriptEngine.run(ScriptEngine.java:194)
	at com.kms.katalon.core.main.ScriptEngine.runScriptAsRawText(ScriptEngine.java:119)
	at com.kms.katalon.core.main.TestCaseExecutor.runScript(TestCaseExecutor.java:448)
	at com.kms.katalon.core.main.TestCaseExecutor.doExecute(TestCaseExecutor.java:439)
	at com.kms.katalon.core.main.TestCaseExecutor.processExecutionPhase(TestCaseExecutor.java:418)
	at com.kms.katalon.core.main.TestCaseExecutor.accessMainPhase(TestCaseExecutor.java:410)
	at com.kms.katalon.core.main.TestCaseExecutor.execute(TestCaseExecutor.java:285)
	at com.kms.katalon.core.common.CommonExecutor.accessTestCaseMainPhase(CommonExecutor.java:65)
	at com.kms.katalon.core.main.TestSuiteExecutor.accessTestSuiteMainPhase(TestSuiteExecutor.java:148)
	at com.kms.katalon.core.main.TestSuiteExecutor.execute(TestSuiteExecutor.java:106)
	at com.kms.katalon.core.main.TestCaseMain.startTestSuite(TestCaseMain.java:187)
	at TempTestSuite1699456150598.run(TempTestSuite1699456150598.groovy:36)
	at java.base/jdk.internal.reflect.NativeMethodAccessorImpl.invoke0(Native Method)
	at java.base/jdk.internal.reflect.NativeMethodAccessorImpl.invoke(NativeMethodAccessorImpl.java:77)
	at java.base/jdk.internal.reflect.DelegatingMethodAccessorImpl.invoke(DelegatingMethodAccessorImpl.java:43)
Caused by: com.kms.katalon.core.webui.exception.WebElementNotFoundException: Web element with id: 'Object Repository/Page_ParaBank  Welcome  Online Banking/lnkAdminPage' located by '//div[@id='headerPanel']/ul/li[6]/a' not found
	at com.kms.katalon.core.webui.common.WebUiCommonHelper.findWebElement(WebUiCommonHelper.java:1379)
	at com.kms.katalon.core.webui.keyword.internal.WebUIAbstractKeyword.findWebElement(WebUIAbstractKeyword.groovy:27)
	at com.kms.katalon.core.webui.keyword.builtin.ClickKeyword$_click_closure1.doCall(ClickKeyword.groovy:65)
	at com.kms.katalon.core.webui.keyword.builtin.ClickKeyword$_click_closure1.call(ClickKeyword.groovy)
	at com.kms.katalon.core.webui.keyword.internal.WebUIKeywordMain.runKeyword(WebUIKeywordMain.groovy:20)
	at com.kms.katalon.core.webui.keyword.builtin.ClickKeyword.click(ClickKeyword.groovy:74)
	at com.kms.katalon.core.webui.keyword.builtin.ClickKeyword.execute(ClickKeyword.groovy:40)
	at com.kms.katalon.core.keyword.internal.KeywordExecutor.executeKeywordForPlatform(KeywordExecutor.groovy:74)
	at com.kms.katalon.core.webui.keyword.WebUiBuiltInKeywords.click(WebUiBuiltInKeywords.groovy:620)
	at Script1698970726311.run(Script1698970726311.groovy:22)
	... 15 more
)
[[ATTACHMENT|C:\\Users\\GKOKABAYEVA\\Katalon Studio\\Parabank\\Reports\\20231108_100910\\Smoke Test Suites\\STS003 - Main page links verification\\20231108_100910\\1699456484923.png]]

2023-11-08 10:14:44 - [TEST_STEP][FAILED] - navigateToUrl(ADMIN_PAGE_URL): Unable to navigate to 'null' (Root cause: com.kms.katalon.core.exception.StepFailedException: Unable to navigate to 'null'
	at com.kms.katalon.core.webui.keyword.internal.WebUIKeywordMain.stepFailed(WebUIKeywordMain.groovy:64)
	at com.kms.katalon.core.webui.keyword.internal.WebUIKeywordMain.runKeyword(WebUIKeywordMain.groovy:26)
	at com.kms.katalon.core.webui.keyword.builtin.NavigateToUrlKeyword.navigateToUrl(NavigateToUrlKeyword.groovy:83)
	at com.kms.katalon.core.webui.keyword.builtin.NavigateToUrlKeyword.execute(NavigateToUrlKeyword.groovy:67)
	at com.kms.katalon.core.keyword.internal.KeywordExecutor.executeKeywordForPlatform(KeywordExecutor.groovy:74)
	at com.kms.katalon.core.webui.keyword.WebUiBuiltInKeywords.navigateToUrl(WebUiBuiltInKeywords.groovy:187)
	at MTC011 - Verify Admin Page link.run(MTC011 - Verify Admin Page link:24)
	at com.kms.katalon.core.main.ScriptEngine.run(ScriptEngine.java:194)
	at com.kms.katalon.core.main.ScriptEngine.runScriptAsRawText(ScriptEngine.java:119)
	at com.kms.katalon.core.main.TestCaseExecutor.runScript(TestCaseExecutor.java:448)
	at com.kms.katalon.core.main.TestCaseExecutor.doExecute(TestCaseExecutor.java:439)
	at com.kms.katalon.core.main.TestCaseExecutor.processExecutionPhase(TestCaseExecutor.java:418)
	at com.kms.katalon.core.main.TestCaseExecutor.accessMainPhase(TestCaseExecutor.java:410)
	at com.kms.katalon.core.main.TestCaseExecutor.execute(TestCaseExecutor.java:285)
	at com.kms.katalon.core.common.CommonExecutor.accessTestCaseMainPhase(CommonExecutor.java:65)
	at com.kms.katalon.core.main.TestSuiteExecutor.accessTestSuiteMainPhase(TestSuiteExecutor.java:148)
	at com.kms.katalon.core.main.TestSuiteExecutor.execute(TestSuiteExecutor.java:106)
	at com.kms.katalon.core.main.TestCaseMain.startTestSuite(TestCaseMain.java:187)
	at TempTestSuite1699456150598.run(TempTestSuite1699456150598.groovy:36)
	at java.base/jdk.internal.reflect.NativeMethodAccessorImpl.invoke0(Native Method)
	at java.base/jdk.internal.reflect.NativeMethodAccessorImpl.invoke(NativeMethodAccessorImpl.java:77)
	at java.base/jdk.internal.reflect.DelegatingMethodAccessorImpl.invoke(DelegatingMethodAccessorImpl.java:43)
Caused by: java.lang.IllegalArgumentException: Url cannot be null or empty
	at com.kms.katalon.core.webui.keyword.builtin.NavigateToUrlKeyword$_navigateToUrl_closure1.doCall(NavigateToUrlKeyword.groovy:75)
	at com.kms.katalon.core.webui.keyword.builtin.NavigateToUrlKeyword$_navigateToUrl_closure1.call(NavigateToUrlKeyword.groovy)
	at com.kms.katalon.core.webui.keyword.internal.WebUIKeywordMain.runKeyword(WebUIKeywordMain.groovy:20)
	at com.kms.katalon.core.webui.keyword.builtin.NavigateToUrlKeyword.navigateToUrl(NavigateToUrlKeyword.groovy:83)
	at com.kms.katalon.core.webui.keyword.builtin.NavigateToUrlKeyword.execute(NavigateToUrlKeyword.groovy:67)
	at com.kms.katalon.core.keyword.internal.KeywordExecutor.executeKeywordForPlatform(KeywordExecutor.groovy:74)
	at com.kms.katalon.core.webui.keyword.WebUiBuiltInKeywords.navigateToUrl(WebUiBuiltInKeywords.groovy:187)
	at Script1698970726311.run(Script1698970726311.groovy:24)
	... 15 more
)

2023-11-08 10:14:45 - [MESSAGE][FAILED] - Unable to navigate to 'null' (Root cause: com.kms.katalon.core.exception.StepFailedException: Unable to navigate to 'null'
	at com.kms.katalon.core.webui.keyword.internal.WebUIKeywordMain.stepFailed(WebUIKeywordMain.groovy:64)
	at com.kms.katalon.core.webui.keyword.internal.WebUIKeywordMain.runKeyword(WebUIKeywordMain.groovy:26)
	at com.kms.katalon.core.webui.keyword.builtin.NavigateToUrlKeyword.navigateToUrl(NavigateToUrlKeyword.groovy:83)
	at com.kms.katalon.core.webui.keyword.builtin.NavigateToUrlKeyword.execute(NavigateToUrlKeyword.groovy:67)
	at com.kms.katalon.core.keyword.internal.KeywordExecutor.executeKeywordForPlatform(KeywordExecutor.groovy:74)
	at com.kms.katalon.core.webui.keyword.WebUiBuiltInKeywords.navigateToUrl(WebUiBuiltInKeywords.groovy:187)
	at MTC011 - Verify Admin Page link.run(MTC011 - Verify Admin Page link:24)
	at com.kms.katalon.core.main.ScriptEngine.run(ScriptEngine.java:194)
	at com.kms.katalon.core.main.ScriptEngine.runScriptAsRawText(ScriptEngine.java:119)
	at com.kms.katalon.core.main.TestCaseExecutor.runScript(TestCaseExecutor.java:448)
	at com.kms.katalon.core.main.TestCaseExecutor.doExecute(TestCaseExecutor.java:439)
	at com.kms.katalon.core.main.TestCaseExecutor.processExecutionPhase(TestCaseExecutor.java:418)
	at com.kms.katalon.core.main.TestCaseExecutor.accessMainPhase(TestCaseExecutor.java:410)
	at com.kms.katalon.core.main.TestCaseExecutor.execute(TestCaseExecutor.java:285)
	at com.kms.katalon.core.common.CommonExecutor.accessTestCaseMainPhase(CommonExecutor.java:65)
	at com.kms.katalon.core.main.TestSuiteExecutor.accessTestSuiteMainPhase(TestSuiteExecutor.java:148)
	at com.kms.katalon.core.main.TestSuiteExecutor.execute(TestSuiteExecutor.java:106)
	at com.kms.katalon.core.main.TestCaseMain.startTestSuite(TestCaseMain.java:187)
	at TempTestSuite1699456150598.run(TempTestSuite1699456150598.groovy:36)
	at java.base/jdk.internal.reflect.NativeMethodAccessorImpl.invoke0(Native Method)
	at java.base/jdk.internal.reflect.NativeMethodAccessorImpl.invoke(NativeMethodAccessorImpl.java:77)
	at java.base/jdk.internal.reflect.DelegatingMethodAccessorImpl.invoke(DelegatingMethodAccessorImpl.java:43)
Caused by: java.lang.IllegalArgumentException: Url cannot be null or empty
	at com.kms.katalon.core.webui.keyword.builtin.NavigateToUrlKeyword$_navigateToUrl_closure1.doCall(NavigateToUrlKeyword.groovy:75)
	at com.kms.katalon.core.webui.keyword.builtin.NavigateToUrlKeyword$_navigateToUrl_closure1.call(NavigateToUrlKeyword.groovy)
	at com.kms.katalon.core.webui.keyword.internal.WebUIKeywordMain.runKeyword(WebUIKeywordMain.groovy:20)
	at com.kms.katalon.core.webui.keyword.builtin.NavigateToUrlKeyword.navigateToUrl(NavigateToUrlKeyword.groovy:83)
	at com.kms.katalon.core.webui.keyword.builtin.NavigateToUrlKeyword.execute(NavigateToUrlKeyword.groovy:67)
	at com.kms.katalon.core.keyword.internal.KeywordExecutor.executeKeywordForPlatform(KeywordExecutor.groovy:74)
	at com.kms.katalon.core.webui.keyword.WebUiBuiltInKeywords.navigateToUrl(WebUiBuiltInKeywords.groovy:187)
	at Script1698970726311.run(Script1698970726311.groovy:24)
	... 15 more
)
[[ATTACHMENT|C:\\Users\\GKOKABAYEVA\\Katalon Studio\\Parabank\\Reports\\20231108_100910\\Smoke Test Suites\\STS003 - Main page links verification\\20231108_100910\\1699456484986.png]]

2023-11-08 10:14:45 - [TEST_STEP][FAILED] - verifyElementText(findTestObject("Object Repository/Page_ParaBank  Administration/h1Administration"), expectedAdministrationHeader): com.kms.katalon.core.webui.exception.WebElementNotFoundException: Web element with id: 'Object Repository/Page_ParaBank  Administration/h1Administration' located by '//div[@id='rightPanel']/h1' not found (Root cause: com.kms.katalon.core.exception.StepFailedException: com.kms.katalon.core.webui.exception.WebElementNotFoundException: Web element with id: 'Object Repository/Page_ParaBank  Administration/h1Administration' located by '//div[@id='rightPanel']/h1' not found
	at com.kms.katalon.core.webui.keyword.internal.WebUIKeywordMain.stepFailed(WebUIKeywordMain.groovy:64)
	at com.kms.katalon.core.webui.keyword.builtin.VerifyElementTextKeyword$_verifyElementText_closure1.doCall(VerifyElementTextKeyword.groovy:64)
	at com.kms.katalon.core.webui.keyword.builtin.VerifyElementTextKeyword$_verifyElementText_closure1.call(VerifyElementTextKeyword.groovy)
	at com.kms.katalon.core.webui.keyword.internal.WebUIKeywordMain.runKeyword(WebUIKeywordMain.groovy:20)
	at com.kms.katalon.core.webui.keyword.builtin.VerifyElementTextKeyword.verifyElementText(VerifyElementTextKeyword.groovy:72)
	at com.kms.katalon.core.webui.keyword.builtin.VerifyElementTextKeyword.execute(VerifyElementTextKeyword.groovy:40)
	at com.kms.katalon.core.keyword.internal.KeywordExecutor.executeKeywordForPlatform(KeywordExecutor.groovy:74)
	at com.kms.katalon.core.webui.keyword.WebUiBuiltInKeywords.verifyElementText(WebUiBuiltInKeywords.groovy:4796)
	at MTC011 - Verify Admin Page link.run(MTC011 - Verify Admin Page link:26)
	at com.kms.katalon.core.main.ScriptEngine.run(ScriptEngine.java:194)
	at com.kms.katalon.core.main.ScriptEngine.runScriptAsRawText(ScriptEngine.java:119)
	at com.kms.katalon.core.main.TestCaseExecutor.runScript(TestCaseExecutor.java:448)
	at com.kms.katalon.core.main.TestCaseExecutor.doExecute(TestCaseExecutor.java:439)
	at com.kms.katalon.core.main.TestCaseExecutor.processExecutionPhase(TestCaseExecutor.java:418)
	at com.kms.katalon.core.main.TestCaseExecutor.accessMainPhase(TestCaseExecutor.java:410)
	at com.kms.katalon.core.main.TestCaseExecutor.execute(TestCaseExecutor.java:285)
	at com.kms.katalon.core.common.CommonExecutor.accessTestCaseMainPhase(CommonExecutor.java:65)
	at com.kms.katalon.core.main.TestSuiteExecutor.accessTestSuiteMainPhase(TestSuiteExecutor.java:148)
	at com.kms.katalon.core.main.TestSuiteExecutor.execute(TestSuiteExecutor.java:106)
	at com.kms.katalon.core.main.TestCaseMain.startTestSuite(TestCaseMain.java:187)
	at TempTestSuite1699456150598.run(TempTestSuite1699456150598.groovy:36)
	at java.base/jdk.internal.reflect.NativeMethodAccessorImpl.invoke0(Native Method)
	at java.base/jdk.internal.reflect.NativeMethodAccessorImpl.invoke(NativeMethodAccessorImpl.java:77)
	at java.base/jdk.internal.reflect.DelegatingMethodAccessorImpl.invoke(DelegatingMethodAccessorImpl.java:43)
)

2023-11-08 10:15:16 - [MESSAGE][INFO] - Unable to find the element located by 'By.xpath: //div[@id='rightPanel']/h1'. Please recheck the objects properties to make sure the desired element is located. 

2023-11-08 10:15:16 - [MESSAGE][WARNING] - [SELF-HEALING] Failed to find element with id 'Object Repository/Page_ParaBank  Administration/h1Administration'. Try using Self-healing.

2023-11-08 10:15:16 - [MESSAGE][INFO] - [SELF-HEALING] Failed Locator: '//div[@id='rightPanel']/h1'.

2023-11-08 10:15:16 - [MESSAGE][INFO] - [SELF-HEALING] Failed Locator: '//h1'.

2023-11-08 10:15:16 - [MESSAGE][INFO] - [SELF-HEALING] Failed Locator: '//h1[(text() = '
	Administration
' or . = '
	Administration
')]'.

2023-11-08 10:15:16 - [MESSAGE][INFO] - [SELF-HEALING] Failed Locator: '//div[@id='rightPanel']/h1'.

2023-11-08 10:15:16 - [MESSAGE][INFO] - [SELF-HEALING] Failed Locator: '//h1'.

2023-11-08 10:15:16 - [MESSAGE][INFO] - [SELF-HEALING] Failed Locator: '//h1[(text() = '
	Administration
' or . = '
	Administration
')]'.

2023-11-08 10:15:16 - [MESSAGE][INFO] - [SELF-HEALING] Failed Locator: '//div[@id='rightPanel']/h1'.

2023-11-08 10:15:16 - [MESSAGE][INFO] - [SELF-HEALING] Failed Locator: '//h1'.

2023-11-08 10:15:16 - [MESSAGE][INFO] - [SELF-HEALING] Failed Locator: '//h1[(text() = '
	Administration
' or . = '
	Administration
')]'.

2023-11-08 10:15:16 - [MESSAGE][INFO] - [SELF-HEALING] Failed Locator: '//div[@id='rightPanel']/h1'.

2023-11-08 10:15:16 - [MESSAGE][INFO] - [SELF-HEALING] Failed Locator: '//h1'.

2023-11-08 10:15:16 - [MESSAGE][INFO] - [SELF-HEALING] Failed Locator: '//h1[(text() = '
	Administration
' or . = '
	Administration
')]'.

2023-11-08 10:15:16 - [MESSAGE][INFO] - [SELF-HEALING] Failed Locator: '//div[@id='rightPanel']/h1'.

2023-11-08 10:15:16 - [MESSAGE][INFO] - [SELF-HEALING] Failed Locator: '//h1'.

2023-11-08 10:15:16 - [MESSAGE][INFO] - [SELF-HEALING] Failed Locator: '//h1[(text() = '
	Administration
' or . = '
	Administration
')]'.

2023-11-08 10:15:16 - [MESSAGE][INFO] - [SELF-HEALING] Failed Locator: '//div[@id='rightPanel']/h1'.

2023-11-08 10:15:16 - [MESSAGE][INFO] - [SELF-HEALING] Failed Locator: '//h1'.

2023-11-08 10:15:16 - [MESSAGE][INFO] - [SELF-HEALING] Failed Locator: '//h1[(text() = '
	Administration
' or . = '
	Administration
')]'.

2023-11-08 10:15:16 - [MESSAGE][INFO] - [SELF-HEALING] Failed Locator: '//div[@id='rightPanel']/h1'.

2023-11-08 10:15:16 - [MESSAGE][INFO] - [SELF-HEALING] Failed Locator: '//h1'.

2023-11-08 10:15:16 - [MESSAGE][INFO] - [SELF-HEALING] Failed Locator: '//h1[(text() = '
	Administration
' or . = '
	Administration
')]'.

2023-11-08 10:15:16 - [MESSAGE][INFO] - [SELF-HEALING] Failed Locator: '//div[@id='rightPanel']/h1'.

2023-11-08 10:15:16 - [MESSAGE][INFO] - [SELF-HEALING] Failed Locator: '//h1'.

2023-11-08 10:15:16 - [MESSAGE][INFO] - [SELF-HEALING] Failed Locator: '//h1[(text() = '
	Administration
' or . = '
	Administration
')]'.

2023-11-08 10:15:16 - [MESSAGE][INFO] - [SELF-HEALING] Failed Locator: '//div[@id='rightPanel']/h1'.

2023-11-08 10:15:16 - [MESSAGE][INFO] - [SELF-HEALING] Failed Locator: '//h1'.

2023-11-08 10:15:16 - [MESSAGE][INFO] - [SELF-HEALING] Failed Locator: '//h1[(text() = '
	Administration
' or . = '
	Administration
')]'.

2023-11-08 10:15:16 - [MESSAGE][INFO] - [SELF-HEALING] Failed Locator: '//div[@id='rightPanel']/h1'.

2023-11-08 10:15:16 - [MESSAGE][INFO] - [SELF-HEALING] Failed Locator: '//h1'.

2023-11-08 10:15:16 - [MESSAGE][INFO] - [SELF-HEALING] Failed Locator: '//h1[(text() = '
	Administration
' or . = '
	Administration
')]'.

2023-11-08 10:15:16 - [MESSAGE][INFO] - [SELF-HEALING] Failed Locator: '//div[@id='rightPanel']/h1'.

2023-11-08 10:15:16 - [MESSAGE][INFO] - [SELF-HEALING] Failed Locator: '//h1'.

2023-11-08 10:15:16 - [MESSAGE][INFO] - [SELF-HEALING] Failed Locator: '//h1[(text() = '
	Administration
' or . = '
	Administration
')]'.

2023-11-08 10:15:16 - [MESSAGE][INFO] - [SELF-HEALING] Failed Locator: '//div[@id='rightPanel']/h1'.

2023-11-08 10:15:16 - [MESSAGE][INFO] - [SELF-HEALING] Failed Locator: '//h1'.

2023-11-08 10:15:16 - [MESSAGE][INFO] - [SELF-HEALING] Failed Locator: '//h1[(text() = '
	Administration
' or . = '
	Administration
')]'.

2023-11-08 10:15:16 - [MESSAGE][INFO] - [SELF-HEALING] Failed Locator: '//div[@id='rightPanel']/h1'.

2023-11-08 10:15:16 - [MESSAGE][INFO] - [SELF-HEALING] Failed Locator: '//h1'.

2023-11-08 10:15:16 - [MESSAGE][INFO] - [SELF-HEALING] Failed Locator: '//h1[(text() = '
	Administration
' or . = '
	Administration
')]'.

2023-11-08 10:15:16 - [MESSAGE][INFO] - [SELF-HEALING] Failed Locator: '//div[@id='rightPanel']/h1'.

2023-11-08 10:15:16 - [MESSAGE][INFO] - [SELF-HEALING] Failed Locator: '//h1'.

2023-11-08 10:15:16 - [MESSAGE][INFO] - [SELF-HEALING] Failed Locator: '//h1[(text() = '
	Administration
' or . = '
	Administration
')]'.

2023-11-08 10:15:16 - [MESSAGE][INFO] - [SELF-HEALING] Failed Locator: '//div[@id='rightPanel']/h1'.

2023-11-08 10:15:16 - [MESSAGE][INFO] - [SELF-HEALING] Failed Locator: '//h1'.

2023-11-08 10:15:16 - [MESSAGE][INFO] - [SELF-HEALING] Failed Locator: '//h1[(text() = '
	Administration
' or . = '
	Administration
')]'.

2023-11-08 10:15:16 - [MESSAGE][INFO] - [SELF-HEALING] Failed Locator: '//div[@id='rightPanel']/h1'.

2023-11-08 10:15:16 - [MESSAGE][INFO] - [SELF-HEALING] Failed Locator: '//h1'.

2023-11-08 10:15:16 - [MESSAGE][INFO] - [SELF-HEALING] Failed Locator: '//h1[(text() = '
	Administration
' or . = '
	Administration
')]'.

2023-11-08 10:15:17 - [MESSAGE][INFO] - [SELF-HEALING] Failed Locator: '//div[@id='rightPanel']/h1'.

2023-11-08 10:15:17 - [MESSAGE][INFO] - [SELF-HEALING] Failed Locator: '//h1'.

2023-11-08 10:15:17 - [MESSAGE][INFO] - [SELF-HEALING] Failed Locator: '//h1[(text() = '
	Administration
' or . = '
	Administration
')]'.

2023-11-08 10:15:17 - [MESSAGE][INFO] - [SELF-HEALING] Failed Locator: '//div[@id='rightPanel']/h1'.

2023-11-08 10:15:17 - [MESSAGE][INFO] - [SELF-HEALING] Failed Locator: '//h1'.

2023-11-08 10:15:17 - [MESSAGE][INFO] - [SELF-HEALING] Failed Locator: '//h1[(text() = '
	Administration
' or . = '
	Administration
')]'.

2023-11-08 10:15:18 - [MESSAGE][INFO] - Unable to find the element located by 'By.xpath: //*[(text() = '
	Administration
' or . = '
	Administration
')]'. Please recheck the objects properties to make sure the desired element is located. 

2023-11-08 10:15:19 - [MESSAGE][INFO] - Unable to find the element located by 'By.cssSelector: h1.title'. Please recheck the objects properties to make sure the desired element is located. 

2023-11-08 10:15:19 - [MESSAGE][FAILED] - com.kms.katalon.core.webui.exception.WebElementNotFoundException: Web element with id: 'Object Repository/Page_ParaBank  Administration/h1Administration' located by '//div[@id='rightPanel']/h1' not found (Root cause: com.kms.katalon.core.exception.StepFailedException: com.kms.katalon.core.webui.exception.WebElementNotFoundException: Web element with id: 'Object Repository/Page_ParaBank  Administration/h1Administration' located by '//div[@id='rightPanel']/h1' not found
	at com.kms.katalon.core.webui.keyword.internal.WebUIKeywordMain.stepFailed(WebUIKeywordMain.groovy:64)
	at com.kms.katalon.core.webui.keyword.builtin.VerifyElementTextKeyword$_verifyElementText_closure1.doCall(VerifyElementTextKeyword.groovy:64)
	at com.kms.katalon.core.webui.keyword.builtin.VerifyElementTextKeyword$_verifyElementText_closure1.call(VerifyElementTextKeyword.groovy)
	at com.kms.katalon.core.webui.keyword.internal.WebUIKeywordMain.runKeyword(WebUIKeywordMain.groovy:20)
	at com.kms.katalon.core.webui.keyword.builtin.VerifyElementTextKeyword.verifyElementText(VerifyElementTextKeyword.groovy:72)
	at com.kms.katalon.core.webui.keyword.builtin.VerifyElementTextKeyword.execute(VerifyElementTextKeyword.groovy:40)
	at com.kms.katalon.core.keyword.internal.KeywordExecutor.executeKeywordForPlatform(KeywordExecutor.groovy:74)
	at com.kms.katalon.core.webui.keyword.WebUiBuiltInKeywords.verifyElementText(WebUiBuiltInKeywords.groovy:4796)
	at MTC011 - Verify Admin Page link.run(MTC011 - Verify Admin Page link:26)
	at com.kms.katalon.core.main.ScriptEngine.run(ScriptEngine.java:194)
	at com.kms.katalon.core.main.ScriptEngine.runScriptAsRawText(ScriptEngine.java:119)
	at com.kms.katalon.core.main.TestCaseExecutor.runScript(TestCaseExecutor.java:448)
	at com.kms.katalon.core.main.TestCaseExecutor.doExecute(TestCaseExecutor.java:439)
	at com.kms.katalon.core.main.TestCaseExecutor.processExecutionPhase(TestCaseExecutor.java:418)
	at com.kms.katalon.core.main.TestCaseExecutor.accessMainPhase(TestCaseExecutor.java:410)
	at com.kms.katalon.core.main.TestCaseExecutor.execute(TestCaseExecutor.java:285)
	at com.kms.katalon.core.common.CommonExecutor.accessTestCaseMainPhase(CommonExecutor.java:65)
	at com.kms.katalon.core.main.TestSuiteExecutor.accessTestSuiteMainPhase(TestSuiteExecutor.java:148)
	at com.kms.katalon.core.main.TestSuiteExecutor.execute(TestSuiteExecutor.java:106)
	at com.kms.katalon.core.main.TestCaseMain.startTestSuite(TestCaseMain.java:187)
	at TempTestSuite1699456150598.run(TempTestSuite1699456150598.groovy:36)
	at java.base/jdk.internal.reflect.NativeMethodAccessorImpl.invoke0(Native Method)
	at java.base/jdk.internal.reflect.NativeMethodAccessorImpl.invoke(NativeMethodAccessorImpl.java:77)
	at java.base/jdk.internal.reflect.DelegatingMethodAccessorImpl.invoke(DelegatingMethodAccessorImpl.java:43)
)
[[ATTACHMENT|C:\\Users\\GKOKABAYEVA\\Katalon Studio\\Parabank\\Reports\\20231108_100910\\Smoke Test Suites\\STS003 - Main page links verification\\20231108_100910\\1699456519126.png]]

2023-11-08 10:15:19 - [TEST_STEP][PASSED] - closeBrowser(): Browser is closed

2023-11-08 10:15:19 - [MESSAGE][PASSED] - Browser is closed]]></system-out>
         <system-err><![CDATA[2023-11-08 10:14:08 - [TEST_CASE][FAILED] - Test Cases/Main Test Cases/MTC011 - Verify Admin Page link: Test Cases/Main Test Cases/MTC011 - Verify Admin Page link FAILED.
Reason:
com.kms.katalon.core.exception.StepFailedException: Unable to click on object 'Object Repository/Page_ParaBank  Welcome  Online Banking/lnkAdminPage' (Root cause: com.kms.katalon.core.exception.StepFailedException: Unable to click on object 'Object Repository/Page_ParaBank  Welcome  Online Banking/lnkAdminPage'
	at com.kms.katalon.core.webui.keyword.internal.WebUIKeywordMain.stepFailed(WebUIKeywordMain.groovy:64)
	at com.kms.katalon.core.webui.keyword.internal.WebUIKeywordMain.runKeyword(WebUIKeywordMain.groovy:26)
	at com.kms.katalon.core.webui.keyword.builtin.ClickKeyword.click(ClickKeyword.groovy:74)
	at com.kms.katalon.core.webui.keyword.builtin.ClickKeyword.execute(ClickKeyword.groovy:40)
	at com.kms.katalon.core.keyword.internal.KeywordExecutor.executeKeywordForPlatform(KeywordExecutor.groovy:74)
	at com.kms.katalon.core.webui.keyword.WebUiBuiltInKeywords.click(WebUiBuiltInKeywords.groovy:620)
	at MTC011 - Verify Admin Page link.run(MTC011 - Verify Admin Page link:22)
	at com.kms.katalon.core.main.ScriptEngine.run(ScriptEngine.java:194)
	at com.kms.katalon.core.main.ScriptEngine.runScriptAsRawText(ScriptEngine.java:119)
	at com.kms.katalon.core.main.TestCaseExecutor.runScript(TestCaseExecutor.java:448)
	at com.kms.katalon.core.main.TestCaseExecutor.doExecute(TestCaseExecutor.java:439)
	at com.kms.katalon.core.main.TestCaseExecutor.processExecutionPhase(TestCaseExecutor.java:418)
	at com.kms.katalon.core.main.TestCaseExecutor.accessMainPhase(TestCaseExecutor.java:410)
	at com.kms.katalon.core.main.TestCaseExecutor.execute(TestCaseExecutor.java:285)
	at com.kms.katalon.core.common.CommonExecutor.accessTestCaseMainPhase(CommonExecutor.java:65)
	at com.kms.katalon.core.main.TestSuiteExecutor.accessTestSuiteMainPhase(TestSuiteExecutor.java:148)
	at com.kms.katalon.core.main.TestSuiteExecutor.execute(TestSuiteExecutor.java:106)
	at com.kms.katalon.core.main.TestCaseMain.startTestSuite(TestCaseMain.java:187)
	at TempTestSuite1699456150598.run(TempTestSuite1699456150598.groovy:36)
	at java.base/jdk.internal.reflect.NativeMethodAccessorImpl.invoke0(Native Method)
	at java.base/jdk.internal.reflect.NativeMethodAccessorImpl.invoke(NativeMethodAccessorImpl.java:77)
	at java.base/jdk.internal.reflect.DelegatingMethodAccessorImpl.invoke(DelegatingMethodAccessorImpl.java:43)
Caused by: com.kms.katalon.core.webui.exception.WebElementNotFoundException: Web element with id: 'Object Repository/Page_ParaBank  Welcome  Online Banking/lnkAdminPage' located by '//div[@id='headerPanel']/ul/li[6]/a' not found
	at com.kms.katalon.core.webui.common.WebUiCommonHelper.findWebElement(WebUiCommonHelper.java:1379)
	at com.kms.katalon.core.webui.keyword.internal.WebUIAbstractKeyword.findWebElement(WebUIAbstractKeyword.groovy:27)
	at com.kms.katalon.core.webui.keyword.builtin.ClickKeyword$_click_closure1.doCall(ClickKeyword.groovy:65)
	at com.kms.katalon.core.webui.keyword.builtin.ClickKeyword$_click_closure1.call(ClickKeyword.groovy)
	at com.kms.katalon.core.webui.keyword.internal.WebUIKeywordMain.runKeyword(WebUIKeywordMain.groovy:20)
	at com.kms.katalon.core.webui.keyword.builtin.ClickKeyword.click(ClickKeyword.groovy:74)
	at com.kms.katalon.core.webui.keyword.builtin.ClickKeyword.execute(ClickKeyword.groovy:40)
	at com.kms.katalon.core.keyword.internal.KeywordExecutor.executeKeywordForPlatform(KeywordExecutor.groovy:74)
	at com.kms.katalon.core.webui.keyword.WebUiBuiltInKeywords.click(WebUiBuiltInKeywords.groovy:620)
	at Script1698970726311.run(Script1698970726311.groovy:22)
	... 15 more
)
	at com.kms.katalon.core.keyword.internal.KeywordMain.stepFailed(KeywordMain.groovy:39)
	at com.kms.katalon.core.webui.keyword.internal.WebUIKeywordMain.stepFailed(WebUIKeywordMain.groovy:64)
	at com.kms.katalon.core.webui.keyword.internal.WebUIKeywordMain.runKeyword(WebUIKeywordMain.groovy:26)
	at com.kms.katalon.core.webui.keyword.builtin.ClickKeyword.click(ClickKeyword.groovy:74)
	at com.kms.katalon.core.webui.keyword.builtin.ClickKeyword.execute(ClickKeyword.groovy:40)
	at com.kms.katalon.core.keyword.internal.KeywordExecutor.executeKeywordForPlatform(KeywordExecutor.groovy:74)
	at com.kms.katalon.core.webui.keyword.WebUiBuiltInKeywords.click(WebUiBuiltInKeywords.groovy:620)
	at MTC011 - Verify Admin Page link.run(MTC011 - Verify Admin Page link:22)
	at com.kms.katalon.core.main.ScriptEngine.run(ScriptEngine.java:194)
	at com.kms.katalon.core.main.ScriptEngine.runScriptAsRawText(ScriptEngine.java:119)
	at com.kms.katalon.core.main.TestCaseExecutor.runScript(TestCaseExecutor.java:448)
	at com.kms.katalon.core.main.TestCaseExecutor.doExecute(TestCaseExecutor.java:439)
	at com.kms.katalon.core.main.TestCaseExecutor.processExecutionPhase(TestCaseExecutor.java:418)
	at com.kms.katalon.core.main.TestCaseExecutor.accessMainPhase(TestCaseExecutor.java:410)
	at com.kms.katalon.core.main.TestCaseExecutor.execute(TestCaseExecutor.java:285)
	at com.kms.katalon.core.common.CommonExecutor.accessTestCaseMainPhase(CommonExecutor.java:65)
	at com.kms.katalon.core.main.TestSuiteExecutor.accessTestSuiteMainPhase(TestSuiteExecutor.java:148)
	at com.kms.katalon.core.main.TestSuiteExecutor.execute(TestSuiteExecutor.java:106)
	at com.kms.katalon.core.main.TestCaseMain.startTestSuite(TestCaseMain.java:187)
	at TempTestSuite1699456150598.run(TempTestSuite1699456150598.groovy:36)
	at java.base/jdk.internal.reflect.NativeMethodAccessorImpl.invoke0(Native Method)
	at java.base/jdk.internal.reflect.NativeMethodAccessorImpl.invoke(NativeMethodAccessorImpl.java:77)
	at java.base/jdk.internal.reflect.DelegatingMethodAccessorImpl.invoke(DelegatingMethodAccessorImpl.java:43)
Caused by: com.kms.katalon.core.exception.StepFailedException: Unable to click on object 'Object Repository/Page_ParaBank  Welcome  Online Banking/lnkAdminPage'
	... 22 more
Caused by: com.kms.katalon.core.webui.exception.WebElementNotFoundException: Web element with id: 'Object Repository/Page_ParaBank  Welcome  Online Banking/lnkAdminPage' located by '//div[@id='headerPanel']/ul/li[6]/a' not found
	at com.kms.katalon.core.webui.common.WebUiCommonHelper.findWebElement(WebUiCommonHelper.java:1379)
	at com.kms.katalon.core.webui.keyword.internal.WebUIAbstractKeyword.findWebElement(WebUIAbstractKeyword.groovy:27)
	at com.kms.katalon.core.webui.keyword.builtin.ClickKeyword$_click_closure1.doCall(ClickKeyword.groovy:65)
	at com.kms.katalon.core.webui.keyword.builtin.ClickKeyword$_click_closure1.call(ClickKeyword.groovy)
	at com.kms.katalon.core.webui.keyword.internal.WebUIKeywordMain.runKeyword(WebUIKeywordMain.groovy:20)
	... 20 more]]></system-err>
      </testcase>
      <testcase name="Test Cases/Main Test Cases/MTC012 - Verify About Us link" time="70.777" classname="Test Cases/Main Test Cases/MTC012 - Verify About Us link" status="FAILED">
         <failure type="FAILED" message="Test Cases/Main Test Cases/MTC012 - Verify About Us link FAILED.&#xa;Reason:&#xa;com.kms.katalon.core.exception.StepFailedException: Unable to click on object 'Object Repository/Page_ParaBank  Welcome  Online Banking/lnkAboutUs' (Root cause: com.kms.katalon.core.exception.StepFailedException: Unable to click on object 'Object Repository/Page_ParaBank  Welcome  Online Banking/lnkAboutUs'&#xa;	at com.kms.katalon.core.webui.keyword.internal.WebUIKeywordMain.stepFailed(WebUIKeywordMain.groovy:64)&#xa;	at com.kms.katalon.core.webui.keyword.internal.WebUIKeywordMain.runKeyword(WebUIKeywordMain.groovy:26)&#xa;	at com.kms.katalon.core.webui.keyword.builtin.ClickKeyword.click(ClickKeyword.groovy:74)&#xa;	at com.kms.katalon.core.webui.keyword.builtin.ClickKeyword.execute(ClickKeyword.groovy:40)&#xa;	at com.kms.katalon.core.keyword.internal.KeywordExecutor.executeKeywordForPlatform(KeywordExecutor.groovy:74)&#xa;	at com.kms.katalon.core.webui.keyword.WebUiBuiltInKeywords.click(WebUiBuiltInKeywords.groovy:620)&#xa;	at MTC012 - Verify About Us link.run(MTC012 - Verify About Us link:22)&#xa;	at com.kms.katalon.core.main.ScriptEngine.run(ScriptEngine.java:194)&#xa;	at com.kms.katalon.core.main.ScriptEngine.runScriptAsRawText(ScriptEngine.java:119)&#xa;	at com.kms.katalon.core.main.TestCaseExecutor.runScript(TestCaseExecutor.java:448)&#xa;	at com.kms.katalon.core.main.TestCaseExecutor.doExecute(TestCaseExecutor.java:439)&#xa;	at com.kms.katalon.core.main.TestCaseExecutor.processExecutionPhase(TestCaseExecutor.java:418)&#xa;	at com.kms.katalon.core.main.TestCaseExecutor.accessMainPhase(TestCaseExecutor.java:410)&#xa;	at com.kms.katalon.core.main.TestCaseExecutor.execute(TestCaseExecutor.java:285)&#xa;	at com.kms.katalon.core.common.CommonExecutor.accessTestCaseMainPhase(CommonExecutor.java:65)&#xa;	at com.kms.katalon.core.main.TestSuiteExecutor.accessTestSuiteMainPhase(TestSuiteExecutor.java:148)&#xa;	at com.kms.katalon.core.main.TestSuiteExecutor.execute(TestSuiteExecutor.java:106)&#xa;	at com.kms.katalon.core.main.TestCaseMain.startTestSuite(TestCaseMain.java:187)&#xa;	at TempTestSuite1699456150598.run(TempTestSuite1699456150598.groovy:36)&#xa;	at java.base/jdk.internal.reflect.NativeMethodAccessorImpl.invoke0(Native Method)&#xa;	at java.base/jdk.internal.reflect.NativeMethodAccessorImpl.invoke(NativeMethodAccessorImpl.java:77)&#xa;	at java.base/jdk.internal.reflect.DelegatingMethodAccessorImpl.invoke(DelegatingMethodAccessorImpl.java:43)&#xa;Caused by: com.kms.katalon.core.webui.exception.WebElementNotFoundException: Web element with id: 'Object Repository/Page_ParaBank  Welcome  Online Banking/lnkAboutUs' located by '//div[@id='headerPanel']/ul/li[2]/a' not found&#xa;	at com.kms.katalon.core.webui.common.WebUiCommonHelper.findWebElement(WebUiCommonHelper.java:1379)&#xa;	at com.kms.katalon.core.webui.keyword.internal.WebUIAbstractKeyword.findWebElement(WebUIAbstractKeyword.groovy:27)&#xa;	at com.kms.katalon.core.webui.keyword.builtin.ClickKeyword$_click_closure1.doCall(ClickKeyword.groovy:65)&#xa;	at com.kms.katalon.core.webui.keyword.builtin.ClickKeyword$_click_closure1.call(ClickKeyword.groovy)&#xa;	at com.kms.katalon.core.webui.keyword.internal.WebUIKeywordMain.runKeyword(WebUIKeywordMain.groovy:20)&#xa;	at com.kms.katalon.core.webui.keyword.builtin.ClickKeyword.click(ClickKeyword.groovy:74)&#xa;	at com.kms.katalon.core.webui.keyword.builtin.ClickKeyword.execute(ClickKeyword.groovy:40)&#xa;	at com.kms.katalon.core.keyword.internal.KeywordExecutor.executeKeywordForPlatform(KeywordExecutor.groovy:74)&#xa;	at com.kms.katalon.core.webui.keyword.WebUiBuiltInKeywords.click(WebUiBuiltInKeywords.groovy:620)&#xa;	at Script1698971231422.run(Script1698971231422.groovy:22)&#xa;	... 15 more&#xa;)&#xa;	at com.kms.katalon.core.keyword.internal.KeywordMain.stepFailed(KeywordMain.groovy:39)&#xa;	at com.kms.katalon.core.webui.keyword.internal.WebUIKeywordMain.stepFailed(WebUIKeywordMain.groovy:64)&#xa;	at com.kms.katalon.core.webui.keyword.internal.WebUIKeywordMain.runKeyword(WebUIKeywordMain.groovy:26)&#xa;	at com.kms.katalon.core.webui.keyword.builtin.ClickKeyword.click(ClickKeyword.groovy:74)&#xa;	at com.kms.katalon.core.webui.keyword.builtin.ClickKeyword.execute(ClickKeyword.groovy:40)&#xa;	at com.kms.katalon.core.keyword.internal.KeywordExecutor.executeKeywordForPlatform(KeywordExecutor.groovy:74)&#xa;	at com.kms.katalon.core.webui.keyword.WebUiBuiltInKeywords.click(WebUiBuiltInKeywords.groovy:620)&#xa;	at MTC012 - Verify About Us link.run(MTC012 - Verify About Us link:22)&#xa;	at com.kms.katalon.core.main.ScriptEngine.run(ScriptEngine.java:194)&#xa;	at com.kms.katalon.core.main.ScriptEngine.runScriptAsRawText(ScriptEngine.java:119)&#xa;	at com.kms.katalon.core.main.TestCaseExecutor.runScript(TestCaseExecutor.java:448)&#xa;	at com.kms.katalon.core.main.TestCaseExecutor.doExecute(TestCaseExecutor.java:439)&#xa;	at com.kms.katalon.core.main.TestCaseExecutor.processExecutionPhase(TestCaseExecutor.java:418)&#xa;	at com.kms.katalon.core.main.TestCaseExecutor.accessMainPhase(TestCaseExecutor.java:410)&#xa;	at com.kms.katalon.core.main.TestCaseExecutor.execute(TestCaseExecutor.java:285)&#xa;	at com.kms.katalon.core.common.CommonExecutor.accessTestCaseMainPhase(CommonExecutor.java:65)&#xa;	at com.kms.katalon.core.main.TestSuiteExecutor.accessTestSuiteMainPhase(TestSuiteExecutor.java:148)&#xa;	at com.kms.katalon.core.main.TestSuiteExecutor.execute(TestSuiteExecutor.java:106)&#xa;	at com.kms.katalon.core.main.TestCaseMain.startTestSuite(TestCaseMain.java:187)&#xa;	at TempTestSuite1699456150598.run(TempTestSuite1699456150598.groovy:36)&#xa;	at java.base/jdk.internal.reflect.NativeMethodAccessorImpl.invoke0(Native Method)&#xa;	at java.base/jdk.internal.reflect.NativeMethodAccessorImpl.invoke(NativeMethodAccessorImpl.java:77)&#xa;	at java.base/jdk.internal.reflect.DelegatingMethodAccessorImpl.invoke(DelegatingMethodAccessorImpl.java:43)&#xa;Caused by: com.kms.katalon.core.exception.StepFailedException: Unable to click on object 'Object Repository/Page_ParaBank  Welcome  Online Banking/lnkAboutUs'&#xa;	... 22 more&#xa;Caused by: com.kms.katalon.core.webui.exception.WebElementNotFoundException: Web element with id: 'Object Repository/Page_ParaBank  Welcome  Online Banking/lnkAboutUs' located by '//div[@id='headerPanel']/ul/li[2]/a' not found&#xa;	at com.kms.katalon.core.webui.common.WebUiCommonHelper.findWebElement(WebUiCommonHelper.java:1379)&#xa;	at com.kms.katalon.core.webui.keyword.internal.WebUIAbstractKeyword.findWebElement(WebUIAbstractKeyword.groovy:27)&#xa;	at com.kms.katalon.core.webui.keyword.builtin.ClickKeyword$_click_closure1.doCall(ClickKeyword.groovy:65)&#xa;	at com.kms.katalon.core.webui.keyword.builtin.ClickKeyword$_click_closure1.call(ClickKeyword.groovy)&#xa;	at com.kms.katalon.core.webui.keyword.internal.WebUIKeywordMain.runKeyword(WebUIKeywordMain.groovy:20)&#xa;	... 20 more&#xa;"/>
         <system-out><![CDATA[2023-11-08 10:15:19 - [TEST_CASE][FAILED] - Test Cases/Main Test Cases/MTC012 - Verify About Us link: Test Cases/Main Test Cases/MTC012 - Verify About Us link FAILED.
Reason:
com.kms.katalon.core.exception.StepFailedException: Unable to click on object 'Object Repository/Page_ParaBank  Welcome  Online Banking/lnkAboutUs' (Root cause: com.kms.katalon.core.exception.StepFailedException: Unable to click on object 'Object Repository/Page_ParaBank  Welcome  Online Banking/lnkAboutUs'
	at com.kms.katalon.core.webui.keyword.internal.WebUIKeywordMain.stepFailed(WebUIKeywordMain.groovy:64)
	at com.kms.katalon.core.webui.keyword.internal.WebUIKeywordMain.runKeyword(WebUIKeywordMain.groovy:26)
	at com.kms.katalon.core.webui.keyword.builtin.ClickKeyword.click(ClickKeyword.groovy:74)
	at com.kms.katalon.core.webui.keyword.builtin.ClickKeyword.execute(ClickKeyword.groovy:40)
	at com.kms.katalon.core.keyword.internal.KeywordExecutor.executeKeywordForPlatform(KeywordExecutor.groovy:74)
	at com.kms.katalon.core.webui.keyword.WebUiBuiltInKeywords.click(WebUiBuiltInKeywords.groovy:620)
	at MTC012 - Verify About Us link.run(MTC012 - Verify About Us link:22)
	at com.kms.katalon.core.main.ScriptEngine.run(ScriptEngine.java:194)
	at com.kms.katalon.core.main.ScriptEngine.runScriptAsRawText(ScriptEngine.java:119)
	at com.kms.katalon.core.main.TestCaseExecutor.runScript(TestCaseExecutor.java:448)
	at com.kms.katalon.core.main.TestCaseExecutor.doExecute(TestCaseExecutor.java:439)
	at com.kms.katalon.core.main.TestCaseExecutor.processExecutionPhase(TestCaseExecutor.java:418)
	at com.kms.katalon.core.main.TestCaseExecutor.accessMainPhase(TestCaseExecutor.java:410)
	at com.kms.katalon.core.main.TestCaseExecutor.execute(TestCaseExecutor.java:285)
	at com.kms.katalon.core.common.CommonExecutor.accessTestCaseMainPhase(CommonExecutor.java:65)
	at com.kms.katalon.core.main.TestSuiteExecutor.accessTestSuiteMainPhase(TestSuiteExecutor.java:148)
	at com.kms.katalon.core.main.TestSuiteExecutor.execute(TestSuiteExecutor.java:106)
	at com.kms.katalon.core.main.TestCaseMain.startTestSuite(TestCaseMain.java:187)
	at TempTestSuite1699456150598.run(TempTestSuite1699456150598.groovy:36)
	at java.base/jdk.internal.reflect.NativeMethodAccessorImpl.invoke0(Native Method)
	at java.base/jdk.internal.reflect.NativeMethodAccessorImpl.invoke(NativeMethodAccessorImpl.java:77)
	at java.base/jdk.internal.reflect.DelegatingMethodAccessorImpl.invoke(DelegatingMethodAccessorImpl.java:43)
Caused by: com.kms.katalon.core.webui.exception.WebElementNotFoundException: Web element with id: 'Object Repository/Page_ParaBank  Welcome  Online Banking/lnkAboutUs' located by '//div[@id='headerPanel']/ul/li[2]/a' not found
	at com.kms.katalon.core.webui.common.WebUiCommonHelper.findWebElement(WebUiCommonHelper.java:1379)
	at com.kms.katalon.core.webui.keyword.internal.WebUIAbstractKeyword.findWebElement(WebUIAbstractKeyword.groovy:27)
	at com.kms.katalon.core.webui.keyword.builtin.ClickKeyword$_click_closure1.doCall(ClickKeyword.groovy:65)
	at com.kms.katalon.core.webui.keyword.builtin.ClickKeyword$_click_closure1.call(ClickKeyword.groovy)
	at com.kms.katalon.core.webui.keyword.internal.WebUIKeywordMain.runKeyword(WebUIKeywordMain.groovy:20)
	at com.kms.katalon.core.webui.keyword.builtin.ClickKeyword.click(ClickKeyword.groovy:74)
	at com.kms.katalon.core.webui.keyword.builtin.ClickKeyword.execute(ClickKeyword.groovy:40)
	at com.kms.katalon.core.keyword.internal.KeywordExecutor.executeKeywordForPlatform(KeywordExecutor.groovy:74)
	at com.kms.katalon.core.webui.keyword.WebUiBuiltInKeywords.click(WebUiBuiltInKeywords.groovy:620)
	at Script1698971231422.run(Script1698971231422.groovy:22)
	... 15 more
)
	at com.kms.katalon.core.keyword.internal.KeywordMain.stepFailed(KeywordMain.groovy:39)
	at com.kms.katalon.core.webui.keyword.internal.WebUIKeywordMain.stepFailed(WebUIKeywordMain.groovy:64)
	at com.kms.katalon.core.webui.keyword.internal.WebUIKeywordMain.runKeyword(WebUIKeywordMain.groovy:26)
	at com.kms.katalon.core.webui.keyword.builtin.ClickKeyword.click(ClickKeyword.groovy:74)
	at com.kms.katalon.core.webui.keyword.builtin.ClickKeyword.execute(ClickKeyword.groovy:40)
	at com.kms.katalon.core.keyword.internal.KeywordExecutor.executeKeywordForPlatform(KeywordExecutor.groovy:74)
	at com.kms.katalon.core.webui.keyword.WebUiBuiltInKeywords.click(WebUiBuiltInKeywords.groovy:620)
	at MTC012 - Verify About Us link.run(MTC012 - Verify About Us link:22)
	at com.kms.katalon.core.main.ScriptEngine.run(ScriptEngine.java:194)
	at com.kms.katalon.core.main.ScriptEngine.runScriptAsRawText(ScriptEngine.java:119)
	at com.kms.katalon.core.main.TestCaseExecutor.runScript(TestCaseExecutor.java:448)
	at com.kms.katalon.core.main.TestCaseExecutor.doExecute(TestCaseExecutor.java:439)
	at com.kms.katalon.core.main.TestCaseExecutor.processExecutionPhase(TestCaseExecutor.java:418)
	at com.kms.katalon.core.main.TestCaseExecutor.accessMainPhase(TestCaseExecutor.java:410)
	at com.kms.katalon.core.main.TestCaseExecutor.execute(TestCaseExecutor.java:285)
	at com.kms.katalon.core.common.CommonExecutor.accessTestCaseMainPhase(CommonExecutor.java:65)
	at com.kms.katalon.core.main.TestSuiteExecutor.accessTestSuiteMainPhase(TestSuiteExecutor.java:148)
	at com.kms.katalon.core.main.TestSuiteExecutor.execute(TestSuiteExecutor.java:106)
	at com.kms.katalon.core.main.TestCaseMain.startTestSuite(TestCaseMain.java:187)
	at TempTestSuite1699456150598.run(TempTestSuite1699456150598.groovy:36)
	at java.base/jdk.internal.reflect.NativeMethodAccessorImpl.invoke0(Native Method)
	at java.base/jdk.internal.reflect.NativeMethodAccessorImpl.invoke(NativeMethodAccessorImpl.java:77)
	at java.base/jdk.internal.reflect.DelegatingMethodAccessorImpl.invoke(DelegatingMethodAccessorImpl.java:43)
Caused by: com.kms.katalon.core.exception.StepFailedException: Unable to click on object 'Object Repository/Page_ParaBank  Welcome  Online Banking/lnkAboutUs'
	... 22 more
Caused by: com.kms.katalon.core.webui.exception.WebElementNotFoundException: Web element with id: 'Object Repository/Page_ParaBank  Welcome  Online Banking/lnkAboutUs' located by '//div[@id='headerPanel']/ul/li[2]/a' not found
	at com.kms.katalon.core.webui.common.WebUiCommonHelper.findWebElement(WebUiCommonHelper.java:1379)
	at com.kms.katalon.core.webui.keyword.internal.WebUIAbstractKeyword.findWebElement(WebUIAbstractKeyword.groovy:27)
	at com.kms.katalon.core.webui.keyword.builtin.ClickKeyword$_click_closure1.doCall(ClickKeyword.groovy:65)
	at com.kms.katalon.core.webui.keyword.builtin.ClickKeyword$_click_closure1.call(ClickKeyword.groovy)
	at com.kms.katalon.core.webui.keyword.internal.WebUIKeywordMain.runKeyword(WebUIKeywordMain.groovy:20)
	... 20 more


2023-11-08 10:15:19 - [TEST_STEP][PASSED] - callTestCase(findTestCase("Reusable Test Cases/Open the webapp"), [:], CONTINUE_ON_FAILURE): Call Test Case 'Test Cases/Reusable Test Cases/Open the webapp' successfully

2023-11-08 10:15:19 - [TEST_CASE][PASSED] - Test Cases/Reusable Test Cases/Open the webapp: Test Cases/Reusable Test Cases/Open the webapp

2023-11-08 10:15:19 - [TEST_STEP][PASSED] - openBrowser(URL): Browser is opened with url: 'null'

2023-11-08 10:15:19 - [MESSAGE][INFO] - Starting 'Chrome (headless)' driver

2023-11-08 10:15:19 - [MESSAGE][INFO] - User set preference: ['property', '**window-size=1500,1000']

2023-11-08 10:15:19 - [MESSAGE][INFO] - Action delay is set to 0 milliseconds

2023-11-08 10:15:21 - [MESSAGE][WARNING] - FFmpeg was not installed! Browser Recording will be disabled. Please follow this document to install FFmpeg first: https://docs.katalon.com/katalon-studio/docs/screenshots-videos.html#browser-based-recorder

2023-11-08 10:15:21 - [MESSAGE][PASSED] - Browser is opened with url: 'null'

2023-11-08 10:15:21 - [TEST_STEP][PASSED] - maximizeWindow(): Current window maximized

2023-11-08 10:15:21 - [MESSAGE][PASSED] - Current window maximized

2023-11-08 10:15:21 - [MESSAGE][PASSED] - Call Test Case 'Test Cases/Reusable Test Cases/Open the webapp' successfully

2023-11-08 10:15:21 - [TEST_STEP][FAILED] - click(findTestObject("Object Repository/Page_ParaBank  Welcome  Online Banking/lnkAboutUs")): Unable to click on object 'Object Repository/Page_ParaBank  Welcome  Online Banking/lnkAboutUs' (Root cause: com.kms.katalon.core.exception.StepFailedException: Unable to click on object 'Object Repository/Page_ParaBank  Welcome  Online Banking/lnkAboutUs'
	at com.kms.katalon.core.webui.keyword.internal.WebUIKeywordMain.stepFailed(WebUIKeywordMain.groovy:64)
	at com.kms.katalon.core.webui.keyword.internal.WebUIKeywordMain.runKeyword(WebUIKeywordMain.groovy:26)
	at com.kms.katalon.core.webui.keyword.builtin.ClickKeyword.click(ClickKeyword.groovy:74)
	at com.kms.katalon.core.webui.keyword.builtin.ClickKeyword.execute(ClickKeyword.groovy:40)
	at com.kms.katalon.core.keyword.internal.KeywordExecutor.executeKeywordForPlatform(KeywordExecutor.groovy:74)
	at com.kms.katalon.core.webui.keyword.WebUiBuiltInKeywords.click(WebUiBuiltInKeywords.groovy:620)
	at MTC012 - Verify About Us link.run(MTC012 - Verify About Us link:22)
	at com.kms.katalon.core.main.ScriptEngine.run(ScriptEngine.java:194)
	at com.kms.katalon.core.main.ScriptEngine.runScriptAsRawText(ScriptEngine.java:119)
	at com.kms.katalon.core.main.TestCaseExecutor.runScript(TestCaseExecutor.java:448)
	at com.kms.katalon.core.main.TestCaseExecutor.doExecute(TestCaseExecutor.java:439)
	at com.kms.katalon.core.main.TestCaseExecutor.processExecutionPhase(TestCaseExecutor.java:418)
	at com.kms.katalon.core.main.TestCaseExecutor.accessMainPhase(TestCaseExecutor.java:410)
	at com.kms.katalon.core.main.TestCaseExecutor.execute(TestCaseExecutor.java:285)
	at com.kms.katalon.core.common.CommonExecutor.accessTestCaseMainPhase(CommonExecutor.java:65)
	at com.kms.katalon.core.main.TestSuiteExecutor.accessTestSuiteMainPhase(TestSuiteExecutor.java:148)
	at com.kms.katalon.core.main.TestSuiteExecutor.execute(TestSuiteExecutor.java:106)
	at com.kms.katalon.core.main.TestCaseMain.startTestSuite(TestCaseMain.java:187)
	at TempTestSuite1699456150598.run(TempTestSuite1699456150598.groovy:36)
	at java.base/jdk.internal.reflect.NativeMethodAccessorImpl.invoke0(Native Method)
	at java.base/jdk.internal.reflect.NativeMethodAccessorImpl.invoke(NativeMethodAccessorImpl.java:77)
	at java.base/jdk.internal.reflect.DelegatingMethodAccessorImpl.invoke(DelegatingMethodAccessorImpl.java:43)
Caused by: com.kms.katalon.core.webui.exception.WebElementNotFoundException: Web element with id: 'Object Repository/Page_ParaBank  Welcome  Online Banking/lnkAboutUs' located by '//div[@id='headerPanel']/ul/li[2]/a' not found
	at com.kms.katalon.core.webui.common.WebUiCommonHelper.findWebElement(WebUiCommonHelper.java:1379)
	at com.kms.katalon.core.webui.keyword.internal.WebUIAbstractKeyword.findWebElement(WebUIAbstractKeyword.groovy:27)
	at com.kms.katalon.core.webui.keyword.builtin.ClickKeyword$_click_closure1.doCall(ClickKeyword.groovy:65)
	at com.kms.katalon.core.webui.keyword.builtin.ClickKeyword$_click_closure1.call(ClickKeyword.groovy)
	at com.kms.katalon.core.webui.keyword.internal.WebUIKeywordMain.runKeyword(WebUIKeywordMain.groovy:20)
	at com.kms.katalon.core.webui.keyword.builtin.ClickKeyword.click(ClickKeyword.groovy:74)
	at com.kms.katalon.core.webui.keyword.builtin.ClickKeyword.execute(ClickKeyword.groovy:40)
	at com.kms.katalon.core.keyword.internal.KeywordExecutor.executeKeywordForPlatform(KeywordExecutor.groovy:74)
	at com.kms.katalon.core.webui.keyword.WebUiBuiltInKeywords.click(WebUiBuiltInKeywords.groovy:620)
	at Script1698971231422.run(Script1698971231422.groovy:22)
	... 15 more
)

2023-11-08 10:15:52 - [MESSAGE][INFO] - Unable to find the element located by 'By.xpath: //div[@id='headerPanel']/ul/li[2]/a'. Please recheck the objects properties to make sure the desired element is located. 

2023-11-08 10:15:52 - [MESSAGE][WARNING] - [SELF-HEALING] Failed to find element with id 'Object Repository/Page_ParaBank  Welcome  Online Banking/lnkAboutUs'. Try using Self-healing.

2023-11-08 10:15:52 - [MESSAGE][INFO] - [SELF-HEALING] Failed Locator: '//div[@id='headerPanel']/ul/li[2]/a'.

2023-11-08 10:15:52 - [MESSAGE][INFO] - [SELF-HEALING] Failed Locator: '//a[contains(text(),'About Us')]'.

2023-11-08 10:15:52 - [MESSAGE][INFO] - [SELF-HEALING] Failed Locator: '//a[contains(@href, 'about.htm')]'.

2023-11-08 10:15:52 - [MESSAGE][INFO] - [SELF-HEALING] Failed Locator: '//li[2]/a'.

2023-11-08 10:15:52 - [MESSAGE][INFO] - [SELF-HEALING] Failed Locator: '//a[@href = 'about.htm' and (text() = 'About Us' or . = 'About Us')]'.

2023-11-08 10:15:52 - [MESSAGE][INFO] - [SELF-HEALING] Failed Locator: '//div[@id='headerPanel']/ul/li[2]/a'.

2023-11-08 10:15:52 - [MESSAGE][INFO] - [SELF-HEALING] Failed Locator: '//a[contains(text(),'About Us')]'.

2023-11-08 10:15:52 - [MESSAGE][INFO] - [SELF-HEALING] Failed Locator: '//a[contains(@href, 'about.htm')]'.

2023-11-08 10:15:52 - [MESSAGE][INFO] - [SELF-HEALING] Failed Locator: '//li[2]/a'.

2023-11-08 10:15:52 - [MESSAGE][INFO] - [SELF-HEALING] Failed Locator: '//a[@href = 'about.htm' and (text() = 'About Us' or . = 'About Us')]'.

2023-11-08 10:15:52 - [MESSAGE][INFO] - [SELF-HEALING] Failed Locator: '//div[@id='headerPanel']/ul/li[2]/a'.

2023-11-08 10:15:52 - [MESSAGE][INFO] - [SELF-HEALING] Failed Locator: '//a[contains(text(),'About Us')]'.

2023-11-08 10:15:52 - [MESSAGE][INFO] - [SELF-HEALING] Failed Locator: '//a[contains(@href, 'about.htm')]'.

2023-11-08 10:15:52 - [MESSAGE][INFO] - [SELF-HEALING] Failed Locator: '//li[2]/a'.

2023-11-08 10:15:52 - [MESSAGE][INFO] - [SELF-HEALING] Failed Locator: '//a[@href = 'about.htm' and (text() = 'About Us' or . = 'About Us')]'.

2023-11-08 10:15:52 - [MESSAGE][INFO] - [SELF-HEALING] Failed Locator: '//div[@id='headerPanel']/ul/li[2]/a'.

2023-11-08 10:15:52 - [MESSAGE][INFO] - [SELF-HEALING] Failed Locator: '//a[contains(text(),'About Us')]'.

2023-11-08 10:15:52 - [MESSAGE][INFO] - [SELF-HEALING] Failed Locator: '//a[contains(@href, 'about.htm')]'.

2023-11-08 10:15:52 - [MESSAGE][INFO] - [SELF-HEALING] Failed Locator: '//li[2]/a'.

2023-11-08 10:15:53 - [MESSAGE][INFO] - [SELF-HEALING] Failed Locator: '//a[@href = 'about.htm' and (text() = 'About Us' or . = 'About Us')]'.

2023-11-08 10:15:53 - [MESSAGE][INFO] - [SELF-HEALING] Failed Locator: '//div[@id='headerPanel']/ul/li[2]/a'.

2023-11-08 10:15:53 - [MESSAGE][INFO] - [SELF-HEALING] Failed Locator: '//a[contains(text(),'About Us')]'.

2023-11-08 10:15:53 - [MESSAGE][INFO] - [SELF-HEALING] Failed Locator: '//a[contains(@href, 'about.htm')]'.

2023-11-08 10:15:53 - [MESSAGE][INFO] - [SELF-HEALING] Failed Locator: '//li[2]/a'.

2023-11-08 10:15:53 - [MESSAGE][INFO] - [SELF-HEALING] Failed Locator: '//a[@href = 'about.htm' and (text() = 'About Us' or . = 'About Us')]'.

2023-11-08 10:15:53 - [MESSAGE][INFO] - [SELF-HEALING] Failed Locator: '//div[@id='headerPanel']/ul/li[2]/a'.

2023-11-08 10:15:53 - [MESSAGE][INFO] - [SELF-HEALING] Failed Locator: '//a[contains(text(),'About Us')]'.

2023-11-08 10:15:53 - [MESSAGE][INFO] - [SELF-HEALING] Failed Locator: '//a[contains(@href, 'about.htm')]'.

2023-11-08 10:15:53 - [MESSAGE][INFO] - [SELF-HEALING] Failed Locator: '//li[2]/a'.

2023-11-08 10:15:53 - [MESSAGE][INFO] - [SELF-HEALING] Failed Locator: '//a[@href = 'about.htm' and (text() = 'About Us' or . = 'About Us')]'.

2023-11-08 10:15:53 - [MESSAGE][INFO] - [SELF-HEALING] Failed Locator: '//div[@id='headerPanel']/ul/li[2]/a'.

2023-11-08 10:15:53 - [MESSAGE][INFO] - [SELF-HEALING] Failed Locator: '//a[contains(text(),'About Us')]'.

2023-11-08 10:15:53 - [MESSAGE][INFO] - [SELF-HEALING] Failed Locator: '//a[contains(@href, 'about.htm')]'.

2023-11-08 10:15:53 - [MESSAGE][INFO] - [SELF-HEALING] Failed Locator: '//li[2]/a'.

2023-11-08 10:15:53 - [MESSAGE][INFO] - [SELF-HEALING] Failed Locator: '//a[@href = 'about.htm' and (text() = 'About Us' or . = 'About Us')]'.

2023-11-08 10:15:53 - [MESSAGE][INFO] - [SELF-HEALING] Failed Locator: '//div[@id='headerPanel']/ul/li[2]/a'.

2023-11-08 10:15:53 - [MESSAGE][INFO] - [SELF-HEALING] Failed Locator: '//a[contains(text(),'About Us')]'.

2023-11-08 10:15:53 - [MESSAGE][INFO] - [SELF-HEALING] Failed Locator: '//a[contains(@href, 'about.htm')]'.

2023-11-08 10:15:53 - [MESSAGE][INFO] - [SELF-HEALING] Failed Locator: '//li[2]/a'.

2023-11-08 10:15:53 - [MESSAGE][INFO] - [SELF-HEALING] Failed Locator: '//a[@href = 'about.htm' and (text() = 'About Us' or . = 'About Us')]'.

2023-11-08 10:15:53 - [MESSAGE][INFO] - [SELF-HEALING] Failed Locator: '//div[@id='headerPanel']/ul/li[2]/a'.

2023-11-08 10:15:53 - [MESSAGE][INFO] - [SELF-HEALING] Failed Locator: '//a[contains(text(),'About Us')]'.

2023-11-08 10:15:53 - [MESSAGE][INFO] - [SELF-HEALING] Failed Locator: '//a[contains(@href, 'about.htm')]'.

2023-11-08 10:15:53 - [MESSAGE][INFO] - [SELF-HEALING] Failed Locator: '//li[2]/a'.

2023-11-08 10:15:53 - [MESSAGE][INFO] - [SELF-HEALING] Failed Locator: '//a[@href = 'about.htm' and (text() = 'About Us' or . = 'About Us')]'.

2023-11-08 10:15:53 - [MESSAGE][INFO] - [SELF-HEALING] Failed Locator: '//div[@id='headerPanel']/ul/li[2]/a'.

2023-11-08 10:15:53 - [MESSAGE][INFO] - [SELF-HEALING] Failed Locator: '//a[contains(text(),'About Us')]'.

2023-11-08 10:15:53 - [MESSAGE][INFO] - [SELF-HEALING] Failed Locator: '//a[contains(@href, 'about.htm')]'.

2023-11-08 10:15:53 - [MESSAGE][INFO] - [SELF-HEALING] Failed Locator: '//li[2]/a'.

2023-11-08 10:15:53 - [MESSAGE][INFO] - [SELF-HEALING] Failed Locator: '//a[@href = 'about.htm' and (text() = 'About Us' or . = 'About Us')]'.

2023-11-08 10:15:53 - [MESSAGE][INFO] - [SELF-HEALING] Failed Locator: '//div[@id='headerPanel']/ul/li[2]/a'.

2023-11-08 10:15:53 - [MESSAGE][INFO] - [SELF-HEALING] Failed Locator: '//a[contains(text(),'About Us')]'.

2023-11-08 10:15:53 - [MESSAGE][INFO] - [SELF-HEALING] Failed Locator: '//a[contains(@href, 'about.htm')]'.

2023-11-08 10:15:53 - [MESSAGE][INFO] - [SELF-HEALING] Failed Locator: '//li[2]/a'.

2023-11-08 10:15:53 - [MESSAGE][INFO] - [SELF-HEALING] Failed Locator: '//a[@href = 'about.htm' and (text() = 'About Us' or . = 'About Us')]'.

2023-11-08 10:15:54 - [MESSAGE][INFO] - Unable to find the element located by 'By.xpath: //*[@href = 'about.htm' and (text() = 'About Us' or . = 'About Us')]'. Please recheck the objects properties to make sure the desired element is located. 

2023-11-08 10:15:55 - [MESSAGE][INFO] - Unable to find the element located by 'By.cssSelector: li:nth-of-type(2) > a'. Please recheck the objects properties to make sure the desired element is located. 

2023-11-08 10:15:55 - [MESSAGE][FAILED] - Unable to click on object 'Object Repository/Page_ParaBank  Welcome  Online Banking/lnkAboutUs' (Root cause: com.kms.katalon.core.exception.StepFailedException: Unable to click on object 'Object Repository/Page_ParaBank  Welcome  Online Banking/lnkAboutUs'
	at com.kms.katalon.core.webui.keyword.internal.WebUIKeywordMain.stepFailed(WebUIKeywordMain.groovy:64)
	at com.kms.katalon.core.webui.keyword.internal.WebUIKeywordMain.runKeyword(WebUIKeywordMain.groovy:26)
	at com.kms.katalon.core.webui.keyword.builtin.ClickKeyword.click(ClickKeyword.groovy:74)
	at com.kms.katalon.core.webui.keyword.builtin.ClickKeyword.execute(ClickKeyword.groovy:40)
	at com.kms.katalon.core.keyword.internal.KeywordExecutor.executeKeywordForPlatform(KeywordExecutor.groovy:74)
	at com.kms.katalon.core.webui.keyword.WebUiBuiltInKeywords.click(WebUiBuiltInKeywords.groovy:620)
	at MTC012 - Verify About Us link.run(MTC012 - Verify About Us link:22)
	at com.kms.katalon.core.main.ScriptEngine.run(ScriptEngine.java:194)
	at com.kms.katalon.core.main.ScriptEngine.runScriptAsRawText(ScriptEngine.java:119)
	at com.kms.katalon.core.main.TestCaseExecutor.runScript(TestCaseExecutor.java:448)
	at com.kms.katalon.core.main.TestCaseExecutor.doExecute(TestCaseExecutor.java:439)
	at com.kms.katalon.core.main.TestCaseExecutor.processExecutionPhase(TestCaseExecutor.java:418)
	at com.kms.katalon.core.main.TestCaseExecutor.accessMainPhase(TestCaseExecutor.java:410)
	at com.kms.katalon.core.main.TestCaseExecutor.execute(TestCaseExecutor.java:285)
	at com.kms.katalon.core.common.CommonExecutor.accessTestCaseMainPhase(CommonExecutor.java:65)
	at com.kms.katalon.core.main.TestSuiteExecutor.accessTestSuiteMainPhase(TestSuiteExecutor.java:148)
	at com.kms.katalon.core.main.TestSuiteExecutor.execute(TestSuiteExecutor.java:106)
	at com.kms.katalon.core.main.TestCaseMain.startTestSuite(TestCaseMain.java:187)
	at TempTestSuite1699456150598.run(TempTestSuite1699456150598.groovy:36)
	at java.base/jdk.internal.reflect.NativeMethodAccessorImpl.invoke0(Native Method)
	at java.base/jdk.internal.reflect.NativeMethodAccessorImpl.invoke(NativeMethodAccessorImpl.java:77)
	at java.base/jdk.internal.reflect.DelegatingMethodAccessorImpl.invoke(DelegatingMethodAccessorImpl.java:43)
Caused by: com.kms.katalon.core.webui.exception.WebElementNotFoundException: Web element with id: 'Object Repository/Page_ParaBank  Welcome  Online Banking/lnkAboutUs' located by '//div[@id='headerPanel']/ul/li[2]/a' not found
	at com.kms.katalon.core.webui.common.WebUiCommonHelper.findWebElement(WebUiCommonHelper.java:1379)
	at com.kms.katalon.core.webui.keyword.internal.WebUIAbstractKeyword.findWebElement(WebUIAbstractKeyword.groovy:27)
	at com.kms.katalon.core.webui.keyword.builtin.ClickKeyword$_click_closure1.doCall(ClickKeyword.groovy:65)
	at com.kms.katalon.core.webui.keyword.builtin.ClickKeyword$_click_closure1.call(ClickKeyword.groovy)
	at com.kms.katalon.core.webui.keyword.internal.WebUIKeywordMain.runKeyword(WebUIKeywordMain.groovy:20)
	at com.kms.katalon.core.webui.keyword.builtin.ClickKeyword.click(ClickKeyword.groovy:74)
	at com.kms.katalon.core.webui.keyword.builtin.ClickKeyword.execute(ClickKeyword.groovy:40)
	at com.kms.katalon.core.keyword.internal.KeywordExecutor.executeKeywordForPlatform(KeywordExecutor.groovy:74)
	at com.kms.katalon.core.webui.keyword.WebUiBuiltInKeywords.click(WebUiBuiltInKeywords.groovy:620)
	at Script1698971231422.run(Script1698971231422.groovy:22)
	... 15 more
)
[[ATTACHMENT|C:\\Users\\GKOKABAYEVA\\Katalon Studio\\Parabank\\Reports\\20231108_100910\\Smoke Test Suites\\STS003 - Main page links verification\\20231108_100910\\1699456555691.png]]

2023-11-08 10:15:55 - [TEST_STEP][FAILED] - navigateToUrl(ABOUT_US_URL): Unable to navigate to 'null' (Root cause: com.kms.katalon.core.exception.StepFailedException: Unable to navigate to 'null'
	at com.kms.katalon.core.webui.keyword.internal.WebUIKeywordMain.stepFailed(WebUIKeywordMain.groovy:64)
	at com.kms.katalon.core.webui.keyword.internal.WebUIKeywordMain.runKeyword(WebUIKeywordMain.groovy:26)
	at com.kms.katalon.core.webui.keyword.builtin.NavigateToUrlKeyword.navigateToUrl(NavigateToUrlKeyword.groovy:83)
	at com.kms.katalon.core.webui.keyword.builtin.NavigateToUrlKeyword.execute(NavigateToUrlKeyword.groovy:67)
	at com.kms.katalon.core.keyword.internal.KeywordExecutor.executeKeywordForPlatform(KeywordExecutor.groovy:74)
	at com.kms.katalon.core.webui.keyword.WebUiBuiltInKeywords.navigateToUrl(WebUiBuiltInKeywords.groovy:187)
	at MTC012 - Verify About Us link.run(MTC012 - Verify About Us link:24)
	at com.kms.katalon.core.main.ScriptEngine.run(ScriptEngine.java:194)
	at com.kms.katalon.core.main.ScriptEngine.runScriptAsRawText(ScriptEngine.java:119)
	at com.kms.katalon.core.main.TestCaseExecutor.runScript(TestCaseExecutor.java:448)
	at com.kms.katalon.core.main.TestCaseExecutor.doExecute(TestCaseExecutor.java:439)
	at com.kms.katalon.core.main.TestCaseExecutor.processExecutionPhase(TestCaseExecutor.java:418)
	at com.kms.katalon.core.main.TestCaseExecutor.accessMainPhase(TestCaseExecutor.java:410)
	at com.kms.katalon.core.main.TestCaseExecutor.execute(TestCaseExecutor.java:285)
	at com.kms.katalon.core.common.CommonExecutor.accessTestCaseMainPhase(CommonExecutor.java:65)
	at com.kms.katalon.core.main.TestSuiteExecutor.accessTestSuiteMainPhase(TestSuiteExecutor.java:148)
	at com.kms.katalon.core.main.TestSuiteExecutor.execute(TestSuiteExecutor.java:106)
	at com.kms.katalon.core.main.TestCaseMain.startTestSuite(TestCaseMain.java:187)
	at TempTestSuite1699456150598.run(TempTestSuite1699456150598.groovy:36)
	at java.base/jdk.internal.reflect.NativeMethodAccessorImpl.invoke0(Native Method)
	at java.base/jdk.internal.reflect.NativeMethodAccessorImpl.invoke(NativeMethodAccessorImpl.java:77)
	at java.base/jdk.internal.reflect.DelegatingMethodAccessorImpl.invoke(DelegatingMethodAccessorImpl.java:43)
Caused by: java.lang.IllegalArgumentException: Url cannot be null or empty
	at com.kms.katalon.core.webui.keyword.builtin.NavigateToUrlKeyword$_navigateToUrl_closure1.doCall(NavigateToUrlKeyword.groovy:75)
	at com.kms.katalon.core.webui.keyword.builtin.NavigateToUrlKeyword$_navigateToUrl_closure1.call(NavigateToUrlKeyword.groovy)
	at com.kms.katalon.core.webui.keyword.internal.WebUIKeywordMain.runKeyword(WebUIKeywordMain.groovy:20)
	at com.kms.katalon.core.webui.keyword.builtin.NavigateToUrlKeyword.navigateToUrl(NavigateToUrlKeyword.groovy:83)
	at com.kms.katalon.core.webui.keyword.builtin.NavigateToUrlKeyword.execute(NavigateToUrlKeyword.groovy:67)
	at com.kms.katalon.core.keyword.internal.KeywordExecutor.executeKeywordForPlatform(KeywordExecutor.groovy:74)
	at com.kms.katalon.core.webui.keyword.WebUiBuiltInKeywords.navigateToUrl(WebUiBuiltInKeywords.groovy:187)
	at Script1698971231422.run(Script1698971231422.groovy:24)
	... 15 more
)

2023-11-08 10:15:55 - [MESSAGE][FAILED] - Unable to navigate to 'null' (Root cause: com.kms.katalon.core.exception.StepFailedException: Unable to navigate to 'null'
	at com.kms.katalon.core.webui.keyword.internal.WebUIKeywordMain.stepFailed(WebUIKeywordMain.groovy:64)
	at com.kms.katalon.core.webui.keyword.internal.WebUIKeywordMain.runKeyword(WebUIKeywordMain.groovy:26)
	at com.kms.katalon.core.webui.keyword.builtin.NavigateToUrlKeyword.navigateToUrl(NavigateToUrlKeyword.groovy:83)
	at com.kms.katalon.core.webui.keyword.builtin.NavigateToUrlKeyword.execute(NavigateToUrlKeyword.groovy:67)
	at com.kms.katalon.core.keyword.internal.KeywordExecutor.executeKeywordForPlatform(KeywordExecutor.groovy:74)
	at com.kms.katalon.core.webui.keyword.WebUiBuiltInKeywords.navigateToUrl(WebUiBuiltInKeywords.groovy:187)
	at MTC012 - Verify About Us link.run(MTC012 - Verify About Us link:24)
	at com.kms.katalon.core.main.ScriptEngine.run(ScriptEngine.java:194)
	at com.kms.katalon.core.main.ScriptEngine.runScriptAsRawText(ScriptEngine.java:119)
	at com.kms.katalon.core.main.TestCaseExecutor.runScript(TestCaseExecutor.java:448)
	at com.kms.katalon.core.main.TestCaseExecutor.doExecute(TestCaseExecutor.java:439)
	at com.kms.katalon.core.main.TestCaseExecutor.processExecutionPhase(TestCaseExecutor.java:418)
	at com.kms.katalon.core.main.TestCaseExecutor.accessMainPhase(TestCaseExecutor.java:410)
	at com.kms.katalon.core.main.TestCaseExecutor.execute(TestCaseExecutor.java:285)
	at com.kms.katalon.core.common.CommonExecutor.accessTestCaseMainPhase(CommonExecutor.java:65)
	at com.kms.katalon.core.main.TestSuiteExecutor.accessTestSuiteMainPhase(TestSuiteExecutor.java:148)
	at com.kms.katalon.core.main.TestSuiteExecutor.execute(TestSuiteExecutor.java:106)
	at com.kms.katalon.core.main.TestCaseMain.startTestSuite(TestCaseMain.java:187)
	at TempTestSuite1699456150598.run(TempTestSuite1699456150598.groovy:36)
	at java.base/jdk.internal.reflect.NativeMethodAccessorImpl.invoke0(Native Method)
	at java.base/jdk.internal.reflect.NativeMethodAccessorImpl.invoke(NativeMethodAccessorImpl.java:77)
	at java.base/jdk.internal.reflect.DelegatingMethodAccessorImpl.invoke(DelegatingMethodAccessorImpl.java:43)
Caused by: java.lang.IllegalArgumentException: Url cannot be null or empty
	at com.kms.katalon.core.webui.keyword.builtin.NavigateToUrlKeyword$_navigateToUrl_closure1.doCall(NavigateToUrlKeyword.groovy:75)
	at com.kms.katalon.core.webui.keyword.builtin.NavigateToUrlKeyword$_navigateToUrl_closure1.call(NavigateToUrlKeyword.groovy)
	at com.kms.katalon.core.webui.keyword.internal.WebUIKeywordMain.runKeyword(WebUIKeywordMain.groovy:20)
	at com.kms.katalon.core.webui.keyword.builtin.NavigateToUrlKeyword.navigateToUrl(NavigateToUrlKeyword.groovy:83)
	at com.kms.katalon.core.webui.keyword.builtin.NavigateToUrlKeyword.execute(NavigateToUrlKeyword.groovy:67)
	at com.kms.katalon.core.keyword.internal.KeywordExecutor.executeKeywordForPlatform(KeywordExecutor.groovy:74)
	at com.kms.katalon.core.webui.keyword.WebUiBuiltInKeywords.navigateToUrl(WebUiBuiltInKeywords.groovy:187)
	at Script1698971231422.run(Script1698971231422.groovy:24)
	... 15 more
)
[[ATTACHMENT|C:\\Users\\GKOKABAYEVA\\Katalon Studio\\Parabank\\Reports\\20231108_100910\\Smoke Test Suites\\STS003 - Main page links verification\\20231108_100910\\1699456555746.png]]

2023-11-08 10:15:55 - [TEST_STEP][FAILED] - verifyElementText(findTestObject("Object Repository/Page_ParaBank  About Us/h1ParaSoftDemoWebsite"), expectedParaSoftDemoWebsiteHeader): com.kms.katalon.core.webui.exception.WebElementNotFoundException: Web element with id: 'Object Repository/Page_ParaBank  About Us/h1ParaSoftDemoWebsite' located by '//div[@id='rightPanel']/h1' not found (Root cause: com.kms.katalon.core.exception.StepFailedException: com.kms.katalon.core.webui.exception.WebElementNotFoundException: Web element with id: 'Object Repository/Page_ParaBank  About Us/h1ParaSoftDemoWebsite' located by '//div[@id='rightPanel']/h1' not found
	at com.kms.katalon.core.webui.keyword.internal.WebUIKeywordMain.stepFailed(WebUIKeywordMain.groovy:64)
	at com.kms.katalon.core.webui.keyword.builtin.VerifyElementTextKeyword$_verifyElementText_closure1.doCall(VerifyElementTextKeyword.groovy:64)
	at com.kms.katalon.core.webui.keyword.builtin.VerifyElementTextKeyword$_verifyElementText_closure1.call(VerifyElementTextKeyword.groovy)
	at com.kms.katalon.core.webui.keyword.internal.WebUIKeywordMain.runKeyword(WebUIKeywordMain.groovy:20)
	at com.kms.katalon.core.webui.keyword.builtin.VerifyElementTextKeyword.verifyElementText(VerifyElementTextKeyword.groovy:72)
	at com.kms.katalon.core.webui.keyword.builtin.VerifyElementTextKeyword.execute(VerifyElementTextKeyword.groovy:40)
	at com.kms.katalon.core.keyword.internal.KeywordExecutor.executeKeywordForPlatform(KeywordExecutor.groovy:74)
	at com.kms.katalon.core.webui.keyword.WebUiBuiltInKeywords.verifyElementText(WebUiBuiltInKeywords.groovy:4796)
	at MTC012 - Verify About Us link.run(MTC012 - Verify About Us link:26)
	at com.kms.katalon.core.main.ScriptEngine.run(ScriptEngine.java:194)
	at com.kms.katalon.core.main.ScriptEngine.runScriptAsRawText(ScriptEngine.java:119)
	at com.kms.katalon.core.main.TestCaseExecutor.runScript(TestCaseExecutor.java:448)
	at com.kms.katalon.core.main.TestCaseExecutor.doExecute(TestCaseExecutor.java:439)
	at com.kms.katalon.core.main.TestCaseExecutor.processExecutionPhase(TestCaseExecutor.java:418)
	at com.kms.katalon.core.main.TestCaseExecutor.accessMainPhase(TestCaseExecutor.java:410)
	at com.kms.katalon.core.main.TestCaseExecutor.execute(TestCaseExecutor.java:285)
	at com.kms.katalon.core.common.CommonExecutor.accessTestCaseMainPhase(CommonExecutor.java:65)
	at com.kms.katalon.core.main.TestSuiteExecutor.accessTestSuiteMainPhase(TestSuiteExecutor.java:148)
	at com.kms.katalon.core.main.TestSuiteExecutor.execute(TestSuiteExecutor.java:106)
	at com.kms.katalon.core.main.TestCaseMain.startTestSuite(TestCaseMain.java:187)
	at TempTestSuite1699456150598.run(TempTestSuite1699456150598.groovy:36)
	at java.base/jdk.internal.reflect.NativeMethodAccessorImpl.invoke0(Native Method)
	at java.base/jdk.internal.reflect.NativeMethodAccessorImpl.invoke(NativeMethodAccessorImpl.java:77)
	at java.base/jdk.internal.reflect.DelegatingMethodAccessorImpl.invoke(DelegatingMethodAccessorImpl.java:43)
)

2023-11-08 10:16:26 - [MESSAGE][INFO] - Unable to find the element located by 'By.xpath: //div[@id='rightPanel']/h1'. Please recheck the objects properties to make sure the desired element is located. 

2023-11-08 10:16:26 - [MESSAGE][WARNING] - [SELF-HEALING] Failed to find element with id 'Object Repository/Page_ParaBank  About Us/h1ParaSoftDemoWebsite'. Try using Self-healing.

2023-11-08 10:16:26 - [MESSAGE][INFO] - [SELF-HEALING] Failed Locator: '//div[@id='rightPanel']/h1'.

2023-11-08 10:16:26 - [MESSAGE][INFO] - [SELF-HEALING] Failed Locator: '//h1'.

2023-11-08 10:16:26 - [MESSAGE][INFO] - [SELF-HEALING] Failed Locator: '//h1[(text() = 'ParaSoft Demo Website' or . = 'ParaSoft Demo Website')]'.

2023-11-08 10:16:26 - [MESSAGE][INFO] - [SELF-HEALING] Failed Locator: '//div[@id='rightPanel']/h1'.

2023-11-08 10:16:26 - [MESSAGE][INFO] - [SELF-HEALING] Failed Locator: '//h1'.

2023-11-08 10:16:26 - [MESSAGE][INFO] - [SELF-HEALING] Failed Locator: '//h1[(text() = 'ParaSoft Demo Website' or . = 'ParaSoft Demo Website')]'.

2023-11-08 10:16:26 - [MESSAGE][INFO] - [SELF-HEALING] Failed Locator: '//div[@id='rightPanel']/h1'.

2023-11-08 10:16:27 - [MESSAGE][INFO] - [SELF-HEALING] Failed Locator: '//h1'.

2023-11-08 10:16:27 - [MESSAGE][INFO] - [SELF-HEALING] Failed Locator: '//h1[(text() = 'ParaSoft Demo Website' or . = 'ParaSoft Demo Website')]'.

2023-11-08 10:16:27 - [MESSAGE][INFO] - [SELF-HEALING] Failed Locator: '//div[@id='rightPanel']/h1'.

2023-11-08 10:16:27 - [MESSAGE][INFO] - [SELF-HEALING] Failed Locator: '//h1'.

2023-11-08 10:16:27 - [MESSAGE][INFO] - [SELF-HEALING] Failed Locator: '//h1[(text() = 'ParaSoft Demo Website' or . = 'ParaSoft Demo Website')]'.

2023-11-08 10:16:27 - [MESSAGE][INFO] - [SELF-HEALING] Failed Locator: '//div[@id='rightPanel']/h1'.

2023-11-08 10:16:27 - [MESSAGE][INFO] - [SELF-HEALING] Failed Locator: '//h1'.

2023-11-08 10:16:27 - [MESSAGE][INFO] - [SELF-HEALING] Failed Locator: '//h1[(text() = 'ParaSoft Demo Website' or . = 'ParaSoft Demo Website')]'.

2023-11-08 10:16:27 - [MESSAGE][INFO] - [SELF-HEALING] Failed Locator: '//div[@id='rightPanel']/h1'.

2023-11-08 10:16:27 - [MESSAGE][INFO] - [SELF-HEALING] Failed Locator: '//h1'.

2023-11-08 10:16:27 - [MESSAGE][INFO] - [SELF-HEALING] Failed Locator: '//h1[(text() = 'ParaSoft Demo Website' or . = 'ParaSoft Demo Website')]'.

2023-11-08 10:16:27 - [MESSAGE][INFO] - [SELF-HEALING] Failed Locator: '//div[@id='rightPanel']/h1'.

2023-11-08 10:16:27 - [MESSAGE][INFO] - [SELF-HEALING] Failed Locator: '//h1'.

2023-11-08 10:16:27 - [MESSAGE][INFO] - [SELF-HEALING] Failed Locator: '//h1[(text() = 'ParaSoft Demo Website' or . = 'ParaSoft Demo Website')]'.

2023-11-08 10:16:27 - [MESSAGE][INFO] - [SELF-HEALING] Failed Locator: '//div[@id='rightPanel']/h1'.

2023-11-08 10:16:27 - [MESSAGE][INFO] - [SELF-HEALING] Failed Locator: '//h1'.

2023-11-08 10:16:27 - [MESSAGE][INFO] - [SELF-HEALING] Failed Locator: '//h1[(text() = 'ParaSoft Demo Website' or . = 'ParaSoft Demo Website')]'.

2023-11-08 10:16:27 - [MESSAGE][INFO] - [SELF-HEALING] Failed Locator: '//div[@id='rightPanel']/h1'.

2023-11-08 10:16:27 - [MESSAGE][INFO] - [SELF-HEALING] Failed Locator: '//h1'.

2023-11-08 10:16:27 - [MESSAGE][INFO] - [SELF-HEALING] Failed Locator: '//h1[(text() = 'ParaSoft Demo Website' or . = 'ParaSoft Demo Website')]'.

2023-11-08 10:16:27 - [MESSAGE][INFO] - [SELF-HEALING] Failed Locator: '//div[@id='rightPanel']/h1'.

2023-11-08 10:16:27 - [MESSAGE][INFO] - [SELF-HEALING] Failed Locator: '//h1'.

2023-11-08 10:16:27 - [MESSAGE][INFO] - [SELF-HEALING] Failed Locator: '//h1[(text() = 'ParaSoft Demo Website' or . = 'ParaSoft Demo Website')]'.

2023-11-08 10:16:27 - [MESSAGE][INFO] - [SELF-HEALING] Failed Locator: '//div[@id='rightPanel']/h1'.

2023-11-08 10:16:27 - [MESSAGE][INFO] - [SELF-HEALING] Failed Locator: '//h1'.

2023-11-08 10:16:27 - [MESSAGE][INFO] - [SELF-HEALING] Failed Locator: '//h1[(text() = 'ParaSoft Demo Website' or . = 'ParaSoft Demo Website')]'.

2023-11-08 10:16:27 - [MESSAGE][INFO] - [SELF-HEALING] Failed Locator: '//div[@id='rightPanel']/h1'.

2023-11-08 10:16:27 - [MESSAGE][INFO] - [SELF-HEALING] Failed Locator: '//h1'.

2023-11-08 10:16:27 - [MESSAGE][INFO] - [SELF-HEALING] Failed Locator: '//h1[(text() = 'ParaSoft Demo Website' or . = 'ParaSoft Demo Website')]'.

2023-11-08 10:16:27 - [MESSAGE][INFO] - [SELF-HEALING] Failed Locator: '//div[@id='rightPanel']/h1'.

2023-11-08 10:16:27 - [MESSAGE][INFO] - [SELF-HEALING] Failed Locator: '//h1'.

2023-11-08 10:16:27 - [MESSAGE][INFO] - [SELF-HEALING] Failed Locator: '//h1[(text() = 'ParaSoft Demo Website' or . = 'ParaSoft Demo Website')]'.

2023-11-08 10:16:27 - [MESSAGE][INFO] - [SELF-HEALING] Failed Locator: '//div[@id='rightPanel']/h1'.

2023-11-08 10:16:27 - [MESSAGE][INFO] - [SELF-HEALING] Failed Locator: '//h1'.

2023-11-08 10:16:27 - [MESSAGE][INFO] - [SELF-HEALING] Failed Locator: '//h1[(text() = 'ParaSoft Demo Website' or . = 'ParaSoft Demo Website')]'.

2023-11-08 10:16:27 - [MESSAGE][INFO] - [SELF-HEALING] Failed Locator: '//div[@id='rightPanel']/h1'.

2023-11-08 10:16:27 - [MESSAGE][INFO] - [SELF-HEALING] Failed Locator: '//h1'.

2023-11-08 10:16:27 - [MESSAGE][INFO] - [SELF-HEALING] Failed Locator: '//h1[(text() = 'ParaSoft Demo Website' or . = 'ParaSoft Demo Website')]'.

2023-11-08 10:16:27 - [MESSAGE][INFO] - [SELF-HEALING] Failed Locator: '//div[@id='rightPanel']/h1'.

2023-11-08 10:16:27 - [MESSAGE][INFO] - [SELF-HEALING] Failed Locator: '//h1'.

2023-11-08 10:16:27 - [MESSAGE][INFO] - [SELF-HEALING] Failed Locator: '//h1[(text() = 'ParaSoft Demo Website' or . = 'ParaSoft Demo Website')]'.

2023-11-08 10:16:27 - [MESSAGE][INFO] - [SELF-HEALING] Failed Locator: '//div[@id='rightPanel']/h1'.

2023-11-08 10:16:27 - [MESSAGE][INFO] - [SELF-HEALING] Failed Locator: '//h1'.

2023-11-08 10:16:27 - [MESSAGE][INFO] - [SELF-HEALING] Failed Locator: '//h1[(text() = 'ParaSoft Demo Website' or . = 'ParaSoft Demo Website')]'.

2023-11-08 10:16:27 - [MESSAGE][INFO] - [SELF-HEALING] Failed Locator: '//div[@id='rightPanel']/h1'.

2023-11-08 10:16:27 - [MESSAGE][INFO] - [SELF-HEALING] Failed Locator: '//h1'.

2023-11-08 10:16:27 - [MESSAGE][INFO] - [SELF-HEALING] Failed Locator: '//h1[(text() = 'ParaSoft Demo Website' or . = 'ParaSoft Demo Website')]'.

2023-11-08 10:16:28 - [MESSAGE][INFO] - Unable to find the element located by 'By.xpath: //*[(text() = 'ParaSoft Demo Website' or . = 'ParaSoft Demo Website')]'. Please recheck the objects properties to make sure the desired element is located. 

2023-11-08 10:16:29 - [MESSAGE][INFO] - Unable to find the element located by 'By.cssSelector: h1.title'. Please recheck the objects properties to make sure the desired element is located. 

2023-11-08 10:16:29 - [MESSAGE][FAILED] - com.kms.katalon.core.webui.exception.WebElementNotFoundException: Web element with id: 'Object Repository/Page_ParaBank  About Us/h1ParaSoftDemoWebsite' located by '//div[@id='rightPanel']/h1' not found (Root cause: com.kms.katalon.core.exception.StepFailedException: com.kms.katalon.core.webui.exception.WebElementNotFoundException: Web element with id: 'Object Repository/Page_ParaBank  About Us/h1ParaSoftDemoWebsite' located by '//div[@id='rightPanel']/h1' not found
	at com.kms.katalon.core.webui.keyword.internal.WebUIKeywordMain.stepFailed(WebUIKeywordMain.groovy:64)
	at com.kms.katalon.core.webui.keyword.builtin.VerifyElementTextKeyword$_verifyElementText_closure1.doCall(VerifyElementTextKeyword.groovy:64)
	at com.kms.katalon.core.webui.keyword.builtin.VerifyElementTextKeyword$_verifyElementText_closure1.call(VerifyElementTextKeyword.groovy)
	at com.kms.katalon.core.webui.keyword.internal.WebUIKeywordMain.runKeyword(WebUIKeywordMain.groovy:20)
	at com.kms.katalon.core.webui.keyword.builtin.VerifyElementTextKeyword.verifyElementText(VerifyElementTextKeyword.groovy:72)
	at com.kms.katalon.core.webui.keyword.builtin.VerifyElementTextKeyword.execute(VerifyElementTextKeyword.groovy:40)
	at com.kms.katalon.core.keyword.internal.KeywordExecutor.executeKeywordForPlatform(KeywordExecutor.groovy:74)
	at com.kms.katalon.core.webui.keyword.WebUiBuiltInKeywords.verifyElementText(WebUiBuiltInKeywords.groovy:4796)
	at MTC012 - Verify About Us link.run(MTC012 - Verify About Us link:26)
	at com.kms.katalon.core.main.ScriptEngine.run(ScriptEngine.java:194)
	at com.kms.katalon.core.main.ScriptEngine.runScriptAsRawText(ScriptEngine.java:119)
	at com.kms.katalon.core.main.TestCaseExecutor.runScript(TestCaseExecutor.java:448)
	at com.kms.katalon.core.main.TestCaseExecutor.doExecute(TestCaseExecutor.java:439)
	at com.kms.katalon.core.main.TestCaseExecutor.processExecutionPhase(TestCaseExecutor.java:418)
	at com.kms.katalon.core.main.TestCaseExecutor.accessMainPhase(TestCaseExecutor.java:410)
	at com.kms.katalon.core.main.TestCaseExecutor.execute(TestCaseExecutor.java:285)
	at com.kms.katalon.core.common.CommonExecutor.accessTestCaseMainPhase(CommonExecutor.java:65)
	at com.kms.katalon.core.main.TestSuiteExecutor.accessTestSuiteMainPhase(TestSuiteExecutor.java:148)
	at com.kms.katalon.core.main.TestSuiteExecutor.execute(TestSuiteExecutor.java:106)
	at com.kms.katalon.core.main.TestCaseMain.startTestSuite(TestCaseMain.java:187)
	at TempTestSuite1699456150598.run(TempTestSuite1699456150598.groovy:36)
	at java.base/jdk.internal.reflect.NativeMethodAccessorImpl.invoke0(Native Method)
	at java.base/jdk.internal.reflect.NativeMethodAccessorImpl.invoke(NativeMethodAccessorImpl.java:77)
	at java.base/jdk.internal.reflect.DelegatingMethodAccessorImpl.invoke(DelegatingMethodAccessorImpl.java:43)
)
[[ATTACHMENT|C:\\Users\\GKOKABAYEVA\\Katalon Studio\\Parabank\\Reports\\20231108_100910\\Smoke Test Suites\\STS003 - Main page links verification\\20231108_100910\\1699456589888.png]]

2023-11-08 10:16:29 - [TEST_STEP][PASSED] - closeBrowser(): Browser is closed

2023-11-08 10:16:30 - [MESSAGE][PASSED] - Browser is closed]]></system-out>
         <system-err><![CDATA[2023-11-08 10:15:19 - [TEST_CASE][FAILED] - Test Cases/Main Test Cases/MTC012 - Verify About Us link: Test Cases/Main Test Cases/MTC012 - Verify About Us link FAILED.
Reason:
com.kms.katalon.core.exception.StepFailedException: Unable to click on object 'Object Repository/Page_ParaBank  Welcome  Online Banking/lnkAboutUs' (Root cause: com.kms.katalon.core.exception.StepFailedException: Unable to click on object 'Object Repository/Page_ParaBank  Welcome  Online Banking/lnkAboutUs'
	at com.kms.katalon.core.webui.keyword.internal.WebUIKeywordMain.stepFailed(WebUIKeywordMain.groovy:64)
	at com.kms.katalon.core.webui.keyword.internal.WebUIKeywordMain.runKeyword(WebUIKeywordMain.groovy:26)
	at com.kms.katalon.core.webui.keyword.builtin.ClickKeyword.click(ClickKeyword.groovy:74)
	at com.kms.katalon.core.webui.keyword.builtin.ClickKeyword.execute(ClickKeyword.groovy:40)
	at com.kms.katalon.core.keyword.internal.KeywordExecutor.executeKeywordForPlatform(KeywordExecutor.groovy:74)
	at com.kms.katalon.core.webui.keyword.WebUiBuiltInKeywords.click(WebUiBuiltInKeywords.groovy:620)
	at MTC012 - Verify About Us link.run(MTC012 - Verify About Us link:22)
	at com.kms.katalon.core.main.ScriptEngine.run(ScriptEngine.java:194)
	at com.kms.katalon.core.main.ScriptEngine.runScriptAsRawText(ScriptEngine.java:119)
	at com.kms.katalon.core.main.TestCaseExecutor.runScript(TestCaseExecutor.java:448)
	at com.kms.katalon.core.main.TestCaseExecutor.doExecute(TestCaseExecutor.java:439)
	at com.kms.katalon.core.main.TestCaseExecutor.processExecutionPhase(TestCaseExecutor.java:418)
	at com.kms.katalon.core.main.TestCaseExecutor.accessMainPhase(TestCaseExecutor.java:410)
	at com.kms.katalon.core.main.TestCaseExecutor.execute(TestCaseExecutor.java:285)
	at com.kms.katalon.core.common.CommonExecutor.accessTestCaseMainPhase(CommonExecutor.java:65)
	at com.kms.katalon.core.main.TestSuiteExecutor.accessTestSuiteMainPhase(TestSuiteExecutor.java:148)
	at com.kms.katalon.core.main.TestSuiteExecutor.execute(TestSuiteExecutor.java:106)
	at com.kms.katalon.core.main.TestCaseMain.startTestSuite(TestCaseMain.java:187)
	at TempTestSuite1699456150598.run(TempTestSuite1699456150598.groovy:36)
	at java.base/jdk.internal.reflect.NativeMethodAccessorImpl.invoke0(Native Method)
	at java.base/jdk.internal.reflect.NativeMethodAccessorImpl.invoke(NativeMethodAccessorImpl.java:77)
	at java.base/jdk.internal.reflect.DelegatingMethodAccessorImpl.invoke(DelegatingMethodAccessorImpl.java:43)
Caused by: com.kms.katalon.core.webui.exception.WebElementNotFoundException: Web element with id: 'Object Repository/Page_ParaBank  Welcome  Online Banking/lnkAboutUs' located by '//div[@id='headerPanel']/ul/li[2]/a' not found
	at com.kms.katalon.core.webui.common.WebUiCommonHelper.findWebElement(WebUiCommonHelper.java:1379)
	at com.kms.katalon.core.webui.keyword.internal.WebUIAbstractKeyword.findWebElement(WebUIAbstractKeyword.groovy:27)
	at com.kms.katalon.core.webui.keyword.builtin.ClickKeyword$_click_closure1.doCall(ClickKeyword.groovy:65)
	at com.kms.katalon.core.webui.keyword.builtin.ClickKeyword$_click_closure1.call(ClickKeyword.groovy)
	at com.kms.katalon.core.webui.keyword.internal.WebUIKeywordMain.runKeyword(WebUIKeywordMain.groovy:20)
	at com.kms.katalon.core.webui.keyword.builtin.ClickKeyword.click(ClickKeyword.groovy:74)
	at com.kms.katalon.core.webui.keyword.builtin.ClickKeyword.execute(ClickKeyword.groovy:40)
	at com.kms.katalon.core.keyword.internal.KeywordExecutor.executeKeywordForPlatform(KeywordExecutor.groovy:74)
	at com.kms.katalon.core.webui.keyword.WebUiBuiltInKeywords.click(WebUiBuiltInKeywords.groovy:620)
	at Script1698971231422.run(Script1698971231422.groovy:22)
	... 15 more
)
	at com.kms.katalon.core.keyword.internal.KeywordMain.stepFailed(KeywordMain.groovy:39)
	at com.kms.katalon.core.webui.keyword.internal.WebUIKeywordMain.stepFailed(WebUIKeywordMain.groovy:64)
	at com.kms.katalon.core.webui.keyword.internal.WebUIKeywordMain.runKeyword(WebUIKeywordMain.groovy:26)
	at com.kms.katalon.core.webui.keyword.builtin.ClickKeyword.click(ClickKeyword.groovy:74)
	at com.kms.katalon.core.webui.keyword.builtin.ClickKeyword.execute(ClickKeyword.groovy:40)
	at com.kms.katalon.core.keyword.internal.KeywordExecutor.executeKeywordForPlatform(KeywordExecutor.groovy:74)
	at com.kms.katalon.core.webui.keyword.WebUiBuiltInKeywords.click(WebUiBuiltInKeywords.groovy:620)
	at MTC012 - Verify About Us link.run(MTC012 - Verify About Us link:22)
	at com.kms.katalon.core.main.ScriptEngine.run(ScriptEngine.java:194)
	at com.kms.katalon.core.main.ScriptEngine.runScriptAsRawText(ScriptEngine.java:119)
	at com.kms.katalon.core.main.TestCaseExecutor.runScript(TestCaseExecutor.java:448)
	at com.kms.katalon.core.main.TestCaseExecutor.doExecute(TestCaseExecutor.java:439)
	at com.kms.katalon.core.main.TestCaseExecutor.processExecutionPhase(TestCaseExecutor.java:418)
	at com.kms.katalon.core.main.TestCaseExecutor.accessMainPhase(TestCaseExecutor.java:410)
	at com.kms.katalon.core.main.TestCaseExecutor.execute(TestCaseExecutor.java:285)
	at com.kms.katalon.core.common.CommonExecutor.accessTestCaseMainPhase(CommonExecutor.java:65)
	at com.kms.katalon.core.main.TestSuiteExecutor.accessTestSuiteMainPhase(TestSuiteExecutor.java:148)
	at com.kms.katalon.core.main.TestSuiteExecutor.execute(TestSuiteExecutor.java:106)
	at com.kms.katalon.core.main.TestCaseMain.startTestSuite(TestCaseMain.java:187)
	at TempTestSuite1699456150598.run(TempTestSuite1699456150598.groovy:36)
	at java.base/jdk.internal.reflect.NativeMethodAccessorImpl.invoke0(Native Method)
	at java.base/jdk.internal.reflect.NativeMethodAccessorImpl.invoke(NativeMethodAccessorImpl.java:77)
	at java.base/jdk.internal.reflect.DelegatingMethodAccessorImpl.invoke(DelegatingMethodAccessorImpl.java:43)
Caused by: com.kms.katalon.core.exception.StepFailedException: Unable to click on object 'Object Repository/Page_ParaBank  Welcome  Online Banking/lnkAboutUs'
	... 22 more
Caused by: com.kms.katalon.core.webui.exception.WebElementNotFoundException: Web element with id: 'Object Repository/Page_ParaBank  Welcome  Online Banking/lnkAboutUs' located by '//div[@id='headerPanel']/ul/li[2]/a' not found
	at com.kms.katalon.core.webui.common.WebUiCommonHelper.findWebElement(WebUiCommonHelper.java:1379)
	at com.kms.katalon.core.webui.keyword.internal.WebUIAbstractKeyword.findWebElement(WebUIAbstractKeyword.groovy:27)
	at com.kms.katalon.core.webui.keyword.builtin.ClickKeyword$_click_closure1.doCall(ClickKeyword.groovy:65)
	at com.kms.katalon.core.webui.keyword.builtin.ClickKeyword$_click_closure1.call(ClickKeyword.groovy)
	at com.kms.katalon.core.webui.keyword.internal.WebUIKeywordMain.runKeyword(WebUIKeywordMain.groovy:20)
	... 20 more]]></system-err>
      </testcase>
      <testcase name="Test Cases/Main Test Cases/MTC013 - Verify Home icon" time="67.755" classname="Test Cases/Main Test Cases/MTC013 - Verify Home icon" status="FAILED">
         <failure type="FAILED" message="Test Cases/Main Test Cases/MTC013 - Verify Home icon FAILED.&#xa;Reason:&#xa;com.kms.katalon.core.exception.StepFailedException: Unable to click on object 'Object Repository/Page_ParaBank  Welcome  Online Banking/iconHome' (Root cause: com.kms.katalon.core.exception.StepFailedException: Unable to click on object 'Object Repository/Page_ParaBank  Welcome  Online Banking/iconHome'&#xa;	at com.kms.katalon.core.webui.keyword.internal.WebUIKeywordMain.stepFailed(WebUIKeywordMain.groovy:64)&#xa;	at com.kms.katalon.core.webui.keyword.internal.WebUIKeywordMain.runKeyword(WebUIKeywordMain.groovy:26)&#xa;	at com.kms.katalon.core.webui.keyword.builtin.ClickKeyword.click(ClickKeyword.groovy:74)&#xa;	at com.kms.katalon.core.webui.keyword.builtin.ClickKeyword.execute(ClickKeyword.groovy:40)&#xa;	at com.kms.katalon.core.keyword.internal.KeywordExecutor.executeKeywordForPlatform(KeywordExecutor.groovy:74)&#xa;	at com.kms.katalon.core.webui.keyword.WebUiBuiltInKeywords.click(WebUiBuiltInKeywords.groovy:620)&#xa;	at MTC013 - Verify Home icon.run(MTC013 - Verify Home icon:22)&#xa;	at com.kms.katalon.core.main.ScriptEngine.run(ScriptEngine.java:194)&#xa;	at com.kms.katalon.core.main.ScriptEngine.runScriptAsRawText(ScriptEngine.java:119)&#xa;	at com.kms.katalon.core.main.TestCaseExecutor.runScript(TestCaseExecutor.java:448)&#xa;	at com.kms.katalon.core.main.TestCaseExecutor.doExecute(TestCaseExecutor.java:439)&#xa;	at com.kms.katalon.core.main.TestCaseExecutor.processExecutionPhase(TestCaseExecutor.java:418)&#xa;	at com.kms.katalon.core.main.TestCaseExecutor.accessMainPhase(TestCaseExecutor.java:410)&#xa;	at com.kms.katalon.core.main.TestCaseExecutor.execute(TestCaseExecutor.java:285)&#xa;	at com.kms.katalon.core.common.CommonExecutor.accessTestCaseMainPhase(CommonExecutor.java:65)&#xa;	at com.kms.katalon.core.main.TestSuiteExecutor.accessTestSuiteMainPhase(TestSuiteExecutor.java:148)&#xa;	at com.kms.katalon.core.main.TestSuiteExecutor.execute(TestSuiteExecutor.java:106)&#xa;	at com.kms.katalon.core.main.TestCaseMain.startTestSuite(TestCaseMain.java:187)&#xa;	at TempTestSuite1699456150598.run(TempTestSuite1699456150598.groovy:36)&#xa;	at java.base/jdk.internal.reflect.NativeMethodAccessorImpl.invoke0(Native Method)&#xa;	at java.base/jdk.internal.reflect.NativeMethodAccessorImpl.invoke(NativeMethodAccessorImpl.java:77)&#xa;	at java.base/jdk.internal.reflect.DelegatingMethodAccessorImpl.invoke(DelegatingMethodAccessorImpl.java:43)&#xa;Caused by: com.kms.katalon.core.webui.exception.WebElementNotFoundException: Web element with id: 'Object Repository/Page_ParaBank  Welcome  Online Banking/iconHome' located by '//div[@id='headerPanel']/ul[2]/li/a' not found&#xa;	at com.kms.katalon.core.webui.common.WebUiCommonHelper.findWebElement(WebUiCommonHelper.java:1379)&#xa;	at com.kms.katalon.core.webui.keyword.internal.WebUIAbstractKeyword.findWebElement(WebUIAbstractKeyword.groovy:27)&#xa;	at com.kms.katalon.core.webui.keyword.builtin.ClickKeyword$_click_closure1.doCall(ClickKeyword.groovy:65)&#xa;	at com.kms.katalon.core.webui.keyword.builtin.ClickKeyword$_click_closure1.call(ClickKeyword.groovy)&#xa;	at com.kms.katalon.core.webui.keyword.internal.WebUIKeywordMain.runKeyword(WebUIKeywordMain.groovy:20)&#xa;	at com.kms.katalon.core.webui.keyword.builtin.ClickKeyword.click(ClickKeyword.groovy:74)&#xa;	at com.kms.katalon.core.webui.keyword.builtin.ClickKeyword.execute(ClickKeyword.groovy:40)&#xa;	at com.kms.katalon.core.keyword.internal.KeywordExecutor.executeKeywordForPlatform(KeywordExecutor.groovy:74)&#xa;	at com.kms.katalon.core.webui.keyword.WebUiBuiltInKeywords.click(WebUiBuiltInKeywords.groovy:620)&#xa;	at Script1699014916547.run(Script1699014916547.groovy:22)&#xa;	... 15 more&#xa;)&#xa;	at com.kms.katalon.core.keyword.internal.KeywordMain.stepFailed(KeywordMain.groovy:39)&#xa;	at com.kms.katalon.core.webui.keyword.internal.WebUIKeywordMain.stepFailed(WebUIKeywordMain.groovy:64)&#xa;	at com.kms.katalon.core.webui.keyword.internal.WebUIKeywordMain.runKeyword(WebUIKeywordMain.groovy:26)&#xa;	at com.kms.katalon.core.webui.keyword.builtin.ClickKeyword.click(ClickKeyword.groovy:74)&#xa;	at com.kms.katalon.core.webui.keyword.builtin.ClickKeyword.execute(ClickKeyword.groovy:40)&#xa;	at com.kms.katalon.core.keyword.internal.KeywordExecutor.executeKeywordForPlatform(KeywordExecutor.groovy:74)&#xa;	at com.kms.katalon.core.webui.keyword.WebUiBuiltInKeywords.click(WebUiBuiltInKeywords.groovy:620)&#xa;	at MTC013 - Verify Home icon.run(MTC013 - Verify Home icon:22)&#xa;	at com.kms.katalon.core.main.ScriptEngine.run(ScriptEngine.java:194)&#xa;	at com.kms.katalon.core.main.ScriptEngine.runScriptAsRawText(ScriptEngine.java:119)&#xa;	at com.kms.katalon.core.main.TestCaseExecutor.runScript(TestCaseExecutor.java:448)&#xa;	at com.kms.katalon.core.main.TestCaseExecutor.doExecute(TestCaseExecutor.java:439)&#xa;	at com.kms.katalon.core.main.TestCaseExecutor.processExecutionPhase(TestCaseExecutor.java:418)&#xa;	at com.kms.katalon.core.main.TestCaseExecutor.accessMainPhase(TestCaseExecutor.java:410)&#xa;	at com.kms.katalon.core.main.TestCaseExecutor.execute(TestCaseExecutor.java:285)&#xa;	at com.kms.katalon.core.common.CommonExecutor.accessTestCaseMainPhase(CommonExecutor.java:65)&#xa;	at com.kms.katalon.core.main.TestSuiteExecutor.accessTestSuiteMainPhase(TestSuiteExecutor.java:148)&#xa;	at com.kms.katalon.core.main.TestSuiteExecutor.execute(TestSuiteExecutor.java:106)&#xa;	at com.kms.katalon.core.main.TestCaseMain.startTestSuite(TestCaseMain.java:187)&#xa;	at TempTestSuite1699456150598.run(TempTestSuite1699456150598.groovy:36)&#xa;	at java.base/jdk.internal.reflect.NativeMethodAccessorImpl.invoke0(Native Method)&#xa;	at java.base/jdk.internal.reflect.NativeMethodAccessorImpl.invoke(NativeMethodAccessorImpl.java:77)&#xa;	at java.base/jdk.internal.reflect.DelegatingMethodAccessorImpl.invoke(DelegatingMethodAccessorImpl.java:43)&#xa;Caused by: com.kms.katalon.core.exception.StepFailedException: Unable to click on object 'Object Repository/Page_ParaBank  Welcome  Online Banking/iconHome'&#xa;	... 22 more&#xa;Caused by: com.kms.katalon.core.webui.exception.WebElementNotFoundException: Web element with id: 'Object Repository/Page_ParaBank  Welcome  Online Banking/iconHome' located by '//div[@id='headerPanel']/ul[2]/li/a' not found&#xa;	at com.kms.katalon.core.webui.common.WebUiCommonHelper.findWebElement(WebUiCommonHelper.java:1379)&#xa;	at com.kms.katalon.core.webui.keyword.internal.WebUIAbstractKeyword.findWebElement(WebUIAbstractKeyword.groovy:27)&#xa;	at com.kms.katalon.core.webui.keyword.builtin.ClickKeyword$_click_closure1.doCall(ClickKeyword.groovy:65)&#xa;	at com.kms.katalon.core.webui.keyword.builtin.ClickKeyword$_click_closure1.call(ClickKeyword.groovy)&#xa;	at com.kms.katalon.core.webui.keyword.internal.WebUIKeywordMain.runKeyword(WebUIKeywordMain.groovy:20)&#xa;	... 20 more&#xa;"/>
         <system-out><![CDATA[2023-11-08 10:16:30 - [TEST_CASE][FAILED] - Test Cases/Main Test Cases/MTC013 - Verify Home icon: Test Cases/Main Test Cases/MTC013 - Verify Home icon FAILED.
Reason:
com.kms.katalon.core.exception.StepFailedException: Unable to click on object 'Object Repository/Page_ParaBank  Welcome  Online Banking/iconHome' (Root cause: com.kms.katalon.core.exception.StepFailedException: Unable to click on object 'Object Repository/Page_ParaBank  Welcome  Online Banking/iconHome'
	at com.kms.katalon.core.webui.keyword.internal.WebUIKeywordMain.stepFailed(WebUIKeywordMain.groovy:64)
	at com.kms.katalon.core.webui.keyword.internal.WebUIKeywordMain.runKeyword(WebUIKeywordMain.groovy:26)
	at com.kms.katalon.core.webui.keyword.builtin.ClickKeyword.click(ClickKeyword.groovy:74)
	at com.kms.katalon.core.webui.keyword.builtin.ClickKeyword.execute(ClickKeyword.groovy:40)
	at com.kms.katalon.core.keyword.internal.KeywordExecutor.executeKeywordForPlatform(KeywordExecutor.groovy:74)
	at com.kms.katalon.core.webui.keyword.WebUiBuiltInKeywords.click(WebUiBuiltInKeywords.groovy:620)
	at MTC013 - Verify Home icon.run(MTC013 - Verify Home icon:22)
	at com.kms.katalon.core.main.ScriptEngine.run(ScriptEngine.java:194)
	at com.kms.katalon.core.main.ScriptEngine.runScriptAsRawText(ScriptEngine.java:119)
	at com.kms.katalon.core.main.TestCaseExecutor.runScript(TestCaseExecutor.java:448)
	at com.kms.katalon.core.main.TestCaseExecutor.doExecute(TestCaseExecutor.java:439)
	at com.kms.katalon.core.main.TestCaseExecutor.processExecutionPhase(TestCaseExecutor.java:418)
	at com.kms.katalon.core.main.TestCaseExecutor.accessMainPhase(TestCaseExecutor.java:410)
	at com.kms.katalon.core.main.TestCaseExecutor.execute(TestCaseExecutor.java:285)
	at com.kms.katalon.core.common.CommonExecutor.accessTestCaseMainPhase(CommonExecutor.java:65)
	at com.kms.katalon.core.main.TestSuiteExecutor.accessTestSuiteMainPhase(TestSuiteExecutor.java:148)
	at com.kms.katalon.core.main.TestSuiteExecutor.execute(TestSuiteExecutor.java:106)
	at com.kms.katalon.core.main.TestCaseMain.startTestSuite(TestCaseMain.java:187)
	at TempTestSuite1699456150598.run(TempTestSuite1699456150598.groovy:36)
	at java.base/jdk.internal.reflect.NativeMethodAccessorImpl.invoke0(Native Method)
	at java.base/jdk.internal.reflect.NativeMethodAccessorImpl.invoke(NativeMethodAccessorImpl.java:77)
	at java.base/jdk.internal.reflect.DelegatingMethodAccessorImpl.invoke(DelegatingMethodAccessorImpl.java:43)
Caused by: com.kms.katalon.core.webui.exception.WebElementNotFoundException: Web element with id: 'Object Repository/Page_ParaBank  Welcome  Online Banking/iconHome' located by '//div[@id='headerPanel']/ul[2]/li/a' not found
	at com.kms.katalon.core.webui.common.WebUiCommonHelper.findWebElement(WebUiCommonHelper.java:1379)
	at com.kms.katalon.core.webui.keyword.internal.WebUIAbstractKeyword.findWebElement(WebUIAbstractKeyword.groovy:27)
	at com.kms.katalon.core.webui.keyword.builtin.ClickKeyword$_click_closure1.doCall(ClickKeyword.groovy:65)
	at com.kms.katalon.core.webui.keyword.builtin.ClickKeyword$_click_closure1.call(ClickKeyword.groovy)
	at com.kms.katalon.core.webui.keyword.internal.WebUIKeywordMain.runKeyword(WebUIKeywordMain.groovy:20)
	at com.kms.katalon.core.webui.keyword.builtin.ClickKeyword.click(ClickKeyword.groovy:74)
	at com.kms.katalon.core.webui.keyword.builtin.ClickKeyword.execute(ClickKeyword.groovy:40)
	at com.kms.katalon.core.keyword.internal.KeywordExecutor.executeKeywordForPlatform(KeywordExecutor.groovy:74)
	at com.kms.katalon.core.webui.keyword.WebUiBuiltInKeywords.click(WebUiBuiltInKeywords.groovy:620)
	at Script1699014916547.run(Script1699014916547.groovy:22)
	... 15 more
)
	at com.kms.katalon.core.keyword.internal.KeywordMain.stepFailed(KeywordMain.groovy:39)
	at com.kms.katalon.core.webui.keyword.internal.WebUIKeywordMain.stepFailed(WebUIKeywordMain.groovy:64)
	at com.kms.katalon.core.webui.keyword.internal.WebUIKeywordMain.runKeyword(WebUIKeywordMain.groovy:26)
	at com.kms.katalon.core.webui.keyword.builtin.ClickKeyword.click(ClickKeyword.groovy:74)
	at com.kms.katalon.core.webui.keyword.builtin.ClickKeyword.execute(ClickKeyword.groovy:40)
	at com.kms.katalon.core.keyword.internal.KeywordExecutor.executeKeywordForPlatform(KeywordExecutor.groovy:74)
	at com.kms.katalon.core.webui.keyword.WebUiBuiltInKeywords.click(WebUiBuiltInKeywords.groovy:620)
	at MTC013 - Verify Home icon.run(MTC013 - Verify Home icon:22)
	at com.kms.katalon.core.main.ScriptEngine.run(ScriptEngine.java:194)
	at com.kms.katalon.core.main.ScriptEngine.runScriptAsRawText(ScriptEngine.java:119)
	at com.kms.katalon.core.main.TestCaseExecutor.runScript(TestCaseExecutor.java:448)
	at com.kms.katalon.core.main.TestCaseExecutor.doExecute(TestCaseExecutor.java:439)
	at com.kms.katalon.core.main.TestCaseExecutor.processExecutionPhase(TestCaseExecutor.java:418)
	at com.kms.katalon.core.main.TestCaseExecutor.accessMainPhase(TestCaseExecutor.java:410)
	at com.kms.katalon.core.main.TestCaseExecutor.execute(TestCaseExecutor.java:285)
	at com.kms.katalon.core.common.CommonExecutor.accessTestCaseMainPhase(CommonExecutor.java:65)
	at com.kms.katalon.core.main.TestSuiteExecutor.accessTestSuiteMainPhase(TestSuiteExecutor.java:148)
	at com.kms.katalon.core.main.TestSuiteExecutor.execute(TestSuiteExecutor.java:106)
	at com.kms.katalon.core.main.TestCaseMain.startTestSuite(TestCaseMain.java:187)
	at TempTestSuite1699456150598.run(TempTestSuite1699456150598.groovy:36)
	at java.base/jdk.internal.reflect.NativeMethodAccessorImpl.invoke0(Native Method)
	at java.base/jdk.internal.reflect.NativeMethodAccessorImpl.invoke(NativeMethodAccessorImpl.java:77)
	at java.base/jdk.internal.reflect.DelegatingMethodAccessorImpl.invoke(DelegatingMethodAccessorImpl.java:43)
Caused by: com.kms.katalon.core.exception.StepFailedException: Unable to click on object 'Object Repository/Page_ParaBank  Welcome  Online Banking/iconHome'
	... 22 more
Caused by: com.kms.katalon.core.webui.exception.WebElementNotFoundException: Web element with id: 'Object Repository/Page_ParaBank  Welcome  Online Banking/iconHome' located by '//div[@id='headerPanel']/ul[2]/li/a' not found
	at com.kms.katalon.core.webui.common.WebUiCommonHelper.findWebElement(WebUiCommonHelper.java:1379)
	at com.kms.katalon.core.webui.keyword.internal.WebUIAbstractKeyword.findWebElement(WebUIAbstractKeyword.groovy:27)
	at com.kms.katalon.core.webui.keyword.builtin.ClickKeyword$_click_closure1.doCall(ClickKeyword.groovy:65)
	at com.kms.katalon.core.webui.keyword.builtin.ClickKeyword$_click_closure1.call(ClickKeyword.groovy)
	at com.kms.katalon.core.webui.keyword.internal.WebUIKeywordMain.runKeyword(WebUIKeywordMain.groovy:20)
	... 20 more


2023-11-08 10:16:30 - [TEST_STEP][PASSED] - callTestCase(findTestCase("Reusable Test Cases/Open the webapp"), [:], CONTINUE_ON_FAILURE): Call Test Case 'Test Cases/Reusable Test Cases/Open the webapp' successfully

2023-11-08 10:16:30 - [TEST_CASE][PASSED] - Test Cases/Reusable Test Cases/Open the webapp: Test Cases/Reusable Test Cases/Open the webapp

2023-11-08 10:16:30 - [TEST_STEP][PASSED] - openBrowser(URL): Browser is opened with url: 'null'

2023-11-08 10:16:30 - [MESSAGE][INFO] - Starting 'Chrome (headless)' driver

2023-11-08 10:16:30 - [MESSAGE][INFO] - User set preference: ['property', '**window-size=1500,1000']

2023-11-08 10:16:30 - [MESSAGE][INFO] - Action delay is set to 0 milliseconds

2023-11-08 10:16:32 - [MESSAGE][WARNING] - FFmpeg was not installed! Browser Recording will be disabled. Please follow this document to install FFmpeg first: https://docs.katalon.com/katalon-studio/docs/screenshots-videos.html#browser-based-recorder

2023-11-08 10:16:32 - [MESSAGE][PASSED] - Browser is opened with url: 'null'

2023-11-08 10:16:32 - [TEST_STEP][PASSED] - maximizeWindow(): Current window maximized

2023-11-08 10:16:32 - [MESSAGE][PASSED] - Current window maximized

2023-11-08 10:16:32 - [MESSAGE][PASSED] - Call Test Case 'Test Cases/Reusable Test Cases/Open the webapp' successfully

2023-11-08 10:16:32 - [TEST_STEP][FAILED] - click(findTestObject("Object Repository/Page_ParaBank  Welcome  Online Banking/iconHome")): Unable to click on object 'Object Repository/Page_ParaBank  Welcome  Online Banking/iconHome' (Root cause: com.kms.katalon.core.exception.StepFailedException: Unable to click on object 'Object Repository/Page_ParaBank  Welcome  Online Banking/iconHome'
	at com.kms.katalon.core.webui.keyword.internal.WebUIKeywordMain.stepFailed(WebUIKeywordMain.groovy:64)
	at com.kms.katalon.core.webui.keyword.internal.WebUIKeywordMain.runKeyword(WebUIKeywordMain.groovy:26)
	at com.kms.katalon.core.webui.keyword.builtin.ClickKeyword.click(ClickKeyword.groovy:74)
	at com.kms.katalon.core.webui.keyword.builtin.ClickKeyword.execute(ClickKeyword.groovy:40)
	at com.kms.katalon.core.keyword.internal.KeywordExecutor.executeKeywordForPlatform(KeywordExecutor.groovy:74)
	at com.kms.katalon.core.webui.keyword.WebUiBuiltInKeywords.click(WebUiBuiltInKeywords.groovy:620)
	at MTC013 - Verify Home icon.run(MTC013 - Verify Home icon:22)
	at com.kms.katalon.core.main.ScriptEngine.run(ScriptEngine.java:194)
	at com.kms.katalon.core.main.ScriptEngine.runScriptAsRawText(ScriptEngine.java:119)
	at com.kms.katalon.core.main.TestCaseExecutor.runScript(TestCaseExecutor.java:448)
	at com.kms.katalon.core.main.TestCaseExecutor.doExecute(TestCaseExecutor.java:439)
	at com.kms.katalon.core.main.TestCaseExecutor.processExecutionPhase(TestCaseExecutor.java:418)
	at com.kms.katalon.core.main.TestCaseExecutor.accessMainPhase(TestCaseExecutor.java:410)
	at com.kms.katalon.core.main.TestCaseExecutor.execute(TestCaseExecutor.java:285)
	at com.kms.katalon.core.common.CommonExecutor.accessTestCaseMainPhase(CommonExecutor.java:65)
	at com.kms.katalon.core.main.TestSuiteExecutor.accessTestSuiteMainPhase(TestSuiteExecutor.java:148)
	at com.kms.katalon.core.main.TestSuiteExecutor.execute(TestSuiteExecutor.java:106)
	at com.kms.katalon.core.main.TestCaseMain.startTestSuite(TestCaseMain.java:187)
	at TempTestSuite1699456150598.run(TempTestSuite1699456150598.groovy:36)
	at java.base/jdk.internal.reflect.NativeMethodAccessorImpl.invoke0(Native Method)
	at java.base/jdk.internal.reflect.NativeMethodAccessorImpl.invoke(NativeMethodAccessorImpl.java:77)
	at java.base/jdk.internal.reflect.DelegatingMethodAccessorImpl.invoke(DelegatingMethodAccessorImpl.java:43)
Caused by: com.kms.katalon.core.webui.exception.WebElementNotFoundException: Web element with id: 'Object Repository/Page_ParaBank  Welcome  Online Banking/iconHome' located by '//div[@id='headerPanel']/ul[2]/li/a' not found
	at com.kms.katalon.core.webui.common.WebUiCommonHelper.findWebElement(WebUiCommonHelper.java:1379)
	at com.kms.katalon.core.webui.keyword.internal.WebUIAbstractKeyword.findWebElement(WebUIAbstractKeyword.groovy:27)
	at com.kms.katalon.core.webui.keyword.builtin.ClickKeyword$_click_closure1.doCall(ClickKeyword.groovy:65)
	at com.kms.katalon.core.webui.keyword.builtin.ClickKeyword$_click_closure1.call(ClickKeyword.groovy)
	at com.kms.katalon.core.webui.keyword.internal.WebUIKeywordMain.runKeyword(WebUIKeywordMain.groovy:20)
	at com.kms.katalon.core.webui.keyword.builtin.ClickKeyword.click(ClickKeyword.groovy:74)
	at com.kms.katalon.core.webui.keyword.builtin.ClickKeyword.execute(ClickKeyword.groovy:40)
	at com.kms.katalon.core.keyword.internal.KeywordExecutor.executeKeywordForPlatform(KeywordExecutor.groovy:74)
	at com.kms.katalon.core.webui.keyword.WebUiBuiltInKeywords.click(WebUiBuiltInKeywords.groovy:620)
	at Script1699014916547.run(Script1699014916547.groovy:22)
	... 15 more
)

2023-11-08 10:17:03 - [MESSAGE][INFO] - Unable to find the element located by 'By.xpath: //div[@id='headerPanel']/ul[2]/li/a'. Please recheck the objects properties to make sure the desired element is located. 

2023-11-08 10:17:03 - [MESSAGE][WARNING] - [SELF-HEALING] Failed to find element with id 'Object Repository/Page_ParaBank  Welcome  Online Banking/iconHome'. Try using Self-healing.

2023-11-08 10:17:03 - [MESSAGE][INFO] - [SELF-HEALING] Failed Locator: '//div[@id='headerPanel']/ul[2]/li/a'.

2023-11-08 10:17:03 - [MESSAGE][INFO] - [SELF-HEALING] Failed Locator: '//a[contains(text(),'home')]'.

2023-11-08 10:17:03 - [MESSAGE][INFO] - [SELF-HEALING] Failed Locator: '(//a[contains(@href, '/parabank/index.htm')])[2]'.

2023-11-08 10:17:03 - [MESSAGE][INFO] - [SELF-HEALING] Failed Locator: '//ul[2]/li/a'.

2023-11-08 10:17:03 - [MESSAGE][INFO] - [SELF-HEALING] Failed Locator: '//a[@href = '/parabank/index.htm' and (text() = 'home' or . = 'home')]'.

2023-11-08 10:17:03 - [MESSAGE][INFO] - [SELF-HEALING] Failed Locator: '//div[@id='headerPanel']/ul[2]/li/a'.

2023-11-08 10:17:03 - [MESSAGE][INFO] - [SELF-HEALING] Failed Locator: '//a[contains(text(),'home')]'.

2023-11-08 10:17:03 - [MESSAGE][INFO] - [SELF-HEALING] Failed Locator: '(//a[contains(@href, '/parabank/index.htm')])[2]'.

2023-11-08 10:17:03 - [MESSAGE][INFO] - [SELF-HEALING] Failed Locator: '//ul[2]/li/a'.

2023-11-08 10:17:03 - [MESSAGE][INFO] - [SELF-HEALING] Failed Locator: '//a[@href = '/parabank/index.htm' and (text() = 'home' or . = 'home')]'.

2023-11-08 10:17:03 - [MESSAGE][INFO] - [SELF-HEALING] Failed Locator: '//div[@id='headerPanel']/ul[2]/li/a'.

2023-11-08 10:17:03 - [MESSAGE][INFO] - [SELF-HEALING] Failed Locator: '//a[contains(text(),'home')]'.

2023-11-08 10:17:03 - [MESSAGE][INFO] - [SELF-HEALING] Failed Locator: '(//a[contains(@href, '/parabank/index.htm')])[2]'.

2023-11-08 10:17:03 - [MESSAGE][INFO] - [SELF-HEALING] Failed Locator: '//ul[2]/li/a'.

2023-11-08 10:17:03 - [MESSAGE][INFO] - [SELF-HEALING] Failed Locator: '//a[@href = '/parabank/index.htm' and (text() = 'home' or . = 'home')]'.

2023-11-08 10:17:03 - [MESSAGE][INFO] - [SELF-HEALING] Failed Locator: '//div[@id='headerPanel']/ul[2]/li/a'.

2023-11-08 10:17:03 - [MESSAGE][INFO] - [SELF-HEALING] Failed Locator: '//a[contains(text(),'home')]'.

2023-11-08 10:17:03 - [MESSAGE][INFO] - [SELF-HEALING] Failed Locator: '(//a[contains(@href, '/parabank/index.htm')])[2]'.

2023-11-08 10:17:03 - [MESSAGE][INFO] - [SELF-HEALING] Failed Locator: '//ul[2]/li/a'.

2023-11-08 10:17:03 - [MESSAGE][INFO] - [SELF-HEALING] Failed Locator: '//a[@href = '/parabank/index.htm' and (text() = 'home' or . = 'home')]'.

2023-11-08 10:17:03 - [MESSAGE][INFO] - [SELF-HEALING] Failed Locator: '//div[@id='headerPanel']/ul[2]/li/a'.

2023-11-08 10:17:03 - [MESSAGE][INFO] - [SELF-HEALING] Failed Locator: '//a[contains(text(),'home')]'.

2023-11-08 10:17:03 - [MESSAGE][INFO] - [SELF-HEALING] Failed Locator: '(//a[contains(@href, '/parabank/index.htm')])[2]'.

2023-11-08 10:17:03 - [MESSAGE][INFO] - [SELF-HEALING] Failed Locator: '//ul[2]/li/a'.

2023-11-08 10:17:03 - [MESSAGE][INFO] - [SELF-HEALING] Failed Locator: '//a[@href = '/parabank/index.htm' and (text() = 'home' or . = 'home')]'.

2023-11-08 10:17:03 - [MESSAGE][INFO] - [SELF-HEALING] Failed Locator: '//div[@id='headerPanel']/ul[2]/li/a'.

2023-11-08 10:17:03 - [MESSAGE][INFO] - [SELF-HEALING] Failed Locator: '//a[contains(text(),'home')]'.

2023-11-08 10:17:03 - [MESSAGE][INFO] - [SELF-HEALING] Failed Locator: '(//a[contains(@href, '/parabank/index.htm')])[2]'.

2023-11-08 10:17:03 - [MESSAGE][INFO] - [SELF-HEALING] Failed Locator: '//ul[2]/li/a'.

2023-11-08 10:17:04 - [MESSAGE][INFO] - [SELF-HEALING] Failed Locator: '//a[@href = '/parabank/index.htm' and (text() = 'home' or . = 'home')]'.

2023-11-08 10:17:04 - [MESSAGE][INFO] - [SELF-HEALING] Failed Locator: '//div[@id='headerPanel']/ul[2]/li/a'.

2023-11-08 10:17:04 - [MESSAGE][INFO] - [SELF-HEALING] Failed Locator: '//a[contains(text(),'home')]'.

2023-11-08 10:17:04 - [MESSAGE][INFO] - [SELF-HEALING] Failed Locator: '(//a[contains(@href, '/parabank/index.htm')])[2]'.

2023-11-08 10:17:04 - [MESSAGE][INFO] - [SELF-HEALING] Failed Locator: '//ul[2]/li/a'.

2023-11-08 10:17:04 - [MESSAGE][INFO] - [SELF-HEALING] Failed Locator: '//a[@href = '/parabank/index.htm' and (text() = 'home' or . = 'home')]'.

2023-11-08 10:17:04 - [MESSAGE][INFO] - [SELF-HEALING] Failed Locator: '//div[@id='headerPanel']/ul[2]/li/a'.

2023-11-08 10:17:04 - [MESSAGE][INFO] - [SELF-HEALING] Failed Locator: '//a[contains(text(),'home')]'.

2023-11-08 10:17:04 - [MESSAGE][INFO] - [SELF-HEALING] Failed Locator: '(//a[contains(@href, '/parabank/index.htm')])[2]'.

2023-11-08 10:17:04 - [MESSAGE][INFO] - [SELF-HEALING] Failed Locator: '//ul[2]/li/a'.

2023-11-08 10:17:04 - [MESSAGE][INFO] - [SELF-HEALING] Failed Locator: '//a[@href = '/parabank/index.htm' and (text() = 'home' or . = 'home')]'.

2023-11-08 10:17:04 - [MESSAGE][INFO] - [SELF-HEALING] Failed Locator: '//div[@id='headerPanel']/ul[2]/li/a'.

2023-11-08 10:17:04 - [MESSAGE][INFO] - [SELF-HEALING] Failed Locator: '//a[contains(text(),'home')]'.

2023-11-08 10:17:04 - [MESSAGE][INFO] - [SELF-HEALING] Failed Locator: '(//a[contains(@href, '/parabank/index.htm')])[2]'.

2023-11-08 10:17:04 - [MESSAGE][INFO] - [SELF-HEALING] Failed Locator: '//ul[2]/li/a'.

2023-11-08 10:17:04 - [MESSAGE][INFO] - [SELF-HEALING] Failed Locator: '//a[@href = '/parabank/index.htm' and (text() = 'home' or . = 'home')]'.

2023-11-08 10:17:04 - [MESSAGE][INFO] - [SELF-HEALING] Failed Locator: '//div[@id='headerPanel']/ul[2]/li/a'.

2023-11-08 10:17:04 - [MESSAGE][INFO] - [SELF-HEALING] Failed Locator: '//a[contains(text(),'home')]'.

2023-11-08 10:17:04 - [MESSAGE][INFO] - [SELF-HEALING] Failed Locator: '(//a[contains(@href, '/parabank/index.htm')])[2]'.

2023-11-08 10:17:04 - [MESSAGE][INFO] - [SELF-HEALING] Failed Locator: '//ul[2]/li/a'.

2023-11-08 10:17:04 - [MESSAGE][INFO] - [SELF-HEALING] Failed Locator: '//a[@href = '/parabank/index.htm' and (text() = 'home' or . = 'home')]'.

2023-11-08 10:17:04 - [MESSAGE][INFO] - [SELF-HEALING] Failed Locator: '//div[@id='headerPanel']/ul[2]/li/a'.

2023-11-08 10:17:04 - [MESSAGE][INFO] - [SELF-HEALING] Failed Locator: '//a[contains(text(),'home')]'.

2023-11-08 10:17:04 - [MESSAGE][INFO] - [SELF-HEALING] Failed Locator: '(//a[contains(@href, '/parabank/index.htm')])[2]'.

2023-11-08 10:17:04 - [MESSAGE][INFO] - [SELF-HEALING] Failed Locator: '//ul[2]/li/a'.

2023-11-08 10:17:04 - [MESSAGE][INFO] - [SELF-HEALING] Failed Locator: '//a[@href = '/parabank/index.htm' and (text() = 'home' or . = 'home')]'.

2023-11-08 10:17:05 - [MESSAGE][INFO] - Unable to find the element located by 'By.xpath: //*[@href = '/parabank/index.htm' and (text() = 'home' or . = 'home')]'. Please recheck the objects properties to make sure the desired element is located. 

2023-11-08 10:17:06 - [MESSAGE][INFO] - Unable to find the element located by 'By.cssSelector: li.home > a'. Please recheck the objects properties to make sure the desired element is located. 

2023-11-08 10:17:06 - [MESSAGE][FAILED] - Unable to click on object 'Object Repository/Page_ParaBank  Welcome  Online Banking/iconHome' (Root cause: com.kms.katalon.core.exception.StepFailedException: Unable to click on object 'Object Repository/Page_ParaBank  Welcome  Online Banking/iconHome'
	at com.kms.katalon.core.webui.keyword.internal.WebUIKeywordMain.stepFailed(WebUIKeywordMain.groovy:64)
	at com.kms.katalon.core.webui.keyword.internal.WebUIKeywordMain.runKeyword(WebUIKeywordMain.groovy:26)
	at com.kms.katalon.core.webui.keyword.builtin.ClickKeyword.click(ClickKeyword.groovy:74)
	at com.kms.katalon.core.webui.keyword.builtin.ClickKeyword.execute(ClickKeyword.groovy:40)
	at com.kms.katalon.core.keyword.internal.KeywordExecutor.executeKeywordForPlatform(KeywordExecutor.groovy:74)
	at com.kms.katalon.core.webui.keyword.WebUiBuiltInKeywords.click(WebUiBuiltInKeywords.groovy:620)
	at MTC013 - Verify Home icon.run(MTC013 - Verify Home icon:22)
	at com.kms.katalon.core.main.ScriptEngine.run(ScriptEngine.java:194)
	at com.kms.katalon.core.main.ScriptEngine.runScriptAsRawText(ScriptEngine.java:119)
	at com.kms.katalon.core.main.TestCaseExecutor.runScript(TestCaseExecutor.java:448)
	at com.kms.katalon.core.main.TestCaseExecutor.doExecute(TestCaseExecutor.java:439)
	at com.kms.katalon.core.main.TestCaseExecutor.processExecutionPhase(TestCaseExecutor.java:418)
	at com.kms.katalon.core.main.TestCaseExecutor.accessMainPhase(TestCaseExecutor.java:410)
	at com.kms.katalon.core.main.TestCaseExecutor.execute(TestCaseExecutor.java:285)
	at com.kms.katalon.core.common.CommonExecutor.accessTestCaseMainPhase(CommonExecutor.java:65)
	at com.kms.katalon.core.main.TestSuiteExecutor.accessTestSuiteMainPhase(TestSuiteExecutor.java:148)
	at com.kms.katalon.core.main.TestSuiteExecutor.execute(TestSuiteExecutor.java:106)
	at com.kms.katalon.core.main.TestCaseMain.startTestSuite(TestCaseMain.java:187)
	at TempTestSuite1699456150598.run(TempTestSuite1699456150598.groovy:36)
	at java.base/jdk.internal.reflect.NativeMethodAccessorImpl.invoke0(Native Method)
	at java.base/jdk.internal.reflect.NativeMethodAccessorImpl.invoke(NativeMethodAccessorImpl.java:77)
	at java.base/jdk.internal.reflect.DelegatingMethodAccessorImpl.invoke(DelegatingMethodAccessorImpl.java:43)
Caused by: com.kms.katalon.core.webui.exception.WebElementNotFoundException: Web element with id: 'Object Repository/Page_ParaBank  Welcome  Online Banking/iconHome' located by '//div[@id='headerPanel']/ul[2]/li/a' not found
	at com.kms.katalon.core.webui.common.WebUiCommonHelper.findWebElement(WebUiCommonHelper.java:1379)
	at com.kms.katalon.core.webui.keyword.internal.WebUIAbstractKeyword.findWebElement(WebUIAbstractKeyword.groovy:27)
	at com.kms.katalon.core.webui.keyword.builtin.ClickKeyword$_click_closure1.doCall(ClickKeyword.groovy:65)
	at com.kms.katalon.core.webui.keyword.builtin.ClickKeyword$_click_closure1.call(ClickKeyword.groovy)
	at com.kms.katalon.core.webui.keyword.internal.WebUIKeywordMain.runKeyword(WebUIKeywordMain.groovy:20)
	at com.kms.katalon.core.webui.keyword.builtin.ClickKeyword.click(ClickKeyword.groovy:74)
	at com.kms.katalon.core.webui.keyword.builtin.ClickKeyword.execute(ClickKeyword.groovy:40)
	at com.kms.katalon.core.keyword.internal.KeywordExecutor.executeKeywordForPlatform(KeywordExecutor.groovy:74)
	at com.kms.katalon.core.webui.keyword.WebUiBuiltInKeywords.click(WebUiBuiltInKeywords.groovy:620)
	at Script1699014916547.run(Script1699014916547.groovy:22)
	... 15 more
)
[[ATTACHMENT|C:\\Users\\GKOKABAYEVA\\Katalon Studio\\Parabank\\Reports\\20231108_100910\\Smoke Test Suites\\STS003 - Main page links verification\\20231108_100910\\1699456626499.png]]

2023-11-08 10:17:06 - [TEST_STEP][FAILED] - navigateToUrl(URL): Unable to navigate to 'null' (Root cause: com.kms.katalon.core.exception.StepFailedException: Unable to navigate to 'null'
	at com.kms.katalon.core.webui.keyword.internal.WebUIKeywordMain.stepFailed(WebUIKeywordMain.groovy:64)
	at com.kms.katalon.core.webui.keyword.internal.WebUIKeywordMain.runKeyword(WebUIKeywordMain.groovy:26)
	at com.kms.katalon.core.webui.keyword.builtin.NavigateToUrlKeyword.navigateToUrl(NavigateToUrlKeyword.groovy:83)
	at com.kms.katalon.core.webui.keyword.builtin.NavigateToUrlKeyword.execute(NavigateToUrlKeyword.groovy:67)
	at com.kms.katalon.core.keyword.internal.KeywordExecutor.executeKeywordForPlatform(KeywordExecutor.groovy:74)
	at com.kms.katalon.core.webui.keyword.WebUiBuiltInKeywords.navigateToUrl(WebUiBuiltInKeywords.groovy:187)
	at MTC013 - Verify Home icon.run(MTC013 - Verify Home icon:24)
	at com.kms.katalon.core.main.ScriptEngine.run(ScriptEngine.java:194)
	at com.kms.katalon.core.main.ScriptEngine.runScriptAsRawText(ScriptEngine.java:119)
	at com.kms.katalon.core.main.TestCaseExecutor.runScript(TestCaseExecutor.java:448)
	at com.kms.katalon.core.main.TestCaseExecutor.doExecute(TestCaseExecutor.java:439)
	at com.kms.katalon.core.main.TestCaseExecutor.processExecutionPhase(TestCaseExecutor.java:418)
	at com.kms.katalon.core.main.TestCaseExecutor.accessMainPhase(TestCaseExecutor.java:410)
	at com.kms.katalon.core.main.TestCaseExecutor.execute(TestCaseExecutor.java:285)
	at com.kms.katalon.core.common.CommonExecutor.accessTestCaseMainPhase(CommonExecutor.java:65)
	at com.kms.katalon.core.main.TestSuiteExecutor.accessTestSuiteMainPhase(TestSuiteExecutor.java:148)
	at com.kms.katalon.core.main.TestSuiteExecutor.execute(TestSuiteExecutor.java:106)
	at com.kms.katalon.core.main.TestCaseMain.startTestSuite(TestCaseMain.java:187)
	at TempTestSuite1699456150598.run(TempTestSuite1699456150598.groovy:36)
	at java.base/jdk.internal.reflect.NativeMethodAccessorImpl.invoke0(Native Method)
	at java.base/jdk.internal.reflect.NativeMethodAccessorImpl.invoke(NativeMethodAccessorImpl.java:77)
	at java.base/jdk.internal.reflect.DelegatingMethodAccessorImpl.invoke(DelegatingMethodAccessorImpl.java:43)
Caused by: java.lang.IllegalArgumentException: Url cannot be null or empty
	at com.kms.katalon.core.webui.keyword.builtin.NavigateToUrlKeyword$_navigateToUrl_closure1.doCall(NavigateToUrlKeyword.groovy:75)
	at com.kms.katalon.core.webui.keyword.builtin.NavigateToUrlKeyword$_navigateToUrl_closure1.call(NavigateToUrlKeyword.groovy)
	at com.kms.katalon.core.webui.keyword.internal.WebUIKeywordMain.runKeyword(WebUIKeywordMain.groovy:20)
	at com.kms.katalon.core.webui.keyword.builtin.NavigateToUrlKeyword.navigateToUrl(NavigateToUrlKeyword.groovy:83)
	at com.kms.katalon.core.webui.keyword.builtin.NavigateToUrlKeyword.execute(NavigateToUrlKeyword.groovy:67)
	at com.kms.katalon.core.keyword.internal.KeywordExecutor.executeKeywordForPlatform(KeywordExecutor.groovy:74)
	at com.kms.katalon.core.webui.keyword.WebUiBuiltInKeywords.navigateToUrl(WebUiBuiltInKeywords.groovy:187)
	at Script1699014916547.run(Script1699014916547.groovy:24)
	... 15 more
)

2023-11-08 10:17:06 - [MESSAGE][FAILED] - Unable to navigate to 'null' (Root cause: com.kms.katalon.core.exception.StepFailedException: Unable to navigate to 'null'
	at com.kms.katalon.core.webui.keyword.internal.WebUIKeywordMain.stepFailed(WebUIKeywordMain.groovy:64)
	at com.kms.katalon.core.webui.keyword.internal.WebUIKeywordMain.runKeyword(WebUIKeywordMain.groovy:26)
	at com.kms.katalon.core.webui.keyword.builtin.NavigateToUrlKeyword.navigateToUrl(NavigateToUrlKeyword.groovy:83)
	at com.kms.katalon.core.webui.keyword.builtin.NavigateToUrlKeyword.execute(NavigateToUrlKeyword.groovy:67)
	at com.kms.katalon.core.keyword.internal.KeywordExecutor.executeKeywordForPlatform(KeywordExecutor.groovy:74)
	at com.kms.katalon.core.webui.keyword.WebUiBuiltInKeywords.navigateToUrl(WebUiBuiltInKeywords.groovy:187)
	at MTC013 - Verify Home icon.run(MTC013 - Verify Home icon:24)
	at com.kms.katalon.core.main.ScriptEngine.run(ScriptEngine.java:194)
	at com.kms.katalon.core.main.ScriptEngine.runScriptAsRawText(ScriptEngine.java:119)
	at com.kms.katalon.core.main.TestCaseExecutor.runScript(TestCaseExecutor.java:448)
	at com.kms.katalon.core.main.TestCaseExecutor.doExecute(TestCaseExecutor.java:439)
	at com.kms.katalon.core.main.TestCaseExecutor.processExecutionPhase(TestCaseExecutor.java:418)
	at com.kms.katalon.core.main.TestCaseExecutor.accessMainPhase(TestCaseExecutor.java:410)
	at com.kms.katalon.core.main.TestCaseExecutor.execute(TestCaseExecutor.java:285)
	at com.kms.katalon.core.common.CommonExecutor.accessTestCaseMainPhase(CommonExecutor.java:65)
	at com.kms.katalon.core.main.TestSuiteExecutor.accessTestSuiteMainPhase(TestSuiteExecutor.java:148)
	at com.kms.katalon.core.main.TestSuiteExecutor.execute(TestSuiteExecutor.java:106)
	at com.kms.katalon.core.main.TestCaseMain.startTestSuite(TestCaseMain.java:187)
	at TempTestSuite1699456150598.run(TempTestSuite1699456150598.groovy:36)
	at java.base/jdk.internal.reflect.NativeMethodAccessorImpl.invoke0(Native Method)
	at java.base/jdk.internal.reflect.NativeMethodAccessorImpl.invoke(NativeMethodAccessorImpl.java:77)
	at java.base/jdk.internal.reflect.DelegatingMethodAccessorImpl.invoke(DelegatingMethodAccessorImpl.java:43)
Caused by: java.lang.IllegalArgumentException: Url cannot be null or empty
	at com.kms.katalon.core.webui.keyword.builtin.NavigateToUrlKeyword$_navigateToUrl_closure1.doCall(NavigateToUrlKeyword.groovy:75)
	at com.kms.katalon.core.webui.keyword.builtin.NavigateToUrlKeyword$_navigateToUrl_closure1.call(NavigateToUrlKeyword.groovy)
	at com.kms.katalon.core.webui.keyword.internal.WebUIKeywordMain.runKeyword(WebUIKeywordMain.groovy:20)
	at com.kms.katalon.core.webui.keyword.builtin.NavigateToUrlKeyword.navigateToUrl(NavigateToUrlKeyword.groovy:83)
	at com.kms.katalon.core.webui.keyword.builtin.NavigateToUrlKeyword.execute(NavigateToUrlKeyword.groovy:67)
	at com.kms.katalon.core.keyword.internal.KeywordExecutor.executeKeywordForPlatform(KeywordExecutor.groovy:74)
	at com.kms.katalon.core.webui.keyword.WebUiBuiltInKeywords.navigateToUrl(WebUiBuiltInKeywords.groovy:187)
	at Script1699014916547.run(Script1699014916547.groovy:24)
	... 15 more
)
[[ATTACHMENT|C:\\Users\\GKOKABAYEVA\\Katalon Studio\\Parabank\\Reports\\20231108_100910\\Smoke Test Suites\\STS003 - Main page links verification\\20231108_100910\\1699456626558.png]]

2023-11-08 10:17:06 - [TEST_STEP][FAILED] - verifyElementPresent(findTestObject("Object Repository/Page_ParaBank  Welcome  Online Banking/divArticles"), 0): com.kms.katalon.core.webui.exception.WebElementNotFoundException: Web element with id: 'Object Repository/Page_ParaBank  Welcome  Online Banking/divArticles' located by '//div[@id='rightPanel']' not found (Root cause: com.kms.katalon.core.exception.StepFailedException: com.kms.katalon.core.webui.exception.WebElementNotFoundException: Web element with id: 'Object Repository/Page_ParaBank  Welcome  Online Banking/divArticles' located by '//div[@id='rightPanel']' not found
	at com.kms.katalon.core.webui.keyword.internal.WebUIKeywordMain.stepFailed(WebUIKeywordMain.groovy:64)
	at com.kms.katalon.core.webui.keyword.builtin.VerifyElementPresentKeyword$_verifyElementPresent_closure1.doCall(VerifyElementPresentKeyword.groovy:85)
	at com.kms.katalon.core.webui.keyword.builtin.VerifyElementPresentKeyword$_verifyElementPresent_closure1.call(VerifyElementPresentKeyword.groovy)
	at com.kms.katalon.core.webui.keyword.internal.WebUIKeywordMain.runKeyword(WebUIKeywordMain.groovy:20)
	at com.kms.katalon.core.webui.keyword.builtin.VerifyElementPresentKeyword.verifyElementPresent(VerifyElementPresentKeyword.groovy:92)
	at com.kms.katalon.core.webui.keyword.builtin.VerifyElementPresentKeyword.execute(VerifyElementPresentKeyword.groovy:68)
	at com.kms.katalon.core.keyword.internal.KeywordExecutor.executeKeywordForPlatform(KeywordExecutor.groovy:74)
	at com.kms.katalon.core.webui.keyword.WebUiBuiltInKeywords.verifyElementPresent(WebUiBuiltInKeywords.groovy:1464)
	at MTC013 - Verify Home icon.run(MTC013 - Verify Home icon:26)
	at com.kms.katalon.core.main.ScriptEngine.run(ScriptEngine.java:194)
	at com.kms.katalon.core.main.ScriptEngine.runScriptAsRawText(ScriptEngine.java:119)
	at com.kms.katalon.core.main.TestCaseExecutor.runScript(TestCaseExecutor.java:448)
	at com.kms.katalon.core.main.TestCaseExecutor.doExecute(TestCaseExecutor.java:439)
	at com.kms.katalon.core.main.TestCaseExecutor.processExecutionPhase(TestCaseExecutor.java:418)
	at com.kms.katalon.core.main.TestCaseExecutor.accessMainPhase(TestCaseExecutor.java:410)
	at com.kms.katalon.core.main.TestCaseExecutor.execute(TestCaseExecutor.java:285)
	at com.kms.katalon.core.common.CommonExecutor.accessTestCaseMainPhase(CommonExecutor.java:65)
	at com.kms.katalon.core.main.TestSuiteExecutor.accessTestSuiteMainPhase(TestSuiteExecutor.java:148)
	at com.kms.katalon.core.main.TestSuiteExecutor.execute(TestSuiteExecutor.java:106)
	at com.kms.katalon.core.main.TestCaseMain.startTestSuite(TestCaseMain.java:187)
	at TempTestSuite1699456150598.run(TempTestSuite1699456150598.groovy:36)
	at java.base/jdk.internal.reflect.NativeMethodAccessorImpl.invoke0(Native Method)
	at java.base/jdk.internal.reflect.NativeMethodAccessorImpl.invoke(NativeMethodAccessorImpl.java:77)
	at java.base/jdk.internal.reflect.DelegatingMethodAccessorImpl.invoke(DelegatingMethodAccessorImpl.java:43)
)

2023-11-08 10:17:06 - [MESSAGE][WARNING] - Timeout '0' is invalid. Using default page load timeout: '30'

2023-11-08 10:17:37 - [MESSAGE][INFO] - Unable to find the element located by 'By.xpath: //div[@id='rightPanel']'. Please recheck the objects properties to make sure the desired element is located. 

2023-11-08 10:17:37 - [MESSAGE][FAILED] - com.kms.katalon.core.webui.exception.WebElementNotFoundException: Web element with id: 'Object Repository/Page_ParaBank  Welcome  Online Banking/divArticles' located by '//div[@id='rightPanel']' not found (Root cause: com.kms.katalon.core.exception.StepFailedException: com.kms.katalon.core.webui.exception.WebElementNotFoundException: Web element with id: 'Object Repository/Page_ParaBank  Welcome  Online Banking/divArticles' located by '//div[@id='rightPanel']' not found
	at com.kms.katalon.core.webui.keyword.internal.WebUIKeywordMain.stepFailed(WebUIKeywordMain.groovy:64)
	at com.kms.katalon.core.webui.keyword.builtin.VerifyElementPresentKeyword$_verifyElementPresent_closure1.doCall(VerifyElementPresentKeyword.groovy:85)
	at com.kms.katalon.core.webui.keyword.builtin.VerifyElementPresentKeyword$_verifyElementPresent_closure1.call(VerifyElementPresentKeyword.groovy)
	at com.kms.katalon.core.webui.keyword.internal.WebUIKeywordMain.runKeyword(WebUIKeywordMain.groovy:20)
	at com.kms.katalon.core.webui.keyword.builtin.VerifyElementPresentKeyword.verifyElementPresent(VerifyElementPresentKeyword.groovy:92)
	at com.kms.katalon.core.webui.keyword.builtin.VerifyElementPresentKeyword.execute(VerifyElementPresentKeyword.groovy:68)
	at com.kms.katalon.core.keyword.internal.KeywordExecutor.executeKeywordForPlatform(KeywordExecutor.groovy:74)
	at com.kms.katalon.core.webui.keyword.WebUiBuiltInKeywords.verifyElementPresent(WebUiBuiltInKeywords.groovy:1464)
	at MTC013 - Verify Home icon.run(MTC013 - Verify Home icon:26)
	at com.kms.katalon.core.main.ScriptEngine.run(ScriptEngine.java:194)
	at com.kms.katalon.core.main.ScriptEngine.runScriptAsRawText(ScriptEngine.java:119)
	at com.kms.katalon.core.main.TestCaseExecutor.runScript(TestCaseExecutor.java:448)
	at com.kms.katalon.core.main.TestCaseExecutor.doExecute(TestCaseExecutor.java:439)
	at com.kms.katalon.core.main.TestCaseExecutor.processExecutionPhase(TestCaseExecutor.java:418)
	at com.kms.katalon.core.main.TestCaseExecutor.accessMainPhase(TestCaseExecutor.java:410)
	at com.kms.katalon.core.main.TestCaseExecutor.execute(TestCaseExecutor.java:285)
	at com.kms.katalon.core.common.CommonExecutor.accessTestCaseMainPhase(CommonExecutor.java:65)
	at com.kms.katalon.core.main.TestSuiteExecutor.accessTestSuiteMainPhase(TestSuiteExecutor.java:148)
	at com.kms.katalon.core.main.TestSuiteExecutor.execute(TestSuiteExecutor.java:106)
	at com.kms.katalon.core.main.TestCaseMain.startTestSuite(TestCaseMain.java:187)
	at TempTestSuite1699456150598.run(TempTestSuite1699456150598.groovy:36)
	at java.base/jdk.internal.reflect.NativeMethodAccessorImpl.invoke0(Native Method)
	at java.base/jdk.internal.reflect.NativeMethodAccessorImpl.invoke(NativeMethodAccessorImpl.java:77)
	at java.base/jdk.internal.reflect.DelegatingMethodAccessorImpl.invoke(DelegatingMethodAccessorImpl.java:43)
)
[[ATTACHMENT|C:\\Users\\GKOKABAYEVA\\Katalon Studio\\Parabank\\Reports\\20231108_100910\\Smoke Test Suites\\STS003 - Main page links verification\\20231108_100910\\1699456657665.png]]

2023-11-08 10:17:37 - [TEST_STEP][PASSED] - closeBrowser(): Browser is closed

2023-11-08 10:17:37 - [MESSAGE][PASSED] - Browser is closed]]></system-out>
         <system-err><![CDATA[2023-11-08 10:16:30 - [TEST_CASE][FAILED] - Test Cases/Main Test Cases/MTC013 - Verify Home icon: Test Cases/Main Test Cases/MTC013 - Verify Home icon FAILED.
Reason:
com.kms.katalon.core.exception.StepFailedException: Unable to click on object 'Object Repository/Page_ParaBank  Welcome  Online Banking/iconHome' (Root cause: com.kms.katalon.core.exception.StepFailedException: Unable to click on object 'Object Repository/Page_ParaBank  Welcome  Online Banking/iconHome'
	at com.kms.katalon.core.webui.keyword.internal.WebUIKeywordMain.stepFailed(WebUIKeywordMain.groovy:64)
	at com.kms.katalon.core.webui.keyword.internal.WebUIKeywordMain.runKeyword(WebUIKeywordMain.groovy:26)
	at com.kms.katalon.core.webui.keyword.builtin.ClickKeyword.click(ClickKeyword.groovy:74)
	at com.kms.katalon.core.webui.keyword.builtin.ClickKeyword.execute(ClickKeyword.groovy:40)
	at com.kms.katalon.core.keyword.internal.KeywordExecutor.executeKeywordForPlatform(KeywordExecutor.groovy:74)
	at com.kms.katalon.core.webui.keyword.WebUiBuiltInKeywords.click(WebUiBuiltInKeywords.groovy:620)
	at MTC013 - Verify Home icon.run(MTC013 - Verify Home icon:22)
	at com.kms.katalon.core.main.ScriptEngine.run(ScriptEngine.java:194)
	at com.kms.katalon.core.main.ScriptEngine.runScriptAsRawText(ScriptEngine.java:119)
	at com.kms.katalon.core.main.TestCaseExecutor.runScript(TestCaseExecutor.java:448)
	at com.kms.katalon.core.main.TestCaseExecutor.doExecute(TestCaseExecutor.java:439)
	at com.kms.katalon.core.main.TestCaseExecutor.processExecutionPhase(TestCaseExecutor.java:418)
	at com.kms.katalon.core.main.TestCaseExecutor.accessMainPhase(TestCaseExecutor.java:410)
	at com.kms.katalon.core.main.TestCaseExecutor.execute(TestCaseExecutor.java:285)
	at com.kms.katalon.core.common.CommonExecutor.accessTestCaseMainPhase(CommonExecutor.java:65)
	at com.kms.katalon.core.main.TestSuiteExecutor.accessTestSuiteMainPhase(TestSuiteExecutor.java:148)
	at com.kms.katalon.core.main.TestSuiteExecutor.execute(TestSuiteExecutor.java:106)
	at com.kms.katalon.core.main.TestCaseMain.startTestSuite(TestCaseMain.java:187)
	at TempTestSuite1699456150598.run(TempTestSuite1699456150598.groovy:36)
	at java.base/jdk.internal.reflect.NativeMethodAccessorImpl.invoke0(Native Method)
	at java.base/jdk.internal.reflect.NativeMethodAccessorImpl.invoke(NativeMethodAccessorImpl.java:77)
	at java.base/jdk.internal.reflect.DelegatingMethodAccessorImpl.invoke(DelegatingMethodAccessorImpl.java:43)
Caused by: com.kms.katalon.core.webui.exception.WebElementNotFoundException: Web element with id: 'Object Repository/Page_ParaBank  Welcome  Online Banking/iconHome' located by '//div[@id='headerPanel']/ul[2]/li/a' not found
	at com.kms.katalon.core.webui.common.WebUiCommonHelper.findWebElement(WebUiCommonHelper.java:1379)
	at com.kms.katalon.core.webui.keyword.internal.WebUIAbstractKeyword.findWebElement(WebUIAbstractKeyword.groovy:27)
	at com.kms.katalon.core.webui.keyword.builtin.ClickKeyword$_click_closure1.doCall(ClickKeyword.groovy:65)
	at com.kms.katalon.core.webui.keyword.builtin.ClickKeyword$_click_closure1.call(ClickKeyword.groovy)
	at com.kms.katalon.core.webui.keyword.internal.WebUIKeywordMain.runKeyword(WebUIKeywordMain.groovy:20)
	at com.kms.katalon.core.webui.keyword.builtin.ClickKeyword.click(ClickKeyword.groovy:74)
	at com.kms.katalon.core.webui.keyword.builtin.ClickKeyword.execute(ClickKeyword.groovy:40)
	at com.kms.katalon.core.keyword.internal.KeywordExecutor.executeKeywordForPlatform(KeywordExecutor.groovy:74)
	at com.kms.katalon.core.webui.keyword.WebUiBuiltInKeywords.click(WebUiBuiltInKeywords.groovy:620)
	at Script1699014916547.run(Script1699014916547.groovy:22)
	... 15 more
)
	at com.kms.katalon.core.keyword.internal.KeywordMain.stepFailed(KeywordMain.groovy:39)
	at com.kms.katalon.core.webui.keyword.internal.WebUIKeywordMain.stepFailed(WebUIKeywordMain.groovy:64)
	at com.kms.katalon.core.webui.keyword.internal.WebUIKeywordMain.runKeyword(WebUIKeywordMain.groovy:26)
	at com.kms.katalon.core.webui.keyword.builtin.ClickKeyword.click(ClickKeyword.groovy:74)
	at com.kms.katalon.core.webui.keyword.builtin.ClickKeyword.execute(ClickKeyword.groovy:40)
	at com.kms.katalon.core.keyword.internal.KeywordExecutor.executeKeywordForPlatform(KeywordExecutor.groovy:74)
	at com.kms.katalon.core.webui.keyword.WebUiBuiltInKeywords.click(WebUiBuiltInKeywords.groovy:620)
	at MTC013 - Verify Home icon.run(MTC013 - Verify Home icon:22)
	at com.kms.katalon.core.main.ScriptEngine.run(ScriptEngine.java:194)
	at com.kms.katalon.core.main.ScriptEngine.runScriptAsRawText(ScriptEngine.java:119)
	at com.kms.katalon.core.main.TestCaseExecutor.runScript(TestCaseExecutor.java:448)
	at com.kms.katalon.core.main.TestCaseExecutor.doExecute(TestCaseExecutor.java:439)
	at com.kms.katalon.core.main.TestCaseExecutor.processExecutionPhase(TestCaseExecutor.java:418)
	at com.kms.katalon.core.main.TestCaseExecutor.accessMainPhase(TestCaseExecutor.java:410)
	at com.kms.katalon.core.main.TestCaseExecutor.execute(TestCaseExecutor.java:285)
	at com.kms.katalon.core.common.CommonExecutor.accessTestCaseMainPhase(CommonExecutor.java:65)
	at com.kms.katalon.core.main.TestSuiteExecutor.accessTestSuiteMainPhase(TestSuiteExecutor.java:148)
	at com.kms.katalon.core.main.TestSuiteExecutor.execute(TestSuiteExecutor.java:106)
	at com.kms.katalon.core.main.TestCaseMain.startTestSuite(TestCaseMain.java:187)
	at TempTestSuite1699456150598.run(TempTestSuite1699456150598.groovy:36)
	at java.base/jdk.internal.reflect.NativeMethodAccessorImpl.invoke0(Native Method)
	at java.base/jdk.internal.reflect.NativeMethodAccessorImpl.invoke(NativeMethodAccessorImpl.java:77)
	at java.base/jdk.internal.reflect.DelegatingMethodAccessorImpl.invoke(DelegatingMethodAccessorImpl.java:43)
Caused by: com.kms.katalon.core.exception.StepFailedException: Unable to click on object 'Object Repository/Page_ParaBank  Welcome  Online Banking/iconHome'
	... 22 more
Caused by: com.kms.katalon.core.webui.exception.WebElementNotFoundException: Web element with id: 'Object Repository/Page_ParaBank  Welcome  Online Banking/iconHome' located by '//div[@id='headerPanel']/ul[2]/li/a' not found
	at com.kms.katalon.core.webui.common.WebUiCommonHelper.findWebElement(WebUiCommonHelper.java:1379)
	at com.kms.katalon.core.webui.keyword.internal.WebUIAbstractKeyword.findWebElement(WebUIAbstractKeyword.groovy:27)
	at com.kms.katalon.core.webui.keyword.builtin.ClickKeyword$_click_closure1.doCall(ClickKeyword.groovy:65)
	at com.kms.katalon.core.webui.keyword.builtin.ClickKeyword$_click_closure1.call(ClickKeyword.groovy)
	at com.kms.katalon.core.webui.keyword.internal.WebUIKeywordMain.runKeyword(WebUIKeywordMain.groovy:20)
	... 20 more]]></system-err>
      </testcase>
      <testcase name="Test Cases/Main Test Cases/MTC014 - Verify About icon" time="70.882" classname="Test Cases/Main Test Cases/MTC014 - Verify About icon" status="FAILED">
         <failure type="FAILED" message="Test Cases/Main Test Cases/MTC014 - Verify About icon FAILED.&#xa;Reason:&#xa;com.kms.katalon.core.exception.StepFailedException: Unable to click on object 'Object Repository/Page_ParaBank  Welcome  Online Banking/iconAbout' (Root cause: com.kms.katalon.core.exception.StepFailedException: Unable to click on object 'Object Repository/Page_ParaBank  Welcome  Online Banking/iconAbout'&#xa;	at com.kms.katalon.core.webui.keyword.internal.WebUIKeywordMain.stepFailed(WebUIKeywordMain.groovy:64)&#xa;	at com.kms.katalon.core.webui.keyword.internal.WebUIKeywordMain.runKeyword(WebUIKeywordMain.groovy:26)&#xa;	at com.kms.katalon.core.webui.keyword.builtin.ClickKeyword.click(ClickKeyword.groovy:74)&#xa;	at com.kms.katalon.core.webui.keyword.builtin.ClickKeyword.execute(ClickKeyword.groovy:40)&#xa;	at com.kms.katalon.core.keyword.internal.KeywordExecutor.executeKeywordForPlatform(KeywordExecutor.groovy:74)&#xa;	at com.kms.katalon.core.webui.keyword.WebUiBuiltInKeywords.click(WebUiBuiltInKeywords.groovy:620)&#xa;	at MTC014 - Verify About icon.run(MTC014 - Verify About icon:22)&#xa;	at com.kms.katalon.core.main.ScriptEngine.run(ScriptEngine.java:194)&#xa;	at com.kms.katalon.core.main.ScriptEngine.runScriptAsRawText(ScriptEngine.java:119)&#xa;	at com.kms.katalon.core.main.TestCaseExecutor.runScript(TestCaseExecutor.java:448)&#xa;	at com.kms.katalon.core.main.TestCaseExecutor.doExecute(TestCaseExecutor.java:439)&#xa;	at com.kms.katalon.core.main.TestCaseExecutor.processExecutionPhase(TestCaseExecutor.java:418)&#xa;	at com.kms.katalon.core.main.TestCaseExecutor.accessMainPhase(TestCaseExecutor.java:410)&#xa;	at com.kms.katalon.core.main.TestCaseExecutor.execute(TestCaseExecutor.java:285)&#xa;	at com.kms.katalon.core.common.CommonExecutor.accessTestCaseMainPhase(CommonExecutor.java:65)&#xa;	at com.kms.katalon.core.main.TestSuiteExecutor.accessTestSuiteMainPhase(TestSuiteExecutor.java:148)&#xa;	at com.kms.katalon.core.main.TestSuiteExecutor.execute(TestSuiteExecutor.java:106)&#xa;	at com.kms.katalon.core.main.TestCaseMain.startTestSuite(TestCaseMain.java:187)&#xa;	at TempTestSuite1699456150598.run(TempTestSuite1699456150598.groovy:36)&#xa;	at java.base/jdk.internal.reflect.NativeMethodAccessorImpl.invoke0(Native Method)&#xa;	at java.base/jdk.internal.reflect.NativeMethodAccessorImpl.invoke(NativeMethodAccessorImpl.java:77)&#xa;	at java.base/jdk.internal.reflect.DelegatingMethodAccessorImpl.invoke(DelegatingMethodAccessorImpl.java:43)&#xa;Caused by: com.kms.katalon.core.webui.exception.WebElementNotFoundException: Web element with id: 'Object Repository/Page_ParaBank  Welcome  Online Banking/iconAbout' located by '//div[@id='headerPanel']/ul[2]/li[2]/a' not found&#xa;	at com.kms.katalon.core.webui.common.WebUiCommonHelper.findWebElement(WebUiCommonHelper.java:1379)&#xa;	at com.kms.katalon.core.webui.keyword.internal.WebUIAbstractKeyword.findWebElement(WebUIAbstractKeyword.groovy:27)&#xa;	at com.kms.katalon.core.webui.keyword.builtin.ClickKeyword$_click_closure1.doCall(ClickKeyword.groovy:65)&#xa;	at com.kms.katalon.core.webui.keyword.builtin.ClickKeyword$_click_closure1.call(ClickKeyword.groovy)&#xa;	at com.kms.katalon.core.webui.keyword.internal.WebUIKeywordMain.runKeyword(WebUIKeywordMain.groovy:20)&#xa;	at com.kms.katalon.core.webui.keyword.builtin.ClickKeyword.click(ClickKeyword.groovy:74)&#xa;	at com.kms.katalon.core.webui.keyword.builtin.ClickKeyword.execute(ClickKeyword.groovy:40)&#xa;	at com.kms.katalon.core.keyword.internal.KeywordExecutor.executeKeywordForPlatform(KeywordExecutor.groovy:74)&#xa;	at com.kms.katalon.core.webui.keyword.WebUiBuiltInKeywords.click(WebUiBuiltInKeywords.groovy:620)&#xa;	at Script1699016338318.run(Script1699016338318.groovy:22)&#xa;	... 15 more&#xa;)&#xa;	at com.kms.katalon.core.keyword.internal.KeywordMain.stepFailed(KeywordMain.groovy:39)&#xa;	at com.kms.katalon.core.webui.keyword.internal.WebUIKeywordMain.stepFailed(WebUIKeywordMain.groovy:64)&#xa;	at com.kms.katalon.core.webui.keyword.internal.WebUIKeywordMain.runKeyword(WebUIKeywordMain.groovy:26)&#xa;	at com.kms.katalon.core.webui.keyword.builtin.ClickKeyword.click(ClickKeyword.groovy:74)&#xa;	at com.kms.katalon.core.webui.keyword.builtin.ClickKeyword.execute(ClickKeyword.groovy:40)&#xa;	at com.kms.katalon.core.keyword.internal.KeywordExecutor.executeKeywordForPlatform(KeywordExecutor.groovy:74)&#xa;	at com.kms.katalon.core.webui.keyword.WebUiBuiltInKeywords.click(WebUiBuiltInKeywords.groovy:620)&#xa;	at MTC014 - Verify About icon.run(MTC014 - Verify About icon:22)&#xa;	at com.kms.katalon.core.main.ScriptEngine.run(ScriptEngine.java:194)&#xa;	at com.kms.katalon.core.main.ScriptEngine.runScriptAsRawText(ScriptEngine.java:119)&#xa;	at com.kms.katalon.core.main.TestCaseExecutor.runScript(TestCaseExecutor.java:448)&#xa;	at com.kms.katalon.core.main.TestCaseExecutor.doExecute(TestCaseExecutor.java:439)&#xa;	at com.kms.katalon.core.main.TestCaseExecutor.processExecutionPhase(TestCaseExecutor.java:418)&#xa;	at com.kms.katalon.core.main.TestCaseExecutor.accessMainPhase(TestCaseExecutor.java:410)&#xa;	at com.kms.katalon.core.main.TestCaseExecutor.execute(TestCaseExecutor.java:285)&#xa;	at com.kms.katalon.core.common.CommonExecutor.accessTestCaseMainPhase(CommonExecutor.java:65)&#xa;	at com.kms.katalon.core.main.TestSuiteExecutor.accessTestSuiteMainPhase(TestSuiteExecutor.java:148)&#xa;	at com.kms.katalon.core.main.TestSuiteExecutor.execute(TestSuiteExecutor.java:106)&#xa;	at com.kms.katalon.core.main.TestCaseMain.startTestSuite(TestCaseMain.java:187)&#xa;	at TempTestSuite1699456150598.run(TempTestSuite1699456150598.groovy:36)&#xa;	at java.base/jdk.internal.reflect.NativeMethodAccessorImpl.invoke0(Native Method)&#xa;	at java.base/jdk.internal.reflect.NativeMethodAccessorImpl.invoke(NativeMethodAccessorImpl.java:77)&#xa;	at java.base/jdk.internal.reflect.DelegatingMethodAccessorImpl.invoke(DelegatingMethodAccessorImpl.java:43)&#xa;Caused by: com.kms.katalon.core.exception.StepFailedException: Unable to click on object 'Object Repository/Page_ParaBank  Welcome  Online Banking/iconAbout'&#xa;	... 22 more&#xa;Caused by: com.kms.katalon.core.webui.exception.WebElementNotFoundException: Web element with id: 'Object Repository/Page_ParaBank  Welcome  Online Banking/iconAbout' located by '//div[@id='headerPanel']/ul[2]/li[2]/a' not found&#xa;	at com.kms.katalon.core.webui.common.WebUiCommonHelper.findWebElement(WebUiCommonHelper.java:1379)&#xa;	at com.kms.katalon.core.webui.keyword.internal.WebUIAbstractKeyword.findWebElement(WebUIAbstractKeyword.groovy:27)&#xa;	at com.kms.katalon.core.webui.keyword.builtin.ClickKeyword$_click_closure1.doCall(ClickKeyword.groovy:65)&#xa;	at com.kms.katalon.core.webui.keyword.builtin.ClickKeyword$_click_closure1.call(ClickKeyword.groovy)&#xa;	at com.kms.katalon.core.webui.keyword.internal.WebUIKeywordMain.runKeyword(WebUIKeywordMain.groovy:20)&#xa;	... 20 more&#xa;"/>
         <system-out><![CDATA[2023-11-08 10:17:37 - [TEST_CASE][FAILED] - Test Cases/Main Test Cases/MTC014 - Verify About icon: Test Cases/Main Test Cases/MTC014 - Verify About icon FAILED.
Reason:
com.kms.katalon.core.exception.StepFailedException: Unable to click on object 'Object Repository/Page_ParaBank  Welcome  Online Banking/iconAbout' (Root cause: com.kms.katalon.core.exception.StepFailedException: Unable to click on object 'Object Repository/Page_ParaBank  Welcome  Online Banking/iconAbout'
	at com.kms.katalon.core.webui.keyword.internal.WebUIKeywordMain.stepFailed(WebUIKeywordMain.groovy:64)
	at com.kms.katalon.core.webui.keyword.internal.WebUIKeywordMain.runKeyword(WebUIKeywordMain.groovy:26)
	at com.kms.katalon.core.webui.keyword.builtin.ClickKeyword.click(ClickKeyword.groovy:74)
	at com.kms.katalon.core.webui.keyword.builtin.ClickKeyword.execute(ClickKeyword.groovy:40)
	at com.kms.katalon.core.keyword.internal.KeywordExecutor.executeKeywordForPlatform(KeywordExecutor.groovy:74)
	at com.kms.katalon.core.webui.keyword.WebUiBuiltInKeywords.click(WebUiBuiltInKeywords.groovy:620)
	at MTC014 - Verify About icon.run(MTC014 - Verify About icon:22)
	at com.kms.katalon.core.main.ScriptEngine.run(ScriptEngine.java:194)
	at com.kms.katalon.core.main.ScriptEngine.runScriptAsRawText(ScriptEngine.java:119)
	at com.kms.katalon.core.main.TestCaseExecutor.runScript(TestCaseExecutor.java:448)
	at com.kms.katalon.core.main.TestCaseExecutor.doExecute(TestCaseExecutor.java:439)
	at com.kms.katalon.core.main.TestCaseExecutor.processExecutionPhase(TestCaseExecutor.java:418)
	at com.kms.katalon.core.main.TestCaseExecutor.accessMainPhase(TestCaseExecutor.java:410)
	at com.kms.katalon.core.main.TestCaseExecutor.execute(TestCaseExecutor.java:285)
	at com.kms.katalon.core.common.CommonExecutor.accessTestCaseMainPhase(CommonExecutor.java:65)
	at com.kms.katalon.core.main.TestSuiteExecutor.accessTestSuiteMainPhase(TestSuiteExecutor.java:148)
	at com.kms.katalon.core.main.TestSuiteExecutor.execute(TestSuiteExecutor.java:106)
	at com.kms.katalon.core.main.TestCaseMain.startTestSuite(TestCaseMain.java:187)
	at TempTestSuite1699456150598.run(TempTestSuite1699456150598.groovy:36)
	at java.base/jdk.internal.reflect.NativeMethodAccessorImpl.invoke0(Native Method)
	at java.base/jdk.internal.reflect.NativeMethodAccessorImpl.invoke(NativeMethodAccessorImpl.java:77)
	at java.base/jdk.internal.reflect.DelegatingMethodAccessorImpl.invoke(DelegatingMethodAccessorImpl.java:43)
Caused by: com.kms.katalon.core.webui.exception.WebElementNotFoundException: Web element with id: 'Object Repository/Page_ParaBank  Welcome  Online Banking/iconAbout' located by '//div[@id='headerPanel']/ul[2]/li[2]/a' not found
	at com.kms.katalon.core.webui.common.WebUiCommonHelper.findWebElement(WebUiCommonHelper.java:1379)
	at com.kms.katalon.core.webui.keyword.internal.WebUIAbstractKeyword.findWebElement(WebUIAbstractKeyword.groovy:27)
	at com.kms.katalon.core.webui.keyword.builtin.ClickKeyword$_click_closure1.doCall(ClickKeyword.groovy:65)
	at com.kms.katalon.core.webui.keyword.builtin.ClickKeyword$_click_closure1.call(ClickKeyword.groovy)
	at com.kms.katalon.core.webui.keyword.internal.WebUIKeywordMain.runKeyword(WebUIKeywordMain.groovy:20)
	at com.kms.katalon.core.webui.keyword.builtin.ClickKeyword.click(ClickKeyword.groovy:74)
	at com.kms.katalon.core.webui.keyword.builtin.ClickKeyword.execute(ClickKeyword.groovy:40)
	at com.kms.katalon.core.keyword.internal.KeywordExecutor.executeKeywordForPlatform(KeywordExecutor.groovy:74)
	at com.kms.katalon.core.webui.keyword.WebUiBuiltInKeywords.click(WebUiBuiltInKeywords.groovy:620)
	at Script1699016338318.run(Script1699016338318.groovy:22)
	... 15 more
)
	at com.kms.katalon.core.keyword.internal.KeywordMain.stepFailed(KeywordMain.groovy:39)
	at com.kms.katalon.core.webui.keyword.internal.WebUIKeywordMain.stepFailed(WebUIKeywordMain.groovy:64)
	at com.kms.katalon.core.webui.keyword.internal.WebUIKeywordMain.runKeyword(WebUIKeywordMain.groovy:26)
	at com.kms.katalon.core.webui.keyword.builtin.ClickKeyword.click(ClickKeyword.groovy:74)
	at com.kms.katalon.core.webui.keyword.builtin.ClickKeyword.execute(ClickKeyword.groovy:40)
	at com.kms.katalon.core.keyword.internal.KeywordExecutor.executeKeywordForPlatform(KeywordExecutor.groovy:74)
	at com.kms.katalon.core.webui.keyword.WebUiBuiltInKeywords.click(WebUiBuiltInKeywords.groovy:620)
	at MTC014 - Verify About icon.run(MTC014 - Verify About icon:22)
	at com.kms.katalon.core.main.ScriptEngine.run(ScriptEngine.java:194)
	at com.kms.katalon.core.main.ScriptEngine.runScriptAsRawText(ScriptEngine.java:119)
	at com.kms.katalon.core.main.TestCaseExecutor.runScript(TestCaseExecutor.java:448)
	at com.kms.katalon.core.main.TestCaseExecutor.doExecute(TestCaseExecutor.java:439)
	at com.kms.katalon.core.main.TestCaseExecutor.processExecutionPhase(TestCaseExecutor.java:418)
	at com.kms.katalon.core.main.TestCaseExecutor.accessMainPhase(TestCaseExecutor.java:410)
	at com.kms.katalon.core.main.TestCaseExecutor.execute(TestCaseExecutor.java:285)
	at com.kms.katalon.core.common.CommonExecutor.accessTestCaseMainPhase(CommonExecutor.java:65)
	at com.kms.katalon.core.main.TestSuiteExecutor.accessTestSuiteMainPhase(TestSuiteExecutor.java:148)
	at com.kms.katalon.core.main.TestSuiteExecutor.execute(TestSuiteExecutor.java:106)
	at com.kms.katalon.core.main.TestCaseMain.startTestSuite(TestCaseMain.java:187)
	at TempTestSuite1699456150598.run(TempTestSuite1699456150598.groovy:36)
	at java.base/jdk.internal.reflect.NativeMethodAccessorImpl.invoke0(Native Method)
	at java.base/jdk.internal.reflect.NativeMethodAccessorImpl.invoke(NativeMethodAccessorImpl.java:77)
	at java.base/jdk.internal.reflect.DelegatingMethodAccessorImpl.invoke(DelegatingMethodAccessorImpl.java:43)
Caused by: com.kms.katalon.core.exception.StepFailedException: Unable to click on object 'Object Repository/Page_ParaBank  Welcome  Online Banking/iconAbout'
	... 22 more
Caused by: com.kms.katalon.core.webui.exception.WebElementNotFoundException: Web element with id: 'Object Repository/Page_ParaBank  Welcome  Online Banking/iconAbout' located by '//div[@id='headerPanel']/ul[2]/li[2]/a' not found
	at com.kms.katalon.core.webui.common.WebUiCommonHelper.findWebElement(WebUiCommonHelper.java:1379)
	at com.kms.katalon.core.webui.keyword.internal.WebUIAbstractKeyword.findWebElement(WebUIAbstractKeyword.groovy:27)
	at com.kms.katalon.core.webui.keyword.builtin.ClickKeyword$_click_closure1.doCall(ClickKeyword.groovy:65)
	at com.kms.katalon.core.webui.keyword.builtin.ClickKeyword$_click_closure1.call(ClickKeyword.groovy)
	at com.kms.katalon.core.webui.keyword.internal.WebUIKeywordMain.runKeyword(WebUIKeywordMain.groovy:20)
	... 20 more


2023-11-08 10:17:37 - [TEST_STEP][PASSED] - callTestCase(findTestCase("Reusable Test Cases/Open the webapp"), [:], CONTINUE_ON_FAILURE): Call Test Case 'Test Cases/Reusable Test Cases/Open the webapp' successfully

2023-11-08 10:17:38 - [TEST_CASE][PASSED] - Test Cases/Reusable Test Cases/Open the webapp: Test Cases/Reusable Test Cases/Open the webapp

2023-11-08 10:17:38 - [TEST_STEP][PASSED] - openBrowser(URL): Browser is opened with url: 'null'

2023-11-08 10:17:38 - [MESSAGE][INFO] - Starting 'Chrome (headless)' driver

2023-11-08 10:17:38 - [MESSAGE][INFO] - User set preference: ['property', '**window-size=1500,1000']

2023-11-08 10:17:38 - [MESSAGE][INFO] - Action delay is set to 0 milliseconds

2023-11-08 10:17:39 - [MESSAGE][WARNING] - FFmpeg was not installed! Browser Recording will be disabled. Please follow this document to install FFmpeg first: https://docs.katalon.com/katalon-studio/docs/screenshots-videos.html#browser-based-recorder

2023-11-08 10:17:39 - [MESSAGE][PASSED] - Browser is opened with url: 'null'

2023-11-08 10:17:40 - [TEST_STEP][PASSED] - maximizeWindow(): Current window maximized

2023-11-08 10:17:40 - [MESSAGE][PASSED] - Current window maximized

2023-11-08 10:17:40 - [MESSAGE][PASSED] - Call Test Case 'Test Cases/Reusable Test Cases/Open the webapp' successfully

2023-11-08 10:17:40 - [TEST_STEP][FAILED] - click(findTestObject("Page_ParaBank  Welcome  Online Banking/iconAbout")): Unable to click on object 'Object Repository/Page_ParaBank  Welcome  Online Banking/iconAbout' (Root cause: com.kms.katalon.core.exception.StepFailedException: Unable to click on object 'Object Repository/Page_ParaBank  Welcome  Online Banking/iconAbout'
	at com.kms.katalon.core.webui.keyword.internal.WebUIKeywordMain.stepFailed(WebUIKeywordMain.groovy:64)
	at com.kms.katalon.core.webui.keyword.internal.WebUIKeywordMain.runKeyword(WebUIKeywordMain.groovy:26)
	at com.kms.katalon.core.webui.keyword.builtin.ClickKeyword.click(ClickKeyword.groovy:74)
	at com.kms.katalon.core.webui.keyword.builtin.ClickKeyword.execute(ClickKeyword.groovy:40)
	at com.kms.katalon.core.keyword.internal.KeywordExecutor.executeKeywordForPlatform(KeywordExecutor.groovy:74)
	at com.kms.katalon.core.webui.keyword.WebUiBuiltInKeywords.click(WebUiBuiltInKeywords.groovy:620)
	at MTC014 - Verify About icon.run(MTC014 - Verify About icon:22)
	at com.kms.katalon.core.main.ScriptEngine.run(ScriptEngine.java:194)
	at com.kms.katalon.core.main.ScriptEngine.runScriptAsRawText(ScriptEngine.java:119)
	at com.kms.katalon.core.main.TestCaseExecutor.runScript(TestCaseExecutor.java:448)
	at com.kms.katalon.core.main.TestCaseExecutor.doExecute(TestCaseExecutor.java:439)
	at com.kms.katalon.core.main.TestCaseExecutor.processExecutionPhase(TestCaseExecutor.java:418)
	at com.kms.katalon.core.main.TestCaseExecutor.accessMainPhase(TestCaseExecutor.java:410)
	at com.kms.katalon.core.main.TestCaseExecutor.execute(TestCaseExecutor.java:285)
	at com.kms.katalon.core.common.CommonExecutor.accessTestCaseMainPhase(CommonExecutor.java:65)
	at com.kms.katalon.core.main.TestSuiteExecutor.accessTestSuiteMainPhase(TestSuiteExecutor.java:148)
	at com.kms.katalon.core.main.TestSuiteExecutor.execute(TestSuiteExecutor.java:106)
	at com.kms.katalon.core.main.TestCaseMain.startTestSuite(TestCaseMain.java:187)
	at TempTestSuite1699456150598.run(TempTestSuite1699456150598.groovy:36)
	at java.base/jdk.internal.reflect.NativeMethodAccessorImpl.invoke0(Native Method)
	at java.base/jdk.internal.reflect.NativeMethodAccessorImpl.invoke(NativeMethodAccessorImpl.java:77)
	at java.base/jdk.internal.reflect.DelegatingMethodAccessorImpl.invoke(DelegatingMethodAccessorImpl.java:43)
Caused by: com.kms.katalon.core.webui.exception.WebElementNotFoundException: Web element with id: 'Object Repository/Page_ParaBank  Welcome  Online Banking/iconAbout' located by '//div[@id='headerPanel']/ul[2]/li[2]/a' not found
	at com.kms.katalon.core.webui.common.WebUiCommonHelper.findWebElement(WebUiCommonHelper.java:1379)
	at com.kms.katalon.core.webui.keyword.internal.WebUIAbstractKeyword.findWebElement(WebUIAbstractKeyword.groovy:27)
	at com.kms.katalon.core.webui.keyword.builtin.ClickKeyword$_click_closure1.doCall(ClickKeyword.groovy:65)
	at com.kms.katalon.core.webui.keyword.builtin.ClickKeyword$_click_closure1.call(ClickKeyword.groovy)
	at com.kms.katalon.core.webui.keyword.internal.WebUIKeywordMain.runKeyword(WebUIKeywordMain.groovy:20)
	at com.kms.katalon.core.webui.keyword.builtin.ClickKeyword.click(ClickKeyword.groovy:74)
	at com.kms.katalon.core.webui.keyword.builtin.ClickKeyword.execute(ClickKeyword.groovy:40)
	at com.kms.katalon.core.keyword.internal.KeywordExecutor.executeKeywordForPlatform(KeywordExecutor.groovy:74)
	at com.kms.katalon.core.webui.keyword.WebUiBuiltInKeywords.click(WebUiBuiltInKeywords.groovy:620)
	at Script1699016338318.run(Script1699016338318.groovy:22)
	... 15 more
)

2023-11-08 10:18:11 - [MESSAGE][INFO] - Unable to find the element located by 'By.xpath: //div[@id='headerPanel']/ul[2]/li[2]/a'. Please recheck the objects properties to make sure the desired element is located. 

2023-11-08 10:18:11 - [MESSAGE][WARNING] - [SELF-HEALING] Failed to find element with id 'Object Repository/Page_ParaBank  Welcome  Online Banking/iconAbout'. Try using Self-healing.

2023-11-08 10:18:11 - [MESSAGE][INFO] - [SELF-HEALING] Failed Locator: '//div[@id='headerPanel']/ul[2]/li[2]/a'.

2023-11-08 10:18:11 - [MESSAGE][INFO] - [SELF-HEALING] Failed Locator: '//a[contains(text(),'about')]'.

2023-11-08 10:18:11 - [MESSAGE][INFO] - [SELF-HEALING] Failed Locator: '(//a[contains(@href, 'about.htm')])[2]'.

2023-11-08 10:18:11 - [MESSAGE][INFO] - [SELF-HEALING] Failed Locator: '//ul[2]/li[2]/a'.

2023-11-08 10:18:11 - [MESSAGE][INFO] - [SELF-HEALING] Failed Locator: '//a[@href = 'about.htm' and (text() = 'about' or . = 'about')]'.

2023-11-08 10:18:11 - [MESSAGE][INFO] - [SELF-HEALING] Failed Locator: '//div[@id='headerPanel']/ul[2]/li[2]/a'.

2023-11-08 10:18:11 - [MESSAGE][INFO] - [SELF-HEALING] Failed Locator: '//a[contains(text(),'about')]'.

2023-11-08 10:18:11 - [MESSAGE][INFO] - [SELF-HEALING] Failed Locator: '(//a[contains(@href, 'about.htm')])[2]'.

2023-11-08 10:18:11 - [MESSAGE][INFO] - [SELF-HEALING] Failed Locator: '//ul[2]/li[2]/a'.

2023-11-08 10:18:11 - [MESSAGE][INFO] - [SELF-HEALING] Failed Locator: '//a[@href = 'about.htm' and (text() = 'about' or . = 'about')]'.

2023-11-08 10:18:11 - [MESSAGE][INFO] - [SELF-HEALING] Failed Locator: '//div[@id='headerPanel']/ul[2]/li[2]/a'.

2023-11-08 10:18:11 - [MESSAGE][INFO] - [SELF-HEALING] Failed Locator: '//a[contains(text(),'about')]'.

2023-11-08 10:18:11 - [MESSAGE][INFO] - [SELF-HEALING] Failed Locator: '(//a[contains(@href, 'about.htm')])[2]'.

2023-11-08 10:18:11 - [MESSAGE][INFO] - [SELF-HEALING] Failed Locator: '//ul[2]/li[2]/a'.

2023-11-08 10:18:11 - [MESSAGE][INFO] - [SELF-HEALING] Failed Locator: '//a[@href = 'about.htm' and (text() = 'about' or . = 'about')]'.

2023-11-08 10:18:11 - [MESSAGE][INFO] - [SELF-HEALING] Failed Locator: '//div[@id='headerPanel']/ul[2]/li[2]/a'.

2023-11-08 10:18:11 - [MESSAGE][INFO] - [SELF-HEALING] Failed Locator: '//a[contains(text(),'about')]'.

2023-11-08 10:18:11 - [MESSAGE][INFO] - [SELF-HEALING] Failed Locator: '(//a[contains(@href, 'about.htm')])[2]'.

2023-11-08 10:18:11 - [MESSAGE][INFO] - [SELF-HEALING] Failed Locator: '//ul[2]/li[2]/a'.

2023-11-08 10:18:11 - [MESSAGE][INFO] - [SELF-HEALING] Failed Locator: '//a[@href = 'about.htm' and (text() = 'about' or . = 'about')]'.

2023-11-08 10:18:11 - [MESSAGE][INFO] - [SELF-HEALING] Failed Locator: '//div[@id='headerPanel']/ul[2]/li[2]/a'.

2023-11-08 10:18:11 - [MESSAGE][INFO] - [SELF-HEALING] Failed Locator: '//a[contains(text(),'about')]'.

2023-11-08 10:18:11 - [MESSAGE][INFO] - [SELF-HEALING] Failed Locator: '(//a[contains(@href, 'about.htm')])[2]'.

2023-11-08 10:18:11 - [MESSAGE][INFO] - [SELF-HEALING] Failed Locator: '//ul[2]/li[2]/a'.

2023-11-08 10:18:11 - [MESSAGE][INFO] - [SELF-HEALING] Failed Locator: '//a[@href = 'about.htm' and (text() = 'about' or . = 'about')]'.

2023-11-08 10:18:11 - [MESSAGE][INFO] - [SELF-HEALING] Failed Locator: '//div[@id='headerPanel']/ul[2]/li[2]/a'.

2023-11-08 10:18:11 - [MESSAGE][INFO] - [SELF-HEALING] Failed Locator: '//a[contains(text(),'about')]'.

2023-11-08 10:18:11 - [MESSAGE][INFO] - [SELF-HEALING] Failed Locator: '(//a[contains(@href, 'about.htm')])[2]'.

2023-11-08 10:18:11 - [MESSAGE][INFO] - [SELF-HEALING] Failed Locator: '//ul[2]/li[2]/a'.

2023-11-08 10:18:11 - [MESSAGE][INFO] - [SELF-HEALING] Failed Locator: '//a[@href = 'about.htm' and (text() = 'about' or . = 'about')]'.

2023-11-08 10:18:11 - [MESSAGE][INFO] - [SELF-HEALING] Failed Locator: '//div[@id='headerPanel']/ul[2]/li[2]/a'.

2023-11-08 10:18:11 - [MESSAGE][INFO] - [SELF-HEALING] Failed Locator: '//a[contains(text(),'about')]'.

2023-11-08 10:18:11 - [MESSAGE][INFO] - [SELF-HEALING] Failed Locator: '(//a[contains(@href, 'about.htm')])[2]'.

2023-11-08 10:18:11 - [MESSAGE][INFO] - [SELF-HEALING] Failed Locator: '//ul[2]/li[2]/a'.

2023-11-08 10:18:11 - [MESSAGE][INFO] - [SELF-HEALING] Failed Locator: '//a[@href = 'about.htm' and (text() = 'about' or . = 'about')]'.

2023-11-08 10:18:11 - [MESSAGE][INFO] - [SELF-HEALING] Failed Locator: '//div[@id='headerPanel']/ul[2]/li[2]/a'.

2023-11-08 10:18:11 - [MESSAGE][INFO] - [SELF-HEALING] Failed Locator: '//a[contains(text(),'about')]'.

2023-11-08 10:18:11 - [MESSAGE][INFO] - [SELF-HEALING] Failed Locator: '(//a[contains(@href, 'about.htm')])[2]'.

2023-11-08 10:18:12 - [MESSAGE][INFO] - [SELF-HEALING] Failed Locator: '//ul[2]/li[2]/a'.

2023-11-08 10:18:12 - [MESSAGE][INFO] - [SELF-HEALING] Failed Locator: '//a[@href = 'about.htm' and (text() = 'about' or . = 'about')]'.

2023-11-08 10:18:12 - [MESSAGE][INFO] - [SELF-HEALING] Failed Locator: '//div[@id='headerPanel']/ul[2]/li[2]/a'.

2023-11-08 10:18:12 - [MESSAGE][INFO] - [SELF-HEALING] Failed Locator: '//a[contains(text(),'about')]'.

2023-11-08 10:18:12 - [MESSAGE][INFO] - [SELF-HEALING] Failed Locator: '(//a[contains(@href, 'about.htm')])[2]'.

2023-11-08 10:18:12 - [MESSAGE][INFO] - [SELF-HEALING] Failed Locator: '//ul[2]/li[2]/a'.

2023-11-08 10:18:12 - [MESSAGE][INFO] - [SELF-HEALING] Failed Locator: '//a[@href = 'about.htm' and (text() = 'about' or . = 'about')]'.

2023-11-08 10:18:12 - [MESSAGE][INFO] - [SELF-HEALING] Failed Locator: '//div[@id='headerPanel']/ul[2]/li[2]/a'.

2023-11-08 10:18:12 - [MESSAGE][INFO] - [SELF-HEALING] Failed Locator: '//a[contains(text(),'about')]'.

2023-11-08 10:18:12 - [MESSAGE][INFO] - [SELF-HEALING] Failed Locator: '(//a[contains(@href, 'about.htm')])[2]'.

2023-11-08 10:18:12 - [MESSAGE][INFO] - [SELF-HEALING] Failed Locator: '//ul[2]/li[2]/a'.

2023-11-08 10:18:12 - [MESSAGE][INFO] - [SELF-HEALING] Failed Locator: '//a[@href = 'about.htm' and (text() = 'about' or . = 'about')]'.

2023-11-08 10:18:13 - [MESSAGE][INFO] - Unable to find the element located by 'By.xpath: //*[@href = 'about.htm' and (text() = 'about' or . = 'about')]'. Please recheck the objects properties to make sure the desired element is located. 

2023-11-08 10:18:14 - [MESSAGE][INFO] - Unable to find the element located by 'By.cssSelector: li.aboutus > a'. Please recheck the objects properties to make sure the desired element is located. 

2023-11-08 10:18:14 - [MESSAGE][FAILED] - Unable to click on object 'Object Repository/Page_ParaBank  Welcome  Online Banking/iconAbout' (Root cause: com.kms.katalon.core.exception.StepFailedException: Unable to click on object 'Object Repository/Page_ParaBank  Welcome  Online Banking/iconAbout'
	at com.kms.katalon.core.webui.keyword.internal.WebUIKeywordMain.stepFailed(WebUIKeywordMain.groovy:64)
	at com.kms.katalon.core.webui.keyword.internal.WebUIKeywordMain.runKeyword(WebUIKeywordMain.groovy:26)
	at com.kms.katalon.core.webui.keyword.builtin.ClickKeyword.click(ClickKeyword.groovy:74)
	at com.kms.katalon.core.webui.keyword.builtin.ClickKeyword.execute(ClickKeyword.groovy:40)
	at com.kms.katalon.core.keyword.internal.KeywordExecutor.executeKeywordForPlatform(KeywordExecutor.groovy:74)
	at com.kms.katalon.core.webui.keyword.WebUiBuiltInKeywords.click(WebUiBuiltInKeywords.groovy:620)
	at MTC014 - Verify About icon.run(MTC014 - Verify About icon:22)
	at com.kms.katalon.core.main.ScriptEngine.run(ScriptEngine.java:194)
	at com.kms.katalon.core.main.ScriptEngine.runScriptAsRawText(ScriptEngine.java:119)
	at com.kms.katalon.core.main.TestCaseExecutor.runScript(TestCaseExecutor.java:448)
	at com.kms.katalon.core.main.TestCaseExecutor.doExecute(TestCaseExecutor.java:439)
	at com.kms.katalon.core.main.TestCaseExecutor.processExecutionPhase(TestCaseExecutor.java:418)
	at com.kms.katalon.core.main.TestCaseExecutor.accessMainPhase(TestCaseExecutor.java:410)
	at com.kms.katalon.core.main.TestCaseExecutor.execute(TestCaseExecutor.java:285)
	at com.kms.katalon.core.common.CommonExecutor.accessTestCaseMainPhase(CommonExecutor.java:65)
	at com.kms.katalon.core.main.TestSuiteExecutor.accessTestSuiteMainPhase(TestSuiteExecutor.java:148)
	at com.kms.katalon.core.main.TestSuiteExecutor.execute(TestSuiteExecutor.java:106)
	at com.kms.katalon.core.main.TestCaseMain.startTestSuite(TestCaseMain.java:187)
	at TempTestSuite1699456150598.run(TempTestSuite1699456150598.groovy:36)
	at java.base/jdk.internal.reflect.NativeMethodAccessorImpl.invoke0(Native Method)
	at java.base/jdk.internal.reflect.NativeMethodAccessorImpl.invoke(NativeMethodAccessorImpl.java:77)
	at java.base/jdk.internal.reflect.DelegatingMethodAccessorImpl.invoke(DelegatingMethodAccessorImpl.java:43)
Caused by: com.kms.katalon.core.webui.exception.WebElementNotFoundException: Web element with id: 'Object Repository/Page_ParaBank  Welcome  Online Banking/iconAbout' located by '//div[@id='headerPanel']/ul[2]/li[2]/a' not found
	at com.kms.katalon.core.webui.common.WebUiCommonHelper.findWebElement(WebUiCommonHelper.java:1379)
	at com.kms.katalon.core.webui.keyword.internal.WebUIAbstractKeyword.findWebElement(WebUIAbstractKeyword.groovy:27)
	at com.kms.katalon.core.webui.keyword.builtin.ClickKeyword$_click_closure1.doCall(ClickKeyword.groovy:65)
	at com.kms.katalon.core.webui.keyword.builtin.ClickKeyword$_click_closure1.call(ClickKeyword.groovy)
	at com.kms.katalon.core.webui.keyword.internal.WebUIKeywordMain.runKeyword(WebUIKeywordMain.groovy:20)
	at com.kms.katalon.core.webui.keyword.builtin.ClickKeyword.click(ClickKeyword.groovy:74)
	at com.kms.katalon.core.webui.keyword.builtin.ClickKeyword.execute(ClickKeyword.groovy:40)
	at com.kms.katalon.core.keyword.internal.KeywordExecutor.executeKeywordForPlatform(KeywordExecutor.groovy:74)
	at com.kms.katalon.core.webui.keyword.WebUiBuiltInKeywords.click(WebUiBuiltInKeywords.groovy:620)
	at Script1699016338318.run(Script1699016338318.groovy:22)
	... 15 more
)
[[ATTACHMENT|C:\\Users\\GKOKABAYEVA\\Katalon Studio\\Parabank\\Reports\\20231108_100910\\Smoke Test Suites\\STS003 - Main page links verification\\20231108_100910\\1699456694258.png]]

2023-11-08 10:18:14 - [TEST_STEP][FAILED] - navigateToUrl(ABOUT_US_URL): Unable to navigate to 'null' (Root cause: com.kms.katalon.core.exception.StepFailedException: Unable to navigate to 'null'
	at com.kms.katalon.core.webui.keyword.internal.WebUIKeywordMain.stepFailed(WebUIKeywordMain.groovy:64)
	at com.kms.katalon.core.webui.keyword.internal.WebUIKeywordMain.runKeyword(WebUIKeywordMain.groovy:26)
	at com.kms.katalon.core.webui.keyword.builtin.NavigateToUrlKeyword.navigateToUrl(NavigateToUrlKeyword.groovy:83)
	at com.kms.katalon.core.webui.keyword.builtin.NavigateToUrlKeyword.execute(NavigateToUrlKeyword.groovy:67)
	at com.kms.katalon.core.keyword.internal.KeywordExecutor.executeKeywordForPlatform(KeywordExecutor.groovy:74)
	at com.kms.katalon.core.webui.keyword.WebUiBuiltInKeywords.navigateToUrl(WebUiBuiltInKeywords.groovy:187)
	at MTC014 - Verify About icon.run(MTC014 - Verify About icon:24)
	at com.kms.katalon.core.main.ScriptEngine.run(ScriptEngine.java:194)
	at com.kms.katalon.core.main.ScriptEngine.runScriptAsRawText(ScriptEngine.java:119)
	at com.kms.katalon.core.main.TestCaseExecutor.runScript(TestCaseExecutor.java:448)
	at com.kms.katalon.core.main.TestCaseExecutor.doExecute(TestCaseExecutor.java:439)
	at com.kms.katalon.core.main.TestCaseExecutor.processExecutionPhase(TestCaseExecutor.java:418)
	at com.kms.katalon.core.main.TestCaseExecutor.accessMainPhase(TestCaseExecutor.java:410)
	at com.kms.katalon.core.main.TestCaseExecutor.execute(TestCaseExecutor.java:285)
	at com.kms.katalon.core.common.CommonExecutor.accessTestCaseMainPhase(CommonExecutor.java:65)
	at com.kms.katalon.core.main.TestSuiteExecutor.accessTestSuiteMainPhase(TestSuiteExecutor.java:148)
	at com.kms.katalon.core.main.TestSuiteExecutor.execute(TestSuiteExecutor.java:106)
	at com.kms.katalon.core.main.TestCaseMain.startTestSuite(TestCaseMain.java:187)
	at TempTestSuite1699456150598.run(TempTestSuite1699456150598.groovy:36)
	at java.base/jdk.internal.reflect.NativeMethodAccessorImpl.invoke0(Native Method)
	at java.base/jdk.internal.reflect.NativeMethodAccessorImpl.invoke(NativeMethodAccessorImpl.java:77)
	at java.base/jdk.internal.reflect.DelegatingMethodAccessorImpl.invoke(DelegatingMethodAccessorImpl.java:43)
Caused by: java.lang.IllegalArgumentException: Url cannot be null or empty
	at com.kms.katalon.core.webui.keyword.builtin.NavigateToUrlKeyword$_navigateToUrl_closure1.doCall(NavigateToUrlKeyword.groovy:75)
	at com.kms.katalon.core.webui.keyword.builtin.NavigateToUrlKeyword$_navigateToUrl_closure1.call(NavigateToUrlKeyword.groovy)
	at com.kms.katalon.core.webui.keyword.internal.WebUIKeywordMain.runKeyword(WebUIKeywordMain.groovy:20)
	at com.kms.katalon.core.webui.keyword.builtin.NavigateToUrlKeyword.navigateToUrl(NavigateToUrlKeyword.groovy:83)
	at com.kms.katalon.core.webui.keyword.builtin.NavigateToUrlKeyword.execute(NavigateToUrlKeyword.groovy:67)
	at com.kms.katalon.core.keyword.internal.KeywordExecutor.executeKeywordForPlatform(KeywordExecutor.groovy:74)
	at com.kms.katalon.core.webui.keyword.WebUiBuiltInKeywords.navigateToUrl(WebUiBuiltInKeywords.groovy:187)
	at Script1699016338318.run(Script1699016338318.groovy:24)
	... 15 more
)

2023-11-08 10:18:14 - [MESSAGE][FAILED] - Unable to navigate to 'null' (Root cause: com.kms.katalon.core.exception.StepFailedException: Unable to navigate to 'null'
	at com.kms.katalon.core.webui.keyword.internal.WebUIKeywordMain.stepFailed(WebUIKeywordMain.groovy:64)
	at com.kms.katalon.core.webui.keyword.internal.WebUIKeywordMain.runKeyword(WebUIKeywordMain.groovy:26)
	at com.kms.katalon.core.webui.keyword.builtin.NavigateToUrlKeyword.navigateToUrl(NavigateToUrlKeyword.groovy:83)
	at com.kms.katalon.core.webui.keyword.builtin.NavigateToUrlKeyword.execute(NavigateToUrlKeyword.groovy:67)
	at com.kms.katalon.core.keyword.internal.KeywordExecutor.executeKeywordForPlatform(KeywordExecutor.groovy:74)
	at com.kms.katalon.core.webui.keyword.WebUiBuiltInKeywords.navigateToUrl(WebUiBuiltInKeywords.groovy:187)
	at MTC014 - Verify About icon.run(MTC014 - Verify About icon:24)
	at com.kms.katalon.core.main.ScriptEngine.run(ScriptEngine.java:194)
	at com.kms.katalon.core.main.ScriptEngine.runScriptAsRawText(ScriptEngine.java:119)
	at com.kms.katalon.core.main.TestCaseExecutor.runScript(TestCaseExecutor.java:448)
	at com.kms.katalon.core.main.TestCaseExecutor.doExecute(TestCaseExecutor.java:439)
	at com.kms.katalon.core.main.TestCaseExecutor.processExecutionPhase(TestCaseExecutor.java:418)
	at com.kms.katalon.core.main.TestCaseExecutor.accessMainPhase(TestCaseExecutor.java:410)
	at com.kms.katalon.core.main.TestCaseExecutor.execute(TestCaseExecutor.java:285)
	at com.kms.katalon.core.common.CommonExecutor.accessTestCaseMainPhase(CommonExecutor.java:65)
	at com.kms.katalon.core.main.TestSuiteExecutor.accessTestSuiteMainPhase(TestSuiteExecutor.java:148)
	at com.kms.katalon.core.main.TestSuiteExecutor.execute(TestSuiteExecutor.java:106)
	at com.kms.katalon.core.main.TestCaseMain.startTestSuite(TestCaseMain.java:187)
	at TempTestSuite1699456150598.run(TempTestSuite1699456150598.groovy:36)
	at java.base/jdk.internal.reflect.NativeMethodAccessorImpl.invoke0(Native Method)
	at java.base/jdk.internal.reflect.NativeMethodAccessorImpl.invoke(NativeMethodAccessorImpl.java:77)
	at java.base/jdk.internal.reflect.DelegatingMethodAccessorImpl.invoke(DelegatingMethodAccessorImpl.java:43)
Caused by: java.lang.IllegalArgumentException: Url cannot be null or empty
	at com.kms.katalon.core.webui.keyword.builtin.NavigateToUrlKeyword$_navigateToUrl_closure1.doCall(NavigateToUrlKeyword.groovy:75)
	at com.kms.katalon.core.webui.keyword.builtin.NavigateToUrlKeyword$_navigateToUrl_closure1.call(NavigateToUrlKeyword.groovy)
	at com.kms.katalon.core.webui.keyword.internal.WebUIKeywordMain.runKeyword(WebUIKeywordMain.groovy:20)
	at com.kms.katalon.core.webui.keyword.builtin.NavigateToUrlKeyword.navigateToUrl(NavigateToUrlKeyword.groovy:83)
	at com.kms.katalon.core.webui.keyword.builtin.NavigateToUrlKeyword.execute(NavigateToUrlKeyword.groovy:67)
	at com.kms.katalon.core.keyword.internal.KeywordExecutor.executeKeywordForPlatform(KeywordExecutor.groovy:74)
	at com.kms.katalon.core.webui.keyword.WebUiBuiltInKeywords.navigateToUrl(WebUiBuiltInKeywords.groovy:187)
	at Script1699016338318.run(Script1699016338318.groovy:24)
	... 15 more
)
[[ATTACHMENT|C:\\Users\\GKOKABAYEVA\\Katalon Studio\\Parabank\\Reports\\20231108_100910\\Smoke Test Suites\\STS003 - Main page links verification\\20231108_100910\\1699456694331.png]]

2023-11-08 10:18:14 - [TEST_STEP][FAILED] - verifyElementText(findTestObject("Object Repository/Page_ParaBank  About Us/h1ParaSoftDemoWebsite"), expectedParaSoftDemoWebsiteHeader): com.kms.katalon.core.webui.exception.WebElementNotFoundException: Web element with id: 'Object Repository/Page_ParaBank  About Us/h1ParaSoftDemoWebsite' located by '//div[@id='rightPanel']/h1' not found (Root cause: com.kms.katalon.core.exception.StepFailedException: com.kms.katalon.core.webui.exception.WebElementNotFoundException: Web element with id: 'Object Repository/Page_ParaBank  About Us/h1ParaSoftDemoWebsite' located by '//div[@id='rightPanel']/h1' not found
	at com.kms.katalon.core.webui.keyword.internal.WebUIKeywordMain.stepFailed(WebUIKeywordMain.groovy:64)
	at com.kms.katalon.core.webui.keyword.builtin.VerifyElementTextKeyword$_verifyElementText_closure1.doCall(VerifyElementTextKeyword.groovy:64)
	at com.kms.katalon.core.webui.keyword.builtin.VerifyElementTextKeyword$_verifyElementText_closure1.call(VerifyElementTextKeyword.groovy)
	at com.kms.katalon.core.webui.keyword.internal.WebUIKeywordMain.runKeyword(WebUIKeywordMain.groovy:20)
	at com.kms.katalon.core.webui.keyword.builtin.VerifyElementTextKeyword.verifyElementText(VerifyElementTextKeyword.groovy:72)
	at com.kms.katalon.core.webui.keyword.builtin.VerifyElementTextKeyword.execute(VerifyElementTextKeyword.groovy:40)
	at com.kms.katalon.core.keyword.internal.KeywordExecutor.executeKeywordForPlatform(KeywordExecutor.groovy:74)
	at com.kms.katalon.core.webui.keyword.WebUiBuiltInKeywords.verifyElementText(WebUiBuiltInKeywords.groovy:4796)
	at MTC014 - Verify About icon.run(MTC014 - Verify About icon:26)
	at com.kms.katalon.core.main.ScriptEngine.run(ScriptEngine.java:194)
	at com.kms.katalon.core.main.ScriptEngine.runScriptAsRawText(ScriptEngine.java:119)
	at com.kms.katalon.core.main.TestCaseExecutor.runScript(TestCaseExecutor.java:448)
	at com.kms.katalon.core.main.TestCaseExecutor.doExecute(TestCaseExecutor.java:439)
	at com.kms.katalon.core.main.TestCaseExecutor.processExecutionPhase(TestCaseExecutor.java:418)
	at com.kms.katalon.core.main.TestCaseExecutor.accessMainPhase(TestCaseExecutor.java:410)
	at com.kms.katalon.core.main.TestCaseExecutor.execute(TestCaseExecutor.java:285)
	at com.kms.katalon.core.common.CommonExecutor.accessTestCaseMainPhase(CommonExecutor.java:65)
	at com.kms.katalon.core.main.TestSuiteExecutor.accessTestSuiteMainPhase(TestSuiteExecutor.java:148)
	at com.kms.katalon.core.main.TestSuiteExecutor.execute(TestSuiteExecutor.java:106)
	at com.kms.katalon.core.main.TestCaseMain.startTestSuite(TestCaseMain.java:187)
	at TempTestSuite1699456150598.run(TempTestSuite1699456150598.groovy:36)
	at java.base/jdk.internal.reflect.NativeMethodAccessorImpl.invoke0(Native Method)
	at java.base/jdk.internal.reflect.NativeMethodAccessorImpl.invoke(NativeMethodAccessorImpl.java:77)
	at java.base/jdk.internal.reflect.DelegatingMethodAccessorImpl.invoke(DelegatingMethodAccessorImpl.java:43)
)

2023-11-08 10:18:45 - [MESSAGE][INFO] - Unable to find the element located by 'By.xpath: //div[@id='rightPanel']/h1'. Please recheck the objects properties to make sure the desired element is located. 

2023-11-08 10:18:45 - [MESSAGE][WARNING] - [SELF-HEALING] Failed to find element with id 'Object Repository/Page_ParaBank  About Us/h1ParaSoftDemoWebsite'. Try using Self-healing.

2023-11-08 10:18:45 - [MESSAGE][INFO] - [SELF-HEALING] Failed Locator: '//div[@id='rightPanel']/h1'.

2023-11-08 10:18:45 - [MESSAGE][INFO] - [SELF-HEALING] Failed Locator: '//h1'.

2023-11-08 10:18:45 - [MESSAGE][INFO] - [SELF-HEALING] Failed Locator: '//h1[(text() = 'ParaSoft Demo Website' or . = 'ParaSoft Demo Website')]'.

2023-11-08 10:18:45 - [MESSAGE][INFO] - [SELF-HEALING] Failed Locator: '//div[@id='rightPanel']/h1'.

2023-11-08 10:18:45 - [MESSAGE][INFO] - [SELF-HEALING] Failed Locator: '//h1'.

2023-11-08 10:18:45 - [MESSAGE][INFO] - [SELF-HEALING] Failed Locator: '//h1[(text() = 'ParaSoft Demo Website' or . = 'ParaSoft Demo Website')]'.

2023-11-08 10:18:45 - [MESSAGE][INFO] - [SELF-HEALING] Failed Locator: '//div[@id='rightPanel']/h1'.

2023-11-08 10:18:45 - [MESSAGE][INFO] - [SELF-HEALING] Failed Locator: '//h1'.

2023-11-08 10:18:45 - [MESSAGE][INFO] - [SELF-HEALING] Failed Locator: '//h1[(text() = 'ParaSoft Demo Website' or . = 'ParaSoft Demo Website')]'.

2023-11-08 10:18:45 - [MESSAGE][INFO] - [SELF-HEALING] Failed Locator: '//div[@id='rightPanel']/h1'.

2023-11-08 10:18:45 - [MESSAGE][INFO] - [SELF-HEALING] Failed Locator: '//h1'.

2023-11-08 10:18:45 - [MESSAGE][INFO] - [SELF-HEALING] Failed Locator: '//h1[(text() = 'ParaSoft Demo Website' or . = 'ParaSoft Demo Website')]'.

2023-11-08 10:18:45 - [MESSAGE][INFO] - [SELF-HEALING] Failed Locator: '//div[@id='rightPanel']/h1'.

2023-11-08 10:18:45 - [MESSAGE][INFO] - [SELF-HEALING] Failed Locator: '//h1'.

2023-11-08 10:18:45 - [MESSAGE][INFO] - [SELF-HEALING] Failed Locator: '//h1[(text() = 'ParaSoft Demo Website' or . = 'ParaSoft Demo Website')]'.

2023-11-08 10:18:45 - [MESSAGE][INFO] - [SELF-HEALING] Failed Locator: '//div[@id='rightPanel']/h1'.

2023-11-08 10:18:45 - [MESSAGE][INFO] - [SELF-HEALING] Failed Locator: '//h1'.

2023-11-08 10:18:45 - [MESSAGE][INFO] - [SELF-HEALING] Failed Locator: '//h1[(text() = 'ParaSoft Demo Website' or . = 'ParaSoft Demo Website')]'.

2023-11-08 10:18:45 - [MESSAGE][INFO] - [SELF-HEALING] Failed Locator: '//div[@id='rightPanel']/h1'.

2023-11-08 10:18:45 - [MESSAGE][INFO] - [SELF-HEALING] Failed Locator: '//h1'.

2023-11-08 10:18:45 - [MESSAGE][INFO] - [SELF-HEALING] Failed Locator: '//h1[(text() = 'ParaSoft Demo Website' or . = 'ParaSoft Demo Website')]'.

2023-11-08 10:18:45 - [MESSAGE][INFO] - [SELF-HEALING] Failed Locator: '//div[@id='rightPanel']/h1'.

2023-11-08 10:18:45 - [MESSAGE][INFO] - [SELF-HEALING] Failed Locator: '//h1'.

2023-11-08 10:18:45 - [MESSAGE][INFO] - [SELF-HEALING] Failed Locator: '//h1[(text() = 'ParaSoft Demo Website' or . = 'ParaSoft Demo Website')]'.

2023-11-08 10:18:45 - [MESSAGE][INFO] - [SELF-HEALING] Failed Locator: '//div[@id='rightPanel']/h1'.

2023-11-08 10:18:46 - [MESSAGE][INFO] - [SELF-HEALING] Failed Locator: '//h1'.

2023-11-08 10:18:46 - [MESSAGE][INFO] - [SELF-HEALING] Failed Locator: '//h1[(text() = 'ParaSoft Demo Website' or . = 'ParaSoft Demo Website')]'.

2023-11-08 10:18:46 - [MESSAGE][INFO] - [SELF-HEALING] Failed Locator: '//div[@id='rightPanel']/h1'.

2023-11-08 10:18:46 - [MESSAGE][INFO] - [SELF-HEALING] Failed Locator: '//h1'.

2023-11-08 10:18:46 - [MESSAGE][INFO] - [SELF-HEALING] Failed Locator: '//h1[(text() = 'ParaSoft Demo Website' or . = 'ParaSoft Demo Website')]'.

2023-11-08 10:18:46 - [MESSAGE][INFO] - [SELF-HEALING] Failed Locator: '//div[@id='rightPanel']/h1'.

2023-11-08 10:18:46 - [MESSAGE][INFO] - [SELF-HEALING] Failed Locator: '//h1'.

2023-11-08 10:18:46 - [MESSAGE][INFO] - [SELF-HEALING] Failed Locator: '//h1[(text() = 'ParaSoft Demo Website' or . = 'ParaSoft Demo Website')]'.

2023-11-08 10:18:46 - [MESSAGE][INFO] - [SELF-HEALING] Failed Locator: '//div[@id='rightPanel']/h1'.

2023-11-08 10:18:46 - [MESSAGE][INFO] - [SELF-HEALING] Failed Locator: '//h1'.

2023-11-08 10:18:46 - [MESSAGE][INFO] - [SELF-HEALING] Failed Locator: '//h1[(text() = 'ParaSoft Demo Website' or . = 'ParaSoft Demo Website')]'.

2023-11-08 10:18:46 - [MESSAGE][INFO] - [SELF-HEALING] Failed Locator: '//div[@id='rightPanel']/h1'.

2023-11-08 10:18:46 - [MESSAGE][INFO] - [SELF-HEALING] Failed Locator: '//h1'.

2023-11-08 10:18:46 - [MESSAGE][INFO] - [SELF-HEALING] Failed Locator: '//h1[(text() = 'ParaSoft Demo Website' or . = 'ParaSoft Demo Website')]'.

2023-11-08 10:18:46 - [MESSAGE][INFO] - [SELF-HEALING] Failed Locator: '//div[@id='rightPanel']/h1'.

2023-11-08 10:18:46 - [MESSAGE][INFO] - [SELF-HEALING] Failed Locator: '//h1'.

2023-11-08 10:18:46 - [MESSAGE][INFO] - [SELF-HEALING] Failed Locator: '//h1[(text() = 'ParaSoft Demo Website' or . = 'ParaSoft Demo Website')]'.

2023-11-08 10:18:46 - [MESSAGE][INFO] - [SELF-HEALING] Failed Locator: '//div[@id='rightPanel']/h1'.

2023-11-08 10:18:46 - [MESSAGE][INFO] - [SELF-HEALING] Failed Locator: '//h1'.

2023-11-08 10:18:46 - [MESSAGE][INFO] - [SELF-HEALING] Failed Locator: '//h1[(text() = 'ParaSoft Demo Website' or . = 'ParaSoft Demo Website')]'.

2023-11-08 10:18:46 - [MESSAGE][INFO] - [SELF-HEALING] Failed Locator: '//div[@id='rightPanel']/h1'.

2023-11-08 10:18:46 - [MESSAGE][INFO] - [SELF-HEALING] Failed Locator: '//h1'.

2023-11-08 10:18:46 - [MESSAGE][INFO] - [SELF-HEALING] Failed Locator: '//h1[(text() = 'ParaSoft Demo Website' or . = 'ParaSoft Demo Website')]'.

2023-11-08 10:18:47 - [MESSAGE][INFO] - Unable to find the element located by 'By.xpath: //*[(text() = 'ParaSoft Demo Website' or . = 'ParaSoft Demo Website')]'. Please recheck the objects properties to make sure the desired element is located. 

2023-11-08 10:18:48 - [MESSAGE][INFO] - Unable to find the element located by 'By.cssSelector: h1.title'. Please recheck the objects properties to make sure the desired element is located. 

2023-11-08 10:18:48 - [MESSAGE][FAILED] - com.kms.katalon.core.webui.exception.WebElementNotFoundException: Web element with id: 'Object Repository/Page_ParaBank  About Us/h1ParaSoftDemoWebsite' located by '//div[@id='rightPanel']/h1' not found (Root cause: com.kms.katalon.core.exception.StepFailedException: com.kms.katalon.core.webui.exception.WebElementNotFoundException: Web element with id: 'Object Repository/Page_ParaBank  About Us/h1ParaSoftDemoWebsite' located by '//div[@id='rightPanel']/h1' not found
	at com.kms.katalon.core.webui.keyword.internal.WebUIKeywordMain.stepFailed(WebUIKeywordMain.groovy:64)
	at com.kms.katalon.core.webui.keyword.builtin.VerifyElementTextKeyword$_verifyElementText_closure1.doCall(VerifyElementTextKeyword.groovy:64)
	at com.kms.katalon.core.webui.keyword.builtin.VerifyElementTextKeyword$_verifyElementText_closure1.call(VerifyElementTextKeyword.groovy)
	at com.kms.katalon.core.webui.keyword.internal.WebUIKeywordMain.runKeyword(WebUIKeywordMain.groovy:20)
	at com.kms.katalon.core.webui.keyword.builtin.VerifyElementTextKeyword.verifyElementText(VerifyElementTextKeyword.groovy:72)
	at com.kms.katalon.core.webui.keyword.builtin.VerifyElementTextKeyword.execute(VerifyElementTextKeyword.groovy:40)
	at com.kms.katalon.core.keyword.internal.KeywordExecutor.executeKeywordForPlatform(KeywordExecutor.groovy:74)
	at com.kms.katalon.core.webui.keyword.WebUiBuiltInKeywords.verifyElementText(WebUiBuiltInKeywords.groovy:4796)
	at MTC014 - Verify About icon.run(MTC014 - Verify About icon:26)
	at com.kms.katalon.core.main.ScriptEngine.run(ScriptEngine.java:194)
	at com.kms.katalon.core.main.ScriptEngine.runScriptAsRawText(ScriptEngine.java:119)
	at com.kms.katalon.core.main.TestCaseExecutor.runScript(TestCaseExecutor.java:448)
	at com.kms.katalon.core.main.TestCaseExecutor.doExecute(TestCaseExecutor.java:439)
	at com.kms.katalon.core.main.TestCaseExecutor.processExecutionPhase(TestCaseExecutor.java:418)
	at com.kms.katalon.core.main.TestCaseExecutor.accessMainPhase(TestCaseExecutor.java:410)
	at com.kms.katalon.core.main.TestCaseExecutor.execute(TestCaseExecutor.java:285)
	at com.kms.katalon.core.common.CommonExecutor.accessTestCaseMainPhase(CommonExecutor.java:65)
	at com.kms.katalon.core.main.TestSuiteExecutor.accessTestSuiteMainPhase(TestSuiteExecutor.java:148)
	at com.kms.katalon.core.main.TestSuiteExecutor.execute(TestSuiteExecutor.java:106)
	at com.kms.katalon.core.main.TestCaseMain.startTestSuite(TestCaseMain.java:187)
	at TempTestSuite1699456150598.run(TempTestSuite1699456150598.groovy:36)
	at java.base/jdk.internal.reflect.NativeMethodAccessorImpl.invoke0(Native Method)
	at java.base/jdk.internal.reflect.NativeMethodAccessorImpl.invoke(NativeMethodAccessorImpl.java:77)
	at java.base/jdk.internal.reflect.DelegatingMethodAccessorImpl.invoke(DelegatingMethodAccessorImpl.java:43)
)
[[ATTACHMENT|C:\\Users\\GKOKABAYEVA\\Katalon Studio\\Parabank\\Reports\\20231108_100910\\Smoke Test Suites\\STS003 - Main page links verification\\20231108_100910\\1699456728528.png]]

2023-11-08 10:18:48 - [TEST_STEP][PASSED] - closeBrowser(): Browser is closed

2023-11-08 10:18:48 - [MESSAGE][PASSED] - Browser is closed]]></system-out>
         <system-err><![CDATA[2023-11-08 10:17:37 - [TEST_CASE][FAILED] - Test Cases/Main Test Cases/MTC014 - Verify About icon: Test Cases/Main Test Cases/MTC014 - Verify About icon FAILED.
Reason:
com.kms.katalon.core.exception.StepFailedException: Unable to click on object 'Object Repository/Page_ParaBank  Welcome  Online Banking/iconAbout' (Root cause: com.kms.katalon.core.exception.StepFailedException: Unable to click on object 'Object Repository/Page_ParaBank  Welcome  Online Banking/iconAbout'
	at com.kms.katalon.core.webui.keyword.internal.WebUIKeywordMain.stepFailed(WebUIKeywordMain.groovy:64)
	at com.kms.katalon.core.webui.keyword.internal.WebUIKeywordMain.runKeyword(WebUIKeywordMain.groovy:26)
	at com.kms.katalon.core.webui.keyword.builtin.ClickKeyword.click(ClickKeyword.groovy:74)
	at com.kms.katalon.core.webui.keyword.builtin.ClickKeyword.execute(ClickKeyword.groovy:40)
	at com.kms.katalon.core.keyword.internal.KeywordExecutor.executeKeywordForPlatform(KeywordExecutor.groovy:74)
	at com.kms.katalon.core.webui.keyword.WebUiBuiltInKeywords.click(WebUiBuiltInKeywords.groovy:620)
	at MTC014 - Verify About icon.run(MTC014 - Verify About icon:22)
	at com.kms.katalon.core.main.ScriptEngine.run(ScriptEngine.java:194)
	at com.kms.katalon.core.main.ScriptEngine.runScriptAsRawText(ScriptEngine.java:119)
	at com.kms.katalon.core.main.TestCaseExecutor.runScript(TestCaseExecutor.java:448)
	at com.kms.katalon.core.main.TestCaseExecutor.doExecute(TestCaseExecutor.java:439)
	at com.kms.katalon.core.main.TestCaseExecutor.processExecutionPhase(TestCaseExecutor.java:418)
	at com.kms.katalon.core.main.TestCaseExecutor.accessMainPhase(TestCaseExecutor.java:410)
	at com.kms.katalon.core.main.TestCaseExecutor.execute(TestCaseExecutor.java:285)
	at com.kms.katalon.core.common.CommonExecutor.accessTestCaseMainPhase(CommonExecutor.java:65)
	at com.kms.katalon.core.main.TestSuiteExecutor.accessTestSuiteMainPhase(TestSuiteExecutor.java:148)
	at com.kms.katalon.core.main.TestSuiteExecutor.execute(TestSuiteExecutor.java:106)
	at com.kms.katalon.core.main.TestCaseMain.startTestSuite(TestCaseMain.java:187)
	at TempTestSuite1699456150598.run(TempTestSuite1699456150598.groovy:36)
	at java.base/jdk.internal.reflect.NativeMethodAccessorImpl.invoke0(Native Method)
	at java.base/jdk.internal.reflect.NativeMethodAccessorImpl.invoke(NativeMethodAccessorImpl.java:77)
	at java.base/jdk.internal.reflect.DelegatingMethodAccessorImpl.invoke(DelegatingMethodAccessorImpl.java:43)
Caused by: com.kms.katalon.core.webui.exception.WebElementNotFoundException: Web element with id: 'Object Repository/Page_ParaBank  Welcome  Online Banking/iconAbout' located by '//div[@id='headerPanel']/ul[2]/li[2]/a' not found
	at com.kms.katalon.core.webui.common.WebUiCommonHelper.findWebElement(WebUiCommonHelper.java:1379)
	at com.kms.katalon.core.webui.keyword.internal.WebUIAbstractKeyword.findWebElement(WebUIAbstractKeyword.groovy:27)
	at com.kms.katalon.core.webui.keyword.builtin.ClickKeyword$_click_closure1.doCall(ClickKeyword.groovy:65)
	at com.kms.katalon.core.webui.keyword.builtin.ClickKeyword$_click_closure1.call(ClickKeyword.groovy)
	at com.kms.katalon.core.webui.keyword.internal.WebUIKeywordMain.runKeyword(WebUIKeywordMain.groovy:20)
	at com.kms.katalon.core.webui.keyword.builtin.ClickKeyword.click(ClickKeyword.groovy:74)
	at com.kms.katalon.core.webui.keyword.builtin.ClickKeyword.execute(ClickKeyword.groovy:40)
	at com.kms.katalon.core.keyword.internal.KeywordExecutor.executeKeywordForPlatform(KeywordExecutor.groovy:74)
	at com.kms.katalon.core.webui.keyword.WebUiBuiltInKeywords.click(WebUiBuiltInKeywords.groovy:620)
	at Script1699016338318.run(Script1699016338318.groovy:22)
	... 15 more
)
	at com.kms.katalon.core.keyword.internal.KeywordMain.stepFailed(KeywordMain.groovy:39)
	at com.kms.katalon.core.webui.keyword.internal.WebUIKeywordMain.stepFailed(WebUIKeywordMain.groovy:64)
	at com.kms.katalon.core.webui.keyword.internal.WebUIKeywordMain.runKeyword(WebUIKeywordMain.groovy:26)
	at com.kms.katalon.core.webui.keyword.builtin.ClickKeyword.click(ClickKeyword.groovy:74)
	at com.kms.katalon.core.webui.keyword.builtin.ClickKeyword.execute(ClickKeyword.groovy:40)
	at com.kms.katalon.core.keyword.internal.KeywordExecutor.executeKeywordForPlatform(KeywordExecutor.groovy:74)
	at com.kms.katalon.core.webui.keyword.WebUiBuiltInKeywords.click(WebUiBuiltInKeywords.groovy:620)
	at MTC014 - Verify About icon.run(MTC014 - Verify About icon:22)
	at com.kms.katalon.core.main.ScriptEngine.run(ScriptEngine.java:194)
	at com.kms.katalon.core.main.ScriptEngine.runScriptAsRawText(ScriptEngine.java:119)
	at com.kms.katalon.core.main.TestCaseExecutor.runScript(TestCaseExecutor.java:448)
	at com.kms.katalon.core.main.TestCaseExecutor.doExecute(TestCaseExecutor.java:439)
	at com.kms.katalon.core.main.TestCaseExecutor.processExecutionPhase(TestCaseExecutor.java:418)
	at com.kms.katalon.core.main.TestCaseExecutor.accessMainPhase(TestCaseExecutor.java:410)
	at com.kms.katalon.core.main.TestCaseExecutor.execute(TestCaseExecutor.java:285)
	at com.kms.katalon.core.common.CommonExecutor.accessTestCaseMainPhase(CommonExecutor.java:65)
	at com.kms.katalon.core.main.TestSuiteExecutor.accessTestSuiteMainPhase(TestSuiteExecutor.java:148)
	at com.kms.katalon.core.main.TestSuiteExecutor.execute(TestSuiteExecutor.java:106)
	at com.kms.katalon.core.main.TestCaseMain.startTestSuite(TestCaseMain.java:187)
	at TempTestSuite1699456150598.run(TempTestSuite1699456150598.groovy:36)
	at java.base/jdk.internal.reflect.NativeMethodAccessorImpl.invoke0(Native Method)
	at java.base/jdk.internal.reflect.NativeMethodAccessorImpl.invoke(NativeMethodAccessorImpl.java:77)
	at java.base/jdk.internal.reflect.DelegatingMethodAccessorImpl.invoke(DelegatingMethodAccessorImpl.java:43)
Caused by: com.kms.katalon.core.exception.StepFailedException: Unable to click on object 'Object Repository/Page_ParaBank  Welcome  Online Banking/iconAbout'
	... 22 more
Caused by: com.kms.katalon.core.webui.exception.WebElementNotFoundException: Web element with id: 'Object Repository/Page_ParaBank  Welcome  Online Banking/iconAbout' located by '//div[@id='headerPanel']/ul[2]/li[2]/a' not found
	at com.kms.katalon.core.webui.common.WebUiCommonHelper.findWebElement(WebUiCommonHelper.java:1379)
	at com.kms.katalon.core.webui.keyword.internal.WebUIAbstractKeyword.findWebElement(WebUIAbstractKeyword.groovy:27)
	at com.kms.katalon.core.webui.keyword.builtin.ClickKeyword$_click_closure1.doCall(ClickKeyword.groovy:65)
	at com.kms.katalon.core.webui.keyword.builtin.ClickKeyword$_click_closure1.call(ClickKeyword.groovy)
	at com.kms.katalon.core.webui.keyword.internal.WebUIKeywordMain.runKeyword(WebUIKeywordMain.groovy:20)
	... 20 more]]></system-err>
      </testcase>
      <testcase name="Test Cases/Main Test Cases/MTC015 - Verify Contact icon" time="102.189" classname="Test Cases/Main Test Cases/MTC015 - Verify Contact icon" status="FAILED">
         <failure type="FAILED" message="Test Cases/Main Test Cases/MTC015 - Verify Contact icon FAILED.&#xa;Reason:&#xa;com.kms.katalon.core.exception.StepFailedException: Unable to click on object 'Object Repository/Page_ParaBank  Welcome  Online Banking/iconContact' (Root cause: com.kms.katalon.core.exception.StepFailedException: Unable to click on object 'Object Repository/Page_ParaBank  Welcome  Online Banking/iconContact'&#xa;	at com.kms.katalon.core.webui.keyword.internal.WebUIKeywordMain.stepFailed(WebUIKeywordMain.groovy:64)&#xa;	at com.kms.katalon.core.webui.keyword.internal.WebUIKeywordMain.runKeyword(WebUIKeywordMain.groovy:26)&#xa;	at com.kms.katalon.core.webui.keyword.builtin.ClickKeyword.click(ClickKeyword.groovy:74)&#xa;	at com.kms.katalon.core.webui.keyword.builtin.ClickKeyword.execute(ClickKeyword.groovy:40)&#xa;	at com.kms.katalon.core.keyword.internal.KeywordExecutor.executeKeywordForPlatform(KeywordExecutor.groovy:74)&#xa;	at com.kms.katalon.core.webui.keyword.WebUiBuiltInKeywords.click(WebUiBuiltInKeywords.groovy:620)&#xa;	at MTC015 - Verify Contact icon.run(MTC015 - Verify Contact icon:22)&#xa;	at com.kms.katalon.core.main.ScriptEngine.run(ScriptEngine.java:194)&#xa;	at com.kms.katalon.core.main.ScriptEngine.runScriptAsRawText(ScriptEngine.java:119)&#xa;	at com.kms.katalon.core.main.TestCaseExecutor.runScript(TestCaseExecutor.java:448)&#xa;	at com.kms.katalon.core.main.TestCaseExecutor.doExecute(TestCaseExecutor.java:439)&#xa;	at com.kms.katalon.core.main.TestCaseExecutor.processExecutionPhase(TestCaseExecutor.java:418)&#xa;	at com.kms.katalon.core.main.TestCaseExecutor.accessMainPhase(TestCaseExecutor.java:410)&#xa;	at com.kms.katalon.core.main.TestCaseExecutor.execute(TestCaseExecutor.java:285)&#xa;	at com.kms.katalon.core.common.CommonExecutor.accessTestCaseMainPhase(CommonExecutor.java:65)&#xa;	at com.kms.katalon.core.main.TestSuiteExecutor.accessTestSuiteMainPhase(TestSuiteExecutor.java:148)&#xa;	at com.kms.katalon.core.main.TestSuiteExecutor.execute(TestSuiteExecutor.java:106)&#xa;	at com.kms.katalon.core.main.TestCaseMain.startTestSuite(TestCaseMain.java:187)&#xa;	at TempTestSuite1699456150598.run(TempTestSuite1699456150598.groovy:36)&#xa;	at java.base/jdk.internal.reflect.NativeMethodAccessorImpl.invoke0(Native Method)&#xa;	at java.base/jdk.internal.reflect.NativeMethodAccessorImpl.invoke(NativeMethodAccessorImpl.java:77)&#xa;	at java.base/jdk.internal.reflect.DelegatingMethodAccessorImpl.invoke(DelegatingMethodAccessorImpl.java:43)&#xa;Caused by: com.kms.katalon.core.webui.exception.WebElementNotFoundException: Web element with id: 'Object Repository/Page_ParaBank  Welcome  Online Banking/iconContact' located by '//div[@id='headerPanel']/ul[2]/li[3]/a' not found&#xa;	at com.kms.katalon.core.webui.common.WebUiCommonHelper.findWebElement(WebUiCommonHelper.java:1379)&#xa;	at com.kms.katalon.core.webui.keyword.internal.WebUIAbstractKeyword.findWebElement(WebUIAbstractKeyword.groovy:27)&#xa;	at com.kms.katalon.core.webui.keyword.builtin.ClickKeyword$_click_closure1.doCall(ClickKeyword.groovy:65)&#xa;	at com.kms.katalon.core.webui.keyword.builtin.ClickKeyword$_click_closure1.call(ClickKeyword.groovy)&#xa;	at com.kms.katalon.core.webui.keyword.internal.WebUIKeywordMain.runKeyword(WebUIKeywordMain.groovy:20)&#xa;	at com.kms.katalon.core.webui.keyword.builtin.ClickKeyword.click(ClickKeyword.groovy:74)&#xa;	at com.kms.katalon.core.webui.keyword.builtin.ClickKeyword.execute(ClickKeyword.groovy:40)&#xa;	at com.kms.katalon.core.keyword.internal.KeywordExecutor.executeKeywordForPlatform(KeywordExecutor.groovy:74)&#xa;	at com.kms.katalon.core.webui.keyword.WebUiBuiltInKeywords.click(WebUiBuiltInKeywords.groovy:620)&#xa;	at Script1699015885966.run(Script1699015885966.groovy:22)&#xa;	... 15 more&#xa;)&#xa;	at com.kms.katalon.core.keyword.internal.KeywordMain.stepFailed(KeywordMain.groovy:39)&#xa;	at com.kms.katalon.core.webui.keyword.internal.WebUIKeywordMain.stepFailed(WebUIKeywordMain.groovy:64)&#xa;	at com.kms.katalon.core.webui.keyword.internal.WebUIKeywordMain.runKeyword(WebUIKeywordMain.groovy:26)&#xa;	at com.kms.katalon.core.webui.keyword.builtin.ClickKeyword.click(ClickKeyword.groovy:74)&#xa;	at com.kms.katalon.core.webui.keyword.builtin.ClickKeyword.execute(ClickKeyword.groovy:40)&#xa;	at com.kms.katalon.core.keyword.internal.KeywordExecutor.executeKeywordForPlatform(KeywordExecutor.groovy:74)&#xa;	at com.kms.katalon.core.webui.keyword.WebUiBuiltInKeywords.click(WebUiBuiltInKeywords.groovy:620)&#xa;	at MTC015 - Verify Contact icon.run(MTC015 - Verify Contact icon:22)&#xa;	at com.kms.katalon.core.main.ScriptEngine.run(ScriptEngine.java:194)&#xa;	at com.kms.katalon.core.main.ScriptEngine.runScriptAsRawText(ScriptEngine.java:119)&#xa;	at com.kms.katalon.core.main.TestCaseExecutor.runScript(TestCaseExecutor.java:448)&#xa;	at com.kms.katalon.core.main.TestCaseExecutor.doExecute(TestCaseExecutor.java:439)&#xa;	at com.kms.katalon.core.main.TestCaseExecutor.processExecutionPhase(TestCaseExecutor.java:418)&#xa;	at com.kms.katalon.core.main.TestCaseExecutor.accessMainPhase(TestCaseExecutor.java:410)&#xa;	at com.kms.katalon.core.main.TestCaseExecutor.execute(TestCaseExecutor.java:285)&#xa;	at com.kms.katalon.core.common.CommonExecutor.accessTestCaseMainPhase(CommonExecutor.java:65)&#xa;	at com.kms.katalon.core.main.TestSuiteExecutor.accessTestSuiteMainPhase(TestSuiteExecutor.java:148)&#xa;	at com.kms.katalon.core.main.TestSuiteExecutor.execute(TestSuiteExecutor.java:106)&#xa;	at com.kms.katalon.core.main.TestCaseMain.startTestSuite(TestCaseMain.java:187)&#xa;	at TempTestSuite1699456150598.run(TempTestSuite1699456150598.groovy:36)&#xa;	at java.base/jdk.internal.reflect.NativeMethodAccessorImpl.invoke0(Native Method)&#xa;	at java.base/jdk.internal.reflect.NativeMethodAccessorImpl.invoke(NativeMethodAccessorImpl.java:77)&#xa;	at java.base/jdk.internal.reflect.DelegatingMethodAccessorImpl.invoke(DelegatingMethodAccessorImpl.java:43)&#xa;Caused by: com.kms.katalon.core.exception.StepFailedException: Unable to click on object 'Object Repository/Page_ParaBank  Welcome  Online Banking/iconContact'&#xa;	... 22 more&#xa;Caused by: com.kms.katalon.core.webui.exception.WebElementNotFoundException: Web element with id: 'Object Repository/Page_ParaBank  Welcome  Online Banking/iconContact' located by '//div[@id='headerPanel']/ul[2]/li[3]/a' not found&#xa;	at com.kms.katalon.core.webui.common.WebUiCommonHelper.findWebElement(WebUiCommonHelper.java:1379)&#xa;	at com.kms.katalon.core.webui.keyword.internal.WebUIAbstractKeyword.findWebElement(WebUIAbstractKeyword.groovy:27)&#xa;	at com.kms.katalon.core.webui.keyword.builtin.ClickKeyword$_click_closure1.doCall(ClickKeyword.groovy:65)&#xa;	at com.kms.katalon.core.webui.keyword.builtin.ClickKeyword$_click_closure1.call(ClickKeyword.groovy)&#xa;	at com.kms.katalon.core.webui.keyword.internal.WebUIKeywordMain.runKeyword(WebUIKeywordMain.groovy:20)&#xa;	... 20 more&#xa;"/>
         <system-out><![CDATA[2023-11-08 10:18:48 - [TEST_CASE][FAILED] - Test Cases/Main Test Cases/MTC015 - Verify Contact icon: Test Cases/Main Test Cases/MTC015 - Verify Contact icon FAILED.
Reason:
com.kms.katalon.core.exception.StepFailedException: Unable to click on object 'Object Repository/Page_ParaBank  Welcome  Online Banking/iconContact' (Root cause: com.kms.katalon.core.exception.StepFailedException: Unable to click on object 'Object Repository/Page_ParaBank  Welcome  Online Banking/iconContact'
	at com.kms.katalon.core.webui.keyword.internal.WebUIKeywordMain.stepFailed(WebUIKeywordMain.groovy:64)
	at com.kms.katalon.core.webui.keyword.internal.WebUIKeywordMain.runKeyword(WebUIKeywordMain.groovy:26)
	at com.kms.katalon.core.webui.keyword.builtin.ClickKeyword.click(ClickKeyword.groovy:74)
	at com.kms.katalon.core.webui.keyword.builtin.ClickKeyword.execute(ClickKeyword.groovy:40)
	at com.kms.katalon.core.keyword.internal.KeywordExecutor.executeKeywordForPlatform(KeywordExecutor.groovy:74)
	at com.kms.katalon.core.webui.keyword.WebUiBuiltInKeywords.click(WebUiBuiltInKeywords.groovy:620)
	at MTC015 - Verify Contact icon.run(MTC015 - Verify Contact icon:22)
	at com.kms.katalon.core.main.ScriptEngine.run(ScriptEngine.java:194)
	at com.kms.katalon.core.main.ScriptEngine.runScriptAsRawText(ScriptEngine.java:119)
	at com.kms.katalon.core.main.TestCaseExecutor.runScript(TestCaseExecutor.java:448)
	at com.kms.katalon.core.main.TestCaseExecutor.doExecute(TestCaseExecutor.java:439)
	at com.kms.katalon.core.main.TestCaseExecutor.processExecutionPhase(TestCaseExecutor.java:418)
	at com.kms.katalon.core.main.TestCaseExecutor.accessMainPhase(TestCaseExecutor.java:410)
	at com.kms.katalon.core.main.TestCaseExecutor.execute(TestCaseExecutor.java:285)
	at com.kms.katalon.core.common.CommonExecutor.accessTestCaseMainPhase(CommonExecutor.java:65)
	at com.kms.katalon.core.main.TestSuiteExecutor.accessTestSuiteMainPhase(TestSuiteExecutor.java:148)
	at com.kms.katalon.core.main.TestSuiteExecutor.execute(TestSuiteExecutor.java:106)
	at com.kms.katalon.core.main.TestCaseMain.startTestSuite(TestCaseMain.java:187)
	at TempTestSuite1699456150598.run(TempTestSuite1699456150598.groovy:36)
	at java.base/jdk.internal.reflect.NativeMethodAccessorImpl.invoke0(Native Method)
	at java.base/jdk.internal.reflect.NativeMethodAccessorImpl.invoke(NativeMethodAccessorImpl.java:77)
	at java.base/jdk.internal.reflect.DelegatingMethodAccessorImpl.invoke(DelegatingMethodAccessorImpl.java:43)
Caused by: com.kms.katalon.core.webui.exception.WebElementNotFoundException: Web element with id: 'Object Repository/Page_ParaBank  Welcome  Online Banking/iconContact' located by '//div[@id='headerPanel']/ul[2]/li[3]/a' not found
	at com.kms.katalon.core.webui.common.WebUiCommonHelper.findWebElement(WebUiCommonHelper.java:1379)
	at com.kms.katalon.core.webui.keyword.internal.WebUIAbstractKeyword.findWebElement(WebUIAbstractKeyword.groovy:27)
	at com.kms.katalon.core.webui.keyword.builtin.ClickKeyword$_click_closure1.doCall(ClickKeyword.groovy:65)
	at com.kms.katalon.core.webui.keyword.builtin.ClickKeyword$_click_closure1.call(ClickKeyword.groovy)
	at com.kms.katalon.core.webui.keyword.internal.WebUIKeywordMain.runKeyword(WebUIKeywordMain.groovy:20)
	at com.kms.katalon.core.webui.keyword.builtin.ClickKeyword.click(ClickKeyword.groovy:74)
	at com.kms.katalon.core.webui.keyword.builtin.ClickKeyword.execute(ClickKeyword.groovy:40)
	at com.kms.katalon.core.keyword.internal.KeywordExecutor.executeKeywordForPlatform(KeywordExecutor.groovy:74)
	at com.kms.katalon.core.webui.keyword.WebUiBuiltInKeywords.click(WebUiBuiltInKeywords.groovy:620)
	at Script1699015885966.run(Script1699015885966.groovy:22)
	... 15 more
)
	at com.kms.katalon.core.keyword.internal.KeywordMain.stepFailed(KeywordMain.groovy:39)
	at com.kms.katalon.core.webui.keyword.internal.WebUIKeywordMain.stepFailed(WebUIKeywordMain.groovy:64)
	at com.kms.katalon.core.webui.keyword.internal.WebUIKeywordMain.runKeyword(WebUIKeywordMain.groovy:26)
	at com.kms.katalon.core.webui.keyword.builtin.ClickKeyword.click(ClickKeyword.groovy:74)
	at com.kms.katalon.core.webui.keyword.builtin.ClickKeyword.execute(ClickKeyword.groovy:40)
	at com.kms.katalon.core.keyword.internal.KeywordExecutor.executeKeywordForPlatform(KeywordExecutor.groovy:74)
	at com.kms.katalon.core.webui.keyword.WebUiBuiltInKeywords.click(WebUiBuiltInKeywords.groovy:620)
	at MTC015 - Verify Contact icon.run(MTC015 - Verify Contact icon:22)
	at com.kms.katalon.core.main.ScriptEngine.run(ScriptEngine.java:194)
	at com.kms.katalon.core.main.ScriptEngine.runScriptAsRawText(ScriptEngine.java:119)
	at com.kms.katalon.core.main.TestCaseExecutor.runScript(TestCaseExecutor.java:448)
	at com.kms.katalon.core.main.TestCaseExecutor.doExecute(TestCaseExecutor.java:439)
	at com.kms.katalon.core.main.TestCaseExecutor.processExecutionPhase(TestCaseExecutor.java:418)
	at com.kms.katalon.core.main.TestCaseExecutor.accessMainPhase(TestCaseExecutor.java:410)
	at com.kms.katalon.core.main.TestCaseExecutor.execute(TestCaseExecutor.java:285)
	at com.kms.katalon.core.common.CommonExecutor.accessTestCaseMainPhase(CommonExecutor.java:65)
	at com.kms.katalon.core.main.TestSuiteExecutor.accessTestSuiteMainPhase(TestSuiteExecutor.java:148)
	at com.kms.katalon.core.main.TestSuiteExecutor.execute(TestSuiteExecutor.java:106)
	at com.kms.katalon.core.main.TestCaseMain.startTestSuite(TestCaseMain.java:187)
	at TempTestSuite1699456150598.run(TempTestSuite1699456150598.groovy:36)
	at java.base/jdk.internal.reflect.NativeMethodAccessorImpl.invoke0(Native Method)
	at java.base/jdk.internal.reflect.NativeMethodAccessorImpl.invoke(NativeMethodAccessorImpl.java:77)
	at java.base/jdk.internal.reflect.DelegatingMethodAccessorImpl.invoke(DelegatingMethodAccessorImpl.java:43)
Caused by: com.kms.katalon.core.exception.StepFailedException: Unable to click on object 'Object Repository/Page_ParaBank  Welcome  Online Banking/iconContact'
	... 22 more
Caused by: com.kms.katalon.core.webui.exception.WebElementNotFoundException: Web element with id: 'Object Repository/Page_ParaBank  Welcome  Online Banking/iconContact' located by '//div[@id='headerPanel']/ul[2]/li[3]/a' not found
	at com.kms.katalon.core.webui.common.WebUiCommonHelper.findWebElement(WebUiCommonHelper.java:1379)
	at com.kms.katalon.core.webui.keyword.internal.WebUIAbstractKeyword.findWebElement(WebUIAbstractKeyword.groovy:27)
	at com.kms.katalon.core.webui.keyword.builtin.ClickKeyword$_click_closure1.doCall(ClickKeyword.groovy:65)
	at com.kms.katalon.core.webui.keyword.builtin.ClickKeyword$_click_closure1.call(ClickKeyword.groovy)
	at com.kms.katalon.core.webui.keyword.internal.WebUIKeywordMain.runKeyword(WebUIKeywordMain.groovy:20)
	... 20 more


2023-11-08 10:18:48 - [TEST_STEP][PASSED] - callTestCase(findTestCase("Reusable Test Cases/Open the webapp"), [:], CONTINUE_ON_FAILURE): Call Test Case 'Test Cases/Reusable Test Cases/Open the webapp' successfully

2023-11-08 10:18:48 - [TEST_CASE][PASSED] - Test Cases/Reusable Test Cases/Open the webapp: Test Cases/Reusable Test Cases/Open the webapp

2023-11-08 10:18:48 - [TEST_STEP][PASSED] - openBrowser(URL): Browser is opened with url: 'null'

2023-11-08 10:18:48 - [MESSAGE][INFO] - Starting 'Chrome (headless)' driver

2023-11-08 10:18:48 - [MESSAGE][INFO] - User set preference: ['property', '**window-size=1500,1000']

2023-11-08 10:18:48 - [MESSAGE][INFO] - Action delay is set to 0 milliseconds

2023-11-08 10:18:51 - [MESSAGE][WARNING] - FFmpeg was not installed! Browser Recording will be disabled. Please follow this document to install FFmpeg first: https://docs.katalon.com/katalon-studio/docs/screenshots-videos.html#browser-based-recorder

2023-11-08 10:18:51 - [MESSAGE][PASSED] - Browser is opened with url: 'null'

2023-11-08 10:18:51 - [TEST_STEP][PASSED] - maximizeWindow(): Current window maximized

2023-11-08 10:18:51 - [MESSAGE][PASSED] - Current window maximized

2023-11-08 10:18:51 - [MESSAGE][PASSED] - Call Test Case 'Test Cases/Reusable Test Cases/Open the webapp' successfully

2023-11-08 10:18:51 - [TEST_STEP][FAILED] - click(findTestObject("Object Repository/Page_ParaBank  Welcome  Online Banking/iconContact")): Unable to click on object 'Object Repository/Page_ParaBank  Welcome  Online Banking/iconContact' (Root cause: com.kms.katalon.core.exception.StepFailedException: Unable to click on object 'Object Repository/Page_ParaBank  Welcome  Online Banking/iconContact'
	at com.kms.katalon.core.webui.keyword.internal.WebUIKeywordMain.stepFailed(WebUIKeywordMain.groovy:64)
	at com.kms.katalon.core.webui.keyword.internal.WebUIKeywordMain.runKeyword(WebUIKeywordMain.groovy:26)
	at com.kms.katalon.core.webui.keyword.builtin.ClickKeyword.click(ClickKeyword.groovy:74)
	at com.kms.katalon.core.webui.keyword.builtin.ClickKeyword.execute(ClickKeyword.groovy:40)
	at com.kms.katalon.core.keyword.internal.KeywordExecutor.executeKeywordForPlatform(KeywordExecutor.groovy:74)
	at com.kms.katalon.core.webui.keyword.WebUiBuiltInKeywords.click(WebUiBuiltInKeywords.groovy:620)
	at MTC015 - Verify Contact icon.run(MTC015 - Verify Contact icon:22)
	at com.kms.katalon.core.main.ScriptEngine.run(ScriptEngine.java:194)
	at com.kms.katalon.core.main.ScriptEngine.runScriptAsRawText(ScriptEngine.java:119)
	at com.kms.katalon.core.main.TestCaseExecutor.runScript(TestCaseExecutor.java:448)
	at com.kms.katalon.core.main.TestCaseExecutor.doExecute(TestCaseExecutor.java:439)
	at com.kms.katalon.core.main.TestCaseExecutor.processExecutionPhase(TestCaseExecutor.java:418)
	at com.kms.katalon.core.main.TestCaseExecutor.accessMainPhase(TestCaseExecutor.java:410)
	at com.kms.katalon.core.main.TestCaseExecutor.execute(TestCaseExecutor.java:285)
	at com.kms.katalon.core.common.CommonExecutor.accessTestCaseMainPhase(CommonExecutor.java:65)
	at com.kms.katalon.core.main.TestSuiteExecutor.accessTestSuiteMainPhase(TestSuiteExecutor.java:148)
	at com.kms.katalon.core.main.TestSuiteExecutor.execute(TestSuiteExecutor.java:106)
	at com.kms.katalon.core.main.TestCaseMain.startTestSuite(TestCaseMain.java:187)
	at TempTestSuite1699456150598.run(TempTestSuite1699456150598.groovy:36)
	at java.base/jdk.internal.reflect.NativeMethodAccessorImpl.invoke0(Native Method)
	at java.base/jdk.internal.reflect.NativeMethodAccessorImpl.invoke(NativeMethodAccessorImpl.java:77)
	at java.base/jdk.internal.reflect.DelegatingMethodAccessorImpl.invoke(DelegatingMethodAccessorImpl.java:43)
Caused by: com.kms.katalon.core.webui.exception.WebElementNotFoundException: Web element with id: 'Object Repository/Page_ParaBank  Welcome  Online Banking/iconContact' located by '//div[@id='headerPanel']/ul[2]/li[3]/a' not found
	at com.kms.katalon.core.webui.common.WebUiCommonHelper.findWebElement(WebUiCommonHelper.java:1379)
	at com.kms.katalon.core.webui.keyword.internal.WebUIAbstractKeyword.findWebElement(WebUIAbstractKeyword.groovy:27)
	at com.kms.katalon.core.webui.keyword.builtin.ClickKeyword$_click_closure1.doCall(ClickKeyword.groovy:65)
	at com.kms.katalon.core.webui.keyword.builtin.ClickKeyword$_click_closure1.call(ClickKeyword.groovy)
	at com.kms.katalon.core.webui.keyword.internal.WebUIKeywordMain.runKeyword(WebUIKeywordMain.groovy:20)
	at com.kms.katalon.core.webui.keyword.builtin.ClickKeyword.click(ClickKeyword.groovy:74)
	at com.kms.katalon.core.webui.keyword.builtin.ClickKeyword.execute(ClickKeyword.groovy:40)
	at com.kms.katalon.core.keyword.internal.KeywordExecutor.executeKeywordForPlatform(KeywordExecutor.groovy:74)
	at com.kms.katalon.core.webui.keyword.WebUiBuiltInKeywords.click(WebUiBuiltInKeywords.groovy:620)
	at Script1699015885966.run(Script1699015885966.groovy:22)
	... 15 more
)

2023-11-08 10:19:22 - [MESSAGE][INFO] - Unable to find the element located by 'By.xpath: //div[@id='headerPanel']/ul[2]/li[3]/a'. Please recheck the objects properties to make sure the desired element is located. 

2023-11-08 10:19:22 - [MESSAGE][WARNING] - [SELF-HEALING] Failed to find element with id 'Object Repository/Page_ParaBank  Welcome  Online Banking/iconContact'. Try using Self-healing.

2023-11-08 10:19:22 - [MESSAGE][INFO] - [SELF-HEALING] Failed Locator: '//div[@id='headerPanel']/ul[2]/li[3]/a'.

2023-11-08 10:19:22 - [MESSAGE][INFO] - [SELF-HEALING] Failed Locator: '//a[contains(text(),'contact')]'.

2023-11-08 10:19:22 - [MESSAGE][INFO] - [SELF-HEALING] Failed Locator: '//a[contains(@href, 'contact.htm')]'.

2023-11-08 10:19:22 - [MESSAGE][INFO] - [SELF-HEALING] Failed Locator: '//ul[2]/li[3]/a'.

2023-11-08 10:19:22 - [MESSAGE][INFO] - [SELF-HEALING] Failed Locator: '//a[@href = 'contact.htm' and (text() = 'contact' or . = 'contact')]'.

2023-11-08 10:19:22 - [MESSAGE][INFO] - [SELF-HEALING] Failed Locator: '//div[@id='headerPanel']/ul[2]/li[3]/a'.

2023-11-08 10:19:22 - [MESSAGE][INFO] - [SELF-HEALING] Failed Locator: '//a[contains(text(),'contact')]'.

2023-11-08 10:19:22 - [MESSAGE][INFO] - [SELF-HEALING] Failed Locator: '//a[contains(@href, 'contact.htm')]'.

2023-11-08 10:19:22 - [MESSAGE][INFO] - [SELF-HEALING] Failed Locator: '//ul[2]/li[3]/a'.

2023-11-08 10:19:22 - [MESSAGE][INFO] - [SELF-HEALING] Failed Locator: '//a[@href = 'contact.htm' and (text() = 'contact' or . = 'contact')]'.

2023-11-08 10:19:22 - [MESSAGE][INFO] - [SELF-HEALING] Failed Locator: '//div[@id='headerPanel']/ul[2]/li[3]/a'.

2023-11-08 10:19:22 - [MESSAGE][INFO] - [SELF-HEALING] Failed Locator: '//a[contains(text(),'contact')]'.

2023-11-08 10:19:22 - [MESSAGE][INFO] - [SELF-HEALING] Failed Locator: '//a[contains(@href, 'contact.htm')]'.

2023-11-08 10:19:22 - [MESSAGE][INFO] - [SELF-HEALING] Failed Locator: '//ul[2]/li[3]/a'.

2023-11-08 10:19:22 - [MESSAGE][INFO] - [SELF-HEALING] Failed Locator: '//a[@href = 'contact.htm' and (text() = 'contact' or . = 'contact')]'.

2023-11-08 10:19:22 - [MESSAGE][INFO] - [SELF-HEALING] Failed Locator: '//div[@id='headerPanel']/ul[2]/li[3]/a'.

2023-11-08 10:19:22 - [MESSAGE][INFO] - [SELF-HEALING] Failed Locator: '//a[contains(text(),'contact')]'.

2023-11-08 10:19:22 - [MESSAGE][INFO] - [SELF-HEALING] Failed Locator: '//a[contains(@href, 'contact.htm')]'.

2023-11-08 10:19:22 - [MESSAGE][INFO] - [SELF-HEALING] Failed Locator: '//ul[2]/li[3]/a'.

2023-11-08 10:19:22 - [MESSAGE][INFO] - [SELF-HEALING] Failed Locator: '//a[@href = 'contact.htm' and (text() = 'contact' or . = 'contact')]'.

2023-11-08 10:19:22 - [MESSAGE][INFO] - [SELF-HEALING] Failed Locator: '//div[@id='headerPanel']/ul[2]/li[3]/a'.

2023-11-08 10:19:22 - [MESSAGE][INFO] - [SELF-HEALING] Failed Locator: '//a[contains(text(),'contact')]'.

2023-11-08 10:19:22 - [MESSAGE][INFO] - [SELF-HEALING] Failed Locator: '//a[contains(@href, 'contact.htm')]'.

2023-11-08 10:19:22 - [MESSAGE][INFO] - [SELF-HEALING] Failed Locator: '//ul[2]/li[3]/a'.

2023-11-08 10:19:22 - [MESSAGE][INFO] - [SELF-HEALING] Failed Locator: '//a[@href = 'contact.htm' and (text() = 'contact' or . = 'contact')]'.

2023-11-08 10:19:22 - [MESSAGE][INFO] - [SELF-HEALING] Failed Locator: '//div[@id='headerPanel']/ul[2]/li[3]/a'.

2023-11-08 10:19:22 - [MESSAGE][INFO] - [SELF-HEALING] Failed Locator: '//a[contains(text(),'contact')]'.

2023-11-08 10:19:22 - [MESSAGE][INFO] - [SELF-HEALING] Failed Locator: '//a[contains(@href, 'contact.htm')]'.

2023-11-08 10:19:22 - [MESSAGE][INFO] - [SELF-HEALING] Failed Locator: '//ul[2]/li[3]/a'.

2023-11-08 10:19:22 - [MESSAGE][INFO] - [SELF-HEALING] Failed Locator: '//a[@href = 'contact.htm' and (text() = 'contact' or . = 'contact')]'.

2023-11-08 10:19:22 - [MESSAGE][INFO] - [SELF-HEALING] Failed Locator: '//div[@id='headerPanel']/ul[2]/li[3]/a'.

2023-11-08 10:19:22 - [MESSAGE][INFO] - [SELF-HEALING] Failed Locator: '//a[contains(text(),'contact')]'.

2023-11-08 10:19:22 - [MESSAGE][INFO] - [SELF-HEALING] Failed Locator: '//a[contains(@href, 'contact.htm')]'.

2023-11-08 10:19:23 - [MESSAGE][INFO] - [SELF-HEALING] Failed Locator: '//ul[2]/li[3]/a'.

2023-11-08 10:19:23 - [MESSAGE][INFO] - [SELF-HEALING] Failed Locator: '//a[@href = 'contact.htm' and (text() = 'contact' or . = 'contact')]'.

2023-11-08 10:19:23 - [MESSAGE][INFO] - [SELF-HEALING] Failed Locator: '//div[@id='headerPanel']/ul[2]/li[3]/a'.

2023-11-08 10:19:23 - [MESSAGE][INFO] - [SELF-HEALING] Failed Locator: '//a[contains(text(),'contact')]'.

2023-11-08 10:19:23 - [MESSAGE][INFO] - [SELF-HEALING] Failed Locator: '//a[contains(@href, 'contact.htm')]'.

2023-11-08 10:19:23 - [MESSAGE][INFO] - [SELF-HEALING] Failed Locator: '//ul[2]/li[3]/a'.

2023-11-08 10:19:23 - [MESSAGE][INFO] - [SELF-HEALING] Failed Locator: '//a[@href = 'contact.htm' and (text() = 'contact' or . = 'contact')]'.

2023-11-08 10:19:23 - [MESSAGE][INFO] - [SELF-HEALING] Failed Locator: '//div[@id='headerPanel']/ul[2]/li[3]/a'.

2023-11-08 10:19:23 - [MESSAGE][INFO] - [SELF-HEALING] Failed Locator: '//a[contains(text(),'contact')]'.

2023-11-08 10:19:23 - [MESSAGE][INFO] - [SELF-HEALING] Failed Locator: '//a[contains(@href, 'contact.htm')]'.

2023-11-08 10:19:23 - [MESSAGE][INFO] - [SELF-HEALING] Failed Locator: '//ul[2]/li[3]/a'.

2023-11-08 10:19:23 - [MESSAGE][INFO] - [SELF-HEALING] Failed Locator: '//a[@href = 'contact.htm' and (text() = 'contact' or . = 'contact')]'.

2023-11-08 10:19:23 - [MESSAGE][INFO] - [SELF-HEALING] Failed Locator: '//div[@id='headerPanel']/ul[2]/li[3]/a'.

2023-11-08 10:19:23 - [MESSAGE][INFO] - [SELF-HEALING] Failed Locator: '//a[contains(text(),'contact')]'.

2023-11-08 10:19:23 - [MESSAGE][INFO] - [SELF-HEALING] Failed Locator: '//a[contains(@href, 'contact.htm')]'.

2023-11-08 10:19:23 - [MESSAGE][INFO] - [SELF-HEALING] Failed Locator: '//ul[2]/li[3]/a'.

2023-11-08 10:19:23 - [MESSAGE][INFO] - [SELF-HEALING] Failed Locator: '//a[@href = 'contact.htm' and (text() = 'contact' or . = 'contact')]'.

2023-11-08 10:19:24 - [MESSAGE][INFO] - Unable to find the element located by 'By.xpath: //*[@href = 'contact.htm' and (text() = 'contact' or . = 'contact')]'. Please recheck the objects properties to make sure the desired element is located. 

2023-11-08 10:19:25 - [MESSAGE][INFO] - Unable to find the element located by 'By.cssSelector: li.contact > a'. Please recheck the objects properties to make sure the desired element is located. 

2023-11-08 10:19:25 - [MESSAGE][FAILED] - Unable to click on object 'Object Repository/Page_ParaBank  Welcome  Online Banking/iconContact' (Root cause: com.kms.katalon.core.exception.StepFailedException: Unable to click on object 'Object Repository/Page_ParaBank  Welcome  Online Banking/iconContact'
	at com.kms.katalon.core.webui.keyword.internal.WebUIKeywordMain.stepFailed(WebUIKeywordMain.groovy:64)
	at com.kms.katalon.core.webui.keyword.internal.WebUIKeywordMain.runKeyword(WebUIKeywordMain.groovy:26)
	at com.kms.katalon.core.webui.keyword.builtin.ClickKeyword.click(ClickKeyword.groovy:74)
	at com.kms.katalon.core.webui.keyword.builtin.ClickKeyword.execute(ClickKeyword.groovy:40)
	at com.kms.katalon.core.keyword.internal.KeywordExecutor.executeKeywordForPlatform(KeywordExecutor.groovy:74)
	at com.kms.katalon.core.webui.keyword.WebUiBuiltInKeywords.click(WebUiBuiltInKeywords.groovy:620)
	at MTC015 - Verify Contact icon.run(MTC015 - Verify Contact icon:22)
	at com.kms.katalon.core.main.ScriptEngine.run(ScriptEngine.java:194)
	at com.kms.katalon.core.main.ScriptEngine.runScriptAsRawText(ScriptEngine.java:119)
	at com.kms.katalon.core.main.TestCaseExecutor.runScript(TestCaseExecutor.java:448)
	at com.kms.katalon.core.main.TestCaseExecutor.doExecute(TestCaseExecutor.java:439)
	at com.kms.katalon.core.main.TestCaseExecutor.processExecutionPhase(TestCaseExecutor.java:418)
	at com.kms.katalon.core.main.TestCaseExecutor.accessMainPhase(TestCaseExecutor.java:410)
	at com.kms.katalon.core.main.TestCaseExecutor.execute(TestCaseExecutor.java:285)
	at com.kms.katalon.core.common.CommonExecutor.accessTestCaseMainPhase(CommonExecutor.java:65)
	at com.kms.katalon.core.main.TestSuiteExecutor.accessTestSuiteMainPhase(TestSuiteExecutor.java:148)
	at com.kms.katalon.core.main.TestSuiteExecutor.execute(TestSuiteExecutor.java:106)
	at com.kms.katalon.core.main.TestCaseMain.startTestSuite(TestCaseMain.java:187)
	at TempTestSuite1699456150598.run(TempTestSuite1699456150598.groovy:36)
	at java.base/jdk.internal.reflect.NativeMethodAccessorImpl.invoke0(Native Method)
	at java.base/jdk.internal.reflect.NativeMethodAccessorImpl.invoke(NativeMethodAccessorImpl.java:77)
	at java.base/jdk.internal.reflect.DelegatingMethodAccessorImpl.invoke(DelegatingMethodAccessorImpl.java:43)
Caused by: com.kms.katalon.core.webui.exception.WebElementNotFoundException: Web element with id: 'Object Repository/Page_ParaBank  Welcome  Online Banking/iconContact' located by '//div[@id='headerPanel']/ul[2]/li[3]/a' not found
	at com.kms.katalon.core.webui.common.WebUiCommonHelper.findWebElement(WebUiCommonHelper.java:1379)
	at com.kms.katalon.core.webui.keyword.internal.WebUIAbstractKeyword.findWebElement(WebUIAbstractKeyword.groovy:27)
	at com.kms.katalon.core.webui.keyword.builtin.ClickKeyword$_click_closure1.doCall(ClickKeyword.groovy:65)
	at com.kms.katalon.core.webui.keyword.builtin.ClickKeyword$_click_closure1.call(ClickKeyword.groovy)
	at com.kms.katalon.core.webui.keyword.internal.WebUIKeywordMain.runKeyword(WebUIKeywordMain.groovy:20)
	at com.kms.katalon.core.webui.keyword.builtin.ClickKeyword.click(ClickKeyword.groovy:74)
	at com.kms.katalon.core.webui.keyword.builtin.ClickKeyword.execute(ClickKeyword.groovy:40)
	at com.kms.katalon.core.keyword.internal.KeywordExecutor.executeKeywordForPlatform(KeywordExecutor.groovy:74)
	at com.kms.katalon.core.webui.keyword.WebUiBuiltInKeywords.click(WebUiBuiltInKeywords.groovy:620)
	at Script1699015885966.run(Script1699015885966.groovy:22)
	... 15 more
)
[[ATTACHMENT|C:\\Users\\GKOKABAYEVA\\Katalon Studio\\Parabank\\Reports\\20231108_100910\\Smoke Test Suites\\STS003 - Main page links verification\\20231108_100910\\1699456765383.png]]

2023-11-08 10:19:25 - [TEST_STEP][FAILED] - navigateToUrl(CONTACT_URL): Unable to navigate to 'null' (Root cause: com.kms.katalon.core.exception.StepFailedException: Unable to navigate to 'null'
	at com.kms.katalon.core.webui.keyword.internal.WebUIKeywordMain.stepFailed(WebUIKeywordMain.groovy:64)
	at com.kms.katalon.core.webui.keyword.internal.WebUIKeywordMain.runKeyword(WebUIKeywordMain.groovy:26)
	at com.kms.katalon.core.webui.keyword.builtin.NavigateToUrlKeyword.navigateToUrl(NavigateToUrlKeyword.groovy:83)
	at com.kms.katalon.core.webui.keyword.builtin.NavigateToUrlKeyword.execute(NavigateToUrlKeyword.groovy:67)
	at com.kms.katalon.core.keyword.internal.KeywordExecutor.executeKeywordForPlatform(KeywordExecutor.groovy:74)
	at com.kms.katalon.core.webui.keyword.WebUiBuiltInKeywords.navigateToUrl(WebUiBuiltInKeywords.groovy:187)
	at MTC015 - Verify Contact icon.run(MTC015 - Verify Contact icon:24)
	at com.kms.katalon.core.main.ScriptEngine.run(ScriptEngine.java:194)
	at com.kms.katalon.core.main.ScriptEngine.runScriptAsRawText(ScriptEngine.java:119)
	at com.kms.katalon.core.main.TestCaseExecutor.runScript(TestCaseExecutor.java:448)
	at com.kms.katalon.core.main.TestCaseExecutor.doExecute(TestCaseExecutor.java:439)
	at com.kms.katalon.core.main.TestCaseExecutor.processExecutionPhase(TestCaseExecutor.java:418)
	at com.kms.katalon.core.main.TestCaseExecutor.accessMainPhase(TestCaseExecutor.java:410)
	at com.kms.katalon.core.main.TestCaseExecutor.execute(TestCaseExecutor.java:285)
	at com.kms.katalon.core.common.CommonExecutor.accessTestCaseMainPhase(CommonExecutor.java:65)
	at com.kms.katalon.core.main.TestSuiteExecutor.accessTestSuiteMainPhase(TestSuiteExecutor.java:148)
	at com.kms.katalon.core.main.TestSuiteExecutor.execute(TestSuiteExecutor.java:106)
	at com.kms.katalon.core.main.TestCaseMain.startTestSuite(TestCaseMain.java:187)
	at TempTestSuite1699456150598.run(TempTestSuite1699456150598.groovy:36)
	at java.base/jdk.internal.reflect.NativeMethodAccessorImpl.invoke0(Native Method)
	at java.base/jdk.internal.reflect.NativeMethodAccessorImpl.invoke(NativeMethodAccessorImpl.java:77)
	at java.base/jdk.internal.reflect.DelegatingMethodAccessorImpl.invoke(DelegatingMethodAccessorImpl.java:43)
Caused by: java.lang.IllegalArgumentException: Url cannot be null or empty
	at com.kms.katalon.core.webui.keyword.builtin.NavigateToUrlKeyword$_navigateToUrl_closure1.doCall(NavigateToUrlKeyword.groovy:75)
	at com.kms.katalon.core.webui.keyword.builtin.NavigateToUrlKeyword$_navigateToUrl_closure1.call(NavigateToUrlKeyword.groovy)
	at com.kms.katalon.core.webui.keyword.internal.WebUIKeywordMain.runKeyword(WebUIKeywordMain.groovy:20)
	at com.kms.katalon.core.webui.keyword.builtin.NavigateToUrlKeyword.navigateToUrl(NavigateToUrlKeyword.groovy:83)
	at com.kms.katalon.core.webui.keyword.builtin.NavigateToUrlKeyword.execute(NavigateToUrlKeyword.groovy:67)
	at com.kms.katalon.core.keyword.internal.KeywordExecutor.executeKeywordForPlatform(KeywordExecutor.groovy:74)
	at com.kms.katalon.core.webui.keyword.WebUiBuiltInKeywords.navigateToUrl(WebUiBuiltInKeywords.groovy:187)
	at Script1699015885966.run(Script1699015885966.groovy:24)
	... 15 more
)

2023-11-08 10:19:25 - [MESSAGE][FAILED] - Unable to navigate to 'null' (Root cause: com.kms.katalon.core.exception.StepFailedException: Unable to navigate to 'null'
	at com.kms.katalon.core.webui.keyword.internal.WebUIKeywordMain.stepFailed(WebUIKeywordMain.groovy:64)
	at com.kms.katalon.core.webui.keyword.internal.WebUIKeywordMain.runKeyword(WebUIKeywordMain.groovy:26)
	at com.kms.katalon.core.webui.keyword.builtin.NavigateToUrlKeyword.navigateToUrl(NavigateToUrlKeyword.groovy:83)
	at com.kms.katalon.core.webui.keyword.builtin.NavigateToUrlKeyword.execute(NavigateToUrlKeyword.groovy:67)
	at com.kms.katalon.core.keyword.internal.KeywordExecutor.executeKeywordForPlatform(KeywordExecutor.groovy:74)
	at com.kms.katalon.core.webui.keyword.WebUiBuiltInKeywords.navigateToUrl(WebUiBuiltInKeywords.groovy:187)
	at MTC015 - Verify Contact icon.run(MTC015 - Verify Contact icon:24)
	at com.kms.katalon.core.main.ScriptEngine.run(ScriptEngine.java:194)
	at com.kms.katalon.core.main.ScriptEngine.runScriptAsRawText(ScriptEngine.java:119)
	at com.kms.katalon.core.main.TestCaseExecutor.runScript(TestCaseExecutor.java:448)
	at com.kms.katalon.core.main.TestCaseExecutor.doExecute(TestCaseExecutor.java:439)
	at com.kms.katalon.core.main.TestCaseExecutor.processExecutionPhase(TestCaseExecutor.java:418)
	at com.kms.katalon.core.main.TestCaseExecutor.accessMainPhase(TestCaseExecutor.java:410)
	at com.kms.katalon.core.main.TestCaseExecutor.execute(TestCaseExecutor.java:285)
	at com.kms.katalon.core.common.CommonExecutor.accessTestCaseMainPhase(CommonExecutor.java:65)
	at com.kms.katalon.core.main.TestSuiteExecutor.accessTestSuiteMainPhase(TestSuiteExecutor.java:148)
	at com.kms.katalon.core.main.TestSuiteExecutor.execute(TestSuiteExecutor.java:106)
	at com.kms.katalon.core.main.TestCaseMain.startTestSuite(TestCaseMain.java:187)
	at TempTestSuite1699456150598.run(TempTestSuite1699456150598.groovy:36)
	at java.base/jdk.internal.reflect.NativeMethodAccessorImpl.invoke0(Native Method)
	at java.base/jdk.internal.reflect.NativeMethodAccessorImpl.invoke(NativeMethodAccessorImpl.java:77)
	at java.base/jdk.internal.reflect.DelegatingMethodAccessorImpl.invoke(DelegatingMethodAccessorImpl.java:43)
Caused by: java.lang.IllegalArgumentException: Url cannot be null or empty
	at com.kms.katalon.core.webui.keyword.builtin.NavigateToUrlKeyword$_navigateToUrl_closure1.doCall(NavigateToUrlKeyword.groovy:75)
	at com.kms.katalon.core.webui.keyword.builtin.NavigateToUrlKeyword$_navigateToUrl_closure1.call(NavigateToUrlKeyword.groovy)
	at com.kms.katalon.core.webui.keyword.internal.WebUIKeywordMain.runKeyword(WebUIKeywordMain.groovy:20)
	at com.kms.katalon.core.webui.keyword.builtin.NavigateToUrlKeyword.navigateToUrl(NavigateToUrlKeyword.groovy:83)
	at com.kms.katalon.core.webui.keyword.builtin.NavigateToUrlKeyword.execute(NavigateToUrlKeyword.groovy:67)
	at com.kms.katalon.core.keyword.internal.KeywordExecutor.executeKeywordForPlatform(KeywordExecutor.groovy:74)
	at com.kms.katalon.core.webui.keyword.WebUiBuiltInKeywords.navigateToUrl(WebUiBuiltInKeywords.groovy:187)
	at Script1699015885966.run(Script1699015885966.groovy:24)
	... 15 more
)
[[ATTACHMENT|C:\\Users\\GKOKABAYEVA\\Katalon Studio\\Parabank\\Reports\\20231108_100910\\Smoke Test Suites\\STS003 - Main page links verification\\20231108_100910\\1699456765440.png]]

2023-11-08 10:19:25 - [TEST_STEP][FAILED] - verifyElementText(findTestObject("Object Repository/Page_ParaBank  Customer Care/h1CustomerCare"), expectedH1CustomerCareText): com.kms.katalon.core.webui.exception.WebElementNotFoundException: Web element with id: 'Object Repository/Page_ParaBank  Customer Care/h1CustomerCare' located by '//div[@id='rightPanel']/h1' not found (Root cause: com.kms.katalon.core.exception.StepFailedException: com.kms.katalon.core.webui.exception.WebElementNotFoundException: Web element with id: 'Object Repository/Page_ParaBank  Customer Care/h1CustomerCare' located by '//div[@id='rightPanel']/h1' not found
	at com.kms.katalon.core.webui.keyword.internal.WebUIKeywordMain.stepFailed(WebUIKeywordMain.groovy:64)
	at com.kms.katalon.core.webui.keyword.builtin.VerifyElementTextKeyword$_verifyElementText_closure1.doCall(VerifyElementTextKeyword.groovy:64)
	at com.kms.katalon.core.webui.keyword.builtin.VerifyElementTextKeyword$_verifyElementText_closure1.call(VerifyElementTextKeyword.groovy)
	at com.kms.katalon.core.webui.keyword.internal.WebUIKeywordMain.runKeyword(WebUIKeywordMain.groovy:20)
	at com.kms.katalon.core.webui.keyword.builtin.VerifyElementTextKeyword.verifyElementText(VerifyElementTextKeyword.groovy:72)
	at com.kms.katalon.core.webui.keyword.builtin.VerifyElementTextKeyword.execute(VerifyElementTextKeyword.groovy:40)
	at com.kms.katalon.core.keyword.internal.KeywordExecutor.executeKeywordForPlatform(KeywordExecutor.groovy:74)
	at com.kms.katalon.core.webui.keyword.WebUiBuiltInKeywords.verifyElementText(WebUiBuiltInKeywords.groovy:4796)
	at MTC015 - Verify Contact icon.run(MTC015 - Verify Contact icon:26)
	at com.kms.katalon.core.main.ScriptEngine.run(ScriptEngine.java:194)
	at com.kms.katalon.core.main.ScriptEngine.runScriptAsRawText(ScriptEngine.java:119)
	at com.kms.katalon.core.main.TestCaseExecutor.runScript(TestCaseExecutor.java:448)
	at com.kms.katalon.core.main.TestCaseExecutor.doExecute(TestCaseExecutor.java:439)
	at com.kms.katalon.core.main.TestCaseExecutor.processExecutionPhase(TestCaseExecutor.java:418)
	at com.kms.katalon.core.main.TestCaseExecutor.accessMainPhase(TestCaseExecutor.java:410)
	at com.kms.katalon.core.main.TestCaseExecutor.execute(TestCaseExecutor.java:285)
	at com.kms.katalon.core.common.CommonExecutor.accessTestCaseMainPhase(CommonExecutor.java:65)
	at com.kms.katalon.core.main.TestSuiteExecutor.accessTestSuiteMainPhase(TestSuiteExecutor.java:148)
	at com.kms.katalon.core.main.TestSuiteExecutor.execute(TestSuiteExecutor.java:106)
	at com.kms.katalon.core.main.TestCaseMain.startTestSuite(TestCaseMain.java:187)
	at TempTestSuite1699456150598.run(TempTestSuite1699456150598.groovy:36)
	at java.base/jdk.internal.reflect.NativeMethodAccessorImpl.invoke0(Native Method)
	at java.base/jdk.internal.reflect.NativeMethodAccessorImpl.invoke(NativeMethodAccessorImpl.java:77)
	at java.base/jdk.internal.reflect.DelegatingMethodAccessorImpl.invoke(DelegatingMethodAccessorImpl.java:43)
)

2023-11-08 10:19:56 - [MESSAGE][INFO] - Unable to find the element located by 'By.xpath: //div[@id='rightPanel']/h1'. Please recheck the objects properties to make sure the desired element is located. 

2023-11-08 10:19:56 - [MESSAGE][WARNING] - [SELF-HEALING] Failed to find element with id 'Object Repository/Page_ParaBank  Customer Care/h1CustomerCare'. Try using Self-healing.

2023-11-08 10:19:56 - [MESSAGE][INFO] - [SELF-HEALING] Failed Locator: '//div[@id='rightPanel']/h1'.

2023-11-08 10:19:56 - [MESSAGE][INFO] - [SELF-HEALING] Failed Locator: '//h1'.

2023-11-08 10:19:56 - [MESSAGE][INFO] - [SELF-HEALING] Failed Locator: '//h1[(text() = 'Customer Care' or . = 'Customer Care')]'.

2023-11-08 10:19:56 - [MESSAGE][INFO] - [SELF-HEALING] Failed Locator: '//div[@id='rightPanel']/h1'.

2023-11-08 10:19:56 - [MESSAGE][INFO] - [SELF-HEALING] Failed Locator: '//h1'.

2023-11-08 10:19:56 - [MESSAGE][INFO] - [SELF-HEALING] Failed Locator: '//h1[(text() = 'Customer Care' or . = 'Customer Care')]'.

2023-11-08 10:19:56 - [MESSAGE][INFO] - [SELF-HEALING] Failed Locator: '//div[@id='rightPanel']/h1'.

2023-11-08 10:19:56 - [MESSAGE][INFO] - [SELF-HEALING] Failed Locator: '//h1'.

2023-11-08 10:19:56 - [MESSAGE][INFO] - [SELF-HEALING] Failed Locator: '//h1[(text() = 'Customer Care' or . = 'Customer Care')]'.

2023-11-08 10:19:56 - [MESSAGE][INFO] - [SELF-HEALING] Failed Locator: '//div[@id='rightPanel']/h1'.

2023-11-08 10:19:56 - [MESSAGE][INFO] - [SELF-HEALING] Failed Locator: '//h1'.

2023-11-08 10:19:56 - [MESSAGE][INFO] - [SELF-HEALING] Failed Locator: '//h1[(text() = 'Customer Care' or . = 'Customer Care')]'.

2023-11-08 10:19:56 - [MESSAGE][INFO] - [SELF-HEALING] Failed Locator: '//div[@id='rightPanel']/h1'.

2023-11-08 10:19:56 - [MESSAGE][INFO] - [SELF-HEALING] Failed Locator: '//h1'.

2023-11-08 10:19:56 - [MESSAGE][INFO] - [SELF-HEALING] Failed Locator: '//h1[(text() = 'Customer Care' or . = 'Customer Care')]'.

2023-11-08 10:19:56 - [MESSAGE][INFO] - [SELF-HEALING] Failed Locator: '//div[@id='rightPanel']/h1'.

2023-11-08 10:19:56 - [MESSAGE][INFO] - [SELF-HEALING] Failed Locator: '//h1'.

2023-11-08 10:19:56 - [MESSAGE][INFO] - [SELF-HEALING] Failed Locator: '//h1[(text() = 'Customer Care' or . = 'Customer Care')]'.

2023-11-08 10:19:56 - [MESSAGE][INFO] - [SELF-HEALING] Failed Locator: '//div[@id='rightPanel']/h1'.

2023-11-08 10:19:56 - [MESSAGE][INFO] - [SELF-HEALING] Failed Locator: '//h1'.

2023-11-08 10:19:56 - [MESSAGE][INFO] - [SELF-HEALING] Failed Locator: '//h1[(text() = 'Customer Care' or . = 'Customer Care')]'.

2023-11-08 10:19:56 - [MESSAGE][INFO] - [SELF-HEALING] Failed Locator: '//div[@id='rightPanel']/h1'.

2023-11-08 10:19:56 - [MESSAGE][INFO] - [SELF-HEALING] Failed Locator: '//h1'.

2023-11-08 10:19:57 - [MESSAGE][INFO] - [SELF-HEALING] Failed Locator: '//h1[(text() = 'Customer Care' or . = 'Customer Care')]'.

2023-11-08 10:19:57 - [MESSAGE][INFO] - [SELF-HEALING] Failed Locator: '//div[@id='rightPanel']/h1'.

2023-11-08 10:19:57 - [MESSAGE][INFO] - [SELF-HEALING] Failed Locator: '//h1'.

2023-11-08 10:19:57 - [MESSAGE][INFO] - [SELF-HEALING] Failed Locator: '//h1[(text() = 'Customer Care' or . = 'Customer Care')]'.

2023-11-08 10:19:57 - [MESSAGE][INFO] - [SELF-HEALING] Failed Locator: '//div[@id='rightPanel']/h1'.

2023-11-08 10:19:57 - [MESSAGE][INFO] - [SELF-HEALING] Failed Locator: '//h1'.

2023-11-08 10:19:57 - [MESSAGE][INFO] - [SELF-HEALING] Failed Locator: '//h1[(text() = 'Customer Care' or . = 'Customer Care')]'.

2023-11-08 10:19:57 - [MESSAGE][INFO] - [SELF-HEALING] Failed Locator: '//div[@id='rightPanel']/h1'.

2023-11-08 10:19:57 - [MESSAGE][INFO] - [SELF-HEALING] Failed Locator: '//h1'.

2023-11-08 10:19:57 - [MESSAGE][INFO] - [SELF-HEALING] Failed Locator: '//h1[(text() = 'Customer Care' or . = 'Customer Care')]'.

2023-11-08 10:19:57 - [MESSAGE][INFO] - [SELF-HEALING] Failed Locator: '//div[@id='rightPanel']/h1'.

2023-11-08 10:19:57 - [MESSAGE][INFO] - [SELF-HEALING] Failed Locator: '//h1'.

2023-11-08 10:19:57 - [MESSAGE][INFO] - [SELF-HEALING] Failed Locator: '//h1[(text() = 'Customer Care' or . = 'Customer Care')]'.

2023-11-08 10:19:57 - [MESSAGE][INFO] - [SELF-HEALING] Failed Locator: '//div[@id='rightPanel']/h1'.

2023-11-08 10:19:57 - [MESSAGE][INFO] - [SELF-HEALING] Failed Locator: '//h1'.

2023-11-08 10:19:57 - [MESSAGE][INFO] - [SELF-HEALING] Failed Locator: '//h1[(text() = 'Customer Care' or . = 'Customer Care')]'.

2023-11-08 10:19:57 - [MESSAGE][INFO] - [SELF-HEALING] Failed Locator: '//div[@id='rightPanel']/h1'.

2023-11-08 10:19:57 - [MESSAGE][INFO] - [SELF-HEALING] Failed Locator: '//h1'.

2023-11-08 10:19:57 - [MESSAGE][INFO] - [SELF-HEALING] Failed Locator: '//h1[(text() = 'Customer Care' or . = 'Customer Care')]'.

2023-11-08 10:19:57 - [MESSAGE][INFO] - [SELF-HEALING] Failed Locator: '//div[@id='rightPanel']/h1'.

2023-11-08 10:19:57 - [MESSAGE][INFO] - [SELF-HEALING] Failed Locator: '//h1'.

2023-11-08 10:19:57 - [MESSAGE][INFO] - [SELF-HEALING] Failed Locator: '//h1[(text() = 'Customer Care' or . = 'Customer Care')]'.

2023-11-08 10:19:57 - [MESSAGE][INFO] - [SELF-HEALING] Failed Locator: '//div[@id='rightPanel']/h1'.

2023-11-08 10:19:57 - [MESSAGE][INFO] - [SELF-HEALING] Failed Locator: '//h1'.

2023-11-08 10:19:57 - [MESSAGE][INFO] - [SELF-HEALING] Failed Locator: '//h1[(text() = 'Customer Care' or . = 'Customer Care')]'.

2023-11-08 10:19:57 - [MESSAGE][INFO] - [SELF-HEALING] Failed Locator: '//div[@id='rightPanel']/h1'.

2023-11-08 10:19:57 - [MESSAGE][INFO] - [SELF-HEALING] Failed Locator: '//h1'.

2023-11-08 10:19:57 - [MESSAGE][INFO] - [SELF-HEALING] Failed Locator: '//h1[(text() = 'Customer Care' or . = 'Customer Care')]'.

2023-11-08 10:19:57 - [MESSAGE][INFO] - [SELF-HEALING] Failed Locator: '//div[@id='rightPanel']/h1'.

2023-11-08 10:19:57 - [MESSAGE][INFO] - [SELF-HEALING] Failed Locator: '//h1'.

2023-11-08 10:19:57 - [MESSAGE][INFO] - [SELF-HEALING] Failed Locator: '//h1[(text() = 'Customer Care' or . = 'Customer Care')]'.

2023-11-08 10:19:58 - [MESSAGE][INFO] - Unable to find the element located by 'By.xpath: //*[(text() = 'Customer Care' or . = 'Customer Care')]'. Please recheck the objects properties to make sure the desired element is located. 

2023-11-08 10:19:59 - [MESSAGE][INFO] - Unable to find the element located by 'By.cssSelector: h1.title'. Please recheck the objects properties to make sure the desired element is located. 

2023-11-08 10:19:59 - [MESSAGE][FAILED] - com.kms.katalon.core.webui.exception.WebElementNotFoundException: Web element with id: 'Object Repository/Page_ParaBank  Customer Care/h1CustomerCare' located by '//div[@id='rightPanel']/h1' not found (Root cause: com.kms.katalon.core.exception.StepFailedException: com.kms.katalon.core.webui.exception.WebElementNotFoundException: Web element with id: 'Object Repository/Page_ParaBank  Customer Care/h1CustomerCare' located by '//div[@id='rightPanel']/h1' not found
	at com.kms.katalon.core.webui.keyword.internal.WebUIKeywordMain.stepFailed(WebUIKeywordMain.groovy:64)
	at com.kms.katalon.core.webui.keyword.builtin.VerifyElementTextKeyword$_verifyElementText_closure1.doCall(VerifyElementTextKeyword.groovy:64)
	at com.kms.katalon.core.webui.keyword.builtin.VerifyElementTextKeyword$_verifyElementText_closure1.call(VerifyElementTextKeyword.groovy)
	at com.kms.katalon.core.webui.keyword.internal.WebUIKeywordMain.runKeyword(WebUIKeywordMain.groovy:20)
	at com.kms.katalon.core.webui.keyword.builtin.VerifyElementTextKeyword.verifyElementText(VerifyElementTextKeyword.groovy:72)
	at com.kms.katalon.core.webui.keyword.builtin.VerifyElementTextKeyword.execute(VerifyElementTextKeyword.groovy:40)
	at com.kms.katalon.core.keyword.internal.KeywordExecutor.executeKeywordForPlatform(KeywordExecutor.groovy:74)
	at com.kms.katalon.core.webui.keyword.WebUiBuiltInKeywords.verifyElementText(WebUiBuiltInKeywords.groovy:4796)
	at MTC015 - Verify Contact icon.run(MTC015 - Verify Contact icon:26)
	at com.kms.katalon.core.main.ScriptEngine.run(ScriptEngine.java:194)
	at com.kms.katalon.core.main.ScriptEngine.runScriptAsRawText(ScriptEngine.java:119)
	at com.kms.katalon.core.main.TestCaseExecutor.runScript(TestCaseExecutor.java:448)
	at com.kms.katalon.core.main.TestCaseExecutor.doExecute(TestCaseExecutor.java:439)
	at com.kms.katalon.core.main.TestCaseExecutor.processExecutionPhase(TestCaseExecutor.java:418)
	at com.kms.katalon.core.main.TestCaseExecutor.accessMainPhase(TestCaseExecutor.java:410)
	at com.kms.katalon.core.main.TestCaseExecutor.execute(TestCaseExecutor.java:285)
	at com.kms.katalon.core.common.CommonExecutor.accessTestCaseMainPhase(CommonExecutor.java:65)
	at com.kms.katalon.core.main.TestSuiteExecutor.accessTestSuiteMainPhase(TestSuiteExecutor.java:148)
	at com.kms.katalon.core.main.TestSuiteExecutor.execute(TestSuiteExecutor.java:106)
	at com.kms.katalon.core.main.TestCaseMain.startTestSuite(TestCaseMain.java:187)
	at TempTestSuite1699456150598.run(TempTestSuite1699456150598.groovy:36)
	at java.base/jdk.internal.reflect.NativeMethodAccessorImpl.invoke0(Native Method)
	at java.base/jdk.internal.reflect.NativeMethodAccessorImpl.invoke(NativeMethodAccessorImpl.java:77)
	at java.base/jdk.internal.reflect.DelegatingMethodAccessorImpl.invoke(DelegatingMethodAccessorImpl.java:43)
)
[[ATTACHMENT|C:\\Users\\GKOKABAYEVA\\Katalon Studio\\Parabank\\Reports\\20231108_100910\\Smoke Test Suites\\STS003 - Main page links verification\\20231108_100910\\1699456799619.png]]

2023-11-08 10:19:59 - [TEST_STEP][FAILED] - verifyElementPresent(findTestObject("Object Repository/Page_ParaBank  Customer Care/tableCustomerCare                                 _d1ea03"), 0): com.kms.katalon.core.webui.exception.WebElementNotFoundException: Web element with id: 'Object Repository/Page_ParaBank  Customer Care/tableCustomerCare                                 _d1ea03' located by '//form[@id='contactForm']/table' not found (Root cause: com.kms.katalon.core.exception.StepFailedException: com.kms.katalon.core.webui.exception.WebElementNotFoundException: Web element with id: 'Object Repository/Page_ParaBank  Customer Care/tableCustomerCare                                 _d1ea03' located by '//form[@id='contactForm']/table' not found
	at com.kms.katalon.core.webui.keyword.internal.WebUIKeywordMain.stepFailed(WebUIKeywordMain.groovy:64)
	at com.kms.katalon.core.webui.keyword.builtin.VerifyElementPresentKeyword$_verifyElementPresent_closure1.doCall(VerifyElementPresentKeyword.groovy:85)
	at com.kms.katalon.core.webui.keyword.builtin.VerifyElementPresentKeyword$_verifyElementPresent_closure1.call(VerifyElementPresentKeyword.groovy)
	at com.kms.katalon.core.webui.keyword.internal.WebUIKeywordMain.runKeyword(WebUIKeywordMain.groovy:20)
	at com.kms.katalon.core.webui.keyword.builtin.VerifyElementPresentKeyword.verifyElementPresent(VerifyElementPresentKeyword.groovy:92)
	at com.kms.katalon.core.webui.keyword.builtin.VerifyElementPresentKeyword.execute(VerifyElementPresentKeyword.groovy:68)
	at com.kms.katalon.core.keyword.internal.KeywordExecutor.executeKeywordForPlatform(KeywordExecutor.groovy:74)
	at com.kms.katalon.core.webui.keyword.WebUiBuiltInKeywords.verifyElementPresent(WebUiBuiltInKeywords.groovy:1464)
	at MTC015 - Verify Contact icon.run(MTC015 - Verify Contact icon:28)
	at com.kms.katalon.core.main.ScriptEngine.run(ScriptEngine.java:194)
	at com.kms.katalon.core.main.ScriptEngine.runScriptAsRawText(ScriptEngine.java:119)
	at com.kms.katalon.core.main.TestCaseExecutor.runScript(TestCaseExecutor.java:448)
	at com.kms.katalon.core.main.TestCaseExecutor.doExecute(TestCaseExecutor.java:439)
	at com.kms.katalon.core.main.TestCaseExecutor.processExecutionPhase(TestCaseExecutor.java:418)
	at com.kms.katalon.core.main.TestCaseExecutor.accessMainPhase(TestCaseExecutor.java:410)
	at com.kms.katalon.core.main.TestCaseExecutor.execute(TestCaseExecutor.java:285)
	at com.kms.katalon.core.common.CommonExecutor.accessTestCaseMainPhase(CommonExecutor.java:65)
	at com.kms.katalon.core.main.TestSuiteExecutor.accessTestSuiteMainPhase(TestSuiteExecutor.java:148)
	at com.kms.katalon.core.main.TestSuiteExecutor.execute(TestSuiteExecutor.java:106)
	at com.kms.katalon.core.main.TestCaseMain.startTestSuite(TestCaseMain.java:187)
	at TempTestSuite1699456150598.run(TempTestSuite1699456150598.groovy:36)
	at java.base/jdk.internal.reflect.NativeMethodAccessorImpl.invoke0(Native Method)
	at java.base/jdk.internal.reflect.NativeMethodAccessorImpl.invoke(NativeMethodAccessorImpl.java:77)
	at java.base/jdk.internal.reflect.DelegatingMethodAccessorImpl.invoke(DelegatingMethodAccessorImpl.java:43)
)

2023-11-08 10:19:59 - [MESSAGE][WARNING] - Timeout '0' is invalid. Using default page load timeout: '30'

2023-11-08 10:20:30 - [MESSAGE][INFO] - Unable to find the element located by 'By.xpath: //form[@id='contactForm']/table'. Please recheck the objects properties to make sure the desired element is located. 

2023-11-08 10:20:30 - [MESSAGE][FAILED] - com.kms.katalon.core.webui.exception.WebElementNotFoundException: Web element with id: 'Object Repository/Page_ParaBank  Customer Care/tableCustomerCare                                 _d1ea03' located by '//form[@id='contactForm']/table' not found (Root cause: com.kms.katalon.core.exception.StepFailedException: com.kms.katalon.core.webui.exception.WebElementNotFoundException: Web element with id: 'Object Repository/Page_ParaBank  Customer Care/tableCustomerCare                                 _d1ea03' located by '//form[@id='contactForm']/table' not found
	at com.kms.katalon.core.webui.keyword.internal.WebUIKeywordMain.stepFailed(WebUIKeywordMain.groovy:64)
	at com.kms.katalon.core.webui.keyword.builtin.VerifyElementPresentKeyword$_verifyElementPresent_closure1.doCall(VerifyElementPresentKeyword.groovy:85)
	at com.kms.katalon.core.webui.keyword.builtin.VerifyElementPresentKeyword$_verifyElementPresent_closure1.call(VerifyElementPresentKeyword.groovy)
	at com.kms.katalon.core.webui.keyword.internal.WebUIKeywordMain.runKeyword(WebUIKeywordMain.groovy:20)
	at com.kms.katalon.core.webui.keyword.builtin.VerifyElementPresentKeyword.verifyElementPresent(VerifyElementPresentKeyword.groovy:92)
	at com.kms.katalon.core.webui.keyword.builtin.VerifyElementPresentKeyword.execute(VerifyElementPresentKeyword.groovy:68)
	at com.kms.katalon.core.keyword.internal.KeywordExecutor.executeKeywordForPlatform(KeywordExecutor.groovy:74)
	at com.kms.katalon.core.webui.keyword.WebUiBuiltInKeywords.verifyElementPresent(WebUiBuiltInKeywords.groovy:1464)
	at MTC015 - Verify Contact icon.run(MTC015 - Verify Contact icon:28)
	at com.kms.katalon.core.main.ScriptEngine.run(ScriptEngine.java:194)
	at com.kms.katalon.core.main.ScriptEngine.runScriptAsRawText(ScriptEngine.java:119)
	at com.kms.katalon.core.main.TestCaseExecutor.runScript(TestCaseExecutor.java:448)
	at com.kms.katalon.core.main.TestCaseExecutor.doExecute(TestCaseExecutor.java:439)
	at com.kms.katalon.core.main.TestCaseExecutor.processExecutionPhase(TestCaseExecutor.java:418)
	at com.kms.katalon.core.main.TestCaseExecutor.accessMainPhase(TestCaseExecutor.java:410)
	at com.kms.katalon.core.main.TestCaseExecutor.execute(TestCaseExecutor.java:285)
	at com.kms.katalon.core.common.CommonExecutor.accessTestCaseMainPhase(CommonExecutor.java:65)
	at com.kms.katalon.core.main.TestSuiteExecutor.accessTestSuiteMainPhase(TestSuiteExecutor.java:148)
	at com.kms.katalon.core.main.TestSuiteExecutor.execute(TestSuiteExecutor.java:106)
	at com.kms.katalon.core.main.TestCaseMain.startTestSuite(TestCaseMain.java:187)
	at TempTestSuite1699456150598.run(TempTestSuite1699456150598.groovy:36)
	at java.base/jdk.internal.reflect.NativeMethodAccessorImpl.invoke0(Native Method)
	at java.base/jdk.internal.reflect.NativeMethodAccessorImpl.invoke(NativeMethodAccessorImpl.java:77)
	at java.base/jdk.internal.reflect.DelegatingMethodAccessorImpl.invoke(DelegatingMethodAccessorImpl.java:43)
)
[[ATTACHMENT|C:\\Users\\GKOKABAYEVA\\Katalon Studio\\Parabank\\Reports\\20231108_100910\\Smoke Test Suites\\STS003 - Main page links verification\\20231108_100910\\1699456830747.png]]

2023-11-08 10:20:30 - [TEST_STEP][PASSED] - closeBrowser(): Browser is closed

2023-11-08 10:20:30 - [MESSAGE][PASSED] - Browser is closed]]></system-out>
         <system-err><![CDATA[2023-11-08 10:18:48 - [TEST_CASE][FAILED] - Test Cases/Main Test Cases/MTC015 - Verify Contact icon: Test Cases/Main Test Cases/MTC015 - Verify Contact icon FAILED.
Reason:
com.kms.katalon.core.exception.StepFailedException: Unable to click on object 'Object Repository/Page_ParaBank  Welcome  Online Banking/iconContact' (Root cause: com.kms.katalon.core.exception.StepFailedException: Unable to click on object 'Object Repository/Page_ParaBank  Welcome  Online Banking/iconContact'
	at com.kms.katalon.core.webui.keyword.internal.WebUIKeywordMain.stepFailed(WebUIKeywordMain.groovy:64)
	at com.kms.katalon.core.webui.keyword.internal.WebUIKeywordMain.runKeyword(WebUIKeywordMain.groovy:26)
	at com.kms.katalon.core.webui.keyword.builtin.ClickKeyword.click(ClickKeyword.groovy:74)
	at com.kms.katalon.core.webui.keyword.builtin.ClickKeyword.execute(ClickKeyword.groovy:40)
	at com.kms.katalon.core.keyword.internal.KeywordExecutor.executeKeywordForPlatform(KeywordExecutor.groovy:74)
	at com.kms.katalon.core.webui.keyword.WebUiBuiltInKeywords.click(WebUiBuiltInKeywords.groovy:620)
	at MTC015 - Verify Contact icon.run(MTC015 - Verify Contact icon:22)
	at com.kms.katalon.core.main.ScriptEngine.run(ScriptEngine.java:194)
	at com.kms.katalon.core.main.ScriptEngine.runScriptAsRawText(ScriptEngine.java:119)
	at com.kms.katalon.core.main.TestCaseExecutor.runScript(TestCaseExecutor.java:448)
	at com.kms.katalon.core.main.TestCaseExecutor.doExecute(TestCaseExecutor.java:439)
	at com.kms.katalon.core.main.TestCaseExecutor.processExecutionPhase(TestCaseExecutor.java:418)
	at com.kms.katalon.core.main.TestCaseExecutor.accessMainPhase(TestCaseExecutor.java:410)
	at com.kms.katalon.core.main.TestCaseExecutor.execute(TestCaseExecutor.java:285)
	at com.kms.katalon.core.common.CommonExecutor.accessTestCaseMainPhase(CommonExecutor.java:65)
	at com.kms.katalon.core.main.TestSuiteExecutor.accessTestSuiteMainPhase(TestSuiteExecutor.java:148)
	at com.kms.katalon.core.main.TestSuiteExecutor.execute(TestSuiteExecutor.java:106)
	at com.kms.katalon.core.main.TestCaseMain.startTestSuite(TestCaseMain.java:187)
	at TempTestSuite1699456150598.run(TempTestSuite1699456150598.groovy:36)
	at java.base/jdk.internal.reflect.NativeMethodAccessorImpl.invoke0(Native Method)
	at java.base/jdk.internal.reflect.NativeMethodAccessorImpl.invoke(NativeMethodAccessorImpl.java:77)
	at java.base/jdk.internal.reflect.DelegatingMethodAccessorImpl.invoke(DelegatingMethodAccessorImpl.java:43)
Caused by: com.kms.katalon.core.webui.exception.WebElementNotFoundException: Web element with id: 'Object Repository/Page_ParaBank  Welcome  Online Banking/iconContact' located by '//div[@id='headerPanel']/ul[2]/li[3]/a' not found
	at com.kms.katalon.core.webui.common.WebUiCommonHelper.findWebElement(WebUiCommonHelper.java:1379)
	at com.kms.katalon.core.webui.keyword.internal.WebUIAbstractKeyword.findWebElement(WebUIAbstractKeyword.groovy:27)
	at com.kms.katalon.core.webui.keyword.builtin.ClickKeyword$_click_closure1.doCall(ClickKeyword.groovy:65)
	at com.kms.katalon.core.webui.keyword.builtin.ClickKeyword$_click_closure1.call(ClickKeyword.groovy)
	at com.kms.katalon.core.webui.keyword.internal.WebUIKeywordMain.runKeyword(WebUIKeywordMain.groovy:20)
	at com.kms.katalon.core.webui.keyword.builtin.ClickKeyword.click(ClickKeyword.groovy:74)
	at com.kms.katalon.core.webui.keyword.builtin.ClickKeyword.execute(ClickKeyword.groovy:40)
	at com.kms.katalon.core.keyword.internal.KeywordExecutor.executeKeywordForPlatform(KeywordExecutor.groovy:74)
	at com.kms.katalon.core.webui.keyword.WebUiBuiltInKeywords.click(WebUiBuiltInKeywords.groovy:620)
	at Script1699015885966.run(Script1699015885966.groovy:22)
	... 15 more
)
	at com.kms.katalon.core.keyword.internal.KeywordMain.stepFailed(KeywordMain.groovy:39)
	at com.kms.katalon.core.webui.keyword.internal.WebUIKeywordMain.stepFailed(WebUIKeywordMain.groovy:64)
	at com.kms.katalon.core.webui.keyword.internal.WebUIKeywordMain.runKeyword(WebUIKeywordMain.groovy:26)
	at com.kms.katalon.core.webui.keyword.builtin.ClickKeyword.click(ClickKeyword.groovy:74)
	at com.kms.katalon.core.webui.keyword.builtin.ClickKeyword.execute(ClickKeyword.groovy:40)
	at com.kms.katalon.core.keyword.internal.KeywordExecutor.executeKeywordForPlatform(KeywordExecutor.groovy:74)
	at com.kms.katalon.core.webui.keyword.WebUiBuiltInKeywords.click(WebUiBuiltInKeywords.groovy:620)
	at MTC015 - Verify Contact icon.run(MTC015 - Verify Contact icon:22)
	at com.kms.katalon.core.main.ScriptEngine.run(ScriptEngine.java:194)
	at com.kms.katalon.core.main.ScriptEngine.runScriptAsRawText(ScriptEngine.java:119)
	at com.kms.katalon.core.main.TestCaseExecutor.runScript(TestCaseExecutor.java:448)
	at com.kms.katalon.core.main.TestCaseExecutor.doExecute(TestCaseExecutor.java:439)
	at com.kms.katalon.core.main.TestCaseExecutor.processExecutionPhase(TestCaseExecutor.java:418)
	at com.kms.katalon.core.main.TestCaseExecutor.accessMainPhase(TestCaseExecutor.java:410)
	at com.kms.katalon.core.main.TestCaseExecutor.execute(TestCaseExecutor.java:285)
	at com.kms.katalon.core.common.CommonExecutor.accessTestCaseMainPhase(CommonExecutor.java:65)
	at com.kms.katalon.core.main.TestSuiteExecutor.accessTestSuiteMainPhase(TestSuiteExecutor.java:148)
	at com.kms.katalon.core.main.TestSuiteExecutor.execute(TestSuiteExecutor.java:106)
	at com.kms.katalon.core.main.TestCaseMain.startTestSuite(TestCaseMain.java:187)
	at TempTestSuite1699456150598.run(TempTestSuite1699456150598.groovy:36)
	at java.base/jdk.internal.reflect.NativeMethodAccessorImpl.invoke0(Native Method)
	at java.base/jdk.internal.reflect.NativeMethodAccessorImpl.invoke(NativeMethodAccessorImpl.java:77)
	at java.base/jdk.internal.reflect.DelegatingMethodAccessorImpl.invoke(DelegatingMethodAccessorImpl.java:43)
Caused by: com.kms.katalon.core.exception.StepFailedException: Unable to click on object 'Object Repository/Page_ParaBank  Welcome  Online Banking/iconContact'
	... 22 more
Caused by: com.kms.katalon.core.webui.exception.WebElementNotFoundException: Web element with id: 'Object Repository/Page_ParaBank  Welcome  Online Banking/iconContact' located by '//div[@id='headerPanel']/ul[2]/li[3]/a' not found
	at com.kms.katalon.core.webui.common.WebUiCommonHelper.findWebElement(WebUiCommonHelper.java:1379)
	at com.kms.katalon.core.webui.keyword.internal.WebUIAbstractKeyword.findWebElement(WebUIAbstractKeyword.groovy:27)
	at com.kms.katalon.core.webui.keyword.builtin.ClickKeyword$_click_closure1.doCall(ClickKeyword.groovy:65)
	at com.kms.katalon.core.webui.keyword.builtin.ClickKeyword$_click_closure1.call(ClickKeyword.groovy)
	at com.kms.katalon.core.webui.keyword.internal.WebUIKeywordMain.runKeyword(WebUIKeywordMain.groovy:20)
	... 20 more]]></system-err>
      </testcase>
      <testcase name="Test Cases/Main Test Cases/MTC024 - Check latest news article 1" time="70.855" classname="Test Cases/Main Test Cases/MTC024 - Check latest news article 1" status="FAILED">
         <failure type="FAILED" message="Test Cases/Main Test Cases/MTC024 - Check latest news article 1 FAILED.&#xa;Reason:&#xa;com.kms.katalon.core.exception.StepFailedException: Unable to click on object 'Object Repository/Page_ParaBank  Welcome  Online Banking/article3NewOnlineAccountTransfers' (Root cause: com.kms.katalon.core.exception.StepFailedException: Unable to click on object 'Object Repository/Page_ParaBank  Welcome  Online Banking/article3NewOnlineAccountTransfers'&#xa;	at com.kms.katalon.core.webui.keyword.internal.WebUIKeywordMain.stepFailed(WebUIKeywordMain.groovy:64)&#xa;	at com.kms.katalon.core.webui.keyword.internal.WebUIKeywordMain.runKeyword(WebUIKeywordMain.groovy:26)&#xa;	at com.kms.katalon.core.webui.keyword.builtin.ClickKeyword.click(ClickKeyword.groovy:74)&#xa;	at com.kms.katalon.core.webui.keyword.builtin.ClickKeyword.execute(ClickKeyword.groovy:40)&#xa;	at com.kms.katalon.core.keyword.internal.KeywordExecutor.executeKeywordForPlatform(KeywordExecutor.groovy:74)&#xa;	at com.kms.katalon.core.webui.keyword.WebUiBuiltInKeywords.click(WebUiBuiltInKeywords.groovy:620)&#xa;	at MTC024 - Check latest news article 1.run(MTC024 - Check latest news article 1:22)&#xa;	at com.kms.katalon.core.main.ScriptEngine.run(ScriptEngine.java:194)&#xa;	at com.kms.katalon.core.main.ScriptEngine.runScriptAsRawText(ScriptEngine.java:119)&#xa;	at com.kms.katalon.core.main.TestCaseExecutor.runScript(TestCaseExecutor.java:448)&#xa;	at com.kms.katalon.core.main.TestCaseExecutor.doExecute(TestCaseExecutor.java:439)&#xa;	at com.kms.katalon.core.main.TestCaseExecutor.processExecutionPhase(TestCaseExecutor.java:418)&#xa;	at com.kms.katalon.core.main.TestCaseExecutor.accessMainPhase(TestCaseExecutor.java:410)&#xa;	at com.kms.katalon.core.main.TestCaseExecutor.execute(TestCaseExecutor.java:285)&#xa;	at com.kms.katalon.core.common.CommonExecutor.accessTestCaseMainPhase(CommonExecutor.java:65)&#xa;	at com.kms.katalon.core.main.TestSuiteExecutor.accessTestSuiteMainPhase(TestSuiteExecutor.java:148)&#xa;	at com.kms.katalon.core.main.TestSuiteExecutor.execute(TestSuiteExecutor.java:106)&#xa;	at com.kms.katalon.core.main.TestCaseMain.startTestSuite(TestCaseMain.java:187)&#xa;	at TempTestSuite1699456150598.run(TempTestSuite1699456150598.groovy:36)&#xa;	at java.base/jdk.internal.reflect.NativeMethodAccessorImpl.invoke0(Native Method)&#xa;	at java.base/jdk.internal.reflect.NativeMethodAccessorImpl.invoke(NativeMethodAccessorImpl.java:77)&#xa;	at java.base/jdk.internal.reflect.DelegatingMethodAccessorImpl.invoke(DelegatingMethodAccessorImpl.java:43)&#xa;Caused by: com.kms.katalon.core.webui.exception.WebElementNotFoundException: Web element with id: 'Object Repository/Page_ParaBank  Welcome  Online Banking/article3NewOnlineAccountTransfers' located by '//div[@id='rightPanel']/ul[3]/li[4]/a' not found&#xa;	at com.kms.katalon.core.webui.common.WebUiCommonHelper.findWebElement(WebUiCommonHelper.java:1379)&#xa;	at com.kms.katalon.core.webui.keyword.internal.WebUIAbstractKeyword.findWebElement(WebUIAbstractKeyword.groovy:27)&#xa;	at com.kms.katalon.core.webui.keyword.builtin.ClickKeyword$_click_closure1.doCall(ClickKeyword.groovy:65)&#xa;	at com.kms.katalon.core.webui.keyword.builtin.ClickKeyword$_click_closure1.call(ClickKeyword.groovy)&#xa;	at com.kms.katalon.core.webui.keyword.internal.WebUIKeywordMain.runKeyword(WebUIKeywordMain.groovy:20)&#xa;	at com.kms.katalon.core.webui.keyword.builtin.ClickKeyword.click(ClickKeyword.groovy:74)&#xa;	at com.kms.katalon.core.webui.keyword.builtin.ClickKeyword.execute(ClickKeyword.groovy:40)&#xa;	at com.kms.katalon.core.keyword.internal.KeywordExecutor.executeKeywordForPlatform(KeywordExecutor.groovy:74)&#xa;	at com.kms.katalon.core.webui.keyword.WebUiBuiltInKeywords.click(WebUiBuiltInKeywords.groovy:620)&#xa;	at Script1699046881128.run(Script1699046881128.groovy:22)&#xa;	... 15 more&#xa;)&#xa;	at com.kms.katalon.core.keyword.internal.KeywordMain.stepFailed(KeywordMain.groovy:39)&#xa;	at com.kms.katalon.core.webui.keyword.internal.WebUIKeywordMain.stepFailed(WebUIKeywordMain.groovy:64)&#xa;	at com.kms.katalon.core.webui.keyword.internal.WebUIKeywordMain.runKeyword(WebUIKeywordMain.groovy:26)&#xa;	at com.kms.katalon.core.webui.keyword.builtin.ClickKeyword.click(ClickKeyword.groovy:74)&#xa;	at com.kms.katalon.core.webui.keyword.builtin.ClickKeyword.execute(ClickKeyword.groovy:40)&#xa;	at com.kms.katalon.core.keyword.internal.KeywordExecutor.executeKeywordForPlatform(KeywordExecutor.groovy:74)&#xa;	at com.kms.katalon.core.webui.keyword.WebUiBuiltInKeywords.click(WebUiBuiltInKeywords.groovy:620)&#xa;	at MTC024 - Check latest news article 1.run(MTC024 - Check latest news article 1:22)&#xa;	at com.kms.katalon.core.main.ScriptEngine.run(ScriptEngine.java:194)&#xa;	at com.kms.katalon.core.main.ScriptEngine.runScriptAsRawText(ScriptEngine.java:119)&#xa;	at com.kms.katalon.core.main.TestCaseExecutor.runScript(TestCaseExecutor.java:448)&#xa;	at com.kms.katalon.core.main.TestCaseExecutor.doExecute(TestCaseExecutor.java:439)&#xa;	at com.kms.katalon.core.main.TestCaseExecutor.processExecutionPhase(TestCaseExecutor.java:418)&#xa;	at com.kms.katalon.core.main.TestCaseExecutor.accessMainPhase(TestCaseExecutor.java:410)&#xa;	at com.kms.katalon.core.main.TestCaseExecutor.execute(TestCaseExecutor.java:285)&#xa;	at com.kms.katalon.core.common.CommonExecutor.accessTestCaseMainPhase(CommonExecutor.java:65)&#xa;	at com.kms.katalon.core.main.TestSuiteExecutor.accessTestSuiteMainPhase(TestSuiteExecutor.java:148)&#xa;	at com.kms.katalon.core.main.TestSuiteExecutor.execute(TestSuiteExecutor.java:106)&#xa;	at com.kms.katalon.core.main.TestCaseMain.startTestSuite(TestCaseMain.java:187)&#xa;	at TempTestSuite1699456150598.run(TempTestSuite1699456150598.groovy:36)&#xa;	at java.base/jdk.internal.reflect.NativeMethodAccessorImpl.invoke0(Native Method)&#xa;	at java.base/jdk.internal.reflect.NativeMethodAccessorImpl.invoke(NativeMethodAccessorImpl.java:77)&#xa;	at java.base/jdk.internal.reflect.DelegatingMethodAccessorImpl.invoke(DelegatingMethodAccessorImpl.java:43)&#xa;Caused by: com.kms.katalon.core.exception.StepFailedException: Unable to click on object 'Object Repository/Page_ParaBank  Welcome  Online Banking/article3NewOnlineAccountTransfers'&#xa;	... 22 more&#xa;Caused by: com.kms.katalon.core.webui.exception.WebElementNotFoundException: Web element with id: 'Object Repository/Page_ParaBank  Welcome  Online Banking/article3NewOnlineAccountTransfers' located by '//div[@id='rightPanel']/ul[3]/li[4]/a' not found&#xa;	at com.kms.katalon.core.webui.common.WebUiCommonHelper.findWebElement(WebUiCommonHelper.java:1379)&#xa;	at com.kms.katalon.core.webui.keyword.internal.WebUIAbstractKeyword.findWebElement(WebUIAbstractKeyword.groovy:27)&#xa;	at com.kms.katalon.core.webui.keyword.builtin.ClickKeyword$_click_closure1.doCall(ClickKeyword.groovy:65)&#xa;	at com.kms.katalon.core.webui.keyword.builtin.ClickKeyword$_click_closure1.call(ClickKeyword.groovy)&#xa;	at com.kms.katalon.core.webui.keyword.internal.WebUIKeywordMain.runKeyword(WebUIKeywordMain.groovy:20)&#xa;	... 20 more&#xa;"/>
         <system-out><![CDATA[2023-11-08 10:20:30 - [TEST_CASE][FAILED] - Test Cases/Main Test Cases/MTC024 - Check latest news article 1: Test Cases/Main Test Cases/MTC024 - Check latest news article 1 FAILED.
Reason:
com.kms.katalon.core.exception.StepFailedException: Unable to click on object 'Object Repository/Page_ParaBank  Welcome  Online Banking/article3NewOnlineAccountTransfers' (Root cause: com.kms.katalon.core.exception.StepFailedException: Unable to click on object 'Object Repository/Page_ParaBank  Welcome  Online Banking/article3NewOnlineAccountTransfers'
	at com.kms.katalon.core.webui.keyword.internal.WebUIKeywordMain.stepFailed(WebUIKeywordMain.groovy:64)
	at com.kms.katalon.core.webui.keyword.internal.WebUIKeywordMain.runKeyword(WebUIKeywordMain.groovy:26)
	at com.kms.katalon.core.webui.keyword.builtin.ClickKeyword.click(ClickKeyword.groovy:74)
	at com.kms.katalon.core.webui.keyword.builtin.ClickKeyword.execute(ClickKeyword.groovy:40)
	at com.kms.katalon.core.keyword.internal.KeywordExecutor.executeKeywordForPlatform(KeywordExecutor.groovy:74)
	at com.kms.katalon.core.webui.keyword.WebUiBuiltInKeywords.click(WebUiBuiltInKeywords.groovy:620)
	at MTC024 - Check latest news article 1.run(MTC024 - Check latest news article 1:22)
	at com.kms.katalon.core.main.ScriptEngine.run(ScriptEngine.java:194)
	at com.kms.katalon.core.main.ScriptEngine.runScriptAsRawText(ScriptEngine.java:119)
	at com.kms.katalon.core.main.TestCaseExecutor.runScript(TestCaseExecutor.java:448)
	at com.kms.katalon.core.main.TestCaseExecutor.doExecute(TestCaseExecutor.java:439)
	at com.kms.katalon.core.main.TestCaseExecutor.processExecutionPhase(TestCaseExecutor.java:418)
	at com.kms.katalon.core.main.TestCaseExecutor.accessMainPhase(TestCaseExecutor.java:410)
	at com.kms.katalon.core.main.TestCaseExecutor.execute(TestCaseExecutor.java:285)
	at com.kms.katalon.core.common.CommonExecutor.accessTestCaseMainPhase(CommonExecutor.java:65)
	at com.kms.katalon.core.main.TestSuiteExecutor.accessTestSuiteMainPhase(TestSuiteExecutor.java:148)
	at com.kms.katalon.core.main.TestSuiteExecutor.execute(TestSuiteExecutor.java:106)
	at com.kms.katalon.core.main.TestCaseMain.startTestSuite(TestCaseMain.java:187)
	at TempTestSuite1699456150598.run(TempTestSuite1699456150598.groovy:36)
	at java.base/jdk.internal.reflect.NativeMethodAccessorImpl.invoke0(Native Method)
	at java.base/jdk.internal.reflect.NativeMethodAccessorImpl.invoke(NativeMethodAccessorImpl.java:77)
	at java.base/jdk.internal.reflect.DelegatingMethodAccessorImpl.invoke(DelegatingMethodAccessorImpl.java:43)
Caused by: com.kms.katalon.core.webui.exception.WebElementNotFoundException: Web element with id: 'Object Repository/Page_ParaBank  Welcome  Online Banking/article3NewOnlineAccountTransfers' located by '//div[@id='rightPanel']/ul[3]/li[4]/a' not found
	at com.kms.katalon.core.webui.common.WebUiCommonHelper.findWebElement(WebUiCommonHelper.java:1379)
	at com.kms.katalon.core.webui.keyword.internal.WebUIAbstractKeyword.findWebElement(WebUIAbstractKeyword.groovy:27)
	at com.kms.katalon.core.webui.keyword.builtin.ClickKeyword$_click_closure1.doCall(ClickKeyword.groovy:65)
	at com.kms.katalon.core.webui.keyword.builtin.ClickKeyword$_click_closure1.call(ClickKeyword.groovy)
	at com.kms.katalon.core.webui.keyword.internal.WebUIKeywordMain.runKeyword(WebUIKeywordMain.groovy:20)
	at com.kms.katalon.core.webui.keyword.builtin.ClickKeyword.click(ClickKeyword.groovy:74)
	at com.kms.katalon.core.webui.keyword.builtin.ClickKeyword.execute(ClickKeyword.groovy:40)
	at com.kms.katalon.core.keyword.internal.KeywordExecutor.executeKeywordForPlatform(KeywordExecutor.groovy:74)
	at com.kms.katalon.core.webui.keyword.WebUiBuiltInKeywords.click(WebUiBuiltInKeywords.groovy:620)
	at Script1699046881128.run(Script1699046881128.groovy:22)
	... 15 more
)
	at com.kms.katalon.core.keyword.internal.KeywordMain.stepFailed(KeywordMain.groovy:39)
	at com.kms.katalon.core.webui.keyword.internal.WebUIKeywordMain.stepFailed(WebUIKeywordMain.groovy:64)
	at com.kms.katalon.core.webui.keyword.internal.WebUIKeywordMain.runKeyword(WebUIKeywordMain.groovy:26)
	at com.kms.katalon.core.webui.keyword.builtin.ClickKeyword.click(ClickKeyword.groovy:74)
	at com.kms.katalon.core.webui.keyword.builtin.ClickKeyword.execute(ClickKeyword.groovy:40)
	at com.kms.katalon.core.keyword.internal.KeywordExecutor.executeKeywordForPlatform(KeywordExecutor.groovy:74)
	at com.kms.katalon.core.webui.keyword.WebUiBuiltInKeywords.click(WebUiBuiltInKeywords.groovy:620)
	at MTC024 - Check latest news article 1.run(MTC024 - Check latest news article 1:22)
	at com.kms.katalon.core.main.ScriptEngine.run(ScriptEngine.java:194)
	at com.kms.katalon.core.main.ScriptEngine.runScriptAsRawText(ScriptEngine.java:119)
	at com.kms.katalon.core.main.TestCaseExecutor.runScript(TestCaseExecutor.java:448)
	at com.kms.katalon.core.main.TestCaseExecutor.doExecute(TestCaseExecutor.java:439)
	at com.kms.katalon.core.main.TestCaseExecutor.processExecutionPhase(TestCaseExecutor.java:418)
	at com.kms.katalon.core.main.TestCaseExecutor.accessMainPhase(TestCaseExecutor.java:410)
	at com.kms.katalon.core.main.TestCaseExecutor.execute(TestCaseExecutor.java:285)
	at com.kms.katalon.core.common.CommonExecutor.accessTestCaseMainPhase(CommonExecutor.java:65)
	at com.kms.katalon.core.main.TestSuiteExecutor.accessTestSuiteMainPhase(TestSuiteExecutor.java:148)
	at com.kms.katalon.core.main.TestSuiteExecutor.execute(TestSuiteExecutor.java:106)
	at com.kms.katalon.core.main.TestCaseMain.startTestSuite(TestCaseMain.java:187)
	at TempTestSuite1699456150598.run(TempTestSuite1699456150598.groovy:36)
	at java.base/jdk.internal.reflect.NativeMethodAccessorImpl.invoke0(Native Method)
	at java.base/jdk.internal.reflect.NativeMethodAccessorImpl.invoke(NativeMethodAccessorImpl.java:77)
	at java.base/jdk.internal.reflect.DelegatingMethodAccessorImpl.invoke(DelegatingMethodAccessorImpl.java:43)
Caused by: com.kms.katalon.core.exception.StepFailedException: Unable to click on object 'Object Repository/Page_ParaBank  Welcome  Online Banking/article3NewOnlineAccountTransfers'
	... 22 more
Caused by: com.kms.katalon.core.webui.exception.WebElementNotFoundException: Web element with id: 'Object Repository/Page_ParaBank  Welcome  Online Banking/article3NewOnlineAccountTransfers' located by '//div[@id='rightPanel']/ul[3]/li[4]/a' not found
	at com.kms.katalon.core.webui.common.WebUiCommonHelper.findWebElement(WebUiCommonHelper.java:1379)
	at com.kms.katalon.core.webui.keyword.internal.WebUIAbstractKeyword.findWebElement(WebUIAbstractKeyword.groovy:27)
	at com.kms.katalon.core.webui.keyword.builtin.ClickKeyword$_click_closure1.doCall(ClickKeyword.groovy:65)
	at com.kms.katalon.core.webui.keyword.builtin.ClickKeyword$_click_closure1.call(ClickKeyword.groovy)
	at com.kms.katalon.core.webui.keyword.internal.WebUIKeywordMain.runKeyword(WebUIKeywordMain.groovy:20)
	... 20 more


2023-11-08 10:20:31 - [TEST_STEP][PASSED] - callTestCase(findTestCase("Reusable Test Cases/Open the webapp"), [:], CONTINUE_ON_FAILURE): Call Test Case 'Test Cases/Reusable Test Cases/Open the webapp' successfully

2023-11-08 10:20:31 - [TEST_CASE][PASSED] - Test Cases/Reusable Test Cases/Open the webapp: Test Cases/Reusable Test Cases/Open the webapp

2023-11-08 10:20:31 - [TEST_STEP][PASSED] - openBrowser(URL): Browser is opened with url: 'null'

2023-11-08 10:20:31 - [MESSAGE][INFO] - Starting 'Chrome (headless)' driver

2023-11-08 10:20:31 - [MESSAGE][INFO] - User set preference: ['property', '**window-size=1500,1000']

2023-11-08 10:20:31 - [MESSAGE][INFO] - Action delay is set to 0 milliseconds

2023-11-08 10:20:33 - [MESSAGE][WARNING] - FFmpeg was not installed! Browser Recording will be disabled. Please follow this document to install FFmpeg first: https://docs.katalon.com/katalon-studio/docs/screenshots-videos.html#browser-based-recorder

2023-11-08 10:20:33 - [MESSAGE][PASSED] - Browser is opened with url: 'null'

2023-11-08 10:20:33 - [TEST_STEP][PASSED] - maximizeWindow(): Current window maximized

2023-11-08 10:20:33 - [MESSAGE][PASSED] - Current window maximized

2023-11-08 10:20:33 - [MESSAGE][PASSED] - Call Test Case 'Test Cases/Reusable Test Cases/Open the webapp' successfully

2023-11-08 10:20:33 - [TEST_STEP][FAILED] - click(findTestObject("Page_ParaBank  Welcome  Online Banking/article3NewOnlineAccountTransfers")): Unable to click on object 'Object Repository/Page_ParaBank  Welcome  Online Banking/article3NewOnlineAccountTransfers' (Root cause: com.kms.katalon.core.exception.StepFailedException: Unable to click on object 'Object Repository/Page_ParaBank  Welcome  Online Banking/article3NewOnlineAccountTransfers'
	at com.kms.katalon.core.webui.keyword.internal.WebUIKeywordMain.stepFailed(WebUIKeywordMain.groovy:64)
	at com.kms.katalon.core.webui.keyword.internal.WebUIKeywordMain.runKeyword(WebUIKeywordMain.groovy:26)
	at com.kms.katalon.core.webui.keyword.builtin.ClickKeyword.click(ClickKeyword.groovy:74)
	at com.kms.katalon.core.webui.keyword.builtin.ClickKeyword.execute(ClickKeyword.groovy:40)
	at com.kms.katalon.core.keyword.internal.KeywordExecutor.executeKeywordForPlatform(KeywordExecutor.groovy:74)
	at com.kms.katalon.core.webui.keyword.WebUiBuiltInKeywords.click(WebUiBuiltInKeywords.groovy:620)
	at MTC024 - Check latest news article 1.run(MTC024 - Check latest news article 1:22)
	at com.kms.katalon.core.main.ScriptEngine.run(ScriptEngine.java:194)
	at com.kms.katalon.core.main.ScriptEngine.runScriptAsRawText(ScriptEngine.java:119)
	at com.kms.katalon.core.main.TestCaseExecutor.runScript(TestCaseExecutor.java:448)
	at com.kms.katalon.core.main.TestCaseExecutor.doExecute(TestCaseExecutor.java:439)
	at com.kms.katalon.core.main.TestCaseExecutor.processExecutionPhase(TestCaseExecutor.java:418)
	at com.kms.katalon.core.main.TestCaseExecutor.accessMainPhase(TestCaseExecutor.java:410)
	at com.kms.katalon.core.main.TestCaseExecutor.execute(TestCaseExecutor.java:285)
	at com.kms.katalon.core.common.CommonExecutor.accessTestCaseMainPhase(CommonExecutor.java:65)
	at com.kms.katalon.core.main.TestSuiteExecutor.accessTestSuiteMainPhase(TestSuiteExecutor.java:148)
	at com.kms.katalon.core.main.TestSuiteExecutor.execute(TestSuiteExecutor.java:106)
	at com.kms.katalon.core.main.TestCaseMain.startTestSuite(TestCaseMain.java:187)
	at TempTestSuite1699456150598.run(TempTestSuite1699456150598.groovy:36)
	at java.base/jdk.internal.reflect.NativeMethodAccessorImpl.invoke0(Native Method)
	at java.base/jdk.internal.reflect.NativeMethodAccessorImpl.invoke(NativeMethodAccessorImpl.java:77)
	at java.base/jdk.internal.reflect.DelegatingMethodAccessorImpl.invoke(DelegatingMethodAccessorImpl.java:43)
Caused by: com.kms.katalon.core.webui.exception.WebElementNotFoundException: Web element with id: 'Object Repository/Page_ParaBank  Welcome  Online Banking/article3NewOnlineAccountTransfers' located by '//div[@id='rightPanel']/ul[3]/li[4]/a' not found
	at com.kms.katalon.core.webui.common.WebUiCommonHelper.findWebElement(WebUiCommonHelper.java:1379)
	at com.kms.katalon.core.webui.keyword.internal.WebUIAbstractKeyword.findWebElement(WebUIAbstractKeyword.groovy:27)
	at com.kms.katalon.core.webui.keyword.builtin.ClickKeyword$_click_closure1.doCall(ClickKeyword.groovy:65)
	at com.kms.katalon.core.webui.keyword.builtin.ClickKeyword$_click_closure1.call(ClickKeyword.groovy)
	at com.kms.katalon.core.webui.keyword.internal.WebUIKeywordMain.runKeyword(WebUIKeywordMain.groovy:20)
	at com.kms.katalon.core.webui.keyword.builtin.ClickKeyword.click(ClickKeyword.groovy:74)
	at com.kms.katalon.core.webui.keyword.builtin.ClickKeyword.execute(ClickKeyword.groovy:40)
	at com.kms.katalon.core.keyword.internal.KeywordExecutor.executeKeywordForPlatform(KeywordExecutor.groovy:74)
	at com.kms.katalon.core.webui.keyword.WebUiBuiltInKeywords.click(WebUiBuiltInKeywords.groovy:620)
	at Script1699046881128.run(Script1699046881128.groovy:22)
	... 15 more
)

2023-11-08 10:21:04 - [MESSAGE][INFO] - Unable to find the element located by 'By.xpath: //div[@id='rightPanel']/ul[3]/li[4]/a'. Please recheck the objects properties to make sure the desired element is located. 

2023-11-08 10:21:04 - [MESSAGE][WARNING] - [SELF-HEALING] Failed to find element with id 'Object Repository/Page_ParaBank  Welcome  Online Banking/article3NewOnlineAccountTransfers'. Try using Self-healing.

2023-11-08 10:21:04 - [MESSAGE][INFO] - [SELF-HEALING] Failed Locator: '//div[@id='rightPanel']/ul[3]/li[4]/a'.

2023-11-08 10:21:04 - [MESSAGE][INFO] - [SELF-HEALING] Failed Locator: '//a[contains(text(),'New! Online Account Transfers')]'.

2023-11-08 10:21:04 - [MESSAGE][INFO] - [SELF-HEALING] Failed Locator: '//a[contains(@href, 'news.htm;jsessionid=AB529BC80FD1BA475E9C4714F2D3E2BE#4')]'.

2023-11-08 10:21:04 - [MESSAGE][INFO] - [SELF-HEALING] Failed Locator: '//ul[3]/li[4]/a'.

2023-11-08 10:21:04 - [MESSAGE][INFO] - [SELF-HEALING] Failed Locator: '//a[@href = 'news.htm;jsessionid=AB529BC80FD1BA475E9C4714F2D3E2BE#4' and (text() = 'New! Online Account Transfers' or . = 'New! Online Account Transfers')]'.

2023-11-08 10:21:04 - [MESSAGE][INFO] - [SELF-HEALING] Failed Locator: '//div[@id='rightPanel']/ul[3]/li[4]/a'.

2023-11-08 10:21:04 - [MESSAGE][INFO] - [SELF-HEALING] Failed Locator: '//a[contains(text(),'New! Online Account Transfers')]'.

2023-11-08 10:21:04 - [MESSAGE][INFO] - [SELF-HEALING] Failed Locator: '//a[contains(@href, 'news.htm;jsessionid=AB529BC80FD1BA475E9C4714F2D3E2BE#4')]'.

2023-11-08 10:21:04 - [MESSAGE][INFO] - [SELF-HEALING] Failed Locator: '//ul[3]/li[4]/a'.

2023-11-08 10:21:04 - [MESSAGE][INFO] - [SELF-HEALING] Failed Locator: '//a[@href = 'news.htm;jsessionid=AB529BC80FD1BA475E9C4714F2D3E2BE#4' and (text() = 'New! Online Account Transfers' or . = 'New! Online Account Transfers')]'.

2023-11-08 10:21:04 - [MESSAGE][INFO] - [SELF-HEALING] Failed Locator: '//div[@id='rightPanel']/ul[3]/li[4]/a'.

2023-11-08 10:21:04 - [MESSAGE][INFO] - [SELF-HEALING] Failed Locator: '//a[contains(text(),'New! Online Account Transfers')]'.

2023-11-08 10:21:04 - [MESSAGE][INFO] - [SELF-HEALING] Failed Locator: '//a[contains(@href, 'news.htm;jsessionid=AB529BC80FD1BA475E9C4714F2D3E2BE#4')]'.

2023-11-08 10:21:04 - [MESSAGE][INFO] - [SELF-HEALING] Failed Locator: '//ul[3]/li[4]/a'.

2023-11-08 10:21:04 - [MESSAGE][INFO] - [SELF-HEALING] Failed Locator: '//a[@href = 'news.htm;jsessionid=AB529BC80FD1BA475E9C4714F2D3E2BE#4' and (text() = 'New! Online Account Transfers' or . = 'New! Online Account Transfers')]'.

2023-11-08 10:21:04 - [MESSAGE][INFO] - [SELF-HEALING] Failed Locator: '//div[@id='rightPanel']/ul[3]/li[4]/a'.

2023-11-08 10:21:04 - [MESSAGE][INFO] - [SELF-HEALING] Failed Locator: '//a[contains(text(),'New! Online Account Transfers')]'.

2023-11-08 10:21:04 - [MESSAGE][INFO] - [SELF-HEALING] Failed Locator: '//a[contains(@href, 'news.htm;jsessionid=AB529BC80FD1BA475E9C4714F2D3E2BE#4')]'.

2023-11-08 10:21:04 - [MESSAGE][INFO] - [SELF-HEALING] Failed Locator: '//ul[3]/li[4]/a'.

2023-11-08 10:21:04 - [MESSAGE][INFO] - [SELF-HEALING] Failed Locator: '//a[@href = 'news.htm;jsessionid=AB529BC80FD1BA475E9C4714F2D3E2BE#4' and (text() = 'New! Online Account Transfers' or . = 'New! Online Account Transfers')]'.

2023-11-08 10:21:04 - [MESSAGE][INFO] - [SELF-HEALING] Failed Locator: '//div[@id='rightPanel']/ul[3]/li[4]/a'.

2023-11-08 10:21:04 - [MESSAGE][INFO] - [SELF-HEALING] Failed Locator: '//a[contains(text(),'New! Online Account Transfers')]'.

2023-11-08 10:21:04 - [MESSAGE][INFO] - [SELF-HEALING] Failed Locator: '//a[contains(@href, 'news.htm;jsessionid=AB529BC80FD1BA475E9C4714F2D3E2BE#4')]'.

2023-11-08 10:21:04 - [MESSAGE][INFO] - [SELF-HEALING] Failed Locator: '//ul[3]/li[4]/a'.

2023-11-08 10:21:04 - [MESSAGE][INFO] - [SELF-HEALING] Failed Locator: '//a[@href = 'news.htm;jsessionid=AB529BC80FD1BA475E9C4714F2D3E2BE#4' and (text() = 'New! Online Account Transfers' or . = 'New! Online Account Transfers')]'.

2023-11-08 10:21:04 - [MESSAGE][INFO] - [SELF-HEALING] Failed Locator: '//div[@id='rightPanel']/ul[3]/li[4]/a'.

2023-11-08 10:21:04 - [MESSAGE][INFO] - [SELF-HEALING] Failed Locator: '//a[contains(text(),'New! Online Account Transfers')]'.

2023-11-08 10:21:04 - [MESSAGE][INFO] - [SELF-HEALING] Failed Locator: '//a[contains(@href, 'news.htm;jsessionid=AB529BC80FD1BA475E9C4714F2D3E2BE#4')]'.

2023-11-08 10:21:04 - [MESSAGE][INFO] - [SELF-HEALING] Failed Locator: '//ul[3]/li[4]/a'.

2023-11-08 10:21:04 - [MESSAGE][INFO] - [SELF-HEALING] Failed Locator: '//a[@href = 'news.htm;jsessionid=AB529BC80FD1BA475E9C4714F2D3E2BE#4' and (text() = 'New! Online Account Transfers' or . = 'New! Online Account Transfers')]'.

2023-11-08 10:21:04 - [MESSAGE][INFO] - [SELF-HEALING] Failed Locator: '//div[@id='rightPanel']/ul[3]/li[4]/a'.

2023-11-08 10:21:04 - [MESSAGE][INFO] - [SELF-HEALING] Failed Locator: '//a[contains(text(),'New! Online Account Transfers')]'.

2023-11-08 10:21:04 - [MESSAGE][INFO] - [SELF-HEALING] Failed Locator: '//a[contains(@href, 'news.htm;jsessionid=AB529BC80FD1BA475E9C4714F2D3E2BE#4')]'.

2023-11-08 10:21:04 - [MESSAGE][INFO] - [SELF-HEALING] Failed Locator: '//ul[3]/li[4]/a'.

2023-11-08 10:21:04 - [MESSAGE][INFO] - [SELF-HEALING] Failed Locator: '//a[@href = 'news.htm;jsessionid=AB529BC80FD1BA475E9C4714F2D3E2BE#4' and (text() = 'New! Online Account Transfers' or . = 'New! Online Account Transfers')]'.

2023-11-08 10:21:04 - [MESSAGE][INFO] - [SELF-HEALING] Failed Locator: '//div[@id='rightPanel']/ul[3]/li[4]/a'.

2023-11-08 10:21:05 - [MESSAGE][INFO] - [SELF-HEALING] Failed Locator: '//a[contains(text(),'New! Online Account Transfers')]'.

2023-11-08 10:21:05 - [MESSAGE][INFO] - [SELF-HEALING] Failed Locator: '//a[contains(@href, 'news.htm;jsessionid=AB529BC80FD1BA475E9C4714F2D3E2BE#4')]'.

2023-11-08 10:21:05 - [MESSAGE][INFO] - [SELF-HEALING] Failed Locator: '//ul[3]/li[4]/a'.

2023-11-08 10:21:05 - [MESSAGE][INFO] - [SELF-HEALING] Failed Locator: '//a[@href = 'news.htm;jsessionid=AB529BC80FD1BA475E9C4714F2D3E2BE#4' and (text() = 'New! Online Account Transfers' or . = 'New! Online Account Transfers')]'.

2023-11-08 10:21:05 - [MESSAGE][INFO] - [SELF-HEALING] Failed Locator: '//div[@id='rightPanel']/ul[3]/li[4]/a'.

2023-11-08 10:21:05 - [MESSAGE][INFO] - [SELF-HEALING] Failed Locator: '//a[contains(text(),'New! Online Account Transfers')]'.

2023-11-08 10:21:05 - [MESSAGE][INFO] - [SELF-HEALING] Failed Locator: '//a[contains(@href, 'news.htm;jsessionid=AB529BC80FD1BA475E9C4714F2D3E2BE#4')]'.

2023-11-08 10:21:05 - [MESSAGE][INFO] - [SELF-HEALING] Failed Locator: '//ul[3]/li[4]/a'.

2023-11-08 10:21:05 - [MESSAGE][INFO] - [SELF-HEALING] Failed Locator: '//a[@href = 'news.htm;jsessionid=AB529BC80FD1BA475E9C4714F2D3E2BE#4' and (text() = 'New! Online Account Transfers' or . = 'New! Online Account Transfers')]'.

2023-11-08 10:21:05 - [MESSAGE][INFO] - [SELF-HEALING] Failed Locator: '//div[@id='rightPanel']/ul[3]/li[4]/a'.

2023-11-08 10:21:05 - [MESSAGE][INFO] - [SELF-HEALING] Failed Locator: '//a[contains(text(),'New! Online Account Transfers')]'.

2023-11-08 10:21:05 - [MESSAGE][INFO] - [SELF-HEALING] Failed Locator: '//a[contains(@href, 'news.htm;jsessionid=AB529BC80FD1BA475E9C4714F2D3E2BE#4')]'.

2023-11-08 10:21:05 - [MESSAGE][INFO] - [SELF-HEALING] Failed Locator: '//ul[3]/li[4]/a'.

2023-11-08 10:21:05 - [MESSAGE][INFO] - [SELF-HEALING] Failed Locator: '//a[@href = 'news.htm;jsessionid=AB529BC80FD1BA475E9C4714F2D3E2BE#4' and (text() = 'New! Online Account Transfers' or . = 'New! Online Account Transfers')]'.

2023-11-08 10:21:05 - [MESSAGE][INFO] - [SELF-HEALING] Failed Locator: '//div[@id='rightPanel']/ul[3]/li[4]/a'.

2023-11-08 10:21:05 - [MESSAGE][INFO] - [SELF-HEALING] Failed Locator: '//a[contains(text(),'New! Online Account Transfers')]'.

2023-11-08 10:21:05 - [MESSAGE][INFO] - [SELF-HEALING] Failed Locator: '//a[contains(@href, 'news.htm;jsessionid=AB529BC80FD1BA475E9C4714F2D3E2BE#4')]'.

2023-11-08 10:21:05 - [MESSAGE][INFO] - [SELF-HEALING] Failed Locator: '//ul[3]/li[4]/a'.

2023-11-08 10:21:05 - [MESSAGE][INFO] - [SELF-HEALING] Failed Locator: '//a[@href = 'news.htm;jsessionid=AB529BC80FD1BA475E9C4714F2D3E2BE#4' and (text() = 'New! Online Account Transfers' or . = 'New! Online Account Transfers')]'.

2023-11-08 10:21:06 - [MESSAGE][INFO] - Unable to find the element located by 'By.xpath: //*[@href = 'news.htm;jsessionid=AB529BC80FD1BA475E9C4714F2D3E2BE#4' and (text() = 'New! Online Account Transfers' or . = 'New! Online Account Transfers')]'. Please recheck the objects properties to make sure the desired element is located. 

2023-11-08 10:21:07 - [MESSAGE][INFO] - Unable to find the element located by 'By.cssSelector: ul.events > li:nth-of-type(4) > a'. Please recheck the objects properties to make sure the desired element is located. 

2023-11-08 10:21:07 - [MESSAGE][FAILED] - Unable to click on object 'Object Repository/Page_ParaBank  Welcome  Online Banking/article3NewOnlineAccountTransfers' (Root cause: com.kms.katalon.core.exception.StepFailedException: Unable to click on object 'Object Repository/Page_ParaBank  Welcome  Online Banking/article3NewOnlineAccountTransfers'
	at com.kms.katalon.core.webui.keyword.internal.WebUIKeywordMain.stepFailed(WebUIKeywordMain.groovy:64)
	at com.kms.katalon.core.webui.keyword.internal.WebUIKeywordMain.runKeyword(WebUIKeywordMain.groovy:26)
	at com.kms.katalon.core.webui.keyword.builtin.ClickKeyword.click(ClickKeyword.groovy:74)
	at com.kms.katalon.core.webui.keyword.builtin.ClickKeyword.execute(ClickKeyword.groovy:40)
	at com.kms.katalon.core.keyword.internal.KeywordExecutor.executeKeywordForPlatform(KeywordExecutor.groovy:74)
	at com.kms.katalon.core.webui.keyword.WebUiBuiltInKeywords.click(WebUiBuiltInKeywords.groovy:620)
	at MTC024 - Check latest news article 1.run(MTC024 - Check latest news article 1:22)
	at com.kms.katalon.core.main.ScriptEngine.run(ScriptEngine.java:194)
	at com.kms.katalon.core.main.ScriptEngine.runScriptAsRawText(ScriptEngine.java:119)
	at com.kms.katalon.core.main.TestCaseExecutor.runScript(TestCaseExecutor.java:448)
	at com.kms.katalon.core.main.TestCaseExecutor.doExecute(TestCaseExecutor.java:439)
	at com.kms.katalon.core.main.TestCaseExecutor.processExecutionPhase(TestCaseExecutor.java:418)
	at com.kms.katalon.core.main.TestCaseExecutor.accessMainPhase(TestCaseExecutor.java:410)
	at com.kms.katalon.core.main.TestCaseExecutor.execute(TestCaseExecutor.java:285)
	at com.kms.katalon.core.common.CommonExecutor.accessTestCaseMainPhase(CommonExecutor.java:65)
	at com.kms.katalon.core.main.TestSuiteExecutor.accessTestSuiteMainPhase(TestSuiteExecutor.java:148)
	at com.kms.katalon.core.main.TestSuiteExecutor.execute(TestSuiteExecutor.java:106)
	at com.kms.katalon.core.main.TestCaseMain.startTestSuite(TestCaseMain.java:187)
	at TempTestSuite1699456150598.run(TempTestSuite1699456150598.groovy:36)
	at java.base/jdk.internal.reflect.NativeMethodAccessorImpl.invoke0(Native Method)
	at java.base/jdk.internal.reflect.NativeMethodAccessorImpl.invoke(NativeMethodAccessorImpl.java:77)
	at java.base/jdk.internal.reflect.DelegatingMethodAccessorImpl.invoke(DelegatingMethodAccessorImpl.java:43)
Caused by: com.kms.katalon.core.webui.exception.WebElementNotFoundException: Web element with id: 'Object Repository/Page_ParaBank  Welcome  Online Banking/article3NewOnlineAccountTransfers' located by '//div[@id='rightPanel']/ul[3]/li[4]/a' not found
	at com.kms.katalon.core.webui.common.WebUiCommonHelper.findWebElement(WebUiCommonHelper.java:1379)
	at com.kms.katalon.core.webui.keyword.internal.WebUIAbstractKeyword.findWebElement(WebUIAbstractKeyword.groovy:27)
	at com.kms.katalon.core.webui.keyword.builtin.ClickKeyword$_click_closure1.doCall(ClickKeyword.groovy:65)
	at com.kms.katalon.core.webui.keyword.builtin.ClickKeyword$_click_closure1.call(ClickKeyword.groovy)
	at com.kms.katalon.core.webui.keyword.internal.WebUIKeywordMain.runKeyword(WebUIKeywordMain.groovy:20)
	at com.kms.katalon.core.webui.keyword.builtin.ClickKeyword.click(ClickKeyword.groovy:74)
	at com.kms.katalon.core.webui.keyword.builtin.ClickKeyword.execute(ClickKeyword.groovy:40)
	at com.kms.katalon.core.keyword.internal.KeywordExecutor.executeKeywordForPlatform(KeywordExecutor.groovy:74)
	at com.kms.katalon.core.webui.keyword.WebUiBuiltInKeywords.click(WebUiBuiltInKeywords.groovy:620)
	at Script1699046881128.run(Script1699046881128.groovy:22)
	... 15 more
)
[[ATTACHMENT|C:\\Users\\GKOKABAYEVA\\Katalon Studio\\Parabank\\Reports\\20231108_100910\\Smoke Test Suites\\STS003 - Main page links verification\\20231108_100910\\1699456867388.png]]

2023-11-08 10:21:07 - [TEST_STEP][FAILED] - navigateToUrl(NEWS_URL): Unable to navigate to 'null' (Root cause: com.kms.katalon.core.exception.StepFailedException: Unable to navigate to 'null'
	at com.kms.katalon.core.webui.keyword.internal.WebUIKeywordMain.stepFailed(WebUIKeywordMain.groovy:64)
	at com.kms.katalon.core.webui.keyword.internal.WebUIKeywordMain.runKeyword(WebUIKeywordMain.groovy:26)
	at com.kms.katalon.core.webui.keyword.builtin.NavigateToUrlKeyword.navigateToUrl(NavigateToUrlKeyword.groovy:83)
	at com.kms.katalon.core.webui.keyword.builtin.NavigateToUrlKeyword.execute(NavigateToUrlKeyword.groovy:67)
	at com.kms.katalon.core.keyword.internal.KeywordExecutor.executeKeywordForPlatform(KeywordExecutor.groovy:74)
	at com.kms.katalon.core.webui.keyword.WebUiBuiltInKeywords.navigateToUrl(WebUiBuiltInKeywords.groovy:187)
	at MTC024 - Check latest news article 1.run(MTC024 - Check latest news article 1:24)
	at com.kms.katalon.core.main.ScriptEngine.run(ScriptEngine.java:194)
	at com.kms.katalon.core.main.ScriptEngine.runScriptAsRawText(ScriptEngine.java:119)
	at com.kms.katalon.core.main.TestCaseExecutor.runScript(TestCaseExecutor.java:448)
	at com.kms.katalon.core.main.TestCaseExecutor.doExecute(TestCaseExecutor.java:439)
	at com.kms.katalon.core.main.TestCaseExecutor.processExecutionPhase(TestCaseExecutor.java:418)
	at com.kms.katalon.core.main.TestCaseExecutor.accessMainPhase(TestCaseExecutor.java:410)
	at com.kms.katalon.core.main.TestCaseExecutor.execute(TestCaseExecutor.java:285)
	at com.kms.katalon.core.common.CommonExecutor.accessTestCaseMainPhase(CommonExecutor.java:65)
	at com.kms.katalon.core.main.TestSuiteExecutor.accessTestSuiteMainPhase(TestSuiteExecutor.java:148)
	at com.kms.katalon.core.main.TestSuiteExecutor.execute(TestSuiteExecutor.java:106)
	at com.kms.katalon.core.main.TestCaseMain.startTestSuite(TestCaseMain.java:187)
	at TempTestSuite1699456150598.run(TempTestSuite1699456150598.groovy:36)
	at java.base/jdk.internal.reflect.NativeMethodAccessorImpl.invoke0(Native Method)
	at java.base/jdk.internal.reflect.NativeMethodAccessorImpl.invoke(NativeMethodAccessorImpl.java:77)
	at java.base/jdk.internal.reflect.DelegatingMethodAccessorImpl.invoke(DelegatingMethodAccessorImpl.java:43)
Caused by: java.lang.IllegalArgumentException: Url cannot be null or empty
	at com.kms.katalon.core.webui.keyword.builtin.NavigateToUrlKeyword$_navigateToUrl_closure1.doCall(NavigateToUrlKeyword.groovy:75)
	at com.kms.katalon.core.webui.keyword.builtin.NavigateToUrlKeyword$_navigateToUrl_closure1.call(NavigateToUrlKeyword.groovy)
	at com.kms.katalon.core.webui.keyword.internal.WebUIKeywordMain.runKeyword(WebUIKeywordMain.groovy:20)
	at com.kms.katalon.core.webui.keyword.builtin.NavigateToUrlKeyword.navigateToUrl(NavigateToUrlKeyword.groovy:83)
	at com.kms.katalon.core.webui.keyword.builtin.NavigateToUrlKeyword.execute(NavigateToUrlKeyword.groovy:67)
	at com.kms.katalon.core.keyword.internal.KeywordExecutor.executeKeywordForPlatform(KeywordExecutor.groovy:74)
	at com.kms.katalon.core.webui.keyword.WebUiBuiltInKeywords.navigateToUrl(WebUiBuiltInKeywords.groovy:187)
	at Script1699046881128.run(Script1699046881128.groovy:24)
	... 15 more
)

2023-11-08 10:21:07 - [MESSAGE][FAILED] - Unable to navigate to 'null' (Root cause: com.kms.katalon.core.exception.StepFailedException: Unable to navigate to 'null'
	at com.kms.katalon.core.webui.keyword.internal.WebUIKeywordMain.stepFailed(WebUIKeywordMain.groovy:64)
	at com.kms.katalon.core.webui.keyword.internal.WebUIKeywordMain.runKeyword(WebUIKeywordMain.groovy:26)
	at com.kms.katalon.core.webui.keyword.builtin.NavigateToUrlKeyword.navigateToUrl(NavigateToUrlKeyword.groovy:83)
	at com.kms.katalon.core.webui.keyword.builtin.NavigateToUrlKeyword.execute(NavigateToUrlKeyword.groovy:67)
	at com.kms.katalon.core.keyword.internal.KeywordExecutor.executeKeywordForPlatform(KeywordExecutor.groovy:74)
	at com.kms.katalon.core.webui.keyword.WebUiBuiltInKeywords.navigateToUrl(WebUiBuiltInKeywords.groovy:187)
	at MTC024 - Check latest news article 1.run(MTC024 - Check latest news article 1:24)
	at com.kms.katalon.core.main.ScriptEngine.run(ScriptEngine.java:194)
	at com.kms.katalon.core.main.ScriptEngine.runScriptAsRawText(ScriptEngine.java:119)
	at com.kms.katalon.core.main.TestCaseExecutor.runScript(TestCaseExecutor.java:448)
	at com.kms.katalon.core.main.TestCaseExecutor.doExecute(TestCaseExecutor.java:439)
	at com.kms.katalon.core.main.TestCaseExecutor.processExecutionPhase(TestCaseExecutor.java:418)
	at com.kms.katalon.core.main.TestCaseExecutor.accessMainPhase(TestCaseExecutor.java:410)
	at com.kms.katalon.core.main.TestCaseExecutor.execute(TestCaseExecutor.java:285)
	at com.kms.katalon.core.common.CommonExecutor.accessTestCaseMainPhase(CommonExecutor.java:65)
	at com.kms.katalon.core.main.TestSuiteExecutor.accessTestSuiteMainPhase(TestSuiteExecutor.java:148)
	at com.kms.katalon.core.main.TestSuiteExecutor.execute(TestSuiteExecutor.java:106)
	at com.kms.katalon.core.main.TestCaseMain.startTestSuite(TestCaseMain.java:187)
	at TempTestSuite1699456150598.run(TempTestSuite1699456150598.groovy:36)
	at java.base/jdk.internal.reflect.NativeMethodAccessorImpl.invoke0(Native Method)
	at java.base/jdk.internal.reflect.NativeMethodAccessorImpl.invoke(NativeMethodAccessorImpl.java:77)
	at java.base/jdk.internal.reflect.DelegatingMethodAccessorImpl.invoke(DelegatingMethodAccessorImpl.java:43)
Caused by: java.lang.IllegalArgumentException: Url cannot be null or empty
	at com.kms.katalon.core.webui.keyword.builtin.NavigateToUrlKeyword$_navigateToUrl_closure1.doCall(NavigateToUrlKeyword.groovy:75)
	at com.kms.katalon.core.webui.keyword.builtin.NavigateToUrlKeyword$_navigateToUrl_closure1.call(NavigateToUrlKeyword.groovy)
	at com.kms.katalon.core.webui.keyword.internal.WebUIKeywordMain.runKeyword(WebUIKeywordMain.groovy:20)
	at com.kms.katalon.core.webui.keyword.builtin.NavigateToUrlKeyword.navigateToUrl(NavigateToUrlKeyword.groovy:83)
	at com.kms.katalon.core.webui.keyword.builtin.NavigateToUrlKeyword.execute(NavigateToUrlKeyword.groovy:67)
	at com.kms.katalon.core.keyword.internal.KeywordExecutor.executeKeywordForPlatform(KeywordExecutor.groovy:74)
	at com.kms.katalon.core.webui.keyword.WebUiBuiltInKeywords.navigateToUrl(WebUiBuiltInKeywords.groovy:187)
	at Script1699046881128.run(Script1699046881128.groovy:24)
	... 15 more
)
[[ATTACHMENT|C:\\Users\\GKOKABAYEVA\\Katalon Studio\\Parabank\\Reports\\20231108_100910\\Smoke Test Suites\\STS003 - Main page links verification\\20231108_100910\\1699456867454.png]]

2023-11-08 10:21:07 - [TEST_STEP][FAILED] - verifyElementText(findTestObject("Object Repository/Page_ParaBank  News/h1ParaBankNews"), expectedH1ParaBankNews): com.kms.katalon.core.webui.exception.WebElementNotFoundException: Web element with id: 'Object Repository/Page_ParaBank  News/h1ParaBankNews' located by '//div[@id='rightPanel']/h1' not found (Root cause: com.kms.katalon.core.exception.StepFailedException: com.kms.katalon.core.webui.exception.WebElementNotFoundException: Web element with id: 'Object Repository/Page_ParaBank  News/h1ParaBankNews' located by '//div[@id='rightPanel']/h1' not found
	at com.kms.katalon.core.webui.keyword.internal.WebUIKeywordMain.stepFailed(WebUIKeywordMain.groovy:64)
	at com.kms.katalon.core.webui.keyword.builtin.VerifyElementTextKeyword$_verifyElementText_closure1.doCall(VerifyElementTextKeyword.groovy:64)
	at com.kms.katalon.core.webui.keyword.builtin.VerifyElementTextKeyword$_verifyElementText_closure1.call(VerifyElementTextKeyword.groovy)
	at com.kms.katalon.core.webui.keyword.internal.WebUIKeywordMain.runKeyword(WebUIKeywordMain.groovy:20)
	at com.kms.katalon.core.webui.keyword.builtin.VerifyElementTextKeyword.verifyElementText(VerifyElementTextKeyword.groovy:72)
	at com.kms.katalon.core.webui.keyword.builtin.VerifyElementTextKeyword.execute(VerifyElementTextKeyword.groovy:40)
	at com.kms.katalon.core.keyword.internal.KeywordExecutor.executeKeywordForPlatform(KeywordExecutor.groovy:74)
	at com.kms.katalon.core.webui.keyword.WebUiBuiltInKeywords.verifyElementText(WebUiBuiltInKeywords.groovy:4796)
	at MTC024 - Check latest news article 1.run(MTC024 - Check latest news article 1:26)
	at com.kms.katalon.core.main.ScriptEngine.run(ScriptEngine.java:194)
	at com.kms.katalon.core.main.ScriptEngine.runScriptAsRawText(ScriptEngine.java:119)
	at com.kms.katalon.core.main.TestCaseExecutor.runScript(TestCaseExecutor.java:448)
	at com.kms.katalon.core.main.TestCaseExecutor.doExecute(TestCaseExecutor.java:439)
	at com.kms.katalon.core.main.TestCaseExecutor.processExecutionPhase(TestCaseExecutor.java:418)
	at com.kms.katalon.core.main.TestCaseExecutor.accessMainPhase(TestCaseExecutor.java:410)
	at com.kms.katalon.core.main.TestCaseExecutor.execute(TestCaseExecutor.java:285)
	at com.kms.katalon.core.common.CommonExecutor.accessTestCaseMainPhase(CommonExecutor.java:65)
	at com.kms.katalon.core.main.TestSuiteExecutor.accessTestSuiteMainPhase(TestSuiteExecutor.java:148)
	at com.kms.katalon.core.main.TestSuiteExecutor.execute(TestSuiteExecutor.java:106)
	at com.kms.katalon.core.main.TestCaseMain.startTestSuite(TestCaseMain.java:187)
	at TempTestSuite1699456150598.run(TempTestSuite1699456150598.groovy:36)
	at java.base/jdk.internal.reflect.NativeMethodAccessorImpl.invoke0(Native Method)
	at java.base/jdk.internal.reflect.NativeMethodAccessorImpl.invoke(NativeMethodAccessorImpl.java:77)
	at java.base/jdk.internal.reflect.DelegatingMethodAccessorImpl.invoke(DelegatingMethodAccessorImpl.java:43)
)

2023-11-08 10:21:38 - [MESSAGE][INFO] - Unable to find the element located by 'By.xpath: //div[@id='rightPanel']/h1'. Please recheck the objects properties to make sure the desired element is located. 

2023-11-08 10:21:38 - [MESSAGE][WARNING] - [SELF-HEALING] Failed to find element with id 'Object Repository/Page_ParaBank  News/h1ParaBankNews'. Try using Self-healing.

2023-11-08 10:21:38 - [MESSAGE][INFO] - [SELF-HEALING] Failed Locator: '//div[@id='rightPanel']/h1'.

2023-11-08 10:21:38 - [MESSAGE][INFO] - [SELF-HEALING] Failed Locator: '//h1'.

2023-11-08 10:21:38 - [MESSAGE][INFO] - [SELF-HEALING] Failed Locator: '//h1[(text() = 'ParaBank News' or . = 'ParaBank News')]'.

2023-11-08 10:21:38 - [MESSAGE][INFO] - [SELF-HEALING] Failed Locator: '//div[@id='rightPanel']/h1'.

2023-11-08 10:21:38 - [MESSAGE][INFO] - [SELF-HEALING] Failed Locator: '//h1'.

2023-11-08 10:21:38 - [MESSAGE][INFO] - [SELF-HEALING] Failed Locator: '//h1[(text() = 'ParaBank News' or . = 'ParaBank News')]'.

2023-11-08 10:21:38 - [MESSAGE][INFO] - [SELF-HEALING] Failed Locator: '//div[@id='rightPanel']/h1'.

2023-11-08 10:21:38 - [MESSAGE][INFO] - [SELF-HEALING] Failed Locator: '//h1'.

2023-11-08 10:21:38 - [MESSAGE][INFO] - [SELF-HEALING] Failed Locator: '//h1[(text() = 'ParaBank News' or . = 'ParaBank News')]'.

2023-11-08 10:21:38 - [MESSAGE][INFO] - [SELF-HEALING] Failed Locator: '//div[@id='rightPanel']/h1'.

2023-11-08 10:21:38 - [MESSAGE][INFO] - [SELF-HEALING] Failed Locator: '//h1'.

2023-11-08 10:21:38 - [MESSAGE][INFO] - [SELF-HEALING] Failed Locator: '//h1[(text() = 'ParaBank News' or . = 'ParaBank News')]'.

2023-11-08 10:21:38 - [MESSAGE][INFO] - [SELF-HEALING] Failed Locator: '//div[@id='rightPanel']/h1'.

2023-11-08 10:21:38 - [MESSAGE][INFO] - [SELF-HEALING] Failed Locator: '//h1'.

2023-11-08 10:21:38 - [MESSAGE][INFO] - [SELF-HEALING] Failed Locator: '//h1[(text() = 'ParaBank News' or . = 'ParaBank News')]'.

2023-11-08 10:21:38 - [MESSAGE][INFO] - [SELF-HEALING] Failed Locator: '//div[@id='rightPanel']/h1'.

2023-11-08 10:21:38 - [MESSAGE][INFO] - [SELF-HEALING] Failed Locator: '//h1'.

2023-11-08 10:21:38 - [MESSAGE][INFO] - [SELF-HEALING] Failed Locator: '//h1[(text() = 'ParaBank News' or . = 'ParaBank News')]'.

2023-11-08 10:21:38 - [MESSAGE][INFO] - [SELF-HEALING] Failed Locator: '//div[@id='rightPanel']/h1'.

2023-11-08 10:21:38 - [MESSAGE][INFO] - [SELF-HEALING] Failed Locator: '//h1'.

2023-11-08 10:21:38 - [MESSAGE][INFO] - [SELF-HEALING] Failed Locator: '//h1[(text() = 'ParaBank News' or . = 'ParaBank News')]'.

2023-11-08 10:21:38 - [MESSAGE][INFO] - [SELF-HEALING] Failed Locator: '//div[@id='rightPanel']/h1'.

2023-11-08 10:21:39 - [MESSAGE][INFO] - [SELF-HEALING] Failed Locator: '//h1'.

2023-11-08 10:21:39 - [MESSAGE][INFO] - [SELF-HEALING] Failed Locator: '//h1[(text() = 'ParaBank News' or . = 'ParaBank News')]'.

2023-11-08 10:21:39 - [MESSAGE][INFO] - [SELF-HEALING] Failed Locator: '//div[@id='rightPanel']/h1'.

2023-11-08 10:21:39 - [MESSAGE][INFO] - [SELF-HEALING] Failed Locator: '//h1'.

2023-11-08 10:21:39 - [MESSAGE][INFO] - [SELF-HEALING] Failed Locator: '//h1[(text() = 'ParaBank News' or . = 'ParaBank News')]'.

2023-11-08 10:21:39 - [MESSAGE][INFO] - [SELF-HEALING] Failed Locator: '//div[@id='rightPanel']/h1'.

2023-11-08 10:21:39 - [MESSAGE][INFO] - [SELF-HEALING] Failed Locator: '//h1'.

2023-11-08 10:21:39 - [MESSAGE][INFO] - [SELF-HEALING] Failed Locator: '//h1[(text() = 'ParaBank News' or . = 'ParaBank News')]'.

2023-11-08 10:21:39 - [MESSAGE][INFO] - [SELF-HEALING] Failed Locator: '//div[@id='rightPanel']/h1'.

2023-11-08 10:21:39 - [MESSAGE][INFO] - [SELF-HEALING] Failed Locator: '//h1'.

2023-11-08 10:21:39 - [MESSAGE][INFO] - [SELF-HEALING] Failed Locator: '//h1[(text() = 'ParaBank News' or . = 'ParaBank News')]'.

2023-11-08 10:21:39 - [MESSAGE][INFO] - [SELF-HEALING] Failed Locator: '//div[@id='rightPanel']/h1'.

2023-11-08 10:21:39 - [MESSAGE][INFO] - [SELF-HEALING] Failed Locator: '//h1'.

2023-11-08 10:21:39 - [MESSAGE][INFO] - [SELF-HEALING] Failed Locator: '//h1[(text() = 'ParaBank News' or . = 'ParaBank News')]'.

2023-11-08 10:21:39 - [MESSAGE][INFO] - [SELF-HEALING] Failed Locator: '//div[@id='rightPanel']/h1'.

2023-11-08 10:21:39 - [MESSAGE][INFO] - [SELF-HEALING] Failed Locator: '//h1'.

2023-11-08 10:21:39 - [MESSAGE][INFO] - [SELF-HEALING] Failed Locator: '//h1[(text() = 'ParaBank News' or . = 'ParaBank News')]'.

2023-11-08 10:21:39 - [MESSAGE][INFO] - [SELF-HEALING] Failed Locator: '//div[@id='rightPanel']/h1'.

2023-11-08 10:21:39 - [MESSAGE][INFO] - [SELF-HEALING] Failed Locator: '//h1'.

2023-11-08 10:21:39 - [MESSAGE][INFO] - [SELF-HEALING] Failed Locator: '//h1[(text() = 'ParaBank News' or . = 'ParaBank News')]'.

2023-11-08 10:21:39 - [MESSAGE][INFO] - [SELF-HEALING] Failed Locator: '//div[@id='rightPanel']/h1'.

2023-11-08 10:21:39 - [MESSAGE][INFO] - [SELF-HEALING] Failed Locator: '//h1'.

2023-11-08 10:21:39 - [MESSAGE][INFO] - [SELF-HEALING] Failed Locator: '//h1[(text() = 'ParaBank News' or . = 'ParaBank News')]'.

2023-11-08 10:21:39 - [MESSAGE][INFO] - [SELF-HEALING] Failed Locator: '//div[@id='rightPanel']/h1'.

2023-11-08 10:21:39 - [MESSAGE][INFO] - [SELF-HEALING] Failed Locator: '//h1'.

2023-11-08 10:21:39 - [MESSAGE][INFO] - [SELF-HEALING] Failed Locator: '//h1[(text() = 'ParaBank News' or . = 'ParaBank News')]'.

2023-11-08 10:21:39 - [MESSAGE][INFO] - [SELF-HEALING] Failed Locator: '//div[@id='rightPanel']/h1'.

2023-11-08 10:21:39 - [MESSAGE][INFO] - [SELF-HEALING] Failed Locator: '//h1'.

2023-11-08 10:21:39 - [MESSAGE][INFO] - [SELF-HEALING] Failed Locator: '//h1[(text() = 'ParaBank News' or . = 'ParaBank News')]'.

2023-11-08 10:21:39 - [MESSAGE][INFO] - [SELF-HEALING] Failed Locator: '//div[@id='rightPanel']/h1'.

2023-11-08 10:21:39 - [MESSAGE][INFO] - [SELF-HEALING] Failed Locator: '//h1'.

2023-11-08 10:21:39 - [MESSAGE][INFO] - [SELF-HEALING] Failed Locator: '//h1[(text() = 'ParaBank News' or . = 'ParaBank News')]'.

2023-11-08 10:21:40 - [MESSAGE][INFO] - Unable to find the element located by 'By.xpath: //*[(text() = 'ParaBank News' or . = 'ParaBank News')]'. Please recheck the objects properties to make sure the desired element is located. 

2023-11-08 10:21:41 - [MESSAGE][INFO] - Unable to find the element located by 'By.cssSelector: h1.title'. Please recheck the objects properties to make sure the desired element is located. 

2023-11-08 10:21:41 - [MESSAGE][FAILED] - com.kms.katalon.core.webui.exception.WebElementNotFoundException: Web element with id: 'Object Repository/Page_ParaBank  News/h1ParaBankNews' located by '//div[@id='rightPanel']/h1' not found (Root cause: com.kms.katalon.core.exception.StepFailedException: com.kms.katalon.core.webui.exception.WebElementNotFoundException: Web element with id: 'Object Repository/Page_ParaBank  News/h1ParaBankNews' located by '//div[@id='rightPanel']/h1' not found
	at com.kms.katalon.core.webui.keyword.internal.WebUIKeywordMain.stepFailed(WebUIKeywordMain.groovy:64)
	at com.kms.katalon.core.webui.keyword.builtin.VerifyElementTextKeyword$_verifyElementText_closure1.doCall(VerifyElementTextKeyword.groovy:64)
	at com.kms.katalon.core.webui.keyword.builtin.VerifyElementTextKeyword$_verifyElementText_closure1.call(VerifyElementTextKeyword.groovy)
	at com.kms.katalon.core.webui.keyword.internal.WebUIKeywordMain.runKeyword(WebUIKeywordMain.groovy:20)
	at com.kms.katalon.core.webui.keyword.builtin.VerifyElementTextKeyword.verifyElementText(VerifyElementTextKeyword.groovy:72)
	at com.kms.katalon.core.webui.keyword.builtin.VerifyElementTextKeyword.execute(VerifyElementTextKeyword.groovy:40)
	at com.kms.katalon.core.keyword.internal.KeywordExecutor.executeKeywordForPlatform(KeywordExecutor.groovy:74)
	at com.kms.katalon.core.webui.keyword.WebUiBuiltInKeywords.verifyElementText(WebUiBuiltInKeywords.groovy:4796)
	at MTC024 - Check latest news article 1.run(MTC024 - Check latest news article 1:26)
	at com.kms.katalon.core.main.ScriptEngine.run(ScriptEngine.java:194)
	at com.kms.katalon.core.main.ScriptEngine.runScriptAsRawText(ScriptEngine.java:119)
	at com.kms.katalon.core.main.TestCaseExecutor.runScript(TestCaseExecutor.java:448)
	at com.kms.katalon.core.main.TestCaseExecutor.doExecute(TestCaseExecutor.java:439)
	at com.kms.katalon.core.main.TestCaseExecutor.processExecutionPhase(TestCaseExecutor.java:418)
	at com.kms.katalon.core.main.TestCaseExecutor.accessMainPhase(TestCaseExecutor.java:410)
	at com.kms.katalon.core.main.TestCaseExecutor.execute(TestCaseExecutor.java:285)
	at com.kms.katalon.core.common.CommonExecutor.accessTestCaseMainPhase(CommonExecutor.java:65)
	at com.kms.katalon.core.main.TestSuiteExecutor.accessTestSuiteMainPhase(TestSuiteExecutor.java:148)
	at com.kms.katalon.core.main.TestSuiteExecutor.execute(TestSuiteExecutor.java:106)
	at com.kms.katalon.core.main.TestCaseMain.startTestSuite(TestCaseMain.java:187)
	at TempTestSuite1699456150598.run(TempTestSuite1699456150598.groovy:36)
	at java.base/jdk.internal.reflect.NativeMethodAccessorImpl.invoke0(Native Method)
	at java.base/jdk.internal.reflect.NativeMethodAccessorImpl.invoke(NativeMethodAccessorImpl.java:77)
	at java.base/jdk.internal.reflect.DelegatingMethodAccessorImpl.invoke(DelegatingMethodAccessorImpl.java:43)
)
[[ATTACHMENT|C:\\Users\\GKOKABAYEVA\\Katalon Studio\\Parabank\\Reports\\20231108_100910\\Smoke Test Suites\\STS003 - Main page links verification\\20231108_100910\\1699456901613.png]]

2023-11-08 10:21:41 - [TEST_STEP][PASSED] - closeBrowser(): Browser is closed

2023-11-08 10:21:41 - [MESSAGE][PASSED] - Browser is closed]]></system-out>
         <system-err><![CDATA[2023-11-08 10:20:30 - [TEST_CASE][FAILED] - Test Cases/Main Test Cases/MTC024 - Check latest news article 1: Test Cases/Main Test Cases/MTC024 - Check latest news article 1 FAILED.
Reason:
com.kms.katalon.core.exception.StepFailedException: Unable to click on object 'Object Repository/Page_ParaBank  Welcome  Online Banking/article3NewOnlineAccountTransfers' (Root cause: com.kms.katalon.core.exception.StepFailedException: Unable to click on object 'Object Repository/Page_ParaBank  Welcome  Online Banking/article3NewOnlineAccountTransfers'
	at com.kms.katalon.core.webui.keyword.internal.WebUIKeywordMain.stepFailed(WebUIKeywordMain.groovy:64)
	at com.kms.katalon.core.webui.keyword.internal.WebUIKeywordMain.runKeyword(WebUIKeywordMain.groovy:26)
	at com.kms.katalon.core.webui.keyword.builtin.ClickKeyword.click(ClickKeyword.groovy:74)
	at com.kms.katalon.core.webui.keyword.builtin.ClickKeyword.execute(ClickKeyword.groovy:40)
	at com.kms.katalon.core.keyword.internal.KeywordExecutor.executeKeywordForPlatform(KeywordExecutor.groovy:74)
	at com.kms.katalon.core.webui.keyword.WebUiBuiltInKeywords.click(WebUiBuiltInKeywords.groovy:620)
	at MTC024 - Check latest news article 1.run(MTC024 - Check latest news article 1:22)
	at com.kms.katalon.core.main.ScriptEngine.run(ScriptEngine.java:194)
	at com.kms.katalon.core.main.ScriptEngine.runScriptAsRawText(ScriptEngine.java:119)
	at com.kms.katalon.core.main.TestCaseExecutor.runScript(TestCaseExecutor.java:448)
	at com.kms.katalon.core.main.TestCaseExecutor.doExecute(TestCaseExecutor.java:439)
	at com.kms.katalon.core.main.TestCaseExecutor.processExecutionPhase(TestCaseExecutor.java:418)
	at com.kms.katalon.core.main.TestCaseExecutor.accessMainPhase(TestCaseExecutor.java:410)
	at com.kms.katalon.core.main.TestCaseExecutor.execute(TestCaseExecutor.java:285)
	at com.kms.katalon.core.common.CommonExecutor.accessTestCaseMainPhase(CommonExecutor.java:65)
	at com.kms.katalon.core.main.TestSuiteExecutor.accessTestSuiteMainPhase(TestSuiteExecutor.java:148)
	at com.kms.katalon.core.main.TestSuiteExecutor.execute(TestSuiteExecutor.java:106)
	at com.kms.katalon.core.main.TestCaseMain.startTestSuite(TestCaseMain.java:187)
	at TempTestSuite1699456150598.run(TempTestSuite1699456150598.groovy:36)
	at java.base/jdk.internal.reflect.NativeMethodAccessorImpl.invoke0(Native Method)
	at java.base/jdk.internal.reflect.NativeMethodAccessorImpl.invoke(NativeMethodAccessorImpl.java:77)
	at java.base/jdk.internal.reflect.DelegatingMethodAccessorImpl.invoke(DelegatingMethodAccessorImpl.java:43)
Caused by: com.kms.katalon.core.webui.exception.WebElementNotFoundException: Web element with id: 'Object Repository/Page_ParaBank  Welcome  Online Banking/article3NewOnlineAccountTransfers' located by '//div[@id='rightPanel']/ul[3]/li[4]/a' not found
	at com.kms.katalon.core.webui.common.WebUiCommonHelper.findWebElement(WebUiCommonHelper.java:1379)
	at com.kms.katalon.core.webui.keyword.internal.WebUIAbstractKeyword.findWebElement(WebUIAbstractKeyword.groovy:27)
	at com.kms.katalon.core.webui.keyword.builtin.ClickKeyword$_click_closure1.doCall(ClickKeyword.groovy:65)
	at com.kms.katalon.core.webui.keyword.builtin.ClickKeyword$_click_closure1.call(ClickKeyword.groovy)
	at com.kms.katalon.core.webui.keyword.internal.WebUIKeywordMain.runKeyword(WebUIKeywordMain.groovy:20)
	at com.kms.katalon.core.webui.keyword.builtin.ClickKeyword.click(ClickKeyword.groovy:74)
	at com.kms.katalon.core.webui.keyword.builtin.ClickKeyword.execute(ClickKeyword.groovy:40)
	at com.kms.katalon.core.keyword.internal.KeywordExecutor.executeKeywordForPlatform(KeywordExecutor.groovy:74)
	at com.kms.katalon.core.webui.keyword.WebUiBuiltInKeywords.click(WebUiBuiltInKeywords.groovy:620)
	at Script1699046881128.run(Script1699046881128.groovy:22)
	... 15 more
)
	at com.kms.katalon.core.keyword.internal.KeywordMain.stepFailed(KeywordMain.groovy:39)
	at com.kms.katalon.core.webui.keyword.internal.WebUIKeywordMain.stepFailed(WebUIKeywordMain.groovy:64)
	at com.kms.katalon.core.webui.keyword.internal.WebUIKeywordMain.runKeyword(WebUIKeywordMain.groovy:26)
	at com.kms.katalon.core.webui.keyword.builtin.ClickKeyword.click(ClickKeyword.groovy:74)
	at com.kms.katalon.core.webui.keyword.builtin.ClickKeyword.execute(ClickKeyword.groovy:40)
	at com.kms.katalon.core.keyword.internal.KeywordExecutor.executeKeywordForPlatform(KeywordExecutor.groovy:74)
	at com.kms.katalon.core.webui.keyword.WebUiBuiltInKeywords.click(WebUiBuiltInKeywords.groovy:620)
	at MTC024 - Check latest news article 1.run(MTC024 - Check latest news article 1:22)
	at com.kms.katalon.core.main.ScriptEngine.run(ScriptEngine.java:194)
	at com.kms.katalon.core.main.ScriptEngine.runScriptAsRawText(ScriptEngine.java:119)
	at com.kms.katalon.core.main.TestCaseExecutor.runScript(TestCaseExecutor.java:448)
	at com.kms.katalon.core.main.TestCaseExecutor.doExecute(TestCaseExecutor.java:439)
	at com.kms.katalon.core.main.TestCaseExecutor.processExecutionPhase(TestCaseExecutor.java:418)
	at com.kms.katalon.core.main.TestCaseExecutor.accessMainPhase(TestCaseExecutor.java:410)
	at com.kms.katalon.core.main.TestCaseExecutor.execute(TestCaseExecutor.java:285)
	at com.kms.katalon.core.common.CommonExecutor.accessTestCaseMainPhase(CommonExecutor.java:65)
	at com.kms.katalon.core.main.TestSuiteExecutor.accessTestSuiteMainPhase(TestSuiteExecutor.java:148)
	at com.kms.katalon.core.main.TestSuiteExecutor.execute(TestSuiteExecutor.java:106)
	at com.kms.katalon.core.main.TestCaseMain.startTestSuite(TestCaseMain.java:187)
	at TempTestSuite1699456150598.run(TempTestSuite1699456150598.groovy:36)
	at java.base/jdk.internal.reflect.NativeMethodAccessorImpl.invoke0(Native Method)
	at java.base/jdk.internal.reflect.NativeMethodAccessorImpl.invoke(NativeMethodAccessorImpl.java:77)
	at java.base/jdk.internal.reflect.DelegatingMethodAccessorImpl.invoke(DelegatingMethodAccessorImpl.java:43)
Caused by: com.kms.katalon.core.exception.StepFailedException: Unable to click on object 'Object Repository/Page_ParaBank  Welcome  Online Banking/article3NewOnlineAccountTransfers'
	... 22 more
Caused by: com.kms.katalon.core.webui.exception.WebElementNotFoundException: Web element with id: 'Object Repository/Page_ParaBank  Welcome  Online Banking/article3NewOnlineAccountTransfers' located by '//div[@id='rightPanel']/ul[3]/li[4]/a' not found
	at com.kms.katalon.core.webui.common.WebUiCommonHelper.findWebElement(WebUiCommonHelper.java:1379)
	at com.kms.katalon.core.webui.keyword.internal.WebUIAbstractKeyword.findWebElement(WebUIAbstractKeyword.groovy:27)
	at com.kms.katalon.core.webui.keyword.builtin.ClickKeyword$_click_closure1.doCall(ClickKeyword.groovy:65)
	at com.kms.katalon.core.webui.keyword.builtin.ClickKeyword$_click_closure1.call(ClickKeyword.groovy)
	at com.kms.katalon.core.webui.keyword.internal.WebUIKeywordMain.runKeyword(WebUIKeywordMain.groovy:20)
	... 20 more]]></system-err>
      </testcase>
      <testcase name="Test Cases/Main Test Cases/MTC025 - Check latest news article 2" time="71.032" classname="Test Cases/Main Test Cases/MTC025 - Check latest news article 2" status="FAILED">
         <failure type="FAILED" message="Test Cases/Main Test Cases/MTC025 - Check latest news article 2 FAILED.&#xa;Reason:&#xa;com.kms.katalon.core.exception.StepFailedException: Unable to click on object 'Object Repository/Page_ParaBank  Welcome  Online Banking/article2NewOnlineBillPay' (Root cause: com.kms.katalon.core.exception.StepFailedException: Unable to click on object 'Object Repository/Page_ParaBank  Welcome  Online Banking/article2NewOnlineBillPay'&#xa;	at com.kms.katalon.core.webui.keyword.internal.WebUIKeywordMain.stepFailed(WebUIKeywordMain.groovy:64)&#xa;	at com.kms.katalon.core.webui.keyword.internal.WebUIKeywordMain.runKeyword(WebUIKeywordMain.groovy:26)&#xa;	at com.kms.katalon.core.webui.keyword.builtin.ClickKeyword.click(ClickKeyword.groovy:74)&#xa;	at com.kms.katalon.core.webui.keyword.builtin.ClickKeyword.execute(ClickKeyword.groovy:40)&#xa;	at com.kms.katalon.core.keyword.internal.KeywordExecutor.executeKeywordForPlatform(KeywordExecutor.groovy:74)&#xa;	at com.kms.katalon.core.webui.keyword.WebUiBuiltInKeywords.click(WebUiBuiltInKeywords.groovy:620)&#xa;	at MTC025 - Check latest news article 2.run(MTC025 - Check latest news article 2:22)&#xa;	at com.kms.katalon.core.main.ScriptEngine.run(ScriptEngine.java:194)&#xa;	at com.kms.katalon.core.main.ScriptEngine.runScriptAsRawText(ScriptEngine.java:119)&#xa;	at com.kms.katalon.core.main.TestCaseExecutor.runScript(TestCaseExecutor.java:448)&#xa;	at com.kms.katalon.core.main.TestCaseExecutor.doExecute(TestCaseExecutor.java:439)&#xa;	at com.kms.katalon.core.main.TestCaseExecutor.processExecutionPhase(TestCaseExecutor.java:418)&#xa;	at com.kms.katalon.core.main.TestCaseExecutor.accessMainPhase(TestCaseExecutor.java:410)&#xa;	at com.kms.katalon.core.main.TestCaseExecutor.execute(TestCaseExecutor.java:285)&#xa;	at com.kms.katalon.core.common.CommonExecutor.accessTestCaseMainPhase(CommonExecutor.java:65)&#xa;	at com.kms.katalon.core.main.TestSuiteExecutor.accessTestSuiteMainPhase(TestSuiteExecutor.java:148)&#xa;	at com.kms.katalon.core.main.TestSuiteExecutor.execute(TestSuiteExecutor.java:106)&#xa;	at com.kms.katalon.core.main.TestCaseMain.startTestSuite(TestCaseMain.java:187)&#xa;	at TempTestSuite1699456150598.run(TempTestSuite1699456150598.groovy:36)&#xa;	at java.base/jdk.internal.reflect.NativeMethodAccessorImpl.invoke0(Native Method)&#xa;	at java.base/jdk.internal.reflect.NativeMethodAccessorImpl.invoke(NativeMethodAccessorImpl.java:77)&#xa;	at java.base/jdk.internal.reflect.DelegatingMethodAccessorImpl.invoke(DelegatingMethodAccessorImpl.java:43)&#xa;Caused by: com.kms.katalon.core.webui.exception.WebElementNotFoundException: Web element with id: 'Object Repository/Page_ParaBank  Welcome  Online Banking/article2NewOnlineBillPay' located by '//div[@id='rightPanel']/ul[3]/li[3]/a' not found&#xa;	at com.kms.katalon.core.webui.common.WebUiCommonHelper.findWebElement(WebUiCommonHelper.java:1379)&#xa;	at com.kms.katalon.core.webui.keyword.internal.WebUIAbstractKeyword.findWebElement(WebUIAbstractKeyword.groovy:27)&#xa;	at com.kms.katalon.core.webui.keyword.builtin.ClickKeyword$_click_closure1.doCall(ClickKeyword.groovy:65)&#xa;	at com.kms.katalon.core.webui.keyword.builtin.ClickKeyword$_click_closure1.call(ClickKeyword.groovy)&#xa;	at com.kms.katalon.core.webui.keyword.internal.WebUIKeywordMain.runKeyword(WebUIKeywordMain.groovy:20)&#xa;	at com.kms.katalon.core.webui.keyword.builtin.ClickKeyword.click(ClickKeyword.groovy:74)&#xa;	at com.kms.katalon.core.webui.keyword.builtin.ClickKeyword.execute(ClickKeyword.groovy:40)&#xa;	at com.kms.katalon.core.keyword.internal.KeywordExecutor.executeKeywordForPlatform(KeywordExecutor.groovy:74)&#xa;	at com.kms.katalon.core.webui.keyword.WebUiBuiltInKeywords.click(WebUiBuiltInKeywords.groovy:620)&#xa;	at Script1699046891426.run(Script1699046891426.groovy:22)&#xa;	... 15 more&#xa;)&#xa;	at com.kms.katalon.core.keyword.internal.KeywordMain.stepFailed(KeywordMain.groovy:39)&#xa;	at com.kms.katalon.core.webui.keyword.internal.WebUIKeywordMain.stepFailed(WebUIKeywordMain.groovy:64)&#xa;	at com.kms.katalon.core.webui.keyword.internal.WebUIKeywordMain.runKeyword(WebUIKeywordMain.groovy:26)&#xa;	at com.kms.katalon.core.webui.keyword.builtin.ClickKeyword.click(ClickKeyword.groovy:74)&#xa;	at com.kms.katalon.core.webui.keyword.builtin.ClickKeyword.execute(ClickKeyword.groovy:40)&#xa;	at com.kms.katalon.core.keyword.internal.KeywordExecutor.executeKeywordForPlatform(KeywordExecutor.groovy:74)&#xa;	at com.kms.katalon.core.webui.keyword.WebUiBuiltInKeywords.click(WebUiBuiltInKeywords.groovy:620)&#xa;	at MTC025 - Check latest news article 2.run(MTC025 - Check latest news article 2:22)&#xa;	at com.kms.katalon.core.main.ScriptEngine.run(ScriptEngine.java:194)&#xa;	at com.kms.katalon.core.main.ScriptEngine.runScriptAsRawText(ScriptEngine.java:119)&#xa;	at com.kms.katalon.core.main.TestCaseExecutor.runScript(TestCaseExecutor.java:448)&#xa;	at com.kms.katalon.core.main.TestCaseExecutor.doExecute(TestCaseExecutor.java:439)&#xa;	at com.kms.katalon.core.main.TestCaseExecutor.processExecutionPhase(TestCaseExecutor.java:418)&#xa;	at com.kms.katalon.core.main.TestCaseExecutor.accessMainPhase(TestCaseExecutor.java:410)&#xa;	at com.kms.katalon.core.main.TestCaseExecutor.execute(TestCaseExecutor.java:285)&#xa;	at com.kms.katalon.core.common.CommonExecutor.accessTestCaseMainPhase(CommonExecutor.java:65)&#xa;	at com.kms.katalon.core.main.TestSuiteExecutor.accessTestSuiteMainPhase(TestSuiteExecutor.java:148)&#xa;	at com.kms.katalon.core.main.TestSuiteExecutor.execute(TestSuiteExecutor.java:106)&#xa;	at com.kms.katalon.core.main.TestCaseMain.startTestSuite(TestCaseMain.java:187)&#xa;	at TempTestSuite1699456150598.run(TempTestSuite1699456150598.groovy:36)&#xa;	at java.base/jdk.internal.reflect.NativeMethodAccessorImpl.invoke0(Native Method)&#xa;	at java.base/jdk.internal.reflect.NativeMethodAccessorImpl.invoke(NativeMethodAccessorImpl.java:77)&#xa;	at java.base/jdk.internal.reflect.DelegatingMethodAccessorImpl.invoke(DelegatingMethodAccessorImpl.java:43)&#xa;Caused by: com.kms.katalon.core.exception.StepFailedException: Unable to click on object 'Object Repository/Page_ParaBank  Welcome  Online Banking/article2NewOnlineBillPay'&#xa;	... 22 more&#xa;Caused by: com.kms.katalon.core.webui.exception.WebElementNotFoundException: Web element with id: 'Object Repository/Page_ParaBank  Welcome  Online Banking/article2NewOnlineBillPay' located by '//div[@id='rightPanel']/ul[3]/li[3]/a' not found&#xa;	at com.kms.katalon.core.webui.common.WebUiCommonHelper.findWebElement(WebUiCommonHelper.java:1379)&#xa;	at com.kms.katalon.core.webui.keyword.internal.WebUIAbstractKeyword.findWebElement(WebUIAbstractKeyword.groovy:27)&#xa;	at com.kms.katalon.core.webui.keyword.builtin.ClickKeyword$_click_closure1.doCall(ClickKeyword.groovy:65)&#xa;	at com.kms.katalon.core.webui.keyword.builtin.ClickKeyword$_click_closure1.call(ClickKeyword.groovy)&#xa;	at com.kms.katalon.core.webui.keyword.internal.WebUIKeywordMain.runKeyword(WebUIKeywordMain.groovy:20)&#xa;	... 20 more&#xa;"/>
         <system-out><![CDATA[2023-11-08 10:21:41 - [TEST_CASE][FAILED] - Test Cases/Main Test Cases/MTC025 - Check latest news article 2: Test Cases/Main Test Cases/MTC025 - Check latest news article 2 FAILED.
Reason:
com.kms.katalon.core.exception.StepFailedException: Unable to click on object 'Object Repository/Page_ParaBank  Welcome  Online Banking/article2NewOnlineBillPay' (Root cause: com.kms.katalon.core.exception.StepFailedException: Unable to click on object 'Object Repository/Page_ParaBank  Welcome  Online Banking/article2NewOnlineBillPay'
	at com.kms.katalon.core.webui.keyword.internal.WebUIKeywordMain.stepFailed(WebUIKeywordMain.groovy:64)
	at com.kms.katalon.core.webui.keyword.internal.WebUIKeywordMain.runKeyword(WebUIKeywordMain.groovy:26)
	at com.kms.katalon.core.webui.keyword.builtin.ClickKeyword.click(ClickKeyword.groovy:74)
	at com.kms.katalon.core.webui.keyword.builtin.ClickKeyword.execute(ClickKeyword.groovy:40)
	at com.kms.katalon.core.keyword.internal.KeywordExecutor.executeKeywordForPlatform(KeywordExecutor.groovy:74)
	at com.kms.katalon.core.webui.keyword.WebUiBuiltInKeywords.click(WebUiBuiltInKeywords.groovy:620)
	at MTC025 - Check latest news article 2.run(MTC025 - Check latest news article 2:22)
	at com.kms.katalon.core.main.ScriptEngine.run(ScriptEngine.java:194)
	at com.kms.katalon.core.main.ScriptEngine.runScriptAsRawText(ScriptEngine.java:119)
	at com.kms.katalon.core.main.TestCaseExecutor.runScript(TestCaseExecutor.java:448)
	at com.kms.katalon.core.main.TestCaseExecutor.doExecute(TestCaseExecutor.java:439)
	at com.kms.katalon.core.main.TestCaseExecutor.processExecutionPhase(TestCaseExecutor.java:418)
	at com.kms.katalon.core.main.TestCaseExecutor.accessMainPhase(TestCaseExecutor.java:410)
	at com.kms.katalon.core.main.TestCaseExecutor.execute(TestCaseExecutor.java:285)
	at com.kms.katalon.core.common.CommonExecutor.accessTestCaseMainPhase(CommonExecutor.java:65)
	at com.kms.katalon.core.main.TestSuiteExecutor.accessTestSuiteMainPhase(TestSuiteExecutor.java:148)
	at com.kms.katalon.core.main.TestSuiteExecutor.execute(TestSuiteExecutor.java:106)
	at com.kms.katalon.core.main.TestCaseMain.startTestSuite(TestCaseMain.java:187)
	at TempTestSuite1699456150598.run(TempTestSuite1699456150598.groovy:36)
	at java.base/jdk.internal.reflect.NativeMethodAccessorImpl.invoke0(Native Method)
	at java.base/jdk.internal.reflect.NativeMethodAccessorImpl.invoke(NativeMethodAccessorImpl.java:77)
	at java.base/jdk.internal.reflect.DelegatingMethodAccessorImpl.invoke(DelegatingMethodAccessorImpl.java:43)
Caused by: com.kms.katalon.core.webui.exception.WebElementNotFoundException: Web element with id: 'Object Repository/Page_ParaBank  Welcome  Online Banking/article2NewOnlineBillPay' located by '//div[@id='rightPanel']/ul[3]/li[3]/a' not found
	at com.kms.katalon.core.webui.common.WebUiCommonHelper.findWebElement(WebUiCommonHelper.java:1379)
	at com.kms.katalon.core.webui.keyword.internal.WebUIAbstractKeyword.findWebElement(WebUIAbstractKeyword.groovy:27)
	at com.kms.katalon.core.webui.keyword.builtin.ClickKeyword$_click_closure1.doCall(ClickKeyword.groovy:65)
	at com.kms.katalon.core.webui.keyword.builtin.ClickKeyword$_click_closure1.call(ClickKeyword.groovy)
	at com.kms.katalon.core.webui.keyword.internal.WebUIKeywordMain.runKeyword(WebUIKeywordMain.groovy:20)
	at com.kms.katalon.core.webui.keyword.builtin.ClickKeyword.click(ClickKeyword.groovy:74)
	at com.kms.katalon.core.webui.keyword.builtin.ClickKeyword.execute(ClickKeyword.groovy:40)
	at com.kms.katalon.core.keyword.internal.KeywordExecutor.executeKeywordForPlatform(KeywordExecutor.groovy:74)
	at com.kms.katalon.core.webui.keyword.WebUiBuiltInKeywords.click(WebUiBuiltInKeywords.groovy:620)
	at Script1699046891426.run(Script1699046891426.groovy:22)
	... 15 more
)
	at com.kms.katalon.core.keyword.internal.KeywordMain.stepFailed(KeywordMain.groovy:39)
	at com.kms.katalon.core.webui.keyword.internal.WebUIKeywordMain.stepFailed(WebUIKeywordMain.groovy:64)
	at com.kms.katalon.core.webui.keyword.internal.WebUIKeywordMain.runKeyword(WebUIKeywordMain.groovy:26)
	at com.kms.katalon.core.webui.keyword.builtin.ClickKeyword.click(ClickKeyword.groovy:74)
	at com.kms.katalon.core.webui.keyword.builtin.ClickKeyword.execute(ClickKeyword.groovy:40)
	at com.kms.katalon.core.keyword.internal.KeywordExecutor.executeKeywordForPlatform(KeywordExecutor.groovy:74)
	at com.kms.katalon.core.webui.keyword.WebUiBuiltInKeywords.click(WebUiBuiltInKeywords.groovy:620)
	at MTC025 - Check latest news article 2.run(MTC025 - Check latest news article 2:22)
	at com.kms.katalon.core.main.ScriptEngine.run(ScriptEngine.java:194)
	at com.kms.katalon.core.main.ScriptEngine.runScriptAsRawText(ScriptEngine.java:119)
	at com.kms.katalon.core.main.TestCaseExecutor.runScript(TestCaseExecutor.java:448)
	at com.kms.katalon.core.main.TestCaseExecutor.doExecute(TestCaseExecutor.java:439)
	at com.kms.katalon.core.main.TestCaseExecutor.processExecutionPhase(TestCaseExecutor.java:418)
	at com.kms.katalon.core.main.TestCaseExecutor.accessMainPhase(TestCaseExecutor.java:410)
	at com.kms.katalon.core.main.TestCaseExecutor.execute(TestCaseExecutor.java:285)
	at com.kms.katalon.core.common.CommonExecutor.accessTestCaseMainPhase(CommonExecutor.java:65)
	at com.kms.katalon.core.main.TestSuiteExecutor.accessTestSuiteMainPhase(TestSuiteExecutor.java:148)
	at com.kms.katalon.core.main.TestSuiteExecutor.execute(TestSuiteExecutor.java:106)
	at com.kms.katalon.core.main.TestCaseMain.startTestSuite(TestCaseMain.java:187)
	at TempTestSuite1699456150598.run(TempTestSuite1699456150598.groovy:36)
	at java.base/jdk.internal.reflect.NativeMethodAccessorImpl.invoke0(Native Method)
	at java.base/jdk.internal.reflect.NativeMethodAccessorImpl.invoke(NativeMethodAccessorImpl.java:77)
	at java.base/jdk.internal.reflect.DelegatingMethodAccessorImpl.invoke(DelegatingMethodAccessorImpl.java:43)
Caused by: com.kms.katalon.core.exception.StepFailedException: Unable to click on object 'Object Repository/Page_ParaBank  Welcome  Online Banking/article2NewOnlineBillPay'
	... 22 more
Caused by: com.kms.katalon.core.webui.exception.WebElementNotFoundException: Web element with id: 'Object Repository/Page_ParaBank  Welcome  Online Banking/article2NewOnlineBillPay' located by '//div[@id='rightPanel']/ul[3]/li[3]/a' not found
	at com.kms.katalon.core.webui.common.WebUiCommonHelper.findWebElement(WebUiCommonHelper.java:1379)
	at com.kms.katalon.core.webui.keyword.internal.WebUIAbstractKeyword.findWebElement(WebUIAbstractKeyword.groovy:27)
	at com.kms.katalon.core.webui.keyword.builtin.ClickKeyword$_click_closure1.doCall(ClickKeyword.groovy:65)
	at com.kms.katalon.core.webui.keyword.builtin.ClickKeyword$_click_closure1.call(ClickKeyword.groovy)
	at com.kms.katalon.core.webui.keyword.internal.WebUIKeywordMain.runKeyword(WebUIKeywordMain.groovy:20)
	... 20 more


2023-11-08 10:21:41 - [TEST_STEP][PASSED] - callTestCase(findTestCase("Reusable Test Cases/Open the webapp"), [:], CONTINUE_ON_FAILURE): Call Test Case 'Test Cases/Reusable Test Cases/Open the webapp' successfully

2023-11-08 10:21:42 - [TEST_CASE][PASSED] - Test Cases/Reusable Test Cases/Open the webapp: Test Cases/Reusable Test Cases/Open the webapp

2023-11-08 10:21:42 - [TEST_STEP][PASSED] - openBrowser(URL): Browser is opened with url: 'null'

2023-11-08 10:21:42 - [MESSAGE][INFO] - Starting 'Chrome (headless)' driver

2023-11-08 10:21:42 - [MESSAGE][INFO] - User set preference: ['property', '**window-size=1500,1000']

2023-11-08 10:21:42 - [MESSAGE][INFO] - Action delay is set to 0 milliseconds

2023-11-08 10:21:44 - [MESSAGE][WARNING] - FFmpeg was not installed! Browser Recording will be disabled. Please follow this document to install FFmpeg first: https://docs.katalon.com/katalon-studio/docs/screenshots-videos.html#browser-based-recorder

2023-11-08 10:21:44 - [MESSAGE][PASSED] - Browser is opened with url: 'null'

2023-11-08 10:21:44 - [TEST_STEP][PASSED] - maximizeWindow(): Current window maximized

2023-11-08 10:21:44 - [MESSAGE][PASSED] - Current window maximized

2023-11-08 10:21:44 - [MESSAGE][PASSED] - Call Test Case 'Test Cases/Reusable Test Cases/Open the webapp' successfully

2023-11-08 10:21:44 - [TEST_STEP][FAILED] - click(findTestObject("Page_ParaBank  Welcome  Online Banking/article2NewOnlineBillPay")): Unable to click on object 'Object Repository/Page_ParaBank  Welcome  Online Banking/article2NewOnlineBillPay' (Root cause: com.kms.katalon.core.exception.StepFailedException: Unable to click on object 'Object Repository/Page_ParaBank  Welcome  Online Banking/article2NewOnlineBillPay'
	at com.kms.katalon.core.webui.keyword.internal.WebUIKeywordMain.stepFailed(WebUIKeywordMain.groovy:64)
	at com.kms.katalon.core.webui.keyword.internal.WebUIKeywordMain.runKeyword(WebUIKeywordMain.groovy:26)
	at com.kms.katalon.core.webui.keyword.builtin.ClickKeyword.click(ClickKeyword.groovy:74)
	at com.kms.katalon.core.webui.keyword.builtin.ClickKeyword.execute(ClickKeyword.groovy:40)
	at com.kms.katalon.core.keyword.internal.KeywordExecutor.executeKeywordForPlatform(KeywordExecutor.groovy:74)
	at com.kms.katalon.core.webui.keyword.WebUiBuiltInKeywords.click(WebUiBuiltInKeywords.groovy:620)
	at MTC025 - Check latest news article 2.run(MTC025 - Check latest news article 2:22)
	at com.kms.katalon.core.main.ScriptEngine.run(ScriptEngine.java:194)
	at com.kms.katalon.core.main.ScriptEngine.runScriptAsRawText(ScriptEngine.java:119)
	at com.kms.katalon.core.main.TestCaseExecutor.runScript(TestCaseExecutor.java:448)
	at com.kms.katalon.core.main.TestCaseExecutor.doExecute(TestCaseExecutor.java:439)
	at com.kms.katalon.core.main.TestCaseExecutor.processExecutionPhase(TestCaseExecutor.java:418)
	at com.kms.katalon.core.main.TestCaseExecutor.accessMainPhase(TestCaseExecutor.java:410)
	at com.kms.katalon.core.main.TestCaseExecutor.execute(TestCaseExecutor.java:285)
	at com.kms.katalon.core.common.CommonExecutor.accessTestCaseMainPhase(CommonExecutor.java:65)
	at com.kms.katalon.core.main.TestSuiteExecutor.accessTestSuiteMainPhase(TestSuiteExecutor.java:148)
	at com.kms.katalon.core.main.TestSuiteExecutor.execute(TestSuiteExecutor.java:106)
	at com.kms.katalon.core.main.TestCaseMain.startTestSuite(TestCaseMain.java:187)
	at TempTestSuite1699456150598.run(TempTestSuite1699456150598.groovy:36)
	at java.base/jdk.internal.reflect.NativeMethodAccessorImpl.invoke0(Native Method)
	at java.base/jdk.internal.reflect.NativeMethodAccessorImpl.invoke(NativeMethodAccessorImpl.java:77)
	at java.base/jdk.internal.reflect.DelegatingMethodAccessorImpl.invoke(DelegatingMethodAccessorImpl.java:43)
Caused by: com.kms.katalon.core.webui.exception.WebElementNotFoundException: Web element with id: 'Object Repository/Page_ParaBank  Welcome  Online Banking/article2NewOnlineBillPay' located by '//div[@id='rightPanel']/ul[3]/li[3]/a' not found
	at com.kms.katalon.core.webui.common.WebUiCommonHelper.findWebElement(WebUiCommonHelper.java:1379)
	at com.kms.katalon.core.webui.keyword.internal.WebUIAbstractKeyword.findWebElement(WebUIAbstractKeyword.groovy:27)
	at com.kms.katalon.core.webui.keyword.builtin.ClickKeyword$_click_closure1.doCall(ClickKeyword.groovy:65)
	at com.kms.katalon.core.webui.keyword.builtin.ClickKeyword$_click_closure1.call(ClickKeyword.groovy)
	at com.kms.katalon.core.webui.keyword.internal.WebUIKeywordMain.runKeyword(WebUIKeywordMain.groovy:20)
	at com.kms.katalon.core.webui.keyword.builtin.ClickKeyword.click(ClickKeyword.groovy:74)
	at com.kms.katalon.core.webui.keyword.builtin.ClickKeyword.execute(ClickKeyword.groovy:40)
	at com.kms.katalon.core.keyword.internal.KeywordExecutor.executeKeywordForPlatform(KeywordExecutor.groovy:74)
	at com.kms.katalon.core.webui.keyword.WebUiBuiltInKeywords.click(WebUiBuiltInKeywords.groovy:620)
	at Script1699046891426.run(Script1699046891426.groovy:22)
	... 15 more
)

2023-11-08 10:22:15 - [MESSAGE][INFO] - Unable to find the element located by 'By.xpath: //div[@id='rightPanel']/ul[3]/li[3]/a'. Please recheck the objects properties to make sure the desired element is located. 

2023-11-08 10:22:15 - [MESSAGE][WARNING] - [SELF-HEALING] Failed to find element with id 'Object Repository/Page_ParaBank  Welcome  Online Banking/article2NewOnlineBillPay'. Try using Self-healing.

2023-11-08 10:22:15 - [MESSAGE][INFO] - [SELF-HEALING] Failed Locator: '//div[@id='rightPanel']/ul[3]/li[3]/a'.

2023-11-08 10:22:15 - [MESSAGE][INFO] - [SELF-HEALING] Failed Locator: '//a[contains(text(),'New! Online Bill Pay')]'.

2023-11-08 10:22:15 - [MESSAGE][INFO] - [SELF-HEALING] Failed Locator: '//a[contains(@href, 'news.htm;jsessionid=09BC803E522CCC8ED3884823A5103E97#5')]'.

2023-11-08 10:22:15 - [MESSAGE][INFO] - [SELF-HEALING] Failed Locator: '//ul[3]/li[3]/a'.

2023-11-08 10:22:15 - [MESSAGE][INFO] - [SELF-HEALING] Failed Locator: '//a[@href = 'news.htm;jsessionid=09BC803E522CCC8ED3884823A5103E97#5' and (text() = 'New! Online Bill Pay' or . = 'New! Online Bill Pay')]'.

2023-11-08 10:22:15 - [MESSAGE][INFO] - [SELF-HEALING] Failed Locator: '//div[@id='rightPanel']/ul[3]/li[3]/a'.

2023-11-08 10:22:15 - [MESSAGE][INFO] - [SELF-HEALING] Failed Locator: '//a[contains(text(),'New! Online Bill Pay')]'.

2023-11-08 10:22:15 - [MESSAGE][INFO] - [SELF-HEALING] Failed Locator: '//a[contains(@href, 'news.htm;jsessionid=09BC803E522CCC8ED3884823A5103E97#5')]'.

2023-11-08 10:22:15 - [MESSAGE][INFO] - [SELF-HEALING] Failed Locator: '//ul[3]/li[3]/a'.

2023-11-08 10:22:15 - [MESSAGE][INFO] - [SELF-HEALING] Failed Locator: '//a[@href = 'news.htm;jsessionid=09BC803E522CCC8ED3884823A5103E97#5' and (text() = 'New! Online Bill Pay' or . = 'New! Online Bill Pay')]'.

2023-11-08 10:22:15 - [MESSAGE][INFO] - [SELF-HEALING] Failed Locator: '//div[@id='rightPanel']/ul[3]/li[3]/a'.

2023-11-08 10:22:15 - [MESSAGE][INFO] - [SELF-HEALING] Failed Locator: '//a[contains(text(),'New! Online Bill Pay')]'.

2023-11-08 10:22:15 - [MESSAGE][INFO] - [SELF-HEALING] Failed Locator: '//a[contains(@href, 'news.htm;jsessionid=09BC803E522CCC8ED3884823A5103E97#5')]'.

2023-11-08 10:22:15 - [MESSAGE][INFO] - [SELF-HEALING] Failed Locator: '//ul[3]/li[3]/a'.

2023-11-08 10:22:15 - [MESSAGE][INFO] - [SELF-HEALING] Failed Locator: '//a[@href = 'news.htm;jsessionid=09BC803E522CCC8ED3884823A5103E97#5' and (text() = 'New! Online Bill Pay' or . = 'New! Online Bill Pay')]'.

2023-11-08 10:22:15 - [MESSAGE][INFO] - [SELF-HEALING] Failed Locator: '//div[@id='rightPanel']/ul[3]/li[3]/a'.

2023-11-08 10:22:15 - [MESSAGE][INFO] - [SELF-HEALING] Failed Locator: '//a[contains(text(),'New! Online Bill Pay')]'.

2023-11-08 10:22:15 - [MESSAGE][INFO] - [SELF-HEALING] Failed Locator: '//a[contains(@href, 'news.htm;jsessionid=09BC803E522CCC8ED3884823A5103E97#5')]'.

2023-11-08 10:22:15 - [MESSAGE][INFO] - [SELF-HEALING] Failed Locator: '//ul[3]/li[3]/a'.

2023-11-08 10:22:15 - [MESSAGE][INFO] - [SELF-HEALING] Failed Locator: '//a[@href = 'news.htm;jsessionid=09BC803E522CCC8ED3884823A5103E97#5' and (text() = 'New! Online Bill Pay' or . = 'New! Online Bill Pay')]'.

2023-11-08 10:22:15 - [MESSAGE][INFO] - [SELF-HEALING] Failed Locator: '//div[@id='rightPanel']/ul[3]/li[3]/a'.

2023-11-08 10:22:15 - [MESSAGE][INFO] - [SELF-HEALING] Failed Locator: '//a[contains(text(),'New! Online Bill Pay')]'.

2023-11-08 10:22:15 - [MESSAGE][INFO] - [SELF-HEALING] Failed Locator: '//a[contains(@href, 'news.htm;jsessionid=09BC803E522CCC8ED3884823A5103E97#5')]'.

2023-11-08 10:22:15 - [MESSAGE][INFO] - [SELF-HEALING] Failed Locator: '//ul[3]/li[3]/a'.

2023-11-08 10:22:15 - [MESSAGE][INFO] - [SELF-HEALING] Failed Locator: '//a[@href = 'news.htm;jsessionid=09BC803E522CCC8ED3884823A5103E97#5' and (text() = 'New! Online Bill Pay' or . = 'New! Online Bill Pay')]'.

2023-11-08 10:22:15 - [MESSAGE][INFO] - [SELF-HEALING] Failed Locator: '//div[@id='rightPanel']/ul[3]/li[3]/a'.

2023-11-08 10:22:15 - [MESSAGE][INFO] - [SELF-HEALING] Failed Locator: '//a[contains(text(),'New! Online Bill Pay')]'.

2023-11-08 10:22:15 - [MESSAGE][INFO] - [SELF-HEALING] Failed Locator: '//a[contains(@href, 'news.htm;jsessionid=09BC803E522CCC8ED3884823A5103E97#5')]'.

2023-11-08 10:22:15 - [MESSAGE][INFO] - [SELF-HEALING] Failed Locator: '//ul[3]/li[3]/a'.

2023-11-08 10:22:15 - [MESSAGE][INFO] - [SELF-HEALING] Failed Locator: '//a[@href = 'news.htm;jsessionid=09BC803E522CCC8ED3884823A5103E97#5' and (text() = 'New! Online Bill Pay' or . = 'New! Online Bill Pay')]'.

2023-11-08 10:22:15 - [MESSAGE][INFO] - [SELF-HEALING] Failed Locator: '//div[@id='rightPanel']/ul[3]/li[3]/a'.

2023-11-08 10:22:15 - [MESSAGE][INFO] - [SELF-HEALING] Failed Locator: '//a[contains(text(),'New! Online Bill Pay')]'.

2023-11-08 10:22:15 - [MESSAGE][INFO] - [SELF-HEALING] Failed Locator: '//a[contains(@href, 'news.htm;jsessionid=09BC803E522CCC8ED3884823A5103E97#5')]'.

2023-11-08 10:22:15 - [MESSAGE][INFO] - [SELF-HEALING] Failed Locator: '//ul[3]/li[3]/a'.

2023-11-08 10:22:15 - [MESSAGE][INFO] - [SELF-HEALING] Failed Locator: '//a[@href = 'news.htm;jsessionid=09BC803E522CCC8ED3884823A5103E97#5' and (text() = 'New! Online Bill Pay' or . = 'New! Online Bill Pay')]'.

2023-11-08 10:22:16 - [MESSAGE][INFO] - [SELF-HEALING] Failed Locator: '//div[@id='rightPanel']/ul[3]/li[3]/a'.

2023-11-08 10:22:16 - [MESSAGE][INFO] - [SELF-HEALING] Failed Locator: '//a[contains(text(),'New! Online Bill Pay')]'.

2023-11-08 10:22:16 - [MESSAGE][INFO] - [SELF-HEALING] Failed Locator: '//a[contains(@href, 'news.htm;jsessionid=09BC803E522CCC8ED3884823A5103E97#5')]'.

2023-11-08 10:22:16 - [MESSAGE][INFO] - [SELF-HEALING] Failed Locator: '//ul[3]/li[3]/a'.

2023-11-08 10:22:16 - [MESSAGE][INFO] - [SELF-HEALING] Failed Locator: '//a[@href = 'news.htm;jsessionid=09BC803E522CCC8ED3884823A5103E97#5' and (text() = 'New! Online Bill Pay' or . = 'New! Online Bill Pay')]'.

2023-11-08 10:22:16 - [MESSAGE][INFO] - [SELF-HEALING] Failed Locator: '//div[@id='rightPanel']/ul[3]/li[3]/a'.

2023-11-08 10:22:16 - [MESSAGE][INFO] - [SELF-HEALING] Failed Locator: '//a[contains(text(),'New! Online Bill Pay')]'.

2023-11-08 10:22:16 - [MESSAGE][INFO] - [SELF-HEALING] Failed Locator: '//a[contains(@href, 'news.htm;jsessionid=09BC803E522CCC8ED3884823A5103E97#5')]'.

2023-11-08 10:22:16 - [MESSAGE][INFO] - [SELF-HEALING] Failed Locator: '//ul[3]/li[3]/a'.

2023-11-08 10:22:16 - [MESSAGE][INFO] - [SELF-HEALING] Failed Locator: '//a[@href = 'news.htm;jsessionid=09BC803E522CCC8ED3884823A5103E97#5' and (text() = 'New! Online Bill Pay' or . = 'New! Online Bill Pay')]'.

2023-11-08 10:22:16 - [MESSAGE][INFO] - [SELF-HEALING] Failed Locator: '//div[@id='rightPanel']/ul[3]/li[3]/a'.

2023-11-08 10:22:16 - [MESSAGE][INFO] - [SELF-HEALING] Failed Locator: '//a[contains(text(),'New! Online Bill Pay')]'.

2023-11-08 10:22:16 - [MESSAGE][INFO] - [SELF-HEALING] Failed Locator: '//a[contains(@href, 'news.htm;jsessionid=09BC803E522CCC8ED3884823A5103E97#5')]'.

2023-11-08 10:22:16 - [MESSAGE][INFO] - [SELF-HEALING] Failed Locator: '//ul[3]/li[3]/a'.

2023-11-08 10:22:16 - [MESSAGE][INFO] - [SELF-HEALING] Failed Locator: '//a[@href = 'news.htm;jsessionid=09BC803E522CCC8ED3884823A5103E97#5' and (text() = 'New! Online Bill Pay' or . = 'New! Online Bill Pay')]'.

2023-11-08 10:22:16 - [MESSAGE][INFO] - [SELF-HEALING] Failed Locator: '//div[@id='rightPanel']/ul[3]/li[3]/a'.

2023-11-08 10:22:16 - [MESSAGE][INFO] - [SELF-HEALING] Failed Locator: '//a[contains(text(),'New! Online Bill Pay')]'.

2023-11-08 10:22:16 - [MESSAGE][INFO] - [SELF-HEALING] Failed Locator: '//a[contains(@href, 'news.htm;jsessionid=09BC803E522CCC8ED3884823A5103E97#5')]'.

2023-11-08 10:22:16 - [MESSAGE][INFO] - [SELF-HEALING] Failed Locator: '//ul[3]/li[3]/a'.

2023-11-08 10:22:16 - [MESSAGE][INFO] - [SELF-HEALING] Failed Locator: '//a[@href = 'news.htm;jsessionid=09BC803E522CCC8ED3884823A5103E97#5' and (text() = 'New! Online Bill Pay' or . = 'New! Online Bill Pay')]'.

2023-11-08 10:22:17 - [MESSAGE][INFO] - Unable to find the element located by 'By.xpath: //*[@href = 'news.htm;jsessionid=09BC803E522CCC8ED3884823A5103E97#5' and (text() = 'New! Online Bill Pay' or . = 'New! Online Bill Pay')]'. Please recheck the objects properties to make sure the desired element is located. 

2023-11-08 10:22:18 - [MESSAGE][INFO] - Unable to find the element located by 'By.cssSelector: ul.events > li:nth-of-type(3) > a'. Please recheck the objects properties to make sure the desired element is located. 

2023-11-08 10:22:18 - [MESSAGE][FAILED] - Unable to click on object 'Object Repository/Page_ParaBank  Welcome  Online Banking/article2NewOnlineBillPay' (Root cause: com.kms.katalon.core.exception.StepFailedException: Unable to click on object 'Object Repository/Page_ParaBank  Welcome  Online Banking/article2NewOnlineBillPay'
	at com.kms.katalon.core.webui.keyword.internal.WebUIKeywordMain.stepFailed(WebUIKeywordMain.groovy:64)
	at com.kms.katalon.core.webui.keyword.internal.WebUIKeywordMain.runKeyword(WebUIKeywordMain.groovy:26)
	at com.kms.katalon.core.webui.keyword.builtin.ClickKeyword.click(ClickKeyword.groovy:74)
	at com.kms.katalon.core.webui.keyword.builtin.ClickKeyword.execute(ClickKeyword.groovy:40)
	at com.kms.katalon.core.keyword.internal.KeywordExecutor.executeKeywordForPlatform(KeywordExecutor.groovy:74)
	at com.kms.katalon.core.webui.keyword.WebUiBuiltInKeywords.click(WebUiBuiltInKeywords.groovy:620)
	at MTC025 - Check latest news article 2.run(MTC025 - Check latest news article 2:22)
	at com.kms.katalon.core.main.ScriptEngine.run(ScriptEngine.java:194)
	at com.kms.katalon.core.main.ScriptEngine.runScriptAsRawText(ScriptEngine.java:119)
	at com.kms.katalon.core.main.TestCaseExecutor.runScript(TestCaseExecutor.java:448)
	at com.kms.katalon.core.main.TestCaseExecutor.doExecute(TestCaseExecutor.java:439)
	at com.kms.katalon.core.main.TestCaseExecutor.processExecutionPhase(TestCaseExecutor.java:418)
	at com.kms.katalon.core.main.TestCaseExecutor.accessMainPhase(TestCaseExecutor.java:410)
	at com.kms.katalon.core.main.TestCaseExecutor.execute(TestCaseExecutor.java:285)
	at com.kms.katalon.core.common.CommonExecutor.accessTestCaseMainPhase(CommonExecutor.java:65)
	at com.kms.katalon.core.main.TestSuiteExecutor.accessTestSuiteMainPhase(TestSuiteExecutor.java:148)
	at com.kms.katalon.core.main.TestSuiteExecutor.execute(TestSuiteExecutor.java:106)
	at com.kms.katalon.core.main.TestCaseMain.startTestSuite(TestCaseMain.java:187)
	at TempTestSuite1699456150598.run(TempTestSuite1699456150598.groovy:36)
	at java.base/jdk.internal.reflect.NativeMethodAccessorImpl.invoke0(Native Method)
	at java.base/jdk.internal.reflect.NativeMethodAccessorImpl.invoke(NativeMethodAccessorImpl.java:77)
	at java.base/jdk.internal.reflect.DelegatingMethodAccessorImpl.invoke(DelegatingMethodAccessorImpl.java:43)
Caused by: com.kms.katalon.core.webui.exception.WebElementNotFoundException: Web element with id: 'Object Repository/Page_ParaBank  Welcome  Online Banking/article2NewOnlineBillPay' located by '//div[@id='rightPanel']/ul[3]/li[3]/a' not found
	at com.kms.katalon.core.webui.common.WebUiCommonHelper.findWebElement(WebUiCommonHelper.java:1379)
	at com.kms.katalon.core.webui.keyword.internal.WebUIAbstractKeyword.findWebElement(WebUIAbstractKeyword.groovy:27)
	at com.kms.katalon.core.webui.keyword.builtin.ClickKeyword$_click_closure1.doCall(ClickKeyword.groovy:65)
	at com.kms.katalon.core.webui.keyword.builtin.ClickKeyword$_click_closure1.call(ClickKeyword.groovy)
	at com.kms.katalon.core.webui.keyword.internal.WebUIKeywordMain.runKeyword(WebUIKeywordMain.groovy:20)
	at com.kms.katalon.core.webui.keyword.builtin.ClickKeyword.click(ClickKeyword.groovy:74)
	at com.kms.katalon.core.webui.keyword.builtin.ClickKeyword.execute(ClickKeyword.groovy:40)
	at com.kms.katalon.core.keyword.internal.KeywordExecutor.executeKeywordForPlatform(KeywordExecutor.groovy:74)
	at com.kms.katalon.core.webui.keyword.WebUiBuiltInKeywords.click(WebUiBuiltInKeywords.groovy:620)
	at Script1699046891426.run(Script1699046891426.groovy:22)
	... 15 more
)
[[ATTACHMENT|C:\\Users\\GKOKABAYEVA\\Katalon Studio\\Parabank\\Reports\\20231108_100910\\Smoke Test Suites\\STS003 - Main page links verification\\20231108_100910\\1699456938397.png]]

2023-11-08 10:22:18 - [TEST_STEP][FAILED] - navigateToUrl(NEWS_URL): Unable to navigate to 'null' (Root cause: com.kms.katalon.core.exception.StepFailedException: Unable to navigate to 'null'
	at com.kms.katalon.core.webui.keyword.internal.WebUIKeywordMain.stepFailed(WebUIKeywordMain.groovy:64)
	at com.kms.katalon.core.webui.keyword.internal.WebUIKeywordMain.runKeyword(WebUIKeywordMain.groovy:26)
	at com.kms.katalon.core.webui.keyword.builtin.NavigateToUrlKeyword.navigateToUrl(NavigateToUrlKeyword.groovy:83)
	at com.kms.katalon.core.webui.keyword.builtin.NavigateToUrlKeyword.execute(NavigateToUrlKeyword.groovy:67)
	at com.kms.katalon.core.keyword.internal.KeywordExecutor.executeKeywordForPlatform(KeywordExecutor.groovy:74)
	at com.kms.katalon.core.webui.keyword.WebUiBuiltInKeywords.navigateToUrl(WebUiBuiltInKeywords.groovy:187)
	at MTC025 - Check latest news article 2.run(MTC025 - Check latest news article 2:24)
	at com.kms.katalon.core.main.ScriptEngine.run(ScriptEngine.java:194)
	at com.kms.katalon.core.main.ScriptEngine.runScriptAsRawText(ScriptEngine.java:119)
	at com.kms.katalon.core.main.TestCaseExecutor.runScript(TestCaseExecutor.java:448)
	at com.kms.katalon.core.main.TestCaseExecutor.doExecute(TestCaseExecutor.java:439)
	at com.kms.katalon.core.main.TestCaseExecutor.processExecutionPhase(TestCaseExecutor.java:418)
	at com.kms.katalon.core.main.TestCaseExecutor.accessMainPhase(TestCaseExecutor.java:410)
	at com.kms.katalon.core.main.TestCaseExecutor.execute(TestCaseExecutor.java:285)
	at com.kms.katalon.core.common.CommonExecutor.accessTestCaseMainPhase(CommonExecutor.java:65)
	at com.kms.katalon.core.main.TestSuiteExecutor.accessTestSuiteMainPhase(TestSuiteExecutor.java:148)
	at com.kms.katalon.core.main.TestSuiteExecutor.execute(TestSuiteExecutor.java:106)
	at com.kms.katalon.core.main.TestCaseMain.startTestSuite(TestCaseMain.java:187)
	at TempTestSuite1699456150598.run(TempTestSuite1699456150598.groovy:36)
	at java.base/jdk.internal.reflect.NativeMethodAccessorImpl.invoke0(Native Method)
	at java.base/jdk.internal.reflect.NativeMethodAccessorImpl.invoke(NativeMethodAccessorImpl.java:77)
	at java.base/jdk.internal.reflect.DelegatingMethodAccessorImpl.invoke(DelegatingMethodAccessorImpl.java:43)
Caused by: java.lang.IllegalArgumentException: Url cannot be null or empty
	at com.kms.katalon.core.webui.keyword.builtin.NavigateToUrlKeyword$_navigateToUrl_closure1.doCall(NavigateToUrlKeyword.groovy:75)
	at com.kms.katalon.core.webui.keyword.builtin.NavigateToUrlKeyword$_navigateToUrl_closure1.call(NavigateToUrlKeyword.groovy)
	at com.kms.katalon.core.webui.keyword.internal.WebUIKeywordMain.runKeyword(WebUIKeywordMain.groovy:20)
	at com.kms.katalon.core.webui.keyword.builtin.NavigateToUrlKeyword.navigateToUrl(NavigateToUrlKeyword.groovy:83)
	at com.kms.katalon.core.webui.keyword.builtin.NavigateToUrlKeyword.execute(NavigateToUrlKeyword.groovy:67)
	at com.kms.katalon.core.keyword.internal.KeywordExecutor.executeKeywordForPlatform(KeywordExecutor.groovy:74)
	at com.kms.katalon.core.webui.keyword.WebUiBuiltInKeywords.navigateToUrl(WebUiBuiltInKeywords.groovy:187)
	at Script1699046891426.run(Script1699046891426.groovy:24)
	... 15 more
)

2023-11-08 10:22:18 - [MESSAGE][FAILED] - Unable to navigate to 'null' (Root cause: com.kms.katalon.core.exception.StepFailedException: Unable to navigate to 'null'
	at com.kms.katalon.core.webui.keyword.internal.WebUIKeywordMain.stepFailed(WebUIKeywordMain.groovy:64)
	at com.kms.katalon.core.webui.keyword.internal.WebUIKeywordMain.runKeyword(WebUIKeywordMain.groovy:26)
	at com.kms.katalon.core.webui.keyword.builtin.NavigateToUrlKeyword.navigateToUrl(NavigateToUrlKeyword.groovy:83)
	at com.kms.katalon.core.webui.keyword.builtin.NavigateToUrlKeyword.execute(NavigateToUrlKeyword.groovy:67)
	at com.kms.katalon.core.keyword.internal.KeywordExecutor.executeKeywordForPlatform(KeywordExecutor.groovy:74)
	at com.kms.katalon.core.webui.keyword.WebUiBuiltInKeywords.navigateToUrl(WebUiBuiltInKeywords.groovy:187)
	at MTC025 - Check latest news article 2.run(MTC025 - Check latest news article 2:24)
	at com.kms.katalon.core.main.ScriptEngine.run(ScriptEngine.java:194)
	at com.kms.katalon.core.main.ScriptEngine.runScriptAsRawText(ScriptEngine.java:119)
	at com.kms.katalon.core.main.TestCaseExecutor.runScript(TestCaseExecutor.java:448)
	at com.kms.katalon.core.main.TestCaseExecutor.doExecute(TestCaseExecutor.java:439)
	at com.kms.katalon.core.main.TestCaseExecutor.processExecutionPhase(TestCaseExecutor.java:418)
	at com.kms.katalon.core.main.TestCaseExecutor.accessMainPhase(TestCaseExecutor.java:410)
	at com.kms.katalon.core.main.TestCaseExecutor.execute(TestCaseExecutor.java:285)
	at com.kms.katalon.core.common.CommonExecutor.accessTestCaseMainPhase(CommonExecutor.java:65)
	at com.kms.katalon.core.main.TestSuiteExecutor.accessTestSuiteMainPhase(TestSuiteExecutor.java:148)
	at com.kms.katalon.core.main.TestSuiteExecutor.execute(TestSuiteExecutor.java:106)
	at com.kms.katalon.core.main.TestCaseMain.startTestSuite(TestCaseMain.java:187)
	at TempTestSuite1699456150598.run(TempTestSuite1699456150598.groovy:36)
	at java.base/jdk.internal.reflect.NativeMethodAccessorImpl.invoke0(Native Method)
	at java.base/jdk.internal.reflect.NativeMethodAccessorImpl.invoke(NativeMethodAccessorImpl.java:77)
	at java.base/jdk.internal.reflect.DelegatingMethodAccessorImpl.invoke(DelegatingMethodAccessorImpl.java:43)
Caused by: java.lang.IllegalArgumentException: Url cannot be null or empty
	at com.kms.katalon.core.webui.keyword.builtin.NavigateToUrlKeyword$_navigateToUrl_closure1.doCall(NavigateToUrlKeyword.groovy:75)
	at com.kms.katalon.core.webui.keyword.builtin.NavigateToUrlKeyword$_navigateToUrl_closure1.call(NavigateToUrlKeyword.groovy)
	at com.kms.katalon.core.webui.keyword.internal.WebUIKeywordMain.runKeyword(WebUIKeywordMain.groovy:20)
	at com.kms.katalon.core.webui.keyword.builtin.NavigateToUrlKeyword.navigateToUrl(NavigateToUrlKeyword.groovy:83)
	at com.kms.katalon.core.webui.keyword.builtin.NavigateToUrlKeyword.execute(NavigateToUrlKeyword.groovy:67)
	at com.kms.katalon.core.keyword.internal.KeywordExecutor.executeKeywordForPlatform(KeywordExecutor.groovy:74)
	at com.kms.katalon.core.webui.keyword.WebUiBuiltInKeywords.navigateToUrl(WebUiBuiltInKeywords.groovy:187)
	at Script1699046891426.run(Script1699046891426.groovy:24)
	... 15 more
)
[[ATTACHMENT|C:\\Users\\GKOKABAYEVA\\Katalon Studio\\Parabank\\Reports\\20231108_100910\\Smoke Test Suites\\STS003 - Main page links verification\\20231108_100910\\1699456938467.png]]

2023-11-08 10:22:18 - [TEST_STEP][FAILED] - verifyElementText(findTestObject("Object Repository/Page_ParaBank  News/h1ParaBankNews"), expectedH1ParaBankNews): com.kms.katalon.core.webui.exception.WebElementNotFoundException: Web element with id: 'Object Repository/Page_ParaBank  News/h1ParaBankNews' located by '//div[@id='rightPanel']/h1' not found (Root cause: com.kms.katalon.core.exception.StepFailedException: com.kms.katalon.core.webui.exception.WebElementNotFoundException: Web element with id: 'Object Repository/Page_ParaBank  News/h1ParaBankNews' located by '//div[@id='rightPanel']/h1' not found
	at com.kms.katalon.core.webui.keyword.internal.WebUIKeywordMain.stepFailed(WebUIKeywordMain.groovy:64)
	at com.kms.katalon.core.webui.keyword.builtin.VerifyElementTextKeyword$_verifyElementText_closure1.doCall(VerifyElementTextKeyword.groovy:64)
	at com.kms.katalon.core.webui.keyword.builtin.VerifyElementTextKeyword$_verifyElementText_closure1.call(VerifyElementTextKeyword.groovy)
	at com.kms.katalon.core.webui.keyword.internal.WebUIKeywordMain.runKeyword(WebUIKeywordMain.groovy:20)
	at com.kms.katalon.core.webui.keyword.builtin.VerifyElementTextKeyword.verifyElementText(VerifyElementTextKeyword.groovy:72)
	at com.kms.katalon.core.webui.keyword.builtin.VerifyElementTextKeyword.execute(VerifyElementTextKeyword.groovy:40)
	at com.kms.katalon.core.keyword.internal.KeywordExecutor.executeKeywordForPlatform(KeywordExecutor.groovy:74)
	at com.kms.katalon.core.webui.keyword.WebUiBuiltInKeywords.verifyElementText(WebUiBuiltInKeywords.groovy:4796)
	at MTC025 - Check latest news article 2.run(MTC025 - Check latest news article 2:26)
	at com.kms.katalon.core.main.ScriptEngine.run(ScriptEngine.java:194)
	at com.kms.katalon.core.main.ScriptEngine.runScriptAsRawText(ScriptEngine.java:119)
	at com.kms.katalon.core.main.TestCaseExecutor.runScript(TestCaseExecutor.java:448)
	at com.kms.katalon.core.main.TestCaseExecutor.doExecute(TestCaseExecutor.java:439)
	at com.kms.katalon.core.main.TestCaseExecutor.processExecutionPhase(TestCaseExecutor.java:418)
	at com.kms.katalon.core.main.TestCaseExecutor.accessMainPhase(TestCaseExecutor.java:410)
	at com.kms.katalon.core.main.TestCaseExecutor.execute(TestCaseExecutor.java:285)
	at com.kms.katalon.core.common.CommonExecutor.accessTestCaseMainPhase(CommonExecutor.java:65)
	at com.kms.katalon.core.main.TestSuiteExecutor.accessTestSuiteMainPhase(TestSuiteExecutor.java:148)
	at com.kms.katalon.core.main.TestSuiteExecutor.execute(TestSuiteExecutor.java:106)
	at com.kms.katalon.core.main.TestCaseMain.startTestSuite(TestCaseMain.java:187)
	at TempTestSuite1699456150598.run(TempTestSuite1699456150598.groovy:36)
	at java.base/jdk.internal.reflect.NativeMethodAccessorImpl.invoke0(Native Method)
	at java.base/jdk.internal.reflect.NativeMethodAccessorImpl.invoke(NativeMethodAccessorImpl.java:77)
	at java.base/jdk.internal.reflect.DelegatingMethodAccessorImpl.invoke(DelegatingMethodAccessorImpl.java:43)
)

2023-11-08 10:22:49 - [MESSAGE][INFO] - Unable to find the element located by 'By.xpath: //div[@id='rightPanel']/h1'. Please recheck the objects properties to make sure the desired element is located. 

2023-11-08 10:22:49 - [MESSAGE][WARNING] - [SELF-HEALING] Failed to find element with id 'Object Repository/Page_ParaBank  News/h1ParaBankNews'. Try using Self-healing.

2023-11-08 10:22:49 - [MESSAGE][INFO] - [SELF-HEALING] Failed Locator: '//div[@id='rightPanel']/h1'.

2023-11-08 10:22:49 - [MESSAGE][INFO] - [SELF-HEALING] Failed Locator: '//h1'.

2023-11-08 10:22:49 - [MESSAGE][INFO] - [SELF-HEALING] Failed Locator: '//h1[(text() = 'ParaBank News' or . = 'ParaBank News')]'.

2023-11-08 10:22:49 - [MESSAGE][INFO] - [SELF-HEALING] Failed Locator: '//div[@id='rightPanel']/h1'.

2023-11-08 10:22:49 - [MESSAGE][INFO] - [SELF-HEALING] Failed Locator: '//h1'.

2023-11-08 10:22:49 - [MESSAGE][INFO] - [SELF-HEALING] Failed Locator: '//h1[(text() = 'ParaBank News' or . = 'ParaBank News')]'.

2023-11-08 10:22:49 - [MESSAGE][INFO] - [SELF-HEALING] Failed Locator: '//div[@id='rightPanel']/h1'.

2023-11-08 10:22:49 - [MESSAGE][INFO] - [SELF-HEALING] Failed Locator: '//h1'.

2023-11-08 10:22:49 - [MESSAGE][INFO] - [SELF-HEALING] Failed Locator: '//h1[(text() = 'ParaBank News' or . = 'ParaBank News')]'.

2023-11-08 10:22:49 - [MESSAGE][INFO] - [SELF-HEALING] Failed Locator: '//div[@id='rightPanel']/h1'.

2023-11-08 10:22:49 - [MESSAGE][INFO] - [SELF-HEALING] Failed Locator: '//h1'.

2023-11-08 10:22:49 - [MESSAGE][INFO] - [SELF-HEALING] Failed Locator: '//h1[(text() = 'ParaBank News' or . = 'ParaBank News')]'.

2023-11-08 10:22:49 - [MESSAGE][INFO] - [SELF-HEALING] Failed Locator: '//div[@id='rightPanel']/h1'.

2023-11-08 10:22:49 - [MESSAGE][INFO] - [SELF-HEALING] Failed Locator: '//h1'.

2023-11-08 10:22:49 - [MESSAGE][INFO] - [SELF-HEALING] Failed Locator: '//h1[(text() = 'ParaBank News' or . = 'ParaBank News')]'.

2023-11-08 10:22:49 - [MESSAGE][INFO] - [SELF-HEALING] Failed Locator: '//div[@id='rightPanel']/h1'.

2023-11-08 10:22:49 - [MESSAGE][INFO] - [SELF-HEALING] Failed Locator: '//h1'.

2023-11-08 10:22:49 - [MESSAGE][INFO] - [SELF-HEALING] Failed Locator: '//h1[(text() = 'ParaBank News' or . = 'ParaBank News')]'.

2023-11-08 10:22:49 - [MESSAGE][INFO] - [SELF-HEALING] Failed Locator: '//div[@id='rightPanel']/h1'.

2023-11-08 10:22:49 - [MESSAGE][INFO] - [SELF-HEALING] Failed Locator: '//h1'.

2023-11-08 10:22:49 - [MESSAGE][INFO] - [SELF-HEALING] Failed Locator: '//h1[(text() = 'ParaBank News' or . = 'ParaBank News')]'.

2023-11-08 10:22:49 - [MESSAGE][INFO] - [SELF-HEALING] Failed Locator: '//div[@id='rightPanel']/h1'.

2023-11-08 10:22:49 - [MESSAGE][INFO] - [SELF-HEALING] Failed Locator: '//h1'.

2023-11-08 10:22:49 - [MESSAGE][INFO] - [SELF-HEALING] Failed Locator: '//h1[(text() = 'ParaBank News' or . = 'ParaBank News')]'.

2023-11-08 10:22:50 - [MESSAGE][INFO] - [SELF-HEALING] Failed Locator: '//div[@id='rightPanel']/h1'.

2023-11-08 10:22:50 - [MESSAGE][INFO] - [SELF-HEALING] Failed Locator: '//h1'.

2023-11-08 10:22:50 - [MESSAGE][INFO] - [SELF-HEALING] Failed Locator: '//h1[(text() = 'ParaBank News' or . = 'ParaBank News')]'.

2023-11-08 10:22:50 - [MESSAGE][INFO] - [SELF-HEALING] Failed Locator: '//div[@id='rightPanel']/h1'.

2023-11-08 10:22:50 - [MESSAGE][INFO] - [SELF-HEALING] Failed Locator: '//h1'.

2023-11-08 10:22:50 - [MESSAGE][INFO] - [SELF-HEALING] Failed Locator: '//h1[(text() = 'ParaBank News' or . = 'ParaBank News')]'.

2023-11-08 10:22:50 - [MESSAGE][INFO] - [SELF-HEALING] Failed Locator: '//div[@id='rightPanel']/h1'.

2023-11-08 10:22:50 - [MESSAGE][INFO] - [SELF-HEALING] Failed Locator: '//h1'.

2023-11-08 10:22:50 - [MESSAGE][INFO] - [SELF-HEALING] Failed Locator: '//h1[(text() = 'ParaBank News' or . = 'ParaBank News')]'.

2023-11-08 10:22:50 - [MESSAGE][INFO] - [SELF-HEALING] Failed Locator: '//div[@id='rightPanel']/h1'.

2023-11-08 10:22:50 - [MESSAGE][INFO] - [SELF-HEALING] Failed Locator: '//h1'.

2023-11-08 10:22:50 - [MESSAGE][INFO] - [SELF-HEALING] Failed Locator: '//h1[(text() = 'ParaBank News' or . = 'ParaBank News')]'.

2023-11-08 10:22:50 - [MESSAGE][INFO] - [SELF-HEALING] Failed Locator: '//div[@id='rightPanel']/h1'.

2023-11-08 10:22:50 - [MESSAGE][INFO] - [SELF-HEALING] Failed Locator: '//h1'.

2023-11-08 10:22:50 - [MESSAGE][INFO] - [SELF-HEALING] Failed Locator: '//h1[(text() = 'ParaBank News' or . = 'ParaBank News')]'.

2023-11-08 10:22:50 - [MESSAGE][INFO] - [SELF-HEALING] Failed Locator: '//div[@id='rightPanel']/h1'.

2023-11-08 10:22:50 - [MESSAGE][INFO] - [SELF-HEALING] Failed Locator: '//h1'.

2023-11-08 10:22:50 - [MESSAGE][INFO] - [SELF-HEALING] Failed Locator: '//h1[(text() = 'ParaBank News' or . = 'ParaBank News')]'.

2023-11-08 10:22:50 - [MESSAGE][INFO] - [SELF-HEALING] Failed Locator: '//div[@id='rightPanel']/h1'.

2023-11-08 10:22:50 - [MESSAGE][INFO] - [SELF-HEALING] Failed Locator: '//h1'.

2023-11-08 10:22:50 - [MESSAGE][INFO] - [SELF-HEALING] Failed Locator: '//h1[(text() = 'ParaBank News' or . = 'ParaBank News')]'.

2023-11-08 10:22:50 - [MESSAGE][INFO] - [SELF-HEALING] Failed Locator: '//div[@id='rightPanel']/h1'.

2023-11-08 10:22:50 - [MESSAGE][INFO] - [SELF-HEALING] Failed Locator: '//h1'.

2023-11-08 10:22:50 - [MESSAGE][INFO] - [SELF-HEALING] Failed Locator: '//h1[(text() = 'ParaBank News' or . = 'ParaBank News')]'.

2023-11-08 10:22:50 - [MESSAGE][INFO] - [SELF-HEALING] Failed Locator: '//div[@id='rightPanel']/h1'.

2023-11-08 10:22:50 - [MESSAGE][INFO] - [SELF-HEALING] Failed Locator: '//h1'.

2023-11-08 10:22:50 - [MESSAGE][INFO] - [SELF-HEALING] Failed Locator: '//h1[(text() = 'ParaBank News' or . = 'ParaBank News')]'.

2023-11-08 10:22:50 - [MESSAGE][INFO] - [SELF-HEALING] Failed Locator: '//div[@id='rightPanel']/h1'.

2023-11-08 10:22:50 - [MESSAGE][INFO] - [SELF-HEALING] Failed Locator: '//h1'.

2023-11-08 10:22:50 - [MESSAGE][INFO] - [SELF-HEALING] Failed Locator: '//h1[(text() = 'ParaBank News' or . = 'ParaBank News')]'.

2023-11-08 10:22:50 - [MESSAGE][INFO] - [SELF-HEALING] Failed Locator: '//div[@id='rightPanel']/h1'.

2023-11-08 10:22:50 - [MESSAGE][INFO] - [SELF-HEALING] Failed Locator: '//h1'.

2023-11-08 10:22:50 - [MESSAGE][INFO] - [SELF-HEALING] Failed Locator: '//h1[(text() = 'ParaBank News' or . = 'ParaBank News')]'.

2023-11-08 10:22:51 - [MESSAGE][INFO] - Unable to find the element located by 'By.xpath: //*[(text() = 'ParaBank News' or . = 'ParaBank News')]'. Please recheck the objects properties to make sure the desired element is located. 

2023-11-08 10:22:52 - [MESSAGE][INFO] - Unable to find the element located by 'By.cssSelector: h1.title'. Please recheck the objects properties to make sure the desired element is located. 

2023-11-08 10:22:52 - [MESSAGE][FAILED] - com.kms.katalon.core.webui.exception.WebElementNotFoundException: Web element with id: 'Object Repository/Page_ParaBank  News/h1ParaBankNews' located by '//div[@id='rightPanel']/h1' not found (Root cause: com.kms.katalon.core.exception.StepFailedException: com.kms.katalon.core.webui.exception.WebElementNotFoundException: Web element with id: 'Object Repository/Page_ParaBank  News/h1ParaBankNews' located by '//div[@id='rightPanel']/h1' not found
	at com.kms.katalon.core.webui.keyword.internal.WebUIKeywordMain.stepFailed(WebUIKeywordMain.groovy:64)
	at com.kms.katalon.core.webui.keyword.builtin.VerifyElementTextKeyword$_verifyElementText_closure1.doCall(VerifyElementTextKeyword.groovy:64)
	at com.kms.katalon.core.webui.keyword.builtin.VerifyElementTextKeyword$_verifyElementText_closure1.call(VerifyElementTextKeyword.groovy)
	at com.kms.katalon.core.webui.keyword.internal.WebUIKeywordMain.runKeyword(WebUIKeywordMain.groovy:20)
	at com.kms.katalon.core.webui.keyword.builtin.VerifyElementTextKeyword.verifyElementText(VerifyElementTextKeyword.groovy:72)
	at com.kms.katalon.core.webui.keyword.builtin.VerifyElementTextKeyword.execute(VerifyElementTextKeyword.groovy:40)
	at com.kms.katalon.core.keyword.internal.KeywordExecutor.executeKeywordForPlatform(KeywordExecutor.groovy:74)
	at com.kms.katalon.core.webui.keyword.WebUiBuiltInKeywords.verifyElementText(WebUiBuiltInKeywords.groovy:4796)
	at MTC025 - Check latest news article 2.run(MTC025 - Check latest news article 2:26)
	at com.kms.katalon.core.main.ScriptEngine.run(ScriptEngine.java:194)
	at com.kms.katalon.core.main.ScriptEngine.runScriptAsRawText(ScriptEngine.java:119)
	at com.kms.katalon.core.main.TestCaseExecutor.runScript(TestCaseExecutor.java:448)
	at com.kms.katalon.core.main.TestCaseExecutor.doExecute(TestCaseExecutor.java:439)
	at com.kms.katalon.core.main.TestCaseExecutor.processExecutionPhase(TestCaseExecutor.java:418)
	at com.kms.katalon.core.main.TestCaseExecutor.accessMainPhase(TestCaseExecutor.java:410)
	at com.kms.katalon.core.main.TestCaseExecutor.execute(TestCaseExecutor.java:285)
	at com.kms.katalon.core.common.CommonExecutor.accessTestCaseMainPhase(CommonExecutor.java:65)
	at com.kms.katalon.core.main.TestSuiteExecutor.accessTestSuiteMainPhase(TestSuiteExecutor.java:148)
	at com.kms.katalon.core.main.TestSuiteExecutor.execute(TestSuiteExecutor.java:106)
	at com.kms.katalon.core.main.TestCaseMain.startTestSuite(TestCaseMain.java:187)
	at TempTestSuite1699456150598.run(TempTestSuite1699456150598.groovy:36)
	at java.base/jdk.internal.reflect.NativeMethodAccessorImpl.invoke0(Native Method)
	at java.base/jdk.internal.reflect.NativeMethodAccessorImpl.invoke(NativeMethodAccessorImpl.java:77)
	at java.base/jdk.internal.reflect.DelegatingMethodAccessorImpl.invoke(DelegatingMethodAccessorImpl.java:43)
)
[[ATTACHMENT|C:\\Users\\GKOKABAYEVA\\Katalon Studio\\Parabank\\Reports\\20231108_100910\\Smoke Test Suites\\STS003 - Main page links verification\\20231108_100910\\1699456972615.png]]

2023-11-08 10:22:52 - [TEST_STEP][PASSED] - closeBrowser(): Browser is closed

2023-11-08 10:22:52 - [MESSAGE][PASSED] - Browser is closed]]></system-out>
         <system-err><![CDATA[2023-11-08 10:21:41 - [TEST_CASE][FAILED] - Test Cases/Main Test Cases/MTC025 - Check latest news article 2: Test Cases/Main Test Cases/MTC025 - Check latest news article 2 FAILED.
Reason:
com.kms.katalon.core.exception.StepFailedException: Unable to click on object 'Object Repository/Page_ParaBank  Welcome  Online Banking/article2NewOnlineBillPay' (Root cause: com.kms.katalon.core.exception.StepFailedException: Unable to click on object 'Object Repository/Page_ParaBank  Welcome  Online Banking/article2NewOnlineBillPay'
	at com.kms.katalon.core.webui.keyword.internal.WebUIKeywordMain.stepFailed(WebUIKeywordMain.groovy:64)
	at com.kms.katalon.core.webui.keyword.internal.WebUIKeywordMain.runKeyword(WebUIKeywordMain.groovy:26)
	at com.kms.katalon.core.webui.keyword.builtin.ClickKeyword.click(ClickKeyword.groovy:74)
	at com.kms.katalon.core.webui.keyword.builtin.ClickKeyword.execute(ClickKeyword.groovy:40)
	at com.kms.katalon.core.keyword.internal.KeywordExecutor.executeKeywordForPlatform(KeywordExecutor.groovy:74)
	at com.kms.katalon.core.webui.keyword.WebUiBuiltInKeywords.click(WebUiBuiltInKeywords.groovy:620)
	at MTC025 - Check latest news article 2.run(MTC025 - Check latest news article 2:22)
	at com.kms.katalon.core.main.ScriptEngine.run(ScriptEngine.java:194)
	at com.kms.katalon.core.main.ScriptEngine.runScriptAsRawText(ScriptEngine.java:119)
	at com.kms.katalon.core.main.TestCaseExecutor.runScript(TestCaseExecutor.java:448)
	at com.kms.katalon.core.main.TestCaseExecutor.doExecute(TestCaseExecutor.java:439)
	at com.kms.katalon.core.main.TestCaseExecutor.processExecutionPhase(TestCaseExecutor.java:418)
	at com.kms.katalon.core.main.TestCaseExecutor.accessMainPhase(TestCaseExecutor.java:410)
	at com.kms.katalon.core.main.TestCaseExecutor.execute(TestCaseExecutor.java:285)
	at com.kms.katalon.core.common.CommonExecutor.accessTestCaseMainPhase(CommonExecutor.java:65)
	at com.kms.katalon.core.main.TestSuiteExecutor.accessTestSuiteMainPhase(TestSuiteExecutor.java:148)
	at com.kms.katalon.core.main.TestSuiteExecutor.execute(TestSuiteExecutor.java:106)
	at com.kms.katalon.core.main.TestCaseMain.startTestSuite(TestCaseMain.java:187)
	at TempTestSuite1699456150598.run(TempTestSuite1699456150598.groovy:36)
	at java.base/jdk.internal.reflect.NativeMethodAccessorImpl.invoke0(Native Method)
	at java.base/jdk.internal.reflect.NativeMethodAccessorImpl.invoke(NativeMethodAccessorImpl.java:77)
	at java.base/jdk.internal.reflect.DelegatingMethodAccessorImpl.invoke(DelegatingMethodAccessorImpl.java:43)
Caused by: com.kms.katalon.core.webui.exception.WebElementNotFoundException: Web element with id: 'Object Repository/Page_ParaBank  Welcome  Online Banking/article2NewOnlineBillPay' located by '//div[@id='rightPanel']/ul[3]/li[3]/a' not found
	at com.kms.katalon.core.webui.common.WebUiCommonHelper.findWebElement(WebUiCommonHelper.java:1379)
	at com.kms.katalon.core.webui.keyword.internal.WebUIAbstractKeyword.findWebElement(WebUIAbstractKeyword.groovy:27)
	at com.kms.katalon.core.webui.keyword.builtin.ClickKeyword$_click_closure1.doCall(ClickKeyword.groovy:65)
	at com.kms.katalon.core.webui.keyword.builtin.ClickKeyword$_click_closure1.call(ClickKeyword.groovy)
	at com.kms.katalon.core.webui.keyword.internal.WebUIKeywordMain.runKeyword(WebUIKeywordMain.groovy:20)
	at com.kms.katalon.core.webui.keyword.builtin.ClickKeyword.click(ClickKeyword.groovy:74)
	at com.kms.katalon.core.webui.keyword.builtin.ClickKeyword.execute(ClickKeyword.groovy:40)
	at com.kms.katalon.core.keyword.internal.KeywordExecutor.executeKeywordForPlatform(KeywordExecutor.groovy:74)
	at com.kms.katalon.core.webui.keyword.WebUiBuiltInKeywords.click(WebUiBuiltInKeywords.groovy:620)
	at Script1699046891426.run(Script1699046891426.groovy:22)
	... 15 more
)
	at com.kms.katalon.core.keyword.internal.KeywordMain.stepFailed(KeywordMain.groovy:39)
	at com.kms.katalon.core.webui.keyword.internal.WebUIKeywordMain.stepFailed(WebUIKeywordMain.groovy:64)
	at com.kms.katalon.core.webui.keyword.internal.WebUIKeywordMain.runKeyword(WebUIKeywordMain.groovy:26)
	at com.kms.katalon.core.webui.keyword.builtin.ClickKeyword.click(ClickKeyword.groovy:74)
	at com.kms.katalon.core.webui.keyword.builtin.ClickKeyword.execute(ClickKeyword.groovy:40)
	at com.kms.katalon.core.keyword.internal.KeywordExecutor.executeKeywordForPlatform(KeywordExecutor.groovy:74)
	at com.kms.katalon.core.webui.keyword.WebUiBuiltInKeywords.click(WebUiBuiltInKeywords.groovy:620)
	at MTC025 - Check latest news article 2.run(MTC025 - Check latest news article 2:22)
	at com.kms.katalon.core.main.ScriptEngine.run(ScriptEngine.java:194)
	at com.kms.katalon.core.main.ScriptEngine.runScriptAsRawText(ScriptEngine.java:119)
	at com.kms.katalon.core.main.TestCaseExecutor.runScript(TestCaseExecutor.java:448)
	at com.kms.katalon.core.main.TestCaseExecutor.doExecute(TestCaseExecutor.java:439)
	at com.kms.katalon.core.main.TestCaseExecutor.processExecutionPhase(TestCaseExecutor.java:418)
	at com.kms.katalon.core.main.TestCaseExecutor.accessMainPhase(TestCaseExecutor.java:410)
	at com.kms.katalon.core.main.TestCaseExecutor.execute(TestCaseExecutor.java:285)
	at com.kms.katalon.core.common.CommonExecutor.accessTestCaseMainPhase(CommonExecutor.java:65)
	at com.kms.katalon.core.main.TestSuiteExecutor.accessTestSuiteMainPhase(TestSuiteExecutor.java:148)
	at com.kms.katalon.core.main.TestSuiteExecutor.execute(TestSuiteExecutor.java:106)
	at com.kms.katalon.core.main.TestCaseMain.startTestSuite(TestCaseMain.java:187)
	at TempTestSuite1699456150598.run(TempTestSuite1699456150598.groovy:36)
	at java.base/jdk.internal.reflect.NativeMethodAccessorImpl.invoke0(Native Method)
	at java.base/jdk.internal.reflect.NativeMethodAccessorImpl.invoke(NativeMethodAccessorImpl.java:77)
	at java.base/jdk.internal.reflect.DelegatingMethodAccessorImpl.invoke(DelegatingMethodAccessorImpl.java:43)
Caused by: com.kms.katalon.core.exception.StepFailedException: Unable to click on object 'Object Repository/Page_ParaBank  Welcome  Online Banking/article2NewOnlineBillPay'
	... 22 more
Caused by: com.kms.katalon.core.webui.exception.WebElementNotFoundException: Web element with id: 'Object Repository/Page_ParaBank  Welcome  Online Banking/article2NewOnlineBillPay' located by '//div[@id='rightPanel']/ul[3]/li[3]/a' not found
	at com.kms.katalon.core.webui.common.WebUiCommonHelper.findWebElement(WebUiCommonHelper.java:1379)
	at com.kms.katalon.core.webui.keyword.internal.WebUIAbstractKeyword.findWebElement(WebUIAbstractKeyword.groovy:27)
	at com.kms.katalon.core.webui.keyword.builtin.ClickKeyword$_click_closure1.doCall(ClickKeyword.groovy:65)
	at com.kms.katalon.core.webui.keyword.builtin.ClickKeyword$_click_closure1.call(ClickKeyword.groovy)
	at com.kms.katalon.core.webui.keyword.internal.WebUIKeywordMain.runKeyword(WebUIKeywordMain.groovy:20)
	... 20 more]]></system-err>
      </testcase>
      <testcase name="Test Cases/Main Test Cases/MTC026 - Check latest news article 3" time="70.884" classname="Test Cases/Main Test Cases/MTC026 - Check latest news article 3" status="FAILED">
         <failure type="FAILED" message="Test Cases/Main Test Cases/MTC026 - Check latest news article 3 FAILED.&#xa;Reason:&#xa;com.kms.katalon.core.exception.StepFailedException: Unable to click on object 'Object Repository/Page_ParaBank  Welcome  Online Banking/article3NewOnlineAccountTransfers' (Root cause: com.kms.katalon.core.exception.StepFailedException: Unable to click on object 'Object Repository/Page_ParaBank  Welcome  Online Banking/article3NewOnlineAccountTransfers'&#xa;	at com.kms.katalon.core.webui.keyword.internal.WebUIKeywordMain.stepFailed(WebUIKeywordMain.groovy:64)&#xa;	at com.kms.katalon.core.webui.keyword.internal.WebUIKeywordMain.runKeyword(WebUIKeywordMain.groovy:26)&#xa;	at com.kms.katalon.core.webui.keyword.builtin.ClickKeyword.click(ClickKeyword.groovy:74)&#xa;	at com.kms.katalon.core.webui.keyword.builtin.ClickKeyword.execute(ClickKeyword.groovy:40)&#xa;	at com.kms.katalon.core.keyword.internal.KeywordExecutor.executeKeywordForPlatform(KeywordExecutor.groovy:74)&#xa;	at com.kms.katalon.core.webui.keyword.WebUiBuiltInKeywords.click(WebUiBuiltInKeywords.groovy:620)&#xa;	at MTC024 - Check latest news article 1.run(MTC024 - Check latest news article 1:22)&#xa;	at com.kms.katalon.core.main.ScriptEngine.run(ScriptEngine.java:194)&#xa;	at com.kms.katalon.core.main.ScriptEngine.runScriptAsRawText(ScriptEngine.java:119)&#xa;	at com.kms.katalon.core.main.TestCaseExecutor.runScript(TestCaseExecutor.java:448)&#xa;	at com.kms.katalon.core.main.TestCaseExecutor.doExecute(TestCaseExecutor.java:439)&#xa;	at com.kms.katalon.core.main.TestCaseExecutor.processExecutionPhase(TestCaseExecutor.java:418)&#xa;	at com.kms.katalon.core.main.TestCaseExecutor.accessMainPhase(TestCaseExecutor.java:410)&#xa;	at com.kms.katalon.core.main.TestCaseExecutor.execute(TestCaseExecutor.java:285)&#xa;	at com.kms.katalon.core.common.CommonExecutor.accessTestCaseMainPhase(CommonExecutor.java:65)&#xa;	at com.kms.katalon.core.main.TestSuiteExecutor.accessTestSuiteMainPhase(TestSuiteExecutor.java:148)&#xa;	at com.kms.katalon.core.main.TestSuiteExecutor.execute(TestSuiteExecutor.java:106)&#xa;	at com.kms.katalon.core.main.TestCaseMain.startTestSuite(TestCaseMain.java:187)&#xa;	at TempTestSuite1699456150598.run(TempTestSuite1699456150598.groovy:36)&#xa;	at java.base/jdk.internal.reflect.NativeMethodAccessorImpl.invoke0(Native Method)&#xa;	at java.base/jdk.internal.reflect.NativeMethodAccessorImpl.invoke(NativeMethodAccessorImpl.java:77)&#xa;	at java.base/jdk.internal.reflect.DelegatingMethodAccessorImpl.invoke(DelegatingMethodAccessorImpl.java:43)&#xa;Caused by: com.kms.katalon.core.webui.exception.WebElementNotFoundException: Web element with id: 'Object Repository/Page_ParaBank  Welcome  Online Banking/article3NewOnlineAccountTransfers' located by '//div[@id='rightPanel']/ul[3]/li[4]/a' not found&#xa;	at com.kms.katalon.core.webui.common.WebUiCommonHelper.findWebElement(WebUiCommonHelper.java:1379)&#xa;	at com.kms.katalon.core.webui.keyword.internal.WebUIAbstractKeyword.findWebElement(WebUIAbstractKeyword.groovy:27)&#xa;	at com.kms.katalon.core.webui.keyword.builtin.ClickKeyword$_click_closure1.doCall(ClickKeyword.groovy:65)&#xa;	at com.kms.katalon.core.webui.keyword.builtin.ClickKeyword$_click_closure1.call(ClickKeyword.groovy)&#xa;	at com.kms.katalon.core.webui.keyword.internal.WebUIKeywordMain.runKeyword(WebUIKeywordMain.groovy:20)&#xa;	at com.kms.katalon.core.webui.keyword.builtin.ClickKeyword.click(ClickKeyword.groovy:74)&#xa;	at com.kms.katalon.core.webui.keyword.builtin.ClickKeyword.execute(ClickKeyword.groovy:40)&#xa;	at com.kms.katalon.core.keyword.internal.KeywordExecutor.executeKeywordForPlatform(KeywordExecutor.groovy:74)&#xa;	at com.kms.katalon.core.webui.keyword.WebUiBuiltInKeywords.click(WebUiBuiltInKeywords.groovy:620)&#xa;	at Script1699046881128.run(Script1699046881128.groovy:22)&#xa;	... 15 more&#xa;)&#xa;	at com.kms.katalon.core.keyword.internal.KeywordMain.stepFailed(KeywordMain.groovy:39)&#xa;	at com.kms.katalon.core.webui.keyword.internal.WebUIKeywordMain.stepFailed(WebUIKeywordMain.groovy:64)&#xa;	at com.kms.katalon.core.webui.keyword.internal.WebUIKeywordMain.runKeyword(WebUIKeywordMain.groovy:26)&#xa;	at com.kms.katalon.core.webui.keyword.builtin.ClickKeyword.click(ClickKeyword.groovy:74)&#xa;	at com.kms.katalon.core.webui.keyword.builtin.ClickKeyword.execute(ClickKeyword.groovy:40)&#xa;	at com.kms.katalon.core.keyword.internal.KeywordExecutor.executeKeywordForPlatform(KeywordExecutor.groovy:74)&#xa;	at com.kms.katalon.core.webui.keyword.WebUiBuiltInKeywords.click(WebUiBuiltInKeywords.groovy:620)&#xa;	at MTC024 - Check latest news article 1.run(MTC024 - Check latest news article 1:22)&#xa;	at com.kms.katalon.core.main.ScriptEngine.run(ScriptEngine.java:194)&#xa;	at com.kms.katalon.core.main.ScriptEngine.runScriptAsRawText(ScriptEngine.java:119)&#xa;	at com.kms.katalon.core.main.TestCaseExecutor.runScript(TestCaseExecutor.java:448)&#xa;	at com.kms.katalon.core.main.TestCaseExecutor.doExecute(TestCaseExecutor.java:439)&#xa;	at com.kms.katalon.core.main.TestCaseExecutor.processExecutionPhase(TestCaseExecutor.java:418)&#xa;	at com.kms.katalon.core.main.TestCaseExecutor.accessMainPhase(TestCaseExecutor.java:410)&#xa;	at com.kms.katalon.core.main.TestCaseExecutor.execute(TestCaseExecutor.java:285)&#xa;	at com.kms.katalon.core.common.CommonExecutor.accessTestCaseMainPhase(CommonExecutor.java:65)&#xa;	at com.kms.katalon.core.main.TestSuiteExecutor.accessTestSuiteMainPhase(TestSuiteExecutor.java:148)&#xa;	at com.kms.katalon.core.main.TestSuiteExecutor.execute(TestSuiteExecutor.java:106)&#xa;	at com.kms.katalon.core.main.TestCaseMain.startTestSuite(TestCaseMain.java:187)&#xa;	at TempTestSuite1699456150598.run(TempTestSuite1699456150598.groovy:36)&#xa;	at java.base/jdk.internal.reflect.NativeMethodAccessorImpl.invoke0(Native Method)&#xa;	at java.base/jdk.internal.reflect.NativeMethodAccessorImpl.invoke(NativeMethodAccessorImpl.java:77)&#xa;	at java.base/jdk.internal.reflect.DelegatingMethodAccessorImpl.invoke(DelegatingMethodAccessorImpl.java:43)&#xa;Caused by: com.kms.katalon.core.exception.StepFailedException: Unable to click on object 'Object Repository/Page_ParaBank  Welcome  Online Banking/article3NewOnlineAccountTransfers'&#xa;	... 22 more&#xa;Caused by: com.kms.katalon.core.webui.exception.WebElementNotFoundException: Web element with id: 'Object Repository/Page_ParaBank  Welcome  Online Banking/article3NewOnlineAccountTransfers' located by '//div[@id='rightPanel']/ul[3]/li[4]/a' not found&#xa;	at com.kms.katalon.core.webui.common.WebUiCommonHelper.findWebElement(WebUiCommonHelper.java:1379)&#xa;	at com.kms.katalon.core.webui.keyword.internal.WebUIAbstractKeyword.findWebElement(WebUIAbstractKeyword.groovy:27)&#xa;	at com.kms.katalon.core.webui.keyword.builtin.ClickKeyword$_click_closure1.doCall(ClickKeyword.groovy:65)&#xa;	at com.kms.katalon.core.webui.keyword.builtin.ClickKeyword$_click_closure1.call(ClickKeyword.groovy)&#xa;	at com.kms.katalon.core.webui.keyword.internal.WebUIKeywordMain.runKeyword(WebUIKeywordMain.groovy:20)&#xa;	... 20 more&#xa;"/>
         <system-out><![CDATA[2023-11-08 10:22:52 - [TEST_CASE][FAILED] - Test Cases/Main Test Cases/MTC026 - Check latest news article 3: Test Cases/Main Test Cases/MTC026 - Check latest news article 3 FAILED.
Reason:
com.kms.katalon.core.exception.StepFailedException: Unable to click on object 'Object Repository/Page_ParaBank  Welcome  Online Banking/article3NewOnlineAccountTransfers' (Root cause: com.kms.katalon.core.exception.StepFailedException: Unable to click on object 'Object Repository/Page_ParaBank  Welcome  Online Banking/article3NewOnlineAccountTransfers'
	at com.kms.katalon.core.webui.keyword.internal.WebUIKeywordMain.stepFailed(WebUIKeywordMain.groovy:64)
	at com.kms.katalon.core.webui.keyword.internal.WebUIKeywordMain.runKeyword(WebUIKeywordMain.groovy:26)
	at com.kms.katalon.core.webui.keyword.builtin.ClickKeyword.click(ClickKeyword.groovy:74)
	at com.kms.katalon.core.webui.keyword.builtin.ClickKeyword.execute(ClickKeyword.groovy:40)
	at com.kms.katalon.core.keyword.internal.KeywordExecutor.executeKeywordForPlatform(KeywordExecutor.groovy:74)
	at com.kms.katalon.core.webui.keyword.WebUiBuiltInKeywords.click(WebUiBuiltInKeywords.groovy:620)
	at MTC024 - Check latest news article 1.run(MTC024 - Check latest news article 1:22)
	at com.kms.katalon.core.main.ScriptEngine.run(ScriptEngine.java:194)
	at com.kms.katalon.core.main.ScriptEngine.runScriptAsRawText(ScriptEngine.java:119)
	at com.kms.katalon.core.main.TestCaseExecutor.runScript(TestCaseExecutor.java:448)
	at com.kms.katalon.core.main.TestCaseExecutor.doExecute(TestCaseExecutor.java:439)
	at com.kms.katalon.core.main.TestCaseExecutor.processExecutionPhase(TestCaseExecutor.java:418)
	at com.kms.katalon.core.main.TestCaseExecutor.accessMainPhase(TestCaseExecutor.java:410)
	at com.kms.katalon.core.main.TestCaseExecutor.execute(TestCaseExecutor.java:285)
	at com.kms.katalon.core.common.CommonExecutor.accessTestCaseMainPhase(CommonExecutor.java:65)
	at com.kms.katalon.core.main.TestSuiteExecutor.accessTestSuiteMainPhase(TestSuiteExecutor.java:148)
	at com.kms.katalon.core.main.TestSuiteExecutor.execute(TestSuiteExecutor.java:106)
	at com.kms.katalon.core.main.TestCaseMain.startTestSuite(TestCaseMain.java:187)
	at TempTestSuite1699456150598.run(TempTestSuite1699456150598.groovy:36)
	at java.base/jdk.internal.reflect.NativeMethodAccessorImpl.invoke0(Native Method)
	at java.base/jdk.internal.reflect.NativeMethodAccessorImpl.invoke(NativeMethodAccessorImpl.java:77)
	at java.base/jdk.internal.reflect.DelegatingMethodAccessorImpl.invoke(DelegatingMethodAccessorImpl.java:43)
Caused by: com.kms.katalon.core.webui.exception.WebElementNotFoundException: Web element with id: 'Object Repository/Page_ParaBank  Welcome  Online Banking/article3NewOnlineAccountTransfers' located by '//div[@id='rightPanel']/ul[3]/li[4]/a' not found
	at com.kms.katalon.core.webui.common.WebUiCommonHelper.findWebElement(WebUiCommonHelper.java:1379)
	at com.kms.katalon.core.webui.keyword.internal.WebUIAbstractKeyword.findWebElement(WebUIAbstractKeyword.groovy:27)
	at com.kms.katalon.core.webui.keyword.builtin.ClickKeyword$_click_closure1.doCall(ClickKeyword.groovy:65)
	at com.kms.katalon.core.webui.keyword.builtin.ClickKeyword$_click_closure1.call(ClickKeyword.groovy)
	at com.kms.katalon.core.webui.keyword.internal.WebUIKeywordMain.runKeyword(WebUIKeywordMain.groovy:20)
	at com.kms.katalon.core.webui.keyword.builtin.ClickKeyword.click(ClickKeyword.groovy:74)
	at com.kms.katalon.core.webui.keyword.builtin.ClickKeyword.execute(ClickKeyword.groovy:40)
	at com.kms.katalon.core.keyword.internal.KeywordExecutor.executeKeywordForPlatform(KeywordExecutor.groovy:74)
	at com.kms.katalon.core.webui.keyword.WebUiBuiltInKeywords.click(WebUiBuiltInKeywords.groovy:620)
	at Script1699046881128.run(Script1699046881128.groovy:22)
	... 15 more
)
	at com.kms.katalon.core.keyword.internal.KeywordMain.stepFailed(KeywordMain.groovy:39)
	at com.kms.katalon.core.webui.keyword.internal.WebUIKeywordMain.stepFailed(WebUIKeywordMain.groovy:64)
	at com.kms.katalon.core.webui.keyword.internal.WebUIKeywordMain.runKeyword(WebUIKeywordMain.groovy:26)
	at com.kms.katalon.core.webui.keyword.builtin.ClickKeyword.click(ClickKeyword.groovy:74)
	at com.kms.katalon.core.webui.keyword.builtin.ClickKeyword.execute(ClickKeyword.groovy:40)
	at com.kms.katalon.core.keyword.internal.KeywordExecutor.executeKeywordForPlatform(KeywordExecutor.groovy:74)
	at com.kms.katalon.core.webui.keyword.WebUiBuiltInKeywords.click(WebUiBuiltInKeywords.groovy:620)
	at MTC024 - Check latest news article 1.run(MTC024 - Check latest news article 1:22)
	at com.kms.katalon.core.main.ScriptEngine.run(ScriptEngine.java:194)
	at com.kms.katalon.core.main.ScriptEngine.runScriptAsRawText(ScriptEngine.java:119)
	at com.kms.katalon.core.main.TestCaseExecutor.runScript(TestCaseExecutor.java:448)
	at com.kms.katalon.core.main.TestCaseExecutor.doExecute(TestCaseExecutor.java:439)
	at com.kms.katalon.core.main.TestCaseExecutor.processExecutionPhase(TestCaseExecutor.java:418)
	at com.kms.katalon.core.main.TestCaseExecutor.accessMainPhase(TestCaseExecutor.java:410)
	at com.kms.katalon.core.main.TestCaseExecutor.execute(TestCaseExecutor.java:285)
	at com.kms.katalon.core.common.CommonExecutor.accessTestCaseMainPhase(CommonExecutor.java:65)
	at com.kms.katalon.core.main.TestSuiteExecutor.accessTestSuiteMainPhase(TestSuiteExecutor.java:148)
	at com.kms.katalon.core.main.TestSuiteExecutor.execute(TestSuiteExecutor.java:106)
	at com.kms.katalon.core.main.TestCaseMain.startTestSuite(TestCaseMain.java:187)
	at TempTestSuite1699456150598.run(TempTestSuite1699456150598.groovy:36)
	at java.base/jdk.internal.reflect.NativeMethodAccessorImpl.invoke0(Native Method)
	at java.base/jdk.internal.reflect.NativeMethodAccessorImpl.invoke(NativeMethodAccessorImpl.java:77)
	at java.base/jdk.internal.reflect.DelegatingMethodAccessorImpl.invoke(DelegatingMethodAccessorImpl.java:43)
Caused by: com.kms.katalon.core.exception.StepFailedException: Unable to click on object 'Object Repository/Page_ParaBank  Welcome  Online Banking/article3NewOnlineAccountTransfers'
	... 22 more
Caused by: com.kms.katalon.core.webui.exception.WebElementNotFoundException: Web element with id: 'Object Repository/Page_ParaBank  Welcome  Online Banking/article3NewOnlineAccountTransfers' located by '//div[@id='rightPanel']/ul[3]/li[4]/a' not found
	at com.kms.katalon.core.webui.common.WebUiCommonHelper.findWebElement(WebUiCommonHelper.java:1379)
	at com.kms.katalon.core.webui.keyword.internal.WebUIAbstractKeyword.findWebElement(WebUIAbstractKeyword.groovy:27)
	at com.kms.katalon.core.webui.keyword.builtin.ClickKeyword$_click_closure1.doCall(ClickKeyword.groovy:65)
	at com.kms.katalon.core.webui.keyword.builtin.ClickKeyword$_click_closure1.call(ClickKeyword.groovy)
	at com.kms.katalon.core.webui.keyword.internal.WebUIKeywordMain.runKeyword(WebUIKeywordMain.groovy:20)
	... 20 more


2023-11-08 10:22:52 - [TEST_STEP][PASSED] - callTestCase(findTestCase("Reusable Test Cases/Open the webapp"), [:], CONTINUE_ON_FAILURE): Call Test Case 'Test Cases/Reusable Test Cases/Open the webapp' successfully

2023-11-08 10:22:52 - [TEST_CASE][PASSED] - Test Cases/Reusable Test Cases/Open the webapp: Test Cases/Reusable Test Cases/Open the webapp

2023-11-08 10:22:52 - [TEST_STEP][PASSED] - openBrowser(URL): Browser is opened with url: 'null'

2023-11-08 10:22:52 - [MESSAGE][INFO] - Starting 'Chrome (headless)' driver

2023-11-08 10:22:52 - [MESSAGE][INFO] - User set preference: ['property', '**window-size=1500,1000']

2023-11-08 10:22:52 - [MESSAGE][INFO] - Action delay is set to 0 milliseconds

2023-11-08 10:22:55 - [MESSAGE][WARNING] - FFmpeg was not installed! Browser Recording will be disabled. Please follow this document to install FFmpeg first: https://docs.katalon.com/katalon-studio/docs/screenshots-videos.html#browser-based-recorder

2023-11-08 10:22:55 - [MESSAGE][PASSED] - Browser is opened with url: 'null'

2023-11-08 10:22:55 - [TEST_STEP][PASSED] - maximizeWindow(): Current window maximized

2023-11-08 10:22:55 - [MESSAGE][PASSED] - Current window maximized

2023-11-08 10:22:55 - [MESSAGE][PASSED] - Call Test Case 'Test Cases/Reusable Test Cases/Open the webapp' successfully

2023-11-08 10:22:55 - [TEST_STEP][FAILED] - click(findTestObject("Page_ParaBank  Welcome  Online Banking/article3NewOnlineAccountTransfers")): Unable to click on object 'Object Repository/Page_ParaBank  Welcome  Online Banking/article3NewOnlineAccountTransfers' (Root cause: com.kms.katalon.core.exception.StepFailedException: Unable to click on object 'Object Repository/Page_ParaBank  Welcome  Online Banking/article3NewOnlineAccountTransfers'
	at com.kms.katalon.core.webui.keyword.internal.WebUIKeywordMain.stepFailed(WebUIKeywordMain.groovy:64)
	at com.kms.katalon.core.webui.keyword.internal.WebUIKeywordMain.runKeyword(WebUIKeywordMain.groovy:26)
	at com.kms.katalon.core.webui.keyword.builtin.ClickKeyword.click(ClickKeyword.groovy:74)
	at com.kms.katalon.core.webui.keyword.builtin.ClickKeyword.execute(ClickKeyword.groovy:40)
	at com.kms.katalon.core.keyword.internal.KeywordExecutor.executeKeywordForPlatform(KeywordExecutor.groovy:74)
	at com.kms.katalon.core.webui.keyword.WebUiBuiltInKeywords.click(WebUiBuiltInKeywords.groovy:620)
	at MTC024 - Check latest news article 1.run(MTC024 - Check latest news article 1:22)
	at com.kms.katalon.core.main.ScriptEngine.run(ScriptEngine.java:194)
	at com.kms.katalon.core.main.ScriptEngine.runScriptAsRawText(ScriptEngine.java:119)
	at com.kms.katalon.core.main.TestCaseExecutor.runScript(TestCaseExecutor.java:448)
	at com.kms.katalon.core.main.TestCaseExecutor.doExecute(TestCaseExecutor.java:439)
	at com.kms.katalon.core.main.TestCaseExecutor.processExecutionPhase(TestCaseExecutor.java:418)
	at com.kms.katalon.core.main.TestCaseExecutor.accessMainPhase(TestCaseExecutor.java:410)
	at com.kms.katalon.core.main.TestCaseExecutor.execute(TestCaseExecutor.java:285)
	at com.kms.katalon.core.common.CommonExecutor.accessTestCaseMainPhase(CommonExecutor.java:65)
	at com.kms.katalon.core.main.TestSuiteExecutor.accessTestSuiteMainPhase(TestSuiteExecutor.java:148)
	at com.kms.katalon.core.main.TestSuiteExecutor.execute(TestSuiteExecutor.java:106)
	at com.kms.katalon.core.main.TestCaseMain.startTestSuite(TestCaseMain.java:187)
	at TempTestSuite1699456150598.run(TempTestSuite1699456150598.groovy:36)
	at java.base/jdk.internal.reflect.NativeMethodAccessorImpl.invoke0(Native Method)
	at java.base/jdk.internal.reflect.NativeMethodAccessorImpl.invoke(NativeMethodAccessorImpl.java:77)
	at java.base/jdk.internal.reflect.DelegatingMethodAccessorImpl.invoke(DelegatingMethodAccessorImpl.java:43)
Caused by: com.kms.katalon.core.webui.exception.WebElementNotFoundException: Web element with id: 'Object Repository/Page_ParaBank  Welcome  Online Banking/article3NewOnlineAccountTransfers' located by '//div[@id='rightPanel']/ul[3]/li[4]/a' not found
	at com.kms.katalon.core.webui.common.WebUiCommonHelper.findWebElement(WebUiCommonHelper.java:1379)
	at com.kms.katalon.core.webui.keyword.internal.WebUIAbstractKeyword.findWebElement(WebUIAbstractKeyword.groovy:27)
	at com.kms.katalon.core.webui.keyword.builtin.ClickKeyword$_click_closure1.doCall(ClickKeyword.groovy:65)
	at com.kms.katalon.core.webui.keyword.builtin.ClickKeyword$_click_closure1.call(ClickKeyword.groovy)
	at com.kms.katalon.core.webui.keyword.internal.WebUIKeywordMain.runKeyword(WebUIKeywordMain.groovy:20)
	at com.kms.katalon.core.webui.keyword.builtin.ClickKeyword.click(ClickKeyword.groovy:74)
	at com.kms.katalon.core.webui.keyword.builtin.ClickKeyword.execute(ClickKeyword.groovy:40)
	at com.kms.katalon.core.keyword.internal.KeywordExecutor.executeKeywordForPlatform(KeywordExecutor.groovy:74)
	at com.kms.katalon.core.webui.keyword.WebUiBuiltInKeywords.click(WebUiBuiltInKeywords.groovy:620)
	at Script1699046881128.run(Script1699046881128.groovy:22)
	... 15 more
)

2023-11-08 10:23:26 - [MESSAGE][INFO] - Unable to find the element located by 'By.xpath: //div[@id='rightPanel']/ul[3]/li[4]/a'. Please recheck the objects properties to make sure the desired element is located. 

2023-11-08 10:23:26 - [MESSAGE][WARNING] - [SELF-HEALING] Failed to find element with id 'Object Repository/Page_ParaBank  Welcome  Online Banking/article3NewOnlineAccountTransfers'. Try using Self-healing.

2023-11-08 10:23:26 - [MESSAGE][INFO] - [SELF-HEALING] Failed Locator: '//div[@id='rightPanel']/ul[3]/li[4]/a'.

2023-11-08 10:23:26 - [MESSAGE][INFO] - [SELF-HEALING] Failed Locator: '//a[contains(text(),'New! Online Account Transfers')]'.

2023-11-08 10:23:26 - [MESSAGE][INFO] - [SELF-HEALING] Failed Locator: '//a[contains(@href, 'news.htm;jsessionid=AB529BC80FD1BA475E9C4714F2D3E2BE#4')]'.

2023-11-08 10:23:26 - [MESSAGE][INFO] - [SELF-HEALING] Failed Locator: '//ul[3]/li[4]/a'.

2023-11-08 10:23:26 - [MESSAGE][INFO] - [SELF-HEALING] Failed Locator: '//a[@href = 'news.htm;jsessionid=AB529BC80FD1BA475E9C4714F2D3E2BE#4' and (text() = 'New! Online Account Transfers' or . = 'New! Online Account Transfers')]'.

2023-11-08 10:23:26 - [MESSAGE][INFO] - [SELF-HEALING] Failed Locator: '//div[@id='rightPanel']/ul[3]/li[4]/a'.

2023-11-08 10:23:26 - [MESSAGE][INFO] - [SELF-HEALING] Failed Locator: '//a[contains(text(),'New! Online Account Transfers')]'.

2023-11-08 10:23:26 - [MESSAGE][INFO] - [SELF-HEALING] Failed Locator: '//a[contains(@href, 'news.htm;jsessionid=AB529BC80FD1BA475E9C4714F2D3E2BE#4')]'.

2023-11-08 10:23:26 - [MESSAGE][INFO] - [SELF-HEALING] Failed Locator: '//ul[3]/li[4]/a'.

2023-11-08 10:23:26 - [MESSAGE][INFO] - [SELF-HEALING] Failed Locator: '//a[@href = 'news.htm;jsessionid=AB529BC80FD1BA475E9C4714F2D3E2BE#4' and (text() = 'New! Online Account Transfers' or . = 'New! Online Account Transfers')]'.

2023-11-08 10:23:26 - [MESSAGE][INFO] - [SELF-HEALING] Failed Locator: '//div[@id='rightPanel']/ul[3]/li[4]/a'.

2023-11-08 10:23:26 - [MESSAGE][INFO] - [SELF-HEALING] Failed Locator: '//a[contains(text(),'New! Online Account Transfers')]'.

2023-11-08 10:23:26 - [MESSAGE][INFO] - [SELF-HEALING] Failed Locator: '//a[contains(@href, 'news.htm;jsessionid=AB529BC80FD1BA475E9C4714F2D3E2BE#4')]'.

2023-11-08 10:23:26 - [MESSAGE][INFO] - [SELF-HEALING] Failed Locator: '//ul[3]/li[4]/a'.

2023-11-08 10:23:26 - [MESSAGE][INFO] - [SELF-HEALING] Failed Locator: '//a[@href = 'news.htm;jsessionid=AB529BC80FD1BA475E9C4714F2D3E2BE#4' and (text() = 'New! Online Account Transfers' or . = 'New! Online Account Transfers')]'.

2023-11-08 10:23:26 - [MESSAGE][INFO] - [SELF-HEALING] Failed Locator: '//div[@id='rightPanel']/ul[3]/li[4]/a'.

2023-11-08 10:23:26 - [MESSAGE][INFO] - [SELF-HEALING] Failed Locator: '//a[contains(text(),'New! Online Account Transfers')]'.

2023-11-08 10:23:26 - [MESSAGE][INFO] - [SELF-HEALING] Failed Locator: '//a[contains(@href, 'news.htm;jsessionid=AB529BC80FD1BA475E9C4714F2D3E2BE#4')]'.

2023-11-08 10:23:26 - [MESSAGE][INFO] - [SELF-HEALING] Failed Locator: '//ul[3]/li[4]/a'.

2023-11-08 10:23:26 - [MESSAGE][INFO] - [SELF-HEALING] Failed Locator: '//a[@href = 'news.htm;jsessionid=AB529BC80FD1BA475E9C4714F2D3E2BE#4' and (text() = 'New! Online Account Transfers' or . = 'New! Online Account Transfers')]'.

2023-11-08 10:23:26 - [MESSAGE][INFO] - [SELF-HEALING] Failed Locator: '//div[@id='rightPanel']/ul[3]/li[4]/a'.

2023-11-08 10:23:26 - [MESSAGE][INFO] - [SELF-HEALING] Failed Locator: '//a[contains(text(),'New! Online Account Transfers')]'.

2023-11-08 10:23:26 - [MESSAGE][INFO] - [SELF-HEALING] Failed Locator: '//a[contains(@href, 'news.htm;jsessionid=AB529BC80FD1BA475E9C4714F2D3E2BE#4')]'.

2023-11-08 10:23:26 - [MESSAGE][INFO] - [SELF-HEALING] Failed Locator: '//ul[3]/li[4]/a'.

2023-11-08 10:23:26 - [MESSAGE][INFO] - [SELF-HEALING] Failed Locator: '//a[@href = 'news.htm;jsessionid=AB529BC80FD1BA475E9C4714F2D3E2BE#4' and (text() = 'New! Online Account Transfers' or . = 'New! Online Account Transfers')]'.

2023-11-08 10:23:26 - [MESSAGE][INFO] - [SELF-HEALING] Failed Locator: '//div[@id='rightPanel']/ul[3]/li[4]/a'.

2023-11-08 10:23:26 - [MESSAGE][INFO] - [SELF-HEALING] Failed Locator: '//a[contains(text(),'New! Online Account Transfers')]'.

2023-11-08 10:23:26 - [MESSAGE][INFO] - [SELF-HEALING] Failed Locator: '//a[contains(@href, 'news.htm;jsessionid=AB529BC80FD1BA475E9C4714F2D3E2BE#4')]'.

2023-11-08 10:23:26 - [MESSAGE][INFO] - [SELF-HEALING] Failed Locator: '//ul[3]/li[4]/a'.

2023-11-08 10:23:26 - [MESSAGE][INFO] - [SELF-HEALING] Failed Locator: '//a[@href = 'news.htm;jsessionid=AB529BC80FD1BA475E9C4714F2D3E2BE#4' and (text() = 'New! Online Account Transfers' or . = 'New! Online Account Transfers')]'.

2023-11-08 10:23:26 - [MESSAGE][INFO] - [SELF-HEALING] Failed Locator: '//div[@id='rightPanel']/ul[3]/li[4]/a'.

2023-11-08 10:23:26 - [MESSAGE][INFO] - [SELF-HEALING] Failed Locator: '//a[contains(text(),'New! Online Account Transfers')]'.

2023-11-08 10:23:26 - [MESSAGE][INFO] - [SELF-HEALING] Failed Locator: '//a[contains(@href, 'news.htm;jsessionid=AB529BC80FD1BA475E9C4714F2D3E2BE#4')]'.

2023-11-08 10:23:26 - [MESSAGE][INFO] - [SELF-HEALING] Failed Locator: '//ul[3]/li[4]/a'.

2023-11-08 10:23:26 - [MESSAGE][INFO] - [SELF-HEALING] Failed Locator: '//a[@href = 'news.htm;jsessionid=AB529BC80FD1BA475E9C4714F2D3E2BE#4' and (text() = 'New! Online Account Transfers' or . = 'New! Online Account Transfers')]'.

2023-11-08 10:23:26 - [MESSAGE][INFO] - [SELF-HEALING] Failed Locator: '//div[@id='rightPanel']/ul[3]/li[4]/a'.

2023-11-08 10:23:26 - [MESSAGE][INFO] - [SELF-HEALING] Failed Locator: '//a[contains(text(),'New! Online Account Transfers')]'.

2023-11-08 10:23:26 - [MESSAGE][INFO] - [SELF-HEALING] Failed Locator: '//a[contains(@href, 'news.htm;jsessionid=AB529BC80FD1BA475E9C4714F2D3E2BE#4')]'.

2023-11-08 10:23:26 - [MESSAGE][INFO] - [SELF-HEALING] Failed Locator: '//ul[3]/li[4]/a'.

2023-11-08 10:23:26 - [MESSAGE][INFO] - [SELF-HEALING] Failed Locator: '//a[@href = 'news.htm;jsessionid=AB529BC80FD1BA475E9C4714F2D3E2BE#4' and (text() = 'New! Online Account Transfers' or . = 'New! Online Account Transfers')]'.

2023-11-08 10:23:26 - [MESSAGE][INFO] - [SELF-HEALING] Failed Locator: '//div[@id='rightPanel']/ul[3]/li[4]/a'.

2023-11-08 10:23:27 - [MESSAGE][INFO] - [SELF-HEALING] Failed Locator: '//a[contains(text(),'New! Online Account Transfers')]'.

2023-11-08 10:23:27 - [MESSAGE][INFO] - [SELF-HEALING] Failed Locator: '//a[contains(@href, 'news.htm;jsessionid=AB529BC80FD1BA475E9C4714F2D3E2BE#4')]'.

2023-11-08 10:23:27 - [MESSAGE][INFO] - [SELF-HEALING] Failed Locator: '//ul[3]/li[4]/a'.

2023-11-08 10:23:27 - [MESSAGE][INFO] - [SELF-HEALING] Failed Locator: '//a[@href = 'news.htm;jsessionid=AB529BC80FD1BA475E9C4714F2D3E2BE#4' and (text() = 'New! Online Account Transfers' or . = 'New! Online Account Transfers')]'.

2023-11-08 10:23:27 - [MESSAGE][INFO] - [SELF-HEALING] Failed Locator: '//div[@id='rightPanel']/ul[3]/li[4]/a'.

2023-11-08 10:23:27 - [MESSAGE][INFO] - [SELF-HEALING] Failed Locator: '//a[contains(text(),'New! Online Account Transfers')]'.

2023-11-08 10:23:27 - [MESSAGE][INFO] - [SELF-HEALING] Failed Locator: '//a[contains(@href, 'news.htm;jsessionid=AB529BC80FD1BA475E9C4714F2D3E2BE#4')]'.

2023-11-08 10:23:27 - [MESSAGE][INFO] - [SELF-HEALING] Failed Locator: '//ul[3]/li[4]/a'.

2023-11-08 10:23:27 - [MESSAGE][INFO] - [SELF-HEALING] Failed Locator: '//a[@href = 'news.htm;jsessionid=AB529BC80FD1BA475E9C4714F2D3E2BE#4' and (text() = 'New! Online Account Transfers' or . = 'New! Online Account Transfers')]'.

2023-11-08 10:23:27 - [MESSAGE][INFO] - [SELF-HEALING] Failed Locator: '//div[@id='rightPanel']/ul[3]/li[4]/a'.

2023-11-08 10:23:27 - [MESSAGE][INFO] - [SELF-HEALING] Failed Locator: '//a[contains(text(),'New! Online Account Transfers')]'.

2023-11-08 10:23:27 - [MESSAGE][INFO] - [SELF-HEALING] Failed Locator: '//a[contains(@href, 'news.htm;jsessionid=AB529BC80FD1BA475E9C4714F2D3E2BE#4')]'.

2023-11-08 10:23:27 - [MESSAGE][INFO] - [SELF-HEALING] Failed Locator: '//ul[3]/li[4]/a'.

2023-11-08 10:23:27 - [MESSAGE][INFO] - [SELF-HEALING] Failed Locator: '//a[@href = 'news.htm;jsessionid=AB529BC80FD1BA475E9C4714F2D3E2BE#4' and (text() = 'New! Online Account Transfers' or . = 'New! Online Account Transfers')]'.

2023-11-08 10:23:28 - [MESSAGE][INFO] - Unable to find the element located by 'By.xpath: //*[@href = 'news.htm;jsessionid=AB529BC80FD1BA475E9C4714F2D3E2BE#4' and (text() = 'New! Online Account Transfers' or . = 'New! Online Account Transfers')]'. Please recheck the objects properties to make sure the desired element is located. 

2023-11-08 10:23:29 - [MESSAGE][INFO] - Unable to find the element located by 'By.cssSelector: ul.events > li:nth-of-type(4) > a'. Please recheck the objects properties to make sure the desired element is located. 

2023-11-08 10:23:29 - [MESSAGE][FAILED] - Unable to click on object 'Object Repository/Page_ParaBank  Welcome  Online Banking/article3NewOnlineAccountTransfers' (Root cause: com.kms.katalon.core.exception.StepFailedException: Unable to click on object 'Object Repository/Page_ParaBank  Welcome  Online Banking/article3NewOnlineAccountTransfers'
	at com.kms.katalon.core.webui.keyword.internal.WebUIKeywordMain.stepFailed(WebUIKeywordMain.groovy:64)
	at com.kms.katalon.core.webui.keyword.internal.WebUIKeywordMain.runKeyword(WebUIKeywordMain.groovy:26)
	at com.kms.katalon.core.webui.keyword.builtin.ClickKeyword.click(ClickKeyword.groovy:74)
	at com.kms.katalon.core.webui.keyword.builtin.ClickKeyword.execute(ClickKeyword.groovy:40)
	at com.kms.katalon.core.keyword.internal.KeywordExecutor.executeKeywordForPlatform(KeywordExecutor.groovy:74)
	at com.kms.katalon.core.webui.keyword.WebUiBuiltInKeywords.click(WebUiBuiltInKeywords.groovy:620)
	at MTC024 - Check latest news article 1.run(MTC024 - Check latest news article 1:22)
	at com.kms.katalon.core.main.ScriptEngine.run(ScriptEngine.java:194)
	at com.kms.katalon.core.main.ScriptEngine.runScriptAsRawText(ScriptEngine.java:119)
	at com.kms.katalon.core.main.TestCaseExecutor.runScript(TestCaseExecutor.java:448)
	at com.kms.katalon.core.main.TestCaseExecutor.doExecute(TestCaseExecutor.java:439)
	at com.kms.katalon.core.main.TestCaseExecutor.processExecutionPhase(TestCaseExecutor.java:418)
	at com.kms.katalon.core.main.TestCaseExecutor.accessMainPhase(TestCaseExecutor.java:410)
	at com.kms.katalon.core.main.TestCaseExecutor.execute(TestCaseExecutor.java:285)
	at com.kms.katalon.core.common.CommonExecutor.accessTestCaseMainPhase(CommonExecutor.java:65)
	at com.kms.katalon.core.main.TestSuiteExecutor.accessTestSuiteMainPhase(TestSuiteExecutor.java:148)
	at com.kms.katalon.core.main.TestSuiteExecutor.execute(TestSuiteExecutor.java:106)
	at com.kms.katalon.core.main.TestCaseMain.startTestSuite(TestCaseMain.java:187)
	at TempTestSuite1699456150598.run(TempTestSuite1699456150598.groovy:36)
	at java.base/jdk.internal.reflect.NativeMethodAccessorImpl.invoke0(Native Method)
	at java.base/jdk.internal.reflect.NativeMethodAccessorImpl.invoke(NativeMethodAccessorImpl.java:77)
	at java.base/jdk.internal.reflect.DelegatingMethodAccessorImpl.invoke(DelegatingMethodAccessorImpl.java:43)
Caused by: com.kms.katalon.core.webui.exception.WebElementNotFoundException: Web element with id: 'Object Repository/Page_ParaBank  Welcome  Online Banking/article3NewOnlineAccountTransfers' located by '//div[@id='rightPanel']/ul[3]/li[4]/a' not found
	at com.kms.katalon.core.webui.common.WebUiCommonHelper.findWebElement(WebUiCommonHelper.java:1379)
	at com.kms.katalon.core.webui.keyword.internal.WebUIAbstractKeyword.findWebElement(WebUIAbstractKeyword.groovy:27)
	at com.kms.katalon.core.webui.keyword.builtin.ClickKeyword$_click_closure1.doCall(ClickKeyword.groovy:65)
	at com.kms.katalon.core.webui.keyword.builtin.ClickKeyword$_click_closure1.call(ClickKeyword.groovy)
	at com.kms.katalon.core.webui.keyword.internal.WebUIKeywordMain.runKeyword(WebUIKeywordMain.groovy:20)
	at com.kms.katalon.core.webui.keyword.builtin.ClickKeyword.click(ClickKeyword.groovy:74)
	at com.kms.katalon.core.webui.keyword.builtin.ClickKeyword.execute(ClickKeyword.groovy:40)
	at com.kms.katalon.core.keyword.internal.KeywordExecutor.executeKeywordForPlatform(KeywordExecutor.groovy:74)
	at com.kms.katalon.core.webui.keyword.WebUiBuiltInKeywords.click(WebUiBuiltInKeywords.groovy:620)
	at Script1699046881128.run(Script1699046881128.groovy:22)
	... 15 more
)
[[ATTACHMENT|C:\\Users\\GKOKABAYEVA\\Katalon Studio\\Parabank\\Reports\\20231108_100910\\Smoke Test Suites\\STS003 - Main page links verification\\20231108_100910\\1699457009268.png]]

2023-11-08 10:23:29 - [TEST_STEP][FAILED] - navigateToUrl(NEWS_URL): Unable to navigate to 'null' (Root cause: com.kms.katalon.core.exception.StepFailedException: Unable to navigate to 'null'
	at com.kms.katalon.core.webui.keyword.internal.WebUIKeywordMain.stepFailed(WebUIKeywordMain.groovy:64)
	at com.kms.katalon.core.webui.keyword.internal.WebUIKeywordMain.runKeyword(WebUIKeywordMain.groovy:26)
	at com.kms.katalon.core.webui.keyword.builtin.NavigateToUrlKeyword.navigateToUrl(NavigateToUrlKeyword.groovy:83)
	at com.kms.katalon.core.webui.keyword.builtin.NavigateToUrlKeyword.execute(NavigateToUrlKeyword.groovy:67)
	at com.kms.katalon.core.keyword.internal.KeywordExecutor.executeKeywordForPlatform(KeywordExecutor.groovy:74)
	at com.kms.katalon.core.webui.keyword.WebUiBuiltInKeywords.navigateToUrl(WebUiBuiltInKeywords.groovy:187)
	at MTC024 - Check latest news article 1.run(MTC024 - Check latest news article 1:24)
	at com.kms.katalon.core.main.ScriptEngine.run(ScriptEngine.java:194)
	at com.kms.katalon.core.main.ScriptEngine.runScriptAsRawText(ScriptEngine.java:119)
	at com.kms.katalon.core.main.TestCaseExecutor.runScript(TestCaseExecutor.java:448)
	at com.kms.katalon.core.main.TestCaseExecutor.doExecute(TestCaseExecutor.java:439)
	at com.kms.katalon.core.main.TestCaseExecutor.processExecutionPhase(TestCaseExecutor.java:418)
	at com.kms.katalon.core.main.TestCaseExecutor.accessMainPhase(TestCaseExecutor.java:410)
	at com.kms.katalon.core.main.TestCaseExecutor.execute(TestCaseExecutor.java:285)
	at com.kms.katalon.core.common.CommonExecutor.accessTestCaseMainPhase(CommonExecutor.java:65)
	at com.kms.katalon.core.main.TestSuiteExecutor.accessTestSuiteMainPhase(TestSuiteExecutor.java:148)
	at com.kms.katalon.core.main.TestSuiteExecutor.execute(TestSuiteExecutor.java:106)
	at com.kms.katalon.core.main.TestCaseMain.startTestSuite(TestCaseMain.java:187)
	at TempTestSuite1699456150598.run(TempTestSuite1699456150598.groovy:36)
	at java.base/jdk.internal.reflect.NativeMethodAccessorImpl.invoke0(Native Method)
	at java.base/jdk.internal.reflect.NativeMethodAccessorImpl.invoke(NativeMethodAccessorImpl.java:77)
	at java.base/jdk.internal.reflect.DelegatingMethodAccessorImpl.invoke(DelegatingMethodAccessorImpl.java:43)
Caused by: java.lang.IllegalArgumentException: Url cannot be null or empty
	at com.kms.katalon.core.webui.keyword.builtin.NavigateToUrlKeyword$_navigateToUrl_closure1.doCall(NavigateToUrlKeyword.groovy:75)
	at com.kms.katalon.core.webui.keyword.builtin.NavigateToUrlKeyword$_navigateToUrl_closure1.call(NavigateToUrlKeyword.groovy)
	at com.kms.katalon.core.webui.keyword.internal.WebUIKeywordMain.runKeyword(WebUIKeywordMain.groovy:20)
	at com.kms.katalon.core.webui.keyword.builtin.NavigateToUrlKeyword.navigateToUrl(NavigateToUrlKeyword.groovy:83)
	at com.kms.katalon.core.webui.keyword.builtin.NavigateToUrlKeyword.execute(NavigateToUrlKeyword.groovy:67)
	at com.kms.katalon.core.keyword.internal.KeywordExecutor.executeKeywordForPlatform(KeywordExecutor.groovy:74)
	at com.kms.katalon.core.webui.keyword.WebUiBuiltInKeywords.navigateToUrl(WebUiBuiltInKeywords.groovy:187)
	at Script1699046881128.run(Script1699046881128.groovy:24)
	... 15 more
)

2023-11-08 10:23:29 - [MESSAGE][FAILED] - Unable to navigate to 'null' (Root cause: com.kms.katalon.core.exception.StepFailedException: Unable to navigate to 'null'
	at com.kms.katalon.core.webui.keyword.internal.WebUIKeywordMain.stepFailed(WebUIKeywordMain.groovy:64)
	at com.kms.katalon.core.webui.keyword.internal.WebUIKeywordMain.runKeyword(WebUIKeywordMain.groovy:26)
	at com.kms.katalon.core.webui.keyword.builtin.NavigateToUrlKeyword.navigateToUrl(NavigateToUrlKeyword.groovy:83)
	at com.kms.katalon.core.webui.keyword.builtin.NavigateToUrlKeyword.execute(NavigateToUrlKeyword.groovy:67)
	at com.kms.katalon.core.keyword.internal.KeywordExecutor.executeKeywordForPlatform(KeywordExecutor.groovy:74)
	at com.kms.katalon.core.webui.keyword.WebUiBuiltInKeywords.navigateToUrl(WebUiBuiltInKeywords.groovy:187)
	at MTC024 - Check latest news article 1.run(MTC024 - Check latest news article 1:24)
	at com.kms.katalon.core.main.ScriptEngine.run(ScriptEngine.java:194)
	at com.kms.katalon.core.main.ScriptEngine.runScriptAsRawText(ScriptEngine.java:119)
	at com.kms.katalon.core.main.TestCaseExecutor.runScript(TestCaseExecutor.java:448)
	at com.kms.katalon.core.main.TestCaseExecutor.doExecute(TestCaseExecutor.java:439)
	at com.kms.katalon.core.main.TestCaseExecutor.processExecutionPhase(TestCaseExecutor.java:418)
	at com.kms.katalon.core.main.TestCaseExecutor.accessMainPhase(TestCaseExecutor.java:410)
	at com.kms.katalon.core.main.TestCaseExecutor.execute(TestCaseExecutor.java:285)
	at com.kms.katalon.core.common.CommonExecutor.accessTestCaseMainPhase(CommonExecutor.java:65)
	at com.kms.katalon.core.main.TestSuiteExecutor.accessTestSuiteMainPhase(TestSuiteExecutor.java:148)
	at com.kms.katalon.core.main.TestSuiteExecutor.execute(TestSuiteExecutor.java:106)
	at com.kms.katalon.core.main.TestCaseMain.startTestSuite(TestCaseMain.java:187)
	at TempTestSuite1699456150598.run(TempTestSuite1699456150598.groovy:36)
	at java.base/jdk.internal.reflect.NativeMethodAccessorImpl.invoke0(Native Method)
	at java.base/jdk.internal.reflect.NativeMethodAccessorImpl.invoke(NativeMethodAccessorImpl.java:77)
	at java.base/jdk.internal.reflect.DelegatingMethodAccessorImpl.invoke(DelegatingMethodAccessorImpl.java:43)
Caused by: java.lang.IllegalArgumentException: Url cannot be null or empty
	at com.kms.katalon.core.webui.keyword.builtin.NavigateToUrlKeyword$_navigateToUrl_closure1.doCall(NavigateToUrlKeyword.groovy:75)
	at com.kms.katalon.core.webui.keyword.builtin.NavigateToUrlKeyword$_navigateToUrl_closure1.call(NavigateToUrlKeyword.groovy)
	at com.kms.katalon.core.webui.keyword.internal.WebUIKeywordMain.runKeyword(WebUIKeywordMain.groovy:20)
	at com.kms.katalon.core.webui.keyword.builtin.NavigateToUrlKeyword.navigateToUrl(NavigateToUrlKeyword.groovy:83)
	at com.kms.katalon.core.webui.keyword.builtin.NavigateToUrlKeyword.execute(NavigateToUrlKeyword.groovy:67)
	at com.kms.katalon.core.keyword.internal.KeywordExecutor.executeKeywordForPlatform(KeywordExecutor.groovy:74)
	at com.kms.katalon.core.webui.keyword.WebUiBuiltInKeywords.navigateToUrl(WebUiBuiltInKeywords.groovy:187)
	at Script1699046881128.run(Script1699046881128.groovy:24)
	... 15 more
)
[[ATTACHMENT|C:\\Users\\GKOKABAYEVA\\Katalon Studio\\Parabank\\Reports\\20231108_100910\\Smoke Test Suites\\STS003 - Main page links verification\\20231108_100910\\1699457009331.png]]

2023-11-08 10:23:29 - [TEST_STEP][FAILED] - verifyElementText(findTestObject("Object Repository/Page_ParaBank  News/h1ParaBankNews"), expectedH1ParaBankNews): com.kms.katalon.core.webui.exception.WebElementNotFoundException: Web element with id: 'Object Repository/Page_ParaBank  News/h1ParaBankNews' located by '//div[@id='rightPanel']/h1' not found (Root cause: com.kms.katalon.core.exception.StepFailedException: com.kms.katalon.core.webui.exception.WebElementNotFoundException: Web element with id: 'Object Repository/Page_ParaBank  News/h1ParaBankNews' located by '//div[@id='rightPanel']/h1' not found
	at com.kms.katalon.core.webui.keyword.internal.WebUIKeywordMain.stepFailed(WebUIKeywordMain.groovy:64)
	at com.kms.katalon.core.webui.keyword.builtin.VerifyElementTextKeyword$_verifyElementText_closure1.doCall(VerifyElementTextKeyword.groovy:64)
	at com.kms.katalon.core.webui.keyword.builtin.VerifyElementTextKeyword$_verifyElementText_closure1.call(VerifyElementTextKeyword.groovy)
	at com.kms.katalon.core.webui.keyword.internal.WebUIKeywordMain.runKeyword(WebUIKeywordMain.groovy:20)
	at com.kms.katalon.core.webui.keyword.builtin.VerifyElementTextKeyword.verifyElementText(VerifyElementTextKeyword.groovy:72)
	at com.kms.katalon.core.webui.keyword.builtin.VerifyElementTextKeyword.execute(VerifyElementTextKeyword.groovy:40)
	at com.kms.katalon.core.keyword.internal.KeywordExecutor.executeKeywordForPlatform(KeywordExecutor.groovy:74)
	at com.kms.katalon.core.webui.keyword.WebUiBuiltInKeywords.verifyElementText(WebUiBuiltInKeywords.groovy:4796)
	at MTC024 - Check latest news article 1.run(MTC024 - Check latest news article 1:26)
	at com.kms.katalon.core.main.ScriptEngine.run(ScriptEngine.java:194)
	at com.kms.katalon.core.main.ScriptEngine.runScriptAsRawText(ScriptEngine.java:119)
	at com.kms.katalon.core.main.TestCaseExecutor.runScript(TestCaseExecutor.java:448)
	at com.kms.katalon.core.main.TestCaseExecutor.doExecute(TestCaseExecutor.java:439)
	at com.kms.katalon.core.main.TestCaseExecutor.processExecutionPhase(TestCaseExecutor.java:418)
	at com.kms.katalon.core.main.TestCaseExecutor.accessMainPhase(TestCaseExecutor.java:410)
	at com.kms.katalon.core.main.TestCaseExecutor.execute(TestCaseExecutor.java:285)
	at com.kms.katalon.core.common.CommonExecutor.accessTestCaseMainPhase(CommonExecutor.java:65)
	at com.kms.katalon.core.main.TestSuiteExecutor.accessTestSuiteMainPhase(TestSuiteExecutor.java:148)
	at com.kms.katalon.core.main.TestSuiteExecutor.execute(TestSuiteExecutor.java:106)
	at com.kms.katalon.core.main.TestCaseMain.startTestSuite(TestCaseMain.java:187)
	at TempTestSuite1699456150598.run(TempTestSuite1699456150598.groovy:36)
	at java.base/jdk.internal.reflect.NativeMethodAccessorImpl.invoke0(Native Method)
	at java.base/jdk.internal.reflect.NativeMethodAccessorImpl.invoke(NativeMethodAccessorImpl.java:77)
	at java.base/jdk.internal.reflect.DelegatingMethodAccessorImpl.invoke(DelegatingMethodAccessorImpl.java:43)
)

2023-11-08 10:24:00 - [MESSAGE][INFO] - Unable to find the element located by 'By.xpath: //div[@id='rightPanel']/h1'. Please recheck the objects properties to make sure the desired element is located. 

2023-11-08 10:24:00 - [MESSAGE][WARNING] - [SELF-HEALING] Failed to find element with id 'Object Repository/Page_ParaBank  News/h1ParaBankNews'. Try using Self-healing.

2023-11-08 10:24:00 - [MESSAGE][INFO] - [SELF-HEALING] Failed Locator: '//div[@id='rightPanel']/h1'.

2023-11-08 10:24:00 - [MESSAGE][INFO] - [SELF-HEALING] Failed Locator: '//h1'.

2023-11-08 10:24:00 - [MESSAGE][INFO] - [SELF-HEALING] Failed Locator: '//h1[(text() = 'ParaBank News' or . = 'ParaBank News')]'.

2023-11-08 10:24:00 - [MESSAGE][INFO] - [SELF-HEALING] Failed Locator: '//div[@id='rightPanel']/h1'.

2023-11-08 10:24:00 - [MESSAGE][INFO] - [SELF-HEALING] Failed Locator: '//h1'.

2023-11-08 10:24:00 - [MESSAGE][INFO] - [SELF-HEALING] Failed Locator: '//h1[(text() = 'ParaBank News' or . = 'ParaBank News')]'.

2023-11-08 10:24:00 - [MESSAGE][INFO] - [SELF-HEALING] Failed Locator: '//div[@id='rightPanel']/h1'.

2023-11-08 10:24:00 - [MESSAGE][INFO] - [SELF-HEALING] Failed Locator: '//h1'.

2023-11-08 10:24:00 - [MESSAGE][INFO] - [SELF-HEALING] Failed Locator: '//h1[(text() = 'ParaBank News' or . = 'ParaBank News')]'.

2023-11-08 10:24:00 - [MESSAGE][INFO] - [SELF-HEALING] Failed Locator: '//div[@id='rightPanel']/h1'.

2023-11-08 10:24:00 - [MESSAGE][INFO] - [SELF-HEALING] Failed Locator: '//h1'.

2023-11-08 10:24:00 - [MESSAGE][INFO] - [SELF-HEALING] Failed Locator: '//h1[(text() = 'ParaBank News' or . = 'ParaBank News')]'.

2023-11-08 10:24:00 - [MESSAGE][INFO] - [SELF-HEALING] Failed Locator: '//div[@id='rightPanel']/h1'.

2023-11-08 10:24:00 - [MESSAGE][INFO] - [SELF-HEALING] Failed Locator: '//h1'.

2023-11-08 10:24:00 - [MESSAGE][INFO] - [SELF-HEALING] Failed Locator: '//h1[(text() = 'ParaBank News' or . = 'ParaBank News')]'.

2023-11-08 10:24:00 - [MESSAGE][INFO] - [SELF-HEALING] Failed Locator: '//div[@id='rightPanel']/h1'.

2023-11-08 10:24:00 - [MESSAGE][INFO] - [SELF-HEALING] Failed Locator: '//h1'.

2023-11-08 10:24:00 - [MESSAGE][INFO] - [SELF-HEALING] Failed Locator: '//h1[(text() = 'ParaBank News' or . = 'ParaBank News')]'.

2023-11-08 10:24:00 - [MESSAGE][INFO] - [SELF-HEALING] Failed Locator: '//div[@id='rightPanel']/h1'.

2023-11-08 10:24:00 - [MESSAGE][INFO] - [SELF-HEALING] Failed Locator: '//h1'.

2023-11-08 10:24:00 - [MESSAGE][INFO] - [SELF-HEALING] Failed Locator: '//h1[(text() = 'ParaBank News' or . = 'ParaBank News')]'.

2023-11-08 10:24:00 - [MESSAGE][INFO] - [SELF-HEALING] Failed Locator: '//div[@id='rightPanel']/h1'.

2023-11-08 10:24:00 - [MESSAGE][INFO] - [SELF-HEALING] Failed Locator: '//h1'.

2023-11-08 10:24:00 - [MESSAGE][INFO] - [SELF-HEALING] Failed Locator: '//h1[(text() = 'ParaBank News' or . = 'ParaBank News')]'.

2023-11-08 10:24:00 - [MESSAGE][INFO] - [SELF-HEALING] Failed Locator: '//div[@id='rightPanel']/h1'.

2023-11-08 10:24:00 - [MESSAGE][INFO] - [SELF-HEALING] Failed Locator: '//h1'.

2023-11-08 10:24:00 - [MESSAGE][INFO] - [SELF-HEALING] Failed Locator: '//h1[(text() = 'ParaBank News' or . = 'ParaBank News')]'.

2023-11-08 10:24:00 - [MESSAGE][INFO] - [SELF-HEALING] Failed Locator: '//div[@id='rightPanel']/h1'.

2023-11-08 10:24:00 - [MESSAGE][INFO] - [SELF-HEALING] Failed Locator: '//h1'.

2023-11-08 10:24:00 - [MESSAGE][INFO] - [SELF-HEALING] Failed Locator: '//h1[(text() = 'ParaBank News' or . = 'ParaBank News')]'.

2023-11-08 10:24:01 - [MESSAGE][INFO] - [SELF-HEALING] Failed Locator: '//div[@id='rightPanel']/h1'.

2023-11-08 10:24:01 - [MESSAGE][INFO] - [SELF-HEALING] Failed Locator: '//h1'.

2023-11-08 10:24:01 - [MESSAGE][INFO] - [SELF-HEALING] Failed Locator: '//h1[(text() = 'ParaBank News' or . = 'ParaBank News')]'.

2023-11-08 10:24:01 - [MESSAGE][INFO] - [SELF-HEALING] Failed Locator: '//div[@id='rightPanel']/h1'.

2023-11-08 10:24:01 - [MESSAGE][INFO] - [SELF-HEALING] Failed Locator: '//h1'.

2023-11-08 10:24:01 - [MESSAGE][INFO] - [SELF-HEALING] Failed Locator: '//h1[(text() = 'ParaBank News' or . = 'ParaBank News')]'.

2023-11-08 10:24:01 - [MESSAGE][INFO] - [SELF-HEALING] Failed Locator: '//div[@id='rightPanel']/h1'.

2023-11-08 10:24:01 - [MESSAGE][INFO] - [SELF-HEALING] Failed Locator: '//h1'.

2023-11-08 10:24:01 - [MESSAGE][INFO] - [SELF-HEALING] Failed Locator: '//h1[(text() = 'ParaBank News' or . = 'ParaBank News')]'.

2023-11-08 10:24:01 - [MESSAGE][INFO] - [SELF-HEALING] Failed Locator: '//div[@id='rightPanel']/h1'.

2023-11-08 10:24:01 - [MESSAGE][INFO] - [SELF-HEALING] Failed Locator: '//h1'.

2023-11-08 10:24:01 - [MESSAGE][INFO] - [SELF-HEALING] Failed Locator: '//h1[(text() = 'ParaBank News' or . = 'ParaBank News')]'.

2023-11-08 10:24:01 - [MESSAGE][INFO] - [SELF-HEALING] Failed Locator: '//div[@id='rightPanel']/h1'.

2023-11-08 10:24:01 - [MESSAGE][INFO] - [SELF-HEALING] Failed Locator: '//h1'.

2023-11-08 10:24:01 - [MESSAGE][INFO] - [SELF-HEALING] Failed Locator: '//h1[(text() = 'ParaBank News' or . = 'ParaBank News')]'.

2023-11-08 10:24:01 - [MESSAGE][INFO] - [SELF-HEALING] Failed Locator: '//div[@id='rightPanel']/h1'.

2023-11-08 10:24:01 - [MESSAGE][INFO] - [SELF-HEALING] Failed Locator: '//h1'.

2023-11-08 10:24:01 - [MESSAGE][INFO] - [SELF-HEALING] Failed Locator: '//h1[(text() = 'ParaBank News' or . = 'ParaBank News')]'.

2023-11-08 10:24:01 - [MESSAGE][INFO] - [SELF-HEALING] Failed Locator: '//div[@id='rightPanel']/h1'.

2023-11-08 10:24:01 - [MESSAGE][INFO] - [SELF-HEALING] Failed Locator: '//h1'.

2023-11-08 10:24:01 - [MESSAGE][INFO] - [SELF-HEALING] Failed Locator: '//h1[(text() = 'ParaBank News' or . = 'ParaBank News')]'.

2023-11-08 10:24:01 - [MESSAGE][INFO] - [SELF-HEALING] Failed Locator: '//div[@id='rightPanel']/h1'.

2023-11-08 10:24:01 - [MESSAGE][INFO] - [SELF-HEALING] Failed Locator: '//h1'.

2023-11-08 10:24:01 - [MESSAGE][INFO] - [SELF-HEALING] Failed Locator: '//h1[(text() = 'ParaBank News' or . = 'ParaBank News')]'.

2023-11-08 10:24:01 - [MESSAGE][INFO] - [SELF-HEALING] Failed Locator: '//div[@id='rightPanel']/h1'.

2023-11-08 10:24:01 - [MESSAGE][INFO] - [SELF-HEALING] Failed Locator: '//h1'.

2023-11-08 10:24:01 - [MESSAGE][INFO] - [SELF-HEALING] Failed Locator: '//h1[(text() = 'ParaBank News' or . = 'ParaBank News')]'.

2023-11-08 10:24:02 - [MESSAGE][INFO] - Unable to find the element located by 'By.xpath: //*[(text() = 'ParaBank News' or . = 'ParaBank News')]'. Please recheck the objects properties to make sure the desired element is located. 

2023-11-08 10:24:03 - [MESSAGE][INFO] - Unable to find the element located by 'By.cssSelector: h1.title'. Please recheck the objects properties to make sure the desired element is located. 

2023-11-08 10:24:03 - [MESSAGE][FAILED] - com.kms.katalon.core.webui.exception.WebElementNotFoundException: Web element with id: 'Object Repository/Page_ParaBank  News/h1ParaBankNews' located by '//div[@id='rightPanel']/h1' not found (Root cause: com.kms.katalon.core.exception.StepFailedException: com.kms.katalon.core.webui.exception.WebElementNotFoundException: Web element with id: 'Object Repository/Page_ParaBank  News/h1ParaBankNews' located by '//div[@id='rightPanel']/h1' not found
	at com.kms.katalon.core.webui.keyword.internal.WebUIKeywordMain.stepFailed(WebUIKeywordMain.groovy:64)
	at com.kms.katalon.core.webui.keyword.builtin.VerifyElementTextKeyword$_verifyElementText_closure1.doCall(VerifyElementTextKeyword.groovy:64)
	at com.kms.katalon.core.webui.keyword.builtin.VerifyElementTextKeyword$_verifyElementText_closure1.call(VerifyElementTextKeyword.groovy)
	at com.kms.katalon.core.webui.keyword.internal.WebUIKeywordMain.runKeyword(WebUIKeywordMain.groovy:20)
	at com.kms.katalon.core.webui.keyword.builtin.VerifyElementTextKeyword.verifyElementText(VerifyElementTextKeyword.groovy:72)
	at com.kms.katalon.core.webui.keyword.builtin.VerifyElementTextKeyword.execute(VerifyElementTextKeyword.groovy:40)
	at com.kms.katalon.core.keyword.internal.KeywordExecutor.executeKeywordForPlatform(KeywordExecutor.groovy:74)
	at com.kms.katalon.core.webui.keyword.WebUiBuiltInKeywords.verifyElementText(WebUiBuiltInKeywords.groovy:4796)
	at MTC024 - Check latest news article 1.run(MTC024 - Check latest news article 1:26)
	at com.kms.katalon.core.main.ScriptEngine.run(ScriptEngine.java:194)
	at com.kms.katalon.core.main.ScriptEngine.runScriptAsRawText(ScriptEngine.java:119)
	at com.kms.katalon.core.main.TestCaseExecutor.runScript(TestCaseExecutor.java:448)
	at com.kms.katalon.core.main.TestCaseExecutor.doExecute(TestCaseExecutor.java:439)
	at com.kms.katalon.core.main.TestCaseExecutor.processExecutionPhase(TestCaseExecutor.java:418)
	at com.kms.katalon.core.main.TestCaseExecutor.accessMainPhase(TestCaseExecutor.java:410)
	at com.kms.katalon.core.main.TestCaseExecutor.execute(TestCaseExecutor.java:285)
	at com.kms.katalon.core.common.CommonExecutor.accessTestCaseMainPhase(CommonExecutor.java:65)
	at com.kms.katalon.core.main.TestSuiteExecutor.accessTestSuiteMainPhase(TestSuiteExecutor.java:148)
	at com.kms.katalon.core.main.TestSuiteExecutor.execute(TestSuiteExecutor.java:106)
	at com.kms.katalon.core.main.TestCaseMain.startTestSuite(TestCaseMain.java:187)
	at TempTestSuite1699456150598.run(TempTestSuite1699456150598.groovy:36)
	at java.base/jdk.internal.reflect.NativeMethodAccessorImpl.invoke0(Native Method)
	at java.base/jdk.internal.reflect.NativeMethodAccessorImpl.invoke(NativeMethodAccessorImpl.java:77)
	at java.base/jdk.internal.reflect.DelegatingMethodAccessorImpl.invoke(DelegatingMethodAccessorImpl.java:43)
)
[[ATTACHMENT|C:\\Users\\GKOKABAYEVA\\Katalon Studio\\Parabank\\Reports\\20231108_100910\\Smoke Test Suites\\STS003 - Main page links verification\\20231108_100910\\1699457043517.png]]

2023-11-08 10:24:03 - [TEST_STEP][PASSED] - closeBrowser(): Browser is closed

2023-11-08 10:24:03 - [MESSAGE][PASSED] - Browser is closed]]></system-out>
         <system-err><![CDATA[2023-11-08 10:22:52 - [TEST_CASE][FAILED] - Test Cases/Main Test Cases/MTC026 - Check latest news article 3: Test Cases/Main Test Cases/MTC026 - Check latest news article 3 FAILED.
Reason:
com.kms.katalon.core.exception.StepFailedException: Unable to click on object 'Object Repository/Page_ParaBank  Welcome  Online Banking/article3NewOnlineAccountTransfers' (Root cause: com.kms.katalon.core.exception.StepFailedException: Unable to click on object 'Object Repository/Page_ParaBank  Welcome  Online Banking/article3NewOnlineAccountTransfers'
	at com.kms.katalon.core.webui.keyword.internal.WebUIKeywordMain.stepFailed(WebUIKeywordMain.groovy:64)
	at com.kms.katalon.core.webui.keyword.internal.WebUIKeywordMain.runKeyword(WebUIKeywordMain.groovy:26)
	at com.kms.katalon.core.webui.keyword.builtin.ClickKeyword.click(ClickKeyword.groovy:74)
	at com.kms.katalon.core.webui.keyword.builtin.ClickKeyword.execute(ClickKeyword.groovy:40)
	at com.kms.katalon.core.keyword.internal.KeywordExecutor.executeKeywordForPlatform(KeywordExecutor.groovy:74)
	at com.kms.katalon.core.webui.keyword.WebUiBuiltInKeywords.click(WebUiBuiltInKeywords.groovy:620)
	at MTC024 - Check latest news article 1.run(MTC024 - Check latest news article 1:22)
	at com.kms.katalon.core.main.ScriptEngine.run(ScriptEngine.java:194)
	at com.kms.katalon.core.main.ScriptEngine.runScriptAsRawText(ScriptEngine.java:119)
	at com.kms.katalon.core.main.TestCaseExecutor.runScript(TestCaseExecutor.java:448)
	at com.kms.katalon.core.main.TestCaseExecutor.doExecute(TestCaseExecutor.java:439)
	at com.kms.katalon.core.main.TestCaseExecutor.processExecutionPhase(TestCaseExecutor.java:418)
	at com.kms.katalon.core.main.TestCaseExecutor.accessMainPhase(TestCaseExecutor.java:410)
	at com.kms.katalon.core.main.TestCaseExecutor.execute(TestCaseExecutor.java:285)
	at com.kms.katalon.core.common.CommonExecutor.accessTestCaseMainPhase(CommonExecutor.java:65)
	at com.kms.katalon.core.main.TestSuiteExecutor.accessTestSuiteMainPhase(TestSuiteExecutor.java:148)
	at com.kms.katalon.core.main.TestSuiteExecutor.execute(TestSuiteExecutor.java:106)
	at com.kms.katalon.core.main.TestCaseMain.startTestSuite(TestCaseMain.java:187)
	at TempTestSuite1699456150598.run(TempTestSuite1699456150598.groovy:36)
	at java.base/jdk.internal.reflect.NativeMethodAccessorImpl.invoke0(Native Method)
	at java.base/jdk.internal.reflect.NativeMethodAccessorImpl.invoke(NativeMethodAccessorImpl.java:77)
	at java.base/jdk.internal.reflect.DelegatingMethodAccessorImpl.invoke(DelegatingMethodAccessorImpl.java:43)
Caused by: com.kms.katalon.core.webui.exception.WebElementNotFoundException: Web element with id: 'Object Repository/Page_ParaBank  Welcome  Online Banking/article3NewOnlineAccountTransfers' located by '//div[@id='rightPanel']/ul[3]/li[4]/a' not found
	at com.kms.katalon.core.webui.common.WebUiCommonHelper.findWebElement(WebUiCommonHelper.java:1379)
	at com.kms.katalon.core.webui.keyword.internal.WebUIAbstractKeyword.findWebElement(WebUIAbstractKeyword.groovy:27)
	at com.kms.katalon.core.webui.keyword.builtin.ClickKeyword$_click_closure1.doCall(ClickKeyword.groovy:65)
	at com.kms.katalon.core.webui.keyword.builtin.ClickKeyword$_click_closure1.call(ClickKeyword.groovy)
	at com.kms.katalon.core.webui.keyword.internal.WebUIKeywordMain.runKeyword(WebUIKeywordMain.groovy:20)
	at com.kms.katalon.core.webui.keyword.builtin.ClickKeyword.click(ClickKeyword.groovy:74)
	at com.kms.katalon.core.webui.keyword.builtin.ClickKeyword.execute(ClickKeyword.groovy:40)
	at com.kms.katalon.core.keyword.internal.KeywordExecutor.executeKeywordForPlatform(KeywordExecutor.groovy:74)
	at com.kms.katalon.core.webui.keyword.WebUiBuiltInKeywords.click(WebUiBuiltInKeywords.groovy:620)
	at Script1699046881128.run(Script1699046881128.groovy:22)
	... 15 more
)
	at com.kms.katalon.core.keyword.internal.KeywordMain.stepFailed(KeywordMain.groovy:39)
	at com.kms.katalon.core.webui.keyword.internal.WebUIKeywordMain.stepFailed(WebUIKeywordMain.groovy:64)
	at com.kms.katalon.core.webui.keyword.internal.WebUIKeywordMain.runKeyword(WebUIKeywordMain.groovy:26)
	at com.kms.katalon.core.webui.keyword.builtin.ClickKeyword.click(ClickKeyword.groovy:74)
	at com.kms.katalon.core.webui.keyword.builtin.ClickKeyword.execute(ClickKeyword.groovy:40)
	at com.kms.katalon.core.keyword.internal.KeywordExecutor.executeKeywordForPlatform(KeywordExecutor.groovy:74)
	at com.kms.katalon.core.webui.keyword.WebUiBuiltInKeywords.click(WebUiBuiltInKeywords.groovy:620)
	at MTC024 - Check latest news article 1.run(MTC024 - Check latest news article 1:22)
	at com.kms.katalon.core.main.ScriptEngine.run(ScriptEngine.java:194)
	at com.kms.katalon.core.main.ScriptEngine.runScriptAsRawText(ScriptEngine.java:119)
	at com.kms.katalon.core.main.TestCaseExecutor.runScript(TestCaseExecutor.java:448)
	at com.kms.katalon.core.main.TestCaseExecutor.doExecute(TestCaseExecutor.java:439)
	at com.kms.katalon.core.main.TestCaseExecutor.processExecutionPhase(TestCaseExecutor.java:418)
	at com.kms.katalon.core.main.TestCaseExecutor.accessMainPhase(TestCaseExecutor.java:410)
	at com.kms.katalon.core.main.TestCaseExecutor.execute(TestCaseExecutor.java:285)
	at com.kms.katalon.core.common.CommonExecutor.accessTestCaseMainPhase(CommonExecutor.java:65)
	at com.kms.katalon.core.main.TestSuiteExecutor.accessTestSuiteMainPhase(TestSuiteExecutor.java:148)
	at com.kms.katalon.core.main.TestSuiteExecutor.execute(TestSuiteExecutor.java:106)
	at com.kms.katalon.core.main.TestCaseMain.startTestSuite(TestCaseMain.java:187)
	at TempTestSuite1699456150598.run(TempTestSuite1699456150598.groovy:36)
	at java.base/jdk.internal.reflect.NativeMethodAccessorImpl.invoke0(Native Method)
	at java.base/jdk.internal.reflect.NativeMethodAccessorImpl.invoke(NativeMethodAccessorImpl.java:77)
	at java.base/jdk.internal.reflect.DelegatingMethodAccessorImpl.invoke(DelegatingMethodAccessorImpl.java:43)
Caused by: com.kms.katalon.core.exception.StepFailedException: Unable to click on object 'Object Repository/Page_ParaBank  Welcome  Online Banking/article3NewOnlineAccountTransfers'
	... 22 more
Caused by: com.kms.katalon.core.webui.exception.WebElementNotFoundException: Web element with id: 'Object Repository/Page_ParaBank  Welcome  Online Banking/article3NewOnlineAccountTransfers' located by '//div[@id='rightPanel']/ul[3]/li[4]/a' not found
	at com.kms.katalon.core.webui.common.WebUiCommonHelper.findWebElement(WebUiCommonHelper.java:1379)
	at com.kms.katalon.core.webui.keyword.internal.WebUIAbstractKeyword.findWebElement(WebUIAbstractKeyword.groovy:27)
	at com.kms.katalon.core.webui.keyword.builtin.ClickKeyword$_click_closure1.doCall(ClickKeyword.groovy:65)
	at com.kms.katalon.core.webui.keyword.builtin.ClickKeyword$_click_closure1.call(ClickKeyword.groovy)
	at com.kms.katalon.core.webui.keyword.internal.WebUIKeywordMain.runKeyword(WebUIKeywordMain.groovy:20)
	... 20 more]]></system-err>
      </testcase>
      <system-out><![CDATA[2023-11-08 10:09:27 - [TEST_SUITE][FAILED] - STS003 - Main page links verification: Test Cases/Main Test Cases/MTC007 - Verify main page title FAILED.
Reason:
com.kms.katalon.core.exception.StepFailedException: Unable to verify equal between actual object '' and expected object 'ParaBank | Welcome | Online Banking' (Root cause: com.kms.katalon.core.exception.StepFailedException: Actual object '' and expected object 'ParaBank | Welcome | Online Banking' are not equal
	at com.kms.katalon.core.keyword.builtin.VerifyEqualKeyword$_verifyEqual_closure1.doCall(VerifyEqualKeyword.groovy:58)
	at com.kms.katalon.core.keyword.builtin.VerifyEqualKeyword$_verifyEqual_closure1.call(VerifyEqualKeyword.groovy)
	at com.kms.katalon.core.keyword.internal.KeywordMain.runKeyword(KeywordMain.groovy:75)
	at com.kms.katalon.core.keyword.builtin.VerifyEqualKeyword.verifyEqual(VerifyEqualKeyword.groovy:63)
	at com.kms.katalon.core.keyword.builtin.VerifyEqualKeyword.execute(VerifyEqualKeyword.groovy:44)
	at com.kms.katalon.core.keyword.internal.KeywordExecutor.executeKeywordForPlatform(KeywordExecutor.groovy:74)
	at com.kms.katalon.core.keyword.BuiltinKeywords.verifyEqual(BuiltinKeywords.groovy:146)
	at java.base/jdk.internal.reflect.NativeMethodAccessorImpl.invoke0(Native Method)
	at java.base/jdk.internal.reflect.NativeMethodAccessorImpl.invoke(NativeMethodAccessorImpl.java:77)
	at java.base/jdk.internal.reflect.DelegatingMethodAccessorImpl.invoke(DelegatingMethodAccessorImpl.java:43)
	at MTC007 - Verify main page title.run(MTC007 - Verify main page title:24)
	at com.kms.katalon.core.main.ScriptEngine.run(ScriptEngine.java:194)
	at com.kms.katalon.core.main.ScriptEngine.runScriptAsRawText(ScriptEngine.java:119)
	at com.kms.katalon.core.main.TestCaseExecutor.runScript(TestCaseExecutor.java:448)
	at com.kms.katalon.core.main.TestCaseExecutor.doExecute(TestCaseExecutor.java:439)
	at com.kms.katalon.core.main.TestCaseExecutor.processExecutionPhase(TestCaseExecutor.java:418)
	at com.kms.katalon.core.main.TestCaseExecutor.accessMainPhase(TestCaseExecutor.java:410)
	at com.kms.katalon.core.main.TestCaseExecutor.execute(TestCaseExecutor.java:285)
	at com.kms.katalon.core.common.CommonExecutor.accessTestCaseMainPhase(CommonExecutor.java:65)
	at com.kms.katalon.core.main.TestSuiteExecutor.accessTestSuiteMainPhase(TestSuiteExecutor.java:148)
	at com.kms.katalon.core.main.TestSuiteExecutor.execute(TestSuiteExecutor.java:106)
	at com.kms.katalon.core.main.TestCaseMain.startTestSuite(TestCaseMain.java:187)
	at TempTestSuite1699456150598.run(TempTestSuite1699456150598.groovy:36)
	at java.base/jdk.internal.reflect.NativeMethodAccessorImpl.invoke0(Native Method)
	at java.base/jdk.internal.reflect.NativeMethodAccessorImpl.invoke(NativeMethodAccessorImpl.java:77)
	at java.base/jdk.internal.reflect.DelegatingMethodAccessorImpl.invoke(DelegatingMethodAccessorImpl.java:43)
)
	at com.kms.katalon.core.keyword.internal.KeywordMain.stepFailed(KeywordMain.groovy:39)
	at com.kms.katalon.core.keyword.internal.KeywordMain.stepFailed(KeywordMain.groovy)
	at com.kms.katalon.core.keyword.internal.KeywordMain.runKeyword(KeywordMain.groovy:77)
	at com.kms.katalon.core.keyword.builtin.VerifyEqualKeyword.verifyEqual(VerifyEqualKeyword.groovy:63)
	at com.kms.katalon.core.keyword.builtin.VerifyEqualKeyword.execute(VerifyEqualKeyword.groovy:44)
	at com.kms.katalon.core.keyword.internal.KeywordExecutor.executeKeywordForPlatform(KeywordExecutor.groovy:74)
	at com.kms.katalon.core.keyword.BuiltinKeywords.verifyEqual(BuiltinKeywords.groovy:146)
	at java.base/jdk.internal.reflect.NativeMethodAccessorImpl.invoke0(Native Method)
	at java.base/jdk.internal.reflect.NativeMethodAccessorImpl.invoke(NativeMethodAccessorImpl.java:77)
	at java.base/jdk.internal.reflect.DelegatingMethodAccessorImpl.invoke(DelegatingMethodAccessorImpl.java:43)
	at MTC007 - Verify main page title.run(MTC007 - Verify main page title:24)
	at com.kms.katalon.core.main.ScriptEngine.run(ScriptEngine.java:194)
	at com.kms.katalon.core.main.ScriptEngine.runScriptAsRawText(ScriptEngine.java:119)
	at com.kms.katalon.core.main.TestCaseExecutor.runScript(TestCaseExecutor.java:448)
	at com.kms.katalon.core.main.TestCaseExecutor.doExecute(TestCaseExecutor.java:439)
	at com.kms.katalon.core.main.TestCaseExecutor.processExecutionPhase(TestCaseExecutor.java:418)
	at com.kms.katalon.core.main.TestCaseExecutor.accessMainPhase(TestCaseExecutor.java:410)
	at com.kms.katalon.core.main.TestCaseExecutor.execute(TestCaseExecutor.java:285)
	at com.kms.katalon.core.common.CommonExecutor.accessTestCaseMainPhase(CommonExecutor.java:65)
	at com.kms.katalon.core.main.TestSuiteExecutor.accessTestSuiteMainPhase(TestSuiteExecutor.java:148)
	at com.kms.katalon.core.main.TestSuiteExecutor.execute(TestSuiteExecutor.java:106)
	at com.kms.katalon.core.main.TestCaseMain.startTestSuite(TestCaseMain.java:187)
	at TempTestSuite1699456150598.run(TempTestSuite1699456150598.groovy:36)
	at java.base/jdk.internal.reflect.NativeMethodAccessorImpl.invoke0(Native Method)
	at java.base/jdk.internal.reflect.NativeMethodAccessorImpl.invoke(NativeMethodAccessorImpl.java:77)
	at java.base/jdk.internal.reflect.DelegatingMethodAccessorImpl.invoke(DelegatingMethodAccessorImpl.java:43)
Caused by: com.kms.katalon.core.exception.StepFailedException: Actual object '' and expected object 'ParaBank | Welcome | Online Banking' are not equal
	at com.kms.katalon.core.keyword.builtin.VerifyEqualKeyword$_verifyEqual_closure1.doCall(VerifyEqualKeyword.groovy:58)
	at com.kms.katalon.core.keyword.builtin.VerifyEqualKeyword$_verifyEqual_closure1.call(VerifyEqualKeyword.groovy)
	at com.kms.katalon.core.keyword.internal.KeywordMain.runKeyword(KeywordMain.groovy:75)
	... 23 more]]></system-out>
      <system-err><![CDATA[2023-11-08 10:09:27 - [TEST_SUITE][FAILED] - STS003 - Main page links verification: Test Cases/Main Test Cases/MTC007 - Verify main page title FAILED.
Reason:
com.kms.katalon.core.exception.StepFailedException: Unable to verify equal between actual object '' and expected object 'ParaBank | Welcome | Online Banking' (Root cause: com.kms.katalon.core.exception.StepFailedException: Actual object '' and expected object 'ParaBank | Welcome | Online Banking' are not equal
	at com.kms.katalon.core.keyword.builtin.VerifyEqualKeyword$_verifyEqual_closure1.doCall(VerifyEqualKeyword.groovy:58)
	at com.kms.katalon.core.keyword.builtin.VerifyEqualKeyword$_verifyEqual_closure1.call(VerifyEqualKeyword.groovy)
	at com.kms.katalon.core.keyword.internal.KeywordMain.runKeyword(KeywordMain.groovy:75)
	at com.kms.katalon.core.keyword.builtin.VerifyEqualKeyword.verifyEqual(VerifyEqualKeyword.groovy:63)
	at com.kms.katalon.core.keyword.builtin.VerifyEqualKeyword.execute(VerifyEqualKeyword.groovy:44)
	at com.kms.katalon.core.keyword.internal.KeywordExecutor.executeKeywordForPlatform(KeywordExecutor.groovy:74)
	at com.kms.katalon.core.keyword.BuiltinKeywords.verifyEqual(BuiltinKeywords.groovy:146)
	at java.base/jdk.internal.reflect.NativeMethodAccessorImpl.invoke0(Native Method)
	at java.base/jdk.internal.reflect.NativeMethodAccessorImpl.invoke(NativeMethodAccessorImpl.java:77)
	at java.base/jdk.internal.reflect.DelegatingMethodAccessorImpl.invoke(DelegatingMethodAccessorImpl.java:43)
	at MTC007 - Verify main page title.run(MTC007 - Verify main page title:24)
	at com.kms.katalon.core.main.ScriptEngine.run(ScriptEngine.java:194)
	at com.kms.katalon.core.main.ScriptEngine.runScriptAsRawText(ScriptEngine.java:119)
	at com.kms.katalon.core.main.TestCaseExecutor.runScript(TestCaseExecutor.java:448)
	at com.kms.katalon.core.main.TestCaseExecutor.doExecute(TestCaseExecutor.java:439)
	at com.kms.katalon.core.main.TestCaseExecutor.processExecutionPhase(TestCaseExecutor.java:418)
	at com.kms.katalon.core.main.TestCaseExecutor.accessMainPhase(TestCaseExecutor.java:410)
	at com.kms.katalon.core.main.TestCaseExecutor.execute(TestCaseExecutor.java:285)
	at com.kms.katalon.core.common.CommonExecutor.accessTestCaseMainPhase(CommonExecutor.java:65)
	at com.kms.katalon.core.main.TestSuiteExecutor.accessTestSuiteMainPhase(TestSuiteExecutor.java:148)
	at com.kms.katalon.core.main.TestSuiteExecutor.execute(TestSuiteExecutor.java:106)
	at com.kms.katalon.core.main.TestCaseMain.startTestSuite(TestCaseMain.java:187)
	at TempTestSuite1699456150598.run(TempTestSuite1699456150598.groovy:36)
	at java.base/jdk.internal.reflect.NativeMethodAccessorImpl.invoke0(Native Method)
	at java.base/jdk.internal.reflect.NativeMethodAccessorImpl.invoke(NativeMethodAccessorImpl.java:77)
	at java.base/jdk.internal.reflect.DelegatingMethodAccessorImpl.invoke(DelegatingMethodAccessorImpl.java:43)
)
	at com.kms.katalon.core.keyword.internal.KeywordMain.stepFailed(KeywordMain.groovy:39)
	at com.kms.katalon.core.keyword.internal.KeywordMain.stepFailed(KeywordMain.groovy)
	at com.kms.katalon.core.keyword.internal.KeywordMain.runKeyword(KeywordMain.groovy:77)
	at com.kms.katalon.core.keyword.builtin.VerifyEqualKeyword.verifyEqual(VerifyEqualKeyword.groovy:63)
	at com.kms.katalon.core.keyword.builtin.VerifyEqualKeyword.execute(VerifyEqualKeyword.groovy:44)
	at com.kms.katalon.core.keyword.internal.KeywordExecutor.executeKeywordForPlatform(KeywordExecutor.groovy:74)
	at com.kms.katalon.core.keyword.BuiltinKeywords.verifyEqual(BuiltinKeywords.groovy:146)
	at java.base/jdk.internal.reflect.NativeMethodAccessorImpl.invoke0(Native Method)
	at java.base/jdk.internal.reflect.NativeMethodAccessorImpl.invoke(NativeMethodAccessorImpl.java:77)
	at java.base/jdk.internal.reflect.DelegatingMethodAccessorImpl.invoke(DelegatingMethodAccessorImpl.java:43)
	at MTC007 - Verify main page title.run(MTC007 - Verify main page title:24)
	at com.kms.katalon.core.main.ScriptEngine.run(ScriptEngine.java:194)
	at com.kms.katalon.core.main.ScriptEngine.runScriptAsRawText(ScriptEngine.java:119)
	at com.kms.katalon.core.main.TestCaseExecutor.runScript(TestCaseExecutor.java:448)
	at com.kms.katalon.core.main.TestCaseExecutor.doExecute(TestCaseExecutor.java:439)
	at com.kms.katalon.core.main.TestCaseExecutor.processExecutionPhase(TestCaseExecutor.java:418)
	at com.kms.katalon.core.main.TestCaseExecutor.accessMainPhase(TestCaseExecutor.java:410)
	at com.kms.katalon.core.main.TestCaseExecutor.execute(TestCaseExecutor.java:285)
	at com.kms.katalon.core.common.CommonExecutor.accessTestCaseMainPhase(CommonExecutor.java:65)
	at com.kms.katalon.core.main.TestSuiteExecutor.accessTestSuiteMainPhase(TestSuiteExecutor.java:148)
	at com.kms.katalon.core.main.TestSuiteExecutor.execute(TestSuiteExecutor.java:106)
	at com.kms.katalon.core.main.TestCaseMain.startTestSuite(TestCaseMain.java:187)
	at TempTestSuite1699456150598.run(TempTestSuite1699456150598.groovy:36)
	at java.base/jdk.internal.reflect.NativeMethodAccessorImpl.invoke0(Native Method)
	at java.base/jdk.internal.reflect.NativeMethodAccessorImpl.invoke(NativeMethodAccessorImpl.java:77)
	at java.base/jdk.internal.reflect.DelegatingMethodAccessorImpl.invoke(DelegatingMethodAccessorImpl.java:43)
Caused by: com.kms.katalon.core.exception.StepFailedException: Actual object '' and expected object 'ParaBank | Welcome | Online Banking' are not equal
	at com.kms.katalon.core.keyword.builtin.VerifyEqualKeyword$_verifyEqual_closure1.doCall(VerifyEqualKeyword.groovy:58)
	at com.kms.katalon.core.keyword.builtin.VerifyEqualKeyword$_verifyEqual_closure1.call(VerifyEqualKeyword.groovy)
	at com.kms.katalon.core.keyword.internal.KeywordMain.runKeyword(KeywordMain.groovy:75)
	... 23 more]]></system-err>
   </testsuite>
</testsuites>
