<?xml version="1.0" encoding="UTF-8"?>
<testsuites name="STS002 - Login verification" time="768.724" tests="4" failures="4" errors="0">
   <testsuite name="STS002 - Login verification" tests="4" failures="4" errors="0" time="768.724" skipped="0" timestamp="2023-11-08 10:50:28" hostname="gkokabayeva - USORLGKOKABYE1.us.deloitte.com" id="Test Suites/Smoke Test Suites/STS002 - Login verification">
      <properties>
         <property name="deviceName" value=""/>
         <property name="devicePlatform" value=""/>
         <property name="logFolder" value="C:\\Users\\GKOKABAYEVA\\Katalon Studio\\Parabank\\Reports\\20231108_105022\\Smoke Test Suites\\STS002 - Login verification\\20231108_105022"/>
         <property name="logFiles" value="C:\\Users\\GKOKABAYEVA\\Katalon Studio\\Parabank\\Reports\\20231108_105022\\Smoke Test Suites\\STS002 - Login verification\\20231108_105022\\execution0.log"/>
         <property name="attachments" value="C:\\Users\\GKOKABAYEVA\\Katalon Studio\\Parabank\\Reports\\20231108_105022\\Smoke Test Suites\\STS002 - Login verification\\20231108_105022\\1699458633160.png, C:\\Users\\GKOKABAYEVA\\Katalon Studio\\Parabank\\Reports\\20231108_105022\\Smoke Test Suites\\STS002 - Login verification\\20231108_105022\\1699458667436.png, C:\\Users\\GKOKABAYEVA\\Katalon Studio\\Parabank\\Reports\\20231108_105022\\Smoke Test Suites\\STS002 - Login verification\\20231108_105022\\1699458701594.png, C:\\Users\\GKOKABAYEVA\\Katalon Studio\\Parabank\\Reports\\20231108_105022\\Smoke Test Suites\\STS002 - Login verification\\20231108_105022\\1699458735799.png, C:\\Users\\GKOKABAYEVA\\Katalon Studio\\Parabank\\Reports\\20231108_105022\\Smoke Test Suites\\STS002 - Login verification\\20231108_105022\\1699458772648.png, C:\\Users\\GKOKABAYEVA\\Katalon Studio\\Parabank\\Reports\\20231108_105022\\Smoke Test Suites\\STS002 - Login verification\\20231108_105022\\1699458806798.png, C:\\Users\\GKOKABAYEVA\\Katalon Studio\\Parabank\\Reports\\20231108_105022\\Smoke Test Suites\\STS002 - Login verification\\20231108_105022\\1699458840925.png, C:\\Users\\GKOKABAYEVA\\Katalon Studio\\Parabank\\Reports\\20231108_105022\\Smoke Test Suites\\STS002 - Login verification\\20231108_105022\\1699458875087.png, C:\\Users\\GKOKABAYEVA\\Katalon Studio\\Parabank\\Reports\\20231108_105022\\Smoke Test Suites\\STS002 - Login verification\\20231108_105022\\1699458909266.png, C:\\Users\\GKOKABAYEVA\\Katalon Studio\\Parabank\\Reports\\20231108_105022\\Smoke Test Suites\\STS002 - Login verification\\20231108_105022\\1699458943390.png, C:\\Users\\GKOKABAYEVA\\Katalon Studio\\Parabank\\Reports\\20231108_105022\\Smoke Test Suites\\STS002 - Login verification\\20231108_105022\\1699458977524.png, C:\\Users\\GKOKABAYEVA\\Katalon Studio\\Parabank\\Reports\\20231108_105022\\Smoke Test Suites\\STS002 - Login verification\\20231108_105022\\1699459011735.png, C:\\Users\\GKOKABAYEVA\\Katalon Studio\\Parabank\\Reports\\20231108_105022\\Smoke Test Suites\\STS002 - Login verification\\20231108_105022\\1699459045891.png, C:\\Users\\GKOKABAYEVA\\Katalon Studio\\Parabank\\Reports\\20231108_105022\\Smoke Test Suites\\STS002 - Login verification\\20231108_105022\\1699459080048.png, C:\\Users\\GKOKABAYEVA\\Katalon Studio\\Parabank\\Reports\\20231108_105022\\Smoke Test Suites\\STS002 - Login verification\\20231108_105022\\1699459114183.png, C:\\Users\\GKOKABAYEVA\\Katalon Studio\\Parabank\\Reports\\20231108_105022\\Smoke Test Suites\\STS002 - Login verification\\20231108_105022\\1699459150949.png, C:\\Users\\GKOKABAYEVA\\Katalon Studio\\Parabank\\Reports\\20231108_105022\\Smoke Test Suites\\STS002 - Login verification\\20231108_105022\\1699459151053.png, C:\\Users\\GKOKABAYEVA\\Katalon Studio\\Parabank\\Reports\\20231108_105022\\Smoke Test Suites\\STS002 - Login verification\\20231108_105022\\1699459151150.png, C:\\Users\\GKOKABAYEVA\\Katalon Studio\\Parabank\\Reports\\20231108_105022\\Smoke Test Suites\\STS002 - Login verification\\20231108_105022\\1699459151254.png, C:\\Users\\GKOKABAYEVA\\Katalon Studio\\Parabank\\Reports\\20231108_105022\\Smoke Test Suites\\STS002 - Login verification\\20231108_105022\\1699459151351.png, C:\\Users\\GKOKABAYEVA\\Katalon Studio\\Parabank\\Reports\\20231108_105022\\Smoke Test Suites\\STS002 - Login verification\\20231108_105022\\1699459151449.png, C:\\Users\\GKOKABAYEVA\\Katalon Studio\\Parabank\\Reports\\20231108_105022\\Smoke Test Suites\\STS002 - Login verification\\20231108_105022\\1699459151547.png, C:\\Users\\GKOKABAYEVA\\Katalon Studio\\Parabank\\Reports\\20231108_105022\\Smoke Test Suites\\STS002 - Login verification\\20231108_105022\\1699459151640.png, C:\\Users\\GKOKABAYEVA\\Katalon Studio\\Parabank\\Reports\\20231108_105022\\Smoke Test Suites\\STS002 - Login verification\\20231108_105022\\1699459185806.png, C:\\Users\\GKOKABAYEVA\\Katalon Studio\\Parabank\\Reports\\20231108_105022\\Smoke Test Suites\\STS002 - Login verification\\20231108_105022\\1699459219988.png, C:\\Users\\GKOKABAYEVA\\Katalon Studio\\Parabank\\Reports\\20231108_105022\\Smoke Test Suites\\STS002 - Login verification\\20231108_105022\\1699459254180.png, C:\\Users\\GKOKABAYEVA\\Katalon Studio\\Parabank\\Reports\\20231108_105022\\Smoke Test Suites\\STS002 - Login verification\\20231108_105022\\1699459256810.png, C:\\Users\\GKOKABAYEVA\\Katalon Studio\\Parabank\\Reports\\20231108_105022\\Smoke Test Suites\\STS002 - Login verification\\20231108_105022\\1699459290995.png, C:\\Users\\GKOKABAYEVA\\Katalon Studio\\Parabank\\Reports\\20231108_105022\\Smoke Test Suites\\STS002 - Login verification\\20231108_105022\\1699459325188.png, C:\\Users\\GKOKABAYEVA\\Katalon Studio\\Parabank\\Reports\\20231108_105022\\Smoke Test Suites\\STS002 - Login verification\\20231108_105022\\1699459359328.png, C:\\Users\\GKOKABAYEVA\\Katalon Studio\\Parabank\\Reports\\20231108_105022\\Smoke Test Suites\\STS002 - Login verification\\20231108_105022\\1699459359409.png, C:\\Users\\GKOKABAYEVA\\Katalon Studio\\Parabank\\Reports\\20231108_105022\\Smoke Test Suites\\STS002 - Login verification\\20231108_105022\\1699459396913.png"/>
         <property name="hostName" value="gkokabayeva - USORLGKOKABYE1.us.deloitte.com"/>
         <property name="os" value="Windows 10 64bit"/>
         <property name="katalonVersion" value="9.0.0.212"/>
         <property name="browser" value="Chrome 118.0.5993.120"/>
         <property name="hostAddress" value="192.168.1.165"/>
         <property name="sessionId" value="7799bfbb024f64210584bfdd23f3f3f4"/>
         <property name="seleniumVersion" value="3.141.59"/>
         <property name="proxyInformation" value="ProxyInformation { proxyOption=NO_PROXY, proxyServerType=HTTP, username=, password=********, proxyServerAddress=, proxyServerPort=0, executionList=&quot;&quot;, isApplyToDesiredCapabilities=true }"/>
         <property name="platform" value="Windows 10"/>
      </properties>
      <testcase name="Test Cases/Reusable Test Cases/Login" time="107.232" classname="Test Cases/Reusable Test Cases/Login" status="FAILED">
         <failure type="FAILED" message="Test Cases/Reusable Test Cases/Login FAILED.&#xa;Reason:&#xa;com.kms.katalon.core.exception.StepFailedException: Unable to set text 'null' of object 'Object Repository/Page_ParaBank  Welcome  Online Banking/txtUsername' (Root cause: com.kms.katalon.core.exception.StepFailedException: Unable to set text 'null' of object 'Object Repository/Page_ParaBank  Welcome  Online Banking/txtUsername'&#xa;	at com.kms.katalon.core.webui.keyword.internal.WebUIKeywordMain.stepFailed(WebUIKeywordMain.groovy:64)&#xa;	at com.kms.katalon.core.webui.keyword.internal.WebUIKeywordMain.runKeyword(WebUIKeywordMain.groovy:26)&#xa;	at com.kms.katalon.core.webui.keyword.builtin.SetTextKeyword.setText(SetTextKeyword.groovy:66)&#xa;	at com.kms.katalon.core.webui.keyword.builtin.SetTextKeyword.execute(SetTextKeyword.groovy:37)&#xa;	at com.kms.katalon.core.keyword.internal.KeywordExecutor.executeKeywordForPlatform(KeywordExecutor.groovy:74)&#xa;	at com.kms.katalon.core.webui.keyword.WebUiBuiltInKeywords.setText(WebUiBuiltInKeywords.groovy:980)&#xa;	at Login.run(Login:22)&#xa;	at com.kms.katalon.core.main.ScriptEngine.run(ScriptEngine.java:194)&#xa;	at com.kms.katalon.core.main.ScriptEngine.runScriptAsRawText(ScriptEngine.java:119)&#xa;	at com.kms.katalon.core.main.TestCaseExecutor.runScript(TestCaseExecutor.java:448)&#xa;	at com.kms.katalon.core.main.TestCaseExecutor.doExecute(TestCaseExecutor.java:439)&#xa;	at com.kms.katalon.core.main.TestCaseExecutor.processExecutionPhase(TestCaseExecutor.java:418)&#xa;	at com.kms.katalon.core.main.TestCaseExecutor.accessMainPhase(TestCaseExecutor.java:410)&#xa;	at com.kms.katalon.core.main.TestCaseExecutor.execute(TestCaseExecutor.java:285)&#xa;	at com.kms.katalon.core.common.CommonExecutor.accessTestCaseMainPhase(CommonExecutor.java:65)&#xa;	at com.kms.katalon.core.main.TestSuiteExecutor.accessTestSuiteMainPhase(TestSuiteExecutor.java:148)&#xa;	at com.kms.katalon.core.main.TestSuiteExecutor.execute(TestSuiteExecutor.java:106)&#xa;	at com.kms.katalon.core.main.TestCaseMain.startTestSuite(TestCaseMain.java:187)&#xa;	at TempTestSuite1699458622452.run(TempTestSuite1699458622452.groovy:36)&#xa;	at java.base/jdk.internal.reflect.NativeMethodAccessorImpl.invoke0(Native Method)&#xa;	at java.base/jdk.internal.reflect.NativeMethodAccessorImpl.invoke(NativeMethodAccessorImpl.java:77)&#xa;	at java.base/jdk.internal.reflect.DelegatingMethodAccessorImpl.invoke(DelegatingMethodAccessorImpl.java:43)&#xa;Caused by: java.lang.IllegalArgumentException: Text is null&#xa;	at com.kms.katalon.core.webui.keyword.builtin.SetTextKeyword$_setText_closure1.doCall(SetTextKeyword.groovy:48)&#xa;	at com.kms.katalon.core.webui.keyword.builtin.SetTextKeyword$_setText_closure1.call(SetTextKeyword.groovy)&#xa;	at com.kms.katalon.core.webui.keyword.internal.WebUIKeywordMain.runKeyword(WebUIKeywordMain.groovy:20)&#xa;	at com.kms.katalon.core.webui.keyword.builtin.SetTextKeyword.setText(SetTextKeyword.groovy:66)&#xa;	at com.kms.katalon.core.webui.keyword.builtin.SetTextKeyword.execute(SetTextKeyword.groovy:37)&#xa;	at com.kms.katalon.core.keyword.internal.KeywordExecutor.executeKeywordForPlatform(KeywordExecutor.groovy:74)&#xa;	at com.kms.katalon.core.webui.keyword.WebUiBuiltInKeywords.setText(WebUiBuiltInKeywords.groovy:980)&#xa;	at Script1698671419553.run(Script1698671419553.groovy:22)&#xa;	... 15 more&#xa;)&#xa;	at com.kms.katalon.core.keyword.internal.KeywordMain.stepFailed(KeywordMain.groovy:39)&#xa;	at com.kms.katalon.core.webui.keyword.internal.WebUIKeywordMain.stepFailed(WebUIKeywordMain.groovy:64)&#xa;	at com.kms.katalon.core.webui.keyword.internal.WebUIKeywordMain.runKeyword(WebUIKeywordMain.groovy:26)&#xa;	at com.kms.katalon.core.webui.keyword.builtin.SetTextKeyword.setText(SetTextKeyword.groovy:66)&#xa;	at com.kms.katalon.core.webui.keyword.builtin.SetTextKeyword.execute(SetTextKeyword.groovy:37)&#xa;	at com.kms.katalon.core.keyword.internal.KeywordExecutor.executeKeywordForPlatform(KeywordExecutor.groovy:74)&#xa;	at com.kms.katalon.core.webui.keyword.WebUiBuiltInKeywords.setText(WebUiBuiltInKeywords.groovy:980)&#xa;	at Login.run(Login:22)&#xa;	at com.kms.katalon.core.main.ScriptEngine.run(ScriptEngine.java:194)&#xa;	at com.kms.katalon.core.main.ScriptEngine.runScriptAsRawText(ScriptEngine.java:119)&#xa;	at com.kms.katalon.core.main.TestCaseExecutor.runScript(TestCaseExecutor.java:448)&#xa;	at com.kms.katalon.core.main.TestCaseExecutor.doExecute(TestCaseExecutor.java:439)&#xa;	at com.kms.katalon.core.main.TestCaseExecutor.processExecutionPhase(TestCaseExecutor.java:418)&#xa;	at com.kms.katalon.core.main.TestCaseExecutor.accessMainPhase(TestCaseExecutor.java:410)&#xa;	at com.kms.katalon.core.main.TestCaseExecutor.execute(TestCaseExecutor.java:285)&#xa;	at com.kms.katalon.core.common.CommonExecutor.accessTestCaseMainPhase(CommonExecutor.java:65)&#xa;	at com.kms.katalon.core.main.TestSuiteExecutor.accessTestSuiteMainPhase(TestSuiteExecutor.java:148)&#xa;	at com.kms.katalon.core.main.TestSuiteExecutor.execute(TestSuiteExecutor.java:106)&#xa;	at com.kms.katalon.core.main.TestCaseMain.startTestSuite(TestCaseMain.java:187)&#xa;	at TempTestSuite1699458622452.run(TempTestSuite1699458622452.groovy:36)&#xa;	at java.base/jdk.internal.reflect.NativeMethodAccessorImpl.invoke0(Native Method)&#xa;	at java.base/jdk.internal.reflect.NativeMethodAccessorImpl.invoke(NativeMethodAccessorImpl.java:77)&#xa;	at java.base/jdk.internal.reflect.DelegatingMethodAccessorImpl.invoke(DelegatingMethodAccessorImpl.java:43)&#xa;Caused by: com.kms.katalon.core.exception.StepFailedException: Unable to set text 'null' of object 'Object Repository/Page_ParaBank  Welcome  Online Banking/txtUsername'&#xa;	... 22 more&#xa;Caused by: java.lang.IllegalArgumentException: Text is null&#xa;	at com.kms.katalon.core.webui.keyword.builtin.SetTextKeyword$_setText_closure1.doCall(SetTextKeyword.groovy:48)&#xa;	at com.kms.katalon.core.webui.keyword.builtin.SetTextKeyword$_setText_closure1.call(SetTextKeyword.groovy)&#xa;	at com.kms.katalon.core.webui.keyword.internal.WebUIKeywordMain.runKeyword(WebUIKeywordMain.groovy:20)&#xa;	... 20 more&#xa;"/>
         <system-out><![CDATA[2023-11-08 10:50:28 - [TEST_CASE][FAILED] - Test Cases/Reusable Test Cases/Login: Test Cases/Reusable Test Cases/Login FAILED.
Reason:
com.kms.katalon.core.exception.StepFailedException: Unable to set text 'null' of object 'Object Repository/Page_ParaBank  Welcome  Online Banking/txtUsername' (Root cause: com.kms.katalon.core.exception.StepFailedException: Unable to set text 'null' of object 'Object Repository/Page_ParaBank  Welcome  Online Banking/txtUsername'
	at com.kms.katalon.core.webui.keyword.internal.WebUIKeywordMain.stepFailed(WebUIKeywordMain.groovy:64)
	at com.kms.katalon.core.webui.keyword.internal.WebUIKeywordMain.runKeyword(WebUIKeywordMain.groovy:26)
	at com.kms.katalon.core.webui.keyword.builtin.SetTextKeyword.setText(SetTextKeyword.groovy:66)
	at com.kms.katalon.core.webui.keyword.builtin.SetTextKeyword.execute(SetTextKeyword.groovy:37)
	at com.kms.katalon.core.keyword.internal.KeywordExecutor.executeKeywordForPlatform(KeywordExecutor.groovy:74)
	at com.kms.katalon.core.webui.keyword.WebUiBuiltInKeywords.setText(WebUiBuiltInKeywords.groovy:980)
	at Login.run(Login:22)
	at com.kms.katalon.core.main.ScriptEngine.run(ScriptEngine.java:194)
	at com.kms.katalon.core.main.ScriptEngine.runScriptAsRawText(ScriptEngine.java:119)
	at com.kms.katalon.core.main.TestCaseExecutor.runScript(TestCaseExecutor.java:448)
	at com.kms.katalon.core.main.TestCaseExecutor.doExecute(TestCaseExecutor.java:439)
	at com.kms.katalon.core.main.TestCaseExecutor.processExecutionPhase(TestCaseExecutor.java:418)
	at com.kms.katalon.core.main.TestCaseExecutor.accessMainPhase(TestCaseExecutor.java:410)
	at com.kms.katalon.core.main.TestCaseExecutor.execute(TestCaseExecutor.java:285)
	at com.kms.katalon.core.common.CommonExecutor.accessTestCaseMainPhase(CommonExecutor.java:65)
	at com.kms.katalon.core.main.TestSuiteExecutor.accessTestSuiteMainPhase(TestSuiteExecutor.java:148)
	at com.kms.katalon.core.main.TestSuiteExecutor.execute(TestSuiteExecutor.java:106)
	at com.kms.katalon.core.main.TestCaseMain.startTestSuite(TestCaseMain.java:187)
	at TempTestSuite1699458622452.run(TempTestSuite1699458622452.groovy:36)
	at java.base/jdk.internal.reflect.NativeMethodAccessorImpl.invoke0(Native Method)
	at java.base/jdk.internal.reflect.NativeMethodAccessorImpl.invoke(NativeMethodAccessorImpl.java:77)
	at java.base/jdk.internal.reflect.DelegatingMethodAccessorImpl.invoke(DelegatingMethodAccessorImpl.java:43)
Caused by: java.lang.IllegalArgumentException: Text is null
	at com.kms.katalon.core.webui.keyword.builtin.SetTextKeyword$_setText_closure1.doCall(SetTextKeyword.groovy:48)
	at com.kms.katalon.core.webui.keyword.builtin.SetTextKeyword$_setText_closure1.call(SetTextKeyword.groovy)
	at com.kms.katalon.core.webui.keyword.internal.WebUIKeywordMain.runKeyword(WebUIKeywordMain.groovy:20)
	at com.kms.katalon.core.webui.keyword.builtin.SetTextKeyword.setText(SetTextKeyword.groovy:66)
	at com.kms.katalon.core.webui.keyword.builtin.SetTextKeyword.execute(SetTextKeyword.groovy:37)
	at com.kms.katalon.core.keyword.internal.KeywordExecutor.executeKeywordForPlatform(KeywordExecutor.groovy:74)
	at com.kms.katalon.core.webui.keyword.WebUiBuiltInKeywords.setText(WebUiBuiltInKeywords.groovy:980)
	at Script1698671419553.run(Script1698671419553.groovy:22)
	... 15 more
)
	at com.kms.katalon.core.keyword.internal.KeywordMain.stepFailed(KeywordMain.groovy:39)
	at com.kms.katalon.core.webui.keyword.internal.WebUIKeywordMain.stepFailed(WebUIKeywordMain.groovy:64)
	at com.kms.katalon.core.webui.keyword.internal.WebUIKeywordMain.runKeyword(WebUIKeywordMain.groovy:26)
	at com.kms.katalon.core.webui.keyword.builtin.SetTextKeyword.setText(SetTextKeyword.groovy:66)
	at com.kms.katalon.core.webui.keyword.builtin.SetTextKeyword.execute(SetTextKeyword.groovy:37)
	at com.kms.katalon.core.keyword.internal.KeywordExecutor.executeKeywordForPlatform(KeywordExecutor.groovy:74)
	at com.kms.katalon.core.webui.keyword.WebUiBuiltInKeywords.setText(WebUiBuiltInKeywords.groovy:980)
	at Login.run(Login:22)
	at com.kms.katalon.core.main.ScriptEngine.run(ScriptEngine.java:194)
	at com.kms.katalon.core.main.ScriptEngine.runScriptAsRawText(ScriptEngine.java:119)
	at com.kms.katalon.core.main.TestCaseExecutor.runScript(TestCaseExecutor.java:448)
	at com.kms.katalon.core.main.TestCaseExecutor.doExecute(TestCaseExecutor.java:439)
	at com.kms.katalon.core.main.TestCaseExecutor.processExecutionPhase(TestCaseExecutor.java:418)
	at com.kms.katalon.core.main.TestCaseExecutor.accessMainPhase(TestCaseExecutor.java:410)
	at com.kms.katalon.core.main.TestCaseExecutor.execute(TestCaseExecutor.java:285)
	at com.kms.katalon.core.common.CommonExecutor.accessTestCaseMainPhase(CommonExecutor.java:65)
	at com.kms.katalon.core.main.TestSuiteExecutor.accessTestSuiteMainPhase(TestSuiteExecutor.java:148)
	at com.kms.katalon.core.main.TestSuiteExecutor.execute(TestSuiteExecutor.java:106)
	at com.kms.katalon.core.main.TestCaseMain.startTestSuite(TestCaseMain.java:187)
	at TempTestSuite1699458622452.run(TempTestSuite1699458622452.groovy:36)
	at java.base/jdk.internal.reflect.NativeMethodAccessorImpl.invoke0(Native Method)
	at java.base/jdk.internal.reflect.NativeMethodAccessorImpl.invoke(NativeMethodAccessorImpl.java:77)
	at java.base/jdk.internal.reflect.DelegatingMethodAccessorImpl.invoke(DelegatingMethodAccessorImpl.java:43)
Caused by: com.kms.katalon.core.exception.StepFailedException: Unable to set text 'null' of object 'Object Repository/Page_ParaBank  Welcome  Online Banking/txtUsername'
	... 22 more
Caused by: java.lang.IllegalArgumentException: Text is null
	at com.kms.katalon.core.webui.keyword.builtin.SetTextKeyword$_setText_closure1.doCall(SetTextKeyword.groovy:48)
	at com.kms.katalon.core.webui.keyword.builtin.SetTextKeyword$_setText_closure1.call(SetTextKeyword.groovy)
	at com.kms.katalon.core.webui.keyword.internal.WebUIKeywordMain.runKeyword(WebUIKeywordMain.groovy:20)
	... 20 more


2023-11-08 10:50:29 - [TEST_STEP][PASSED] - callTestCase(findTestCase("Reusable Test Cases/Open the webapp"), [:], CONTINUE_ON_FAILURE): Call Test Case 'Test Cases/Reusable Test Cases/Open the webapp' successfully

2023-11-08 10:50:29 - [TEST_CASE][PASSED] - Test Cases/Reusable Test Cases/Open the webapp: Test Cases/Reusable Test Cases/Open the webapp

2023-11-08 10:50:29 - [TEST_STEP][PASSED] - openBrowser(URL): Browser is opened with url: 'null'

2023-11-08 10:50:29 - [MESSAGE][INFO] - Starting 'Chrome (headless)' driver

2023-11-08 10:50:29 - [MESSAGE][INFO] - User set preference: ['property', '--window-size=1500,1000']

2023-11-08 10:50:29 - [MESSAGE][INFO] - User set preference: ['PATH', 'C:\Users\GKOKABAYEVA\Documents\Katalon training\ffmpeg-6.0']

2023-11-08 10:50:29 - [MESSAGE][INFO] - Action delay is set to 0 milliseconds

2023-11-08 10:50:32 - [MESSAGE][WARNING] - FFmpeg was not installed! Browser Recording will be disabled. Please follow this document to install FFmpeg first: https://docs.katalon.com/katalon-studio/docs/screenshots-videos.html#browser-based-recorder

2023-11-08 10:50:32 - [MESSAGE][PASSED] - Browser is opened with url: 'null'

2023-11-08 10:50:32 - [TEST_STEP][PASSED] - maximizeWindow(): Current window maximized

2023-11-08 10:50:33 - [MESSAGE][PASSED] - Current window maximized

2023-11-08 10:50:33 - [MESSAGE][PASSED] - Call Test Case 'Test Cases/Reusable Test Cases/Open the webapp' successfully

2023-11-08 10:50:33 - [TEST_STEP][FAILED] - setText(findTestObject("Page_ParaBank  Welcome  Online Banking/txtUsername"), username): Unable to set text 'null' of object 'Object Repository/Page_ParaBank  Welcome  Online Banking/txtUsername' (Root cause: com.kms.katalon.core.exception.StepFailedException: Unable to set text 'null' of object 'Object Repository/Page_ParaBank  Welcome  Online Banking/txtUsername'
	at com.kms.katalon.core.webui.keyword.internal.WebUIKeywordMain.stepFailed(WebUIKeywordMain.groovy:64)
	at com.kms.katalon.core.webui.keyword.internal.WebUIKeywordMain.runKeyword(WebUIKeywordMain.groovy:26)
	at com.kms.katalon.core.webui.keyword.builtin.SetTextKeyword.setText(SetTextKeyword.groovy:66)
	at com.kms.katalon.core.webui.keyword.builtin.SetTextKeyword.execute(SetTextKeyword.groovy:37)
	at com.kms.katalon.core.keyword.internal.KeywordExecutor.executeKeywordForPlatform(KeywordExecutor.groovy:74)
	at com.kms.katalon.core.webui.keyword.WebUiBuiltInKeywords.setText(WebUiBuiltInKeywords.groovy:980)
	at Login.run(Login:22)
	at com.kms.katalon.core.main.ScriptEngine.run(ScriptEngine.java:194)
	at com.kms.katalon.core.main.ScriptEngine.runScriptAsRawText(ScriptEngine.java:119)
	at com.kms.katalon.core.main.TestCaseExecutor.runScript(TestCaseExecutor.java:448)
	at com.kms.katalon.core.main.TestCaseExecutor.doExecute(TestCaseExecutor.java:439)
	at com.kms.katalon.core.main.TestCaseExecutor.processExecutionPhase(TestCaseExecutor.java:418)
	at com.kms.katalon.core.main.TestCaseExecutor.accessMainPhase(TestCaseExecutor.java:410)
	at com.kms.katalon.core.main.TestCaseExecutor.execute(TestCaseExecutor.java:285)
	at com.kms.katalon.core.common.CommonExecutor.accessTestCaseMainPhase(CommonExecutor.java:65)
	at com.kms.katalon.core.main.TestSuiteExecutor.accessTestSuiteMainPhase(TestSuiteExecutor.java:148)
	at com.kms.katalon.core.main.TestSuiteExecutor.execute(TestSuiteExecutor.java:106)
	at com.kms.katalon.core.main.TestCaseMain.startTestSuite(TestCaseMain.java:187)
	at TempTestSuite1699458622452.run(TempTestSuite1699458622452.groovy:36)
	at java.base/jdk.internal.reflect.NativeMethodAccessorImpl.invoke0(Native Method)
	at java.base/jdk.internal.reflect.NativeMethodAccessorImpl.invoke(NativeMethodAccessorImpl.java:77)
	at java.base/jdk.internal.reflect.DelegatingMethodAccessorImpl.invoke(DelegatingMethodAccessorImpl.java:43)
Caused by: java.lang.IllegalArgumentException: Text is null
	at com.kms.katalon.core.webui.keyword.builtin.SetTextKeyword$_setText_closure1.doCall(SetTextKeyword.groovy:48)
	at com.kms.katalon.core.webui.keyword.builtin.SetTextKeyword$_setText_closure1.call(SetTextKeyword.groovy)
	at com.kms.katalon.core.webui.keyword.internal.WebUIKeywordMain.runKeyword(WebUIKeywordMain.groovy:20)
	at com.kms.katalon.core.webui.keyword.builtin.SetTextKeyword.setText(SetTextKeyword.groovy:66)
	at com.kms.katalon.core.webui.keyword.builtin.SetTextKeyword.execute(SetTextKeyword.groovy:37)
	at com.kms.katalon.core.keyword.internal.KeywordExecutor.executeKeywordForPlatform(KeywordExecutor.groovy:74)
	at com.kms.katalon.core.webui.keyword.WebUiBuiltInKeywords.setText(WebUiBuiltInKeywords.groovy:980)
	at Script1698671419553.run(Script1698671419553.groovy:22)
	... 15 more
)

2023-11-08 10:50:33 - [MESSAGE][FAILED] - Unable to set text 'null' of object 'Object Repository/Page_ParaBank  Welcome  Online Banking/txtUsername' (Root cause: com.kms.katalon.core.exception.StepFailedException: Unable to set text 'null' of object 'Object Repository/Page_ParaBank  Welcome  Online Banking/txtUsername'
	at com.kms.katalon.core.webui.keyword.internal.WebUIKeywordMain.stepFailed(WebUIKeywordMain.groovy:64)
	at com.kms.katalon.core.webui.keyword.internal.WebUIKeywordMain.runKeyword(WebUIKeywordMain.groovy:26)
	at com.kms.katalon.core.webui.keyword.builtin.SetTextKeyword.setText(SetTextKeyword.groovy:66)
	at com.kms.katalon.core.webui.keyword.builtin.SetTextKeyword.execute(SetTextKeyword.groovy:37)
	at com.kms.katalon.core.keyword.internal.KeywordExecutor.executeKeywordForPlatform(KeywordExecutor.groovy:74)
	at com.kms.katalon.core.webui.keyword.WebUiBuiltInKeywords.setText(WebUiBuiltInKeywords.groovy:980)
	at Login.run(Login:22)
	at com.kms.katalon.core.main.ScriptEngine.run(ScriptEngine.java:194)
	at com.kms.katalon.core.main.ScriptEngine.runScriptAsRawText(ScriptEngine.java:119)
	at com.kms.katalon.core.main.TestCaseExecutor.runScript(TestCaseExecutor.java:448)
	at com.kms.katalon.core.main.TestCaseExecutor.doExecute(TestCaseExecutor.java:439)
	at com.kms.katalon.core.main.TestCaseExecutor.processExecutionPhase(TestCaseExecutor.java:418)
	at com.kms.katalon.core.main.TestCaseExecutor.accessMainPhase(TestCaseExecutor.java:410)
	at com.kms.katalon.core.main.TestCaseExecutor.execute(TestCaseExecutor.java:285)
	at com.kms.katalon.core.common.CommonExecutor.accessTestCaseMainPhase(CommonExecutor.java:65)
	at com.kms.katalon.core.main.TestSuiteExecutor.accessTestSuiteMainPhase(TestSuiteExecutor.java:148)
	at com.kms.katalon.core.main.TestSuiteExecutor.execute(TestSuiteExecutor.java:106)
	at com.kms.katalon.core.main.TestCaseMain.startTestSuite(TestCaseMain.java:187)
	at TempTestSuite1699458622452.run(TempTestSuite1699458622452.groovy:36)
	at java.base/jdk.internal.reflect.NativeMethodAccessorImpl.invoke0(Native Method)
	at java.base/jdk.internal.reflect.NativeMethodAccessorImpl.invoke(NativeMethodAccessorImpl.java:77)
	at java.base/jdk.internal.reflect.DelegatingMethodAccessorImpl.invoke(DelegatingMethodAccessorImpl.java:43)
Caused by: java.lang.IllegalArgumentException: Text is null
	at com.kms.katalon.core.webui.keyword.builtin.SetTextKeyword$_setText_closure1.doCall(SetTextKeyword.groovy:48)
	at com.kms.katalon.core.webui.keyword.builtin.SetTextKeyword$_setText_closure1.call(SetTextKeyword.groovy)
	at com.kms.katalon.core.webui.keyword.internal.WebUIKeywordMain.runKeyword(WebUIKeywordMain.groovy:20)
	at com.kms.katalon.core.webui.keyword.builtin.SetTextKeyword.setText(SetTextKeyword.groovy:66)
	at com.kms.katalon.core.webui.keyword.builtin.SetTextKeyword.execute(SetTextKeyword.groovy:37)
	at com.kms.katalon.core.keyword.internal.KeywordExecutor.executeKeywordForPlatform(KeywordExecutor.groovy:74)
	at com.kms.katalon.core.webui.keyword.WebUiBuiltInKeywords.setText(WebUiBuiltInKeywords.groovy:980)
	at Script1698671419553.run(Script1698671419553.groovy:22)
	... 15 more
)
[[ATTACHMENT|C:\\Users\\GKOKABAYEVA\\Katalon Studio\\Parabank\\Reports\\20231108_105022\\Smoke Test Suites\\STS002 - Login verification\\20231108_105022\\1699458633160.png]]

2023-11-08 10:50:33 - [TEST_STEP][FAILED] - setText(findTestObject("Page_ParaBank  Welcome  Online Banking/txtPassword"), findTestData("InternalData").getValue("password", 1)): Unable to set text 'Password' of object 'Object Repository/Page_ParaBank  Welcome  Online Banking/txtPassword' (Root cause: com.kms.katalon.core.exception.StepFailedException: Unable to set text 'Password' of object 'Object Repository/Page_ParaBank  Welcome  Online Banking/txtPassword'
	at com.kms.katalon.core.webui.keyword.internal.WebUIKeywordMain.stepFailed(WebUIKeywordMain.groovy:64)
	at com.kms.katalon.core.webui.keyword.internal.WebUIKeywordMain.runKeyword(WebUIKeywordMain.groovy:26)
	at com.kms.katalon.core.webui.keyword.builtin.SetTextKeyword.setText(SetTextKeyword.groovy:66)
	at com.kms.katalon.core.webui.keyword.builtin.SetTextKeyword.execute(SetTextKeyword.groovy:37)
	at com.kms.katalon.core.keyword.internal.KeywordExecutor.executeKeywordForPlatform(KeywordExecutor.groovy:74)
	at com.kms.katalon.core.webui.keyword.WebUiBuiltInKeywords.setText(WebUiBuiltInKeywords.groovy:980)
	at Login.run(Login:24)
	at com.kms.katalon.core.main.ScriptEngine.run(ScriptEngine.java:194)
	at com.kms.katalon.core.main.ScriptEngine.runScriptAsRawText(ScriptEngine.java:119)
	at com.kms.katalon.core.main.TestCaseExecutor.runScript(TestCaseExecutor.java:448)
	at com.kms.katalon.core.main.TestCaseExecutor.doExecute(TestCaseExecutor.java:439)
	at com.kms.katalon.core.main.TestCaseExecutor.processExecutionPhase(TestCaseExecutor.java:418)
	at com.kms.katalon.core.main.TestCaseExecutor.accessMainPhase(TestCaseExecutor.java:410)
	at com.kms.katalon.core.main.TestCaseExecutor.execute(TestCaseExecutor.java:285)
	at com.kms.katalon.core.common.CommonExecutor.accessTestCaseMainPhase(CommonExecutor.java:65)
	at com.kms.katalon.core.main.TestSuiteExecutor.accessTestSuiteMainPhase(TestSuiteExecutor.java:148)
	at com.kms.katalon.core.main.TestSuiteExecutor.execute(TestSuiteExecutor.java:106)
	at com.kms.katalon.core.main.TestCaseMain.startTestSuite(TestCaseMain.java:187)
	at TempTestSuite1699458622452.run(TempTestSuite1699458622452.groovy:36)
	at java.base/jdk.internal.reflect.NativeMethodAccessorImpl.invoke0(Native Method)
	at java.base/jdk.internal.reflect.NativeMethodAccessorImpl.invoke(NativeMethodAccessorImpl.java:77)
	at java.base/jdk.internal.reflect.DelegatingMethodAccessorImpl.invoke(DelegatingMethodAccessorImpl.java:43)
Caused by: com.kms.katalon.core.webui.exception.WebElementNotFoundException: Web element with id: 'Object Repository/Page_ParaBank  Welcome  Online Banking/txtPassword' located by '//input[@name='password']' not found
	at com.kms.katalon.core.webui.common.WebUiCommonHelper.findWebElement(WebUiCommonHelper.java:1379)
	at com.kms.katalon.core.webui.keyword.internal.WebUIAbstractKeyword.findWebElement(WebUIAbstractKeyword.groovy:27)
	at com.kms.katalon.core.webui.keyword.internal.WebUIAbstractKeyword.findWebElement(WebUIAbstractKeyword.groovy:26)
	at com.kms.katalon.core.webui.keyword.builtin.SetTextKeyword$_setText_closure1.doCall(SetTextKeyword.groovy:51)
	at com.kms.katalon.core.webui.keyword.builtin.SetTextKeyword$_setText_closure1.call(SetTextKeyword.groovy)
	at com.kms.katalon.core.webui.keyword.internal.WebUIKeywordMain.runKeyword(WebUIKeywordMain.groovy:20)
	at com.kms.katalon.core.webui.keyword.builtin.SetTextKeyword.setText(SetTextKeyword.groovy:66)
	at com.kms.katalon.core.webui.keyword.builtin.SetTextKeyword.execute(SetTextKeyword.groovy:37)
	at com.kms.katalon.core.keyword.internal.KeywordExecutor.executeKeywordForPlatform(KeywordExecutor.groovy:74)
	at com.kms.katalon.core.webui.keyword.WebUiBuiltInKeywords.setText(WebUiBuiltInKeywords.groovy:980)
	at Script1698671419553.run(Script1698671419553.groovy:24)
	... 15 more
)

2023-11-08 10:51:04 - [MESSAGE][INFO] - Unable to find the element located by 'By.xpath: //input[@name='password']'. Please recheck the objects properties to make sure the desired element is located. 

2023-11-08 10:51:04 - [MESSAGE][WARNING] - [SELF-HEALING] Failed to find element with id 'Object Repository/Page_ParaBank  Welcome  Online Banking/txtPassword'. Try using Self-healing.

2023-11-08 10:51:04 - [MESSAGE][INFO] - [SELF-HEALING] Failed Locator: '//input[@name='password']'.

2023-11-08 10:51:04 - [MESSAGE][INFO] - [SELF-HEALING] Failed Locator: '//div[@id='loginPanel']/form/div[2]/input'.

2023-11-08 10:51:04 - [MESSAGE][INFO] - [SELF-HEALING] Failed Locator: '//div[2]/input'.

2023-11-08 10:51:04 - [MESSAGE][INFO] - [SELF-HEALING] Failed Locator: '//input[@type = 'password' and @name = 'password']'.

2023-11-08 10:51:04 - [MESSAGE][INFO] - [SELF-HEALING] Failed Locator: '//input[@name='password']'.

2023-11-08 10:51:04 - [MESSAGE][INFO] - [SELF-HEALING] Failed Locator: '//div[@id='loginPanel']/form/div[2]/input'.

2023-11-08 10:51:04 - [MESSAGE][INFO] - [SELF-HEALING] Failed Locator: '//div[2]/input'.

2023-11-08 10:51:04 - [MESSAGE][INFO] - [SELF-HEALING] Failed Locator: '//input[@type = 'password' and @name = 'password']'.

2023-11-08 10:51:04 - [MESSAGE][INFO] - [SELF-HEALING] Failed Locator: '//input[@name='password']'.

2023-11-08 10:51:04 - [MESSAGE][INFO] - [SELF-HEALING] Failed Locator: '//div[@id='loginPanel']/form/div[2]/input'.

2023-11-08 10:51:04 - [MESSAGE][INFO] - [SELF-HEALING] Failed Locator: '//div[2]/input'.

2023-11-08 10:51:04 - [MESSAGE][INFO] - [SELF-HEALING] Failed Locator: '//input[@type = 'password' and @name = 'password']'.

2023-11-08 10:51:04 - [MESSAGE][INFO] - [SELF-HEALING] Failed Locator: '//input[@name='password']'.

2023-11-08 10:51:04 - [MESSAGE][INFO] - [SELF-HEALING] Failed Locator: '//div[@id='loginPanel']/form/div[2]/input'.

2023-11-08 10:51:04 - [MESSAGE][INFO] - [SELF-HEALING] Failed Locator: '//div[2]/input'.

2023-11-08 10:51:04 - [MESSAGE][INFO] - [SELF-HEALING] Failed Locator: '//input[@type = 'password' and @name = 'password']'.

2023-11-08 10:51:04 - [MESSAGE][INFO] - [SELF-HEALING] Failed Locator: '//input[@name='password']'.

2023-11-08 10:51:04 - [MESSAGE][INFO] - [SELF-HEALING] Failed Locator: '//div[@id='loginPanel']/form/div[2]/input'.

2023-11-08 10:51:04 - [MESSAGE][INFO] - [SELF-HEALING] Failed Locator: '//div[2]/input'.

2023-11-08 10:51:04 - [MESSAGE][INFO] - [SELF-HEALING] Failed Locator: '//input[@type = 'password' and @name = 'password']'.

2023-11-08 10:51:04 - [MESSAGE][INFO] - [SELF-HEALING] Failed Locator: '//input[@name='password']'.

2023-11-08 10:51:04 - [MESSAGE][INFO] - [SELF-HEALING] Failed Locator: '//div[@id='loginPanel']/form/div[2]/input'.

2023-11-08 10:51:04 - [MESSAGE][INFO] - [SELF-HEALING] Failed Locator: '//div[2]/input'.

2023-11-08 10:51:04 - [MESSAGE][INFO] - [SELF-HEALING] Failed Locator: '//input[@type = 'password' and @name = 'password']'.

2023-11-08 10:51:04 - [MESSAGE][INFO] - [SELF-HEALING] Failed Locator: '//input[@name='password']'.

2023-11-08 10:51:04 - [MESSAGE][INFO] - [SELF-HEALING] Failed Locator: '//div[@id='loginPanel']/form/div[2]/input'.

2023-11-08 10:51:04 - [MESSAGE][INFO] - [SELF-HEALING] Failed Locator: '//div[2]/input'.

2023-11-08 10:51:04 - [MESSAGE][INFO] - [SELF-HEALING] Failed Locator: '//input[@type = 'password' and @name = 'password']'.

2023-11-08 10:51:04 - [MESSAGE][INFO] - [SELF-HEALING] Failed Locator: '//input[@name='password']'.

2023-11-08 10:51:04 - [MESSAGE][INFO] - [SELF-HEALING] Failed Locator: '//div[@id='loginPanel']/form/div[2]/input'.

2023-11-08 10:51:04 - [MESSAGE][INFO] - [SELF-HEALING] Failed Locator: '//div[2]/input'.

2023-11-08 10:51:04 - [MESSAGE][INFO] - [SELF-HEALING] Failed Locator: '//input[@type = 'password' and @name = 'password']'.

2023-11-08 10:51:04 - [MESSAGE][INFO] - [SELF-HEALING] Failed Locator: '//input[@name='password']'.

2023-11-08 10:51:04 - [MESSAGE][INFO] - [SELF-HEALING] Failed Locator: '//div[@id='loginPanel']/form/div[2]/input'.

2023-11-08 10:51:04 - [MESSAGE][INFO] - [SELF-HEALING] Failed Locator: '//div[2]/input'.

2023-11-08 10:51:04 - [MESSAGE][INFO] - [SELF-HEALING] Failed Locator: '//input[@type = 'password' and @name = 'password']'.

2023-11-08 10:51:05 - [MESSAGE][INFO] - [SELF-HEALING] Failed Locator: '//input[@name='password']'.

2023-11-08 10:51:05 - [MESSAGE][INFO] - [SELF-HEALING] Failed Locator: '//div[@id='loginPanel']/form/div[2]/input'.

2023-11-08 10:51:05 - [MESSAGE][INFO] - [SELF-HEALING] Failed Locator: '//div[2]/input'.

2023-11-08 10:51:05 - [MESSAGE][INFO] - [SELF-HEALING] Failed Locator: '//input[@type = 'password' and @name = 'password']'.

2023-11-08 10:51:05 - [MESSAGE][INFO] - [SELF-HEALING] Failed Locator: '//input[@name='password']'.

2023-11-08 10:51:05 - [MESSAGE][INFO] - [SELF-HEALING] Failed Locator: '//div[@id='loginPanel']/form/div[2]/input'.

2023-11-08 10:51:05 - [MESSAGE][INFO] - [SELF-HEALING] Failed Locator: '//div[2]/input'.

2023-11-08 10:51:05 - [MESSAGE][INFO] - [SELF-HEALING] Failed Locator: '//input[@type = 'password' and @name = 'password']'.

2023-11-08 10:51:05 - [MESSAGE][INFO] - [SELF-HEALING] Failed Locator: '//input[@name='password']'.

2023-11-08 10:51:05 - [MESSAGE][INFO] - [SELF-HEALING] Failed Locator: '//div[@id='loginPanel']/form/div[2]/input'.

2023-11-08 10:51:05 - [MESSAGE][INFO] - [SELF-HEALING] Failed Locator: '//div[2]/input'.

2023-11-08 10:51:05 - [MESSAGE][INFO] - [SELF-HEALING] Failed Locator: '//input[@type = 'password' and @name = 'password']'.

2023-11-08 10:51:05 - [MESSAGE][INFO] - [SELF-HEALING] Failed Locator: '//input[@name='password']'.

2023-11-08 10:51:05 - [MESSAGE][INFO] - [SELF-HEALING] Failed Locator: '//div[@id='loginPanel']/form/div[2]/input'.

2023-11-08 10:51:05 - [MESSAGE][INFO] - [SELF-HEALING] Failed Locator: '//div[2]/input'.

2023-11-08 10:51:05 - [MESSAGE][INFO] - [SELF-HEALING] Failed Locator: '//input[@type = 'password' and @name = 'password']'.

2023-11-08 10:51:05 - [MESSAGE][INFO] - [SELF-HEALING] Failed Locator: '//input[@name='password']'.

2023-11-08 10:51:05 - [MESSAGE][INFO] - [SELF-HEALING] Failed Locator: '//div[@id='loginPanel']/form/div[2]/input'.

2023-11-08 10:51:05 - [MESSAGE][INFO] - [SELF-HEALING] Failed Locator: '//div[2]/input'.

2023-11-08 10:51:05 - [MESSAGE][INFO] - [SELF-HEALING] Failed Locator: '//input[@type = 'password' and @name = 'password']'.

2023-11-08 10:51:05 - [MESSAGE][INFO] - [SELF-HEALING] Failed Locator: '//input[@name='password']'.

2023-11-08 10:51:05 - [MESSAGE][INFO] - [SELF-HEALING] Failed Locator: '//div[@id='loginPanel']/form/div[2]/input'.

2023-11-08 10:51:05 - [MESSAGE][INFO] - [SELF-HEALING] Failed Locator: '//div[2]/input'.

2023-11-08 10:51:05 - [MESSAGE][INFO] - [SELF-HEALING] Failed Locator: '//input[@type = 'password' and @name = 'password']'.

2023-11-08 10:51:06 - [MESSAGE][INFO] - Unable to find the element located by 'By.xpath: //*[@type = 'password' and @name = 'password']'. Please recheck the objects properties to make sure the desired element is located. 

2023-11-08 10:51:07 - [MESSAGE][INFO] - Unable to find the element located by 'By.cssSelector: input[name="password"]'. Please recheck the objects properties to make sure the desired element is located. 

2023-11-08 10:51:07 - [MESSAGE][FAILED] - Unable to set text 'Password' of object 'Object Repository/Page_ParaBank  Welcome  Online Banking/txtPassword' (Root cause: com.kms.katalon.core.exception.StepFailedException: Unable to set text 'Password' of object 'Object Repository/Page_ParaBank  Welcome  Online Banking/txtPassword'
	at com.kms.katalon.core.webui.keyword.internal.WebUIKeywordMain.stepFailed(WebUIKeywordMain.groovy:64)
	at com.kms.katalon.core.webui.keyword.internal.WebUIKeywordMain.runKeyword(WebUIKeywordMain.groovy:26)
	at com.kms.katalon.core.webui.keyword.builtin.SetTextKeyword.setText(SetTextKeyword.groovy:66)
	at com.kms.katalon.core.webui.keyword.builtin.SetTextKeyword.execute(SetTextKeyword.groovy:37)
	at com.kms.katalon.core.keyword.internal.KeywordExecutor.executeKeywordForPlatform(KeywordExecutor.groovy:74)
	at com.kms.katalon.core.webui.keyword.WebUiBuiltInKeywords.setText(WebUiBuiltInKeywords.groovy:980)
	at Login.run(Login:24)
	at com.kms.katalon.core.main.ScriptEngine.run(ScriptEngine.java:194)
	at com.kms.katalon.core.main.ScriptEngine.runScriptAsRawText(ScriptEngine.java:119)
	at com.kms.katalon.core.main.TestCaseExecutor.runScript(TestCaseExecutor.java:448)
	at com.kms.katalon.core.main.TestCaseExecutor.doExecute(TestCaseExecutor.java:439)
	at com.kms.katalon.core.main.TestCaseExecutor.processExecutionPhase(TestCaseExecutor.java:418)
	at com.kms.katalon.core.main.TestCaseExecutor.accessMainPhase(TestCaseExecutor.java:410)
	at com.kms.katalon.core.main.TestCaseExecutor.execute(TestCaseExecutor.java:285)
	at com.kms.katalon.core.common.CommonExecutor.accessTestCaseMainPhase(CommonExecutor.java:65)
	at com.kms.katalon.core.main.TestSuiteExecutor.accessTestSuiteMainPhase(TestSuiteExecutor.java:148)
	at com.kms.katalon.core.main.TestSuiteExecutor.execute(TestSuiteExecutor.java:106)
	at com.kms.katalon.core.main.TestCaseMain.startTestSuite(TestCaseMain.java:187)
	at TempTestSuite1699458622452.run(TempTestSuite1699458622452.groovy:36)
	at java.base/jdk.internal.reflect.NativeMethodAccessorImpl.invoke0(Native Method)
	at java.base/jdk.internal.reflect.NativeMethodAccessorImpl.invoke(NativeMethodAccessorImpl.java:77)
	at java.base/jdk.internal.reflect.DelegatingMethodAccessorImpl.invoke(DelegatingMethodAccessorImpl.java:43)
Caused by: com.kms.katalon.core.webui.exception.WebElementNotFoundException: Web element with id: 'Object Repository/Page_ParaBank  Welcome  Online Banking/txtPassword' located by '//input[@name='password']' not found
	at com.kms.katalon.core.webui.common.WebUiCommonHelper.findWebElement(WebUiCommonHelper.java:1379)
	at com.kms.katalon.core.webui.keyword.internal.WebUIAbstractKeyword.findWebElement(WebUIAbstractKeyword.groovy:27)
	at com.kms.katalon.core.webui.keyword.internal.WebUIAbstractKeyword.findWebElement(WebUIAbstractKeyword.groovy:26)
	at com.kms.katalon.core.webui.keyword.builtin.SetTextKeyword$_setText_closure1.doCall(SetTextKeyword.groovy:51)
	at com.kms.katalon.core.webui.keyword.builtin.SetTextKeyword$_setText_closure1.call(SetTextKeyword.groovy)
	at com.kms.katalon.core.webui.keyword.internal.WebUIKeywordMain.runKeyword(WebUIKeywordMain.groovy:20)
	at com.kms.katalon.core.webui.keyword.builtin.SetTextKeyword.setText(SetTextKeyword.groovy:66)
	at com.kms.katalon.core.webui.keyword.builtin.SetTextKeyword.execute(SetTextKeyword.groovy:37)
	at com.kms.katalon.core.keyword.internal.KeywordExecutor.executeKeywordForPlatform(KeywordExecutor.groovy:74)
	at com.kms.katalon.core.webui.keyword.WebUiBuiltInKeywords.setText(WebUiBuiltInKeywords.groovy:980)
	at Script1698671419553.run(Script1698671419553.groovy:24)
	... 15 more
)
[[ATTACHMENT|C:\\Users\\GKOKABAYEVA\\Katalon Studio\\Parabank\\Reports\\20231108_105022\\Smoke Test Suites\\STS002 - Login verification\\20231108_105022\\1699458667436.png]]

2023-11-08 10:51:07 - [TEST_STEP][FAILED] - click(findTestObject("Page_ParaBank  Welcome  Online Banking/btnLogin")): Unable to click on object 'Object Repository/Page_ParaBank  Welcome  Online Banking/btnLogin' (Root cause: com.kms.katalon.core.exception.StepFailedException: Unable to click on object 'Object Repository/Page_ParaBank  Welcome  Online Banking/btnLogin'
	at com.kms.katalon.core.webui.keyword.internal.WebUIKeywordMain.stepFailed(WebUIKeywordMain.groovy:64)
	at com.kms.katalon.core.webui.keyword.internal.WebUIKeywordMain.runKeyword(WebUIKeywordMain.groovy:26)
	at com.kms.katalon.core.webui.keyword.builtin.ClickKeyword.click(ClickKeyword.groovy:74)
	at com.kms.katalon.core.webui.keyword.builtin.ClickKeyword.execute(ClickKeyword.groovy:40)
	at com.kms.katalon.core.keyword.internal.KeywordExecutor.executeKeywordForPlatform(KeywordExecutor.groovy:74)
	at com.kms.katalon.core.webui.keyword.WebUiBuiltInKeywords.click(WebUiBuiltInKeywords.groovy:620)
	at Login.run(Login:27)
	at com.kms.katalon.core.main.ScriptEngine.run(ScriptEngine.java:194)
	at com.kms.katalon.core.main.ScriptEngine.runScriptAsRawText(ScriptEngine.java:119)
	at com.kms.katalon.core.main.TestCaseExecutor.runScript(TestCaseExecutor.java:448)
	at com.kms.katalon.core.main.TestCaseExecutor.doExecute(TestCaseExecutor.java:439)
	at com.kms.katalon.core.main.TestCaseExecutor.processExecutionPhase(TestCaseExecutor.java:418)
	at com.kms.katalon.core.main.TestCaseExecutor.accessMainPhase(TestCaseExecutor.java:410)
	at com.kms.katalon.core.main.TestCaseExecutor.execute(TestCaseExecutor.java:285)
	at com.kms.katalon.core.common.CommonExecutor.accessTestCaseMainPhase(CommonExecutor.java:65)
	at com.kms.katalon.core.main.TestSuiteExecutor.accessTestSuiteMainPhase(TestSuiteExecutor.java:148)
	at com.kms.katalon.core.main.TestSuiteExecutor.execute(TestSuiteExecutor.java:106)
	at com.kms.katalon.core.main.TestCaseMain.startTestSuite(TestCaseMain.java:187)
	at TempTestSuite1699458622452.run(TempTestSuite1699458622452.groovy:36)
	at java.base/jdk.internal.reflect.NativeMethodAccessorImpl.invoke0(Native Method)
	at java.base/jdk.internal.reflect.NativeMethodAccessorImpl.invoke(NativeMethodAccessorImpl.java:77)
	at java.base/jdk.internal.reflect.DelegatingMethodAccessorImpl.invoke(DelegatingMethodAccessorImpl.java:43)
Caused by: com.kms.katalon.core.webui.exception.WebElementNotFoundException: Web element with id: 'Object Repository/Page_ParaBank  Welcome  Online Banking/btnLogin' located by '//input[@value='Log In']' not found
	at com.kms.katalon.core.webui.common.WebUiCommonHelper.findWebElement(WebUiCommonHelper.java:1379)
	at com.kms.katalon.core.webui.keyword.internal.WebUIAbstractKeyword.findWebElement(WebUIAbstractKeyword.groovy:27)
	at com.kms.katalon.core.webui.keyword.builtin.ClickKeyword$_click_closure1.doCall(ClickKeyword.groovy:65)
	at com.kms.katalon.core.webui.keyword.builtin.ClickKeyword$_click_closure1.call(ClickKeyword.groovy)
	at com.kms.katalon.core.webui.keyword.internal.WebUIKeywordMain.runKeyword(WebUIKeywordMain.groovy:20)
	at com.kms.katalon.core.webui.keyword.builtin.ClickKeyword.click(ClickKeyword.groovy:74)
	at com.kms.katalon.core.webui.keyword.builtin.ClickKeyword.execute(ClickKeyword.groovy:40)
	at com.kms.katalon.core.keyword.internal.KeywordExecutor.executeKeywordForPlatform(KeywordExecutor.groovy:74)
	at com.kms.katalon.core.webui.keyword.WebUiBuiltInKeywords.click(WebUiBuiltInKeywords.groovy:620)
	at Script1698671419553.run(Script1698671419553.groovy:27)
	... 15 more
)

2023-11-08 10:51:38 - [MESSAGE][INFO] - Unable to find the element located by 'By.xpath: //input[@value='Log In']'. Please recheck the objects properties to make sure the desired element is located. 

2023-11-08 10:51:38 - [MESSAGE][WARNING] - [SELF-HEALING] Failed to find element with id 'Object Repository/Page_ParaBank  Welcome  Online Banking/btnLogin'. Try using Self-healing.

2023-11-08 10:51:38 - [MESSAGE][INFO] - [SELF-HEALING] Failed Locator: '//input[@value='Log In']'.

2023-11-08 10:51:38 - [MESSAGE][INFO] - [SELF-HEALING] Failed Locator: '//div[@id='loginPanel']/form/div[3]/input'.

2023-11-08 10:51:38 - [MESSAGE][INFO] - [SELF-HEALING] Failed Locator: '//div[3]/input'.

2023-11-08 10:51:38 - [MESSAGE][INFO] - [SELF-HEALING] Failed Locator: '//input[@type = 'submit']'.

2023-11-08 10:51:38 - [MESSAGE][INFO] - [SELF-HEALING] Failed Locator: '//input[@value='Log In']'.

2023-11-08 10:51:38 - [MESSAGE][INFO] - [SELF-HEALING] Failed Locator: '//div[@id='loginPanel']/form/div[3]/input'.

2023-11-08 10:51:38 - [MESSAGE][INFO] - [SELF-HEALING] Failed Locator: '//div[3]/input'.

2023-11-08 10:51:38 - [MESSAGE][INFO] - [SELF-HEALING] Failed Locator: '//input[@type = 'submit']'.

2023-11-08 10:51:38 - [MESSAGE][INFO] - [SELF-HEALING] Failed Locator: '//input[@value='Log In']'.

2023-11-08 10:51:38 - [MESSAGE][INFO] - [SELF-HEALING] Failed Locator: '//div[@id='loginPanel']/form/div[3]/input'.

2023-11-08 10:51:38 - [MESSAGE][INFO] - [SELF-HEALING] Failed Locator: '//div[3]/input'.

2023-11-08 10:51:38 - [MESSAGE][INFO] - [SELF-HEALING] Failed Locator: '//input[@type = 'submit']'.

2023-11-08 10:51:38 - [MESSAGE][INFO] - [SELF-HEALING] Failed Locator: '//input[@value='Log In']'.

2023-11-08 10:51:38 - [MESSAGE][INFO] - [SELF-HEALING] Failed Locator: '//div[@id='loginPanel']/form/div[3]/input'.

2023-11-08 10:51:38 - [MESSAGE][INFO] - [SELF-HEALING] Failed Locator: '//div[3]/input'.

2023-11-08 10:51:38 - [MESSAGE][INFO] - [SELF-HEALING] Failed Locator: '//input[@type = 'submit']'.

2023-11-08 10:51:38 - [MESSAGE][INFO] - [SELF-HEALING] Failed Locator: '//input[@value='Log In']'.

2023-11-08 10:51:38 - [MESSAGE][INFO] - [SELF-HEALING] Failed Locator: '//div[@id='loginPanel']/form/div[3]/input'.

2023-11-08 10:51:38 - [MESSAGE][INFO] - [SELF-HEALING] Failed Locator: '//div[3]/input'.

2023-11-08 10:51:38 - [MESSAGE][INFO] - [SELF-HEALING] Failed Locator: '//input[@type = 'submit']'.

2023-11-08 10:51:38 - [MESSAGE][INFO] - [SELF-HEALING] Failed Locator: '//input[@value='Log In']'.

2023-11-08 10:51:38 - [MESSAGE][INFO] - [SELF-HEALING] Failed Locator: '//div[@id='loginPanel']/form/div[3]/input'.

2023-11-08 10:51:38 - [MESSAGE][INFO] - [SELF-HEALING] Failed Locator: '//div[3]/input'.

2023-11-08 10:51:38 - [MESSAGE][INFO] - [SELF-HEALING] Failed Locator: '//input[@type = 'submit']'.

2023-11-08 10:51:38 - [MESSAGE][INFO] - [SELF-HEALING] Failed Locator: '//input[@value='Log In']'.

2023-11-08 10:51:38 - [MESSAGE][INFO] - [SELF-HEALING] Failed Locator: '//div[@id='loginPanel']/form/div[3]/input'.

2023-11-08 10:51:39 - [MESSAGE][INFO] - [SELF-HEALING] Failed Locator: '//div[3]/input'.

2023-11-08 10:51:39 - [MESSAGE][INFO] - [SELF-HEALING] Failed Locator: '//input[@type = 'submit']'.

2023-11-08 10:51:39 - [MESSAGE][INFO] - [SELF-HEALING] Failed Locator: '//input[@value='Log In']'.

2023-11-08 10:51:39 - [MESSAGE][INFO] - [SELF-HEALING] Failed Locator: '//div[@id='loginPanel']/form/div[3]/input'.

2023-11-08 10:51:39 - [MESSAGE][INFO] - [SELF-HEALING] Failed Locator: '//div[3]/input'.

2023-11-08 10:51:39 - [MESSAGE][INFO] - [SELF-HEALING] Failed Locator: '//input[@type = 'submit']'.

2023-11-08 10:51:39 - [MESSAGE][INFO] - [SELF-HEALING] Failed Locator: '//input[@value='Log In']'.

2023-11-08 10:51:39 - [MESSAGE][INFO] - [SELF-HEALING] Failed Locator: '//div[@id='loginPanel']/form/div[3]/input'.

2023-11-08 10:51:39 - [MESSAGE][INFO] - [SELF-HEALING] Failed Locator: '//div[3]/input'.

2023-11-08 10:51:39 - [MESSAGE][INFO] - [SELF-HEALING] Failed Locator: '//input[@type = 'submit']'.

2023-11-08 10:51:39 - [MESSAGE][INFO] - [SELF-HEALING] Failed Locator: '//input[@value='Log In']'.

2023-11-08 10:51:39 - [MESSAGE][INFO] - [SELF-HEALING] Failed Locator: '//div[@id='loginPanel']/form/div[3]/input'.

2023-11-08 10:51:39 - [MESSAGE][INFO] - [SELF-HEALING] Failed Locator: '//div[3]/input'.

2023-11-08 10:51:39 - [MESSAGE][INFO] - [SELF-HEALING] Failed Locator: '//input[@type = 'submit']'.

2023-11-08 10:51:39 - [MESSAGE][INFO] - [SELF-HEALING] Failed Locator: '//input[@value='Log In']'.

2023-11-08 10:51:39 - [MESSAGE][INFO] - [SELF-HEALING] Failed Locator: '//div[@id='loginPanel']/form/div[3]/input'.

2023-11-08 10:51:39 - [MESSAGE][INFO] - [SELF-HEALING] Failed Locator: '//div[3]/input'.

2023-11-08 10:51:39 - [MESSAGE][INFO] - [SELF-HEALING] Failed Locator: '//input[@type = 'submit']'.

2023-11-08 10:51:39 - [MESSAGE][INFO] - [SELF-HEALING] Failed Locator: '//input[@value='Log In']'.

2023-11-08 10:51:39 - [MESSAGE][INFO] - [SELF-HEALING] Failed Locator: '//div[@id='loginPanel']/form/div[3]/input'.

2023-11-08 10:51:39 - [MESSAGE][INFO] - [SELF-HEALING] Failed Locator: '//div[3]/input'.

2023-11-08 10:51:39 - [MESSAGE][INFO] - [SELF-HEALING] Failed Locator: '//input[@type = 'submit']'.

2023-11-08 10:51:39 - [MESSAGE][INFO] - [SELF-HEALING] Failed Locator: '//input[@value='Log In']'.

2023-11-08 10:51:39 - [MESSAGE][INFO] - [SELF-HEALING] Failed Locator: '//div[@id='loginPanel']/form/div[3]/input'.

2023-11-08 10:51:39 - [MESSAGE][INFO] - [SELF-HEALING] Failed Locator: '//div[3]/input'.

2023-11-08 10:51:39 - [MESSAGE][INFO] - [SELF-HEALING] Failed Locator: '//input[@type = 'submit']'.

2023-11-08 10:51:39 - [MESSAGE][INFO] - [SELF-HEALING] Failed Locator: '//input[@value='Log In']'.

2023-11-08 10:51:39 - [MESSAGE][INFO] - [SELF-HEALING] Failed Locator: '//div[@id='loginPanel']/form/div[3]/input'.

2023-11-08 10:51:39 - [MESSAGE][INFO] - [SELF-HEALING] Failed Locator: '//div[3]/input'.

2023-11-08 10:51:39 - [MESSAGE][INFO] - [SELF-HEALING] Failed Locator: '//input[@type = 'submit']'.

2023-11-08 10:51:39 - [MESSAGE][INFO] - [SELF-HEALING] Failed Locator: '//input[@value='Log In']'.

2023-11-08 10:51:39 - [MESSAGE][INFO] - [SELF-HEALING] Failed Locator: '//div[@id='loginPanel']/form/div[3]/input'.

2023-11-08 10:51:39 - [MESSAGE][INFO] - [SELF-HEALING] Failed Locator: '//div[3]/input'.

2023-11-08 10:51:39 - [MESSAGE][INFO] - [SELF-HEALING] Failed Locator: '//input[@type = 'submit']'.

2023-11-08 10:51:40 - [MESSAGE][INFO] - Unable to find the element located by 'By.xpath: //*[@type = 'submit']'. Please recheck the objects properties to make sure the desired element is located. 

2023-11-08 10:51:41 - [MESSAGE][INFO] - Unable to find the element located by 'By.cssSelector: input.button'. Please recheck the objects properties to make sure the desired element is located. 

2023-11-08 10:51:41 - [MESSAGE][FAILED] - Unable to click on object 'Object Repository/Page_ParaBank  Welcome  Online Banking/btnLogin' (Root cause: com.kms.katalon.core.exception.StepFailedException: Unable to click on object 'Object Repository/Page_ParaBank  Welcome  Online Banking/btnLogin'
	at com.kms.katalon.core.webui.keyword.internal.WebUIKeywordMain.stepFailed(WebUIKeywordMain.groovy:64)
	at com.kms.katalon.core.webui.keyword.internal.WebUIKeywordMain.runKeyword(WebUIKeywordMain.groovy:26)
	at com.kms.katalon.core.webui.keyword.builtin.ClickKeyword.click(ClickKeyword.groovy:74)
	at com.kms.katalon.core.webui.keyword.builtin.ClickKeyword.execute(ClickKeyword.groovy:40)
	at com.kms.katalon.core.keyword.internal.KeywordExecutor.executeKeywordForPlatform(KeywordExecutor.groovy:74)
	at com.kms.katalon.core.webui.keyword.WebUiBuiltInKeywords.click(WebUiBuiltInKeywords.groovy:620)
	at Login.run(Login:27)
	at com.kms.katalon.core.main.ScriptEngine.run(ScriptEngine.java:194)
	at com.kms.katalon.core.main.ScriptEngine.runScriptAsRawText(ScriptEngine.java:119)
	at com.kms.katalon.core.main.TestCaseExecutor.runScript(TestCaseExecutor.java:448)
	at com.kms.katalon.core.main.TestCaseExecutor.doExecute(TestCaseExecutor.java:439)
	at com.kms.katalon.core.main.TestCaseExecutor.processExecutionPhase(TestCaseExecutor.java:418)
	at com.kms.katalon.core.main.TestCaseExecutor.accessMainPhase(TestCaseExecutor.java:410)
	at com.kms.katalon.core.main.TestCaseExecutor.execute(TestCaseExecutor.java:285)
	at com.kms.katalon.core.common.CommonExecutor.accessTestCaseMainPhase(CommonExecutor.java:65)
	at com.kms.katalon.core.main.TestSuiteExecutor.accessTestSuiteMainPhase(TestSuiteExecutor.java:148)
	at com.kms.katalon.core.main.TestSuiteExecutor.execute(TestSuiteExecutor.java:106)
	at com.kms.katalon.core.main.TestCaseMain.startTestSuite(TestCaseMain.java:187)
	at TempTestSuite1699458622452.run(TempTestSuite1699458622452.groovy:36)
	at java.base/jdk.internal.reflect.NativeMethodAccessorImpl.invoke0(Native Method)
	at java.base/jdk.internal.reflect.NativeMethodAccessorImpl.invoke(NativeMethodAccessorImpl.java:77)
	at java.base/jdk.internal.reflect.DelegatingMethodAccessorImpl.invoke(DelegatingMethodAccessorImpl.java:43)
Caused by: com.kms.katalon.core.webui.exception.WebElementNotFoundException: Web element with id: 'Object Repository/Page_ParaBank  Welcome  Online Banking/btnLogin' located by '//input[@value='Log In']' not found
	at com.kms.katalon.core.webui.common.WebUiCommonHelper.findWebElement(WebUiCommonHelper.java:1379)
	at com.kms.katalon.core.webui.keyword.internal.WebUIAbstractKeyword.findWebElement(WebUIAbstractKeyword.groovy:27)
	at com.kms.katalon.core.webui.keyword.builtin.ClickKeyword$_click_closure1.doCall(ClickKeyword.groovy:65)
	at com.kms.katalon.core.webui.keyword.builtin.ClickKeyword$_click_closure1.call(ClickKeyword.groovy)
	at com.kms.katalon.core.webui.keyword.internal.WebUIKeywordMain.runKeyword(WebUIKeywordMain.groovy:20)
	at com.kms.katalon.core.webui.keyword.builtin.ClickKeyword.click(ClickKeyword.groovy:74)
	at com.kms.katalon.core.webui.keyword.builtin.ClickKeyword.execute(ClickKeyword.groovy:40)
	at com.kms.katalon.core.keyword.internal.KeywordExecutor.executeKeywordForPlatform(KeywordExecutor.groovy:74)
	at com.kms.katalon.core.webui.keyword.WebUiBuiltInKeywords.click(WebUiBuiltInKeywords.groovy:620)
	at Script1698671419553.run(Script1698671419553.groovy:27)
	... 15 more
)
[[ATTACHMENT|C:\\Users\\GKOKABAYEVA\\Katalon Studio\\Parabank\\Reports\\20231108_105022\\Smoke Test Suites\\STS002 - Login verification\\20231108_105022\\1699458701594.png]]

2023-11-08 10:51:41 - [TEST_STEP][FAILED] - verifyElementText(findTestObject("Page_ParaBank  Accounts Overview/h1AccountsOverview"), expectedAccountsOverviewText): com.kms.katalon.core.webui.exception.WebElementNotFoundException: Web element with id: 'Object Repository/Page_ParaBank  Accounts Overview/h1AccountsOverview' located by '//div[@id='rightPanel']/div/div/h1' not found (Root cause: com.kms.katalon.core.exception.StepFailedException: com.kms.katalon.core.webui.exception.WebElementNotFoundException: Web element with id: 'Object Repository/Page_ParaBank  Accounts Overview/h1AccountsOverview' located by '//div[@id='rightPanel']/div/div/h1' not found
	at com.kms.katalon.core.webui.keyword.internal.WebUIKeywordMain.stepFailed(WebUIKeywordMain.groovy:64)
	at com.kms.katalon.core.webui.keyword.builtin.VerifyElementTextKeyword$_verifyElementText_closure1.doCall(VerifyElementTextKeyword.groovy:64)
	at com.kms.katalon.core.webui.keyword.builtin.VerifyElementTextKeyword$_verifyElementText_closure1.call(VerifyElementTextKeyword.groovy)
	at com.kms.katalon.core.webui.keyword.internal.WebUIKeywordMain.runKeyword(WebUIKeywordMain.groovy:20)
	at com.kms.katalon.core.webui.keyword.builtin.VerifyElementTextKeyword.verifyElementText(VerifyElementTextKeyword.groovy:72)
	at com.kms.katalon.core.webui.keyword.builtin.VerifyElementTextKeyword.execute(VerifyElementTextKeyword.groovy:40)
	at com.kms.katalon.core.keyword.internal.KeywordExecutor.executeKeywordForPlatform(KeywordExecutor.groovy:74)
	at com.kms.katalon.core.webui.keyword.WebUiBuiltInKeywords.verifyElementText(WebUiBuiltInKeywords.groovy:4796)
	at Login.run(Login:29)
	at com.kms.katalon.core.main.ScriptEngine.run(ScriptEngine.java:194)
	at com.kms.katalon.core.main.ScriptEngine.runScriptAsRawText(ScriptEngine.java:119)
	at com.kms.katalon.core.main.TestCaseExecutor.runScript(TestCaseExecutor.java:448)
	at com.kms.katalon.core.main.TestCaseExecutor.doExecute(TestCaseExecutor.java:439)
	at com.kms.katalon.core.main.TestCaseExecutor.processExecutionPhase(TestCaseExecutor.java:418)
	at com.kms.katalon.core.main.TestCaseExecutor.accessMainPhase(TestCaseExecutor.java:410)
	at com.kms.katalon.core.main.TestCaseExecutor.execute(TestCaseExecutor.java:285)
	at com.kms.katalon.core.common.CommonExecutor.accessTestCaseMainPhase(CommonExecutor.java:65)
	at com.kms.katalon.core.main.TestSuiteExecutor.accessTestSuiteMainPhase(TestSuiteExecutor.java:148)
	at com.kms.katalon.core.main.TestSuiteExecutor.execute(TestSuiteExecutor.java:106)
	at com.kms.katalon.core.main.TestCaseMain.startTestSuite(TestCaseMain.java:187)
	at TempTestSuite1699458622452.run(TempTestSuite1699458622452.groovy:36)
	at java.base/jdk.internal.reflect.NativeMethodAccessorImpl.invoke0(Native Method)
	at java.base/jdk.internal.reflect.NativeMethodAccessorImpl.invoke(NativeMethodAccessorImpl.java:77)
	at java.base/jdk.internal.reflect.DelegatingMethodAccessorImpl.invoke(DelegatingMethodAccessorImpl.java:43)
)

2023-11-08 10:52:12 - [MESSAGE][INFO] - Unable to find the element located by 'By.xpath: //div[@id='rightPanel']/div/div/h1'. Please recheck the objects properties to make sure the desired element is located. 

2023-11-08 10:52:12 - [MESSAGE][WARNING] - [SELF-HEALING] Failed to find element with id 'Object Repository/Page_ParaBank  Accounts Overview/h1AccountsOverview'. Try using Self-healing.

2023-11-08 10:52:12 - [MESSAGE][INFO] - [SELF-HEALING] Failed Locator: '//div[@id='rightPanel']/div/div/h1'.

2023-11-08 10:52:12 - [MESSAGE][INFO] - [SELF-HEALING] Failed Locator: '//h1'.

2023-11-08 10:52:12 - [MESSAGE][INFO] - [SELF-HEALING] Failed Locator: '//h1[(text() = 'Accounts Overview' or . = 'Accounts Overview')]'.

2023-11-08 10:52:12 - [MESSAGE][INFO] - [SELF-HEALING] Failed Locator: '//div[@id='rightPanel']/div/div/h1'.

2023-11-08 10:52:12 - [MESSAGE][INFO] - [SELF-HEALING] Failed Locator: '//h1'.

2023-11-08 10:52:12 - [MESSAGE][INFO] - [SELF-HEALING] Failed Locator: '//h1[(text() = 'Accounts Overview' or . = 'Accounts Overview')]'.

2023-11-08 10:52:12 - [MESSAGE][INFO] - [SELF-HEALING] Failed Locator: '//div[@id='rightPanel']/div/div/h1'.

2023-11-08 10:52:12 - [MESSAGE][INFO] - [SELF-HEALING] Failed Locator: '//h1'.

2023-11-08 10:52:12 - [MESSAGE][INFO] - [SELF-HEALING] Failed Locator: '//h1[(text() = 'Accounts Overview' or . = 'Accounts Overview')]'.

2023-11-08 10:52:12 - [MESSAGE][INFO] - [SELF-HEALING] Failed Locator: '//div[@id='rightPanel']/div/div/h1'.

2023-11-08 10:52:12 - [MESSAGE][INFO] - [SELF-HEALING] Failed Locator: '//h1'.

2023-11-08 10:52:12 - [MESSAGE][INFO] - [SELF-HEALING] Failed Locator: '//h1[(text() = 'Accounts Overview' or . = 'Accounts Overview')]'.

2023-11-08 10:52:12 - [MESSAGE][INFO] - [SELF-HEALING] Failed Locator: '//div[@id='rightPanel']/div/div/h1'.

2023-11-08 10:52:12 - [MESSAGE][INFO] - [SELF-HEALING] Failed Locator: '//h1'.

2023-11-08 10:52:12 - [MESSAGE][INFO] - [SELF-HEALING] Failed Locator: '//h1[(text() = 'Accounts Overview' or . = 'Accounts Overview')]'.

2023-11-08 10:52:13 - [MESSAGE][INFO] - [SELF-HEALING] Failed Locator: '//div[@id='rightPanel']/div/div/h1'.

2023-11-08 10:52:13 - [MESSAGE][INFO] - [SELF-HEALING] Failed Locator: '//h1'.

2023-11-08 10:52:13 - [MESSAGE][INFO] - [SELF-HEALING] Failed Locator: '//h1[(text() = 'Accounts Overview' or . = 'Accounts Overview')]'.

2023-11-08 10:52:13 - [MESSAGE][INFO] - [SELF-HEALING] Failed Locator: '//div[@id='rightPanel']/div/div/h1'.

2023-11-08 10:52:13 - [MESSAGE][INFO] - [SELF-HEALING] Failed Locator: '//h1'.

2023-11-08 10:52:13 - [MESSAGE][INFO] - [SELF-HEALING] Failed Locator: '//h1[(text() = 'Accounts Overview' or . = 'Accounts Overview')]'.

2023-11-08 10:52:13 - [MESSAGE][INFO] - [SELF-HEALING] Failed Locator: '//div[@id='rightPanel']/div/div/h1'.

2023-11-08 10:52:13 - [MESSAGE][INFO] - [SELF-HEALING] Failed Locator: '//h1'.

2023-11-08 10:52:13 - [MESSAGE][INFO] - [SELF-HEALING] Failed Locator: '//h1[(text() = 'Accounts Overview' or . = 'Accounts Overview')]'.

2023-11-08 10:52:13 - [MESSAGE][INFO] - [SELF-HEALING] Failed Locator: '//div[@id='rightPanel']/div/div/h1'.

2023-11-08 10:52:13 - [MESSAGE][INFO] - [SELF-HEALING] Failed Locator: '//h1'.

2023-11-08 10:52:13 - [MESSAGE][INFO] - [SELF-HEALING] Failed Locator: '//h1[(text() = 'Accounts Overview' or . = 'Accounts Overview')]'.

2023-11-08 10:52:13 - [MESSAGE][INFO] - [SELF-HEALING] Failed Locator: '//div[@id='rightPanel']/div/div/h1'.

2023-11-08 10:52:13 - [MESSAGE][INFO] - [SELF-HEALING] Failed Locator: '//h1'.

2023-11-08 10:52:13 - [MESSAGE][INFO] - [SELF-HEALING] Failed Locator: '//h1[(text() = 'Accounts Overview' or . = 'Accounts Overview')]'.

2023-11-08 10:52:13 - [MESSAGE][INFO] - [SELF-HEALING] Failed Locator: '//div[@id='rightPanel']/div/div/h1'.

2023-11-08 10:52:13 - [MESSAGE][INFO] - [SELF-HEALING] Failed Locator: '//h1'.

2023-11-08 10:52:13 - [MESSAGE][INFO] - [SELF-HEALING] Failed Locator: '//h1[(text() = 'Accounts Overview' or . = 'Accounts Overview')]'.

2023-11-08 10:52:13 - [MESSAGE][INFO] - [SELF-HEALING] Failed Locator: '//div[@id='rightPanel']/div/div/h1'.

2023-11-08 10:52:13 - [MESSAGE][INFO] - [SELF-HEALING] Failed Locator: '//h1'.

2023-11-08 10:52:13 - [MESSAGE][INFO] - [SELF-HEALING] Failed Locator: '//h1[(text() = 'Accounts Overview' or . = 'Accounts Overview')]'.

2023-11-08 10:52:13 - [MESSAGE][INFO] - [SELF-HEALING] Failed Locator: '//div[@id='rightPanel']/div/div/h1'.

2023-11-08 10:52:13 - [MESSAGE][INFO] - [SELF-HEALING] Failed Locator: '//h1'.

2023-11-08 10:52:13 - [MESSAGE][INFO] - [SELF-HEALING] Failed Locator: '//h1[(text() = 'Accounts Overview' or . = 'Accounts Overview')]'.

2023-11-08 10:52:13 - [MESSAGE][INFO] - [SELF-HEALING] Failed Locator: '//div[@id='rightPanel']/div/div/h1'.

2023-11-08 10:52:13 - [MESSAGE][INFO] - [SELF-HEALING] Failed Locator: '//h1'.

2023-11-08 10:52:13 - [MESSAGE][INFO] - [SELF-HEALING] Failed Locator: '//h1[(text() = 'Accounts Overview' or . = 'Accounts Overview')]'.

2023-11-08 10:52:13 - [MESSAGE][INFO] - [SELF-HEALING] Failed Locator: '//div[@id='rightPanel']/div/div/h1'.

2023-11-08 10:52:13 - [MESSAGE][INFO] - [SELF-HEALING] Failed Locator: '//h1'.

2023-11-08 10:52:13 - [MESSAGE][INFO] - [SELF-HEALING] Failed Locator: '//h1[(text() = 'Accounts Overview' or . = 'Accounts Overview')]'.

2023-11-08 10:52:13 - [MESSAGE][INFO] - [SELF-HEALING] Failed Locator: '//div[@id='rightPanel']/div/div/h1'.

2023-11-08 10:52:13 - [MESSAGE][INFO] - [SELF-HEALING] Failed Locator: '//h1'.

2023-11-08 10:52:13 - [MESSAGE][INFO] - [SELF-HEALING] Failed Locator: '//h1[(text() = 'Accounts Overview' or . = 'Accounts Overview')]'.

2023-11-08 10:52:13 - [MESSAGE][INFO] - [SELF-HEALING] Failed Locator: '//div[@id='rightPanel']/div/div/h1'.

2023-11-08 10:52:13 - [MESSAGE][INFO] - [SELF-HEALING] Failed Locator: '//h1'.

2023-11-08 10:52:13 - [MESSAGE][INFO] - [SELF-HEALING] Failed Locator: '//h1[(text() = 'Accounts Overview' or . = 'Accounts Overview')]'.

2023-11-08 10:52:13 - [MESSAGE][INFO] - [SELF-HEALING] Failed Locator: '//div[@id='rightPanel']/div/div/h1'.

2023-11-08 10:52:13 - [MESSAGE][INFO] - [SELF-HEALING] Failed Locator: '//h1'.

2023-11-08 10:52:13 - [MESSAGE][INFO] - [SELF-HEALING] Failed Locator: '//h1[(text() = 'Accounts Overview' or . = 'Accounts Overview')]'.

2023-11-08 10:52:13 - [MESSAGE][INFO] - [SELF-HEALING] Failed Locator: '//div[@id='rightPanel']/div/div/h1'.

2023-11-08 10:52:13 - [MESSAGE][INFO] - [SELF-HEALING] Failed Locator: '//h1'.

2023-11-08 10:52:13 - [MESSAGE][INFO] - [SELF-HEALING] Failed Locator: '//h1[(text() = 'Accounts Overview' or . = 'Accounts Overview')]'.

2023-11-08 10:52:13 - [MESSAGE][INFO] - [SELF-HEALING] Failed Locator: '//div[@id='rightPanel']/div/div/h1'.

2023-11-08 10:52:13 - [MESSAGE][INFO] - [SELF-HEALING] Failed Locator: '//h1'.

2023-11-08 10:52:13 - [MESSAGE][INFO] - [SELF-HEALING] Failed Locator: '//h1[(text() = 'Accounts Overview' or . = 'Accounts Overview')]'.

2023-11-08 10:52:13 - [MESSAGE][INFO] - [SELF-HEALING] Failed Locator: '//div[@id='rightPanel']/div/div/h1'.

2023-11-08 10:52:13 - [MESSAGE][INFO] - [SELF-HEALING] Failed Locator: '//h1'.

2023-11-08 10:52:13 - [MESSAGE][INFO] - [SELF-HEALING] Failed Locator: '//h1[(text() = 'Accounts Overview' or . = 'Accounts Overview')]'.

2023-11-08 10:52:14 - [MESSAGE][INFO] - Unable to find the element located by 'By.xpath: //*[(text() = 'Accounts Overview' or . = 'Accounts Overview')]'. Please recheck the objects properties to make sure the desired element is located. 

2023-11-08 10:52:15 - [MESSAGE][INFO] - Unable to find the element located by 'By.cssSelector: h1.title'. Please recheck the objects properties to make sure the desired element is located. 

2023-11-08 10:52:15 - [MESSAGE][FAILED] - com.kms.katalon.core.webui.exception.WebElementNotFoundException: Web element with id: 'Object Repository/Page_ParaBank  Accounts Overview/h1AccountsOverview' located by '//div[@id='rightPanel']/div/div/h1' not found (Root cause: com.kms.katalon.core.exception.StepFailedException: com.kms.katalon.core.webui.exception.WebElementNotFoundException: Web element with id: 'Object Repository/Page_ParaBank  Accounts Overview/h1AccountsOverview' located by '//div[@id='rightPanel']/div/div/h1' not found
	at com.kms.katalon.core.webui.keyword.internal.WebUIKeywordMain.stepFailed(WebUIKeywordMain.groovy:64)
	at com.kms.katalon.core.webui.keyword.builtin.VerifyElementTextKeyword$_verifyElementText_closure1.doCall(VerifyElementTextKeyword.groovy:64)
	at com.kms.katalon.core.webui.keyword.builtin.VerifyElementTextKeyword$_verifyElementText_closure1.call(VerifyElementTextKeyword.groovy)
	at com.kms.katalon.core.webui.keyword.internal.WebUIKeywordMain.runKeyword(WebUIKeywordMain.groovy:20)
	at com.kms.katalon.core.webui.keyword.builtin.VerifyElementTextKeyword.verifyElementText(VerifyElementTextKeyword.groovy:72)
	at com.kms.katalon.core.webui.keyword.builtin.VerifyElementTextKeyword.execute(VerifyElementTextKeyword.groovy:40)
	at com.kms.katalon.core.keyword.internal.KeywordExecutor.executeKeywordForPlatform(KeywordExecutor.groovy:74)
	at com.kms.katalon.core.webui.keyword.WebUiBuiltInKeywords.verifyElementText(WebUiBuiltInKeywords.groovy:4796)
	at Login.run(Login:29)
	at com.kms.katalon.core.main.ScriptEngine.run(ScriptEngine.java:194)
	at com.kms.katalon.core.main.ScriptEngine.runScriptAsRawText(ScriptEngine.java:119)
	at com.kms.katalon.core.main.TestCaseExecutor.runScript(TestCaseExecutor.java:448)
	at com.kms.katalon.core.main.TestCaseExecutor.doExecute(TestCaseExecutor.java:439)
	at com.kms.katalon.core.main.TestCaseExecutor.processExecutionPhase(TestCaseExecutor.java:418)
	at com.kms.katalon.core.main.TestCaseExecutor.accessMainPhase(TestCaseExecutor.java:410)
	at com.kms.katalon.core.main.TestCaseExecutor.execute(TestCaseExecutor.java:285)
	at com.kms.katalon.core.common.CommonExecutor.accessTestCaseMainPhase(CommonExecutor.java:65)
	at com.kms.katalon.core.main.TestSuiteExecutor.accessTestSuiteMainPhase(TestSuiteExecutor.java:148)
	at com.kms.katalon.core.main.TestSuiteExecutor.execute(TestSuiteExecutor.java:106)
	at com.kms.katalon.core.main.TestCaseMain.startTestSuite(TestCaseMain.java:187)
	at TempTestSuite1699458622452.run(TempTestSuite1699458622452.groovy:36)
	at java.base/jdk.internal.reflect.NativeMethodAccessorImpl.invoke0(Native Method)
	at java.base/jdk.internal.reflect.NativeMethodAccessorImpl.invoke(NativeMethodAccessorImpl.java:77)
	at java.base/jdk.internal.reflect.DelegatingMethodAccessorImpl.invoke(DelegatingMethodAccessorImpl.java:43)
)
[[ATTACHMENT|C:\\Users\\GKOKABAYEVA\\Katalon Studio\\Parabank\\Reports\\20231108_105022\\Smoke Test Suites\\STS002 - Login verification\\20231108_105022\\1699458735799.png]]]]></system-out>
         <system-err><![CDATA[2023-11-08 10:50:28 - [TEST_CASE][FAILED] - Test Cases/Reusable Test Cases/Login: Test Cases/Reusable Test Cases/Login FAILED.
Reason:
com.kms.katalon.core.exception.StepFailedException: Unable to set text 'null' of object 'Object Repository/Page_ParaBank  Welcome  Online Banking/txtUsername' (Root cause: com.kms.katalon.core.exception.StepFailedException: Unable to set text 'null' of object 'Object Repository/Page_ParaBank  Welcome  Online Banking/txtUsername'
	at com.kms.katalon.core.webui.keyword.internal.WebUIKeywordMain.stepFailed(WebUIKeywordMain.groovy:64)
	at com.kms.katalon.core.webui.keyword.internal.WebUIKeywordMain.runKeyword(WebUIKeywordMain.groovy:26)
	at com.kms.katalon.core.webui.keyword.builtin.SetTextKeyword.setText(SetTextKeyword.groovy:66)
	at com.kms.katalon.core.webui.keyword.builtin.SetTextKeyword.execute(SetTextKeyword.groovy:37)
	at com.kms.katalon.core.keyword.internal.KeywordExecutor.executeKeywordForPlatform(KeywordExecutor.groovy:74)
	at com.kms.katalon.core.webui.keyword.WebUiBuiltInKeywords.setText(WebUiBuiltInKeywords.groovy:980)
	at Login.run(Login:22)
	at com.kms.katalon.core.main.ScriptEngine.run(ScriptEngine.java:194)
	at com.kms.katalon.core.main.ScriptEngine.runScriptAsRawText(ScriptEngine.java:119)
	at com.kms.katalon.core.main.TestCaseExecutor.runScript(TestCaseExecutor.java:448)
	at com.kms.katalon.core.main.TestCaseExecutor.doExecute(TestCaseExecutor.java:439)
	at com.kms.katalon.core.main.TestCaseExecutor.processExecutionPhase(TestCaseExecutor.java:418)
	at com.kms.katalon.core.main.TestCaseExecutor.accessMainPhase(TestCaseExecutor.java:410)
	at com.kms.katalon.core.main.TestCaseExecutor.execute(TestCaseExecutor.java:285)
	at com.kms.katalon.core.common.CommonExecutor.accessTestCaseMainPhase(CommonExecutor.java:65)
	at com.kms.katalon.core.main.TestSuiteExecutor.accessTestSuiteMainPhase(TestSuiteExecutor.java:148)
	at com.kms.katalon.core.main.TestSuiteExecutor.execute(TestSuiteExecutor.java:106)
	at com.kms.katalon.core.main.TestCaseMain.startTestSuite(TestCaseMain.java:187)
	at TempTestSuite1699458622452.run(TempTestSuite1699458622452.groovy:36)
	at java.base/jdk.internal.reflect.NativeMethodAccessorImpl.invoke0(Native Method)
	at java.base/jdk.internal.reflect.NativeMethodAccessorImpl.invoke(NativeMethodAccessorImpl.java:77)
	at java.base/jdk.internal.reflect.DelegatingMethodAccessorImpl.invoke(DelegatingMethodAccessorImpl.java:43)
Caused by: java.lang.IllegalArgumentException: Text is null
	at com.kms.katalon.core.webui.keyword.builtin.SetTextKeyword$_setText_closure1.doCall(SetTextKeyword.groovy:48)
	at com.kms.katalon.core.webui.keyword.builtin.SetTextKeyword$_setText_closure1.call(SetTextKeyword.groovy)
	at com.kms.katalon.core.webui.keyword.internal.WebUIKeywordMain.runKeyword(WebUIKeywordMain.groovy:20)
	at com.kms.katalon.core.webui.keyword.builtin.SetTextKeyword.setText(SetTextKeyword.groovy:66)
	at com.kms.katalon.core.webui.keyword.builtin.SetTextKeyword.execute(SetTextKeyword.groovy:37)
	at com.kms.katalon.core.keyword.internal.KeywordExecutor.executeKeywordForPlatform(KeywordExecutor.groovy:74)
	at com.kms.katalon.core.webui.keyword.WebUiBuiltInKeywords.setText(WebUiBuiltInKeywords.groovy:980)
	at Script1698671419553.run(Script1698671419553.groovy:22)
	... 15 more
)
	at com.kms.katalon.core.keyword.internal.KeywordMain.stepFailed(KeywordMain.groovy:39)
	at com.kms.katalon.core.webui.keyword.internal.WebUIKeywordMain.stepFailed(WebUIKeywordMain.groovy:64)
	at com.kms.katalon.core.webui.keyword.internal.WebUIKeywordMain.runKeyword(WebUIKeywordMain.groovy:26)
	at com.kms.katalon.core.webui.keyword.builtin.SetTextKeyword.setText(SetTextKeyword.groovy:66)
	at com.kms.katalon.core.webui.keyword.builtin.SetTextKeyword.execute(SetTextKeyword.groovy:37)
	at com.kms.katalon.core.keyword.internal.KeywordExecutor.executeKeywordForPlatform(KeywordExecutor.groovy:74)
	at com.kms.katalon.core.webui.keyword.WebUiBuiltInKeywords.setText(WebUiBuiltInKeywords.groovy:980)
	at Login.run(Login:22)
	at com.kms.katalon.core.main.ScriptEngine.run(ScriptEngine.java:194)
	at com.kms.katalon.core.main.ScriptEngine.runScriptAsRawText(ScriptEngine.java:119)
	at com.kms.katalon.core.main.TestCaseExecutor.runScript(TestCaseExecutor.java:448)
	at com.kms.katalon.core.main.TestCaseExecutor.doExecute(TestCaseExecutor.java:439)
	at com.kms.katalon.core.main.TestCaseExecutor.processExecutionPhase(TestCaseExecutor.java:418)
	at com.kms.katalon.core.main.TestCaseExecutor.accessMainPhase(TestCaseExecutor.java:410)
	at com.kms.katalon.core.main.TestCaseExecutor.execute(TestCaseExecutor.java:285)
	at com.kms.katalon.core.common.CommonExecutor.accessTestCaseMainPhase(CommonExecutor.java:65)
	at com.kms.katalon.core.main.TestSuiteExecutor.accessTestSuiteMainPhase(TestSuiteExecutor.java:148)
	at com.kms.katalon.core.main.TestSuiteExecutor.execute(TestSuiteExecutor.java:106)
	at com.kms.katalon.core.main.TestCaseMain.startTestSuite(TestCaseMain.java:187)
	at TempTestSuite1699458622452.run(TempTestSuite1699458622452.groovy:36)
	at java.base/jdk.internal.reflect.NativeMethodAccessorImpl.invoke0(Native Method)
	at java.base/jdk.internal.reflect.NativeMethodAccessorImpl.invoke(NativeMethodAccessorImpl.java:77)
	at java.base/jdk.internal.reflect.DelegatingMethodAccessorImpl.invoke(DelegatingMethodAccessorImpl.java:43)
Caused by: com.kms.katalon.core.exception.StepFailedException: Unable to set text 'null' of object 'Object Repository/Page_ParaBank  Welcome  Online Banking/txtUsername'
	... 22 more
Caused by: java.lang.IllegalArgumentException: Text is null
	at com.kms.katalon.core.webui.keyword.builtin.SetTextKeyword$_setText_closure1.doCall(SetTextKeyword.groovy:48)
	at com.kms.katalon.core.webui.keyword.builtin.SetTextKeyword$_setText_closure1.call(SetTextKeyword.groovy)
	at com.kms.katalon.core.webui.keyword.internal.WebUIKeywordMain.runKeyword(WebUIKeywordMain.groovy:20)
	... 20 more]]></system-err>
      </testcase>
      <testcase name="Test Cases/Main Test Cases/MTC003 - Forgot login" time="378.457" classname="Test Cases/Main Test Cases/MTC003 - Forgot login" status="FAILED">
         <failure type="FAILED" message="Test Cases/Main Test Cases/MTC003 - Forgot login FAILED.&#xa;Reason:&#xa;com.kms.katalon.core.exception.StepFailedException: Unable to click on object 'Object Repository/Page_ParaBank  Welcome  Online Banking/lkForgotLoginInfo' (Root cause: com.kms.katalon.core.exception.StepFailedException: Unable to click on object 'Object Repository/Page_ParaBank  Welcome  Online Banking/lkForgotLoginInfo'&#xa;	at com.kms.katalon.core.webui.keyword.internal.WebUIKeywordMain.stepFailed(WebUIKeywordMain.groovy:64)&#xa;	at com.kms.katalon.core.webui.keyword.internal.WebUIKeywordMain.runKeyword(WebUIKeywordMain.groovy:26)&#xa;	at com.kms.katalon.core.webui.keyword.builtin.ClickKeyword.click(ClickKeyword.groovy:74)&#xa;	at com.kms.katalon.core.webui.keyword.builtin.ClickKeyword.execute(ClickKeyword.groovy:40)&#xa;	at com.kms.katalon.core.keyword.internal.KeywordExecutor.executeKeywordForPlatform(KeywordExecutor.groovy:74)&#xa;	at com.kms.katalon.core.webui.keyword.WebUiBuiltInKeywords.click(WebUiBuiltInKeywords.groovy:620)&#xa;	at MTC003 - Forgot login.run(MTC003 - Forgot login:22)&#xa;	at com.kms.katalon.core.main.ScriptEngine.run(ScriptEngine.java:194)&#xa;	at com.kms.katalon.core.main.ScriptEngine.runScriptAsRawText(ScriptEngine.java:119)&#xa;	at com.kms.katalon.core.main.TestCaseExecutor.runScript(TestCaseExecutor.java:448)&#xa;	at com.kms.katalon.core.main.TestCaseExecutor.doExecute(TestCaseExecutor.java:439)&#xa;	at com.kms.katalon.core.main.TestCaseExecutor.processExecutionPhase(TestCaseExecutor.java:418)&#xa;	at com.kms.katalon.core.main.TestCaseExecutor.accessMainPhase(TestCaseExecutor.java:410)&#xa;	at com.kms.katalon.core.main.TestCaseExecutor.execute(TestCaseExecutor.java:285)&#xa;	at com.kms.katalon.core.common.CommonExecutor.accessTestCaseMainPhase(CommonExecutor.java:65)&#xa;	at com.kms.katalon.core.main.TestSuiteExecutor.accessTestSuiteMainPhase(TestSuiteExecutor.java:148)&#xa;	at com.kms.katalon.core.main.TestSuiteExecutor.execute(TestSuiteExecutor.java:106)&#xa;	at com.kms.katalon.core.main.TestCaseMain.startTestSuite(TestCaseMain.java:187)&#xa;	at TempTestSuite1699458622452.run(TempTestSuite1699458622452.groovy:36)&#xa;	at java.base/jdk.internal.reflect.NativeMethodAccessorImpl.invoke0(Native Method)&#xa;	at java.base/jdk.internal.reflect.NativeMethodAccessorImpl.invoke(NativeMethodAccessorImpl.java:77)&#xa;	at java.base/jdk.internal.reflect.DelegatingMethodAccessorImpl.invoke(DelegatingMethodAccessorImpl.java:43)&#xa;Caused by: com.kms.katalon.core.webui.exception.WebElementNotFoundException: Web element with id: 'Object Repository/Page_ParaBank  Welcome  Online Banking/lkForgotLoginInfo' located by '//div[@id='loginPanel']/p/a' not found&#xa;	at com.kms.katalon.core.webui.common.WebUiCommonHelper.findWebElement(WebUiCommonHelper.java:1379)&#xa;	at com.kms.katalon.core.webui.keyword.internal.WebUIAbstractKeyword.findWebElement(WebUIAbstractKeyword.groovy:27)&#xa;	at com.kms.katalon.core.webui.keyword.builtin.ClickKeyword$_click_closure1.doCall(ClickKeyword.groovy:65)&#xa;	at com.kms.katalon.core.webui.keyword.builtin.ClickKeyword$_click_closure1.call(ClickKeyword.groovy)&#xa;	at com.kms.katalon.core.webui.keyword.internal.WebUIKeywordMain.runKeyword(WebUIKeywordMain.groovy:20)&#xa;	at com.kms.katalon.core.webui.keyword.builtin.ClickKeyword.click(ClickKeyword.groovy:74)&#xa;	at com.kms.katalon.core.webui.keyword.builtin.ClickKeyword.execute(ClickKeyword.groovy:40)&#xa;	at com.kms.katalon.core.keyword.internal.KeywordExecutor.executeKeywordForPlatform(KeywordExecutor.groovy:74)&#xa;	at com.kms.katalon.core.webui.keyword.WebUiBuiltInKeywords.click(WebUiBuiltInKeywords.groovy:620)&#xa;	at Script1698861099852.run(Script1698861099852.groovy:22)&#xa;	... 15 more&#xa;)&#xa;	at com.kms.katalon.core.keyword.internal.KeywordMain.stepFailed(KeywordMain.groovy:39)&#xa;	at com.kms.katalon.core.webui.keyword.internal.WebUIKeywordMain.stepFailed(WebUIKeywordMain.groovy:64)&#xa;	at com.kms.katalon.core.webui.keyword.internal.WebUIKeywordMain.runKeyword(WebUIKeywordMain.groovy:26)&#xa;	at com.kms.katalon.core.webui.keyword.builtin.ClickKeyword.click(ClickKeyword.groovy:74)&#xa;	at com.kms.katalon.core.webui.keyword.builtin.ClickKeyword.execute(ClickKeyword.groovy:40)&#xa;	at com.kms.katalon.core.keyword.internal.KeywordExecutor.executeKeywordForPlatform(KeywordExecutor.groovy:74)&#xa;	at com.kms.katalon.core.webui.keyword.WebUiBuiltInKeywords.click(WebUiBuiltInKeywords.groovy:620)&#xa;	at MTC003 - Forgot login.run(MTC003 - Forgot login:22)&#xa;	at com.kms.katalon.core.main.ScriptEngine.run(ScriptEngine.java:194)&#xa;	at com.kms.katalon.core.main.ScriptEngine.runScriptAsRawText(ScriptEngine.java:119)&#xa;	at com.kms.katalon.core.main.TestCaseExecutor.runScript(TestCaseExecutor.java:448)&#xa;	at com.kms.katalon.core.main.TestCaseExecutor.doExecute(TestCaseExecutor.java:439)&#xa;	at com.kms.katalon.core.main.TestCaseExecutor.processExecutionPhase(TestCaseExecutor.java:418)&#xa;	at com.kms.katalon.core.main.TestCaseExecutor.accessMainPhase(TestCaseExecutor.java:410)&#xa;	at com.kms.katalon.core.main.TestCaseExecutor.execute(TestCaseExecutor.java:285)&#xa;	at com.kms.katalon.core.common.CommonExecutor.accessTestCaseMainPhase(CommonExecutor.java:65)&#xa;	at com.kms.katalon.core.main.TestSuiteExecutor.accessTestSuiteMainPhase(TestSuiteExecutor.java:148)&#xa;	at com.kms.katalon.core.main.TestSuiteExecutor.execute(TestSuiteExecutor.java:106)&#xa;	at com.kms.katalon.core.main.TestCaseMain.startTestSuite(TestCaseMain.java:187)&#xa;	at TempTestSuite1699458622452.run(TempTestSuite1699458622452.groovy:36)&#xa;	at java.base/jdk.internal.reflect.NativeMethodAccessorImpl.invoke0(Native Method)&#xa;	at java.base/jdk.internal.reflect.NativeMethodAccessorImpl.invoke(NativeMethodAccessorImpl.java:77)&#xa;	at java.base/jdk.internal.reflect.DelegatingMethodAccessorImpl.invoke(DelegatingMethodAccessorImpl.java:43)&#xa;Caused by: com.kms.katalon.core.exception.StepFailedException: Unable to click on object 'Object Repository/Page_ParaBank  Welcome  Online Banking/lkForgotLoginInfo'&#xa;	... 22 more&#xa;Caused by: com.kms.katalon.core.webui.exception.WebElementNotFoundException: Web element with id: 'Object Repository/Page_ParaBank  Welcome  Online Banking/lkForgotLoginInfo' located by '//div[@id='loginPanel']/p/a' not found&#xa;	at com.kms.katalon.core.webui.common.WebUiCommonHelper.findWebElement(WebUiCommonHelper.java:1379)&#xa;	at com.kms.katalon.core.webui.keyword.internal.WebUIAbstractKeyword.findWebElement(WebUIAbstractKeyword.groovy:27)&#xa;	at com.kms.katalon.core.webui.keyword.builtin.ClickKeyword$_click_closure1.doCall(ClickKeyword.groovy:65)&#xa;	at com.kms.katalon.core.webui.keyword.builtin.ClickKeyword$_click_closure1.call(ClickKeyword.groovy)&#xa;	at com.kms.katalon.core.webui.keyword.internal.WebUIKeywordMain.runKeyword(WebUIKeywordMain.groovy:20)&#xa;	... 20 more&#xa;"/>
         <system-out><![CDATA[2023-11-08 10:52:15 - [TEST_CASE][FAILED] - Test Cases/Main Test Cases/MTC003 - Forgot login: Test Cases/Main Test Cases/MTC003 - Forgot login FAILED.
Reason:
com.kms.katalon.core.exception.StepFailedException: Unable to click on object 'Object Repository/Page_ParaBank  Welcome  Online Banking/lkForgotLoginInfo' (Root cause: com.kms.katalon.core.exception.StepFailedException: Unable to click on object 'Object Repository/Page_ParaBank  Welcome  Online Banking/lkForgotLoginInfo'
	at com.kms.katalon.core.webui.keyword.internal.WebUIKeywordMain.stepFailed(WebUIKeywordMain.groovy:64)
	at com.kms.katalon.core.webui.keyword.internal.WebUIKeywordMain.runKeyword(WebUIKeywordMain.groovy:26)
	at com.kms.katalon.core.webui.keyword.builtin.ClickKeyword.click(ClickKeyword.groovy:74)
	at com.kms.katalon.core.webui.keyword.builtin.ClickKeyword.execute(ClickKeyword.groovy:40)
	at com.kms.katalon.core.keyword.internal.KeywordExecutor.executeKeywordForPlatform(KeywordExecutor.groovy:74)
	at com.kms.katalon.core.webui.keyword.WebUiBuiltInKeywords.click(WebUiBuiltInKeywords.groovy:620)
	at MTC003 - Forgot login.run(MTC003 - Forgot login:22)
	at com.kms.katalon.core.main.ScriptEngine.run(ScriptEngine.java:194)
	at com.kms.katalon.core.main.ScriptEngine.runScriptAsRawText(ScriptEngine.java:119)
	at com.kms.katalon.core.main.TestCaseExecutor.runScript(TestCaseExecutor.java:448)
	at com.kms.katalon.core.main.TestCaseExecutor.doExecute(TestCaseExecutor.java:439)
	at com.kms.katalon.core.main.TestCaseExecutor.processExecutionPhase(TestCaseExecutor.java:418)
	at com.kms.katalon.core.main.TestCaseExecutor.accessMainPhase(TestCaseExecutor.java:410)
	at com.kms.katalon.core.main.TestCaseExecutor.execute(TestCaseExecutor.java:285)
	at com.kms.katalon.core.common.CommonExecutor.accessTestCaseMainPhase(CommonExecutor.java:65)
	at com.kms.katalon.core.main.TestSuiteExecutor.accessTestSuiteMainPhase(TestSuiteExecutor.java:148)
	at com.kms.katalon.core.main.TestSuiteExecutor.execute(TestSuiteExecutor.java:106)
	at com.kms.katalon.core.main.TestCaseMain.startTestSuite(TestCaseMain.java:187)
	at TempTestSuite1699458622452.run(TempTestSuite1699458622452.groovy:36)
	at java.base/jdk.internal.reflect.NativeMethodAccessorImpl.invoke0(Native Method)
	at java.base/jdk.internal.reflect.NativeMethodAccessorImpl.invoke(NativeMethodAccessorImpl.java:77)
	at java.base/jdk.internal.reflect.DelegatingMethodAccessorImpl.invoke(DelegatingMethodAccessorImpl.java:43)
Caused by: com.kms.katalon.core.webui.exception.WebElementNotFoundException: Web element with id: 'Object Repository/Page_ParaBank  Welcome  Online Banking/lkForgotLoginInfo' located by '//div[@id='loginPanel']/p/a' not found
	at com.kms.katalon.core.webui.common.WebUiCommonHelper.findWebElement(WebUiCommonHelper.java:1379)
	at com.kms.katalon.core.webui.keyword.internal.WebUIAbstractKeyword.findWebElement(WebUIAbstractKeyword.groovy:27)
	at com.kms.katalon.core.webui.keyword.builtin.ClickKeyword$_click_closure1.doCall(ClickKeyword.groovy:65)
	at com.kms.katalon.core.webui.keyword.builtin.ClickKeyword$_click_closure1.call(ClickKeyword.groovy)
	at com.kms.katalon.core.webui.keyword.internal.WebUIKeywordMain.runKeyword(WebUIKeywordMain.groovy:20)
	at com.kms.katalon.core.webui.keyword.builtin.ClickKeyword.click(ClickKeyword.groovy:74)
	at com.kms.katalon.core.webui.keyword.builtin.ClickKeyword.execute(ClickKeyword.groovy:40)
	at com.kms.katalon.core.keyword.internal.KeywordExecutor.executeKeywordForPlatform(KeywordExecutor.groovy:74)
	at com.kms.katalon.core.webui.keyword.WebUiBuiltInKeywords.click(WebUiBuiltInKeywords.groovy:620)
	at Script1698861099852.run(Script1698861099852.groovy:22)
	... 15 more
)
	at com.kms.katalon.core.keyword.internal.KeywordMain.stepFailed(KeywordMain.groovy:39)
	at com.kms.katalon.core.webui.keyword.internal.WebUIKeywordMain.stepFailed(WebUIKeywordMain.groovy:64)
	at com.kms.katalon.core.webui.keyword.internal.WebUIKeywordMain.runKeyword(WebUIKeywordMain.groovy:26)
	at com.kms.katalon.core.webui.keyword.builtin.ClickKeyword.click(ClickKeyword.groovy:74)
	at com.kms.katalon.core.webui.keyword.builtin.ClickKeyword.execute(ClickKeyword.groovy:40)
	at com.kms.katalon.core.keyword.internal.KeywordExecutor.executeKeywordForPlatform(KeywordExecutor.groovy:74)
	at com.kms.katalon.core.webui.keyword.WebUiBuiltInKeywords.click(WebUiBuiltInKeywords.groovy:620)
	at MTC003 - Forgot login.run(MTC003 - Forgot login:22)
	at com.kms.katalon.core.main.ScriptEngine.run(ScriptEngine.java:194)
	at com.kms.katalon.core.main.ScriptEngine.runScriptAsRawText(ScriptEngine.java:119)
	at com.kms.katalon.core.main.TestCaseExecutor.runScript(TestCaseExecutor.java:448)
	at com.kms.katalon.core.main.TestCaseExecutor.doExecute(TestCaseExecutor.java:439)
	at com.kms.katalon.core.main.TestCaseExecutor.processExecutionPhase(TestCaseExecutor.java:418)
	at com.kms.katalon.core.main.TestCaseExecutor.accessMainPhase(TestCaseExecutor.java:410)
	at com.kms.katalon.core.main.TestCaseExecutor.execute(TestCaseExecutor.java:285)
	at com.kms.katalon.core.common.CommonExecutor.accessTestCaseMainPhase(CommonExecutor.java:65)
	at com.kms.katalon.core.main.TestSuiteExecutor.accessTestSuiteMainPhase(TestSuiteExecutor.java:148)
	at com.kms.katalon.core.main.TestSuiteExecutor.execute(TestSuiteExecutor.java:106)
	at com.kms.katalon.core.main.TestCaseMain.startTestSuite(TestCaseMain.java:187)
	at TempTestSuite1699458622452.run(TempTestSuite1699458622452.groovy:36)
	at java.base/jdk.internal.reflect.NativeMethodAccessorImpl.invoke0(Native Method)
	at java.base/jdk.internal.reflect.NativeMethodAccessorImpl.invoke(NativeMethodAccessorImpl.java:77)
	at java.base/jdk.internal.reflect.DelegatingMethodAccessorImpl.invoke(DelegatingMethodAccessorImpl.java:43)
Caused by: com.kms.katalon.core.exception.StepFailedException: Unable to click on object 'Object Repository/Page_ParaBank  Welcome  Online Banking/lkForgotLoginInfo'
	... 22 more
Caused by: com.kms.katalon.core.webui.exception.WebElementNotFoundException: Web element with id: 'Object Repository/Page_ParaBank  Welcome  Online Banking/lkForgotLoginInfo' located by '//div[@id='loginPanel']/p/a' not found
	at com.kms.katalon.core.webui.common.WebUiCommonHelper.findWebElement(WebUiCommonHelper.java:1379)
	at com.kms.katalon.core.webui.keyword.internal.WebUIAbstractKeyword.findWebElement(WebUIAbstractKeyword.groovy:27)
	at com.kms.katalon.core.webui.keyword.builtin.ClickKeyword$_click_closure1.doCall(ClickKeyword.groovy:65)
	at com.kms.katalon.core.webui.keyword.builtin.ClickKeyword$_click_closure1.call(ClickKeyword.groovy)
	at com.kms.katalon.core.webui.keyword.internal.WebUIKeywordMain.runKeyword(WebUIKeywordMain.groovy:20)
	... 20 more


2023-11-08 10:52:16 - [TEST_STEP][PASSED] - callTestCase(findTestCase("Reusable Test Cases/Open the webapp"), [:], CONTINUE_ON_FAILURE): Call Test Case 'Test Cases/Reusable Test Cases/Open the webapp' successfully

2023-11-08 10:52:16 - [TEST_CASE][PASSED] - Test Cases/Reusable Test Cases/Open the webapp: Test Cases/Reusable Test Cases/Open the webapp

2023-11-08 10:52:16 - [TEST_STEP][PASSED] - openBrowser(URL): Browser is opened with url: 'null'

2023-11-08 10:52:16 - [MESSAGE][WARNING] - A browser is already opened. Closing browser and opening a new one

2023-11-08 10:52:16 - [MESSAGE][INFO] - Starting 'Chrome (headless)' driver

2023-11-08 10:52:16 - [MESSAGE][INFO] - User set preference: ['property', '--window-size=1500,1000']

2023-11-08 10:52:16 - [MESSAGE][INFO] - User set preference: ['PATH', 'C:\Users\GKOKABAYEVA\Documents\Katalon training\ffmpeg-6.0']

2023-11-08 10:52:16 - [MESSAGE][INFO] - Action delay is set to 0 milliseconds

2023-11-08 10:52:18 - [MESSAGE][WARNING] - FFmpeg was not installed! Browser Recording will be disabled. Please follow this document to install FFmpeg first: https://docs.katalon.com/katalon-studio/docs/screenshots-videos.html#browser-based-recorder

2023-11-08 10:52:18 - [MESSAGE][PASSED] - Browser is opened with url: 'null'

2023-11-08 10:52:18 - [TEST_STEP][PASSED] - maximizeWindow(): Current window maximized

2023-11-08 10:52:18 - [MESSAGE][PASSED] - Current window maximized

2023-11-08 10:52:18 - [MESSAGE][PASSED] - Call Test Case 'Test Cases/Reusable Test Cases/Open the webapp' successfully

2023-11-08 10:52:18 - [TEST_STEP][FAILED] - click(findTestObject("Object Repository/Page_ParaBank  Welcome  Online Banking/lkForgotLoginInfo")): Unable to click on object 'Object Repository/Page_ParaBank  Welcome  Online Banking/lkForgotLoginInfo' (Root cause: com.kms.katalon.core.exception.StepFailedException: Unable to click on object 'Object Repository/Page_ParaBank  Welcome  Online Banking/lkForgotLoginInfo'
	at com.kms.katalon.core.webui.keyword.internal.WebUIKeywordMain.stepFailed(WebUIKeywordMain.groovy:64)
	at com.kms.katalon.core.webui.keyword.internal.WebUIKeywordMain.runKeyword(WebUIKeywordMain.groovy:26)
	at com.kms.katalon.core.webui.keyword.builtin.ClickKeyword.click(ClickKeyword.groovy:74)
	at com.kms.katalon.core.webui.keyword.builtin.ClickKeyword.execute(ClickKeyword.groovy:40)
	at com.kms.katalon.core.keyword.internal.KeywordExecutor.executeKeywordForPlatform(KeywordExecutor.groovy:74)
	at com.kms.katalon.core.webui.keyword.WebUiBuiltInKeywords.click(WebUiBuiltInKeywords.groovy:620)
	at MTC003 - Forgot login.run(MTC003 - Forgot login:22)
	at com.kms.katalon.core.main.ScriptEngine.run(ScriptEngine.java:194)
	at com.kms.katalon.core.main.ScriptEngine.runScriptAsRawText(ScriptEngine.java:119)
	at com.kms.katalon.core.main.TestCaseExecutor.runScript(TestCaseExecutor.java:448)
	at com.kms.katalon.core.main.TestCaseExecutor.doExecute(TestCaseExecutor.java:439)
	at com.kms.katalon.core.main.TestCaseExecutor.processExecutionPhase(TestCaseExecutor.java:418)
	at com.kms.katalon.core.main.TestCaseExecutor.accessMainPhase(TestCaseExecutor.java:410)
	at com.kms.katalon.core.main.TestCaseExecutor.execute(TestCaseExecutor.java:285)
	at com.kms.katalon.core.common.CommonExecutor.accessTestCaseMainPhase(CommonExecutor.java:65)
	at com.kms.katalon.core.main.TestSuiteExecutor.accessTestSuiteMainPhase(TestSuiteExecutor.java:148)
	at com.kms.katalon.core.main.TestSuiteExecutor.execute(TestSuiteExecutor.java:106)
	at com.kms.katalon.core.main.TestCaseMain.startTestSuite(TestCaseMain.java:187)
	at TempTestSuite1699458622452.run(TempTestSuite1699458622452.groovy:36)
	at java.base/jdk.internal.reflect.NativeMethodAccessorImpl.invoke0(Native Method)
	at java.base/jdk.internal.reflect.NativeMethodAccessorImpl.invoke(NativeMethodAccessorImpl.java:77)
	at java.base/jdk.internal.reflect.DelegatingMethodAccessorImpl.invoke(DelegatingMethodAccessorImpl.java:43)
Caused by: com.kms.katalon.core.webui.exception.WebElementNotFoundException: Web element with id: 'Object Repository/Page_ParaBank  Welcome  Online Banking/lkForgotLoginInfo' located by '//div[@id='loginPanel']/p/a' not found
	at com.kms.katalon.core.webui.common.WebUiCommonHelper.findWebElement(WebUiCommonHelper.java:1379)
	at com.kms.katalon.core.webui.keyword.internal.WebUIAbstractKeyword.findWebElement(WebUIAbstractKeyword.groovy:27)
	at com.kms.katalon.core.webui.keyword.builtin.ClickKeyword$_click_closure1.doCall(ClickKeyword.groovy:65)
	at com.kms.katalon.core.webui.keyword.builtin.ClickKeyword$_click_closure1.call(ClickKeyword.groovy)
	at com.kms.katalon.core.webui.keyword.internal.WebUIKeywordMain.runKeyword(WebUIKeywordMain.groovy:20)
	at com.kms.katalon.core.webui.keyword.builtin.ClickKeyword.click(ClickKeyword.groovy:74)
	at com.kms.katalon.core.webui.keyword.builtin.ClickKeyword.execute(ClickKeyword.groovy:40)
	at com.kms.katalon.core.keyword.internal.KeywordExecutor.executeKeywordForPlatform(KeywordExecutor.groovy:74)
	at com.kms.katalon.core.webui.keyword.WebUiBuiltInKeywords.click(WebUiBuiltInKeywords.groovy:620)
	at Script1698861099852.run(Script1698861099852.groovy:22)
	... 15 more
)

2023-11-08 10:52:49 - [MESSAGE][INFO] - Unable to find the element located by 'By.xpath: //div[@id='loginPanel']/p/a'. Please recheck the objects properties to make sure the desired element is located. 

2023-11-08 10:52:49 - [MESSAGE][WARNING] - [SELF-HEALING] Failed to find element with id 'Object Repository/Page_ParaBank  Welcome  Online Banking/lkForgotLoginInfo'. Try using Self-healing.

2023-11-08 10:52:49 - [MESSAGE][INFO] - [SELF-HEALING] Failed Locator: '//div[@id='loginPanel']/p/a'.

2023-11-08 10:52:49 - [MESSAGE][INFO] - [SELF-HEALING] Failed Locator: '//a[contains(text(),'Forgot login info?')]'.

2023-11-08 10:52:49 - [MESSAGE][INFO] - [SELF-HEALING] Failed Locator: '//a[contains(@href, 'lookup.htm;jsessionid=09767EEC04EBA189FA0C95BEB2640DC9')]'.

2023-11-08 10:52:49 - [MESSAGE][INFO] - [SELF-HEALING] Failed Locator: '//p/a'.

2023-11-08 10:52:49 - [MESSAGE][INFO] - [SELF-HEALING] Failed Locator: '//a[@href = 'lookup.htm;jsessionid=09767EEC04EBA189FA0C95BEB2640DC9' and (text() = 'Forgot login info?' or . = 'Forgot login info?')]'.

2023-11-08 10:52:49 - [MESSAGE][INFO] - [SELF-HEALING] Failed Locator: '//div[@id='loginPanel']/p/a'.

2023-11-08 10:52:49 - [MESSAGE][INFO] - [SELF-HEALING] Failed Locator: '//a[contains(text(),'Forgot login info?')]'.

2023-11-08 10:52:49 - [MESSAGE][INFO] - [SELF-HEALING] Failed Locator: '//a[contains(@href, 'lookup.htm;jsessionid=09767EEC04EBA189FA0C95BEB2640DC9')]'.

2023-11-08 10:52:49 - [MESSAGE][INFO] - [SELF-HEALING] Failed Locator: '//p/a'.

2023-11-08 10:52:49 - [MESSAGE][INFO] - [SELF-HEALING] Failed Locator: '//a[@href = 'lookup.htm;jsessionid=09767EEC04EBA189FA0C95BEB2640DC9' and (text() = 'Forgot login info?' or . = 'Forgot login info?')]'.

2023-11-08 10:52:49 - [MESSAGE][INFO] - [SELF-HEALING] Failed Locator: '//div[@id='loginPanel']/p/a'.

2023-11-08 10:52:49 - [MESSAGE][INFO] - [SELF-HEALING] Failed Locator: '//a[contains(text(),'Forgot login info?')]'.

2023-11-08 10:52:49 - [MESSAGE][INFO] - [SELF-HEALING] Failed Locator: '//a[contains(@href, 'lookup.htm;jsessionid=09767EEC04EBA189FA0C95BEB2640DC9')]'.

2023-11-08 10:52:49 - [MESSAGE][INFO] - [SELF-HEALING] Failed Locator: '//p/a'.

2023-11-08 10:52:49 - [MESSAGE][INFO] - [SELF-HEALING] Failed Locator: '//a[@href = 'lookup.htm;jsessionid=09767EEC04EBA189FA0C95BEB2640DC9' and (text() = 'Forgot login info?' or . = 'Forgot login info?')]'.

2023-11-08 10:52:49 - [MESSAGE][INFO] - [SELF-HEALING] Failed Locator: '//div[@id='loginPanel']/p/a'.

2023-11-08 10:52:49 - [MESSAGE][INFO] - [SELF-HEALING] Failed Locator: '//a[contains(text(),'Forgot login info?')]'.

2023-11-08 10:52:49 - [MESSAGE][INFO] - [SELF-HEALING] Failed Locator: '//a[contains(@href, 'lookup.htm;jsessionid=09767EEC04EBA189FA0C95BEB2640DC9')]'.

2023-11-08 10:52:49 - [MESSAGE][INFO] - [SELF-HEALING] Failed Locator: '//p/a'.

2023-11-08 10:52:49 - [MESSAGE][INFO] - [SELF-HEALING] Failed Locator: '//a[@href = 'lookup.htm;jsessionid=09767EEC04EBA189FA0C95BEB2640DC9' and (text() = 'Forgot login info?' or . = 'Forgot login info?')]'.

2023-11-08 10:52:49 - [MESSAGE][INFO] - [SELF-HEALING] Failed Locator: '//div[@id='loginPanel']/p/a'.

2023-11-08 10:52:49 - [MESSAGE][INFO] - [SELF-HEALING] Failed Locator: '//a[contains(text(),'Forgot login info?')]'.

2023-11-08 10:52:49 - [MESSAGE][INFO] - [SELF-HEALING] Failed Locator: '//a[contains(@href, 'lookup.htm;jsessionid=09767EEC04EBA189FA0C95BEB2640DC9')]'.

2023-11-08 10:52:49 - [MESSAGE][INFO] - [SELF-HEALING] Failed Locator: '//p/a'.

2023-11-08 10:52:49 - [MESSAGE][INFO] - [SELF-HEALING] Failed Locator: '//a[@href = 'lookup.htm;jsessionid=09767EEC04EBA189FA0C95BEB2640DC9' and (text() = 'Forgot login info?' or . = 'Forgot login info?')]'.

2023-11-08 10:52:50 - [MESSAGE][INFO] - [SELF-HEALING] Failed Locator: '//div[@id='loginPanel']/p/a'.

2023-11-08 10:52:50 - [MESSAGE][INFO] - [SELF-HEALING] Failed Locator: '//a[contains(text(),'Forgot login info?')]'.

2023-11-08 10:52:50 - [MESSAGE][INFO] - [SELF-HEALING] Failed Locator: '//a[contains(@href, 'lookup.htm;jsessionid=09767EEC04EBA189FA0C95BEB2640DC9')]'.

2023-11-08 10:52:50 - [MESSAGE][INFO] - [SELF-HEALING] Failed Locator: '//p/a'.

2023-11-08 10:52:50 - [MESSAGE][INFO] - [SELF-HEALING] Failed Locator: '//a[@href = 'lookup.htm;jsessionid=09767EEC04EBA189FA0C95BEB2640DC9' and (text() = 'Forgot login info?' or . = 'Forgot login info?')]'.

2023-11-08 10:52:50 - [MESSAGE][INFO] - [SELF-HEALING] Failed Locator: '//div[@id='loginPanel']/p/a'.

2023-11-08 10:52:50 - [MESSAGE][INFO] - [SELF-HEALING] Failed Locator: '//a[contains(text(),'Forgot login info?')]'.

2023-11-08 10:52:50 - [MESSAGE][INFO] - [SELF-HEALING] Failed Locator: '//a[contains(@href, 'lookup.htm;jsessionid=09767EEC04EBA189FA0C95BEB2640DC9')]'.

2023-11-08 10:52:50 - [MESSAGE][INFO] - [SELF-HEALING] Failed Locator: '//p/a'.

2023-11-08 10:52:50 - [MESSAGE][INFO] - [SELF-HEALING] Failed Locator: '//a[@href = 'lookup.htm;jsessionid=09767EEC04EBA189FA0C95BEB2640DC9' and (text() = 'Forgot login info?' or . = 'Forgot login info?')]'.

2023-11-08 10:52:50 - [MESSAGE][INFO] - [SELF-HEALING] Failed Locator: '//div[@id='loginPanel']/p/a'.

2023-11-08 10:52:50 - [MESSAGE][INFO] - [SELF-HEALING] Failed Locator: '//a[contains(text(),'Forgot login info?')]'.

2023-11-08 10:52:50 - [MESSAGE][INFO] - [SELF-HEALING] Failed Locator: '//a[contains(@href, 'lookup.htm;jsessionid=09767EEC04EBA189FA0C95BEB2640DC9')]'.

2023-11-08 10:52:50 - [MESSAGE][INFO] - [SELF-HEALING] Failed Locator: '//p/a'.

2023-11-08 10:52:50 - [MESSAGE][INFO] - [SELF-HEALING] Failed Locator: '//a[@href = 'lookup.htm;jsessionid=09767EEC04EBA189FA0C95BEB2640DC9' and (text() = 'Forgot login info?' or . = 'Forgot login info?')]'.

2023-11-08 10:52:50 - [MESSAGE][INFO] - [SELF-HEALING] Failed Locator: '//div[@id='loginPanel']/p/a'.

2023-11-08 10:52:50 - [MESSAGE][INFO] - [SELF-HEALING] Failed Locator: '//a[contains(text(),'Forgot login info?')]'.

2023-11-08 10:52:50 - [MESSAGE][INFO] - [SELF-HEALING] Failed Locator: '//a[contains(@href, 'lookup.htm;jsessionid=09767EEC04EBA189FA0C95BEB2640DC9')]'.

2023-11-08 10:52:50 - [MESSAGE][INFO] - [SELF-HEALING] Failed Locator: '//p/a'.

2023-11-08 10:52:50 - [MESSAGE][INFO] - [SELF-HEALING] Failed Locator: '//a[@href = 'lookup.htm;jsessionid=09767EEC04EBA189FA0C95BEB2640DC9' and (text() = 'Forgot login info?' or . = 'Forgot login info?')]'.

2023-11-08 10:52:50 - [MESSAGE][INFO] - [SELF-HEALING] Failed Locator: '//div[@id='loginPanel']/p/a'.

2023-11-08 10:52:50 - [MESSAGE][INFO] - [SELF-HEALING] Failed Locator: '//a[contains(text(),'Forgot login info?')]'.

2023-11-08 10:52:50 - [MESSAGE][INFO] - [SELF-HEALING] Failed Locator: '//a[contains(@href, 'lookup.htm;jsessionid=09767EEC04EBA189FA0C95BEB2640DC9')]'.

2023-11-08 10:52:50 - [MESSAGE][INFO] - [SELF-HEALING] Failed Locator: '//p/a'.

2023-11-08 10:52:50 - [MESSAGE][INFO] - [SELF-HEALING] Failed Locator: '//a[@href = 'lookup.htm;jsessionid=09767EEC04EBA189FA0C95BEB2640DC9' and (text() = 'Forgot login info?' or . = 'Forgot login info?')]'.

2023-11-08 10:52:50 - [MESSAGE][INFO] - [SELF-HEALING] Failed Locator: '//div[@id='loginPanel']/p/a'.

2023-11-08 10:52:50 - [MESSAGE][INFO] - [SELF-HEALING] Failed Locator: '//a[contains(text(),'Forgot login info?')]'.

2023-11-08 10:52:50 - [MESSAGE][INFO] - [SELF-HEALING] Failed Locator: '//a[contains(@href, 'lookup.htm;jsessionid=09767EEC04EBA189FA0C95BEB2640DC9')]'.

2023-11-08 10:52:50 - [MESSAGE][INFO] - [SELF-HEALING] Failed Locator: '//p/a'.

2023-11-08 10:52:50 - [MESSAGE][INFO] - [SELF-HEALING] Failed Locator: '//a[@href = 'lookup.htm;jsessionid=09767EEC04EBA189FA0C95BEB2640DC9' and (text() = 'Forgot login info?' or . = 'Forgot login info?')]'.

2023-11-08 10:52:50 - [MESSAGE][INFO] - [SELF-HEALING] Failed Locator: '//div[@id='loginPanel']/p/a'.

2023-11-08 10:52:50 - [MESSAGE][INFO] - [SELF-HEALING] Failed Locator: '//a[contains(text(),'Forgot login info?')]'.

2023-11-08 10:52:50 - [MESSAGE][INFO] - [SELF-HEALING] Failed Locator: '//a[contains(@href, 'lookup.htm;jsessionid=09767EEC04EBA189FA0C95BEB2640DC9')]'.

2023-11-08 10:52:50 - [MESSAGE][INFO] - [SELF-HEALING] Failed Locator: '//p/a'.

2023-11-08 10:52:50 - [MESSAGE][INFO] - [SELF-HEALING] Failed Locator: '//a[@href = 'lookup.htm;jsessionid=09767EEC04EBA189FA0C95BEB2640DC9' and (text() = 'Forgot login info?' or . = 'Forgot login info?')]'.

2023-11-08 10:52:51 - [MESSAGE][INFO] - Unable to find the element located by 'By.xpath: //*[@href = 'lookup.htm;jsessionid=09767EEC04EBA189FA0C95BEB2640DC9' and (text() = 'Forgot login info?' or . = 'Forgot login info?')]'. Please recheck the objects properties to make sure the desired element is located. 

2023-11-08 10:52:52 - [MESSAGE][INFO] - Unable to find the element located by 'By.cssSelector: p > a'. Please recheck the objects properties to make sure the desired element is located. 

2023-11-08 10:52:52 - [MESSAGE][FAILED] - Unable to click on object 'Object Repository/Page_ParaBank  Welcome  Online Banking/lkForgotLoginInfo' (Root cause: com.kms.katalon.core.exception.StepFailedException: Unable to click on object 'Object Repository/Page_ParaBank  Welcome  Online Banking/lkForgotLoginInfo'
	at com.kms.katalon.core.webui.keyword.internal.WebUIKeywordMain.stepFailed(WebUIKeywordMain.groovy:64)
	at com.kms.katalon.core.webui.keyword.internal.WebUIKeywordMain.runKeyword(WebUIKeywordMain.groovy:26)
	at com.kms.katalon.core.webui.keyword.builtin.ClickKeyword.click(ClickKeyword.groovy:74)
	at com.kms.katalon.core.webui.keyword.builtin.ClickKeyword.execute(ClickKeyword.groovy:40)
	at com.kms.katalon.core.keyword.internal.KeywordExecutor.executeKeywordForPlatform(KeywordExecutor.groovy:74)
	at com.kms.katalon.core.webui.keyword.WebUiBuiltInKeywords.click(WebUiBuiltInKeywords.groovy:620)
	at MTC003 - Forgot login.run(MTC003 - Forgot login:22)
	at com.kms.katalon.core.main.ScriptEngine.run(ScriptEngine.java:194)
	at com.kms.katalon.core.main.ScriptEngine.runScriptAsRawText(ScriptEngine.java:119)
	at com.kms.katalon.core.main.TestCaseExecutor.runScript(TestCaseExecutor.java:448)
	at com.kms.katalon.core.main.TestCaseExecutor.doExecute(TestCaseExecutor.java:439)
	at com.kms.katalon.core.main.TestCaseExecutor.processExecutionPhase(TestCaseExecutor.java:418)
	at com.kms.katalon.core.main.TestCaseExecutor.accessMainPhase(TestCaseExecutor.java:410)
	at com.kms.katalon.core.main.TestCaseExecutor.execute(TestCaseExecutor.java:285)
	at com.kms.katalon.core.common.CommonExecutor.accessTestCaseMainPhase(CommonExecutor.java:65)
	at com.kms.katalon.core.main.TestSuiteExecutor.accessTestSuiteMainPhase(TestSuiteExecutor.java:148)
	at com.kms.katalon.core.main.TestSuiteExecutor.execute(TestSuiteExecutor.java:106)
	at com.kms.katalon.core.main.TestCaseMain.startTestSuite(TestCaseMain.java:187)
	at TempTestSuite1699458622452.run(TempTestSuite1699458622452.groovy:36)
	at java.base/jdk.internal.reflect.NativeMethodAccessorImpl.invoke0(Native Method)
	at java.base/jdk.internal.reflect.NativeMethodAccessorImpl.invoke(NativeMethodAccessorImpl.java:77)
	at java.base/jdk.internal.reflect.DelegatingMethodAccessorImpl.invoke(DelegatingMethodAccessorImpl.java:43)
Caused by: com.kms.katalon.core.webui.exception.WebElementNotFoundException: Web element with id: 'Object Repository/Page_ParaBank  Welcome  Online Banking/lkForgotLoginInfo' located by '//div[@id='loginPanel']/p/a' not found
	at com.kms.katalon.core.webui.common.WebUiCommonHelper.findWebElement(WebUiCommonHelper.java:1379)
	at com.kms.katalon.core.webui.keyword.internal.WebUIAbstractKeyword.findWebElement(WebUIAbstractKeyword.groovy:27)
	at com.kms.katalon.core.webui.keyword.builtin.ClickKeyword$_click_closure1.doCall(ClickKeyword.groovy:65)
	at com.kms.katalon.core.webui.keyword.builtin.ClickKeyword$_click_closure1.call(ClickKeyword.groovy)
	at com.kms.katalon.core.webui.keyword.internal.WebUIKeywordMain.runKeyword(WebUIKeywordMain.groovy:20)
	at com.kms.katalon.core.webui.keyword.builtin.ClickKeyword.click(ClickKeyword.groovy:74)
	at com.kms.katalon.core.webui.keyword.builtin.ClickKeyword.execute(ClickKeyword.groovy:40)
	at com.kms.katalon.core.keyword.internal.KeywordExecutor.executeKeywordForPlatform(KeywordExecutor.groovy:74)
	at com.kms.katalon.core.webui.keyword.WebUiBuiltInKeywords.click(WebUiBuiltInKeywords.groovy:620)
	at Script1698861099852.run(Script1698861099852.groovy:22)
	... 15 more
)
[[ATTACHMENT|C:\\Users\\GKOKABAYEVA\\Katalon Studio\\Parabank\\Reports\\20231108_105022\\Smoke Test Suites\\STS002 - Login verification\\20231108_105022\\1699458772648.png]]

2023-11-08 10:52:52 - [TEST_STEP][FAILED] - setText(findTestObject("Object Repository/Page_ParaBank_Customer_Lookup/txtFirstName"), firstName): Unable to set text 'John' of object 'Object Repository/Page_ParaBank_Customer_Lookup/txtFirstName' (Root cause: com.kms.katalon.core.exception.StepFailedException: Unable to set text 'John' of object 'Object Repository/Page_ParaBank_Customer_Lookup/txtFirstName'
	at com.kms.katalon.core.webui.keyword.internal.WebUIKeywordMain.stepFailed(WebUIKeywordMain.groovy:64)
	at com.kms.katalon.core.webui.keyword.internal.WebUIKeywordMain.runKeyword(WebUIKeywordMain.groovy:26)
	at com.kms.katalon.core.webui.keyword.builtin.SetTextKeyword.setText(SetTextKeyword.groovy:66)
	at com.kms.katalon.core.webui.keyword.builtin.SetTextKeyword.execute(SetTextKeyword.groovy:37)
	at com.kms.katalon.core.keyword.internal.KeywordExecutor.executeKeywordForPlatform(KeywordExecutor.groovy:74)
	at com.kms.katalon.core.webui.keyword.WebUiBuiltInKeywords.setText(WebUiBuiltInKeywords.groovy:980)
	at MTC003 - Forgot login.run(MTC003 - Forgot login:24)
	at com.kms.katalon.core.main.ScriptEngine.run(ScriptEngine.java:194)
	at com.kms.katalon.core.main.ScriptEngine.runScriptAsRawText(ScriptEngine.java:119)
	at com.kms.katalon.core.main.TestCaseExecutor.runScript(TestCaseExecutor.java:448)
	at com.kms.katalon.core.main.TestCaseExecutor.doExecute(TestCaseExecutor.java:439)
	at com.kms.katalon.core.main.TestCaseExecutor.processExecutionPhase(TestCaseExecutor.java:418)
	at com.kms.katalon.core.main.TestCaseExecutor.accessMainPhase(TestCaseExecutor.java:410)
	at com.kms.katalon.core.main.TestCaseExecutor.execute(TestCaseExecutor.java:285)
	at com.kms.katalon.core.common.CommonExecutor.accessTestCaseMainPhase(CommonExecutor.java:65)
	at com.kms.katalon.core.main.TestSuiteExecutor.accessTestSuiteMainPhase(TestSuiteExecutor.java:148)
	at com.kms.katalon.core.main.TestSuiteExecutor.execute(TestSuiteExecutor.java:106)
	at com.kms.katalon.core.main.TestCaseMain.startTestSuite(TestCaseMain.java:187)
	at TempTestSuite1699458622452.run(TempTestSuite1699458622452.groovy:36)
	at java.base/jdk.internal.reflect.NativeMethodAccessorImpl.invoke0(Native Method)
	at java.base/jdk.internal.reflect.NativeMethodAccessorImpl.invoke(NativeMethodAccessorImpl.java:77)
	at java.base/jdk.internal.reflect.DelegatingMethodAccessorImpl.invoke(DelegatingMethodAccessorImpl.java:43)
Caused by: com.kms.katalon.core.webui.exception.WebElementNotFoundException: Web element with id: 'Object Repository/Page_ParaBank_Customer_Lookup/txtFirstName' located by '//input[@id='firstName']' not found
	at com.kms.katalon.core.webui.common.WebUiCommonHelper.findWebElement(WebUiCommonHelper.java:1379)
	at com.kms.katalon.core.webui.keyword.internal.WebUIAbstractKeyword.findWebElement(WebUIAbstractKeyword.groovy:27)
	at com.kms.katalon.core.webui.keyword.internal.WebUIAbstractKeyword.findWebElement(WebUIAbstractKeyword.groovy:26)
	at com.kms.katalon.core.webui.keyword.builtin.SetTextKeyword$_setText_closure1.doCall(SetTextKeyword.groovy:51)
	at com.kms.katalon.core.webui.keyword.builtin.SetTextKeyword$_setText_closure1.call(SetTextKeyword.groovy)
	at com.kms.katalon.core.webui.keyword.internal.WebUIKeywordMain.runKeyword(WebUIKeywordMain.groovy:20)
	at com.kms.katalon.core.webui.keyword.builtin.SetTextKeyword.setText(SetTextKeyword.groovy:66)
	at com.kms.katalon.core.webui.keyword.builtin.SetTextKeyword.execute(SetTextKeyword.groovy:37)
	at com.kms.katalon.core.keyword.internal.KeywordExecutor.executeKeywordForPlatform(KeywordExecutor.groovy:74)
	at com.kms.katalon.core.webui.keyword.WebUiBuiltInKeywords.setText(WebUiBuiltInKeywords.groovy:980)
	at Script1698861099852.run(Script1698861099852.groovy:24)
	... 15 more
)

2023-11-08 10:53:23 - [MESSAGE][INFO] - Unable to find the element located by 'By.xpath: //input[@id='firstName']'. Please recheck the objects properties to make sure the desired element is located. 

2023-11-08 10:53:23 - [MESSAGE][WARNING] - [SELF-HEALING] Failed to find element with id 'Object Repository/Page_ParaBank_Customer_Lookup/txtFirstName'. Try using Self-healing.

2023-11-08 10:53:23 - [MESSAGE][INFO] - [SELF-HEALING] Failed Locator: '//input[@id='firstName']'.

2023-11-08 10:53:23 - [MESSAGE][INFO] - [SELF-HEALING] Failed Locator: '//form[@id='lookupForm']/table/tbody/tr/td[2]/input'.

2023-11-08 10:53:23 - [MESSAGE][INFO] - [SELF-HEALING] Failed Locator: '//td[2]/input'.

2023-11-08 10:53:23 - [MESSAGE][INFO] - [SELF-HEALING] Failed Locator: '//input[@id = 'firstName' and @name = 'firstName' and @type = 'text']'.

2023-11-08 10:53:23 - [MESSAGE][INFO] - [SELF-HEALING] Failed Locator: '//input[@id='firstName']'.

2023-11-08 10:53:23 - [MESSAGE][INFO] - [SELF-HEALING] Failed Locator: '//form[@id='lookupForm']/table/tbody/tr/td[2]/input'.

2023-11-08 10:53:23 - [MESSAGE][INFO] - [SELF-HEALING] Failed Locator: '//td[2]/input'.

2023-11-08 10:53:23 - [MESSAGE][INFO] - [SELF-HEALING] Failed Locator: '//input[@id = 'firstName' and @name = 'firstName' and @type = 'text']'.

2023-11-08 10:53:23 - [MESSAGE][INFO] - [SELF-HEALING] Failed Locator: '//input[@id='firstName']'.

2023-11-08 10:53:23 - [MESSAGE][INFO] - [SELF-HEALING] Failed Locator: '//form[@id='lookupForm']/table/tbody/tr/td[2]/input'.

2023-11-08 10:53:23 - [MESSAGE][INFO] - [SELF-HEALING] Failed Locator: '//td[2]/input'.

2023-11-08 10:53:23 - [MESSAGE][INFO] - [SELF-HEALING] Failed Locator: '//input[@id = 'firstName' and @name = 'firstName' and @type = 'text']'.

2023-11-08 10:53:24 - [MESSAGE][INFO] - [SELF-HEALING] Failed Locator: '//input[@id='firstName']'.

2023-11-08 10:53:24 - [MESSAGE][INFO] - [SELF-HEALING] Failed Locator: '//form[@id='lookupForm']/table/tbody/tr/td[2]/input'.

2023-11-08 10:53:24 - [MESSAGE][INFO] - [SELF-HEALING] Failed Locator: '//td[2]/input'.

2023-11-08 10:53:24 - [MESSAGE][INFO] - [SELF-HEALING] Failed Locator: '//input[@id = 'firstName' and @name = 'firstName' and @type = 'text']'.

2023-11-08 10:53:24 - [MESSAGE][INFO] - [SELF-HEALING] Failed Locator: '//input[@id='firstName']'.

2023-11-08 10:53:24 - [MESSAGE][INFO] - [SELF-HEALING] Failed Locator: '//form[@id='lookupForm']/table/tbody/tr/td[2]/input'.

2023-11-08 10:53:24 - [MESSAGE][INFO] - [SELF-HEALING] Failed Locator: '//td[2]/input'.

2023-11-08 10:53:24 - [MESSAGE][INFO] - [SELF-HEALING] Failed Locator: '//input[@id = 'firstName' and @name = 'firstName' and @type = 'text']'.

2023-11-08 10:53:24 - [MESSAGE][INFO] - [SELF-HEALING] Failed Locator: '//input[@id='firstName']'.

2023-11-08 10:53:24 - [MESSAGE][INFO] - [SELF-HEALING] Failed Locator: '//form[@id='lookupForm']/table/tbody/tr/td[2]/input'.

2023-11-08 10:53:24 - [MESSAGE][INFO] - [SELF-HEALING] Failed Locator: '//td[2]/input'.

2023-11-08 10:53:24 - [MESSAGE][INFO] - [SELF-HEALING] Failed Locator: '//input[@id = 'firstName' and @name = 'firstName' and @type = 'text']'.

2023-11-08 10:53:24 - [MESSAGE][INFO] - [SELF-HEALING] Failed Locator: '//input[@id='firstName']'.

2023-11-08 10:53:24 - [MESSAGE][INFO] - [SELF-HEALING] Failed Locator: '//form[@id='lookupForm']/table/tbody/tr/td[2]/input'.

2023-11-08 10:53:24 - [MESSAGE][INFO] - [SELF-HEALING] Failed Locator: '//td[2]/input'.

2023-11-08 10:53:24 - [MESSAGE][INFO] - [SELF-HEALING] Failed Locator: '//input[@id = 'firstName' and @name = 'firstName' and @type = 'text']'.

2023-11-08 10:53:24 - [MESSAGE][INFO] - [SELF-HEALING] Failed Locator: '//input[@id='firstName']'.

2023-11-08 10:53:24 - [MESSAGE][INFO] - [SELF-HEALING] Failed Locator: '//form[@id='lookupForm']/table/tbody/tr/td[2]/input'.

2023-11-08 10:53:24 - [MESSAGE][INFO] - [SELF-HEALING] Failed Locator: '//td[2]/input'.

2023-11-08 10:53:24 - [MESSAGE][INFO] - [SELF-HEALING] Failed Locator: '//input[@id = 'firstName' and @name = 'firstName' and @type = 'text']'.

2023-11-08 10:53:24 - [MESSAGE][INFO] - [SELF-HEALING] Failed Locator: '//input[@id='firstName']'.

2023-11-08 10:53:24 - [MESSAGE][INFO] - [SELF-HEALING] Failed Locator: '//form[@id='lookupForm']/table/tbody/tr/td[2]/input'.

2023-11-08 10:53:24 - [MESSAGE][INFO] - [SELF-HEALING] Failed Locator: '//td[2]/input'.

2023-11-08 10:53:24 - [MESSAGE][INFO] - [SELF-HEALING] Failed Locator: '//input[@id = 'firstName' and @name = 'firstName' and @type = 'text']'.

2023-11-08 10:53:24 - [MESSAGE][INFO] - [SELF-HEALING] Failed Locator: '//input[@id='firstName']'.

2023-11-08 10:53:24 - [MESSAGE][INFO] - [SELF-HEALING] Failed Locator: '//form[@id='lookupForm']/table/tbody/tr/td[2]/input'.

2023-11-08 10:53:24 - [MESSAGE][INFO] - [SELF-HEALING] Failed Locator: '//td[2]/input'.

2023-11-08 10:53:24 - [MESSAGE][INFO] - [SELF-HEALING] Failed Locator: '//input[@id = 'firstName' and @name = 'firstName' and @type = 'text']'.

2023-11-08 10:53:24 - [MESSAGE][INFO] - [SELF-HEALING] Failed Locator: '//input[@id='firstName']'.

2023-11-08 10:53:24 - [MESSAGE][INFO] - [SELF-HEALING] Failed Locator: '//form[@id='lookupForm']/table/tbody/tr/td[2]/input'.

2023-11-08 10:53:24 - [MESSAGE][INFO] - [SELF-HEALING] Failed Locator: '//td[2]/input'.

2023-11-08 10:53:24 - [MESSAGE][INFO] - [SELF-HEALING] Failed Locator: '//input[@id = 'firstName' and @name = 'firstName' and @type = 'text']'.

2023-11-08 10:53:24 - [MESSAGE][INFO] - [SELF-HEALING] Failed Locator: '//input[@id='firstName']'.

2023-11-08 10:53:24 - [MESSAGE][INFO] - [SELF-HEALING] Failed Locator: '//form[@id='lookupForm']/table/tbody/tr/td[2]/input'.

2023-11-08 10:53:24 - [MESSAGE][INFO] - [SELF-HEALING] Failed Locator: '//td[2]/input'.

2023-11-08 10:53:24 - [MESSAGE][INFO] - [SELF-HEALING] Failed Locator: '//input[@id = 'firstName' and @name = 'firstName' and @type = 'text']'.

2023-11-08 10:53:24 - [MESSAGE][INFO] - [SELF-HEALING] Failed Locator: '//input[@id='firstName']'.

2023-11-08 10:53:24 - [MESSAGE][INFO] - [SELF-HEALING] Failed Locator: '//form[@id='lookupForm']/table/tbody/tr/td[2]/input'.

2023-11-08 10:53:24 - [MESSAGE][INFO] - [SELF-HEALING] Failed Locator: '//td[2]/input'.

2023-11-08 10:53:24 - [MESSAGE][INFO] - [SELF-HEALING] Failed Locator: '//input[@id = 'firstName' and @name = 'firstName' and @type = 'text']'.

2023-11-08 10:53:24 - [MESSAGE][INFO] - [SELF-HEALING] Failed Locator: '//input[@id='firstName']'.

2023-11-08 10:53:24 - [MESSAGE][INFO] - [SELF-HEALING] Failed Locator: '//form[@id='lookupForm']/table/tbody/tr/td[2]/input'.

2023-11-08 10:53:24 - [MESSAGE][INFO] - [SELF-HEALING] Failed Locator: '//td[2]/input'.

2023-11-08 10:53:24 - [MESSAGE][INFO] - [SELF-HEALING] Failed Locator: '//input[@id = 'firstName' and @name = 'firstName' and @type = 'text']'.

2023-11-08 10:53:25 - [MESSAGE][INFO] - Unable to find the element located by 'By.xpath: //*[@id = 'firstName' and @name = 'firstName' and @type = 'text']'. Please recheck the objects properties to make sure the desired element is located. 

2023-11-08 10:53:26 - [MESSAGE][INFO] - Unable to find the element located by 'By.cssSelector: #firstName'. Please recheck the objects properties to make sure the desired element is located. 

2023-11-08 10:53:26 - [MESSAGE][FAILED] - Unable to set text 'John' of object 'Object Repository/Page_ParaBank_Customer_Lookup/txtFirstName' (Root cause: com.kms.katalon.core.exception.StepFailedException: Unable to set text 'John' of object 'Object Repository/Page_ParaBank_Customer_Lookup/txtFirstName'
	at com.kms.katalon.core.webui.keyword.internal.WebUIKeywordMain.stepFailed(WebUIKeywordMain.groovy:64)
	at com.kms.katalon.core.webui.keyword.internal.WebUIKeywordMain.runKeyword(WebUIKeywordMain.groovy:26)
	at com.kms.katalon.core.webui.keyword.builtin.SetTextKeyword.setText(SetTextKeyword.groovy:66)
	at com.kms.katalon.core.webui.keyword.builtin.SetTextKeyword.execute(SetTextKeyword.groovy:37)
	at com.kms.katalon.core.keyword.internal.KeywordExecutor.executeKeywordForPlatform(KeywordExecutor.groovy:74)
	at com.kms.katalon.core.webui.keyword.WebUiBuiltInKeywords.setText(WebUiBuiltInKeywords.groovy:980)
	at MTC003 - Forgot login.run(MTC003 - Forgot login:24)
	at com.kms.katalon.core.main.ScriptEngine.run(ScriptEngine.java:194)
	at com.kms.katalon.core.main.ScriptEngine.runScriptAsRawText(ScriptEngine.java:119)
	at com.kms.katalon.core.main.TestCaseExecutor.runScript(TestCaseExecutor.java:448)
	at com.kms.katalon.core.main.TestCaseExecutor.doExecute(TestCaseExecutor.java:439)
	at com.kms.katalon.core.main.TestCaseExecutor.processExecutionPhase(TestCaseExecutor.java:418)
	at com.kms.katalon.core.main.TestCaseExecutor.accessMainPhase(TestCaseExecutor.java:410)
	at com.kms.katalon.core.main.TestCaseExecutor.execute(TestCaseExecutor.java:285)
	at com.kms.katalon.core.common.CommonExecutor.accessTestCaseMainPhase(CommonExecutor.java:65)
	at com.kms.katalon.core.main.TestSuiteExecutor.accessTestSuiteMainPhase(TestSuiteExecutor.java:148)
	at com.kms.katalon.core.main.TestSuiteExecutor.execute(TestSuiteExecutor.java:106)
	at com.kms.katalon.core.main.TestCaseMain.startTestSuite(TestCaseMain.java:187)
	at TempTestSuite1699458622452.run(TempTestSuite1699458622452.groovy:36)
	at java.base/jdk.internal.reflect.NativeMethodAccessorImpl.invoke0(Native Method)
	at java.base/jdk.internal.reflect.NativeMethodAccessorImpl.invoke(NativeMethodAccessorImpl.java:77)
	at java.base/jdk.internal.reflect.DelegatingMethodAccessorImpl.invoke(DelegatingMethodAccessorImpl.java:43)
Caused by: com.kms.katalon.core.webui.exception.WebElementNotFoundException: Web element with id: 'Object Repository/Page_ParaBank_Customer_Lookup/txtFirstName' located by '//input[@id='firstName']' not found
	at com.kms.katalon.core.webui.common.WebUiCommonHelper.findWebElement(WebUiCommonHelper.java:1379)
	at com.kms.katalon.core.webui.keyword.internal.WebUIAbstractKeyword.findWebElement(WebUIAbstractKeyword.groovy:27)
	at com.kms.katalon.core.webui.keyword.internal.WebUIAbstractKeyword.findWebElement(WebUIAbstractKeyword.groovy:26)
	at com.kms.katalon.core.webui.keyword.builtin.SetTextKeyword$_setText_closure1.doCall(SetTextKeyword.groovy:51)
	at com.kms.katalon.core.webui.keyword.builtin.SetTextKeyword$_setText_closure1.call(SetTextKeyword.groovy)
	at com.kms.katalon.core.webui.keyword.internal.WebUIKeywordMain.runKeyword(WebUIKeywordMain.groovy:20)
	at com.kms.katalon.core.webui.keyword.builtin.SetTextKeyword.setText(SetTextKeyword.groovy:66)
	at com.kms.katalon.core.webui.keyword.builtin.SetTextKeyword.execute(SetTextKeyword.groovy:37)
	at com.kms.katalon.core.keyword.internal.KeywordExecutor.executeKeywordForPlatform(KeywordExecutor.groovy:74)
	at com.kms.katalon.core.webui.keyword.WebUiBuiltInKeywords.setText(WebUiBuiltInKeywords.groovy:980)
	at Script1698861099852.run(Script1698861099852.groovy:24)
	... 15 more
)
[[ATTACHMENT|C:\\Users\\GKOKABAYEVA\\Katalon Studio\\Parabank\\Reports\\20231108_105022\\Smoke Test Suites\\STS002 - Login verification\\20231108_105022\\1699458806798.png]]

2023-11-08 10:53:26 - [TEST_STEP][FAILED] - setText(findTestObject("Object Repository/Page_ParaBank_Customer_Lookup/txtLastName"), lastName): Unable to set text 'Doe' of object 'Object Repository/Page_ParaBank_Customer_Lookup/txtLastName' (Root cause: com.kms.katalon.core.exception.StepFailedException: Unable to set text 'Doe' of object 'Object Repository/Page_ParaBank_Customer_Lookup/txtLastName'
	at com.kms.katalon.core.webui.keyword.internal.WebUIKeywordMain.stepFailed(WebUIKeywordMain.groovy:64)
	at com.kms.katalon.core.webui.keyword.internal.WebUIKeywordMain.runKeyword(WebUIKeywordMain.groovy:26)
	at com.kms.katalon.core.webui.keyword.builtin.SetTextKeyword.setText(SetTextKeyword.groovy:66)
	at com.kms.katalon.core.webui.keyword.builtin.SetTextKeyword.execute(SetTextKeyword.groovy:37)
	at com.kms.katalon.core.keyword.internal.KeywordExecutor.executeKeywordForPlatform(KeywordExecutor.groovy:74)
	at com.kms.katalon.core.webui.keyword.WebUiBuiltInKeywords.setText(WebUiBuiltInKeywords.groovy:980)
	at MTC003 - Forgot login.run(MTC003 - Forgot login:26)
	at com.kms.katalon.core.main.ScriptEngine.run(ScriptEngine.java:194)
	at com.kms.katalon.core.main.ScriptEngine.runScriptAsRawText(ScriptEngine.java:119)
	at com.kms.katalon.core.main.TestCaseExecutor.runScript(TestCaseExecutor.java:448)
	at com.kms.katalon.core.main.TestCaseExecutor.doExecute(TestCaseExecutor.java:439)
	at com.kms.katalon.core.main.TestCaseExecutor.processExecutionPhase(TestCaseExecutor.java:418)
	at com.kms.katalon.core.main.TestCaseExecutor.accessMainPhase(TestCaseExecutor.java:410)
	at com.kms.katalon.core.main.TestCaseExecutor.execute(TestCaseExecutor.java:285)
	at com.kms.katalon.core.common.CommonExecutor.accessTestCaseMainPhase(CommonExecutor.java:65)
	at com.kms.katalon.core.main.TestSuiteExecutor.accessTestSuiteMainPhase(TestSuiteExecutor.java:148)
	at com.kms.katalon.core.main.TestSuiteExecutor.execute(TestSuiteExecutor.java:106)
	at com.kms.katalon.core.main.TestCaseMain.startTestSuite(TestCaseMain.java:187)
	at TempTestSuite1699458622452.run(TempTestSuite1699458622452.groovy:36)
	at java.base/jdk.internal.reflect.NativeMethodAccessorImpl.invoke0(Native Method)
	at java.base/jdk.internal.reflect.NativeMethodAccessorImpl.invoke(NativeMethodAccessorImpl.java:77)
	at java.base/jdk.internal.reflect.DelegatingMethodAccessorImpl.invoke(DelegatingMethodAccessorImpl.java:43)
Caused by: com.kms.katalon.core.webui.exception.WebElementNotFoundException: Web element with id: 'Object Repository/Page_ParaBank_Customer_Lookup/txtLastName' located by '//input[@id='lastName']' not found
	at com.kms.katalon.core.webui.common.WebUiCommonHelper.findWebElement(WebUiCommonHelper.java:1379)
	at com.kms.katalon.core.webui.keyword.internal.WebUIAbstractKeyword.findWebElement(WebUIAbstractKeyword.groovy:27)
	at com.kms.katalon.core.webui.keyword.internal.WebUIAbstractKeyword.findWebElement(WebUIAbstractKeyword.groovy:26)
	at com.kms.katalon.core.webui.keyword.builtin.SetTextKeyword$_setText_closure1.doCall(SetTextKeyword.groovy:51)
	at com.kms.katalon.core.webui.keyword.builtin.SetTextKeyword$_setText_closure1.call(SetTextKeyword.groovy)
	at com.kms.katalon.core.webui.keyword.internal.WebUIKeywordMain.runKeyword(WebUIKeywordMain.groovy:20)
	at com.kms.katalon.core.webui.keyword.builtin.SetTextKeyword.setText(SetTextKeyword.groovy:66)
	at com.kms.katalon.core.webui.keyword.builtin.SetTextKeyword.execute(SetTextKeyword.groovy:37)
	at com.kms.katalon.core.keyword.internal.KeywordExecutor.executeKeywordForPlatform(KeywordExecutor.groovy:74)
	at com.kms.katalon.core.webui.keyword.WebUiBuiltInKeywords.setText(WebUiBuiltInKeywords.groovy:980)
	at Script1698861099852.run(Script1698861099852.groovy:26)
	... 15 more
)

2023-11-08 10:53:57 - [MESSAGE][INFO] - Unable to find the element located by 'By.xpath: //input[@id='lastName']'. Please recheck the objects properties to make sure the desired element is located. 

2023-11-08 10:53:57 - [MESSAGE][WARNING] - [SELF-HEALING] Failed to find element with id 'Object Repository/Page_ParaBank_Customer_Lookup/txtLastName'. Try using Self-healing.

2023-11-08 10:53:57 - [MESSAGE][INFO] - [SELF-HEALING] Failed Locator: '//input[@id='lastName']'.

2023-11-08 10:53:57 - [MESSAGE][INFO] - [SELF-HEALING] Failed Locator: '//form[@id='lookupForm']/table/tbody/tr[2]/td[2]/input'.

2023-11-08 10:53:57 - [MESSAGE][INFO] - [SELF-HEALING] Failed Locator: '//tr[2]/td[2]/input'.

2023-11-08 10:53:58 - [MESSAGE][INFO] - [SELF-HEALING] Failed Locator: '//input[@id = 'lastName' and @name = 'lastName' and @type = 'text']'.

2023-11-08 10:53:58 - [MESSAGE][INFO] - [SELF-HEALING] Failed Locator: '//input[@id='lastName']'.

2023-11-08 10:53:58 - [MESSAGE][INFO] - [SELF-HEALING] Failed Locator: '//form[@id='lookupForm']/table/tbody/tr[2]/td[2]/input'.

2023-11-08 10:53:58 - [MESSAGE][INFO] - [SELF-HEALING] Failed Locator: '//tr[2]/td[2]/input'.

2023-11-08 10:53:58 - [MESSAGE][INFO] - [SELF-HEALING] Failed Locator: '//input[@id = 'lastName' and @name = 'lastName' and @type = 'text']'.

2023-11-08 10:53:58 - [MESSAGE][INFO] - [SELF-HEALING] Failed Locator: '//input[@id='lastName']'.

2023-11-08 10:53:58 - [MESSAGE][INFO] - [SELF-HEALING] Failed Locator: '//form[@id='lookupForm']/table/tbody/tr[2]/td[2]/input'.

2023-11-08 10:53:58 - [MESSAGE][INFO] - [SELF-HEALING] Failed Locator: '//tr[2]/td[2]/input'.

2023-11-08 10:53:58 - [MESSAGE][INFO] - [SELF-HEALING] Failed Locator: '//input[@id = 'lastName' and @name = 'lastName' and @type = 'text']'.

2023-11-08 10:53:58 - [MESSAGE][INFO] - [SELF-HEALING] Failed Locator: '//input[@id='lastName']'.

2023-11-08 10:53:58 - [MESSAGE][INFO] - [SELF-HEALING] Failed Locator: '//form[@id='lookupForm']/table/tbody/tr[2]/td[2]/input'.

2023-11-08 10:53:58 - [MESSAGE][INFO] - [SELF-HEALING] Failed Locator: '//tr[2]/td[2]/input'.

2023-11-08 10:53:58 - [MESSAGE][INFO] - [SELF-HEALING] Failed Locator: '//input[@id = 'lastName' and @name = 'lastName' and @type = 'text']'.

2023-11-08 10:53:58 - [MESSAGE][INFO] - [SELF-HEALING] Failed Locator: '//input[@id='lastName']'.

2023-11-08 10:53:58 - [MESSAGE][INFO] - [SELF-HEALING] Failed Locator: '//form[@id='lookupForm']/table/tbody/tr[2]/td[2]/input'.

2023-11-08 10:53:58 - [MESSAGE][INFO] - [SELF-HEALING] Failed Locator: '//tr[2]/td[2]/input'.

2023-11-08 10:53:58 - [MESSAGE][INFO] - [SELF-HEALING] Failed Locator: '//input[@id = 'lastName' and @name = 'lastName' and @type = 'text']'.

2023-11-08 10:53:58 - [MESSAGE][INFO] - [SELF-HEALING] Failed Locator: '//input[@id='lastName']'.

2023-11-08 10:53:58 - [MESSAGE][INFO] - [SELF-HEALING] Failed Locator: '//form[@id='lookupForm']/table/tbody/tr[2]/td[2]/input'.

2023-11-08 10:53:58 - [MESSAGE][INFO] - [SELF-HEALING] Failed Locator: '//tr[2]/td[2]/input'.

2023-11-08 10:53:58 - [MESSAGE][INFO] - [SELF-HEALING] Failed Locator: '//input[@id = 'lastName' and @name = 'lastName' and @type = 'text']'.

2023-11-08 10:53:58 - [MESSAGE][INFO] - [SELF-HEALING] Failed Locator: '//input[@id='lastName']'.

2023-11-08 10:53:58 - [MESSAGE][INFO] - [SELF-HEALING] Failed Locator: '//form[@id='lookupForm']/table/tbody/tr[2]/td[2]/input'.

2023-11-08 10:53:58 - [MESSAGE][INFO] - [SELF-HEALING] Failed Locator: '//tr[2]/td[2]/input'.

2023-11-08 10:53:58 - [MESSAGE][INFO] - [SELF-HEALING] Failed Locator: '//input[@id = 'lastName' and @name = 'lastName' and @type = 'text']'.

2023-11-08 10:53:58 - [MESSAGE][INFO] - [SELF-HEALING] Failed Locator: '//input[@id='lastName']'.

2023-11-08 10:53:58 - [MESSAGE][INFO] - [SELF-HEALING] Failed Locator: '//form[@id='lookupForm']/table/tbody/tr[2]/td[2]/input'.

2023-11-08 10:53:58 - [MESSAGE][INFO] - [SELF-HEALING] Failed Locator: '//tr[2]/td[2]/input'.

2023-11-08 10:53:58 - [MESSAGE][INFO] - [SELF-HEALING] Failed Locator: '//input[@id = 'lastName' and @name = 'lastName' and @type = 'text']'.

2023-11-08 10:53:58 - [MESSAGE][INFO] - [SELF-HEALING] Failed Locator: '//input[@id='lastName']'.

2023-11-08 10:53:58 - [MESSAGE][INFO] - [SELF-HEALING] Failed Locator: '//form[@id='lookupForm']/table/tbody/tr[2]/td[2]/input'.

2023-11-08 10:53:58 - [MESSAGE][INFO] - [SELF-HEALING] Failed Locator: '//tr[2]/td[2]/input'.

2023-11-08 10:53:58 - [MESSAGE][INFO] - [SELF-HEALING] Failed Locator: '//input[@id = 'lastName' and @name = 'lastName' and @type = 'text']'.

2023-11-08 10:53:58 - [MESSAGE][INFO] - [SELF-HEALING] Failed Locator: '//input[@id='lastName']'.

2023-11-08 10:53:58 - [MESSAGE][INFO] - [SELF-HEALING] Failed Locator: '//form[@id='lookupForm']/table/tbody/tr[2]/td[2]/input'.

2023-11-08 10:53:58 - [MESSAGE][INFO] - [SELF-HEALING] Failed Locator: '//tr[2]/td[2]/input'.

2023-11-08 10:53:58 - [MESSAGE][INFO] - [SELF-HEALING] Failed Locator: '//input[@id = 'lastName' and @name = 'lastName' and @type = 'text']'.

2023-11-08 10:53:58 - [MESSAGE][INFO] - [SELF-HEALING] Failed Locator: '//input[@id='lastName']'.

2023-11-08 10:53:58 - [MESSAGE][INFO] - [SELF-HEALING] Failed Locator: '//form[@id='lookupForm']/table/tbody/tr[2]/td[2]/input'.

2023-11-08 10:53:58 - [MESSAGE][INFO] - [SELF-HEALING] Failed Locator: '//tr[2]/td[2]/input'.

2023-11-08 10:53:58 - [MESSAGE][INFO] - [SELF-HEALING] Failed Locator: '//input[@id = 'lastName' and @name = 'lastName' and @type = 'text']'.

2023-11-08 10:53:58 - [MESSAGE][INFO] - [SELF-HEALING] Failed Locator: '//input[@id='lastName']'.

2023-11-08 10:53:58 - [MESSAGE][INFO] - [SELF-HEALING] Failed Locator: '//form[@id='lookupForm']/table/tbody/tr[2]/td[2]/input'.

2023-11-08 10:53:58 - [MESSAGE][INFO] - [SELF-HEALING] Failed Locator: '//tr[2]/td[2]/input'.

2023-11-08 10:53:58 - [MESSAGE][INFO] - [SELF-HEALING] Failed Locator: '//input[@id = 'lastName' and @name = 'lastName' and @type = 'text']'.

2023-11-08 10:53:58 - [MESSAGE][INFO] - [SELF-HEALING] Failed Locator: '//input[@id='lastName']'.

2023-11-08 10:53:58 - [MESSAGE][INFO] - [SELF-HEALING] Failed Locator: '//form[@id='lookupForm']/table/tbody/tr[2]/td[2]/input'.

2023-11-08 10:53:58 - [MESSAGE][INFO] - [SELF-HEALING] Failed Locator: '//tr[2]/td[2]/input'.

2023-11-08 10:53:58 - [MESSAGE][INFO] - [SELF-HEALING] Failed Locator: '//input[@id = 'lastName' and @name = 'lastName' and @type = 'text']'.

2023-11-08 10:53:58 - [MESSAGE][INFO] - [SELF-HEALING] Failed Locator: '//input[@id='lastName']'.

2023-11-08 10:53:58 - [MESSAGE][INFO] - [SELF-HEALING] Failed Locator: '//form[@id='lookupForm']/table/tbody/tr[2]/td[2]/input'.

2023-11-08 10:53:58 - [MESSAGE][INFO] - [SELF-HEALING] Failed Locator: '//tr[2]/td[2]/input'.

2023-11-08 10:53:58 - [MESSAGE][INFO] - [SELF-HEALING] Failed Locator: '//input[@id = 'lastName' and @name = 'lastName' and @type = 'text']'.

2023-11-08 10:53:58 - [MESSAGE][INFO] - [SELF-HEALING] Failed Locator: '//input[@id='lastName']'.

2023-11-08 10:53:58 - [MESSAGE][INFO] - [SELF-HEALING] Failed Locator: '//form[@id='lookupForm']/table/tbody/tr[2]/td[2]/input'.

2023-11-08 10:53:58 - [MESSAGE][INFO] - [SELF-HEALING] Failed Locator: '//tr[2]/td[2]/input'.

2023-11-08 10:53:58 - [MESSAGE][INFO] - [SELF-HEALING] Failed Locator: '//input[@id = 'lastName' and @name = 'lastName' and @type = 'text']'.

2023-11-08 10:53:59 - [MESSAGE][INFO] - Unable to find the element located by 'By.xpath: //*[@id = 'lastName' and @name = 'lastName' and @type = 'text']'. Please recheck the objects properties to make sure the desired element is located. 

2023-11-08 10:54:00 - [MESSAGE][INFO] - Unable to find the element located by 'By.cssSelector: #lastName'. Please recheck the objects properties to make sure the desired element is located. 

2023-11-08 10:54:00 - [MESSAGE][FAILED] - Unable to set text 'Doe' of object 'Object Repository/Page_ParaBank_Customer_Lookup/txtLastName' (Root cause: com.kms.katalon.core.exception.StepFailedException: Unable to set text 'Doe' of object 'Object Repository/Page_ParaBank_Customer_Lookup/txtLastName'
	at com.kms.katalon.core.webui.keyword.internal.WebUIKeywordMain.stepFailed(WebUIKeywordMain.groovy:64)
	at com.kms.katalon.core.webui.keyword.internal.WebUIKeywordMain.runKeyword(WebUIKeywordMain.groovy:26)
	at com.kms.katalon.core.webui.keyword.builtin.SetTextKeyword.setText(SetTextKeyword.groovy:66)
	at com.kms.katalon.core.webui.keyword.builtin.SetTextKeyword.execute(SetTextKeyword.groovy:37)
	at com.kms.katalon.core.keyword.internal.KeywordExecutor.executeKeywordForPlatform(KeywordExecutor.groovy:74)
	at com.kms.katalon.core.webui.keyword.WebUiBuiltInKeywords.setText(WebUiBuiltInKeywords.groovy:980)
	at MTC003 - Forgot login.run(MTC003 - Forgot login:26)
	at com.kms.katalon.core.main.ScriptEngine.run(ScriptEngine.java:194)
	at com.kms.katalon.core.main.ScriptEngine.runScriptAsRawText(ScriptEngine.java:119)
	at com.kms.katalon.core.main.TestCaseExecutor.runScript(TestCaseExecutor.java:448)
	at com.kms.katalon.core.main.TestCaseExecutor.doExecute(TestCaseExecutor.java:439)
	at com.kms.katalon.core.main.TestCaseExecutor.processExecutionPhase(TestCaseExecutor.java:418)
	at com.kms.katalon.core.main.TestCaseExecutor.accessMainPhase(TestCaseExecutor.java:410)
	at com.kms.katalon.core.main.TestCaseExecutor.execute(TestCaseExecutor.java:285)
	at com.kms.katalon.core.common.CommonExecutor.accessTestCaseMainPhase(CommonExecutor.java:65)
	at com.kms.katalon.core.main.TestSuiteExecutor.accessTestSuiteMainPhase(TestSuiteExecutor.java:148)
	at com.kms.katalon.core.main.TestSuiteExecutor.execute(TestSuiteExecutor.java:106)
	at com.kms.katalon.core.main.TestCaseMain.startTestSuite(TestCaseMain.java:187)
	at TempTestSuite1699458622452.run(TempTestSuite1699458622452.groovy:36)
	at java.base/jdk.internal.reflect.NativeMethodAccessorImpl.invoke0(Native Method)
	at java.base/jdk.internal.reflect.NativeMethodAccessorImpl.invoke(NativeMethodAccessorImpl.java:77)
	at java.base/jdk.internal.reflect.DelegatingMethodAccessorImpl.invoke(DelegatingMethodAccessorImpl.java:43)
Caused by: com.kms.katalon.core.webui.exception.WebElementNotFoundException: Web element with id: 'Object Repository/Page_ParaBank_Customer_Lookup/txtLastName' located by '//input[@id='lastName']' not found
	at com.kms.katalon.core.webui.common.WebUiCommonHelper.findWebElement(WebUiCommonHelper.java:1379)
	at com.kms.katalon.core.webui.keyword.internal.WebUIAbstractKeyword.findWebElement(WebUIAbstractKeyword.groovy:27)
	at com.kms.katalon.core.webui.keyword.internal.WebUIAbstractKeyword.findWebElement(WebUIAbstractKeyword.groovy:26)
	at com.kms.katalon.core.webui.keyword.builtin.SetTextKeyword$_setText_closure1.doCall(SetTextKeyword.groovy:51)
	at com.kms.katalon.core.webui.keyword.builtin.SetTextKeyword$_setText_closure1.call(SetTextKeyword.groovy)
	at com.kms.katalon.core.webui.keyword.internal.WebUIKeywordMain.runKeyword(WebUIKeywordMain.groovy:20)
	at com.kms.katalon.core.webui.keyword.builtin.SetTextKeyword.setText(SetTextKeyword.groovy:66)
	at com.kms.katalon.core.webui.keyword.builtin.SetTextKeyword.execute(SetTextKeyword.groovy:37)
	at com.kms.katalon.core.keyword.internal.KeywordExecutor.executeKeywordForPlatform(KeywordExecutor.groovy:74)
	at com.kms.katalon.core.webui.keyword.WebUiBuiltInKeywords.setText(WebUiBuiltInKeywords.groovy:980)
	at Script1698861099852.run(Script1698861099852.groovy:26)
	... 15 more
)
[[ATTACHMENT|C:\\Users\\GKOKABAYEVA\\Katalon Studio\\Parabank\\Reports\\20231108_105022\\Smoke Test Suites\\STS002 - Login verification\\20231108_105022\\1699458840925.png]]

2023-11-08 10:54:00 - [TEST_STEP][FAILED] - setText(findTestObject("Object Repository/Page_ParaBank_Customer_Lookup/txtAddress.street"), address): Unable to set text '123 Dublin Dr' of object 'Object Repository/Page_ParaBank_Customer_Lookup/txtAddress.street' (Root cause: com.kms.katalon.core.exception.StepFailedException: Unable to set text '123 Dublin Dr' of object 'Object Repository/Page_ParaBank_Customer_Lookup/txtAddress.street'
	at com.kms.katalon.core.webui.keyword.internal.WebUIKeywordMain.stepFailed(WebUIKeywordMain.groovy:64)
	at com.kms.katalon.core.webui.keyword.internal.WebUIKeywordMain.runKeyword(WebUIKeywordMain.groovy:26)
	at com.kms.katalon.core.webui.keyword.builtin.SetTextKeyword.setText(SetTextKeyword.groovy:66)
	at com.kms.katalon.core.webui.keyword.builtin.SetTextKeyword.execute(SetTextKeyword.groovy:37)
	at com.kms.katalon.core.keyword.internal.KeywordExecutor.executeKeywordForPlatform(KeywordExecutor.groovy:74)
	at com.kms.katalon.core.webui.keyword.WebUiBuiltInKeywords.setText(WebUiBuiltInKeywords.groovy:980)
	at MTC003 - Forgot login.run(MTC003 - Forgot login:28)
	at com.kms.katalon.core.main.ScriptEngine.run(ScriptEngine.java:194)
	at com.kms.katalon.core.main.ScriptEngine.runScriptAsRawText(ScriptEngine.java:119)
	at com.kms.katalon.core.main.TestCaseExecutor.runScript(TestCaseExecutor.java:448)
	at com.kms.katalon.core.main.TestCaseExecutor.doExecute(TestCaseExecutor.java:439)
	at com.kms.katalon.core.main.TestCaseExecutor.processExecutionPhase(TestCaseExecutor.java:418)
	at com.kms.katalon.core.main.TestCaseExecutor.accessMainPhase(TestCaseExecutor.java:410)
	at com.kms.katalon.core.main.TestCaseExecutor.execute(TestCaseExecutor.java:285)
	at com.kms.katalon.core.common.CommonExecutor.accessTestCaseMainPhase(CommonExecutor.java:65)
	at com.kms.katalon.core.main.TestSuiteExecutor.accessTestSuiteMainPhase(TestSuiteExecutor.java:148)
	at com.kms.katalon.core.main.TestSuiteExecutor.execute(TestSuiteExecutor.java:106)
	at com.kms.katalon.core.main.TestCaseMain.startTestSuite(TestCaseMain.java:187)
	at TempTestSuite1699458622452.run(TempTestSuite1699458622452.groovy:36)
	at java.base/jdk.internal.reflect.NativeMethodAccessorImpl.invoke0(Native Method)
	at java.base/jdk.internal.reflect.NativeMethodAccessorImpl.invoke(NativeMethodAccessorImpl.java:77)
	at java.base/jdk.internal.reflect.DelegatingMethodAccessorImpl.invoke(DelegatingMethodAccessorImpl.java:43)
Caused by: com.kms.katalon.core.webui.exception.WebElementNotFoundException: Web element with id: 'Object Repository/Page_ParaBank_Customer_Lookup/txtAddress.street' located by '//input[@id='address.street']' not found
	at com.kms.katalon.core.webui.common.WebUiCommonHelper.findWebElement(WebUiCommonHelper.java:1379)
	at com.kms.katalon.core.webui.keyword.internal.WebUIAbstractKeyword.findWebElement(WebUIAbstractKeyword.groovy:27)
	at com.kms.katalon.core.webui.keyword.internal.WebUIAbstractKeyword.findWebElement(WebUIAbstractKeyword.groovy:26)
	at com.kms.katalon.core.webui.keyword.builtin.SetTextKeyword$_setText_closure1.doCall(SetTextKeyword.groovy:51)
	at com.kms.katalon.core.webui.keyword.builtin.SetTextKeyword$_setText_closure1.call(SetTextKeyword.groovy)
	at com.kms.katalon.core.webui.keyword.internal.WebUIKeywordMain.runKeyword(WebUIKeywordMain.groovy:20)
	at com.kms.katalon.core.webui.keyword.builtin.SetTextKeyword.setText(SetTextKeyword.groovy:66)
	at com.kms.katalon.core.webui.keyword.builtin.SetTextKeyword.execute(SetTextKeyword.groovy:37)
	at com.kms.katalon.core.keyword.internal.KeywordExecutor.executeKeywordForPlatform(KeywordExecutor.groovy:74)
	at com.kms.katalon.core.webui.keyword.WebUiBuiltInKeywords.setText(WebUiBuiltInKeywords.groovy:980)
	at Script1698861099852.run(Script1698861099852.groovy:28)
	... 15 more
)

2023-11-08 10:54:32 - [MESSAGE][INFO] - Unable to find the element located by 'By.xpath: //input[@id='address.street']'. Please recheck the objects properties to make sure the desired element is located. 

2023-11-08 10:54:32 - [MESSAGE][WARNING] - [SELF-HEALING] Failed to find element with id 'Object Repository/Page_ParaBank_Customer_Lookup/txtAddress.street'. Try using Self-healing.

2023-11-08 10:54:32 - [MESSAGE][INFO] - [SELF-HEALING] Failed Locator: '//input[@id='address.street']'.

2023-11-08 10:54:32 - [MESSAGE][INFO] - [SELF-HEALING] Failed Locator: '//form[@id='lookupForm']/table/tbody/tr[3]/td[2]/input'.

2023-11-08 10:54:32 - [MESSAGE][INFO] - [SELF-HEALING] Failed Locator: '//tr[3]/td[2]/input'.

2023-11-08 10:54:32 - [MESSAGE][INFO] - [SELF-HEALING] Failed Locator: '//input[@id = 'address.street' and @name = 'address.street' and @type = 'text']'.

2023-11-08 10:54:32 - [MESSAGE][INFO] - [SELF-HEALING] Failed Locator: '//input[@id='address.street']'.

2023-11-08 10:54:32 - [MESSAGE][INFO] - [SELF-HEALING] Failed Locator: '//form[@id='lookupForm']/table/tbody/tr[3]/td[2]/input'.

2023-11-08 10:54:32 - [MESSAGE][INFO] - [SELF-HEALING] Failed Locator: '//tr[3]/td[2]/input'.

2023-11-08 10:54:32 - [MESSAGE][INFO] - [SELF-HEALING] Failed Locator: '//input[@id = 'address.street' and @name = 'address.street' and @type = 'text']'.

2023-11-08 10:54:32 - [MESSAGE][INFO] - [SELF-HEALING] Failed Locator: '//input[@id='address.street']'.

2023-11-08 10:54:32 - [MESSAGE][INFO] - [SELF-HEALING] Failed Locator: '//form[@id='lookupForm']/table/tbody/tr[3]/td[2]/input'.

2023-11-08 10:54:32 - [MESSAGE][INFO] - [SELF-HEALING] Failed Locator: '//tr[3]/td[2]/input'.

2023-11-08 10:54:32 - [MESSAGE][INFO] - [SELF-HEALING] Failed Locator: '//input[@id = 'address.street' and @name = 'address.street' and @type = 'text']'.

2023-11-08 10:54:32 - [MESSAGE][INFO] - [SELF-HEALING] Failed Locator: '//input[@id='address.street']'.

2023-11-08 10:54:32 - [MESSAGE][INFO] - [SELF-HEALING] Failed Locator: '//form[@id='lookupForm']/table/tbody/tr[3]/td[2]/input'.

2023-11-08 10:54:32 - [MESSAGE][INFO] - [SELF-HEALING] Failed Locator: '//tr[3]/td[2]/input'.

2023-11-08 10:54:32 - [MESSAGE][INFO] - [SELF-HEALING] Failed Locator: '//input[@id = 'address.street' and @name = 'address.street' and @type = 'text']'.

2023-11-08 10:54:32 - [MESSAGE][INFO] - [SELF-HEALING] Failed Locator: '//input[@id='address.street']'.

2023-11-08 10:54:32 - [MESSAGE][INFO] - [SELF-HEALING] Failed Locator: '//form[@id='lookupForm']/table/tbody/tr[3]/td[2]/input'.

2023-11-08 10:54:32 - [MESSAGE][INFO] - [SELF-HEALING] Failed Locator: '//tr[3]/td[2]/input'.

2023-11-08 10:54:32 - [MESSAGE][INFO] - [SELF-HEALING] Failed Locator: '//input[@id = 'address.street' and @name = 'address.street' and @type = 'text']'.

2023-11-08 10:54:32 - [MESSAGE][INFO] - [SELF-HEALING] Failed Locator: '//input[@id='address.street']'.

2023-11-08 10:54:32 - [MESSAGE][INFO] - [SELF-HEALING] Failed Locator: '//form[@id='lookupForm']/table/tbody/tr[3]/td[2]/input'.

2023-11-08 10:54:32 - [MESSAGE][INFO] - [SELF-HEALING] Failed Locator: '//tr[3]/td[2]/input'.

2023-11-08 10:54:32 - [MESSAGE][INFO] - [SELF-HEALING] Failed Locator: '//input[@id = 'address.street' and @name = 'address.street' and @type = 'text']'.

2023-11-08 10:54:32 - [MESSAGE][INFO] - [SELF-HEALING] Failed Locator: '//input[@id='address.street']'.

2023-11-08 10:54:32 - [MESSAGE][INFO] - [SELF-HEALING] Failed Locator: '//form[@id='lookupForm']/table/tbody/tr[3]/td[2]/input'.

2023-11-08 10:54:32 - [MESSAGE][INFO] - [SELF-HEALING] Failed Locator: '//tr[3]/td[2]/input'.

2023-11-08 10:54:32 - [MESSAGE][INFO] - [SELF-HEALING] Failed Locator: '//input[@id = 'address.street' and @name = 'address.street' and @type = 'text']'.

2023-11-08 10:54:32 - [MESSAGE][INFO] - [SELF-HEALING] Failed Locator: '//input[@id='address.street']'.

2023-11-08 10:54:32 - [MESSAGE][INFO] - [SELF-HEALING] Failed Locator: '//form[@id='lookupForm']/table/tbody/tr[3]/td[2]/input'.

2023-11-08 10:54:32 - [MESSAGE][INFO] - [SELF-HEALING] Failed Locator: '//tr[3]/td[2]/input'.

2023-11-08 10:54:32 - [MESSAGE][INFO] - [SELF-HEALING] Failed Locator: '//input[@id = 'address.street' and @name = 'address.street' and @type = 'text']'.

2023-11-08 10:54:32 - [MESSAGE][INFO] - [SELF-HEALING] Failed Locator: '//input[@id='address.street']'.

2023-11-08 10:54:32 - [MESSAGE][INFO] - [SELF-HEALING] Failed Locator: '//form[@id='lookupForm']/table/tbody/tr[3]/td[2]/input'.

2023-11-08 10:54:32 - [MESSAGE][INFO] - [SELF-HEALING] Failed Locator: '//tr[3]/td[2]/input'.

2023-11-08 10:54:32 - [MESSAGE][INFO] - [SELF-HEALING] Failed Locator: '//input[@id = 'address.street' and @name = 'address.street' and @type = 'text']'.

2023-11-08 10:54:32 - [MESSAGE][INFO] - [SELF-HEALING] Failed Locator: '//input[@id='address.street']'.

2023-11-08 10:54:32 - [MESSAGE][INFO] - [SELF-HEALING] Failed Locator: '//form[@id='lookupForm']/table/tbody/tr[3]/td[2]/input'.

2023-11-08 10:54:32 - [MESSAGE][INFO] - [SELF-HEALING] Failed Locator: '//tr[3]/td[2]/input'.

2023-11-08 10:54:32 - [MESSAGE][INFO] - [SELF-HEALING] Failed Locator: '//input[@id = 'address.street' and @name = 'address.street' and @type = 'text']'.

2023-11-08 10:54:32 - [MESSAGE][INFO] - [SELF-HEALING] Failed Locator: '//input[@id='address.street']'.

2023-11-08 10:54:32 - [MESSAGE][INFO] - [SELF-HEALING] Failed Locator: '//form[@id='lookupForm']/table/tbody/tr[3]/td[2]/input'.

2023-11-08 10:54:32 - [MESSAGE][INFO] - [SELF-HEALING] Failed Locator: '//tr[3]/td[2]/input'.

2023-11-08 10:54:32 - [MESSAGE][INFO] - [SELF-HEALING] Failed Locator: '//input[@id = 'address.street' and @name = 'address.street' and @type = 'text']'.

2023-11-08 10:54:32 - [MESSAGE][INFO] - [SELF-HEALING] Failed Locator: '//input[@id='address.street']'.

2023-11-08 10:54:32 - [MESSAGE][INFO] - [SELF-HEALING] Failed Locator: '//form[@id='lookupForm']/table/tbody/tr[3]/td[2]/input'.

2023-11-08 10:54:32 - [MESSAGE][INFO] - [SELF-HEALING] Failed Locator: '//tr[3]/td[2]/input'.

2023-11-08 10:54:32 - [MESSAGE][INFO] - [SELF-HEALING] Failed Locator: '//input[@id = 'address.street' and @name = 'address.street' and @type = 'text']'.

2023-11-08 10:54:32 - [MESSAGE][INFO] - [SELF-HEALING] Failed Locator: '//input[@id='address.street']'.

2023-11-08 10:54:32 - [MESSAGE][INFO] - [SELF-HEALING] Failed Locator: '//form[@id='lookupForm']/table/tbody/tr[3]/td[2]/input'.

2023-11-08 10:54:32 - [MESSAGE][INFO] - [SELF-HEALING] Failed Locator: '//tr[3]/td[2]/input'.

2023-11-08 10:54:32 - [MESSAGE][INFO] - [SELF-HEALING] Failed Locator: '//input[@id = 'address.street' and @name = 'address.street' and @type = 'text']'.

2023-11-08 10:54:32 - [MESSAGE][INFO] - [SELF-HEALING] Failed Locator: '//input[@id='address.street']'.

2023-11-08 10:54:32 - [MESSAGE][INFO] - [SELF-HEALING] Failed Locator: '//form[@id='lookupForm']/table/tbody/tr[3]/td[2]/input'.

2023-11-08 10:54:32 - [MESSAGE][INFO] - [SELF-HEALING] Failed Locator: '//tr[3]/td[2]/input'.

2023-11-08 10:54:32 - [MESSAGE][INFO] - [SELF-HEALING] Failed Locator: '//input[@id = 'address.street' and @name = 'address.street' and @type = 'text']'.

2023-11-08 10:54:32 - [MESSAGE][INFO] - [SELF-HEALING] Failed Locator: '//input[@id='address.street']'.

2023-11-08 10:54:32 - [MESSAGE][INFO] - [SELF-HEALING] Failed Locator: '//form[@id='lookupForm']/table/tbody/tr[3]/td[2]/input'.

2023-11-08 10:54:32 - [MESSAGE][INFO] - [SELF-HEALING] Failed Locator: '//tr[3]/td[2]/input'.

2023-11-08 10:54:33 - [MESSAGE][INFO] - [SELF-HEALING] Failed Locator: '//input[@id = 'address.street' and @name = 'address.street' and @type = 'text']'.

2023-11-08 10:54:33 - [MESSAGE][INFO] - [SELF-HEALING] Failed Locator: '//input[@id='address.street']'.

2023-11-08 10:54:33 - [MESSAGE][INFO] - [SELF-HEALING] Failed Locator: '//form[@id='lookupForm']/table/tbody/tr[3]/td[2]/input'.

2023-11-08 10:54:33 - [MESSAGE][INFO] - [SELF-HEALING] Failed Locator: '//tr[3]/td[2]/input'.

2023-11-08 10:54:33 - [MESSAGE][INFO] - [SELF-HEALING] Failed Locator: '//input[@id = 'address.street' and @name = 'address.street' and @type = 'text']'.

2023-11-08 10:54:34 - [MESSAGE][INFO] - Unable to find the element located by 'By.xpath: //*[@id = 'address.street' and @name = 'address.street' and @type = 'text']'. Please recheck the objects properties to make sure the desired element is located. 

2023-11-08 10:54:35 - [MESSAGE][INFO] - Unable to find the element located by 'By.cssSelector: '. Please recheck the objects properties to make sure the desired element is located. 

2023-11-08 10:54:35 - [MESSAGE][FAILED] - Unable to set text '123 Dublin Dr' of object 'Object Repository/Page_ParaBank_Customer_Lookup/txtAddress.street' (Root cause: com.kms.katalon.core.exception.StepFailedException: Unable to set text '123 Dublin Dr' of object 'Object Repository/Page_ParaBank_Customer_Lookup/txtAddress.street'
	at com.kms.katalon.core.webui.keyword.internal.WebUIKeywordMain.stepFailed(WebUIKeywordMain.groovy:64)
	at com.kms.katalon.core.webui.keyword.internal.WebUIKeywordMain.runKeyword(WebUIKeywordMain.groovy:26)
	at com.kms.katalon.core.webui.keyword.builtin.SetTextKeyword.setText(SetTextKeyword.groovy:66)
	at com.kms.katalon.core.webui.keyword.builtin.SetTextKeyword.execute(SetTextKeyword.groovy:37)
	at com.kms.katalon.core.keyword.internal.KeywordExecutor.executeKeywordForPlatform(KeywordExecutor.groovy:74)
	at com.kms.katalon.core.webui.keyword.WebUiBuiltInKeywords.setText(WebUiBuiltInKeywords.groovy:980)
	at MTC003 - Forgot login.run(MTC003 - Forgot login:28)
	at com.kms.katalon.core.main.ScriptEngine.run(ScriptEngine.java:194)
	at com.kms.katalon.core.main.ScriptEngine.runScriptAsRawText(ScriptEngine.java:119)
	at com.kms.katalon.core.main.TestCaseExecutor.runScript(TestCaseExecutor.java:448)
	at com.kms.katalon.core.main.TestCaseExecutor.doExecute(TestCaseExecutor.java:439)
	at com.kms.katalon.core.main.TestCaseExecutor.processExecutionPhase(TestCaseExecutor.java:418)
	at com.kms.katalon.core.main.TestCaseExecutor.accessMainPhase(TestCaseExecutor.java:410)
	at com.kms.katalon.core.main.TestCaseExecutor.execute(TestCaseExecutor.java:285)
	at com.kms.katalon.core.common.CommonExecutor.accessTestCaseMainPhase(CommonExecutor.java:65)
	at com.kms.katalon.core.main.TestSuiteExecutor.accessTestSuiteMainPhase(TestSuiteExecutor.java:148)
	at com.kms.katalon.core.main.TestSuiteExecutor.execute(TestSuiteExecutor.java:106)
	at com.kms.katalon.core.main.TestCaseMain.startTestSuite(TestCaseMain.java:187)
	at TempTestSuite1699458622452.run(TempTestSuite1699458622452.groovy:36)
	at java.base/jdk.internal.reflect.NativeMethodAccessorImpl.invoke0(Native Method)
	at java.base/jdk.internal.reflect.NativeMethodAccessorImpl.invoke(NativeMethodAccessorImpl.java:77)
	at java.base/jdk.internal.reflect.DelegatingMethodAccessorImpl.invoke(DelegatingMethodAccessorImpl.java:43)
Caused by: com.kms.katalon.core.webui.exception.WebElementNotFoundException: Web element with id: 'Object Repository/Page_ParaBank_Customer_Lookup/txtAddress.street' located by '//input[@id='address.street']' not found
	at com.kms.katalon.core.webui.common.WebUiCommonHelper.findWebElement(WebUiCommonHelper.java:1379)
	at com.kms.katalon.core.webui.keyword.internal.WebUIAbstractKeyword.findWebElement(WebUIAbstractKeyword.groovy:27)
	at com.kms.katalon.core.webui.keyword.internal.WebUIAbstractKeyword.findWebElement(WebUIAbstractKeyword.groovy:26)
	at com.kms.katalon.core.webui.keyword.builtin.SetTextKeyword$_setText_closure1.doCall(SetTextKeyword.groovy:51)
	at com.kms.katalon.core.webui.keyword.builtin.SetTextKeyword$_setText_closure1.call(SetTextKeyword.groovy)
	at com.kms.katalon.core.webui.keyword.internal.WebUIKeywordMain.runKeyword(WebUIKeywordMain.groovy:20)
	at com.kms.katalon.core.webui.keyword.builtin.SetTextKeyword.setText(SetTextKeyword.groovy:66)
	at com.kms.katalon.core.webui.keyword.builtin.SetTextKeyword.execute(SetTextKeyword.groovy:37)
	at com.kms.katalon.core.keyword.internal.KeywordExecutor.executeKeywordForPlatform(KeywordExecutor.groovy:74)
	at com.kms.katalon.core.webui.keyword.WebUiBuiltInKeywords.setText(WebUiBuiltInKeywords.groovy:980)
	at Script1698861099852.run(Script1698861099852.groovy:28)
	... 15 more
)
[[ATTACHMENT|C:\\Users\\GKOKABAYEVA\\Katalon Studio\\Parabank\\Reports\\20231108_105022\\Smoke Test Suites\\STS002 - Login verification\\20231108_105022\\1699458875087.png]]

2023-11-08 10:54:35 - [TEST_STEP][FAILED] - setText(findTestObject("Object Repository/Page_ParaBank_Customer_Lookup/txtAddress.city"), city): Unable to set text 'Lake Mary' of object 'Object Repository/Page_ParaBank_Customer_Lookup/txtAddress.city' (Root cause: com.kms.katalon.core.exception.StepFailedException: Unable to set text 'Lake Mary' of object 'Object Repository/Page_ParaBank_Customer_Lookup/txtAddress.city'
	at com.kms.katalon.core.webui.keyword.internal.WebUIKeywordMain.stepFailed(WebUIKeywordMain.groovy:64)
	at com.kms.katalon.core.webui.keyword.internal.WebUIKeywordMain.runKeyword(WebUIKeywordMain.groovy:26)
	at com.kms.katalon.core.webui.keyword.builtin.SetTextKeyword.setText(SetTextKeyword.groovy:66)
	at com.kms.katalon.core.webui.keyword.builtin.SetTextKeyword.execute(SetTextKeyword.groovy:37)
	at com.kms.katalon.core.keyword.internal.KeywordExecutor.executeKeywordForPlatform(KeywordExecutor.groovy:74)
	at com.kms.katalon.core.webui.keyword.WebUiBuiltInKeywords.setText(WebUiBuiltInKeywords.groovy:980)
	at MTC003 - Forgot login.run(MTC003 - Forgot login:30)
	at com.kms.katalon.core.main.ScriptEngine.run(ScriptEngine.java:194)
	at com.kms.katalon.core.main.ScriptEngine.runScriptAsRawText(ScriptEngine.java:119)
	at com.kms.katalon.core.main.TestCaseExecutor.runScript(TestCaseExecutor.java:448)
	at com.kms.katalon.core.main.TestCaseExecutor.doExecute(TestCaseExecutor.java:439)
	at com.kms.katalon.core.main.TestCaseExecutor.processExecutionPhase(TestCaseExecutor.java:418)
	at com.kms.katalon.core.main.TestCaseExecutor.accessMainPhase(TestCaseExecutor.java:410)
	at com.kms.katalon.core.main.TestCaseExecutor.execute(TestCaseExecutor.java:285)
	at com.kms.katalon.core.common.CommonExecutor.accessTestCaseMainPhase(CommonExecutor.java:65)
	at com.kms.katalon.core.main.TestSuiteExecutor.accessTestSuiteMainPhase(TestSuiteExecutor.java:148)
	at com.kms.katalon.core.main.TestSuiteExecutor.execute(TestSuiteExecutor.java:106)
	at com.kms.katalon.core.main.TestCaseMain.startTestSuite(TestCaseMain.java:187)
	at TempTestSuite1699458622452.run(TempTestSuite1699458622452.groovy:36)
	at java.base/jdk.internal.reflect.NativeMethodAccessorImpl.invoke0(Native Method)
	at java.base/jdk.internal.reflect.NativeMethodAccessorImpl.invoke(NativeMethodAccessorImpl.java:77)
	at java.base/jdk.internal.reflect.DelegatingMethodAccessorImpl.invoke(DelegatingMethodAccessorImpl.java:43)
Caused by: com.kms.katalon.core.webui.exception.WebElementNotFoundException: Web element with id: 'Object Repository/Page_ParaBank_Customer_Lookup/txtAddress.city' located by '//input[@id='address.city']' not found
	at com.kms.katalon.core.webui.common.WebUiCommonHelper.findWebElement(WebUiCommonHelper.java:1379)
	at com.kms.katalon.core.webui.keyword.internal.WebUIAbstractKeyword.findWebElement(WebUIAbstractKeyword.groovy:27)
	at com.kms.katalon.core.webui.keyword.internal.WebUIAbstractKeyword.findWebElement(WebUIAbstractKeyword.groovy:26)
	at com.kms.katalon.core.webui.keyword.builtin.SetTextKeyword$_setText_closure1.doCall(SetTextKeyword.groovy:51)
	at com.kms.katalon.core.webui.keyword.builtin.SetTextKeyword$_setText_closure1.call(SetTextKeyword.groovy)
	at com.kms.katalon.core.webui.keyword.internal.WebUIKeywordMain.runKeyword(WebUIKeywordMain.groovy:20)
	at com.kms.katalon.core.webui.keyword.builtin.SetTextKeyword.setText(SetTextKeyword.groovy:66)
	at com.kms.katalon.core.webui.keyword.builtin.SetTextKeyword.execute(SetTextKeyword.groovy:37)
	at com.kms.katalon.core.keyword.internal.KeywordExecutor.executeKeywordForPlatform(KeywordExecutor.groovy:74)
	at com.kms.katalon.core.webui.keyword.WebUiBuiltInKeywords.setText(WebUiBuiltInKeywords.groovy:980)
	at Script1698861099852.run(Script1698861099852.groovy:30)
	... 15 more
)

2023-11-08 10:55:06 - [MESSAGE][INFO] - Unable to find the element located by 'By.xpath: //input[@id='address.city']'. Please recheck the objects properties to make sure the desired element is located. 

2023-11-08 10:55:06 - [MESSAGE][WARNING] - [SELF-HEALING] Failed to find element with id 'Object Repository/Page_ParaBank_Customer_Lookup/txtAddress.city'. Try using Self-healing.

2023-11-08 10:55:06 - [MESSAGE][INFO] - [SELF-HEALING] Failed Locator: '//input[@id='address.city']'.

2023-11-08 10:55:06 - [MESSAGE][INFO] - [SELF-HEALING] Failed Locator: '//form[@id='lookupForm']/table/tbody/tr[4]/td[2]/input'.

2023-11-08 10:55:06 - [MESSAGE][INFO] - [SELF-HEALING] Failed Locator: '//tr[4]/td[2]/input'.

2023-11-08 10:55:06 - [MESSAGE][INFO] - [SELF-HEALING] Failed Locator: '//input[@id = 'address.city' and @name = 'address.city' and @type = 'text']'.

2023-11-08 10:55:06 - [MESSAGE][INFO] - [SELF-HEALING] Failed Locator: '//input[@id='address.city']'.

2023-11-08 10:55:06 - [MESSAGE][INFO] - [SELF-HEALING] Failed Locator: '//form[@id='lookupForm']/table/tbody/tr[4]/td[2]/input'.

2023-11-08 10:55:06 - [MESSAGE][INFO] - [SELF-HEALING] Failed Locator: '//tr[4]/td[2]/input'.

2023-11-08 10:55:06 - [MESSAGE][INFO] - [SELF-HEALING] Failed Locator: '//input[@id = 'address.city' and @name = 'address.city' and @type = 'text']'.

2023-11-08 10:55:06 - [MESSAGE][INFO] - [SELF-HEALING] Failed Locator: '//input[@id='address.city']'.

2023-11-08 10:55:06 - [MESSAGE][INFO] - [SELF-HEALING] Failed Locator: '//form[@id='lookupForm']/table/tbody/tr[4]/td[2]/input'.

2023-11-08 10:55:06 - [MESSAGE][INFO] - [SELF-HEALING] Failed Locator: '//tr[4]/td[2]/input'.

2023-11-08 10:55:06 - [MESSAGE][INFO] - [SELF-HEALING] Failed Locator: '//input[@id = 'address.city' and @name = 'address.city' and @type = 'text']'.

2023-11-08 10:55:06 - [MESSAGE][INFO] - [SELF-HEALING] Failed Locator: '//input[@id='address.city']'.

2023-11-08 10:55:06 - [MESSAGE][INFO] - [SELF-HEALING] Failed Locator: '//form[@id='lookupForm']/table/tbody/tr[4]/td[2]/input'.

2023-11-08 10:55:06 - [MESSAGE][INFO] - [SELF-HEALING] Failed Locator: '//tr[4]/td[2]/input'.

2023-11-08 10:55:06 - [MESSAGE][INFO] - [SELF-HEALING] Failed Locator: '//input[@id = 'address.city' and @name = 'address.city' and @type = 'text']'.

2023-11-08 10:55:06 - [MESSAGE][INFO] - [SELF-HEALING] Failed Locator: '//input[@id='address.city']'.

2023-11-08 10:55:06 - [MESSAGE][INFO] - [SELF-HEALING] Failed Locator: '//form[@id='lookupForm']/table/tbody/tr[4]/td[2]/input'.

2023-11-08 10:55:06 - [MESSAGE][INFO] - [SELF-HEALING] Failed Locator: '//tr[4]/td[2]/input'.

2023-11-08 10:55:06 - [MESSAGE][INFO] - [SELF-HEALING] Failed Locator: '//input[@id = 'address.city' and @name = 'address.city' and @type = 'text']'.

2023-11-08 10:55:06 - [MESSAGE][INFO] - [SELF-HEALING] Failed Locator: '//input[@id='address.city']'.

2023-11-08 10:55:06 - [MESSAGE][INFO] - [SELF-HEALING] Failed Locator: '//form[@id='lookupForm']/table/tbody/tr[4]/td[2]/input'.

2023-11-08 10:55:06 - [MESSAGE][INFO] - [SELF-HEALING] Failed Locator: '//tr[4]/td[2]/input'.

2023-11-08 10:55:06 - [MESSAGE][INFO] - [SELF-HEALING] Failed Locator: '//input[@id = 'address.city' and @name = 'address.city' and @type = 'text']'.

2023-11-08 10:55:06 - [MESSAGE][INFO] - [SELF-HEALING] Failed Locator: '//input[@id='address.city']'.

2023-11-08 10:55:06 - [MESSAGE][INFO] - [SELF-HEALING] Failed Locator: '//form[@id='lookupForm']/table/tbody/tr[4]/td[2]/input'.

2023-11-08 10:55:06 - [MESSAGE][INFO] - [SELF-HEALING] Failed Locator: '//tr[4]/td[2]/input'.

2023-11-08 10:55:06 - [MESSAGE][INFO] - [SELF-HEALING] Failed Locator: '//input[@id = 'address.city' and @name = 'address.city' and @type = 'text']'.

2023-11-08 10:55:06 - [MESSAGE][INFO] - [SELF-HEALING] Failed Locator: '//input[@id='address.city']'.

2023-11-08 10:55:06 - [MESSAGE][INFO] - [SELF-HEALING] Failed Locator: '//form[@id='lookupForm']/table/tbody/tr[4]/td[2]/input'.

2023-11-08 10:55:06 - [MESSAGE][INFO] - [SELF-HEALING] Failed Locator: '//tr[4]/td[2]/input'.

2023-11-08 10:55:06 - [MESSAGE][INFO] - [SELF-HEALING] Failed Locator: '//input[@id = 'address.city' and @name = 'address.city' and @type = 'text']'.

2023-11-08 10:55:06 - [MESSAGE][INFO] - [SELF-HEALING] Failed Locator: '//input[@id='address.city']'.

2023-11-08 10:55:06 - [MESSAGE][INFO] - [SELF-HEALING] Failed Locator: '//form[@id='lookupForm']/table/tbody/tr[4]/td[2]/input'.

2023-11-08 10:55:06 - [MESSAGE][INFO] - [SELF-HEALING] Failed Locator: '//tr[4]/td[2]/input'.

2023-11-08 10:55:06 - [MESSAGE][INFO] - [SELF-HEALING] Failed Locator: '//input[@id = 'address.city' and @name = 'address.city' and @type = 'text']'.

2023-11-08 10:55:06 - [MESSAGE][INFO] - [SELF-HEALING] Failed Locator: '//input[@id='address.city']'.

2023-11-08 10:55:06 - [MESSAGE][INFO] - [SELF-HEALING] Failed Locator: '//form[@id='lookupForm']/table/tbody/tr[4]/td[2]/input'.

2023-11-08 10:55:06 - [MESSAGE][INFO] - [SELF-HEALING] Failed Locator: '//tr[4]/td[2]/input'.

2023-11-08 10:55:06 - [MESSAGE][INFO] - [SELF-HEALING] Failed Locator: '//input[@id = 'address.city' and @name = 'address.city' and @type = 'text']'.

2023-11-08 10:55:06 - [MESSAGE][INFO] - [SELF-HEALING] Failed Locator: '//input[@id='address.city']'.

2023-11-08 10:55:06 - [MESSAGE][INFO] - [SELF-HEALING] Failed Locator: '//form[@id='lookupForm']/table/tbody/tr[4]/td[2]/input'.

2023-11-08 10:55:06 - [MESSAGE][INFO] - [SELF-HEALING] Failed Locator: '//tr[4]/td[2]/input'.

2023-11-08 10:55:07 - [MESSAGE][INFO] - [SELF-HEALING] Failed Locator: '//input[@id = 'address.city' and @name = 'address.city' and @type = 'text']'.

2023-11-08 10:55:07 - [MESSAGE][INFO] - [SELF-HEALING] Failed Locator: '//input[@id='address.city']'.

2023-11-08 10:55:07 - [MESSAGE][INFO] - [SELF-HEALING] Failed Locator: '//form[@id='lookupForm']/table/tbody/tr[4]/td[2]/input'.

2023-11-08 10:55:07 - [MESSAGE][INFO] - [SELF-HEALING] Failed Locator: '//tr[4]/td[2]/input'.

2023-11-08 10:55:07 - [MESSAGE][INFO] - [SELF-HEALING] Failed Locator: '//input[@id = 'address.city' and @name = 'address.city' and @type = 'text']'.

2023-11-08 10:55:07 - [MESSAGE][INFO] - [SELF-HEALING] Failed Locator: '//input[@id='address.city']'.

2023-11-08 10:55:07 - [MESSAGE][INFO] - [SELF-HEALING] Failed Locator: '//form[@id='lookupForm']/table/tbody/tr[4]/td[2]/input'.

2023-11-08 10:55:07 - [MESSAGE][INFO] - [SELF-HEALING] Failed Locator: '//tr[4]/td[2]/input'.

2023-11-08 10:55:07 - [MESSAGE][INFO] - [SELF-HEALING] Failed Locator: '//input[@id = 'address.city' and @name = 'address.city' and @type = 'text']'.

2023-11-08 10:55:07 - [MESSAGE][INFO] - [SELF-HEALING] Failed Locator: '//input[@id='address.city']'.

2023-11-08 10:55:07 - [MESSAGE][INFO] - [SELF-HEALING] Failed Locator: '//form[@id='lookupForm']/table/tbody/tr[4]/td[2]/input'.

2023-11-08 10:55:07 - [MESSAGE][INFO] - [SELF-HEALING] Failed Locator: '//tr[4]/td[2]/input'.

2023-11-08 10:55:07 - [MESSAGE][INFO] - [SELF-HEALING] Failed Locator: '//input[@id = 'address.city' and @name = 'address.city' and @type = 'text']'.

2023-11-08 10:55:08 - [MESSAGE][INFO] - Unable to find the element located by 'By.xpath: //*[@id = 'address.city' and @name = 'address.city' and @type = 'text']'. Please recheck the objects properties to make sure the desired element is located. 

2023-11-08 10:55:09 - [MESSAGE][INFO] - Unable to find the element located by 'By.cssSelector: '. Please recheck the objects properties to make sure the desired element is located. 

2023-11-08 10:55:09 - [MESSAGE][FAILED] - Unable to set text 'Lake Mary' of object 'Object Repository/Page_ParaBank_Customer_Lookup/txtAddress.city' (Root cause: com.kms.katalon.core.exception.StepFailedException: Unable to set text 'Lake Mary' of object 'Object Repository/Page_ParaBank_Customer_Lookup/txtAddress.city'
	at com.kms.katalon.core.webui.keyword.internal.WebUIKeywordMain.stepFailed(WebUIKeywordMain.groovy:64)
	at com.kms.katalon.core.webui.keyword.internal.WebUIKeywordMain.runKeyword(WebUIKeywordMain.groovy:26)
	at com.kms.katalon.core.webui.keyword.builtin.SetTextKeyword.setText(SetTextKeyword.groovy:66)
	at com.kms.katalon.core.webui.keyword.builtin.SetTextKeyword.execute(SetTextKeyword.groovy:37)
	at com.kms.katalon.core.keyword.internal.KeywordExecutor.executeKeywordForPlatform(KeywordExecutor.groovy:74)
	at com.kms.katalon.core.webui.keyword.WebUiBuiltInKeywords.setText(WebUiBuiltInKeywords.groovy:980)
	at MTC003 - Forgot login.run(MTC003 - Forgot login:30)
	at com.kms.katalon.core.main.ScriptEngine.run(ScriptEngine.java:194)
	at com.kms.katalon.core.main.ScriptEngine.runScriptAsRawText(ScriptEngine.java:119)
	at com.kms.katalon.core.main.TestCaseExecutor.runScript(TestCaseExecutor.java:448)
	at com.kms.katalon.core.main.TestCaseExecutor.doExecute(TestCaseExecutor.java:439)
	at com.kms.katalon.core.main.TestCaseExecutor.processExecutionPhase(TestCaseExecutor.java:418)
	at com.kms.katalon.core.main.TestCaseExecutor.accessMainPhase(TestCaseExecutor.java:410)
	at com.kms.katalon.core.main.TestCaseExecutor.execute(TestCaseExecutor.java:285)
	at com.kms.katalon.core.common.CommonExecutor.accessTestCaseMainPhase(CommonExecutor.java:65)
	at com.kms.katalon.core.main.TestSuiteExecutor.accessTestSuiteMainPhase(TestSuiteExecutor.java:148)
	at com.kms.katalon.core.main.TestSuiteExecutor.execute(TestSuiteExecutor.java:106)
	at com.kms.katalon.core.main.TestCaseMain.startTestSuite(TestCaseMain.java:187)
	at TempTestSuite1699458622452.run(TempTestSuite1699458622452.groovy:36)
	at java.base/jdk.internal.reflect.NativeMethodAccessorImpl.invoke0(Native Method)
	at java.base/jdk.internal.reflect.NativeMethodAccessorImpl.invoke(NativeMethodAccessorImpl.java:77)
	at java.base/jdk.internal.reflect.DelegatingMethodAccessorImpl.invoke(DelegatingMethodAccessorImpl.java:43)
Caused by: com.kms.katalon.core.webui.exception.WebElementNotFoundException: Web element with id: 'Object Repository/Page_ParaBank_Customer_Lookup/txtAddress.city' located by '//input[@id='address.city']' not found
	at com.kms.katalon.core.webui.common.WebUiCommonHelper.findWebElement(WebUiCommonHelper.java:1379)
	at com.kms.katalon.core.webui.keyword.internal.WebUIAbstractKeyword.findWebElement(WebUIAbstractKeyword.groovy:27)
	at com.kms.katalon.core.webui.keyword.internal.WebUIAbstractKeyword.findWebElement(WebUIAbstractKeyword.groovy:26)
	at com.kms.katalon.core.webui.keyword.builtin.SetTextKeyword$_setText_closure1.doCall(SetTextKeyword.groovy:51)
	at com.kms.katalon.core.webui.keyword.builtin.SetTextKeyword$_setText_closure1.call(SetTextKeyword.groovy)
	at com.kms.katalon.core.webui.keyword.internal.WebUIKeywordMain.runKeyword(WebUIKeywordMain.groovy:20)
	at com.kms.katalon.core.webui.keyword.builtin.SetTextKeyword.setText(SetTextKeyword.groovy:66)
	at com.kms.katalon.core.webui.keyword.builtin.SetTextKeyword.execute(SetTextKeyword.groovy:37)
	at com.kms.katalon.core.keyword.internal.KeywordExecutor.executeKeywordForPlatform(KeywordExecutor.groovy:74)
	at com.kms.katalon.core.webui.keyword.WebUiBuiltInKeywords.setText(WebUiBuiltInKeywords.groovy:980)
	at Script1698861099852.run(Script1698861099852.groovy:30)
	... 15 more
)
[[ATTACHMENT|C:\\Users\\GKOKABAYEVA\\Katalon Studio\\Parabank\\Reports\\20231108_105022\\Smoke Test Suites\\STS002 - Login verification\\20231108_105022\\1699458909266.png]]

2023-11-08 10:55:09 - [TEST_STEP][FAILED] - setText(findTestObject("Object Repository/Page_ParaBank_Customer_Lookup/txtAddress.state"), state): Unable to set text 'Florida' of object 'Object Repository/Page_ParaBank_Customer_Lookup/txtAddress.state' (Root cause: com.kms.katalon.core.exception.StepFailedException: Unable to set text 'Florida' of object 'Object Repository/Page_ParaBank_Customer_Lookup/txtAddress.state'
	at com.kms.katalon.core.webui.keyword.internal.WebUIKeywordMain.stepFailed(WebUIKeywordMain.groovy:64)
	at com.kms.katalon.core.webui.keyword.internal.WebUIKeywordMain.runKeyword(WebUIKeywordMain.groovy:26)
	at com.kms.katalon.core.webui.keyword.builtin.SetTextKeyword.setText(SetTextKeyword.groovy:66)
	at com.kms.katalon.core.webui.keyword.builtin.SetTextKeyword.execute(SetTextKeyword.groovy:37)
	at com.kms.katalon.core.keyword.internal.KeywordExecutor.executeKeywordForPlatform(KeywordExecutor.groovy:74)
	at com.kms.katalon.core.webui.keyword.WebUiBuiltInKeywords.setText(WebUiBuiltInKeywords.groovy:980)
	at MTC003 - Forgot login.run(MTC003 - Forgot login:32)
	at com.kms.katalon.core.main.ScriptEngine.run(ScriptEngine.java:194)
	at com.kms.katalon.core.main.ScriptEngine.runScriptAsRawText(ScriptEngine.java:119)
	at com.kms.katalon.core.main.TestCaseExecutor.runScript(TestCaseExecutor.java:448)
	at com.kms.katalon.core.main.TestCaseExecutor.doExecute(TestCaseExecutor.java:439)
	at com.kms.katalon.core.main.TestCaseExecutor.processExecutionPhase(TestCaseExecutor.java:418)
	at com.kms.katalon.core.main.TestCaseExecutor.accessMainPhase(TestCaseExecutor.java:410)
	at com.kms.katalon.core.main.TestCaseExecutor.execute(TestCaseExecutor.java:285)
	at com.kms.katalon.core.common.CommonExecutor.accessTestCaseMainPhase(CommonExecutor.java:65)
	at com.kms.katalon.core.main.TestSuiteExecutor.accessTestSuiteMainPhase(TestSuiteExecutor.java:148)
	at com.kms.katalon.core.main.TestSuiteExecutor.execute(TestSuiteExecutor.java:106)
	at com.kms.katalon.core.main.TestCaseMain.startTestSuite(TestCaseMain.java:187)
	at TempTestSuite1699458622452.run(TempTestSuite1699458622452.groovy:36)
	at java.base/jdk.internal.reflect.NativeMethodAccessorImpl.invoke0(Native Method)
	at java.base/jdk.internal.reflect.NativeMethodAccessorImpl.invoke(NativeMethodAccessorImpl.java:77)
	at java.base/jdk.internal.reflect.DelegatingMethodAccessorImpl.invoke(DelegatingMethodAccessorImpl.java:43)
Caused by: com.kms.katalon.core.webui.exception.WebElementNotFoundException: Web element with id: 'Object Repository/Page_ParaBank_Customer_Lookup/txtAddress.state' located by '//input[@id='address.state']' not found
	at com.kms.katalon.core.webui.common.WebUiCommonHelper.findWebElement(WebUiCommonHelper.java:1379)
	at com.kms.katalon.core.webui.keyword.internal.WebUIAbstractKeyword.findWebElement(WebUIAbstractKeyword.groovy:27)
	at com.kms.katalon.core.webui.keyword.internal.WebUIAbstractKeyword.findWebElement(WebUIAbstractKeyword.groovy:26)
	at com.kms.katalon.core.webui.keyword.builtin.SetTextKeyword$_setText_closure1.doCall(SetTextKeyword.groovy:51)
	at com.kms.katalon.core.webui.keyword.builtin.SetTextKeyword$_setText_closure1.call(SetTextKeyword.groovy)
	at com.kms.katalon.core.webui.keyword.internal.WebUIKeywordMain.runKeyword(WebUIKeywordMain.groovy:20)
	at com.kms.katalon.core.webui.keyword.builtin.SetTextKeyword.setText(SetTextKeyword.groovy:66)
	at com.kms.katalon.core.webui.keyword.builtin.SetTextKeyword.execute(SetTextKeyword.groovy:37)
	at com.kms.katalon.core.keyword.internal.KeywordExecutor.executeKeywordForPlatform(KeywordExecutor.groovy:74)
	at com.kms.katalon.core.webui.keyword.WebUiBuiltInKeywords.setText(WebUiBuiltInKeywords.groovy:980)
	at Script1698861099852.run(Script1698861099852.groovy:32)
	... 15 more
)

2023-11-08 10:55:40 - [MESSAGE][INFO] - Unable to find the element located by 'By.xpath: //input[@id='address.state']'. Please recheck the objects properties to make sure the desired element is located. 

2023-11-08 10:55:40 - [MESSAGE][WARNING] - [SELF-HEALING] Failed to find element with id 'Object Repository/Page_ParaBank_Customer_Lookup/txtAddress.state'. Try using Self-healing.

2023-11-08 10:55:40 - [MESSAGE][INFO] - [SELF-HEALING] Failed Locator: '//input[@id='address.state']'.

2023-11-08 10:55:40 - [MESSAGE][INFO] - [SELF-HEALING] Failed Locator: '//form[@id='lookupForm']/table/tbody/tr[5]/td[2]/input'.

2023-11-08 10:55:40 - [MESSAGE][INFO] - [SELF-HEALING] Failed Locator: '//tr[5]/td[2]/input'.

2023-11-08 10:55:40 - [MESSAGE][INFO] - [SELF-HEALING] Failed Locator: '//input[@id = 'address.state' and @name = 'address.state' and @type = 'text']'.

2023-11-08 10:55:40 - [MESSAGE][INFO] - [SELF-HEALING] Failed Locator: '//input[@id='address.state']'.

2023-11-08 10:55:40 - [MESSAGE][INFO] - [SELF-HEALING] Failed Locator: '//form[@id='lookupForm']/table/tbody/tr[5]/td[2]/input'.

2023-11-08 10:55:40 - [MESSAGE][INFO] - [SELF-HEALING] Failed Locator: '//tr[5]/td[2]/input'.

2023-11-08 10:55:40 - [MESSAGE][INFO] - [SELF-HEALING] Failed Locator: '//input[@id = 'address.state' and @name = 'address.state' and @type = 'text']'.

2023-11-08 10:55:40 - [MESSAGE][INFO] - [SELF-HEALING] Failed Locator: '//input[@id='address.state']'.

2023-11-08 10:55:40 - [MESSAGE][INFO] - [SELF-HEALING] Failed Locator: '//form[@id='lookupForm']/table/tbody/tr[5]/td[2]/input'.

2023-11-08 10:55:40 - [MESSAGE][INFO] - [SELF-HEALING] Failed Locator: '//tr[5]/td[2]/input'.

2023-11-08 10:55:40 - [MESSAGE][INFO] - [SELF-HEALING] Failed Locator: '//input[@id = 'address.state' and @name = 'address.state' and @type = 'text']'.

2023-11-08 10:55:40 - [MESSAGE][INFO] - [SELF-HEALING] Failed Locator: '//input[@id='address.state']'.

2023-11-08 10:55:40 - [MESSAGE][INFO] - [SELF-HEALING] Failed Locator: '//form[@id='lookupForm']/table/tbody/tr[5]/td[2]/input'.

2023-11-08 10:55:40 - [MESSAGE][INFO] - [SELF-HEALING] Failed Locator: '//tr[5]/td[2]/input'.

2023-11-08 10:55:40 - [MESSAGE][INFO] - [SELF-HEALING] Failed Locator: '//input[@id = 'address.state' and @name = 'address.state' and @type = 'text']'.

2023-11-08 10:55:40 - [MESSAGE][INFO] - [SELF-HEALING] Failed Locator: '//input[@id='address.state']'.

2023-11-08 10:55:40 - [MESSAGE][INFO] - [SELF-HEALING] Failed Locator: '//form[@id='lookupForm']/table/tbody/tr[5]/td[2]/input'.

2023-11-08 10:55:40 - [MESSAGE][INFO] - [SELF-HEALING] Failed Locator: '//tr[5]/td[2]/input'.

2023-11-08 10:55:40 - [MESSAGE][INFO] - [SELF-HEALING] Failed Locator: '//input[@id = 'address.state' and @name = 'address.state' and @type = 'text']'.

2023-11-08 10:55:40 - [MESSAGE][INFO] - [SELF-HEALING] Failed Locator: '//input[@id='address.state']'.

2023-11-08 10:55:40 - [MESSAGE][INFO] - [SELF-HEALING] Failed Locator: '//form[@id='lookupForm']/table/tbody/tr[5]/td[2]/input'.

2023-11-08 10:55:40 - [MESSAGE][INFO] - [SELF-HEALING] Failed Locator: '//tr[5]/td[2]/input'.

2023-11-08 10:55:40 - [MESSAGE][INFO] - [SELF-HEALING] Failed Locator: '//input[@id = 'address.state' and @name = 'address.state' and @type = 'text']'.

2023-11-08 10:55:40 - [MESSAGE][INFO] - [SELF-HEALING] Failed Locator: '//input[@id='address.state']'.

2023-11-08 10:55:40 - [MESSAGE][INFO] - [SELF-HEALING] Failed Locator: '//form[@id='lookupForm']/table/tbody/tr[5]/td[2]/input'.

2023-11-08 10:55:40 - [MESSAGE][INFO] - [SELF-HEALING] Failed Locator: '//tr[5]/td[2]/input'.

2023-11-08 10:55:40 - [MESSAGE][INFO] - [SELF-HEALING] Failed Locator: '//input[@id = 'address.state' and @name = 'address.state' and @type = 'text']'.

2023-11-08 10:55:40 - [MESSAGE][INFO] - [SELF-HEALING] Failed Locator: '//input[@id='address.state']'.

2023-11-08 10:55:40 - [MESSAGE][INFO] - [SELF-HEALING] Failed Locator: '//form[@id='lookupForm']/table/tbody/tr[5]/td[2]/input'.

2023-11-08 10:55:40 - [MESSAGE][INFO] - [SELF-HEALING] Failed Locator: '//tr[5]/td[2]/input'.

2023-11-08 10:55:40 - [MESSAGE][INFO] - [SELF-HEALING] Failed Locator: '//input[@id = 'address.state' and @name = 'address.state' and @type = 'text']'.

2023-11-08 10:55:40 - [MESSAGE][INFO] - [SELF-HEALING] Failed Locator: '//input[@id='address.state']'.

2023-11-08 10:55:40 - [MESSAGE][INFO] - [SELF-HEALING] Failed Locator: '//form[@id='lookupForm']/table/tbody/tr[5]/td[2]/input'.

2023-11-08 10:55:40 - [MESSAGE][INFO] - [SELF-HEALING] Failed Locator: '//tr[5]/td[2]/input'.

2023-11-08 10:55:40 - [MESSAGE][INFO] - [SELF-HEALING] Failed Locator: '//input[@id = 'address.state' and @name = 'address.state' and @type = 'text']'.

2023-11-08 10:55:40 - [MESSAGE][INFO] - [SELF-HEALING] Failed Locator: '//input[@id='address.state']'.

2023-11-08 10:55:41 - [MESSAGE][INFO] - [SELF-HEALING] Failed Locator: '//form[@id='lookupForm']/table/tbody/tr[5]/td[2]/input'.

2023-11-08 10:55:41 - [MESSAGE][INFO] - [SELF-HEALING] Failed Locator: '//tr[5]/td[2]/input'.

2023-11-08 10:55:41 - [MESSAGE][INFO] - [SELF-HEALING] Failed Locator: '//input[@id = 'address.state' and @name = 'address.state' and @type = 'text']'.

2023-11-08 10:55:41 - [MESSAGE][INFO] - [SELF-HEALING] Failed Locator: '//input[@id='address.state']'.

2023-11-08 10:55:41 - [MESSAGE][INFO] - [SELF-HEALING] Failed Locator: '//form[@id='lookupForm']/table/tbody/tr[5]/td[2]/input'.

2023-11-08 10:55:41 - [MESSAGE][INFO] - [SELF-HEALING] Failed Locator: '//tr[5]/td[2]/input'.

2023-11-08 10:55:41 - [MESSAGE][INFO] - [SELF-HEALING] Failed Locator: '//input[@id = 'address.state' and @name = 'address.state' and @type = 'text']'.

2023-11-08 10:55:41 - [MESSAGE][INFO] - [SELF-HEALING] Failed Locator: '//input[@id='address.state']'.

2023-11-08 10:55:41 - [MESSAGE][INFO] - [SELF-HEALING] Failed Locator: '//form[@id='lookupForm']/table/tbody/tr[5]/td[2]/input'.

2023-11-08 10:55:41 - [MESSAGE][INFO] - [SELF-HEALING] Failed Locator: '//tr[5]/td[2]/input'.

2023-11-08 10:55:41 - [MESSAGE][INFO] - [SELF-HEALING] Failed Locator: '//input[@id = 'address.state' and @name = 'address.state' and @type = 'text']'.

2023-11-08 10:55:41 - [MESSAGE][INFO] - [SELF-HEALING] Failed Locator: '//input[@id='address.state']'.

2023-11-08 10:55:41 - [MESSAGE][INFO] - [SELF-HEALING] Failed Locator: '//form[@id='lookupForm']/table/tbody/tr[5]/td[2]/input'.

2023-11-08 10:55:41 - [MESSAGE][INFO] - [SELF-HEALING] Failed Locator: '//tr[5]/td[2]/input'.

2023-11-08 10:55:41 - [MESSAGE][INFO] - [SELF-HEALING] Failed Locator: '//input[@id = 'address.state' and @name = 'address.state' and @type = 'text']'.

2023-11-08 10:55:41 - [MESSAGE][INFO] - [SELF-HEALING] Failed Locator: '//input[@id='address.state']'.

2023-11-08 10:55:41 - [MESSAGE][INFO] - [SELF-HEALING] Failed Locator: '//form[@id='lookupForm']/table/tbody/tr[5]/td[2]/input'.

2023-11-08 10:55:41 - [MESSAGE][INFO] - [SELF-HEALING] Failed Locator: '//tr[5]/td[2]/input'.

2023-11-08 10:55:41 - [MESSAGE][INFO] - [SELF-HEALING] Failed Locator: '//input[@id = 'address.state' and @name = 'address.state' and @type = 'text']'.

2023-11-08 10:55:41 - [MESSAGE][INFO] - [SELF-HEALING] Failed Locator: '//input[@id='address.state']'.

2023-11-08 10:55:41 - [MESSAGE][INFO] - [SELF-HEALING] Failed Locator: '//form[@id='lookupForm']/table/tbody/tr[5]/td[2]/input'.

2023-11-08 10:55:41 - [MESSAGE][INFO] - [SELF-HEALING] Failed Locator: '//tr[5]/td[2]/input'.

2023-11-08 10:55:41 - [MESSAGE][INFO] - [SELF-HEALING] Failed Locator: '//input[@id = 'address.state' and @name = 'address.state' and @type = 'text']'.

2023-11-08 10:55:42 - [MESSAGE][INFO] - Unable to find the element located by 'By.xpath: //*[@id = 'address.state' and @name = 'address.state' and @type = 'text']'. Please recheck the objects properties to make sure the desired element is located. 

2023-11-08 10:55:43 - [MESSAGE][INFO] - Unable to find the element located by 'By.cssSelector: '. Please recheck the objects properties to make sure the desired element is located. 

2023-11-08 10:55:43 - [MESSAGE][FAILED] - Unable to set text 'Florida' of object 'Object Repository/Page_ParaBank_Customer_Lookup/txtAddress.state' (Root cause: com.kms.katalon.core.exception.StepFailedException: Unable to set text 'Florida' of object 'Object Repository/Page_ParaBank_Customer_Lookup/txtAddress.state'
	at com.kms.katalon.core.webui.keyword.internal.WebUIKeywordMain.stepFailed(WebUIKeywordMain.groovy:64)
	at com.kms.katalon.core.webui.keyword.internal.WebUIKeywordMain.runKeyword(WebUIKeywordMain.groovy:26)
	at com.kms.katalon.core.webui.keyword.builtin.SetTextKeyword.setText(SetTextKeyword.groovy:66)
	at com.kms.katalon.core.webui.keyword.builtin.SetTextKeyword.execute(SetTextKeyword.groovy:37)
	at com.kms.katalon.core.keyword.internal.KeywordExecutor.executeKeywordForPlatform(KeywordExecutor.groovy:74)
	at com.kms.katalon.core.webui.keyword.WebUiBuiltInKeywords.setText(WebUiBuiltInKeywords.groovy:980)
	at MTC003 - Forgot login.run(MTC003 - Forgot login:32)
	at com.kms.katalon.core.main.ScriptEngine.run(ScriptEngine.java:194)
	at com.kms.katalon.core.main.ScriptEngine.runScriptAsRawText(ScriptEngine.java:119)
	at com.kms.katalon.core.main.TestCaseExecutor.runScript(TestCaseExecutor.java:448)
	at com.kms.katalon.core.main.TestCaseExecutor.doExecute(TestCaseExecutor.java:439)
	at com.kms.katalon.core.main.TestCaseExecutor.processExecutionPhase(TestCaseExecutor.java:418)
	at com.kms.katalon.core.main.TestCaseExecutor.accessMainPhase(TestCaseExecutor.java:410)
	at com.kms.katalon.core.main.TestCaseExecutor.execute(TestCaseExecutor.java:285)
	at com.kms.katalon.core.common.CommonExecutor.accessTestCaseMainPhase(CommonExecutor.java:65)
	at com.kms.katalon.core.main.TestSuiteExecutor.accessTestSuiteMainPhase(TestSuiteExecutor.java:148)
	at com.kms.katalon.core.main.TestSuiteExecutor.execute(TestSuiteExecutor.java:106)
	at com.kms.katalon.core.main.TestCaseMain.startTestSuite(TestCaseMain.java:187)
	at TempTestSuite1699458622452.run(TempTestSuite1699458622452.groovy:36)
	at java.base/jdk.internal.reflect.NativeMethodAccessorImpl.invoke0(Native Method)
	at java.base/jdk.internal.reflect.NativeMethodAccessorImpl.invoke(NativeMethodAccessorImpl.java:77)
	at java.base/jdk.internal.reflect.DelegatingMethodAccessorImpl.invoke(DelegatingMethodAccessorImpl.java:43)
Caused by: com.kms.katalon.core.webui.exception.WebElementNotFoundException: Web element with id: 'Object Repository/Page_ParaBank_Customer_Lookup/txtAddress.state' located by '//input[@id='address.state']' not found
	at com.kms.katalon.core.webui.common.WebUiCommonHelper.findWebElement(WebUiCommonHelper.java:1379)
	at com.kms.katalon.core.webui.keyword.internal.WebUIAbstractKeyword.findWebElement(WebUIAbstractKeyword.groovy:27)
	at com.kms.katalon.core.webui.keyword.internal.WebUIAbstractKeyword.findWebElement(WebUIAbstractKeyword.groovy:26)
	at com.kms.katalon.core.webui.keyword.builtin.SetTextKeyword$_setText_closure1.doCall(SetTextKeyword.groovy:51)
	at com.kms.katalon.core.webui.keyword.builtin.SetTextKeyword$_setText_closure1.call(SetTextKeyword.groovy)
	at com.kms.katalon.core.webui.keyword.internal.WebUIKeywordMain.runKeyword(WebUIKeywordMain.groovy:20)
	at com.kms.katalon.core.webui.keyword.builtin.SetTextKeyword.setText(SetTextKeyword.groovy:66)
	at com.kms.katalon.core.webui.keyword.builtin.SetTextKeyword.execute(SetTextKeyword.groovy:37)
	at com.kms.katalon.core.keyword.internal.KeywordExecutor.executeKeywordForPlatform(KeywordExecutor.groovy:74)
	at com.kms.katalon.core.webui.keyword.WebUiBuiltInKeywords.setText(WebUiBuiltInKeywords.groovy:980)
	at Script1698861099852.run(Script1698861099852.groovy:32)
	... 15 more
)
[[ATTACHMENT|C:\\Users\\GKOKABAYEVA\\Katalon Studio\\Parabank\\Reports\\20231108_105022\\Smoke Test Suites\\STS002 - Login verification\\20231108_105022\\1699458943390.png]]

2023-11-08 10:55:43 - [TEST_STEP][FAILED] - setText(findTestObject("Object Repository/Page_ParaBank_Customer_Lookup/txtAddress.zipCode"), zipCode): Unable to set text '32746' of object 'Object Repository/Page_ParaBank_Customer_Lookup/txtAddress.zipCode' (Root cause: com.kms.katalon.core.exception.StepFailedException: Unable to set text '32746' of object 'Object Repository/Page_ParaBank_Customer_Lookup/txtAddress.zipCode'
	at com.kms.katalon.core.webui.keyword.internal.WebUIKeywordMain.stepFailed(WebUIKeywordMain.groovy:64)
	at com.kms.katalon.core.webui.keyword.internal.WebUIKeywordMain.runKeyword(WebUIKeywordMain.groovy:26)
	at com.kms.katalon.core.webui.keyword.builtin.SetTextKeyword.setText(SetTextKeyword.groovy:66)
	at com.kms.katalon.core.webui.keyword.builtin.SetTextKeyword.execute(SetTextKeyword.groovy:37)
	at com.kms.katalon.core.keyword.internal.KeywordExecutor.executeKeywordForPlatform(KeywordExecutor.groovy:74)
	at com.kms.katalon.core.webui.keyword.WebUiBuiltInKeywords.setText(WebUiBuiltInKeywords.groovy:980)
	at MTC003 - Forgot login.run(MTC003 - Forgot login:34)
	at com.kms.katalon.core.main.ScriptEngine.run(ScriptEngine.java:194)
	at com.kms.katalon.core.main.ScriptEngine.runScriptAsRawText(ScriptEngine.java:119)
	at com.kms.katalon.core.main.TestCaseExecutor.runScript(TestCaseExecutor.java:448)
	at com.kms.katalon.core.main.TestCaseExecutor.doExecute(TestCaseExecutor.java:439)
	at com.kms.katalon.core.main.TestCaseExecutor.processExecutionPhase(TestCaseExecutor.java:418)
	at com.kms.katalon.core.main.TestCaseExecutor.accessMainPhase(TestCaseExecutor.java:410)
	at com.kms.katalon.core.main.TestCaseExecutor.execute(TestCaseExecutor.java:285)
	at com.kms.katalon.core.common.CommonExecutor.accessTestCaseMainPhase(CommonExecutor.java:65)
	at com.kms.katalon.core.main.TestSuiteExecutor.accessTestSuiteMainPhase(TestSuiteExecutor.java:148)
	at com.kms.katalon.core.main.TestSuiteExecutor.execute(TestSuiteExecutor.java:106)
	at com.kms.katalon.core.main.TestCaseMain.startTestSuite(TestCaseMain.java:187)
	at TempTestSuite1699458622452.run(TempTestSuite1699458622452.groovy:36)
	at java.base/jdk.internal.reflect.NativeMethodAccessorImpl.invoke0(Native Method)
	at java.base/jdk.internal.reflect.NativeMethodAccessorImpl.invoke(NativeMethodAccessorImpl.java:77)
	at java.base/jdk.internal.reflect.DelegatingMethodAccessorImpl.invoke(DelegatingMethodAccessorImpl.java:43)
Caused by: com.kms.katalon.core.webui.exception.WebElementNotFoundException: Web element with id: 'Object Repository/Page_ParaBank_Customer_Lookup/txtAddress.zipCode' located by '//input[@id='address.zipCode']' not found
	at com.kms.katalon.core.webui.common.WebUiCommonHelper.findWebElement(WebUiCommonHelper.java:1379)
	at com.kms.katalon.core.webui.keyword.internal.WebUIAbstractKeyword.findWebElement(WebUIAbstractKeyword.groovy:27)
	at com.kms.katalon.core.webui.keyword.internal.WebUIAbstractKeyword.findWebElement(WebUIAbstractKeyword.groovy:26)
	at com.kms.katalon.core.webui.keyword.builtin.SetTextKeyword$_setText_closure1.doCall(SetTextKeyword.groovy:51)
	at com.kms.katalon.core.webui.keyword.builtin.SetTextKeyword$_setText_closure1.call(SetTextKeyword.groovy)
	at com.kms.katalon.core.webui.keyword.internal.WebUIKeywordMain.runKeyword(WebUIKeywordMain.groovy:20)
	at com.kms.katalon.core.webui.keyword.builtin.SetTextKeyword.setText(SetTextKeyword.groovy:66)
	at com.kms.katalon.core.webui.keyword.builtin.SetTextKeyword.execute(SetTextKeyword.groovy:37)
	at com.kms.katalon.core.keyword.internal.KeywordExecutor.executeKeywordForPlatform(KeywordExecutor.groovy:74)
	at com.kms.katalon.core.webui.keyword.WebUiBuiltInKeywords.setText(WebUiBuiltInKeywords.groovy:980)
	at Script1698861099852.run(Script1698861099852.groovy:34)
	... 15 more
)

2023-11-08 10:56:14 - [MESSAGE][INFO] - Unable to find the element located by 'By.xpath: //input[@id='address.zipCode']'. Please recheck the objects properties to make sure the desired element is located. 

2023-11-08 10:56:14 - [MESSAGE][WARNING] - [SELF-HEALING] Failed to find element with id 'Object Repository/Page_ParaBank_Customer_Lookup/txtAddress.zipCode'. Try using Self-healing.

2023-11-08 10:56:14 - [MESSAGE][INFO] - [SELF-HEALING] Failed Locator: '//input[@id='address.zipCode']'.

2023-11-08 10:56:14 - [MESSAGE][INFO] - [SELF-HEALING] Failed Locator: '//form[@id='lookupForm']/table/tbody/tr[6]/td[2]/input'.

2023-11-08 10:56:14 - [MESSAGE][INFO] - [SELF-HEALING] Failed Locator: '//tr[6]/td[2]/input'.

2023-11-08 10:56:14 - [MESSAGE][INFO] - [SELF-HEALING] Failed Locator: '//input[@id = 'address.zipCode' and @name = 'address.zipCode' and @type = 'text']'.

2023-11-08 10:56:14 - [MESSAGE][INFO] - [SELF-HEALING] Failed Locator: '//input[@id='address.zipCode']'.

2023-11-08 10:56:14 - [MESSAGE][INFO] - [SELF-HEALING] Failed Locator: '//form[@id='lookupForm']/table/tbody/tr[6]/td[2]/input'.

2023-11-08 10:56:14 - [MESSAGE][INFO] - [SELF-HEALING] Failed Locator: '//tr[6]/td[2]/input'.

2023-11-08 10:56:14 - [MESSAGE][INFO] - [SELF-HEALING] Failed Locator: '//input[@id = 'address.zipCode' and @name = 'address.zipCode' and @type = 'text']'.

2023-11-08 10:56:14 - [MESSAGE][INFO] - [SELF-HEALING] Failed Locator: '//input[@id='address.zipCode']'.

2023-11-08 10:56:14 - [MESSAGE][INFO] - [SELF-HEALING] Failed Locator: '//form[@id='lookupForm']/table/tbody/tr[6]/td[2]/input'.

2023-11-08 10:56:14 - [MESSAGE][INFO] - [SELF-HEALING] Failed Locator: '//tr[6]/td[2]/input'.

2023-11-08 10:56:14 - [MESSAGE][INFO] - [SELF-HEALING] Failed Locator: '//input[@id = 'address.zipCode' and @name = 'address.zipCode' and @type = 'text']'.

2023-11-08 10:56:14 - [MESSAGE][INFO] - [SELF-HEALING] Failed Locator: '//input[@id='address.zipCode']'.

2023-11-08 10:56:14 - [MESSAGE][INFO] - [SELF-HEALING] Failed Locator: '//form[@id='lookupForm']/table/tbody/tr[6]/td[2]/input'.

2023-11-08 10:56:14 - [MESSAGE][INFO] - [SELF-HEALING] Failed Locator: '//tr[6]/td[2]/input'.

2023-11-08 10:56:14 - [MESSAGE][INFO] - [SELF-HEALING] Failed Locator: '//input[@id = 'address.zipCode' and @name = 'address.zipCode' and @type = 'text']'.

2023-11-08 10:56:14 - [MESSAGE][INFO] - [SELF-HEALING] Failed Locator: '//input[@id='address.zipCode']'.

2023-11-08 10:56:14 - [MESSAGE][INFO] - [SELF-HEALING] Failed Locator: '//form[@id='lookupForm']/table/tbody/tr[6]/td[2]/input'.

2023-11-08 10:56:14 - [MESSAGE][INFO] - [SELF-HEALING] Failed Locator: '//tr[6]/td[2]/input'.

2023-11-08 10:56:14 - [MESSAGE][INFO] - [SELF-HEALING] Failed Locator: '//input[@id = 'address.zipCode' and @name = 'address.zipCode' and @type = 'text']'.

2023-11-08 10:56:14 - [MESSAGE][INFO] - [SELF-HEALING] Failed Locator: '//input[@id='address.zipCode']'.

2023-11-08 10:56:14 - [MESSAGE][INFO] - [SELF-HEALING] Failed Locator: '//form[@id='lookupForm']/table/tbody/tr[6]/td[2]/input'.

2023-11-08 10:56:14 - [MESSAGE][INFO] - [SELF-HEALING] Failed Locator: '//tr[6]/td[2]/input'.

2023-11-08 10:56:14 - [MESSAGE][INFO] - [SELF-HEALING] Failed Locator: '//input[@id = 'address.zipCode' and @name = 'address.zipCode' and @type = 'text']'.

2023-11-08 10:56:14 - [MESSAGE][INFO] - [SELF-HEALING] Failed Locator: '//input[@id='address.zipCode']'.

2023-11-08 10:56:14 - [MESSAGE][INFO] - [SELF-HEALING] Failed Locator: '//form[@id='lookupForm']/table/tbody/tr[6]/td[2]/input'.

2023-11-08 10:56:14 - [MESSAGE][INFO] - [SELF-HEALING] Failed Locator: '//tr[6]/td[2]/input'.

2023-11-08 10:56:14 - [MESSAGE][INFO] - [SELF-HEALING] Failed Locator: '//input[@id = 'address.zipCode' and @name = 'address.zipCode' and @type = 'text']'.

2023-11-08 10:56:14 - [MESSAGE][INFO] - [SELF-HEALING] Failed Locator: '//input[@id='address.zipCode']'.

2023-11-08 10:56:14 - [MESSAGE][INFO] - [SELF-HEALING] Failed Locator: '//form[@id='lookupForm']/table/tbody/tr[6]/td[2]/input'.

2023-11-08 10:56:15 - [MESSAGE][INFO] - [SELF-HEALING] Failed Locator: '//tr[6]/td[2]/input'.

2023-11-08 10:56:15 - [MESSAGE][INFO] - [SELF-HEALING] Failed Locator: '//input[@id = 'address.zipCode' and @name = 'address.zipCode' and @type = 'text']'.

2023-11-08 10:56:15 - [MESSAGE][INFO] - [SELF-HEALING] Failed Locator: '//input[@id='address.zipCode']'.

2023-11-08 10:56:15 - [MESSAGE][INFO] - [SELF-HEALING] Failed Locator: '//form[@id='lookupForm']/table/tbody/tr[6]/td[2]/input'.

2023-11-08 10:56:15 - [MESSAGE][INFO] - [SELF-HEALING] Failed Locator: '//tr[6]/td[2]/input'.

2023-11-08 10:56:15 - [MESSAGE][INFO] - [SELF-HEALING] Failed Locator: '//input[@id = 'address.zipCode' and @name = 'address.zipCode' and @type = 'text']'.

2023-11-08 10:56:15 - [MESSAGE][INFO] - [SELF-HEALING] Failed Locator: '//input[@id='address.zipCode']'.

2023-11-08 10:56:15 - [MESSAGE][INFO] - [SELF-HEALING] Failed Locator: '//form[@id='lookupForm']/table/tbody/tr[6]/td[2]/input'.

2023-11-08 10:56:15 - [MESSAGE][INFO] - [SELF-HEALING] Failed Locator: '//tr[6]/td[2]/input'.

2023-11-08 10:56:15 - [MESSAGE][INFO] - [SELF-HEALING] Failed Locator: '//input[@id = 'address.zipCode' and @name = 'address.zipCode' and @type = 'text']'.

2023-11-08 10:56:15 - [MESSAGE][INFO] - [SELF-HEALING] Failed Locator: '//input[@id='address.zipCode']'.

2023-11-08 10:56:15 - [MESSAGE][INFO] - [SELF-HEALING] Failed Locator: '//form[@id='lookupForm']/table/tbody/tr[6]/td[2]/input'.

2023-11-08 10:56:15 - [MESSAGE][INFO] - [SELF-HEALING] Failed Locator: '//tr[6]/td[2]/input'.

2023-11-08 10:56:15 - [MESSAGE][INFO] - [SELF-HEALING] Failed Locator: '//input[@id = 'address.zipCode' and @name = 'address.zipCode' and @type = 'text']'.

2023-11-08 10:56:15 - [MESSAGE][INFO] - [SELF-HEALING] Failed Locator: '//input[@id='address.zipCode']'.

2023-11-08 10:56:15 - [MESSAGE][INFO] - [SELF-HEALING] Failed Locator: '//form[@id='lookupForm']/table/tbody/tr[6]/td[2]/input'.

2023-11-08 10:56:15 - [MESSAGE][INFO] - [SELF-HEALING] Failed Locator: '//tr[6]/td[2]/input'.

2023-11-08 10:56:15 - [MESSAGE][INFO] - [SELF-HEALING] Failed Locator: '//input[@id = 'address.zipCode' and @name = 'address.zipCode' and @type = 'text']'.

2023-11-08 10:56:15 - [MESSAGE][INFO] - [SELF-HEALING] Failed Locator: '//input[@id='address.zipCode']'.

2023-11-08 10:56:15 - [MESSAGE][INFO] - [SELF-HEALING] Failed Locator: '//form[@id='lookupForm']/table/tbody/tr[6]/td[2]/input'.

2023-11-08 10:56:15 - [MESSAGE][INFO] - [SELF-HEALING] Failed Locator: '//tr[6]/td[2]/input'.

2023-11-08 10:56:15 - [MESSAGE][INFO] - [SELF-HEALING] Failed Locator: '//input[@id = 'address.zipCode' and @name = 'address.zipCode' and @type = 'text']'.

2023-11-08 10:56:15 - [MESSAGE][INFO] - [SELF-HEALING] Failed Locator: '//input[@id='address.zipCode']'.

2023-11-08 10:56:15 - [MESSAGE][INFO] - [SELF-HEALING] Failed Locator: '//form[@id='lookupForm']/table/tbody/tr[6]/td[2]/input'.

2023-11-08 10:56:15 - [MESSAGE][INFO] - [SELF-HEALING] Failed Locator: '//tr[6]/td[2]/input'.

2023-11-08 10:56:15 - [MESSAGE][INFO] - [SELF-HEALING] Failed Locator: '//input[@id = 'address.zipCode' and @name = 'address.zipCode' and @type = 'text']'.

2023-11-08 10:56:15 - [MESSAGE][INFO] - [SELF-HEALING] Failed Locator: '//input[@id='address.zipCode']'.

2023-11-08 10:56:15 - [MESSAGE][INFO] - [SELF-HEALING] Failed Locator: '//form[@id='lookupForm']/table/tbody/tr[6]/td[2]/input'.

2023-11-08 10:56:15 - [MESSAGE][INFO] - [SELF-HEALING] Failed Locator: '//tr[6]/td[2]/input'.

2023-11-08 10:56:15 - [MESSAGE][INFO] - [SELF-HEALING] Failed Locator: '//input[@id = 'address.zipCode' and @name = 'address.zipCode' and @type = 'text']'.

2023-11-08 10:56:16 - [MESSAGE][INFO] - Unable to find the element located by 'By.xpath: //*[@id = 'address.zipCode' and @name = 'address.zipCode' and @type = 'text']'. Please recheck the objects properties to make sure the desired element is located. 

2023-11-08 10:56:17 - [MESSAGE][INFO] - Unable to find the element located by 'By.cssSelector: '. Please recheck the objects properties to make sure the desired element is located. 

2023-11-08 10:56:17 - [MESSAGE][FAILED] - Unable to set text '32746' of object 'Object Repository/Page_ParaBank_Customer_Lookup/txtAddress.zipCode' (Root cause: com.kms.katalon.core.exception.StepFailedException: Unable to set text '32746' of object 'Object Repository/Page_ParaBank_Customer_Lookup/txtAddress.zipCode'
	at com.kms.katalon.core.webui.keyword.internal.WebUIKeywordMain.stepFailed(WebUIKeywordMain.groovy:64)
	at com.kms.katalon.core.webui.keyword.internal.WebUIKeywordMain.runKeyword(WebUIKeywordMain.groovy:26)
	at com.kms.katalon.core.webui.keyword.builtin.SetTextKeyword.setText(SetTextKeyword.groovy:66)
	at com.kms.katalon.core.webui.keyword.builtin.SetTextKeyword.execute(SetTextKeyword.groovy:37)
	at com.kms.katalon.core.keyword.internal.KeywordExecutor.executeKeywordForPlatform(KeywordExecutor.groovy:74)
	at com.kms.katalon.core.webui.keyword.WebUiBuiltInKeywords.setText(WebUiBuiltInKeywords.groovy:980)
	at MTC003 - Forgot login.run(MTC003 - Forgot login:34)
	at com.kms.katalon.core.main.ScriptEngine.run(ScriptEngine.java:194)
	at com.kms.katalon.core.main.ScriptEngine.runScriptAsRawText(ScriptEngine.java:119)
	at com.kms.katalon.core.main.TestCaseExecutor.runScript(TestCaseExecutor.java:448)
	at com.kms.katalon.core.main.TestCaseExecutor.doExecute(TestCaseExecutor.java:439)
	at com.kms.katalon.core.main.TestCaseExecutor.processExecutionPhase(TestCaseExecutor.java:418)
	at com.kms.katalon.core.main.TestCaseExecutor.accessMainPhase(TestCaseExecutor.java:410)
	at com.kms.katalon.core.main.TestCaseExecutor.execute(TestCaseExecutor.java:285)
	at com.kms.katalon.core.common.CommonExecutor.accessTestCaseMainPhase(CommonExecutor.java:65)
	at com.kms.katalon.core.main.TestSuiteExecutor.accessTestSuiteMainPhase(TestSuiteExecutor.java:148)
	at com.kms.katalon.core.main.TestSuiteExecutor.execute(TestSuiteExecutor.java:106)
	at com.kms.katalon.core.main.TestCaseMain.startTestSuite(TestCaseMain.java:187)
	at TempTestSuite1699458622452.run(TempTestSuite1699458622452.groovy:36)
	at java.base/jdk.internal.reflect.NativeMethodAccessorImpl.invoke0(Native Method)
	at java.base/jdk.internal.reflect.NativeMethodAccessorImpl.invoke(NativeMethodAccessorImpl.java:77)
	at java.base/jdk.internal.reflect.DelegatingMethodAccessorImpl.invoke(DelegatingMethodAccessorImpl.java:43)
Caused by: com.kms.katalon.core.webui.exception.WebElementNotFoundException: Web element with id: 'Object Repository/Page_ParaBank_Customer_Lookup/txtAddress.zipCode' located by '//input[@id='address.zipCode']' not found
	at com.kms.katalon.core.webui.common.WebUiCommonHelper.findWebElement(WebUiCommonHelper.java:1379)
	at com.kms.katalon.core.webui.keyword.internal.WebUIAbstractKeyword.findWebElement(WebUIAbstractKeyword.groovy:27)
	at com.kms.katalon.core.webui.keyword.internal.WebUIAbstractKeyword.findWebElement(WebUIAbstractKeyword.groovy:26)
	at com.kms.katalon.core.webui.keyword.builtin.SetTextKeyword$_setText_closure1.doCall(SetTextKeyword.groovy:51)
	at com.kms.katalon.core.webui.keyword.builtin.SetTextKeyword$_setText_closure1.call(SetTextKeyword.groovy)
	at com.kms.katalon.core.webui.keyword.internal.WebUIKeywordMain.runKeyword(WebUIKeywordMain.groovy:20)
	at com.kms.katalon.core.webui.keyword.builtin.SetTextKeyword.setText(SetTextKeyword.groovy:66)
	at com.kms.katalon.core.webui.keyword.builtin.SetTextKeyword.execute(SetTextKeyword.groovy:37)
	at com.kms.katalon.core.keyword.internal.KeywordExecutor.executeKeywordForPlatform(KeywordExecutor.groovy:74)
	at com.kms.katalon.core.webui.keyword.WebUiBuiltInKeywords.setText(WebUiBuiltInKeywords.groovy:980)
	at Script1698861099852.run(Script1698861099852.groovy:34)
	... 15 more
)
[[ATTACHMENT|C:\\Users\\GKOKABAYEVA\\Katalon Studio\\Parabank\\Reports\\20231108_105022\\Smoke Test Suites\\STS002 - Login verification\\20231108_105022\\1699458977524.png]]

2023-11-08 10:56:17 - [TEST_STEP][FAILED] - setText(findTestObject("Object Repository/Page_ParaBank_Customer_Lookup/txtSSN"), ssn): Unable to set text '123-45-6789' of object 'Object Repository/Page_ParaBank_Customer_Lookup/txtSSN' (Root cause: com.kms.katalon.core.exception.StepFailedException: Unable to set text '123-45-6789' of object 'Object Repository/Page_ParaBank_Customer_Lookup/txtSSN'
	at com.kms.katalon.core.webui.keyword.internal.WebUIKeywordMain.stepFailed(WebUIKeywordMain.groovy:64)
	at com.kms.katalon.core.webui.keyword.internal.WebUIKeywordMain.runKeyword(WebUIKeywordMain.groovy:26)
	at com.kms.katalon.core.webui.keyword.builtin.SetTextKeyword.setText(SetTextKeyword.groovy:66)
	at com.kms.katalon.core.webui.keyword.builtin.SetTextKeyword.execute(SetTextKeyword.groovy:37)
	at com.kms.katalon.core.keyword.internal.KeywordExecutor.executeKeywordForPlatform(KeywordExecutor.groovy:74)
	at com.kms.katalon.core.webui.keyword.WebUiBuiltInKeywords.setText(WebUiBuiltInKeywords.groovy:980)
	at MTC003 - Forgot login.run(MTC003 - Forgot login:36)
	at com.kms.katalon.core.main.ScriptEngine.run(ScriptEngine.java:194)
	at com.kms.katalon.core.main.ScriptEngine.runScriptAsRawText(ScriptEngine.java:119)
	at com.kms.katalon.core.main.TestCaseExecutor.runScript(TestCaseExecutor.java:448)
	at com.kms.katalon.core.main.TestCaseExecutor.doExecute(TestCaseExecutor.java:439)
	at com.kms.katalon.core.main.TestCaseExecutor.processExecutionPhase(TestCaseExecutor.java:418)
	at com.kms.katalon.core.main.TestCaseExecutor.accessMainPhase(TestCaseExecutor.java:410)
	at com.kms.katalon.core.main.TestCaseExecutor.execute(TestCaseExecutor.java:285)
	at com.kms.katalon.core.common.CommonExecutor.accessTestCaseMainPhase(CommonExecutor.java:65)
	at com.kms.katalon.core.main.TestSuiteExecutor.accessTestSuiteMainPhase(TestSuiteExecutor.java:148)
	at com.kms.katalon.core.main.TestSuiteExecutor.execute(TestSuiteExecutor.java:106)
	at com.kms.katalon.core.main.TestCaseMain.startTestSuite(TestCaseMain.java:187)
	at TempTestSuite1699458622452.run(TempTestSuite1699458622452.groovy:36)
	at java.base/jdk.internal.reflect.NativeMethodAccessorImpl.invoke0(Native Method)
	at java.base/jdk.internal.reflect.NativeMethodAccessorImpl.invoke(NativeMethodAccessorImpl.java:77)
	at java.base/jdk.internal.reflect.DelegatingMethodAccessorImpl.invoke(DelegatingMethodAccessorImpl.java:43)
Caused by: com.kms.katalon.core.webui.exception.WebElementNotFoundException: Web element with id: 'Object Repository/Page_ParaBank_Customer_Lookup/txtSSN' located by '//input[@id='ssn']' not found
	at com.kms.katalon.core.webui.common.WebUiCommonHelper.findWebElement(WebUiCommonHelper.java:1379)
	at com.kms.katalon.core.webui.keyword.internal.WebUIAbstractKeyword.findWebElement(WebUIAbstractKeyword.groovy:27)
	at com.kms.katalon.core.webui.keyword.internal.WebUIAbstractKeyword.findWebElement(WebUIAbstractKeyword.groovy:26)
	at com.kms.katalon.core.webui.keyword.builtin.SetTextKeyword$_setText_closure1.doCall(SetTextKeyword.groovy:51)
	at com.kms.katalon.core.webui.keyword.builtin.SetTextKeyword$_setText_closure1.call(SetTextKeyword.groovy)
	at com.kms.katalon.core.webui.keyword.internal.WebUIKeywordMain.runKeyword(WebUIKeywordMain.groovy:20)
	at com.kms.katalon.core.webui.keyword.builtin.SetTextKeyword.setText(SetTextKeyword.groovy:66)
	at com.kms.katalon.core.webui.keyword.builtin.SetTextKeyword.execute(SetTextKeyword.groovy:37)
	at com.kms.katalon.core.keyword.internal.KeywordExecutor.executeKeywordForPlatform(KeywordExecutor.groovy:74)
	at com.kms.katalon.core.webui.keyword.WebUiBuiltInKeywords.setText(WebUiBuiltInKeywords.groovy:980)
	at Script1698861099852.run(Script1698861099852.groovy:36)
	... 15 more
)

2023-11-08 10:56:48 - [MESSAGE][INFO] - Unable to find the element located by 'By.xpath: //input[@id='ssn']'. Please recheck the objects properties to make sure the desired element is located. 

2023-11-08 10:56:48 - [MESSAGE][WARNING] - [SELF-HEALING] Failed to find element with id 'Object Repository/Page_ParaBank_Customer_Lookup/txtSSN'. Try using Self-healing.

2023-11-08 10:56:48 - [MESSAGE][INFO] - [SELF-HEALING] Failed Locator: '//input[@id='ssn']'.

2023-11-08 10:56:48 - [MESSAGE][INFO] - [SELF-HEALING] Failed Locator: '//form[@id='lookupForm']/table/tbody/tr[7]/td[2]/input'.

2023-11-08 10:56:48 - [MESSAGE][INFO] - [SELF-HEALING] Failed Locator: '//tr[7]/td[2]/input'.

2023-11-08 10:56:48 - [MESSAGE][INFO] - [SELF-HEALING] Failed Locator: '//input[@id = 'ssn' and @name = 'ssn' and @type = 'text']'.

2023-11-08 10:56:48 - [MESSAGE][INFO] - [SELF-HEALING] Failed Locator: '//input[@id='ssn']'.

2023-11-08 10:56:48 - [MESSAGE][INFO] - [SELF-HEALING] Failed Locator: '//form[@id='lookupForm']/table/tbody/tr[7]/td[2]/input'.

2023-11-08 10:56:48 - [MESSAGE][INFO] - [SELF-HEALING] Failed Locator: '//tr[7]/td[2]/input'.

2023-11-08 10:56:48 - [MESSAGE][INFO] - [SELF-HEALING] Failed Locator: '//input[@id = 'ssn' and @name = 'ssn' and @type = 'text']'.

2023-11-08 10:56:48 - [MESSAGE][INFO] - [SELF-HEALING] Failed Locator: '//input[@id='ssn']'.

2023-11-08 10:56:48 - [MESSAGE][INFO] - [SELF-HEALING] Failed Locator: '//form[@id='lookupForm']/table/tbody/tr[7]/td[2]/input'.

2023-11-08 10:56:48 - [MESSAGE][INFO] - [SELF-HEALING] Failed Locator: '//tr[7]/td[2]/input'.

2023-11-08 10:56:48 - [MESSAGE][INFO] - [SELF-HEALING] Failed Locator: '//input[@id = 'ssn' and @name = 'ssn' and @type = 'text']'.

2023-11-08 10:56:48 - [MESSAGE][INFO] - [SELF-HEALING] Failed Locator: '//input[@id='ssn']'.

2023-11-08 10:56:48 - [MESSAGE][INFO] - [SELF-HEALING] Failed Locator: '//form[@id='lookupForm']/table/tbody/tr[7]/td[2]/input'.

2023-11-08 10:56:48 - [MESSAGE][INFO] - [SELF-HEALING] Failed Locator: '//tr[7]/td[2]/input'.

2023-11-08 10:56:48 - [MESSAGE][INFO] - [SELF-HEALING] Failed Locator: '//input[@id = 'ssn' and @name = 'ssn' and @type = 'text']'.

2023-11-08 10:56:48 - [MESSAGE][INFO] - [SELF-HEALING] Failed Locator: '//input[@id='ssn']'.

2023-11-08 10:56:48 - [MESSAGE][INFO] - [SELF-HEALING] Failed Locator: '//form[@id='lookupForm']/table/tbody/tr[7]/td[2]/input'.

2023-11-08 10:56:48 - [MESSAGE][INFO] - [SELF-HEALING] Failed Locator: '//tr[7]/td[2]/input'.

2023-11-08 10:56:48 - [MESSAGE][INFO] - [SELF-HEALING] Failed Locator: '//input[@id = 'ssn' and @name = 'ssn' and @type = 'text']'.

2023-11-08 10:56:48 - [MESSAGE][INFO] - [SELF-HEALING] Failed Locator: '//input[@id='ssn']'.

2023-11-08 10:56:49 - [MESSAGE][INFO] - [SELF-HEALING] Failed Locator: '//form[@id='lookupForm']/table/tbody/tr[7]/td[2]/input'.

2023-11-08 10:56:49 - [MESSAGE][INFO] - [SELF-HEALING] Failed Locator: '//tr[7]/td[2]/input'.

2023-11-08 10:56:49 - [MESSAGE][INFO] - [SELF-HEALING] Failed Locator: '//input[@id = 'ssn' and @name = 'ssn' and @type = 'text']'.

2023-11-08 10:56:49 - [MESSAGE][INFO] - [SELF-HEALING] Failed Locator: '//input[@id='ssn']'.

2023-11-08 10:56:49 - [MESSAGE][INFO] - [SELF-HEALING] Failed Locator: '//form[@id='lookupForm']/table/tbody/tr[7]/td[2]/input'.

2023-11-08 10:56:49 - [MESSAGE][INFO] - [SELF-HEALING] Failed Locator: '//tr[7]/td[2]/input'.

2023-11-08 10:56:49 - [MESSAGE][INFO] - [SELF-HEALING] Failed Locator: '//input[@id = 'ssn' and @name = 'ssn' and @type = 'text']'.

2023-11-08 10:56:49 - [MESSAGE][INFO] - [SELF-HEALING] Failed Locator: '//input[@id='ssn']'.

2023-11-08 10:56:49 - [MESSAGE][INFO] - [SELF-HEALING] Failed Locator: '//form[@id='lookupForm']/table/tbody/tr[7]/td[2]/input'.

2023-11-08 10:56:49 - [MESSAGE][INFO] - [SELF-HEALING] Failed Locator: '//tr[7]/td[2]/input'.

2023-11-08 10:56:49 - [MESSAGE][INFO] - [SELF-HEALING] Failed Locator: '//input[@id = 'ssn' and @name = 'ssn' and @type = 'text']'.

2023-11-08 10:56:49 - [MESSAGE][INFO] - [SELF-HEALING] Failed Locator: '//input[@id='ssn']'.

2023-11-08 10:56:49 - [MESSAGE][INFO] - [SELF-HEALING] Failed Locator: '//form[@id='lookupForm']/table/tbody/tr[7]/td[2]/input'.

2023-11-08 10:56:49 - [MESSAGE][INFO] - [SELF-HEALING] Failed Locator: '//tr[7]/td[2]/input'.

2023-11-08 10:56:49 - [MESSAGE][INFO] - [SELF-HEALING] Failed Locator: '//input[@id = 'ssn' and @name = 'ssn' and @type = 'text']'.

2023-11-08 10:56:49 - [MESSAGE][INFO] - [SELF-HEALING] Failed Locator: '//input[@id='ssn']'.

2023-11-08 10:56:49 - [MESSAGE][INFO] - [SELF-HEALING] Failed Locator: '//form[@id='lookupForm']/table/tbody/tr[7]/td[2]/input'.

2023-11-08 10:56:49 - [MESSAGE][INFO] - [SELF-HEALING] Failed Locator: '//tr[7]/td[2]/input'.

2023-11-08 10:56:49 - [MESSAGE][INFO] - [SELF-HEALING] Failed Locator: '//input[@id = 'ssn' and @name = 'ssn' and @type = 'text']'.

2023-11-08 10:56:49 - [MESSAGE][INFO] - [SELF-HEALING] Failed Locator: '//input[@id='ssn']'.

2023-11-08 10:56:49 - [MESSAGE][INFO] - [SELF-HEALING] Failed Locator: '//form[@id='lookupForm']/table/tbody/tr[7]/td[2]/input'.

2023-11-08 10:56:49 - [MESSAGE][INFO] - [SELF-HEALING] Failed Locator: '//tr[7]/td[2]/input'.

2023-11-08 10:56:49 - [MESSAGE][INFO] - [SELF-HEALING] Failed Locator: '//input[@id = 'ssn' and @name = 'ssn' and @type = 'text']'.

2023-11-08 10:56:49 - [MESSAGE][INFO] - [SELF-HEALING] Failed Locator: '//input[@id='ssn']'.

2023-11-08 10:56:49 - [MESSAGE][INFO] - [SELF-HEALING] Failed Locator: '//form[@id='lookupForm']/table/tbody/tr[7]/td[2]/input'.

2023-11-08 10:56:49 - [MESSAGE][INFO] - [SELF-HEALING] Failed Locator: '//tr[7]/td[2]/input'.

2023-11-08 10:56:49 - [MESSAGE][INFO] - [SELF-HEALING] Failed Locator: '//input[@id = 'ssn' and @name = 'ssn' and @type = 'text']'.

2023-11-08 10:56:49 - [MESSAGE][INFO] - [SELF-HEALING] Failed Locator: '//input[@id='ssn']'.

2023-11-08 10:56:49 - [MESSAGE][INFO] - [SELF-HEALING] Failed Locator: '//form[@id='lookupForm']/table/tbody/tr[7]/td[2]/input'.

2023-11-08 10:56:49 - [MESSAGE][INFO] - [SELF-HEALING] Failed Locator: '//tr[7]/td[2]/input'.

2023-11-08 10:56:49 - [MESSAGE][INFO] - [SELF-HEALING] Failed Locator: '//input[@id = 'ssn' and @name = 'ssn' and @type = 'text']'.

2023-11-08 10:56:49 - [MESSAGE][INFO] - [SELF-HEALING] Failed Locator: '//input[@id='ssn']'.

2023-11-08 10:56:49 - [MESSAGE][INFO] - [SELF-HEALING] Failed Locator: '//form[@id='lookupForm']/table/tbody/tr[7]/td[2]/input'.

2023-11-08 10:56:49 - [MESSAGE][INFO] - [SELF-HEALING] Failed Locator: '//tr[7]/td[2]/input'.

2023-11-08 10:56:49 - [MESSAGE][INFO] - [SELF-HEALING] Failed Locator: '//input[@id = 'ssn' and @name = 'ssn' and @type = 'text']'.

2023-11-08 10:56:49 - [MESSAGE][INFO] - [SELF-HEALING] Failed Locator: '//input[@id='ssn']'.

2023-11-08 10:56:49 - [MESSAGE][INFO] - [SELF-HEALING] Failed Locator: '//form[@id='lookupForm']/table/tbody/tr[7]/td[2]/input'.

2023-11-08 10:56:49 - [MESSAGE][INFO] - [SELF-HEALING] Failed Locator: '//tr[7]/td[2]/input'.

2023-11-08 10:56:49 - [MESSAGE][INFO] - [SELF-HEALING] Failed Locator: '//input[@id = 'ssn' and @name = 'ssn' and @type = 'text']'.

2023-11-08 10:56:49 - [MESSAGE][INFO] - [SELF-HEALING] Failed Locator: '//input[@id='ssn']'.

2023-11-08 10:56:49 - [MESSAGE][INFO] - [SELF-HEALING] Failed Locator: '//form[@id='lookupForm']/table/tbody/tr[7]/td[2]/input'.

2023-11-08 10:56:49 - [MESSAGE][INFO] - [SELF-HEALING] Failed Locator: '//tr[7]/td[2]/input'.

2023-11-08 10:56:49 - [MESSAGE][INFO] - [SELF-HEALING] Failed Locator: '//input[@id = 'ssn' and @name = 'ssn' and @type = 'text']'.

2023-11-08 10:56:50 - [MESSAGE][INFO] - Unable to find the element located by 'By.xpath: //*[@id = 'ssn' and @name = 'ssn' and @type = 'text']'. Please recheck the objects properties to make sure the desired element is located. 

2023-11-08 10:56:51 - [MESSAGE][INFO] - Unable to find the element located by 'By.cssSelector: #ssn'. Please recheck the objects properties to make sure the desired element is located. 

2023-11-08 10:56:51 - [MESSAGE][FAILED] - Unable to set text '123-45-6789' of object 'Object Repository/Page_ParaBank_Customer_Lookup/txtSSN' (Root cause: com.kms.katalon.core.exception.StepFailedException: Unable to set text '123-45-6789' of object 'Object Repository/Page_ParaBank_Customer_Lookup/txtSSN'
	at com.kms.katalon.core.webui.keyword.internal.WebUIKeywordMain.stepFailed(WebUIKeywordMain.groovy:64)
	at com.kms.katalon.core.webui.keyword.internal.WebUIKeywordMain.runKeyword(WebUIKeywordMain.groovy:26)
	at com.kms.katalon.core.webui.keyword.builtin.SetTextKeyword.setText(SetTextKeyword.groovy:66)
	at com.kms.katalon.core.webui.keyword.builtin.SetTextKeyword.execute(SetTextKeyword.groovy:37)
	at com.kms.katalon.core.keyword.internal.KeywordExecutor.executeKeywordForPlatform(KeywordExecutor.groovy:74)
	at com.kms.katalon.core.webui.keyword.WebUiBuiltInKeywords.setText(WebUiBuiltInKeywords.groovy:980)
	at MTC003 - Forgot login.run(MTC003 - Forgot login:36)
	at com.kms.katalon.core.main.ScriptEngine.run(ScriptEngine.java:194)
	at com.kms.katalon.core.main.ScriptEngine.runScriptAsRawText(ScriptEngine.java:119)
	at com.kms.katalon.core.main.TestCaseExecutor.runScript(TestCaseExecutor.java:448)
	at com.kms.katalon.core.main.TestCaseExecutor.doExecute(TestCaseExecutor.java:439)
	at com.kms.katalon.core.main.TestCaseExecutor.processExecutionPhase(TestCaseExecutor.java:418)
	at com.kms.katalon.core.main.TestCaseExecutor.accessMainPhase(TestCaseExecutor.java:410)
	at com.kms.katalon.core.main.TestCaseExecutor.execute(TestCaseExecutor.java:285)
	at com.kms.katalon.core.common.CommonExecutor.accessTestCaseMainPhase(CommonExecutor.java:65)
	at com.kms.katalon.core.main.TestSuiteExecutor.accessTestSuiteMainPhase(TestSuiteExecutor.java:148)
	at com.kms.katalon.core.main.TestSuiteExecutor.execute(TestSuiteExecutor.java:106)
	at com.kms.katalon.core.main.TestCaseMain.startTestSuite(TestCaseMain.java:187)
	at TempTestSuite1699458622452.run(TempTestSuite1699458622452.groovy:36)
	at java.base/jdk.internal.reflect.NativeMethodAccessorImpl.invoke0(Native Method)
	at java.base/jdk.internal.reflect.NativeMethodAccessorImpl.invoke(NativeMethodAccessorImpl.java:77)
	at java.base/jdk.internal.reflect.DelegatingMethodAccessorImpl.invoke(DelegatingMethodAccessorImpl.java:43)
Caused by: com.kms.katalon.core.webui.exception.WebElementNotFoundException: Web element with id: 'Object Repository/Page_ParaBank_Customer_Lookup/txtSSN' located by '//input[@id='ssn']' not found
	at com.kms.katalon.core.webui.common.WebUiCommonHelper.findWebElement(WebUiCommonHelper.java:1379)
	at com.kms.katalon.core.webui.keyword.internal.WebUIAbstractKeyword.findWebElement(WebUIAbstractKeyword.groovy:27)
	at com.kms.katalon.core.webui.keyword.internal.WebUIAbstractKeyword.findWebElement(WebUIAbstractKeyword.groovy:26)
	at com.kms.katalon.core.webui.keyword.builtin.SetTextKeyword$_setText_closure1.doCall(SetTextKeyword.groovy:51)
	at com.kms.katalon.core.webui.keyword.builtin.SetTextKeyword$_setText_closure1.call(SetTextKeyword.groovy)
	at com.kms.katalon.core.webui.keyword.internal.WebUIKeywordMain.runKeyword(WebUIKeywordMain.groovy:20)
	at com.kms.katalon.core.webui.keyword.builtin.SetTextKeyword.setText(SetTextKeyword.groovy:66)
	at com.kms.katalon.core.webui.keyword.builtin.SetTextKeyword.execute(SetTextKeyword.groovy:37)
	at com.kms.katalon.core.keyword.internal.KeywordExecutor.executeKeywordForPlatform(KeywordExecutor.groovy:74)
	at com.kms.katalon.core.webui.keyword.WebUiBuiltInKeywords.setText(WebUiBuiltInKeywords.groovy:980)
	at Script1698861099852.run(Script1698861099852.groovy:36)
	... 15 more
)
[[ATTACHMENT|C:\\Users\\GKOKABAYEVA\\Katalon Studio\\Parabank\\Reports\\20231108_105022\\Smoke Test Suites\\STS002 - Login verification\\20231108_105022\\1699459011735.png]]

2023-11-08 10:56:51 - [TEST_STEP][FAILED] - click(findTestObject("Object Repository/Page_ParaBank_Customer_Lookup/btnFindMyLoginInfo")): Unable to click on object 'Object Repository/Page_ParaBank_Customer_Lookup/btnFindMyLoginInfo' (Root cause: com.kms.katalon.core.exception.StepFailedException: Unable to click on object 'Object Repository/Page_ParaBank_Customer_Lookup/btnFindMyLoginInfo'
	at com.kms.katalon.core.webui.keyword.internal.WebUIKeywordMain.stepFailed(WebUIKeywordMain.groovy:64)
	at com.kms.katalon.core.webui.keyword.internal.WebUIKeywordMain.runKeyword(WebUIKeywordMain.groovy:26)
	at com.kms.katalon.core.webui.keyword.builtin.ClickKeyword.click(ClickKeyword.groovy:74)
	at com.kms.katalon.core.webui.keyword.builtin.ClickKeyword.execute(ClickKeyword.groovy:40)
	at com.kms.katalon.core.keyword.internal.KeywordExecutor.executeKeywordForPlatform(KeywordExecutor.groovy:74)
	at com.kms.katalon.core.webui.keyword.WebUiBuiltInKeywords.click(WebUiBuiltInKeywords.groovy:620)
	at MTC003 - Forgot login.run(MTC003 - Forgot login:38)
	at com.kms.katalon.core.main.ScriptEngine.run(ScriptEngine.java:194)
	at com.kms.katalon.core.main.ScriptEngine.runScriptAsRawText(ScriptEngine.java:119)
	at com.kms.katalon.core.main.TestCaseExecutor.runScript(TestCaseExecutor.java:448)
	at com.kms.katalon.core.main.TestCaseExecutor.doExecute(TestCaseExecutor.java:439)
	at com.kms.katalon.core.main.TestCaseExecutor.processExecutionPhase(TestCaseExecutor.java:418)
	at com.kms.katalon.core.main.TestCaseExecutor.accessMainPhase(TestCaseExecutor.java:410)
	at com.kms.katalon.core.main.TestCaseExecutor.execute(TestCaseExecutor.java:285)
	at com.kms.katalon.core.common.CommonExecutor.accessTestCaseMainPhase(CommonExecutor.java:65)
	at com.kms.katalon.core.main.TestSuiteExecutor.accessTestSuiteMainPhase(TestSuiteExecutor.java:148)
	at com.kms.katalon.core.main.TestSuiteExecutor.execute(TestSuiteExecutor.java:106)
	at com.kms.katalon.core.main.TestCaseMain.startTestSuite(TestCaseMain.java:187)
	at TempTestSuite1699458622452.run(TempTestSuite1699458622452.groovy:36)
	at java.base/jdk.internal.reflect.NativeMethodAccessorImpl.invoke0(Native Method)
	at java.base/jdk.internal.reflect.NativeMethodAccessorImpl.invoke(NativeMethodAccessorImpl.java:77)
	at java.base/jdk.internal.reflect.DelegatingMethodAccessorImpl.invoke(DelegatingMethodAccessorImpl.java:43)
Caused by: com.kms.katalon.core.webui.exception.WebElementNotFoundException: Web element with id: 'Object Repository/Page_ParaBank_Customer_Lookup/btnFindMyLoginInfo' located by '//input[@value='Find My Login Info']' not found
	at com.kms.katalon.core.webui.common.WebUiCommonHelper.findWebElement(WebUiCommonHelper.java:1379)
	at com.kms.katalon.core.webui.keyword.internal.WebUIAbstractKeyword.findWebElement(WebUIAbstractKeyword.groovy:27)
	at com.kms.katalon.core.webui.keyword.builtin.ClickKeyword$_click_closure1.doCall(ClickKeyword.groovy:65)
	at com.kms.katalon.core.webui.keyword.builtin.ClickKeyword$_click_closure1.call(ClickKeyword.groovy)
	at com.kms.katalon.core.webui.keyword.internal.WebUIKeywordMain.runKeyword(WebUIKeywordMain.groovy:20)
	at com.kms.katalon.core.webui.keyword.builtin.ClickKeyword.click(ClickKeyword.groovy:74)
	at com.kms.katalon.core.webui.keyword.builtin.ClickKeyword.execute(ClickKeyword.groovy:40)
	at com.kms.katalon.core.keyword.internal.KeywordExecutor.executeKeywordForPlatform(KeywordExecutor.groovy:74)
	at com.kms.katalon.core.webui.keyword.WebUiBuiltInKeywords.click(WebUiBuiltInKeywords.groovy:620)
	at Script1698861099852.run(Script1698861099852.groovy:38)
	... 15 more
)

2023-11-08 10:57:22 - [MESSAGE][INFO] - Unable to find the element located by 'By.xpath: //input[@value='Find My Login Info']'. Please recheck the objects properties to make sure the desired element is located. 

2023-11-08 10:57:22 - [MESSAGE][WARNING] - [SELF-HEALING] Failed to find element with id 'Object Repository/Page_ParaBank_Customer_Lookup/btnFindMyLoginInfo'. Try using Self-healing.

2023-11-08 10:57:22 - [MESSAGE][INFO] - [SELF-HEALING] Failed Locator: '//input[@value='Find My Login Info']'.

2023-11-08 10:57:22 - [MESSAGE][INFO] - [SELF-HEALING] Failed Locator: '//form[@id='lookupForm']/table/tbody/tr[8]/td[2]/input'.

2023-11-08 10:57:22 - [MESSAGE][INFO] - [SELF-HEALING] Failed Locator: '//tr[8]/td[2]/input'.

2023-11-08 10:57:22 - [MESSAGE][INFO] - [SELF-HEALING] Failed Locator: '//input[@type = 'submit']'.

2023-11-08 10:57:22 - [MESSAGE][INFO] - [SELF-HEALING] Failed Locator: '//input[@value='Find My Login Info']'.

2023-11-08 10:57:22 - [MESSAGE][INFO] - [SELF-HEALING] Failed Locator: '//form[@id='lookupForm']/table/tbody/tr[8]/td[2]/input'.

2023-11-08 10:57:22 - [MESSAGE][INFO] - [SELF-HEALING] Failed Locator: '//tr[8]/td[2]/input'.

2023-11-08 10:57:22 - [MESSAGE][INFO] - [SELF-HEALING] Failed Locator: '//input[@type = 'submit']'.

2023-11-08 10:57:22 - [MESSAGE][INFO] - [SELF-HEALING] Failed Locator: '//input[@value='Find My Login Info']'.

2023-11-08 10:57:23 - [MESSAGE][INFO] - [SELF-HEALING] Failed Locator: '//form[@id='lookupForm']/table/tbody/tr[8]/td[2]/input'.

2023-11-08 10:57:23 - [MESSAGE][INFO] - [SELF-HEALING] Failed Locator: '//tr[8]/td[2]/input'.

2023-11-08 10:57:23 - [MESSAGE][INFO] - [SELF-HEALING] Failed Locator: '//input[@type = 'submit']'.

2023-11-08 10:57:23 - [MESSAGE][INFO] - [SELF-HEALING] Failed Locator: '//input[@value='Find My Login Info']'.

2023-11-08 10:57:23 - [MESSAGE][INFO] - [SELF-HEALING] Failed Locator: '//form[@id='lookupForm']/table/tbody/tr[8]/td[2]/input'.

2023-11-08 10:57:23 - [MESSAGE][INFO] - [SELF-HEALING] Failed Locator: '//tr[8]/td[2]/input'.

2023-11-08 10:57:23 - [MESSAGE][INFO] - [SELF-HEALING] Failed Locator: '//input[@type = 'submit']'.

2023-11-08 10:57:23 - [MESSAGE][INFO] - [SELF-HEALING] Failed Locator: '//input[@value='Find My Login Info']'.

2023-11-08 10:57:23 - [MESSAGE][INFO] - [SELF-HEALING] Failed Locator: '//form[@id='lookupForm']/table/tbody/tr[8]/td[2]/input'.

2023-11-08 10:57:23 - [MESSAGE][INFO] - [SELF-HEALING] Failed Locator: '//tr[8]/td[2]/input'.

2023-11-08 10:57:23 - [MESSAGE][INFO] - [SELF-HEALING] Failed Locator: '//input[@type = 'submit']'.

2023-11-08 10:57:23 - [MESSAGE][INFO] - [SELF-HEALING] Failed Locator: '//input[@value='Find My Login Info']'.

2023-11-08 10:57:23 - [MESSAGE][INFO] - [SELF-HEALING] Failed Locator: '//form[@id='lookupForm']/table/tbody/tr[8]/td[2]/input'.

2023-11-08 10:57:23 - [MESSAGE][INFO] - [SELF-HEALING] Failed Locator: '//tr[8]/td[2]/input'.

2023-11-08 10:57:23 - [MESSAGE][INFO] - [SELF-HEALING] Failed Locator: '//input[@type = 'submit']'.

2023-11-08 10:57:23 - [MESSAGE][INFO] - [SELF-HEALING] Failed Locator: '//input[@value='Find My Login Info']'.

2023-11-08 10:57:23 - [MESSAGE][INFO] - [SELF-HEALING] Failed Locator: '//form[@id='lookupForm']/table/tbody/tr[8]/td[2]/input'.

2023-11-08 10:57:23 - [MESSAGE][INFO] - [SELF-HEALING] Failed Locator: '//tr[8]/td[2]/input'.

2023-11-08 10:57:23 - [MESSAGE][INFO] - [SELF-HEALING] Failed Locator: '//input[@type = 'submit']'.

2023-11-08 10:57:23 - [MESSAGE][INFO] - [SELF-HEALING] Failed Locator: '//input[@value='Find My Login Info']'.

2023-11-08 10:57:23 - [MESSAGE][INFO] - [SELF-HEALING] Failed Locator: '//form[@id='lookupForm']/table/tbody/tr[8]/td[2]/input'.

2023-11-08 10:57:23 - [MESSAGE][INFO] - [SELF-HEALING] Failed Locator: '//tr[8]/td[2]/input'.

2023-11-08 10:57:23 - [MESSAGE][INFO] - [SELF-HEALING] Failed Locator: '//input[@type = 'submit']'.

2023-11-08 10:57:23 - [MESSAGE][INFO] - [SELF-HEALING] Failed Locator: '//input[@value='Find My Login Info']'.

2023-11-08 10:57:23 - [MESSAGE][INFO] - [SELF-HEALING] Failed Locator: '//form[@id='lookupForm']/table/tbody/tr[8]/td[2]/input'.

2023-11-08 10:57:23 - [MESSAGE][INFO] - [SELF-HEALING] Failed Locator: '//tr[8]/td[2]/input'.

2023-11-08 10:57:23 - [MESSAGE][INFO] - [SELF-HEALING] Failed Locator: '//input[@type = 'submit']'.

2023-11-08 10:57:23 - [MESSAGE][INFO] - [SELF-HEALING] Failed Locator: '//input[@value='Find My Login Info']'.

2023-11-08 10:57:23 - [MESSAGE][INFO] - [SELF-HEALING] Failed Locator: '//form[@id='lookupForm']/table/tbody/tr[8]/td[2]/input'.

2023-11-08 10:57:23 - [MESSAGE][INFO] - [SELF-HEALING] Failed Locator: '//tr[8]/td[2]/input'.

2023-11-08 10:57:23 - [MESSAGE][INFO] - [SELF-HEALING] Failed Locator: '//input[@type = 'submit']'.

2023-11-08 10:57:23 - [MESSAGE][INFO] - [SELF-HEALING] Failed Locator: '//input[@value='Find My Login Info']'.

2023-11-08 10:57:23 - [MESSAGE][INFO] - [SELF-HEALING] Failed Locator: '//form[@id='lookupForm']/table/tbody/tr[8]/td[2]/input'.

2023-11-08 10:57:23 - [MESSAGE][INFO] - [SELF-HEALING] Failed Locator: '//tr[8]/td[2]/input'.

2023-11-08 10:57:23 - [MESSAGE][INFO] - [SELF-HEALING] Failed Locator: '//input[@type = 'submit']'.

2023-11-08 10:57:23 - [MESSAGE][INFO] - [SELF-HEALING] Failed Locator: '//input[@value='Find My Login Info']'.

2023-11-08 10:57:23 - [MESSAGE][INFO] - [SELF-HEALING] Failed Locator: '//form[@id='lookupForm']/table/tbody/tr[8]/td[2]/input'.

2023-11-08 10:57:23 - [MESSAGE][INFO] - [SELF-HEALING] Failed Locator: '//tr[8]/td[2]/input'.

2023-11-08 10:57:23 - [MESSAGE][INFO] - [SELF-HEALING] Failed Locator: '//input[@type = 'submit']'.

2023-11-08 10:57:23 - [MESSAGE][INFO] - [SELF-HEALING] Failed Locator: '//input[@value='Find My Login Info']'.

2023-11-08 10:57:23 - [MESSAGE][INFO] - [SELF-HEALING] Failed Locator: '//form[@id='lookupForm']/table/tbody/tr[8]/td[2]/input'.

2023-11-08 10:57:23 - [MESSAGE][INFO] - [SELF-HEALING] Failed Locator: '//tr[8]/td[2]/input'.

2023-11-08 10:57:23 - [MESSAGE][INFO] - [SELF-HEALING] Failed Locator: '//input[@type = 'submit']'.

2023-11-08 10:57:23 - [MESSAGE][INFO] - [SELF-HEALING] Failed Locator: '//input[@value='Find My Login Info']'.

2023-11-08 10:57:23 - [MESSAGE][INFO] - [SELF-HEALING] Failed Locator: '//form[@id='lookupForm']/table/tbody/tr[8]/td[2]/input'.

2023-11-08 10:57:23 - [MESSAGE][INFO] - [SELF-HEALING] Failed Locator: '//tr[8]/td[2]/input'.

2023-11-08 10:57:23 - [MESSAGE][INFO] - [SELF-HEALING] Failed Locator: '//input[@type = 'submit']'.

2023-11-08 10:57:23 - [MESSAGE][INFO] - [SELF-HEALING] Failed Locator: '//input[@value='Find My Login Info']'.

2023-11-08 10:57:23 - [MESSAGE][INFO] - [SELF-HEALING] Failed Locator: '//form[@id='lookupForm']/table/tbody/tr[8]/td[2]/input'.

2023-11-08 10:57:23 - [MESSAGE][INFO] - [SELF-HEALING] Failed Locator: '//tr[8]/td[2]/input'.

2023-11-08 10:57:23 - [MESSAGE][INFO] - [SELF-HEALING] Failed Locator: '//input[@type = 'submit']'.

2023-11-08 10:57:24 - [MESSAGE][INFO] - Unable to find the element located by 'By.xpath: //*[@type = 'submit']'. Please recheck the objects properties to make sure the desired element is located. 

2023-11-08 10:57:25 - [MESSAGE][INFO] - Unable to find the element located by 'By.cssSelector: td:nth-of-type(2) > input.button'. Please recheck the objects properties to make sure the desired element is located. 

2023-11-08 10:57:25 - [MESSAGE][FAILED] - Unable to click on object 'Object Repository/Page_ParaBank_Customer_Lookup/btnFindMyLoginInfo' (Root cause: com.kms.katalon.core.exception.StepFailedException: Unable to click on object 'Object Repository/Page_ParaBank_Customer_Lookup/btnFindMyLoginInfo'
	at com.kms.katalon.core.webui.keyword.internal.WebUIKeywordMain.stepFailed(WebUIKeywordMain.groovy:64)
	at com.kms.katalon.core.webui.keyword.internal.WebUIKeywordMain.runKeyword(WebUIKeywordMain.groovy:26)
	at com.kms.katalon.core.webui.keyword.builtin.ClickKeyword.click(ClickKeyword.groovy:74)
	at com.kms.katalon.core.webui.keyword.builtin.ClickKeyword.execute(ClickKeyword.groovy:40)
	at com.kms.katalon.core.keyword.internal.KeywordExecutor.executeKeywordForPlatform(KeywordExecutor.groovy:74)
	at com.kms.katalon.core.webui.keyword.WebUiBuiltInKeywords.click(WebUiBuiltInKeywords.groovy:620)
	at MTC003 - Forgot login.run(MTC003 - Forgot login:38)
	at com.kms.katalon.core.main.ScriptEngine.run(ScriptEngine.java:194)
	at com.kms.katalon.core.main.ScriptEngine.runScriptAsRawText(ScriptEngine.java:119)
	at com.kms.katalon.core.main.TestCaseExecutor.runScript(TestCaseExecutor.java:448)
	at com.kms.katalon.core.main.TestCaseExecutor.doExecute(TestCaseExecutor.java:439)
	at com.kms.katalon.core.main.TestCaseExecutor.processExecutionPhase(TestCaseExecutor.java:418)
	at com.kms.katalon.core.main.TestCaseExecutor.accessMainPhase(TestCaseExecutor.java:410)
	at com.kms.katalon.core.main.TestCaseExecutor.execute(TestCaseExecutor.java:285)
	at com.kms.katalon.core.common.CommonExecutor.accessTestCaseMainPhase(CommonExecutor.java:65)
	at com.kms.katalon.core.main.TestSuiteExecutor.accessTestSuiteMainPhase(TestSuiteExecutor.java:148)
	at com.kms.katalon.core.main.TestSuiteExecutor.execute(TestSuiteExecutor.java:106)
	at com.kms.katalon.core.main.TestCaseMain.startTestSuite(TestCaseMain.java:187)
	at TempTestSuite1699458622452.run(TempTestSuite1699458622452.groovy:36)
	at java.base/jdk.internal.reflect.NativeMethodAccessorImpl.invoke0(Native Method)
	at java.base/jdk.internal.reflect.NativeMethodAccessorImpl.invoke(NativeMethodAccessorImpl.java:77)
	at java.base/jdk.internal.reflect.DelegatingMethodAccessorImpl.invoke(DelegatingMethodAccessorImpl.java:43)
Caused by: com.kms.katalon.core.webui.exception.WebElementNotFoundException: Web element with id: 'Object Repository/Page_ParaBank_Customer_Lookup/btnFindMyLoginInfo' located by '//input[@value='Find My Login Info']' not found
	at com.kms.katalon.core.webui.common.WebUiCommonHelper.findWebElement(WebUiCommonHelper.java:1379)
	at com.kms.katalon.core.webui.keyword.internal.WebUIAbstractKeyword.findWebElement(WebUIAbstractKeyword.groovy:27)
	at com.kms.katalon.core.webui.keyword.builtin.ClickKeyword$_click_closure1.doCall(ClickKeyword.groovy:65)
	at com.kms.katalon.core.webui.keyword.builtin.ClickKeyword$_click_closure1.call(ClickKeyword.groovy)
	at com.kms.katalon.core.webui.keyword.internal.WebUIKeywordMain.runKeyword(WebUIKeywordMain.groovy:20)
	at com.kms.katalon.core.webui.keyword.builtin.ClickKeyword.click(ClickKeyword.groovy:74)
	at com.kms.katalon.core.webui.keyword.builtin.ClickKeyword.execute(ClickKeyword.groovy:40)
	at com.kms.katalon.core.keyword.internal.KeywordExecutor.executeKeywordForPlatform(KeywordExecutor.groovy:74)
	at com.kms.katalon.core.webui.keyword.WebUiBuiltInKeywords.click(WebUiBuiltInKeywords.groovy:620)
	at Script1698861099852.run(Script1698861099852.groovy:38)
	... 15 more
)
[[ATTACHMENT|C:\\Users\\GKOKABAYEVA\\Katalon Studio\\Parabank\\Reports\\20231108_105022\\Smoke Test Suites\\STS002 - Login verification\\20231108_105022\\1699459045891.png]]

2023-11-08 10:57:25 - [TEST_STEP][FAILED] - verifyElementText(findTestObject("Object Repository/Page_ParaBank_Customer_Lookup/h1CustomerLookup"), expectedCustomerLookupText): com.kms.katalon.core.webui.exception.WebElementNotFoundException: Web element with id: 'Object Repository/Page_ParaBank_Customer_Lookup/h1CustomerLookup' located by '//div[@id='rightPanel']/h1' not found (Root cause: com.kms.katalon.core.exception.StepFailedException: com.kms.katalon.core.webui.exception.WebElementNotFoundException: Web element with id: 'Object Repository/Page_ParaBank_Customer_Lookup/h1CustomerLookup' located by '//div[@id='rightPanel']/h1' not found
	at com.kms.katalon.core.webui.keyword.internal.WebUIKeywordMain.stepFailed(WebUIKeywordMain.groovy:64)
	at com.kms.katalon.core.webui.keyword.builtin.VerifyElementTextKeyword$_verifyElementText_closure1.doCall(VerifyElementTextKeyword.groovy:64)
	at com.kms.katalon.core.webui.keyword.builtin.VerifyElementTextKeyword$_verifyElementText_closure1.call(VerifyElementTextKeyword.groovy)
	at com.kms.katalon.core.webui.keyword.internal.WebUIKeywordMain.runKeyword(WebUIKeywordMain.groovy:20)
	at com.kms.katalon.core.webui.keyword.builtin.VerifyElementTextKeyword.verifyElementText(VerifyElementTextKeyword.groovy:72)
	at com.kms.katalon.core.webui.keyword.builtin.VerifyElementTextKeyword.execute(VerifyElementTextKeyword.groovy:40)
	at com.kms.katalon.core.keyword.internal.KeywordExecutor.executeKeywordForPlatform(KeywordExecutor.groovy:74)
	at com.kms.katalon.core.webui.keyword.WebUiBuiltInKeywords.verifyElementText(WebUiBuiltInKeywords.groovy:4796)
	at MTC003 - Forgot login.run(MTC003 - Forgot login:40)
	at com.kms.katalon.core.main.ScriptEngine.run(ScriptEngine.java:194)
	at com.kms.katalon.core.main.ScriptEngine.runScriptAsRawText(ScriptEngine.java:119)
	at com.kms.katalon.core.main.TestCaseExecutor.runScript(TestCaseExecutor.java:448)
	at com.kms.katalon.core.main.TestCaseExecutor.doExecute(TestCaseExecutor.java:439)
	at com.kms.katalon.core.main.TestCaseExecutor.processExecutionPhase(TestCaseExecutor.java:418)
	at com.kms.katalon.core.main.TestCaseExecutor.accessMainPhase(TestCaseExecutor.java:410)
	at com.kms.katalon.core.main.TestCaseExecutor.execute(TestCaseExecutor.java:285)
	at com.kms.katalon.core.common.CommonExecutor.accessTestCaseMainPhase(CommonExecutor.java:65)
	at com.kms.katalon.core.main.TestSuiteExecutor.accessTestSuiteMainPhase(TestSuiteExecutor.java:148)
	at com.kms.katalon.core.main.TestSuiteExecutor.execute(TestSuiteExecutor.java:106)
	at com.kms.katalon.core.main.TestCaseMain.startTestSuite(TestCaseMain.java:187)
	at TempTestSuite1699458622452.run(TempTestSuite1699458622452.groovy:36)
	at java.base/jdk.internal.reflect.NativeMethodAccessorImpl.invoke0(Native Method)
	at java.base/jdk.internal.reflect.NativeMethodAccessorImpl.invoke(NativeMethodAccessorImpl.java:77)
	at java.base/jdk.internal.reflect.DelegatingMethodAccessorImpl.invoke(DelegatingMethodAccessorImpl.java:43)
)

2023-11-08 10:57:57 - [MESSAGE][INFO] - Unable to find the element located by 'By.xpath: //div[@id='rightPanel']/h1'. Please recheck the objects properties to make sure the desired element is located. 

2023-11-08 10:57:57 - [MESSAGE][WARNING] - [SELF-HEALING] Failed to find element with id 'Object Repository/Page_ParaBank_Customer_Lookup/h1CustomerLookup'. Try using Self-healing.

2023-11-08 10:57:57 - [MESSAGE][INFO] - [SELF-HEALING] Failed Locator: '//div[@id='rightPanel']/h1'.

2023-11-08 10:57:57 - [MESSAGE][INFO] - [SELF-HEALING] Failed Locator: '//h1'.

2023-11-08 10:57:57 - [MESSAGE][INFO] - [SELF-HEALING] Failed Locator: '//h1[(text() = 'Customer Lookup' or . = 'Customer Lookup')]'.

2023-11-08 10:57:57 - [MESSAGE][INFO] - [SELF-HEALING] Failed Locator: '//div[@id='rightPanel']/h1'.

2023-11-08 10:57:57 - [MESSAGE][INFO] - [SELF-HEALING] Failed Locator: '//h1'.

2023-11-08 10:57:57 - [MESSAGE][INFO] - [SELF-HEALING] Failed Locator: '//h1[(text() = 'Customer Lookup' or . = 'Customer Lookup')]'.

2023-11-08 10:57:57 - [MESSAGE][INFO] - [SELF-HEALING] Failed Locator: '//div[@id='rightPanel']/h1'.

2023-11-08 10:57:57 - [MESSAGE][INFO] - [SELF-HEALING] Failed Locator: '//h1'.

2023-11-08 10:57:57 - [MESSAGE][INFO] - [SELF-HEALING] Failed Locator: '//h1[(text() = 'Customer Lookup' or . = 'Customer Lookup')]'.

2023-11-08 10:57:57 - [MESSAGE][INFO] - [SELF-HEALING] Failed Locator: '//div[@id='rightPanel']/h1'.

2023-11-08 10:57:57 - [MESSAGE][INFO] - [SELF-HEALING] Failed Locator: '//h1'.

2023-11-08 10:57:57 - [MESSAGE][INFO] - [SELF-HEALING] Failed Locator: '//h1[(text() = 'Customer Lookup' or . = 'Customer Lookup')]'.

2023-11-08 10:57:57 - [MESSAGE][INFO] - [SELF-HEALING] Failed Locator: '//div[@id='rightPanel']/h1'.

2023-11-08 10:57:57 - [MESSAGE][INFO] - [SELF-HEALING] Failed Locator: '//h1'.

2023-11-08 10:57:57 - [MESSAGE][INFO] - [SELF-HEALING] Failed Locator: '//h1[(text() = 'Customer Lookup' or . = 'Customer Lookup')]'.

2023-11-08 10:57:57 - [MESSAGE][INFO] - [SELF-HEALING] Failed Locator: '//div[@id='rightPanel']/h1'.

2023-11-08 10:57:57 - [MESSAGE][INFO] - [SELF-HEALING] Failed Locator: '//h1'.

2023-11-08 10:57:57 - [MESSAGE][INFO] - [SELF-HEALING] Failed Locator: '//h1[(text() = 'Customer Lookup' or . = 'Customer Lookup')]'.

2023-11-08 10:57:57 - [MESSAGE][INFO] - [SELF-HEALING] Failed Locator: '//div[@id='rightPanel']/h1'.

2023-11-08 10:57:57 - [MESSAGE][INFO] - [SELF-HEALING] Failed Locator: '//h1'.

2023-11-08 10:57:57 - [MESSAGE][INFO] - [SELF-HEALING] Failed Locator: '//h1[(text() = 'Customer Lookup' or . = 'Customer Lookup')]'.

2023-11-08 10:57:57 - [MESSAGE][INFO] - [SELF-HEALING] Failed Locator: '//div[@id='rightPanel']/h1'.

2023-11-08 10:57:57 - [MESSAGE][INFO] - [SELF-HEALING] Failed Locator: '//h1'.

2023-11-08 10:57:57 - [MESSAGE][INFO] - [SELF-HEALING] Failed Locator: '//h1[(text() = 'Customer Lookup' or . = 'Customer Lookup')]'.

2023-11-08 10:57:57 - [MESSAGE][INFO] - [SELF-HEALING] Failed Locator: '//div[@id='rightPanel']/h1'.

2023-11-08 10:57:57 - [MESSAGE][INFO] - [SELF-HEALING] Failed Locator: '//h1'.

2023-11-08 10:57:57 - [MESSAGE][INFO] - [SELF-HEALING] Failed Locator: '//h1[(text() = 'Customer Lookup' or . = 'Customer Lookup')]'.

2023-11-08 10:57:57 - [MESSAGE][INFO] - [SELF-HEALING] Failed Locator: '//div[@id='rightPanel']/h1'.

2023-11-08 10:57:57 - [MESSAGE][INFO] - [SELF-HEALING] Failed Locator: '//h1'.

2023-11-08 10:57:57 - [MESSAGE][INFO] - [SELF-HEALING] Failed Locator: '//h1[(text() = 'Customer Lookup' or . = 'Customer Lookup')]'.

2023-11-08 10:57:57 - [MESSAGE][INFO] - [SELF-HEALING] Failed Locator: '//div[@id='rightPanel']/h1'.

2023-11-08 10:57:57 - [MESSAGE][INFO] - [SELF-HEALING] Failed Locator: '//h1'.

2023-11-08 10:57:57 - [MESSAGE][INFO] - [SELF-HEALING] Failed Locator: '//h1[(text() = 'Customer Lookup' or . = 'Customer Lookup')]'.

2023-11-08 10:57:57 - [MESSAGE][INFO] - [SELF-HEALING] Failed Locator: '//div[@id='rightPanel']/h1'.

2023-11-08 10:57:57 - [MESSAGE][INFO] - [SELF-HEALING] Failed Locator: '//h1'.

2023-11-08 10:57:57 - [MESSAGE][INFO] - [SELF-HEALING] Failed Locator: '//h1[(text() = 'Customer Lookup' or . = 'Customer Lookup')]'.

2023-11-08 10:57:57 - [MESSAGE][INFO] - [SELF-HEALING] Failed Locator: '//div[@id='rightPanel']/h1'.

2023-11-08 10:57:57 - [MESSAGE][INFO] - [SELF-HEALING] Failed Locator: '//h1'.

2023-11-08 10:57:57 - [MESSAGE][INFO] - [SELF-HEALING] Failed Locator: '//h1[(text() = 'Customer Lookup' or . = 'Customer Lookup')]'.

2023-11-08 10:57:57 - [MESSAGE][INFO] - [SELF-HEALING] Failed Locator: '//div[@id='rightPanel']/h1'.

2023-11-08 10:57:57 - [MESSAGE][INFO] - [SELF-HEALING] Failed Locator: '//h1'.

2023-11-08 10:57:57 - [MESSAGE][INFO] - [SELF-HEALING] Failed Locator: '//h1[(text() = 'Customer Lookup' or . = 'Customer Lookup')]'.

2023-11-08 10:57:57 - [MESSAGE][INFO] - [SELF-HEALING] Failed Locator: '//div[@id='rightPanel']/h1'.

2023-11-08 10:57:57 - [MESSAGE][INFO] - [SELF-HEALING] Failed Locator: '//h1'.

2023-11-08 10:57:57 - [MESSAGE][INFO] - [SELF-HEALING] Failed Locator: '//h1[(text() = 'Customer Lookup' or . = 'Customer Lookup')]'.

2023-11-08 10:57:57 - [MESSAGE][INFO] - [SELF-HEALING] Failed Locator: '//div[@id='rightPanel']/h1'.

2023-11-08 10:57:57 - [MESSAGE][INFO] - [SELF-HEALING] Failed Locator: '//h1'.

2023-11-08 10:57:57 - [MESSAGE][INFO] - [SELF-HEALING] Failed Locator: '//h1[(text() = 'Customer Lookup' or . = 'Customer Lookup')]'.

2023-11-08 10:57:57 - [MESSAGE][INFO] - [SELF-HEALING] Failed Locator: '//div[@id='rightPanel']/h1'.

2023-11-08 10:57:57 - [MESSAGE][INFO] - [SELF-HEALING] Failed Locator: '//h1'.

2023-11-08 10:57:57 - [MESSAGE][INFO] - [SELF-HEALING] Failed Locator: '//h1[(text() = 'Customer Lookup' or . = 'Customer Lookup')]'.

2023-11-08 10:57:57 - [MESSAGE][INFO] - [SELF-HEALING] Failed Locator: '//div[@id='rightPanel']/h1'.

2023-11-08 10:57:57 - [MESSAGE][INFO] - [SELF-HEALING] Failed Locator: '//h1'.

2023-11-08 10:57:57 - [MESSAGE][INFO] - [SELF-HEALING] Failed Locator: '//h1[(text() = 'Customer Lookup' or . = 'Customer Lookup')]'.

2023-11-08 10:57:57 - [MESSAGE][INFO] - [SELF-HEALING] Failed Locator: '//div[@id='rightPanel']/h1'.

2023-11-08 10:57:57 - [MESSAGE][INFO] - [SELF-HEALING] Failed Locator: '//h1'.

2023-11-08 10:57:57 - [MESSAGE][INFO] - [SELF-HEALING] Failed Locator: '//h1[(text() = 'Customer Lookup' or . = 'Customer Lookup')]'.

2023-11-08 10:57:57 - [MESSAGE][INFO] - [SELF-HEALING] Failed Locator: '//div[@id='rightPanel']/h1'.

2023-11-08 10:57:58 - [MESSAGE][INFO] - [SELF-HEALING] Failed Locator: '//h1'.

2023-11-08 10:57:58 - [MESSAGE][INFO] - [SELF-HEALING] Failed Locator: '//h1[(text() = 'Customer Lookup' or . = 'Customer Lookup')]'.

2023-11-08 10:57:59 - [MESSAGE][INFO] - Unable to find the element located by 'By.xpath: //*[(text() = 'Customer Lookup' or . = 'Customer Lookup')]'. Please recheck the objects properties to make sure the desired element is located. 

2023-11-08 10:58:00 - [MESSAGE][INFO] - Unable to find the element located by 'By.cssSelector: h1.title'. Please recheck the objects properties to make sure the desired element is located. 

2023-11-08 10:58:00 - [MESSAGE][FAILED] - com.kms.katalon.core.webui.exception.WebElementNotFoundException: Web element with id: 'Object Repository/Page_ParaBank_Customer_Lookup/h1CustomerLookup' located by '//div[@id='rightPanel']/h1' not found (Root cause: com.kms.katalon.core.exception.StepFailedException: com.kms.katalon.core.webui.exception.WebElementNotFoundException: Web element with id: 'Object Repository/Page_ParaBank_Customer_Lookup/h1CustomerLookup' located by '//div[@id='rightPanel']/h1' not found
	at com.kms.katalon.core.webui.keyword.internal.WebUIKeywordMain.stepFailed(WebUIKeywordMain.groovy:64)
	at com.kms.katalon.core.webui.keyword.builtin.VerifyElementTextKeyword$_verifyElementText_closure1.doCall(VerifyElementTextKeyword.groovy:64)
	at com.kms.katalon.core.webui.keyword.builtin.VerifyElementTextKeyword$_verifyElementText_closure1.call(VerifyElementTextKeyword.groovy)
	at com.kms.katalon.core.webui.keyword.internal.WebUIKeywordMain.runKeyword(WebUIKeywordMain.groovy:20)
	at com.kms.katalon.core.webui.keyword.builtin.VerifyElementTextKeyword.verifyElementText(VerifyElementTextKeyword.groovy:72)
	at com.kms.katalon.core.webui.keyword.builtin.VerifyElementTextKeyword.execute(VerifyElementTextKeyword.groovy:40)
	at com.kms.katalon.core.keyword.internal.KeywordExecutor.executeKeywordForPlatform(KeywordExecutor.groovy:74)
	at com.kms.katalon.core.webui.keyword.WebUiBuiltInKeywords.verifyElementText(WebUiBuiltInKeywords.groovy:4796)
	at MTC003 - Forgot login.run(MTC003 - Forgot login:40)
	at com.kms.katalon.core.main.ScriptEngine.run(ScriptEngine.java:194)
	at com.kms.katalon.core.main.ScriptEngine.runScriptAsRawText(ScriptEngine.java:119)
	at com.kms.katalon.core.main.TestCaseExecutor.runScript(TestCaseExecutor.java:448)
	at com.kms.katalon.core.main.TestCaseExecutor.doExecute(TestCaseExecutor.java:439)
	at com.kms.katalon.core.main.TestCaseExecutor.processExecutionPhase(TestCaseExecutor.java:418)
	at com.kms.katalon.core.main.TestCaseExecutor.accessMainPhase(TestCaseExecutor.java:410)
	at com.kms.katalon.core.main.TestCaseExecutor.execute(TestCaseExecutor.java:285)
	at com.kms.katalon.core.common.CommonExecutor.accessTestCaseMainPhase(CommonExecutor.java:65)
	at com.kms.katalon.core.main.TestSuiteExecutor.accessTestSuiteMainPhase(TestSuiteExecutor.java:148)
	at com.kms.katalon.core.main.TestSuiteExecutor.execute(TestSuiteExecutor.java:106)
	at com.kms.katalon.core.main.TestCaseMain.startTestSuite(TestCaseMain.java:187)
	at TempTestSuite1699458622452.run(TempTestSuite1699458622452.groovy:36)
	at java.base/jdk.internal.reflect.NativeMethodAccessorImpl.invoke0(Native Method)
	at java.base/jdk.internal.reflect.NativeMethodAccessorImpl.invoke(NativeMethodAccessorImpl.java:77)
	at java.base/jdk.internal.reflect.DelegatingMethodAccessorImpl.invoke(DelegatingMethodAccessorImpl.java:43)
)
[[ATTACHMENT|C:\\Users\\GKOKABAYEVA\\Katalon Studio\\Parabank\\Reports\\20231108_105022\\Smoke Test Suites\\STS002 - Login verification\\20231108_105022\\1699459080048.png]]

2023-11-08 10:58:00 - [TEST_STEP][FAILED] - verifyElementText(findTestObject("Object Repository/Page_ParaBank_Customer_Lookup/lblLoginInfoLookUpSuccess"), expectedLoginInfoLookupSuccessMessage): com.kms.katalon.core.webui.exception.WebElementNotFoundException: Web element with id: 'Object Repository/Page_ParaBank_Customer_Lookup/lblLoginInfoLookUpSuccess' located by '//div[@id='rightPanel']/p' not found (Root cause: com.kms.katalon.core.exception.StepFailedException: com.kms.katalon.core.webui.exception.WebElementNotFoundException: Web element with id: 'Object Repository/Page_ParaBank_Customer_Lookup/lblLoginInfoLookUpSuccess' located by '//div[@id='rightPanel']/p' not found
	at com.kms.katalon.core.webui.keyword.internal.WebUIKeywordMain.stepFailed(WebUIKeywordMain.groovy:64)
	at com.kms.katalon.core.webui.keyword.builtin.VerifyElementTextKeyword$_verifyElementText_closure1.doCall(VerifyElementTextKeyword.groovy:64)
	at com.kms.katalon.core.webui.keyword.builtin.VerifyElementTextKeyword$_verifyElementText_closure1.call(VerifyElementTextKeyword.groovy)
	at com.kms.katalon.core.webui.keyword.internal.WebUIKeywordMain.runKeyword(WebUIKeywordMain.groovy:20)
	at com.kms.katalon.core.webui.keyword.builtin.VerifyElementTextKeyword.verifyElementText(VerifyElementTextKeyword.groovy:72)
	at com.kms.katalon.core.webui.keyword.builtin.VerifyElementTextKeyword.execute(VerifyElementTextKeyword.groovy:40)
	at com.kms.katalon.core.keyword.internal.KeywordExecutor.executeKeywordForPlatform(KeywordExecutor.groovy:74)
	at com.kms.katalon.core.webui.keyword.WebUiBuiltInKeywords.verifyElementText(WebUiBuiltInKeywords.groovy:4796)
	at MTC003 - Forgot login.run(MTC003 - Forgot login:42)
	at com.kms.katalon.core.main.ScriptEngine.run(ScriptEngine.java:194)
	at com.kms.katalon.core.main.ScriptEngine.runScriptAsRawText(ScriptEngine.java:119)
	at com.kms.katalon.core.main.TestCaseExecutor.runScript(TestCaseExecutor.java:448)
	at com.kms.katalon.core.main.TestCaseExecutor.doExecute(TestCaseExecutor.java:439)
	at com.kms.katalon.core.main.TestCaseExecutor.processExecutionPhase(TestCaseExecutor.java:418)
	at com.kms.katalon.core.main.TestCaseExecutor.accessMainPhase(TestCaseExecutor.java:410)
	at com.kms.katalon.core.main.TestCaseExecutor.execute(TestCaseExecutor.java:285)
	at com.kms.katalon.core.common.CommonExecutor.accessTestCaseMainPhase(CommonExecutor.java:65)
	at com.kms.katalon.core.main.TestSuiteExecutor.accessTestSuiteMainPhase(TestSuiteExecutor.java:148)
	at com.kms.katalon.core.main.TestSuiteExecutor.execute(TestSuiteExecutor.java:106)
	at com.kms.katalon.core.main.TestCaseMain.startTestSuite(TestCaseMain.java:187)
	at TempTestSuite1699458622452.run(TempTestSuite1699458622452.groovy:36)
	at java.base/jdk.internal.reflect.NativeMethodAccessorImpl.invoke0(Native Method)
	at java.base/jdk.internal.reflect.NativeMethodAccessorImpl.invoke(NativeMethodAccessorImpl.java:77)
	at java.base/jdk.internal.reflect.DelegatingMethodAccessorImpl.invoke(DelegatingMethodAccessorImpl.java:43)
)

2023-11-08 10:58:31 - [MESSAGE][INFO] - Unable to find the element located by 'By.xpath: //div[@id='rightPanel']/p'. Please recheck the objects properties to make sure the desired element is located. 

2023-11-08 10:58:31 - [MESSAGE][WARNING] - [SELF-HEALING] Failed to find element with id 'Object Repository/Page_ParaBank_Customer_Lookup/lblLoginInfoLookUpSuccess'. Try using Self-healing.

2023-11-08 10:58:31 - [MESSAGE][INFO] - [SELF-HEALING] Failed Locator: '//div[@id='rightPanel']/p'.

2023-11-08 10:58:31 - [MESSAGE][INFO] - [SELF-HEALING] Failed Locator: '//div[2]/p'.

2023-11-08 10:58:31 - [MESSAGE][INFO] - [SELF-HEALING] Failed Locator: '//p[(text() = 'Your login information was located successfully. You are now logged in. ' or . = 'Your login information was located successfully. You are now logged in. ')]'.

2023-11-08 10:58:31 - [MESSAGE][INFO] - [SELF-HEALING] Failed Locator: '//div[@id='rightPanel']/p'.

2023-11-08 10:58:31 - [MESSAGE][INFO] - [SELF-HEALING] Failed Locator: '//div[2]/p'.

2023-11-08 10:58:31 - [MESSAGE][INFO] - [SELF-HEALING] Failed Locator: '//p[(text() = 'Your login information was located successfully. You are now logged in. ' or . = 'Your login information was located successfully. You are now logged in. ')]'.

2023-11-08 10:58:31 - [MESSAGE][INFO] - [SELF-HEALING] Failed Locator: '//div[@id='rightPanel']/p'.

2023-11-08 10:58:31 - [MESSAGE][INFO] - [SELF-HEALING] Failed Locator: '//div[2]/p'.

2023-11-08 10:58:31 - [MESSAGE][INFO] - [SELF-HEALING] Failed Locator: '//p[(text() = 'Your login information was located successfully. You are now logged in. ' or . = 'Your login information was located successfully. You are now logged in. ')]'.

2023-11-08 10:58:31 - [MESSAGE][INFO] - [SELF-HEALING] Failed Locator: '//div[@id='rightPanel']/p'.

2023-11-08 10:58:31 - [MESSAGE][INFO] - [SELF-HEALING] Failed Locator: '//div[2]/p'.

2023-11-08 10:58:31 - [MESSAGE][INFO] - [SELF-HEALING] Failed Locator: '//p[(text() = 'Your login information was located successfully. You are now logged in. ' or . = 'Your login information was located successfully. You are now logged in. ')]'.

2023-11-08 10:58:31 - [MESSAGE][INFO] - [SELF-HEALING] Failed Locator: '//div[@id='rightPanel']/p'.

2023-11-08 10:58:31 - [MESSAGE][INFO] - [SELF-HEALING] Failed Locator: '//div[2]/p'.

2023-11-08 10:58:31 - [MESSAGE][INFO] - [SELF-HEALING] Failed Locator: '//p[(text() = 'Your login information was located successfully. You are now logged in. ' or . = 'Your login information was located successfully. You are now logged in. ')]'.

2023-11-08 10:58:31 - [MESSAGE][INFO] - [SELF-HEALING] Failed Locator: '//div[@id='rightPanel']/p'.

2023-11-08 10:58:31 - [MESSAGE][INFO] - [SELF-HEALING] Failed Locator: '//div[2]/p'.

2023-11-08 10:58:31 - [MESSAGE][INFO] - [SELF-HEALING] Failed Locator: '//p[(text() = 'Your login information was located successfully. You are now logged in. ' or . = 'Your login information was located successfully. You are now logged in. ')]'.

2023-11-08 10:58:31 - [MESSAGE][INFO] - [SELF-HEALING] Failed Locator: '//div[@id='rightPanel']/p'.

2023-11-08 10:58:31 - [MESSAGE][INFO] - [SELF-HEALING] Failed Locator: '//div[2]/p'.

2023-11-08 10:58:31 - [MESSAGE][INFO] - [SELF-HEALING] Failed Locator: '//p[(text() = 'Your login information was located successfully. You are now logged in. ' or . = 'Your login information was located successfully. You are now logged in. ')]'.

2023-11-08 10:58:31 - [MESSAGE][INFO] - [SELF-HEALING] Failed Locator: '//div[@id='rightPanel']/p'.

2023-11-08 10:58:31 - [MESSAGE][INFO] - [SELF-HEALING] Failed Locator: '//div[2]/p'.

2023-11-08 10:58:31 - [MESSAGE][INFO] - [SELF-HEALING] Failed Locator: '//p[(text() = 'Your login information was located successfully. You are now logged in. ' or . = 'Your login information was located successfully. You are now logged in. ')]'.

2023-11-08 10:58:31 - [MESSAGE][INFO] - [SELF-HEALING] Failed Locator: '//div[@id='rightPanel']/p'.

2023-11-08 10:58:31 - [MESSAGE][INFO] - [SELF-HEALING] Failed Locator: '//div[2]/p'.

2023-11-08 10:58:31 - [MESSAGE][INFO] - [SELF-HEALING] Failed Locator: '//p[(text() = 'Your login information was located successfully. You are now logged in. ' or . = 'Your login information was located successfully. You are now logged in. ')]'.

2023-11-08 10:58:31 - [MESSAGE][INFO] - [SELF-HEALING] Failed Locator: '//div[@id='rightPanel']/p'.

2023-11-08 10:58:31 - [MESSAGE][INFO] - [SELF-HEALING] Failed Locator: '//div[2]/p'.

2023-11-08 10:58:31 - [MESSAGE][INFO] - [SELF-HEALING] Failed Locator: '//p[(text() = 'Your login information was located successfully. You are now logged in. ' or . = 'Your login information was located successfully. You are now logged in. ')]'.

2023-11-08 10:58:31 - [MESSAGE][INFO] - [SELF-HEALING] Failed Locator: '//div[@id='rightPanel']/p'.

2023-11-08 10:58:31 - [MESSAGE][INFO] - [SELF-HEALING] Failed Locator: '//div[2]/p'.

2023-11-08 10:58:31 - [MESSAGE][INFO] - [SELF-HEALING] Failed Locator: '//p[(text() = 'Your login information was located successfully. You are now logged in. ' or . = 'Your login information was located successfully. You are now logged in. ')]'.

2023-11-08 10:58:31 - [MESSAGE][INFO] - [SELF-HEALING] Failed Locator: '//div[@id='rightPanel']/p'.

2023-11-08 10:58:31 - [MESSAGE][INFO] - [SELF-HEALING] Failed Locator: '//div[2]/p'.

2023-11-08 10:58:31 - [MESSAGE][INFO] - [SELF-HEALING] Failed Locator: '//p[(text() = 'Your login information was located successfully. You are now logged in. ' or . = 'Your login information was located successfully. You are now logged in. ')]'.

2023-11-08 10:58:31 - [MESSAGE][INFO] - [SELF-HEALING] Failed Locator: '//div[@id='rightPanel']/p'.

2023-11-08 10:58:31 - [MESSAGE][INFO] - [SELF-HEALING] Failed Locator: '//div[2]/p'.

2023-11-08 10:58:31 - [MESSAGE][INFO] - [SELF-HEALING] Failed Locator: '//p[(text() = 'Your login information was located successfully. You are now logged in. ' or . = 'Your login information was located successfully. You are now logged in. ')]'.

2023-11-08 10:58:31 - [MESSAGE][INFO] - [SELF-HEALING] Failed Locator: '//div[@id='rightPanel']/p'.

2023-11-08 10:58:31 - [MESSAGE][INFO] - [SELF-HEALING] Failed Locator: '//div[2]/p'.

2023-11-08 10:58:31 - [MESSAGE][INFO] - [SELF-HEALING] Failed Locator: '//p[(text() = 'Your login information was located successfully. You are now logged in. ' or . = 'Your login information was located successfully. You are now logged in. ')]'.

2023-11-08 10:58:31 - [MESSAGE][INFO] - [SELF-HEALING] Failed Locator: '//div[@id='rightPanel']/p'.

2023-11-08 10:58:31 - [MESSAGE][INFO] - [SELF-HEALING] Failed Locator: '//div[2]/p'.

2023-11-08 10:58:31 - [MESSAGE][INFO] - [SELF-HEALING] Failed Locator: '//p[(text() = 'Your login information was located successfully. You are now logged in. ' or . = 'Your login information was located successfully. You are now logged in. ')]'.

2023-11-08 10:58:32 - [MESSAGE][INFO] - [SELF-HEALING] Failed Locator: '//div[@id='rightPanel']/p'.

2023-11-08 10:58:32 - [MESSAGE][INFO] - [SELF-HEALING] Failed Locator: '//div[2]/p'.

2023-11-08 10:58:32 - [MESSAGE][INFO] - [SELF-HEALING] Failed Locator: '//p[(text() = 'Your login information was located successfully. You are now logged in. ' or . = 'Your login information was located successfully. You are now logged in. ')]'.

2023-11-08 10:58:32 - [MESSAGE][INFO] - [SELF-HEALING] Failed Locator: '//div[@id='rightPanel']/p'.

2023-11-08 10:58:32 - [MESSAGE][INFO] - [SELF-HEALING] Failed Locator: '//div[2]/p'.

2023-11-08 10:58:32 - [MESSAGE][INFO] - [SELF-HEALING] Failed Locator: '//p[(text() = 'Your login information was located successfully. You are now logged in. ' or . = 'Your login information was located successfully. You are now logged in. ')]'.

2023-11-08 10:58:32 - [MESSAGE][INFO] - [SELF-HEALING] Failed Locator: '//div[@id='rightPanel']/p'.

2023-11-08 10:58:32 - [MESSAGE][INFO] - [SELF-HEALING] Failed Locator: '//div[2]/p'.

2023-11-08 10:58:32 - [MESSAGE][INFO] - [SELF-HEALING] Failed Locator: '//p[(text() = 'Your login information was located successfully. You are now logged in. ' or . = 'Your login information was located successfully. You are now logged in. ')]'.

2023-11-08 10:58:33 - [MESSAGE][INFO] - Unable to find the element located by 'By.xpath: //*[(text() = 'Your login information was located successfully. You are now logged in. ' or . = 'Your login information was located successfully. You are now logged in. ')]'. Please recheck the objects properties to make sure the desired element is located. 

2023-11-08 10:58:34 - [MESSAGE][INFO] - Unable to find the element located by 'By.cssSelector: #rightPanel > p'. Please recheck the objects properties to make sure the desired element is located. 

2023-11-08 10:58:34 - [MESSAGE][FAILED] - com.kms.katalon.core.webui.exception.WebElementNotFoundException: Web element with id: 'Object Repository/Page_ParaBank_Customer_Lookup/lblLoginInfoLookUpSuccess' located by '//div[@id='rightPanel']/p' not found (Root cause: com.kms.katalon.core.exception.StepFailedException: com.kms.katalon.core.webui.exception.WebElementNotFoundException: Web element with id: 'Object Repository/Page_ParaBank_Customer_Lookup/lblLoginInfoLookUpSuccess' located by '//div[@id='rightPanel']/p' not found
	at com.kms.katalon.core.webui.keyword.internal.WebUIKeywordMain.stepFailed(WebUIKeywordMain.groovy:64)
	at com.kms.katalon.core.webui.keyword.builtin.VerifyElementTextKeyword$_verifyElementText_closure1.doCall(VerifyElementTextKeyword.groovy:64)
	at com.kms.katalon.core.webui.keyword.builtin.VerifyElementTextKeyword$_verifyElementText_closure1.call(VerifyElementTextKeyword.groovy)
	at com.kms.katalon.core.webui.keyword.internal.WebUIKeywordMain.runKeyword(WebUIKeywordMain.groovy:20)
	at com.kms.katalon.core.webui.keyword.builtin.VerifyElementTextKeyword.verifyElementText(VerifyElementTextKeyword.groovy:72)
	at com.kms.katalon.core.webui.keyword.builtin.VerifyElementTextKeyword.execute(VerifyElementTextKeyword.groovy:40)
	at com.kms.katalon.core.keyword.internal.KeywordExecutor.executeKeywordForPlatform(KeywordExecutor.groovy:74)
	at com.kms.katalon.core.webui.keyword.WebUiBuiltInKeywords.verifyElementText(WebUiBuiltInKeywords.groovy:4796)
	at MTC003 - Forgot login.run(MTC003 - Forgot login:42)
	at com.kms.katalon.core.main.ScriptEngine.run(ScriptEngine.java:194)
	at com.kms.katalon.core.main.ScriptEngine.runScriptAsRawText(ScriptEngine.java:119)
	at com.kms.katalon.core.main.TestCaseExecutor.runScript(TestCaseExecutor.java:448)
	at com.kms.katalon.core.main.TestCaseExecutor.doExecute(TestCaseExecutor.java:439)
	at com.kms.katalon.core.main.TestCaseExecutor.processExecutionPhase(TestCaseExecutor.java:418)
	at com.kms.katalon.core.main.TestCaseExecutor.accessMainPhase(TestCaseExecutor.java:410)
	at com.kms.katalon.core.main.TestCaseExecutor.execute(TestCaseExecutor.java:285)
	at com.kms.katalon.core.common.CommonExecutor.accessTestCaseMainPhase(CommonExecutor.java:65)
	at com.kms.katalon.core.main.TestSuiteExecutor.accessTestSuiteMainPhase(TestSuiteExecutor.java:148)
	at com.kms.katalon.core.main.TestSuiteExecutor.execute(TestSuiteExecutor.java:106)
	at com.kms.katalon.core.main.TestCaseMain.startTestSuite(TestCaseMain.java:187)
	at TempTestSuite1699458622452.run(TempTestSuite1699458622452.groovy:36)
	at java.base/jdk.internal.reflect.NativeMethodAccessorImpl.invoke0(Native Method)
	at java.base/jdk.internal.reflect.NativeMethodAccessorImpl.invoke(NativeMethodAccessorImpl.java:77)
	at java.base/jdk.internal.reflect.DelegatingMethodAccessorImpl.invoke(DelegatingMethodAccessorImpl.java:43)
)
[[ATTACHMENT|C:\\Users\\GKOKABAYEVA\\Katalon Studio\\Parabank\\Reports\\20231108_105022\\Smoke Test Suites\\STS002 - Login verification\\20231108_105022\\1699459114183.png]]

2023-11-08 10:58:34 - [TEST_STEP][PASSED] - closeBrowser(): Browser is closed

2023-11-08 10:58:34 - [MESSAGE][PASSED] - Browser is closed]]></system-out>
         <system-err><![CDATA[2023-11-08 10:52:15 - [TEST_CASE][FAILED] - Test Cases/Main Test Cases/MTC003 - Forgot login: Test Cases/Main Test Cases/MTC003 - Forgot login FAILED.
Reason:
com.kms.katalon.core.exception.StepFailedException: Unable to click on object 'Object Repository/Page_ParaBank  Welcome  Online Banking/lkForgotLoginInfo' (Root cause: com.kms.katalon.core.exception.StepFailedException: Unable to click on object 'Object Repository/Page_ParaBank  Welcome  Online Banking/lkForgotLoginInfo'
	at com.kms.katalon.core.webui.keyword.internal.WebUIKeywordMain.stepFailed(WebUIKeywordMain.groovy:64)
	at com.kms.katalon.core.webui.keyword.internal.WebUIKeywordMain.runKeyword(WebUIKeywordMain.groovy:26)
	at com.kms.katalon.core.webui.keyword.builtin.ClickKeyword.click(ClickKeyword.groovy:74)
	at com.kms.katalon.core.webui.keyword.builtin.ClickKeyword.execute(ClickKeyword.groovy:40)
	at com.kms.katalon.core.keyword.internal.KeywordExecutor.executeKeywordForPlatform(KeywordExecutor.groovy:74)
	at com.kms.katalon.core.webui.keyword.WebUiBuiltInKeywords.click(WebUiBuiltInKeywords.groovy:620)
	at MTC003 - Forgot login.run(MTC003 - Forgot login:22)
	at com.kms.katalon.core.main.ScriptEngine.run(ScriptEngine.java:194)
	at com.kms.katalon.core.main.ScriptEngine.runScriptAsRawText(ScriptEngine.java:119)
	at com.kms.katalon.core.main.TestCaseExecutor.runScript(TestCaseExecutor.java:448)
	at com.kms.katalon.core.main.TestCaseExecutor.doExecute(TestCaseExecutor.java:439)
	at com.kms.katalon.core.main.TestCaseExecutor.processExecutionPhase(TestCaseExecutor.java:418)
	at com.kms.katalon.core.main.TestCaseExecutor.accessMainPhase(TestCaseExecutor.java:410)
	at com.kms.katalon.core.main.TestCaseExecutor.execute(TestCaseExecutor.java:285)
	at com.kms.katalon.core.common.CommonExecutor.accessTestCaseMainPhase(CommonExecutor.java:65)
	at com.kms.katalon.core.main.TestSuiteExecutor.accessTestSuiteMainPhase(TestSuiteExecutor.java:148)
	at com.kms.katalon.core.main.TestSuiteExecutor.execute(TestSuiteExecutor.java:106)
	at com.kms.katalon.core.main.TestCaseMain.startTestSuite(TestCaseMain.java:187)
	at TempTestSuite1699458622452.run(TempTestSuite1699458622452.groovy:36)
	at java.base/jdk.internal.reflect.NativeMethodAccessorImpl.invoke0(Native Method)
	at java.base/jdk.internal.reflect.NativeMethodAccessorImpl.invoke(NativeMethodAccessorImpl.java:77)
	at java.base/jdk.internal.reflect.DelegatingMethodAccessorImpl.invoke(DelegatingMethodAccessorImpl.java:43)
Caused by: com.kms.katalon.core.webui.exception.WebElementNotFoundException: Web element with id: 'Object Repository/Page_ParaBank  Welcome  Online Banking/lkForgotLoginInfo' located by '//div[@id='loginPanel']/p/a' not found
	at com.kms.katalon.core.webui.common.WebUiCommonHelper.findWebElement(WebUiCommonHelper.java:1379)
	at com.kms.katalon.core.webui.keyword.internal.WebUIAbstractKeyword.findWebElement(WebUIAbstractKeyword.groovy:27)
	at com.kms.katalon.core.webui.keyword.builtin.ClickKeyword$_click_closure1.doCall(ClickKeyword.groovy:65)
	at com.kms.katalon.core.webui.keyword.builtin.ClickKeyword$_click_closure1.call(ClickKeyword.groovy)
	at com.kms.katalon.core.webui.keyword.internal.WebUIKeywordMain.runKeyword(WebUIKeywordMain.groovy:20)
	at com.kms.katalon.core.webui.keyword.builtin.ClickKeyword.click(ClickKeyword.groovy:74)
	at com.kms.katalon.core.webui.keyword.builtin.ClickKeyword.execute(ClickKeyword.groovy:40)
	at com.kms.katalon.core.keyword.internal.KeywordExecutor.executeKeywordForPlatform(KeywordExecutor.groovy:74)
	at com.kms.katalon.core.webui.keyword.WebUiBuiltInKeywords.click(WebUiBuiltInKeywords.groovy:620)
	at Script1698861099852.run(Script1698861099852.groovy:22)
	... 15 more
)
	at com.kms.katalon.core.keyword.internal.KeywordMain.stepFailed(KeywordMain.groovy:39)
	at com.kms.katalon.core.webui.keyword.internal.WebUIKeywordMain.stepFailed(WebUIKeywordMain.groovy:64)
	at com.kms.katalon.core.webui.keyword.internal.WebUIKeywordMain.runKeyword(WebUIKeywordMain.groovy:26)
	at com.kms.katalon.core.webui.keyword.builtin.ClickKeyword.click(ClickKeyword.groovy:74)
	at com.kms.katalon.core.webui.keyword.builtin.ClickKeyword.execute(ClickKeyword.groovy:40)
	at com.kms.katalon.core.keyword.internal.KeywordExecutor.executeKeywordForPlatform(KeywordExecutor.groovy:74)
	at com.kms.katalon.core.webui.keyword.WebUiBuiltInKeywords.click(WebUiBuiltInKeywords.groovy:620)
	at MTC003 - Forgot login.run(MTC003 - Forgot login:22)
	at com.kms.katalon.core.main.ScriptEngine.run(ScriptEngine.java:194)
	at com.kms.katalon.core.main.ScriptEngine.runScriptAsRawText(ScriptEngine.java:119)
	at com.kms.katalon.core.main.TestCaseExecutor.runScript(TestCaseExecutor.java:448)
	at com.kms.katalon.core.main.TestCaseExecutor.doExecute(TestCaseExecutor.java:439)
	at com.kms.katalon.core.main.TestCaseExecutor.processExecutionPhase(TestCaseExecutor.java:418)
	at com.kms.katalon.core.main.TestCaseExecutor.accessMainPhase(TestCaseExecutor.java:410)
	at com.kms.katalon.core.main.TestCaseExecutor.execute(TestCaseExecutor.java:285)
	at com.kms.katalon.core.common.CommonExecutor.accessTestCaseMainPhase(CommonExecutor.java:65)
	at com.kms.katalon.core.main.TestSuiteExecutor.accessTestSuiteMainPhase(TestSuiteExecutor.java:148)
	at com.kms.katalon.core.main.TestSuiteExecutor.execute(TestSuiteExecutor.java:106)
	at com.kms.katalon.core.main.TestCaseMain.startTestSuite(TestCaseMain.java:187)
	at TempTestSuite1699458622452.run(TempTestSuite1699458622452.groovy:36)
	at java.base/jdk.internal.reflect.NativeMethodAccessorImpl.invoke0(Native Method)
	at java.base/jdk.internal.reflect.NativeMethodAccessorImpl.invoke(NativeMethodAccessorImpl.java:77)
	at java.base/jdk.internal.reflect.DelegatingMethodAccessorImpl.invoke(DelegatingMethodAccessorImpl.java:43)
Caused by: com.kms.katalon.core.exception.StepFailedException: Unable to click on object 'Object Repository/Page_ParaBank  Welcome  Online Banking/lkForgotLoginInfo'
	... 22 more
Caused by: com.kms.katalon.core.webui.exception.WebElementNotFoundException: Web element with id: 'Object Repository/Page_ParaBank  Welcome  Online Banking/lkForgotLoginInfo' located by '//div[@id='loginPanel']/p/a' not found
	at com.kms.katalon.core.webui.common.WebUiCommonHelper.findWebElement(WebUiCommonHelper.java:1379)
	at com.kms.katalon.core.webui.keyword.internal.WebUIAbstractKeyword.findWebElement(WebUIAbstractKeyword.groovy:27)
	at com.kms.katalon.core.webui.keyword.builtin.ClickKeyword$_click_closure1.doCall(ClickKeyword.groovy:65)
	at com.kms.katalon.core.webui.keyword.builtin.ClickKeyword$_click_closure1.call(ClickKeyword.groovy)
	at com.kms.katalon.core.webui.keyword.internal.WebUIKeywordMain.runKeyword(WebUIKeywordMain.groovy:20)
	... 20 more]]></system-err>
      </testcase>
      <testcase name="Test Cases/Main Test Cases/MTC004 - Forgot login info unsuccessful" time="140.004" classname="Test Cases/Main Test Cases/MTC004 - Forgot login info unsuccessful" status="FAILED">
         <failure type="FAILED" message="Test Cases/Main Test Cases/MTC004 - Forgot login info unsuccessful FAILED.&#xa;Reason:&#xa;com.kms.katalon.core.exception.StepFailedException: Unable to click on object 'Object Repository/Page_ParaBank  Welcome  Online Banking/lkForgotLoginInfo' (Root cause: com.kms.katalon.core.exception.StepFailedException: Unable to click on object 'Object Repository/Page_ParaBank  Welcome  Online Banking/lkForgotLoginInfo'&#xa;	at com.kms.katalon.core.webui.keyword.internal.WebUIKeywordMain.stepFailed(WebUIKeywordMain.groovy:64)&#xa;	at com.kms.katalon.core.webui.keyword.internal.WebUIKeywordMain.runKeyword(WebUIKeywordMain.groovy:26)&#xa;	at com.kms.katalon.core.webui.keyword.builtin.ClickKeyword.click(ClickKeyword.groovy:74)&#xa;	at com.kms.katalon.core.webui.keyword.builtin.ClickKeyword.execute(ClickKeyword.groovy:40)&#xa;	at com.kms.katalon.core.keyword.internal.KeywordExecutor.executeKeywordForPlatform(KeywordExecutor.groovy:74)&#xa;	at com.kms.katalon.core.webui.keyword.WebUiBuiltInKeywords.click(WebUiBuiltInKeywords.groovy:620)&#xa;	at MTC004 - Forgot login info unsuccessful.run(MTC004 - Forgot login info unsuccessful:22)&#xa;	at com.kms.katalon.core.main.ScriptEngine.run(ScriptEngine.java:194)&#xa;	at com.kms.katalon.core.main.ScriptEngine.runScriptAsRawText(ScriptEngine.java:119)&#xa;	at com.kms.katalon.core.main.TestCaseExecutor.runScript(TestCaseExecutor.java:448)&#xa;	at com.kms.katalon.core.main.TestCaseExecutor.doExecute(TestCaseExecutor.java:439)&#xa;	at com.kms.katalon.core.main.TestCaseExecutor.processExecutionPhase(TestCaseExecutor.java:418)&#xa;	at com.kms.katalon.core.main.TestCaseExecutor.accessMainPhase(TestCaseExecutor.java:410)&#xa;	at com.kms.katalon.core.main.TestCaseExecutor.execute(TestCaseExecutor.java:285)&#xa;	at com.kms.katalon.core.common.CommonExecutor.accessTestCaseMainPhase(CommonExecutor.java:65)&#xa;	at com.kms.katalon.core.main.TestSuiteExecutor.accessTestSuiteMainPhase(TestSuiteExecutor.java:148)&#xa;	at com.kms.katalon.core.main.TestSuiteExecutor.execute(TestSuiteExecutor.java:106)&#xa;	at com.kms.katalon.core.main.TestCaseMain.startTestSuite(TestCaseMain.java:187)&#xa;	at TempTestSuite1699458622452.run(TempTestSuite1699458622452.groovy:36)&#xa;	at java.base/jdk.internal.reflect.NativeMethodAccessorImpl.invoke0(Native Method)&#xa;	at java.base/jdk.internal.reflect.NativeMethodAccessorImpl.invoke(NativeMethodAccessorImpl.java:77)&#xa;	at java.base/jdk.internal.reflect.DelegatingMethodAccessorImpl.invoke(DelegatingMethodAccessorImpl.java:43)&#xa;Caused by: com.kms.katalon.core.webui.exception.WebElementNotFoundException: Web element with id: 'Object Repository/Page_ParaBank  Welcome  Online Banking/lkForgotLoginInfo' located by '//div[@id='loginPanel']/p/a' not found&#xa;	at com.kms.katalon.core.webui.common.WebUiCommonHelper.findWebElement(WebUiCommonHelper.java:1379)&#xa;	at com.kms.katalon.core.webui.keyword.internal.WebUIAbstractKeyword.findWebElement(WebUIAbstractKeyword.groovy:27)&#xa;	at com.kms.katalon.core.webui.keyword.builtin.ClickKeyword$_click_closure1.doCall(ClickKeyword.groovy:65)&#xa;	at com.kms.katalon.core.webui.keyword.builtin.ClickKeyword$_click_closure1.call(ClickKeyword.groovy)&#xa;	at com.kms.katalon.core.webui.keyword.internal.WebUIKeywordMain.runKeyword(WebUIKeywordMain.groovy:20)&#xa;	at com.kms.katalon.core.webui.keyword.builtin.ClickKeyword.click(ClickKeyword.groovy:74)&#xa;	at com.kms.katalon.core.webui.keyword.builtin.ClickKeyword.execute(ClickKeyword.groovy:40)&#xa;	at com.kms.katalon.core.keyword.internal.KeywordExecutor.executeKeywordForPlatform(KeywordExecutor.groovy:74)&#xa;	at com.kms.katalon.core.webui.keyword.WebUiBuiltInKeywords.click(WebUiBuiltInKeywords.groovy:620)&#xa;	at Script1698861399744.run(Script1698861399744.groovy:22)&#xa;	... 15 more&#xa;)&#xa;	at com.kms.katalon.core.keyword.internal.KeywordMain.stepFailed(KeywordMain.groovy:39)&#xa;	at com.kms.katalon.core.webui.keyword.internal.WebUIKeywordMain.stepFailed(WebUIKeywordMain.groovy:64)&#xa;	at com.kms.katalon.core.webui.keyword.internal.WebUIKeywordMain.runKeyword(WebUIKeywordMain.groovy:26)&#xa;	at com.kms.katalon.core.webui.keyword.builtin.ClickKeyword.click(ClickKeyword.groovy:74)&#xa;	at com.kms.katalon.core.webui.keyword.builtin.ClickKeyword.execute(ClickKeyword.groovy:40)&#xa;	at com.kms.katalon.core.keyword.internal.KeywordExecutor.executeKeywordForPlatform(KeywordExecutor.groovy:74)&#xa;	at com.kms.katalon.core.webui.keyword.WebUiBuiltInKeywords.click(WebUiBuiltInKeywords.groovy:620)&#xa;	at MTC004 - Forgot login info unsuccessful.run(MTC004 - Forgot login info unsuccessful:22)&#xa;	at com.kms.katalon.core.main.ScriptEngine.run(ScriptEngine.java:194)&#xa;	at com.kms.katalon.core.main.ScriptEngine.runScriptAsRawText(ScriptEngine.java:119)&#xa;	at com.kms.katalon.core.main.TestCaseExecutor.runScript(TestCaseExecutor.java:448)&#xa;	at com.kms.katalon.core.main.TestCaseExecutor.doExecute(TestCaseExecutor.java:439)&#xa;	at com.kms.katalon.core.main.TestCaseExecutor.processExecutionPhase(TestCaseExecutor.java:418)&#xa;	at com.kms.katalon.core.main.TestCaseExecutor.accessMainPhase(TestCaseExecutor.java:410)&#xa;	at com.kms.katalon.core.main.TestCaseExecutor.execute(TestCaseExecutor.java:285)&#xa;	at com.kms.katalon.core.common.CommonExecutor.accessTestCaseMainPhase(CommonExecutor.java:65)&#xa;	at com.kms.katalon.core.main.TestSuiteExecutor.accessTestSuiteMainPhase(TestSuiteExecutor.java:148)&#xa;	at com.kms.katalon.core.main.TestSuiteExecutor.execute(TestSuiteExecutor.java:106)&#xa;	at com.kms.katalon.core.main.TestCaseMain.startTestSuite(TestCaseMain.java:187)&#xa;	at TempTestSuite1699458622452.run(TempTestSuite1699458622452.groovy:36)&#xa;	at java.base/jdk.internal.reflect.NativeMethodAccessorImpl.invoke0(Native Method)&#xa;	at java.base/jdk.internal.reflect.NativeMethodAccessorImpl.invoke(NativeMethodAccessorImpl.java:77)&#xa;	at java.base/jdk.internal.reflect.DelegatingMethodAccessorImpl.invoke(DelegatingMethodAccessorImpl.java:43)&#xa;Caused by: com.kms.katalon.core.exception.StepFailedException: Unable to click on object 'Object Repository/Page_ParaBank  Welcome  Online Banking/lkForgotLoginInfo'&#xa;	... 22 more&#xa;Caused by: com.kms.katalon.core.webui.exception.WebElementNotFoundException: Web element with id: 'Object Repository/Page_ParaBank  Welcome  Online Banking/lkForgotLoginInfo' located by '//div[@id='loginPanel']/p/a' not found&#xa;	at com.kms.katalon.core.webui.common.WebUiCommonHelper.findWebElement(WebUiCommonHelper.java:1379)&#xa;	at com.kms.katalon.core.webui.keyword.internal.WebUIAbstractKeyword.findWebElement(WebUIAbstractKeyword.groovy:27)&#xa;	at com.kms.katalon.core.webui.keyword.builtin.ClickKeyword$_click_closure1.doCall(ClickKeyword.groovy:65)&#xa;	at com.kms.katalon.core.webui.keyword.builtin.ClickKeyword$_click_closure1.call(ClickKeyword.groovy)&#xa;	at com.kms.katalon.core.webui.keyword.internal.WebUIKeywordMain.runKeyword(WebUIKeywordMain.groovy:20)&#xa;	... 20 more&#xa;"/>
         <system-out><![CDATA[2023-11-08 10:58:34 - [TEST_CASE][FAILED] - Test Cases/Main Test Cases/MTC004 - Forgot login info unsuccessful: Test Cases/Main Test Cases/MTC004 - Forgot login info unsuccessful FAILED.
Reason:
com.kms.katalon.core.exception.StepFailedException: Unable to click on object 'Object Repository/Page_ParaBank  Welcome  Online Banking/lkForgotLoginInfo' (Root cause: com.kms.katalon.core.exception.StepFailedException: Unable to click on object 'Object Repository/Page_ParaBank  Welcome  Online Banking/lkForgotLoginInfo'
	at com.kms.katalon.core.webui.keyword.internal.WebUIKeywordMain.stepFailed(WebUIKeywordMain.groovy:64)
	at com.kms.katalon.core.webui.keyword.internal.WebUIKeywordMain.runKeyword(WebUIKeywordMain.groovy:26)
	at com.kms.katalon.core.webui.keyword.builtin.ClickKeyword.click(ClickKeyword.groovy:74)
	at com.kms.katalon.core.webui.keyword.builtin.ClickKeyword.execute(ClickKeyword.groovy:40)
	at com.kms.katalon.core.keyword.internal.KeywordExecutor.executeKeywordForPlatform(KeywordExecutor.groovy:74)
	at com.kms.katalon.core.webui.keyword.WebUiBuiltInKeywords.click(WebUiBuiltInKeywords.groovy:620)
	at MTC004 - Forgot login info unsuccessful.run(MTC004 - Forgot login info unsuccessful:22)
	at com.kms.katalon.core.main.ScriptEngine.run(ScriptEngine.java:194)
	at com.kms.katalon.core.main.ScriptEngine.runScriptAsRawText(ScriptEngine.java:119)
	at com.kms.katalon.core.main.TestCaseExecutor.runScript(TestCaseExecutor.java:448)
	at com.kms.katalon.core.main.TestCaseExecutor.doExecute(TestCaseExecutor.java:439)
	at com.kms.katalon.core.main.TestCaseExecutor.processExecutionPhase(TestCaseExecutor.java:418)
	at com.kms.katalon.core.main.TestCaseExecutor.accessMainPhase(TestCaseExecutor.java:410)
	at com.kms.katalon.core.main.TestCaseExecutor.execute(TestCaseExecutor.java:285)
	at com.kms.katalon.core.common.CommonExecutor.accessTestCaseMainPhase(CommonExecutor.java:65)
	at com.kms.katalon.core.main.TestSuiteExecutor.accessTestSuiteMainPhase(TestSuiteExecutor.java:148)
	at com.kms.katalon.core.main.TestSuiteExecutor.execute(TestSuiteExecutor.java:106)
	at com.kms.katalon.core.main.TestCaseMain.startTestSuite(TestCaseMain.java:187)
	at TempTestSuite1699458622452.run(TempTestSuite1699458622452.groovy:36)
	at java.base/jdk.internal.reflect.NativeMethodAccessorImpl.invoke0(Native Method)
	at java.base/jdk.internal.reflect.NativeMethodAccessorImpl.invoke(NativeMethodAccessorImpl.java:77)
	at java.base/jdk.internal.reflect.DelegatingMethodAccessorImpl.invoke(DelegatingMethodAccessorImpl.java:43)
Caused by: com.kms.katalon.core.webui.exception.WebElementNotFoundException: Web element with id: 'Object Repository/Page_ParaBank  Welcome  Online Banking/lkForgotLoginInfo' located by '//div[@id='loginPanel']/p/a' not found
	at com.kms.katalon.core.webui.common.WebUiCommonHelper.findWebElement(WebUiCommonHelper.java:1379)
	at com.kms.katalon.core.webui.keyword.internal.WebUIAbstractKeyword.findWebElement(WebUIAbstractKeyword.groovy:27)
	at com.kms.katalon.core.webui.keyword.builtin.ClickKeyword$_click_closure1.doCall(ClickKeyword.groovy:65)
	at com.kms.katalon.core.webui.keyword.builtin.ClickKeyword$_click_closure1.call(ClickKeyword.groovy)
	at com.kms.katalon.core.webui.keyword.internal.WebUIKeywordMain.runKeyword(WebUIKeywordMain.groovy:20)
	at com.kms.katalon.core.webui.keyword.builtin.ClickKeyword.click(ClickKeyword.groovy:74)
	at com.kms.katalon.core.webui.keyword.builtin.ClickKeyword.execute(ClickKeyword.groovy:40)
	at com.kms.katalon.core.keyword.internal.KeywordExecutor.executeKeywordForPlatform(KeywordExecutor.groovy:74)
	at com.kms.katalon.core.webui.keyword.WebUiBuiltInKeywords.click(WebUiBuiltInKeywords.groovy:620)
	at Script1698861399744.run(Script1698861399744.groovy:22)
	... 15 more
)
	at com.kms.katalon.core.keyword.internal.KeywordMain.stepFailed(KeywordMain.groovy:39)
	at com.kms.katalon.core.webui.keyword.internal.WebUIKeywordMain.stepFailed(WebUIKeywordMain.groovy:64)
	at com.kms.katalon.core.webui.keyword.internal.WebUIKeywordMain.runKeyword(WebUIKeywordMain.groovy:26)
	at com.kms.katalon.core.webui.keyword.builtin.ClickKeyword.click(ClickKeyword.groovy:74)
	at com.kms.katalon.core.webui.keyword.builtin.ClickKeyword.execute(ClickKeyword.groovy:40)
	at com.kms.katalon.core.keyword.internal.KeywordExecutor.executeKeywordForPlatform(KeywordExecutor.groovy:74)
	at com.kms.katalon.core.webui.keyword.WebUiBuiltInKeywords.click(WebUiBuiltInKeywords.groovy:620)
	at MTC004 - Forgot login info unsuccessful.run(MTC004 - Forgot login info unsuccessful:22)
	at com.kms.katalon.core.main.ScriptEngine.run(ScriptEngine.java:194)
	at com.kms.katalon.core.main.ScriptEngine.runScriptAsRawText(ScriptEngine.java:119)
	at com.kms.katalon.core.main.TestCaseExecutor.runScript(TestCaseExecutor.java:448)
	at com.kms.katalon.core.main.TestCaseExecutor.doExecute(TestCaseExecutor.java:439)
	at com.kms.katalon.core.main.TestCaseExecutor.processExecutionPhase(TestCaseExecutor.java:418)
	at com.kms.katalon.core.main.TestCaseExecutor.accessMainPhase(TestCaseExecutor.java:410)
	at com.kms.katalon.core.main.TestCaseExecutor.execute(TestCaseExecutor.java:285)
	at com.kms.katalon.core.common.CommonExecutor.accessTestCaseMainPhase(CommonExecutor.java:65)
	at com.kms.katalon.core.main.TestSuiteExecutor.accessTestSuiteMainPhase(TestSuiteExecutor.java:148)
	at com.kms.katalon.core.main.TestSuiteExecutor.execute(TestSuiteExecutor.java:106)
	at com.kms.katalon.core.main.TestCaseMain.startTestSuite(TestCaseMain.java:187)
	at TempTestSuite1699458622452.run(TempTestSuite1699458622452.groovy:36)
	at java.base/jdk.internal.reflect.NativeMethodAccessorImpl.invoke0(Native Method)
	at java.base/jdk.internal.reflect.NativeMethodAccessorImpl.invoke(NativeMethodAccessorImpl.java:77)
	at java.base/jdk.internal.reflect.DelegatingMethodAccessorImpl.invoke(DelegatingMethodAccessorImpl.java:43)
Caused by: com.kms.katalon.core.exception.StepFailedException: Unable to click on object 'Object Repository/Page_ParaBank  Welcome  Online Banking/lkForgotLoginInfo'
	... 22 more
Caused by: com.kms.katalon.core.webui.exception.WebElementNotFoundException: Web element with id: 'Object Repository/Page_ParaBank  Welcome  Online Banking/lkForgotLoginInfo' located by '//div[@id='loginPanel']/p/a' not found
	at com.kms.katalon.core.webui.common.WebUiCommonHelper.findWebElement(WebUiCommonHelper.java:1379)
	at com.kms.katalon.core.webui.keyword.internal.WebUIAbstractKeyword.findWebElement(WebUIAbstractKeyword.groovy:27)
	at com.kms.katalon.core.webui.keyword.builtin.ClickKeyword$_click_closure1.doCall(ClickKeyword.groovy:65)
	at com.kms.katalon.core.webui.keyword.builtin.ClickKeyword$_click_closure1.call(ClickKeyword.groovy)
	at com.kms.katalon.core.webui.keyword.internal.WebUIKeywordMain.runKeyword(WebUIKeywordMain.groovy:20)
	... 20 more


2023-11-08 10:58:34 - [TEST_STEP][PASSED] - callTestCase(findTestCase("Reusable Test Cases/Open the webapp"), [:], CONTINUE_ON_FAILURE): Call Test Case 'Test Cases/Reusable Test Cases/Open the webapp' successfully

2023-11-08 10:58:34 - [TEST_CASE][PASSED] - Test Cases/Reusable Test Cases/Open the webapp: Test Cases/Reusable Test Cases/Open the webapp

2023-11-08 10:58:34 - [TEST_STEP][PASSED] - openBrowser(URL): Browser is opened with url: 'null'

2023-11-08 10:58:34 - [MESSAGE][INFO] - Starting 'Chrome (headless)' driver

2023-11-08 10:58:34 - [MESSAGE][INFO] - User set preference: ['property', '--window-size=1500,1000']

2023-11-08 10:58:34 - [MESSAGE][INFO] - User set preference: ['PATH', 'C:\Users\GKOKABAYEVA\Documents\Katalon training\ffmpeg-6.0']

2023-11-08 10:58:34 - [MESSAGE][INFO] - Action delay is set to 0 milliseconds

2023-11-08 10:58:36 - [MESSAGE][WARNING] - FFmpeg was not installed! Browser Recording will be disabled. Please follow this document to install FFmpeg first: https://docs.katalon.com/katalon-studio/docs/screenshots-videos.html#browser-based-recorder

2023-11-08 10:58:36 - [MESSAGE][PASSED] - Browser is opened with url: 'null'

2023-11-08 10:58:36 - [TEST_STEP][PASSED] - maximizeWindow(): Current window maximized

2023-11-08 10:58:36 - [MESSAGE][PASSED] - Current window maximized

2023-11-08 10:58:36 - [MESSAGE][PASSED] - Call Test Case 'Test Cases/Reusable Test Cases/Open the webapp' successfully

2023-11-08 10:58:36 - [TEST_STEP][FAILED] - click(findTestObject("Object Repository/Page_ParaBank  Welcome  Online Banking/lkForgotLoginInfo")): Unable to click on object 'Object Repository/Page_ParaBank  Welcome  Online Banking/lkForgotLoginInfo' (Root cause: com.kms.katalon.core.exception.StepFailedException: Unable to click on object 'Object Repository/Page_ParaBank  Welcome  Online Banking/lkForgotLoginInfo'
	at com.kms.katalon.core.webui.keyword.internal.WebUIKeywordMain.stepFailed(WebUIKeywordMain.groovy:64)
	at com.kms.katalon.core.webui.keyword.internal.WebUIKeywordMain.runKeyword(WebUIKeywordMain.groovy:26)
	at com.kms.katalon.core.webui.keyword.builtin.ClickKeyword.click(ClickKeyword.groovy:74)
	at com.kms.katalon.core.webui.keyword.builtin.ClickKeyword.execute(ClickKeyword.groovy:40)
	at com.kms.katalon.core.keyword.internal.KeywordExecutor.executeKeywordForPlatform(KeywordExecutor.groovy:74)
	at com.kms.katalon.core.webui.keyword.WebUiBuiltInKeywords.click(WebUiBuiltInKeywords.groovy:620)
	at MTC004 - Forgot login info unsuccessful.run(MTC004 - Forgot login info unsuccessful:22)
	at com.kms.katalon.core.main.ScriptEngine.run(ScriptEngine.java:194)
	at com.kms.katalon.core.main.ScriptEngine.runScriptAsRawText(ScriptEngine.java:119)
	at com.kms.katalon.core.main.TestCaseExecutor.runScript(TestCaseExecutor.java:448)
	at com.kms.katalon.core.main.TestCaseExecutor.doExecute(TestCaseExecutor.java:439)
	at com.kms.katalon.core.main.TestCaseExecutor.processExecutionPhase(TestCaseExecutor.java:418)
	at com.kms.katalon.core.main.TestCaseExecutor.accessMainPhase(TestCaseExecutor.java:410)
	at com.kms.katalon.core.main.TestCaseExecutor.execute(TestCaseExecutor.java:285)
	at com.kms.katalon.core.common.CommonExecutor.accessTestCaseMainPhase(CommonExecutor.java:65)
	at com.kms.katalon.core.main.TestSuiteExecutor.accessTestSuiteMainPhase(TestSuiteExecutor.java:148)
	at com.kms.katalon.core.main.TestSuiteExecutor.execute(TestSuiteExecutor.java:106)
	at com.kms.katalon.core.main.TestCaseMain.startTestSuite(TestCaseMain.java:187)
	at TempTestSuite1699458622452.run(TempTestSuite1699458622452.groovy:36)
	at java.base/jdk.internal.reflect.NativeMethodAccessorImpl.invoke0(Native Method)
	at java.base/jdk.internal.reflect.NativeMethodAccessorImpl.invoke(NativeMethodAccessorImpl.java:77)
	at java.base/jdk.internal.reflect.DelegatingMethodAccessorImpl.invoke(DelegatingMethodAccessorImpl.java:43)
Caused by: com.kms.katalon.core.webui.exception.WebElementNotFoundException: Web element with id: 'Object Repository/Page_ParaBank  Welcome  Online Banking/lkForgotLoginInfo' located by '//div[@id='loginPanel']/p/a' not found
	at com.kms.katalon.core.webui.common.WebUiCommonHelper.findWebElement(WebUiCommonHelper.java:1379)
	at com.kms.katalon.core.webui.keyword.internal.WebUIAbstractKeyword.findWebElement(WebUIAbstractKeyword.groovy:27)
	at com.kms.katalon.core.webui.keyword.builtin.ClickKeyword$_click_closure1.doCall(ClickKeyword.groovy:65)
	at com.kms.katalon.core.webui.keyword.builtin.ClickKeyword$_click_closure1.call(ClickKeyword.groovy)
	at com.kms.katalon.core.webui.keyword.internal.WebUIKeywordMain.runKeyword(WebUIKeywordMain.groovy:20)
	at com.kms.katalon.core.webui.keyword.builtin.ClickKeyword.click(ClickKeyword.groovy:74)
	at com.kms.katalon.core.webui.keyword.builtin.ClickKeyword.execute(ClickKeyword.groovy:40)
	at com.kms.katalon.core.keyword.internal.KeywordExecutor.executeKeywordForPlatform(KeywordExecutor.groovy:74)
	at com.kms.katalon.core.webui.keyword.WebUiBuiltInKeywords.click(WebUiBuiltInKeywords.groovy:620)
	at Script1698861399744.run(Script1698861399744.groovy:22)
	... 15 more
)

2023-11-08 10:59:07 - [MESSAGE][INFO] - Unable to find the element located by 'By.xpath: //div[@id='loginPanel']/p/a'. Please recheck the objects properties to make sure the desired element is located. 

2023-11-08 10:59:07 - [MESSAGE][WARNING] - [SELF-HEALING] Failed to find element with id 'Object Repository/Page_ParaBank  Welcome  Online Banking/lkForgotLoginInfo'. Try using Self-healing.

2023-11-08 10:59:07 - [MESSAGE][INFO] - [SELF-HEALING] Failed Locator: '//div[@id='loginPanel']/p/a'.

2023-11-08 10:59:07 - [MESSAGE][INFO] - [SELF-HEALING] Failed Locator: '//a[contains(text(),'Forgot login info?')]'.

2023-11-08 10:59:07 - [MESSAGE][INFO] - [SELF-HEALING] Failed Locator: '//a[contains(@href, 'lookup.htm;jsessionid=09767EEC04EBA189FA0C95BEB2640DC9')]'.

2023-11-08 10:59:07 - [MESSAGE][INFO] - [SELF-HEALING] Failed Locator: '//p/a'.

2023-11-08 10:59:07 - [MESSAGE][INFO] - [SELF-HEALING] Failed Locator: '//a[@href = 'lookup.htm;jsessionid=09767EEC04EBA189FA0C95BEB2640DC9' and (text() = 'Forgot login info?' or . = 'Forgot login info?')]'.

2023-11-08 10:59:08 - [MESSAGE][INFO] - [SELF-HEALING] Failed Locator: '//div[@id='loginPanel']/p/a'.

2023-11-08 10:59:08 - [MESSAGE][INFO] - [SELF-HEALING] Failed Locator: '//a[contains(text(),'Forgot login info?')]'.

2023-11-08 10:59:08 - [MESSAGE][INFO] - [SELF-HEALING] Failed Locator: '//a[contains(@href, 'lookup.htm;jsessionid=09767EEC04EBA189FA0C95BEB2640DC9')]'.

2023-11-08 10:59:08 - [MESSAGE][INFO] - [SELF-HEALING] Failed Locator: '//p/a'.

2023-11-08 10:59:08 - [MESSAGE][INFO] - [SELF-HEALING] Failed Locator: '//a[@href = 'lookup.htm;jsessionid=09767EEC04EBA189FA0C95BEB2640DC9' and (text() = 'Forgot login info?' or . = 'Forgot login info?')]'.

2023-11-08 10:59:08 - [MESSAGE][INFO] - [SELF-HEALING] Failed Locator: '//div[@id='loginPanel']/p/a'.

2023-11-08 10:59:08 - [MESSAGE][INFO] - [SELF-HEALING] Failed Locator: '//a[contains(text(),'Forgot login info?')]'.

2023-11-08 10:59:08 - [MESSAGE][INFO] - [SELF-HEALING] Failed Locator: '//a[contains(@href, 'lookup.htm;jsessionid=09767EEC04EBA189FA0C95BEB2640DC9')]'.

2023-11-08 10:59:08 - [MESSAGE][INFO] - [SELF-HEALING] Failed Locator: '//p/a'.

2023-11-08 10:59:08 - [MESSAGE][INFO] - [SELF-HEALING] Failed Locator: '//a[@href = 'lookup.htm;jsessionid=09767EEC04EBA189FA0C95BEB2640DC9' and (text() = 'Forgot login info?' or . = 'Forgot login info?')]'.

2023-11-08 10:59:08 - [MESSAGE][INFO] - [SELF-HEALING] Failed Locator: '//div[@id='loginPanel']/p/a'.

2023-11-08 10:59:08 - [MESSAGE][INFO] - [SELF-HEALING] Failed Locator: '//a[contains(text(),'Forgot login info?')]'.

2023-11-08 10:59:08 - [MESSAGE][INFO] - [SELF-HEALING] Failed Locator: '//a[contains(@href, 'lookup.htm;jsessionid=09767EEC04EBA189FA0C95BEB2640DC9')]'.

2023-11-08 10:59:08 - [MESSAGE][INFO] - [SELF-HEALING] Failed Locator: '//p/a'.

2023-11-08 10:59:08 - [MESSAGE][INFO] - [SELF-HEALING] Failed Locator: '//a[@href = 'lookup.htm;jsessionid=09767EEC04EBA189FA0C95BEB2640DC9' and (text() = 'Forgot login info?' or . = 'Forgot login info?')]'.

2023-11-08 10:59:08 - [MESSAGE][INFO] - [SELF-HEALING] Failed Locator: '//div[@id='loginPanel']/p/a'.

2023-11-08 10:59:08 - [MESSAGE][INFO] - [SELF-HEALING] Failed Locator: '//a[contains(text(),'Forgot login info?')]'.

2023-11-08 10:59:08 - [MESSAGE][INFO] - [SELF-HEALING] Failed Locator: '//a[contains(@href, 'lookup.htm;jsessionid=09767EEC04EBA189FA0C95BEB2640DC9')]'.

2023-11-08 10:59:08 - [MESSAGE][INFO] - [SELF-HEALING] Failed Locator: '//p/a'.

2023-11-08 10:59:08 - [MESSAGE][INFO] - [SELF-HEALING] Failed Locator: '//a[@href = 'lookup.htm;jsessionid=09767EEC04EBA189FA0C95BEB2640DC9' and (text() = 'Forgot login info?' or . = 'Forgot login info?')]'.

2023-11-08 10:59:08 - [MESSAGE][INFO] - [SELF-HEALING] Failed Locator: '//div[@id='loginPanel']/p/a'.

2023-11-08 10:59:08 - [MESSAGE][INFO] - [SELF-HEALING] Failed Locator: '//a[contains(text(),'Forgot login info?')]'.

2023-11-08 10:59:08 - [MESSAGE][INFO] - [SELF-HEALING] Failed Locator: '//a[contains(@href, 'lookup.htm;jsessionid=09767EEC04EBA189FA0C95BEB2640DC9')]'.

2023-11-08 10:59:08 - [MESSAGE][INFO] - [SELF-HEALING] Failed Locator: '//p/a'.

2023-11-08 10:59:08 - [MESSAGE][INFO] - [SELF-HEALING] Failed Locator: '//a[@href = 'lookup.htm;jsessionid=09767EEC04EBA189FA0C95BEB2640DC9' and (text() = 'Forgot login info?' or . = 'Forgot login info?')]'.

2023-11-08 10:59:08 - [MESSAGE][INFO] - [SELF-HEALING] Failed Locator: '//div[@id='loginPanel']/p/a'.

2023-11-08 10:59:08 - [MESSAGE][INFO] - [SELF-HEALING] Failed Locator: '//a[contains(text(),'Forgot login info?')]'.

2023-11-08 10:59:08 - [MESSAGE][INFO] - [SELF-HEALING] Failed Locator: '//a[contains(@href, 'lookup.htm;jsessionid=09767EEC04EBA189FA0C95BEB2640DC9')]'.

2023-11-08 10:59:08 - [MESSAGE][INFO] - [SELF-HEALING] Failed Locator: '//p/a'.

2023-11-08 10:59:08 - [MESSAGE][INFO] - [SELF-HEALING] Failed Locator: '//a[@href = 'lookup.htm;jsessionid=09767EEC04EBA189FA0C95BEB2640DC9' and (text() = 'Forgot login info?' or . = 'Forgot login info?')]'.

2023-11-08 10:59:08 - [MESSAGE][INFO] - [SELF-HEALING] Failed Locator: '//div[@id='loginPanel']/p/a'.

2023-11-08 10:59:08 - [MESSAGE][INFO] - [SELF-HEALING] Failed Locator: '//a[contains(text(),'Forgot login info?')]'.

2023-11-08 10:59:08 - [MESSAGE][INFO] - [SELF-HEALING] Failed Locator: '//a[contains(@href, 'lookup.htm;jsessionid=09767EEC04EBA189FA0C95BEB2640DC9')]'.

2023-11-08 10:59:08 - [MESSAGE][INFO] - [SELF-HEALING] Failed Locator: '//p/a'.

2023-11-08 10:59:08 - [MESSAGE][INFO] - [SELF-HEALING] Failed Locator: '//a[@href = 'lookup.htm;jsessionid=09767EEC04EBA189FA0C95BEB2640DC9' and (text() = 'Forgot login info?' or . = 'Forgot login info?')]'.

2023-11-08 10:59:08 - [MESSAGE][INFO] - [SELF-HEALING] Failed Locator: '//div[@id='loginPanel']/p/a'.

2023-11-08 10:59:08 - [MESSAGE][INFO] - [SELF-HEALING] Failed Locator: '//a[contains(text(),'Forgot login info?')]'.

2023-11-08 10:59:08 - [MESSAGE][INFO] - [SELF-HEALING] Failed Locator: '//a[contains(@href, 'lookup.htm;jsessionid=09767EEC04EBA189FA0C95BEB2640DC9')]'.

2023-11-08 10:59:08 - [MESSAGE][INFO] - [SELF-HEALING] Failed Locator: '//p/a'.

2023-11-08 10:59:08 - [MESSAGE][INFO] - [SELF-HEALING] Failed Locator: '//a[@href = 'lookup.htm;jsessionid=09767EEC04EBA189FA0C95BEB2640DC9' and (text() = 'Forgot login info?' or . = 'Forgot login info?')]'.

2023-11-08 10:59:08 - [MESSAGE][INFO] - [SELF-HEALING] Failed Locator: '//div[@id='loginPanel']/p/a'.

2023-11-08 10:59:08 - [MESSAGE][INFO] - [SELF-HEALING] Failed Locator: '//a[contains(text(),'Forgot login info?')]'.

2023-11-08 10:59:08 - [MESSAGE][INFO] - [SELF-HEALING] Failed Locator: '//a[contains(@href, 'lookup.htm;jsessionid=09767EEC04EBA189FA0C95BEB2640DC9')]'.

2023-11-08 10:59:08 - [MESSAGE][INFO] - [SELF-HEALING] Failed Locator: '//p/a'.

2023-11-08 10:59:08 - [MESSAGE][INFO] - [SELF-HEALING] Failed Locator: '//a[@href = 'lookup.htm;jsessionid=09767EEC04EBA189FA0C95BEB2640DC9' and (text() = 'Forgot login info?' or . = 'Forgot login info?')]'.

2023-11-08 10:59:08 - [MESSAGE][INFO] - [SELF-HEALING] Failed Locator: '//div[@id='loginPanel']/p/a'.

2023-11-08 10:59:08 - [MESSAGE][INFO] - [SELF-HEALING] Failed Locator: '//a[contains(text(),'Forgot login info?')]'.

2023-11-08 10:59:08 - [MESSAGE][INFO] - [SELF-HEALING] Failed Locator: '//a[contains(@href, 'lookup.htm;jsessionid=09767EEC04EBA189FA0C95BEB2640DC9')]'.

2023-11-08 10:59:08 - [MESSAGE][INFO] - [SELF-HEALING] Failed Locator: '//p/a'.

2023-11-08 10:59:08 - [MESSAGE][INFO] - [SELF-HEALING] Failed Locator: '//a[@href = 'lookup.htm;jsessionid=09767EEC04EBA189FA0C95BEB2640DC9' and (text() = 'Forgot login info?' or . = 'Forgot login info?')]'.

2023-11-08 10:59:08 - [MESSAGE][INFO] - [SELF-HEALING] Failed Locator: '//div[@id='loginPanel']/p/a'.

2023-11-08 10:59:08 - [MESSAGE][INFO] - [SELF-HEALING] Failed Locator: '//a[contains(text(),'Forgot login info?')]'.

2023-11-08 10:59:08 - [MESSAGE][INFO] - [SELF-HEALING] Failed Locator: '//a[contains(@href, 'lookup.htm;jsessionid=09767EEC04EBA189FA0C95BEB2640DC9')]'.

2023-11-08 10:59:08 - [MESSAGE][INFO] - [SELF-HEALING] Failed Locator: '//p/a'.

2023-11-08 10:59:08 - [MESSAGE][INFO] - [SELF-HEALING] Failed Locator: '//a[@href = 'lookup.htm;jsessionid=09767EEC04EBA189FA0C95BEB2640DC9' and (text() = 'Forgot login info?' or . = 'Forgot login info?')]'.

2023-11-08 10:59:09 - [MESSAGE][INFO] - Unable to find the element located by 'By.xpath: //*[@href = 'lookup.htm;jsessionid=09767EEC04EBA189FA0C95BEB2640DC9' and (text() = 'Forgot login info?' or . = 'Forgot login info?')]'. Please recheck the objects properties to make sure the desired element is located. 

2023-11-08 10:59:10 - [MESSAGE][INFO] - Unable to find the element located by 'By.cssSelector: p > a'. Please recheck the objects properties to make sure the desired element is located. 

2023-11-08 10:59:11 - [MESSAGE][FAILED] - Unable to click on object 'Object Repository/Page_ParaBank  Welcome  Online Banking/lkForgotLoginInfo' (Root cause: com.kms.katalon.core.exception.StepFailedException: Unable to click on object 'Object Repository/Page_ParaBank  Welcome  Online Banking/lkForgotLoginInfo'
	at com.kms.katalon.core.webui.keyword.internal.WebUIKeywordMain.stepFailed(WebUIKeywordMain.groovy:64)
	at com.kms.katalon.core.webui.keyword.internal.WebUIKeywordMain.runKeyword(WebUIKeywordMain.groovy:26)
	at com.kms.katalon.core.webui.keyword.builtin.ClickKeyword.click(ClickKeyword.groovy:74)
	at com.kms.katalon.core.webui.keyword.builtin.ClickKeyword.execute(ClickKeyword.groovy:40)
	at com.kms.katalon.core.keyword.internal.KeywordExecutor.executeKeywordForPlatform(KeywordExecutor.groovy:74)
	at com.kms.katalon.core.webui.keyword.WebUiBuiltInKeywords.click(WebUiBuiltInKeywords.groovy:620)
	at MTC004 - Forgot login info unsuccessful.run(MTC004 - Forgot login info unsuccessful:22)
	at com.kms.katalon.core.main.ScriptEngine.run(ScriptEngine.java:194)
	at com.kms.katalon.core.main.ScriptEngine.runScriptAsRawText(ScriptEngine.java:119)
	at com.kms.katalon.core.main.TestCaseExecutor.runScript(TestCaseExecutor.java:448)
	at com.kms.katalon.core.main.TestCaseExecutor.doExecute(TestCaseExecutor.java:439)
	at com.kms.katalon.core.main.TestCaseExecutor.processExecutionPhase(TestCaseExecutor.java:418)
	at com.kms.katalon.core.main.TestCaseExecutor.accessMainPhase(TestCaseExecutor.java:410)
	at com.kms.katalon.core.main.TestCaseExecutor.execute(TestCaseExecutor.java:285)
	at com.kms.katalon.core.common.CommonExecutor.accessTestCaseMainPhase(CommonExecutor.java:65)
	at com.kms.katalon.core.main.TestSuiteExecutor.accessTestSuiteMainPhase(TestSuiteExecutor.java:148)
	at com.kms.katalon.core.main.TestSuiteExecutor.execute(TestSuiteExecutor.java:106)
	at com.kms.katalon.core.main.TestCaseMain.startTestSuite(TestCaseMain.java:187)
	at TempTestSuite1699458622452.run(TempTestSuite1699458622452.groovy:36)
	at java.base/jdk.internal.reflect.NativeMethodAccessorImpl.invoke0(Native Method)
	at java.base/jdk.internal.reflect.NativeMethodAccessorImpl.invoke(NativeMethodAccessorImpl.java:77)
	at java.base/jdk.internal.reflect.DelegatingMethodAccessorImpl.invoke(DelegatingMethodAccessorImpl.java:43)
Caused by: com.kms.katalon.core.webui.exception.WebElementNotFoundException: Web element with id: 'Object Repository/Page_ParaBank  Welcome  Online Banking/lkForgotLoginInfo' located by '//div[@id='loginPanel']/p/a' not found
	at com.kms.katalon.core.webui.common.WebUiCommonHelper.findWebElement(WebUiCommonHelper.java:1379)
	at com.kms.katalon.core.webui.keyword.internal.WebUIAbstractKeyword.findWebElement(WebUIAbstractKeyword.groovy:27)
	at com.kms.katalon.core.webui.keyword.builtin.ClickKeyword$_click_closure1.doCall(ClickKeyword.groovy:65)
	at com.kms.katalon.core.webui.keyword.builtin.ClickKeyword$_click_closure1.call(ClickKeyword.groovy)
	at com.kms.katalon.core.webui.keyword.internal.WebUIKeywordMain.runKeyword(WebUIKeywordMain.groovy:20)
	at com.kms.katalon.core.webui.keyword.builtin.ClickKeyword.click(ClickKeyword.groovy:74)
	at com.kms.katalon.core.webui.keyword.builtin.ClickKeyword.execute(ClickKeyword.groovy:40)
	at com.kms.katalon.core.keyword.internal.KeywordExecutor.executeKeywordForPlatform(KeywordExecutor.groovy:74)
	at com.kms.katalon.core.webui.keyword.WebUiBuiltInKeywords.click(WebUiBuiltInKeywords.groovy:620)
	at Script1698861399744.run(Script1698861399744.groovy:22)
	... 15 more
)
[[ATTACHMENT|C:\\Users\\GKOKABAYEVA\\Katalon Studio\\Parabank\\Reports\\20231108_105022\\Smoke Test Suites\\STS002 - Login verification\\20231108_105022\\1699459150949.png]]

2023-11-08 10:59:11 - [TEST_STEP][FAILED] - setText(findTestObject("Object Repository/Page_ParaBank_Customer_Lookup/txtFirstName"), firstName): Unable to set text 'null' of object 'Object Repository/Page_ParaBank_Customer_Lookup/txtFirstName' (Root cause: com.kms.katalon.core.exception.StepFailedException: Unable to set text 'null' of object 'Object Repository/Page_ParaBank_Customer_Lookup/txtFirstName'
	at com.kms.katalon.core.webui.keyword.internal.WebUIKeywordMain.stepFailed(WebUIKeywordMain.groovy:64)
	at com.kms.katalon.core.webui.keyword.internal.WebUIKeywordMain.runKeyword(WebUIKeywordMain.groovy:26)
	at com.kms.katalon.core.webui.keyword.builtin.SetTextKeyword.setText(SetTextKeyword.groovy:66)
	at com.kms.katalon.core.webui.keyword.builtin.SetTextKeyword.execute(SetTextKeyword.groovy:37)
	at com.kms.katalon.core.keyword.internal.KeywordExecutor.executeKeywordForPlatform(KeywordExecutor.groovy:74)
	at com.kms.katalon.core.webui.keyword.WebUiBuiltInKeywords.setText(WebUiBuiltInKeywords.groovy:980)
	at MTC004 - Forgot login info unsuccessful.run(MTC004 - Forgot login info unsuccessful:24)
	at com.kms.katalon.core.main.ScriptEngine.run(ScriptEngine.java:194)
	at com.kms.katalon.core.main.ScriptEngine.runScriptAsRawText(ScriptEngine.java:119)
	at com.kms.katalon.core.main.TestCaseExecutor.runScript(TestCaseExecutor.java:448)
	at com.kms.katalon.core.main.TestCaseExecutor.doExecute(TestCaseExecutor.java:439)
	at com.kms.katalon.core.main.TestCaseExecutor.processExecutionPhase(TestCaseExecutor.java:418)
	at com.kms.katalon.core.main.TestCaseExecutor.accessMainPhase(TestCaseExecutor.java:410)
	at com.kms.katalon.core.main.TestCaseExecutor.execute(TestCaseExecutor.java:285)
	at com.kms.katalon.core.common.CommonExecutor.accessTestCaseMainPhase(CommonExecutor.java:65)
	at com.kms.katalon.core.main.TestSuiteExecutor.accessTestSuiteMainPhase(TestSuiteExecutor.java:148)
	at com.kms.katalon.core.main.TestSuiteExecutor.execute(TestSuiteExecutor.java:106)
	at com.kms.katalon.core.main.TestCaseMain.startTestSuite(TestCaseMain.java:187)
	at TempTestSuite1699458622452.run(TempTestSuite1699458622452.groovy:36)
	at java.base/jdk.internal.reflect.NativeMethodAccessorImpl.invoke0(Native Method)
	at java.base/jdk.internal.reflect.NativeMethodAccessorImpl.invoke(NativeMethodAccessorImpl.java:77)
	at java.base/jdk.internal.reflect.DelegatingMethodAccessorImpl.invoke(DelegatingMethodAccessorImpl.java:43)
Caused by: java.lang.IllegalArgumentException: Text is null
	at com.kms.katalon.core.webui.keyword.builtin.SetTextKeyword$_setText_closure1.doCall(SetTextKeyword.groovy:48)
	at com.kms.katalon.core.webui.keyword.builtin.SetTextKeyword$_setText_closure1.call(SetTextKeyword.groovy)
	at com.kms.katalon.core.webui.keyword.internal.WebUIKeywordMain.runKeyword(WebUIKeywordMain.groovy:20)
	at com.kms.katalon.core.webui.keyword.builtin.SetTextKeyword.setText(SetTextKeyword.groovy:66)
	at com.kms.katalon.core.webui.keyword.builtin.SetTextKeyword.execute(SetTextKeyword.groovy:37)
	at com.kms.katalon.core.keyword.internal.KeywordExecutor.executeKeywordForPlatform(KeywordExecutor.groovy:74)
	at com.kms.katalon.core.webui.keyword.WebUiBuiltInKeywords.setText(WebUiBuiltInKeywords.groovy:980)
	at Script1698861399744.run(Script1698861399744.groovy:24)
	... 15 more
)

2023-11-08 10:59:11 - [MESSAGE][FAILED] - Unable to set text 'null' of object 'Object Repository/Page_ParaBank_Customer_Lookup/txtFirstName' (Root cause: com.kms.katalon.core.exception.StepFailedException: Unable to set text 'null' of object 'Object Repository/Page_ParaBank_Customer_Lookup/txtFirstName'
	at com.kms.katalon.core.webui.keyword.internal.WebUIKeywordMain.stepFailed(WebUIKeywordMain.groovy:64)
	at com.kms.katalon.core.webui.keyword.internal.WebUIKeywordMain.runKeyword(WebUIKeywordMain.groovy:26)
	at com.kms.katalon.core.webui.keyword.builtin.SetTextKeyword.setText(SetTextKeyword.groovy:66)
	at com.kms.katalon.core.webui.keyword.builtin.SetTextKeyword.execute(SetTextKeyword.groovy:37)
	at com.kms.katalon.core.keyword.internal.KeywordExecutor.executeKeywordForPlatform(KeywordExecutor.groovy:74)
	at com.kms.katalon.core.webui.keyword.WebUiBuiltInKeywords.setText(WebUiBuiltInKeywords.groovy:980)
	at MTC004 - Forgot login info unsuccessful.run(MTC004 - Forgot login info unsuccessful:24)
	at com.kms.katalon.core.main.ScriptEngine.run(ScriptEngine.java:194)
	at com.kms.katalon.core.main.ScriptEngine.runScriptAsRawText(ScriptEngine.java:119)
	at com.kms.katalon.core.main.TestCaseExecutor.runScript(TestCaseExecutor.java:448)
	at com.kms.katalon.core.main.TestCaseExecutor.doExecute(TestCaseExecutor.java:439)
	at com.kms.katalon.core.main.TestCaseExecutor.processExecutionPhase(TestCaseExecutor.java:418)
	at com.kms.katalon.core.main.TestCaseExecutor.accessMainPhase(TestCaseExecutor.java:410)
	at com.kms.katalon.core.main.TestCaseExecutor.execute(TestCaseExecutor.java:285)
	at com.kms.katalon.core.common.CommonExecutor.accessTestCaseMainPhase(CommonExecutor.java:65)
	at com.kms.katalon.core.main.TestSuiteExecutor.accessTestSuiteMainPhase(TestSuiteExecutor.java:148)
	at com.kms.katalon.core.main.TestSuiteExecutor.execute(TestSuiteExecutor.java:106)
	at com.kms.katalon.core.main.TestCaseMain.startTestSuite(TestCaseMain.java:187)
	at TempTestSuite1699458622452.run(TempTestSuite1699458622452.groovy:36)
	at java.base/jdk.internal.reflect.NativeMethodAccessorImpl.invoke0(Native Method)
	at java.base/jdk.internal.reflect.NativeMethodAccessorImpl.invoke(NativeMethodAccessorImpl.java:77)
	at java.base/jdk.internal.reflect.DelegatingMethodAccessorImpl.invoke(DelegatingMethodAccessorImpl.java:43)
Caused by: java.lang.IllegalArgumentException: Text is null
	at com.kms.katalon.core.webui.keyword.builtin.SetTextKeyword$_setText_closure1.doCall(SetTextKeyword.groovy:48)
	at com.kms.katalon.core.webui.keyword.builtin.SetTextKeyword$_setText_closure1.call(SetTextKeyword.groovy)
	at com.kms.katalon.core.webui.keyword.internal.WebUIKeywordMain.runKeyword(WebUIKeywordMain.groovy:20)
	at com.kms.katalon.core.webui.keyword.builtin.SetTextKeyword.setText(SetTextKeyword.groovy:66)
	at com.kms.katalon.core.webui.keyword.builtin.SetTextKeyword.execute(SetTextKeyword.groovy:37)
	at com.kms.katalon.core.keyword.internal.KeywordExecutor.executeKeywordForPlatform(KeywordExecutor.groovy:74)
	at com.kms.katalon.core.webui.keyword.WebUiBuiltInKeywords.setText(WebUiBuiltInKeywords.groovy:980)
	at Script1698861399744.run(Script1698861399744.groovy:24)
	... 15 more
)
[[ATTACHMENT|C:\\Users\\GKOKABAYEVA\\Katalon Studio\\Parabank\\Reports\\20231108_105022\\Smoke Test Suites\\STS002 - Login verification\\20231108_105022\\1699459151053.png]]

2023-11-08 10:59:11 - [TEST_STEP][FAILED] - setText(findTestObject("Object Repository/Page_ParaBank_Customer_Lookup/txtLastName"), lastName): Unable to set text 'null' of object 'Object Repository/Page_ParaBank_Customer_Lookup/txtLastName' (Root cause: com.kms.katalon.core.exception.StepFailedException: Unable to set text 'null' of object 'Object Repository/Page_ParaBank_Customer_Lookup/txtLastName'
	at com.kms.katalon.core.webui.keyword.internal.WebUIKeywordMain.stepFailed(WebUIKeywordMain.groovy:64)
	at com.kms.katalon.core.webui.keyword.internal.WebUIKeywordMain.runKeyword(WebUIKeywordMain.groovy:26)
	at com.kms.katalon.core.webui.keyword.builtin.SetTextKeyword.setText(SetTextKeyword.groovy:66)
	at com.kms.katalon.core.webui.keyword.builtin.SetTextKeyword.execute(SetTextKeyword.groovy:37)
	at com.kms.katalon.core.keyword.internal.KeywordExecutor.executeKeywordForPlatform(KeywordExecutor.groovy:74)
	at com.kms.katalon.core.webui.keyword.WebUiBuiltInKeywords.setText(WebUiBuiltInKeywords.groovy:980)
	at MTC004 - Forgot login info unsuccessful.run(MTC004 - Forgot login info unsuccessful:26)
	at com.kms.katalon.core.main.ScriptEngine.run(ScriptEngine.java:194)
	at com.kms.katalon.core.main.ScriptEngine.runScriptAsRawText(ScriptEngine.java:119)
	at com.kms.katalon.core.main.TestCaseExecutor.runScript(TestCaseExecutor.java:448)
	at com.kms.katalon.core.main.TestCaseExecutor.doExecute(TestCaseExecutor.java:439)
	at com.kms.katalon.core.main.TestCaseExecutor.processExecutionPhase(TestCaseExecutor.java:418)
	at com.kms.katalon.core.main.TestCaseExecutor.accessMainPhase(TestCaseExecutor.java:410)
	at com.kms.katalon.core.main.TestCaseExecutor.execute(TestCaseExecutor.java:285)
	at com.kms.katalon.core.common.CommonExecutor.accessTestCaseMainPhase(CommonExecutor.java:65)
	at com.kms.katalon.core.main.TestSuiteExecutor.accessTestSuiteMainPhase(TestSuiteExecutor.java:148)
	at com.kms.katalon.core.main.TestSuiteExecutor.execute(TestSuiteExecutor.java:106)
	at com.kms.katalon.core.main.TestCaseMain.startTestSuite(TestCaseMain.java:187)
	at TempTestSuite1699458622452.run(TempTestSuite1699458622452.groovy:36)
	at java.base/jdk.internal.reflect.NativeMethodAccessorImpl.invoke0(Native Method)
	at java.base/jdk.internal.reflect.NativeMethodAccessorImpl.invoke(NativeMethodAccessorImpl.java:77)
	at java.base/jdk.internal.reflect.DelegatingMethodAccessorImpl.invoke(DelegatingMethodAccessorImpl.java:43)
Caused by: java.lang.IllegalArgumentException: Text is null
	at com.kms.katalon.core.webui.keyword.builtin.SetTextKeyword$_setText_closure1.doCall(SetTextKeyword.groovy:48)
	at com.kms.katalon.core.webui.keyword.builtin.SetTextKeyword$_setText_closure1.call(SetTextKeyword.groovy)
	at com.kms.katalon.core.webui.keyword.internal.WebUIKeywordMain.runKeyword(WebUIKeywordMain.groovy:20)
	at com.kms.katalon.core.webui.keyword.builtin.SetTextKeyword.setText(SetTextKeyword.groovy:66)
	at com.kms.katalon.core.webui.keyword.builtin.SetTextKeyword.execute(SetTextKeyword.groovy:37)
	at com.kms.katalon.core.keyword.internal.KeywordExecutor.executeKeywordForPlatform(KeywordExecutor.groovy:74)
	at com.kms.katalon.core.webui.keyword.WebUiBuiltInKeywords.setText(WebUiBuiltInKeywords.groovy:980)
	at Script1698861399744.run(Script1698861399744.groovy:26)
	... 15 more
)

2023-11-08 10:59:11 - [MESSAGE][FAILED] - Unable to set text 'null' of object 'Object Repository/Page_ParaBank_Customer_Lookup/txtLastName' (Root cause: com.kms.katalon.core.exception.StepFailedException: Unable to set text 'null' of object 'Object Repository/Page_ParaBank_Customer_Lookup/txtLastName'
	at com.kms.katalon.core.webui.keyword.internal.WebUIKeywordMain.stepFailed(WebUIKeywordMain.groovy:64)
	at com.kms.katalon.core.webui.keyword.internal.WebUIKeywordMain.runKeyword(WebUIKeywordMain.groovy:26)
	at com.kms.katalon.core.webui.keyword.builtin.SetTextKeyword.setText(SetTextKeyword.groovy:66)
	at com.kms.katalon.core.webui.keyword.builtin.SetTextKeyword.execute(SetTextKeyword.groovy:37)
	at com.kms.katalon.core.keyword.internal.KeywordExecutor.executeKeywordForPlatform(KeywordExecutor.groovy:74)
	at com.kms.katalon.core.webui.keyword.WebUiBuiltInKeywords.setText(WebUiBuiltInKeywords.groovy:980)
	at MTC004 - Forgot login info unsuccessful.run(MTC004 - Forgot login info unsuccessful:26)
	at com.kms.katalon.core.main.ScriptEngine.run(ScriptEngine.java:194)
	at com.kms.katalon.core.main.ScriptEngine.runScriptAsRawText(ScriptEngine.java:119)
	at com.kms.katalon.core.main.TestCaseExecutor.runScript(TestCaseExecutor.java:448)
	at com.kms.katalon.core.main.TestCaseExecutor.doExecute(TestCaseExecutor.java:439)
	at com.kms.katalon.core.main.TestCaseExecutor.processExecutionPhase(TestCaseExecutor.java:418)
	at com.kms.katalon.core.main.TestCaseExecutor.accessMainPhase(TestCaseExecutor.java:410)
	at com.kms.katalon.core.main.TestCaseExecutor.execute(TestCaseExecutor.java:285)
	at com.kms.katalon.core.common.CommonExecutor.accessTestCaseMainPhase(CommonExecutor.java:65)
	at com.kms.katalon.core.main.TestSuiteExecutor.accessTestSuiteMainPhase(TestSuiteExecutor.java:148)
	at com.kms.katalon.core.main.TestSuiteExecutor.execute(TestSuiteExecutor.java:106)
	at com.kms.katalon.core.main.TestCaseMain.startTestSuite(TestCaseMain.java:187)
	at TempTestSuite1699458622452.run(TempTestSuite1699458622452.groovy:36)
	at java.base/jdk.internal.reflect.NativeMethodAccessorImpl.invoke0(Native Method)
	at java.base/jdk.internal.reflect.NativeMethodAccessorImpl.invoke(NativeMethodAccessorImpl.java:77)
	at java.base/jdk.internal.reflect.DelegatingMethodAccessorImpl.invoke(DelegatingMethodAccessorImpl.java:43)
Caused by: java.lang.IllegalArgumentException: Text is null
	at com.kms.katalon.core.webui.keyword.builtin.SetTextKeyword$_setText_closure1.doCall(SetTextKeyword.groovy:48)
	at com.kms.katalon.core.webui.keyword.builtin.SetTextKeyword$_setText_closure1.call(SetTextKeyword.groovy)
	at com.kms.katalon.core.webui.keyword.internal.WebUIKeywordMain.runKeyword(WebUIKeywordMain.groovy:20)
	at com.kms.katalon.core.webui.keyword.builtin.SetTextKeyword.setText(SetTextKeyword.groovy:66)
	at com.kms.katalon.core.webui.keyword.builtin.SetTextKeyword.execute(SetTextKeyword.groovy:37)
	at com.kms.katalon.core.keyword.internal.KeywordExecutor.executeKeywordForPlatform(KeywordExecutor.groovy:74)
	at com.kms.katalon.core.webui.keyword.WebUiBuiltInKeywords.setText(WebUiBuiltInKeywords.groovy:980)
	at Script1698861399744.run(Script1698861399744.groovy:26)
	... 15 more
)
[[ATTACHMENT|C:\\Users\\GKOKABAYEVA\\Katalon Studio\\Parabank\\Reports\\20231108_105022\\Smoke Test Suites\\STS002 - Login verification\\20231108_105022\\1699459151150.png]]

2023-11-08 10:59:11 - [TEST_STEP][FAILED] - setText(findTestObject("Object Repository/Page_ParaBank_Customer_Lookup/txtAddress.street"), address): Unable to set text 'null' of object 'Object Repository/Page_ParaBank_Customer_Lookup/txtAddress.street' (Root cause: com.kms.katalon.core.exception.StepFailedException: Unable to set text 'null' of object 'Object Repository/Page_ParaBank_Customer_Lookup/txtAddress.street'
	at com.kms.katalon.core.webui.keyword.internal.WebUIKeywordMain.stepFailed(WebUIKeywordMain.groovy:64)
	at com.kms.katalon.core.webui.keyword.internal.WebUIKeywordMain.runKeyword(WebUIKeywordMain.groovy:26)
	at com.kms.katalon.core.webui.keyword.builtin.SetTextKeyword.setText(SetTextKeyword.groovy:66)
	at com.kms.katalon.core.webui.keyword.builtin.SetTextKeyword.execute(SetTextKeyword.groovy:37)
	at com.kms.katalon.core.keyword.internal.KeywordExecutor.executeKeywordForPlatform(KeywordExecutor.groovy:74)
	at com.kms.katalon.core.webui.keyword.WebUiBuiltInKeywords.setText(WebUiBuiltInKeywords.groovy:980)
	at MTC004 - Forgot login info unsuccessful.run(MTC004 - Forgot login info unsuccessful:28)
	at com.kms.katalon.core.main.ScriptEngine.run(ScriptEngine.java:194)
	at com.kms.katalon.core.main.ScriptEngine.runScriptAsRawText(ScriptEngine.java:119)
	at com.kms.katalon.core.main.TestCaseExecutor.runScript(TestCaseExecutor.java:448)
	at com.kms.katalon.core.main.TestCaseExecutor.doExecute(TestCaseExecutor.java:439)
	at com.kms.katalon.core.main.TestCaseExecutor.processExecutionPhase(TestCaseExecutor.java:418)
	at com.kms.katalon.core.main.TestCaseExecutor.accessMainPhase(TestCaseExecutor.java:410)
	at com.kms.katalon.core.main.TestCaseExecutor.execute(TestCaseExecutor.java:285)
	at com.kms.katalon.core.common.CommonExecutor.accessTestCaseMainPhase(CommonExecutor.java:65)
	at com.kms.katalon.core.main.TestSuiteExecutor.accessTestSuiteMainPhase(TestSuiteExecutor.java:148)
	at com.kms.katalon.core.main.TestSuiteExecutor.execute(TestSuiteExecutor.java:106)
	at com.kms.katalon.core.main.TestCaseMain.startTestSuite(TestCaseMain.java:187)
	at TempTestSuite1699458622452.run(TempTestSuite1699458622452.groovy:36)
	at java.base/jdk.internal.reflect.NativeMethodAccessorImpl.invoke0(Native Method)
	at java.base/jdk.internal.reflect.NativeMethodAccessorImpl.invoke(NativeMethodAccessorImpl.java:77)
	at java.base/jdk.internal.reflect.DelegatingMethodAccessorImpl.invoke(DelegatingMethodAccessorImpl.java:43)
Caused by: java.lang.IllegalArgumentException: Text is null
	at com.kms.katalon.core.webui.keyword.builtin.SetTextKeyword$_setText_closure1.doCall(SetTextKeyword.groovy:48)
	at com.kms.katalon.core.webui.keyword.builtin.SetTextKeyword$_setText_closure1.call(SetTextKeyword.groovy)
	at com.kms.katalon.core.webui.keyword.internal.WebUIKeywordMain.runKeyword(WebUIKeywordMain.groovy:20)
	at com.kms.katalon.core.webui.keyword.builtin.SetTextKeyword.setText(SetTextKeyword.groovy:66)
	at com.kms.katalon.core.webui.keyword.builtin.SetTextKeyword.execute(SetTextKeyword.groovy:37)
	at com.kms.katalon.core.keyword.internal.KeywordExecutor.executeKeywordForPlatform(KeywordExecutor.groovy:74)
	at com.kms.katalon.core.webui.keyword.WebUiBuiltInKeywords.setText(WebUiBuiltInKeywords.groovy:980)
	at Script1698861399744.run(Script1698861399744.groovy:28)
	... 15 more
)

2023-11-08 10:59:11 - [MESSAGE][FAILED] - Unable to set text 'null' of object 'Object Repository/Page_ParaBank_Customer_Lookup/txtAddress.street' (Root cause: com.kms.katalon.core.exception.StepFailedException: Unable to set text 'null' of object 'Object Repository/Page_ParaBank_Customer_Lookup/txtAddress.street'
	at com.kms.katalon.core.webui.keyword.internal.WebUIKeywordMain.stepFailed(WebUIKeywordMain.groovy:64)
	at com.kms.katalon.core.webui.keyword.internal.WebUIKeywordMain.runKeyword(WebUIKeywordMain.groovy:26)
	at com.kms.katalon.core.webui.keyword.builtin.SetTextKeyword.setText(SetTextKeyword.groovy:66)
	at com.kms.katalon.core.webui.keyword.builtin.SetTextKeyword.execute(SetTextKeyword.groovy:37)
	at com.kms.katalon.core.keyword.internal.KeywordExecutor.executeKeywordForPlatform(KeywordExecutor.groovy:74)
	at com.kms.katalon.core.webui.keyword.WebUiBuiltInKeywords.setText(WebUiBuiltInKeywords.groovy:980)
	at MTC004 - Forgot login info unsuccessful.run(MTC004 - Forgot login info unsuccessful:28)
	at com.kms.katalon.core.main.ScriptEngine.run(ScriptEngine.java:194)
	at com.kms.katalon.core.main.ScriptEngine.runScriptAsRawText(ScriptEngine.java:119)
	at com.kms.katalon.core.main.TestCaseExecutor.runScript(TestCaseExecutor.java:448)
	at com.kms.katalon.core.main.TestCaseExecutor.doExecute(TestCaseExecutor.java:439)
	at com.kms.katalon.core.main.TestCaseExecutor.processExecutionPhase(TestCaseExecutor.java:418)
	at com.kms.katalon.core.main.TestCaseExecutor.accessMainPhase(TestCaseExecutor.java:410)
	at com.kms.katalon.core.main.TestCaseExecutor.execute(TestCaseExecutor.java:285)
	at com.kms.katalon.core.common.CommonExecutor.accessTestCaseMainPhase(CommonExecutor.java:65)
	at com.kms.katalon.core.main.TestSuiteExecutor.accessTestSuiteMainPhase(TestSuiteExecutor.java:148)
	at com.kms.katalon.core.main.TestSuiteExecutor.execute(TestSuiteExecutor.java:106)
	at com.kms.katalon.core.main.TestCaseMain.startTestSuite(TestCaseMain.java:187)
	at TempTestSuite1699458622452.run(TempTestSuite1699458622452.groovy:36)
	at java.base/jdk.internal.reflect.NativeMethodAccessorImpl.invoke0(Native Method)
	at java.base/jdk.internal.reflect.NativeMethodAccessorImpl.invoke(NativeMethodAccessorImpl.java:77)
	at java.base/jdk.internal.reflect.DelegatingMethodAccessorImpl.invoke(DelegatingMethodAccessorImpl.java:43)
Caused by: java.lang.IllegalArgumentException: Text is null
	at com.kms.katalon.core.webui.keyword.builtin.SetTextKeyword$_setText_closure1.doCall(SetTextKeyword.groovy:48)
	at com.kms.katalon.core.webui.keyword.builtin.SetTextKeyword$_setText_closure1.call(SetTextKeyword.groovy)
	at com.kms.katalon.core.webui.keyword.internal.WebUIKeywordMain.runKeyword(WebUIKeywordMain.groovy:20)
	at com.kms.katalon.core.webui.keyword.builtin.SetTextKeyword.setText(SetTextKeyword.groovy:66)
	at com.kms.katalon.core.webui.keyword.builtin.SetTextKeyword.execute(SetTextKeyword.groovy:37)
	at com.kms.katalon.core.keyword.internal.KeywordExecutor.executeKeywordForPlatform(KeywordExecutor.groovy:74)
	at com.kms.katalon.core.webui.keyword.WebUiBuiltInKeywords.setText(WebUiBuiltInKeywords.groovy:980)
	at Script1698861399744.run(Script1698861399744.groovy:28)
	... 15 more
)
[[ATTACHMENT|C:\\Users\\GKOKABAYEVA\\Katalon Studio\\Parabank\\Reports\\20231108_105022\\Smoke Test Suites\\STS002 - Login verification\\20231108_105022\\1699459151254.png]]

2023-11-08 10:59:11 - [TEST_STEP][FAILED] - setText(findTestObject("Object Repository/Page_ParaBank_Customer_Lookup/txtAddress.city"), city): Unable to set text 'null' of object 'Object Repository/Page_ParaBank_Customer_Lookup/txtAddress.city' (Root cause: com.kms.katalon.core.exception.StepFailedException: Unable to set text 'null' of object 'Object Repository/Page_ParaBank_Customer_Lookup/txtAddress.city'
	at com.kms.katalon.core.webui.keyword.internal.WebUIKeywordMain.stepFailed(WebUIKeywordMain.groovy:64)
	at com.kms.katalon.core.webui.keyword.internal.WebUIKeywordMain.runKeyword(WebUIKeywordMain.groovy:26)
	at com.kms.katalon.core.webui.keyword.builtin.SetTextKeyword.setText(SetTextKeyword.groovy:66)
	at com.kms.katalon.core.webui.keyword.builtin.SetTextKeyword.execute(SetTextKeyword.groovy:37)
	at com.kms.katalon.core.keyword.internal.KeywordExecutor.executeKeywordForPlatform(KeywordExecutor.groovy:74)
	at com.kms.katalon.core.webui.keyword.WebUiBuiltInKeywords.setText(WebUiBuiltInKeywords.groovy:980)
	at MTC004 - Forgot login info unsuccessful.run(MTC004 - Forgot login info unsuccessful:30)
	at com.kms.katalon.core.main.ScriptEngine.run(ScriptEngine.java:194)
	at com.kms.katalon.core.main.ScriptEngine.runScriptAsRawText(ScriptEngine.java:119)
	at com.kms.katalon.core.main.TestCaseExecutor.runScript(TestCaseExecutor.java:448)
	at com.kms.katalon.core.main.TestCaseExecutor.doExecute(TestCaseExecutor.java:439)
	at com.kms.katalon.core.main.TestCaseExecutor.processExecutionPhase(TestCaseExecutor.java:418)
	at com.kms.katalon.core.main.TestCaseExecutor.accessMainPhase(TestCaseExecutor.java:410)
	at com.kms.katalon.core.main.TestCaseExecutor.execute(TestCaseExecutor.java:285)
	at com.kms.katalon.core.common.CommonExecutor.accessTestCaseMainPhase(CommonExecutor.java:65)
	at com.kms.katalon.core.main.TestSuiteExecutor.accessTestSuiteMainPhase(TestSuiteExecutor.java:148)
	at com.kms.katalon.core.main.TestSuiteExecutor.execute(TestSuiteExecutor.java:106)
	at com.kms.katalon.core.main.TestCaseMain.startTestSuite(TestCaseMain.java:187)
	at TempTestSuite1699458622452.run(TempTestSuite1699458622452.groovy:36)
	at java.base/jdk.internal.reflect.NativeMethodAccessorImpl.invoke0(Native Method)
	at java.base/jdk.internal.reflect.NativeMethodAccessorImpl.invoke(NativeMethodAccessorImpl.java:77)
	at java.base/jdk.internal.reflect.DelegatingMethodAccessorImpl.invoke(DelegatingMethodAccessorImpl.java:43)
Caused by: java.lang.IllegalArgumentException: Text is null
	at com.kms.katalon.core.webui.keyword.builtin.SetTextKeyword$_setText_closure1.doCall(SetTextKeyword.groovy:48)
	at com.kms.katalon.core.webui.keyword.builtin.SetTextKeyword$_setText_closure1.call(SetTextKeyword.groovy)
	at com.kms.katalon.core.webui.keyword.internal.WebUIKeywordMain.runKeyword(WebUIKeywordMain.groovy:20)
	at com.kms.katalon.core.webui.keyword.builtin.SetTextKeyword.setText(SetTextKeyword.groovy:66)
	at com.kms.katalon.core.webui.keyword.builtin.SetTextKeyword.execute(SetTextKeyword.groovy:37)
	at com.kms.katalon.core.keyword.internal.KeywordExecutor.executeKeywordForPlatform(KeywordExecutor.groovy:74)
	at com.kms.katalon.core.webui.keyword.WebUiBuiltInKeywords.setText(WebUiBuiltInKeywords.groovy:980)
	at Script1698861399744.run(Script1698861399744.groovy:30)
	... 15 more
)

2023-11-08 10:59:11 - [MESSAGE][FAILED] - Unable to set text 'null' of object 'Object Repository/Page_ParaBank_Customer_Lookup/txtAddress.city' (Root cause: com.kms.katalon.core.exception.StepFailedException: Unable to set text 'null' of object 'Object Repository/Page_ParaBank_Customer_Lookup/txtAddress.city'
	at com.kms.katalon.core.webui.keyword.internal.WebUIKeywordMain.stepFailed(WebUIKeywordMain.groovy:64)
	at com.kms.katalon.core.webui.keyword.internal.WebUIKeywordMain.runKeyword(WebUIKeywordMain.groovy:26)
	at com.kms.katalon.core.webui.keyword.builtin.SetTextKeyword.setText(SetTextKeyword.groovy:66)
	at com.kms.katalon.core.webui.keyword.builtin.SetTextKeyword.execute(SetTextKeyword.groovy:37)
	at com.kms.katalon.core.keyword.internal.KeywordExecutor.executeKeywordForPlatform(KeywordExecutor.groovy:74)
	at com.kms.katalon.core.webui.keyword.WebUiBuiltInKeywords.setText(WebUiBuiltInKeywords.groovy:980)
	at MTC004 - Forgot login info unsuccessful.run(MTC004 - Forgot login info unsuccessful:30)
	at com.kms.katalon.core.main.ScriptEngine.run(ScriptEngine.java:194)
	at com.kms.katalon.core.main.ScriptEngine.runScriptAsRawText(ScriptEngine.java:119)
	at com.kms.katalon.core.main.TestCaseExecutor.runScript(TestCaseExecutor.java:448)
	at com.kms.katalon.core.main.TestCaseExecutor.doExecute(TestCaseExecutor.java:439)
	at com.kms.katalon.core.main.TestCaseExecutor.processExecutionPhase(TestCaseExecutor.java:418)
	at com.kms.katalon.core.main.TestCaseExecutor.accessMainPhase(TestCaseExecutor.java:410)
	at com.kms.katalon.core.main.TestCaseExecutor.execute(TestCaseExecutor.java:285)
	at com.kms.katalon.core.common.CommonExecutor.accessTestCaseMainPhase(CommonExecutor.java:65)
	at com.kms.katalon.core.main.TestSuiteExecutor.accessTestSuiteMainPhase(TestSuiteExecutor.java:148)
	at com.kms.katalon.core.main.TestSuiteExecutor.execute(TestSuiteExecutor.java:106)
	at com.kms.katalon.core.main.TestCaseMain.startTestSuite(TestCaseMain.java:187)
	at TempTestSuite1699458622452.run(TempTestSuite1699458622452.groovy:36)
	at java.base/jdk.internal.reflect.NativeMethodAccessorImpl.invoke0(Native Method)
	at java.base/jdk.internal.reflect.NativeMethodAccessorImpl.invoke(NativeMethodAccessorImpl.java:77)
	at java.base/jdk.internal.reflect.DelegatingMethodAccessorImpl.invoke(DelegatingMethodAccessorImpl.java:43)
Caused by: java.lang.IllegalArgumentException: Text is null
	at com.kms.katalon.core.webui.keyword.builtin.SetTextKeyword$_setText_closure1.doCall(SetTextKeyword.groovy:48)
	at com.kms.katalon.core.webui.keyword.builtin.SetTextKeyword$_setText_closure1.call(SetTextKeyword.groovy)
	at com.kms.katalon.core.webui.keyword.internal.WebUIKeywordMain.runKeyword(WebUIKeywordMain.groovy:20)
	at com.kms.katalon.core.webui.keyword.builtin.SetTextKeyword.setText(SetTextKeyword.groovy:66)
	at com.kms.katalon.core.webui.keyword.builtin.SetTextKeyword.execute(SetTextKeyword.groovy:37)
	at com.kms.katalon.core.keyword.internal.KeywordExecutor.executeKeywordForPlatform(KeywordExecutor.groovy:74)
	at com.kms.katalon.core.webui.keyword.WebUiBuiltInKeywords.setText(WebUiBuiltInKeywords.groovy:980)
	at Script1698861399744.run(Script1698861399744.groovy:30)
	... 15 more
)
[[ATTACHMENT|C:\\Users\\GKOKABAYEVA\\Katalon Studio\\Parabank\\Reports\\20231108_105022\\Smoke Test Suites\\STS002 - Login verification\\20231108_105022\\1699459151351.png]]

2023-11-08 10:59:11 - [TEST_STEP][FAILED] - setText(findTestObject("Object Repository/Page_ParaBank_Customer_Lookup/txtAddress.state"), state): Unable to set text 'null' of object 'Object Repository/Page_ParaBank_Customer_Lookup/txtAddress.state' (Root cause: com.kms.katalon.core.exception.StepFailedException: Unable to set text 'null' of object 'Object Repository/Page_ParaBank_Customer_Lookup/txtAddress.state'
	at com.kms.katalon.core.webui.keyword.internal.WebUIKeywordMain.stepFailed(WebUIKeywordMain.groovy:64)
	at com.kms.katalon.core.webui.keyword.internal.WebUIKeywordMain.runKeyword(WebUIKeywordMain.groovy:26)
	at com.kms.katalon.core.webui.keyword.builtin.SetTextKeyword.setText(SetTextKeyword.groovy:66)
	at com.kms.katalon.core.webui.keyword.builtin.SetTextKeyword.execute(SetTextKeyword.groovy:37)
	at com.kms.katalon.core.keyword.internal.KeywordExecutor.executeKeywordForPlatform(KeywordExecutor.groovy:74)
	at com.kms.katalon.core.webui.keyword.WebUiBuiltInKeywords.setText(WebUiBuiltInKeywords.groovy:980)
	at MTC004 - Forgot login info unsuccessful.run(MTC004 - Forgot login info unsuccessful:32)
	at com.kms.katalon.core.main.ScriptEngine.run(ScriptEngine.java:194)
	at com.kms.katalon.core.main.ScriptEngine.runScriptAsRawText(ScriptEngine.java:119)
	at com.kms.katalon.core.main.TestCaseExecutor.runScript(TestCaseExecutor.java:448)
	at com.kms.katalon.core.main.TestCaseExecutor.doExecute(TestCaseExecutor.java:439)
	at com.kms.katalon.core.main.TestCaseExecutor.processExecutionPhase(TestCaseExecutor.java:418)
	at com.kms.katalon.core.main.TestCaseExecutor.accessMainPhase(TestCaseExecutor.java:410)
	at com.kms.katalon.core.main.TestCaseExecutor.execute(TestCaseExecutor.java:285)
	at com.kms.katalon.core.common.CommonExecutor.accessTestCaseMainPhase(CommonExecutor.java:65)
	at com.kms.katalon.core.main.TestSuiteExecutor.accessTestSuiteMainPhase(TestSuiteExecutor.java:148)
	at com.kms.katalon.core.main.TestSuiteExecutor.execute(TestSuiteExecutor.java:106)
	at com.kms.katalon.core.main.TestCaseMain.startTestSuite(TestCaseMain.java:187)
	at TempTestSuite1699458622452.run(TempTestSuite1699458622452.groovy:36)
	at java.base/jdk.internal.reflect.NativeMethodAccessorImpl.invoke0(Native Method)
	at java.base/jdk.internal.reflect.NativeMethodAccessorImpl.invoke(NativeMethodAccessorImpl.java:77)
	at java.base/jdk.internal.reflect.DelegatingMethodAccessorImpl.invoke(DelegatingMethodAccessorImpl.java:43)
Caused by: java.lang.IllegalArgumentException: Text is null
	at com.kms.katalon.core.webui.keyword.builtin.SetTextKeyword$_setText_closure1.doCall(SetTextKeyword.groovy:48)
	at com.kms.katalon.core.webui.keyword.builtin.SetTextKeyword$_setText_closure1.call(SetTextKeyword.groovy)
	at com.kms.katalon.core.webui.keyword.internal.WebUIKeywordMain.runKeyword(WebUIKeywordMain.groovy:20)
	at com.kms.katalon.core.webui.keyword.builtin.SetTextKeyword.setText(SetTextKeyword.groovy:66)
	at com.kms.katalon.core.webui.keyword.builtin.SetTextKeyword.execute(SetTextKeyword.groovy:37)
	at com.kms.katalon.core.keyword.internal.KeywordExecutor.executeKeywordForPlatform(KeywordExecutor.groovy:74)
	at com.kms.katalon.core.webui.keyword.WebUiBuiltInKeywords.setText(WebUiBuiltInKeywords.groovy:980)
	at Script1698861399744.run(Script1698861399744.groovy:32)
	... 15 more
)

2023-11-08 10:59:11 - [MESSAGE][FAILED] - Unable to set text 'null' of object 'Object Repository/Page_ParaBank_Customer_Lookup/txtAddress.state' (Root cause: com.kms.katalon.core.exception.StepFailedException: Unable to set text 'null' of object 'Object Repository/Page_ParaBank_Customer_Lookup/txtAddress.state'
	at com.kms.katalon.core.webui.keyword.internal.WebUIKeywordMain.stepFailed(WebUIKeywordMain.groovy:64)
	at com.kms.katalon.core.webui.keyword.internal.WebUIKeywordMain.runKeyword(WebUIKeywordMain.groovy:26)
	at com.kms.katalon.core.webui.keyword.builtin.SetTextKeyword.setText(SetTextKeyword.groovy:66)
	at com.kms.katalon.core.webui.keyword.builtin.SetTextKeyword.execute(SetTextKeyword.groovy:37)
	at com.kms.katalon.core.keyword.internal.KeywordExecutor.executeKeywordForPlatform(KeywordExecutor.groovy:74)
	at com.kms.katalon.core.webui.keyword.WebUiBuiltInKeywords.setText(WebUiBuiltInKeywords.groovy:980)
	at MTC004 - Forgot login info unsuccessful.run(MTC004 - Forgot login info unsuccessful:32)
	at com.kms.katalon.core.main.ScriptEngine.run(ScriptEngine.java:194)
	at com.kms.katalon.core.main.ScriptEngine.runScriptAsRawText(ScriptEngine.java:119)
	at com.kms.katalon.core.main.TestCaseExecutor.runScript(TestCaseExecutor.java:448)
	at com.kms.katalon.core.main.TestCaseExecutor.doExecute(TestCaseExecutor.java:439)
	at com.kms.katalon.core.main.TestCaseExecutor.processExecutionPhase(TestCaseExecutor.java:418)
	at com.kms.katalon.core.main.TestCaseExecutor.accessMainPhase(TestCaseExecutor.java:410)
	at com.kms.katalon.core.main.TestCaseExecutor.execute(TestCaseExecutor.java:285)
	at com.kms.katalon.core.common.CommonExecutor.accessTestCaseMainPhase(CommonExecutor.java:65)
	at com.kms.katalon.core.main.TestSuiteExecutor.accessTestSuiteMainPhase(TestSuiteExecutor.java:148)
	at com.kms.katalon.core.main.TestSuiteExecutor.execute(TestSuiteExecutor.java:106)
	at com.kms.katalon.core.main.TestCaseMain.startTestSuite(TestCaseMain.java:187)
	at TempTestSuite1699458622452.run(TempTestSuite1699458622452.groovy:36)
	at java.base/jdk.internal.reflect.NativeMethodAccessorImpl.invoke0(Native Method)
	at java.base/jdk.internal.reflect.NativeMethodAccessorImpl.invoke(NativeMethodAccessorImpl.java:77)
	at java.base/jdk.internal.reflect.DelegatingMethodAccessorImpl.invoke(DelegatingMethodAccessorImpl.java:43)
Caused by: java.lang.IllegalArgumentException: Text is null
	at com.kms.katalon.core.webui.keyword.builtin.SetTextKeyword$_setText_closure1.doCall(SetTextKeyword.groovy:48)
	at com.kms.katalon.core.webui.keyword.builtin.SetTextKeyword$_setText_closure1.call(SetTextKeyword.groovy)
	at com.kms.katalon.core.webui.keyword.internal.WebUIKeywordMain.runKeyword(WebUIKeywordMain.groovy:20)
	at com.kms.katalon.core.webui.keyword.builtin.SetTextKeyword.setText(SetTextKeyword.groovy:66)
	at com.kms.katalon.core.webui.keyword.builtin.SetTextKeyword.execute(SetTextKeyword.groovy:37)
	at com.kms.katalon.core.keyword.internal.KeywordExecutor.executeKeywordForPlatform(KeywordExecutor.groovy:74)
	at com.kms.katalon.core.webui.keyword.WebUiBuiltInKeywords.setText(WebUiBuiltInKeywords.groovy:980)
	at Script1698861399744.run(Script1698861399744.groovy:32)
	... 15 more
)
[[ATTACHMENT|C:\\Users\\GKOKABAYEVA\\Katalon Studio\\Parabank\\Reports\\20231108_105022\\Smoke Test Suites\\STS002 - Login verification\\20231108_105022\\1699459151449.png]]

2023-11-08 10:59:11 - [TEST_STEP][FAILED] - setText(findTestObject("Object Repository/Page_ParaBank_Customer_Lookup/txtAddress.zipCode"), zipCode): Unable to set text 'null' of object 'Object Repository/Page_ParaBank_Customer_Lookup/txtAddress.zipCode' (Root cause: com.kms.katalon.core.exception.StepFailedException: Unable to set text 'null' of object 'Object Repository/Page_ParaBank_Customer_Lookup/txtAddress.zipCode'
	at com.kms.katalon.core.webui.keyword.internal.WebUIKeywordMain.stepFailed(WebUIKeywordMain.groovy:64)
	at com.kms.katalon.core.webui.keyword.internal.WebUIKeywordMain.runKeyword(WebUIKeywordMain.groovy:26)
	at com.kms.katalon.core.webui.keyword.builtin.SetTextKeyword.setText(SetTextKeyword.groovy:66)
	at com.kms.katalon.core.webui.keyword.builtin.SetTextKeyword.execute(SetTextKeyword.groovy:37)
	at com.kms.katalon.core.keyword.internal.KeywordExecutor.executeKeywordForPlatform(KeywordExecutor.groovy:74)
	at com.kms.katalon.core.webui.keyword.WebUiBuiltInKeywords.setText(WebUiBuiltInKeywords.groovy:980)
	at MTC004 - Forgot login info unsuccessful.run(MTC004 - Forgot login info unsuccessful:34)
	at com.kms.katalon.core.main.ScriptEngine.run(ScriptEngine.java:194)
	at com.kms.katalon.core.main.ScriptEngine.runScriptAsRawText(ScriptEngine.java:119)
	at com.kms.katalon.core.main.TestCaseExecutor.runScript(TestCaseExecutor.java:448)
	at com.kms.katalon.core.main.TestCaseExecutor.doExecute(TestCaseExecutor.java:439)
	at com.kms.katalon.core.main.TestCaseExecutor.processExecutionPhase(TestCaseExecutor.java:418)
	at com.kms.katalon.core.main.TestCaseExecutor.accessMainPhase(TestCaseExecutor.java:410)
	at com.kms.katalon.core.main.TestCaseExecutor.execute(TestCaseExecutor.java:285)
	at com.kms.katalon.core.common.CommonExecutor.accessTestCaseMainPhase(CommonExecutor.java:65)
	at com.kms.katalon.core.main.TestSuiteExecutor.accessTestSuiteMainPhase(TestSuiteExecutor.java:148)
	at com.kms.katalon.core.main.TestSuiteExecutor.execute(TestSuiteExecutor.java:106)
	at com.kms.katalon.core.main.TestCaseMain.startTestSuite(TestCaseMain.java:187)
	at TempTestSuite1699458622452.run(TempTestSuite1699458622452.groovy:36)
	at java.base/jdk.internal.reflect.NativeMethodAccessorImpl.invoke0(Native Method)
	at java.base/jdk.internal.reflect.NativeMethodAccessorImpl.invoke(NativeMethodAccessorImpl.java:77)
	at java.base/jdk.internal.reflect.DelegatingMethodAccessorImpl.invoke(DelegatingMethodAccessorImpl.java:43)
Caused by: java.lang.IllegalArgumentException: Text is null
	at com.kms.katalon.core.webui.keyword.builtin.SetTextKeyword$_setText_closure1.doCall(SetTextKeyword.groovy:48)
	at com.kms.katalon.core.webui.keyword.builtin.SetTextKeyword$_setText_closure1.call(SetTextKeyword.groovy)
	at com.kms.katalon.core.webui.keyword.internal.WebUIKeywordMain.runKeyword(WebUIKeywordMain.groovy:20)
	at com.kms.katalon.core.webui.keyword.builtin.SetTextKeyword.setText(SetTextKeyword.groovy:66)
	at com.kms.katalon.core.webui.keyword.builtin.SetTextKeyword.execute(SetTextKeyword.groovy:37)
	at com.kms.katalon.core.keyword.internal.KeywordExecutor.executeKeywordForPlatform(KeywordExecutor.groovy:74)
	at com.kms.katalon.core.webui.keyword.WebUiBuiltInKeywords.setText(WebUiBuiltInKeywords.groovy:980)
	at Script1698861399744.run(Script1698861399744.groovy:34)
	... 15 more
)

2023-11-08 10:59:11 - [MESSAGE][FAILED] - Unable to set text 'null' of object 'Object Repository/Page_ParaBank_Customer_Lookup/txtAddress.zipCode' (Root cause: com.kms.katalon.core.exception.StepFailedException: Unable to set text 'null' of object 'Object Repository/Page_ParaBank_Customer_Lookup/txtAddress.zipCode'
	at com.kms.katalon.core.webui.keyword.internal.WebUIKeywordMain.stepFailed(WebUIKeywordMain.groovy:64)
	at com.kms.katalon.core.webui.keyword.internal.WebUIKeywordMain.runKeyword(WebUIKeywordMain.groovy:26)
	at com.kms.katalon.core.webui.keyword.builtin.SetTextKeyword.setText(SetTextKeyword.groovy:66)
	at com.kms.katalon.core.webui.keyword.builtin.SetTextKeyword.execute(SetTextKeyword.groovy:37)
	at com.kms.katalon.core.keyword.internal.KeywordExecutor.executeKeywordForPlatform(KeywordExecutor.groovy:74)
	at com.kms.katalon.core.webui.keyword.WebUiBuiltInKeywords.setText(WebUiBuiltInKeywords.groovy:980)
	at MTC004 - Forgot login info unsuccessful.run(MTC004 - Forgot login info unsuccessful:34)
	at com.kms.katalon.core.main.ScriptEngine.run(ScriptEngine.java:194)
	at com.kms.katalon.core.main.ScriptEngine.runScriptAsRawText(ScriptEngine.java:119)
	at com.kms.katalon.core.main.TestCaseExecutor.runScript(TestCaseExecutor.java:448)
	at com.kms.katalon.core.main.TestCaseExecutor.doExecute(TestCaseExecutor.java:439)
	at com.kms.katalon.core.main.TestCaseExecutor.processExecutionPhase(TestCaseExecutor.java:418)
	at com.kms.katalon.core.main.TestCaseExecutor.accessMainPhase(TestCaseExecutor.java:410)
	at com.kms.katalon.core.main.TestCaseExecutor.execute(TestCaseExecutor.java:285)
	at com.kms.katalon.core.common.CommonExecutor.accessTestCaseMainPhase(CommonExecutor.java:65)
	at com.kms.katalon.core.main.TestSuiteExecutor.accessTestSuiteMainPhase(TestSuiteExecutor.java:148)
	at com.kms.katalon.core.main.TestSuiteExecutor.execute(TestSuiteExecutor.java:106)
	at com.kms.katalon.core.main.TestCaseMain.startTestSuite(TestCaseMain.java:187)
	at TempTestSuite1699458622452.run(TempTestSuite1699458622452.groovy:36)
	at java.base/jdk.internal.reflect.NativeMethodAccessorImpl.invoke0(Native Method)
	at java.base/jdk.internal.reflect.NativeMethodAccessorImpl.invoke(NativeMethodAccessorImpl.java:77)
	at java.base/jdk.internal.reflect.DelegatingMethodAccessorImpl.invoke(DelegatingMethodAccessorImpl.java:43)
Caused by: java.lang.IllegalArgumentException: Text is null
	at com.kms.katalon.core.webui.keyword.builtin.SetTextKeyword$_setText_closure1.doCall(SetTextKeyword.groovy:48)
	at com.kms.katalon.core.webui.keyword.builtin.SetTextKeyword$_setText_closure1.call(SetTextKeyword.groovy)
	at com.kms.katalon.core.webui.keyword.internal.WebUIKeywordMain.runKeyword(WebUIKeywordMain.groovy:20)
	at com.kms.katalon.core.webui.keyword.builtin.SetTextKeyword.setText(SetTextKeyword.groovy:66)
	at com.kms.katalon.core.webui.keyword.builtin.SetTextKeyword.execute(SetTextKeyword.groovy:37)
	at com.kms.katalon.core.keyword.internal.KeywordExecutor.executeKeywordForPlatform(KeywordExecutor.groovy:74)
	at com.kms.katalon.core.webui.keyword.WebUiBuiltInKeywords.setText(WebUiBuiltInKeywords.groovy:980)
	at Script1698861399744.run(Script1698861399744.groovy:34)
	... 15 more
)
[[ATTACHMENT|C:\\Users\\GKOKABAYEVA\\Katalon Studio\\Parabank\\Reports\\20231108_105022\\Smoke Test Suites\\STS002 - Login verification\\20231108_105022\\1699459151547.png]]

2023-11-08 10:59:11 - [TEST_STEP][FAILED] - setText(findTestObject("Object Repository/Page_ParaBank_Customer_Lookup/txtSSN"), ssn): Unable to set text 'null' of object 'Object Repository/Page_ParaBank_Customer_Lookup/txtSSN' (Root cause: com.kms.katalon.core.exception.StepFailedException: Unable to set text 'null' of object 'Object Repository/Page_ParaBank_Customer_Lookup/txtSSN'
	at com.kms.katalon.core.webui.keyword.internal.WebUIKeywordMain.stepFailed(WebUIKeywordMain.groovy:64)
	at com.kms.katalon.core.webui.keyword.internal.WebUIKeywordMain.runKeyword(WebUIKeywordMain.groovy:26)
	at com.kms.katalon.core.webui.keyword.builtin.SetTextKeyword.setText(SetTextKeyword.groovy:66)
	at com.kms.katalon.core.webui.keyword.builtin.SetTextKeyword.execute(SetTextKeyword.groovy:37)
	at com.kms.katalon.core.keyword.internal.KeywordExecutor.executeKeywordForPlatform(KeywordExecutor.groovy:74)
	at com.kms.katalon.core.webui.keyword.WebUiBuiltInKeywords.setText(WebUiBuiltInKeywords.groovy:980)
	at MTC004 - Forgot login info unsuccessful.run(MTC004 - Forgot login info unsuccessful:36)
	at com.kms.katalon.core.main.ScriptEngine.run(ScriptEngine.java:194)
	at com.kms.katalon.core.main.ScriptEngine.runScriptAsRawText(ScriptEngine.java:119)
	at com.kms.katalon.core.main.TestCaseExecutor.runScript(TestCaseExecutor.java:448)
	at com.kms.katalon.core.main.TestCaseExecutor.doExecute(TestCaseExecutor.java:439)
	at com.kms.katalon.core.main.TestCaseExecutor.processExecutionPhase(TestCaseExecutor.java:418)
	at com.kms.katalon.core.main.TestCaseExecutor.accessMainPhase(TestCaseExecutor.java:410)
	at com.kms.katalon.core.main.TestCaseExecutor.execute(TestCaseExecutor.java:285)
	at com.kms.katalon.core.common.CommonExecutor.accessTestCaseMainPhase(CommonExecutor.java:65)
	at com.kms.katalon.core.main.TestSuiteExecutor.accessTestSuiteMainPhase(TestSuiteExecutor.java:148)
	at com.kms.katalon.core.main.TestSuiteExecutor.execute(TestSuiteExecutor.java:106)
	at com.kms.katalon.core.main.TestCaseMain.startTestSuite(TestCaseMain.java:187)
	at TempTestSuite1699458622452.run(TempTestSuite1699458622452.groovy:36)
	at java.base/jdk.internal.reflect.NativeMethodAccessorImpl.invoke0(Native Method)
	at java.base/jdk.internal.reflect.NativeMethodAccessorImpl.invoke(NativeMethodAccessorImpl.java:77)
	at java.base/jdk.internal.reflect.DelegatingMethodAccessorImpl.invoke(DelegatingMethodAccessorImpl.java:43)
Caused by: java.lang.IllegalArgumentException: Text is null
	at com.kms.katalon.core.webui.keyword.builtin.SetTextKeyword$_setText_closure1.doCall(SetTextKeyword.groovy:48)
	at com.kms.katalon.core.webui.keyword.builtin.SetTextKeyword$_setText_closure1.call(SetTextKeyword.groovy)
	at com.kms.katalon.core.webui.keyword.internal.WebUIKeywordMain.runKeyword(WebUIKeywordMain.groovy:20)
	at com.kms.katalon.core.webui.keyword.builtin.SetTextKeyword.setText(SetTextKeyword.groovy:66)
	at com.kms.katalon.core.webui.keyword.builtin.SetTextKeyword.execute(SetTextKeyword.groovy:37)
	at com.kms.katalon.core.keyword.internal.KeywordExecutor.executeKeywordForPlatform(KeywordExecutor.groovy:74)
	at com.kms.katalon.core.webui.keyword.WebUiBuiltInKeywords.setText(WebUiBuiltInKeywords.groovy:980)
	at Script1698861399744.run(Script1698861399744.groovy:36)
	... 15 more
)

2023-11-08 10:59:11 - [MESSAGE][FAILED] - Unable to set text 'null' of object 'Object Repository/Page_ParaBank_Customer_Lookup/txtSSN' (Root cause: com.kms.katalon.core.exception.StepFailedException: Unable to set text 'null' of object 'Object Repository/Page_ParaBank_Customer_Lookup/txtSSN'
	at com.kms.katalon.core.webui.keyword.internal.WebUIKeywordMain.stepFailed(WebUIKeywordMain.groovy:64)
	at com.kms.katalon.core.webui.keyword.internal.WebUIKeywordMain.runKeyword(WebUIKeywordMain.groovy:26)
	at com.kms.katalon.core.webui.keyword.builtin.SetTextKeyword.setText(SetTextKeyword.groovy:66)
	at com.kms.katalon.core.webui.keyword.builtin.SetTextKeyword.execute(SetTextKeyword.groovy:37)
	at com.kms.katalon.core.keyword.internal.KeywordExecutor.executeKeywordForPlatform(KeywordExecutor.groovy:74)
	at com.kms.katalon.core.webui.keyword.WebUiBuiltInKeywords.setText(WebUiBuiltInKeywords.groovy:980)
	at MTC004 - Forgot login info unsuccessful.run(MTC004 - Forgot login info unsuccessful:36)
	at com.kms.katalon.core.main.ScriptEngine.run(ScriptEngine.java:194)
	at com.kms.katalon.core.main.ScriptEngine.runScriptAsRawText(ScriptEngine.java:119)
	at com.kms.katalon.core.main.TestCaseExecutor.runScript(TestCaseExecutor.java:448)
	at com.kms.katalon.core.main.TestCaseExecutor.doExecute(TestCaseExecutor.java:439)
	at com.kms.katalon.core.main.TestCaseExecutor.processExecutionPhase(TestCaseExecutor.java:418)
	at com.kms.katalon.core.main.TestCaseExecutor.accessMainPhase(TestCaseExecutor.java:410)
	at com.kms.katalon.core.main.TestCaseExecutor.execute(TestCaseExecutor.java:285)
	at com.kms.katalon.core.common.CommonExecutor.accessTestCaseMainPhase(CommonExecutor.java:65)
	at com.kms.katalon.core.main.TestSuiteExecutor.accessTestSuiteMainPhase(TestSuiteExecutor.java:148)
	at com.kms.katalon.core.main.TestSuiteExecutor.execute(TestSuiteExecutor.java:106)
	at com.kms.katalon.core.main.TestCaseMain.startTestSuite(TestCaseMain.java:187)
	at TempTestSuite1699458622452.run(TempTestSuite1699458622452.groovy:36)
	at java.base/jdk.internal.reflect.NativeMethodAccessorImpl.invoke0(Native Method)
	at java.base/jdk.internal.reflect.NativeMethodAccessorImpl.invoke(NativeMethodAccessorImpl.java:77)
	at java.base/jdk.internal.reflect.DelegatingMethodAccessorImpl.invoke(DelegatingMethodAccessorImpl.java:43)
Caused by: java.lang.IllegalArgumentException: Text is null
	at com.kms.katalon.core.webui.keyword.builtin.SetTextKeyword$_setText_closure1.doCall(SetTextKeyword.groovy:48)
	at com.kms.katalon.core.webui.keyword.builtin.SetTextKeyword$_setText_closure1.call(SetTextKeyword.groovy)
	at com.kms.katalon.core.webui.keyword.internal.WebUIKeywordMain.runKeyword(WebUIKeywordMain.groovy:20)
	at com.kms.katalon.core.webui.keyword.builtin.SetTextKeyword.setText(SetTextKeyword.groovy:66)
	at com.kms.katalon.core.webui.keyword.builtin.SetTextKeyword.execute(SetTextKeyword.groovy:37)
	at com.kms.katalon.core.keyword.internal.KeywordExecutor.executeKeywordForPlatform(KeywordExecutor.groovy:74)
	at com.kms.katalon.core.webui.keyword.WebUiBuiltInKeywords.setText(WebUiBuiltInKeywords.groovy:980)
	at Script1698861399744.run(Script1698861399744.groovy:36)
	... 15 more
)
[[ATTACHMENT|C:\\Users\\GKOKABAYEVA\\Katalon Studio\\Parabank\\Reports\\20231108_105022\\Smoke Test Suites\\STS002 - Login verification\\20231108_105022\\1699459151640.png]]

2023-11-08 10:59:11 - [TEST_STEP][FAILED] - click(findTestObject("Object Repository/Page_ParaBank_Customer_Lookup/btnFindMyLoginInfo")): Unable to click on object 'Object Repository/Page_ParaBank_Customer_Lookup/btnFindMyLoginInfo' (Root cause: com.kms.katalon.core.exception.StepFailedException: Unable to click on object 'Object Repository/Page_ParaBank_Customer_Lookup/btnFindMyLoginInfo'
	at com.kms.katalon.core.webui.keyword.internal.WebUIKeywordMain.stepFailed(WebUIKeywordMain.groovy:64)
	at com.kms.katalon.core.webui.keyword.internal.WebUIKeywordMain.runKeyword(WebUIKeywordMain.groovy:26)
	at com.kms.katalon.core.webui.keyword.builtin.ClickKeyword.click(ClickKeyword.groovy:74)
	at com.kms.katalon.core.webui.keyword.builtin.ClickKeyword.execute(ClickKeyword.groovy:40)
	at com.kms.katalon.core.keyword.internal.KeywordExecutor.executeKeywordForPlatform(KeywordExecutor.groovy:74)
	at com.kms.katalon.core.webui.keyword.WebUiBuiltInKeywords.click(WebUiBuiltInKeywords.groovy:620)
	at MTC004 - Forgot login info unsuccessful.run(MTC004 - Forgot login info unsuccessful:38)
	at com.kms.katalon.core.main.ScriptEngine.run(ScriptEngine.java:194)
	at com.kms.katalon.core.main.ScriptEngine.runScriptAsRawText(ScriptEngine.java:119)
	at com.kms.katalon.core.main.TestCaseExecutor.runScript(TestCaseExecutor.java:448)
	at com.kms.katalon.core.main.TestCaseExecutor.doExecute(TestCaseExecutor.java:439)
	at com.kms.katalon.core.main.TestCaseExecutor.processExecutionPhase(TestCaseExecutor.java:418)
	at com.kms.katalon.core.main.TestCaseExecutor.accessMainPhase(TestCaseExecutor.java:410)
	at com.kms.katalon.core.main.TestCaseExecutor.execute(TestCaseExecutor.java:285)
	at com.kms.katalon.core.common.CommonExecutor.accessTestCaseMainPhase(CommonExecutor.java:65)
	at com.kms.katalon.core.main.TestSuiteExecutor.accessTestSuiteMainPhase(TestSuiteExecutor.java:148)
	at com.kms.katalon.core.main.TestSuiteExecutor.execute(TestSuiteExecutor.java:106)
	at com.kms.katalon.core.main.TestCaseMain.startTestSuite(TestCaseMain.java:187)
	at TempTestSuite1699458622452.run(TempTestSuite1699458622452.groovy:36)
	at java.base/jdk.internal.reflect.NativeMethodAccessorImpl.invoke0(Native Method)
	at java.base/jdk.internal.reflect.NativeMethodAccessorImpl.invoke(NativeMethodAccessorImpl.java:77)
	at java.base/jdk.internal.reflect.DelegatingMethodAccessorImpl.invoke(DelegatingMethodAccessorImpl.java:43)
Caused by: com.kms.katalon.core.webui.exception.WebElementNotFoundException: Web element with id: 'Object Repository/Page_ParaBank_Customer_Lookup/btnFindMyLoginInfo' located by '//input[@value='Find My Login Info']' not found
	at com.kms.katalon.core.webui.common.WebUiCommonHelper.findWebElement(WebUiCommonHelper.java:1379)
	at com.kms.katalon.core.webui.keyword.internal.WebUIAbstractKeyword.findWebElement(WebUIAbstractKeyword.groovy:27)
	at com.kms.katalon.core.webui.keyword.builtin.ClickKeyword$_click_closure1.doCall(ClickKeyword.groovy:65)
	at com.kms.katalon.core.webui.keyword.builtin.ClickKeyword$_click_closure1.call(ClickKeyword.groovy)
	at com.kms.katalon.core.webui.keyword.internal.WebUIKeywordMain.runKeyword(WebUIKeywordMain.groovy:20)
	at com.kms.katalon.core.webui.keyword.builtin.ClickKeyword.click(ClickKeyword.groovy:74)
	at com.kms.katalon.core.webui.keyword.builtin.ClickKeyword.execute(ClickKeyword.groovy:40)
	at com.kms.katalon.core.keyword.internal.KeywordExecutor.executeKeywordForPlatform(KeywordExecutor.groovy:74)
	at com.kms.katalon.core.webui.keyword.WebUiBuiltInKeywords.click(WebUiBuiltInKeywords.groovy:620)
	at Script1698861399744.run(Script1698861399744.groovy:38)
	... 15 more
)

2023-11-08 10:59:42 - [MESSAGE][INFO] - Unable to find the element located by 'By.xpath: //input[@value='Find My Login Info']'. Please recheck the objects properties to make sure the desired element is located. 

2023-11-08 10:59:42 - [MESSAGE][WARNING] - [SELF-HEALING] Failed to find element with id 'Object Repository/Page_ParaBank_Customer_Lookup/btnFindMyLoginInfo'. Try using Self-healing.

2023-11-08 10:59:42 - [MESSAGE][INFO] - [SELF-HEALING] Failed Locator: '//input[@value='Find My Login Info']'.

2023-11-08 10:59:42 - [MESSAGE][INFO] - [SELF-HEALING] Failed Locator: '//form[@id='lookupForm']/table/tbody/tr[8]/td[2]/input'.

2023-11-08 10:59:42 - [MESSAGE][INFO] - [SELF-HEALING] Failed Locator: '//tr[8]/td[2]/input'.

2023-11-08 10:59:42 - [MESSAGE][INFO] - [SELF-HEALING] Failed Locator: '//input[@type = 'submit']'.

2023-11-08 10:59:42 - [MESSAGE][INFO] - [SELF-HEALING] Failed Locator: '//input[@value='Find My Login Info']'.

2023-11-08 10:59:42 - [MESSAGE][INFO] - [SELF-HEALING] Failed Locator: '//form[@id='lookupForm']/table/tbody/tr[8]/td[2]/input'.

2023-11-08 10:59:42 - [MESSAGE][INFO] - [SELF-HEALING] Failed Locator: '//tr[8]/td[2]/input'.

2023-11-08 10:59:42 - [MESSAGE][INFO] - [SELF-HEALING] Failed Locator: '//input[@type = 'submit']'.

2023-11-08 10:59:42 - [MESSAGE][INFO] - [SELF-HEALING] Failed Locator: '//input[@value='Find My Login Info']'.

2023-11-08 10:59:42 - [MESSAGE][INFO] - [SELF-HEALING] Failed Locator: '//form[@id='lookupForm']/table/tbody/tr[8]/td[2]/input'.

2023-11-08 10:59:42 - [MESSAGE][INFO] - [SELF-HEALING] Failed Locator: '//tr[8]/td[2]/input'.

2023-11-08 10:59:42 - [MESSAGE][INFO] - [SELF-HEALING] Failed Locator: '//input[@type = 'submit']'.

2023-11-08 10:59:42 - [MESSAGE][INFO] - [SELF-HEALING] Failed Locator: '//input[@value='Find My Login Info']'.

2023-11-08 10:59:43 - [MESSAGE][INFO] - [SELF-HEALING] Failed Locator: '//form[@id='lookupForm']/table/tbody/tr[8]/td[2]/input'.

2023-11-08 10:59:43 - [MESSAGE][INFO] - [SELF-HEALING] Failed Locator: '//tr[8]/td[2]/input'.

2023-11-08 10:59:43 - [MESSAGE][INFO] - [SELF-HEALING] Failed Locator: '//input[@type = 'submit']'.

2023-11-08 10:59:43 - [MESSAGE][INFO] - [SELF-HEALING] Failed Locator: '//input[@value='Find My Login Info']'.

2023-11-08 10:59:43 - [MESSAGE][INFO] - [SELF-HEALING] Failed Locator: '//form[@id='lookupForm']/table/tbody/tr[8]/td[2]/input'.

2023-11-08 10:59:43 - [MESSAGE][INFO] - [SELF-HEALING] Failed Locator: '//tr[8]/td[2]/input'.

2023-11-08 10:59:43 - [MESSAGE][INFO] - [SELF-HEALING] Failed Locator: '//input[@type = 'submit']'.

2023-11-08 10:59:43 - [MESSAGE][INFO] - [SELF-HEALING] Failed Locator: '//input[@value='Find My Login Info']'.

2023-11-08 10:59:43 - [MESSAGE][INFO] - [SELF-HEALING] Failed Locator: '//form[@id='lookupForm']/table/tbody/tr[8]/td[2]/input'.

2023-11-08 10:59:43 - [MESSAGE][INFO] - [SELF-HEALING] Failed Locator: '//tr[8]/td[2]/input'.

2023-11-08 10:59:43 - [MESSAGE][INFO] - [SELF-HEALING] Failed Locator: '//input[@type = 'submit']'.

2023-11-08 10:59:43 - [MESSAGE][INFO] - [SELF-HEALING] Failed Locator: '//input[@value='Find My Login Info']'.

2023-11-08 10:59:43 - [MESSAGE][INFO] - [SELF-HEALING] Failed Locator: '//form[@id='lookupForm']/table/tbody/tr[8]/td[2]/input'.

2023-11-08 10:59:43 - [MESSAGE][INFO] - [SELF-HEALING] Failed Locator: '//tr[8]/td[2]/input'.

2023-11-08 10:59:43 - [MESSAGE][INFO] - [SELF-HEALING] Failed Locator: '//input[@type = 'submit']'.

2023-11-08 10:59:43 - [MESSAGE][INFO] - [SELF-HEALING] Failed Locator: '//input[@value='Find My Login Info']'.

2023-11-08 10:59:43 - [MESSAGE][INFO] - [SELF-HEALING] Failed Locator: '//form[@id='lookupForm']/table/tbody/tr[8]/td[2]/input'.

2023-11-08 10:59:43 - [MESSAGE][INFO] - [SELF-HEALING] Failed Locator: '//tr[8]/td[2]/input'.

2023-11-08 10:59:43 - [MESSAGE][INFO] - [SELF-HEALING] Failed Locator: '//input[@type = 'submit']'.

2023-11-08 10:59:43 - [MESSAGE][INFO] - [SELF-HEALING] Failed Locator: '//input[@value='Find My Login Info']'.

2023-11-08 10:59:43 - [MESSAGE][INFO] - [SELF-HEALING] Failed Locator: '//form[@id='lookupForm']/table/tbody/tr[8]/td[2]/input'.

2023-11-08 10:59:43 - [MESSAGE][INFO] - [SELF-HEALING] Failed Locator: '//tr[8]/td[2]/input'.

2023-11-08 10:59:43 - [MESSAGE][INFO] - [SELF-HEALING] Failed Locator: '//input[@type = 'submit']'.

2023-11-08 10:59:43 - [MESSAGE][INFO] - [SELF-HEALING] Failed Locator: '//input[@value='Find My Login Info']'.

2023-11-08 10:59:43 - [MESSAGE][INFO] - [SELF-HEALING] Failed Locator: '//form[@id='lookupForm']/table/tbody/tr[8]/td[2]/input'.

2023-11-08 10:59:43 - [MESSAGE][INFO] - [SELF-HEALING] Failed Locator: '//tr[8]/td[2]/input'.

2023-11-08 10:59:43 - [MESSAGE][INFO] - [SELF-HEALING] Failed Locator: '//input[@type = 'submit']'.

2023-11-08 10:59:43 - [MESSAGE][INFO] - [SELF-HEALING] Failed Locator: '//input[@value='Find My Login Info']'.

2023-11-08 10:59:43 - [MESSAGE][INFO] - [SELF-HEALING] Failed Locator: '//form[@id='lookupForm']/table/tbody/tr[8]/td[2]/input'.

2023-11-08 10:59:43 - [MESSAGE][INFO] - [SELF-HEALING] Failed Locator: '//tr[8]/td[2]/input'.

2023-11-08 10:59:43 - [MESSAGE][INFO] - [SELF-HEALING] Failed Locator: '//input[@type = 'submit']'.

2023-11-08 10:59:43 - [MESSAGE][INFO] - [SELF-HEALING] Failed Locator: '//input[@value='Find My Login Info']'.

2023-11-08 10:59:43 - [MESSAGE][INFO] - [SELF-HEALING] Failed Locator: '//form[@id='lookupForm']/table/tbody/tr[8]/td[2]/input'.

2023-11-08 10:59:43 - [MESSAGE][INFO] - [SELF-HEALING] Failed Locator: '//tr[8]/td[2]/input'.

2023-11-08 10:59:43 - [MESSAGE][INFO] - [SELF-HEALING] Failed Locator: '//input[@type = 'submit']'.

2023-11-08 10:59:43 - [MESSAGE][INFO] - [SELF-HEALING] Failed Locator: '//input[@value='Find My Login Info']'.

2023-11-08 10:59:43 - [MESSAGE][INFO] - [SELF-HEALING] Failed Locator: '//form[@id='lookupForm']/table/tbody/tr[8]/td[2]/input'.

2023-11-08 10:59:43 - [MESSAGE][INFO] - [SELF-HEALING] Failed Locator: '//tr[8]/td[2]/input'.

2023-11-08 10:59:43 - [MESSAGE][INFO] - [SELF-HEALING] Failed Locator: '//input[@type = 'submit']'.

2023-11-08 10:59:43 - [MESSAGE][INFO] - [SELF-HEALING] Failed Locator: '//input[@value='Find My Login Info']'.

2023-11-08 10:59:43 - [MESSAGE][INFO] - [SELF-HEALING] Failed Locator: '//form[@id='lookupForm']/table/tbody/tr[8]/td[2]/input'.

2023-11-08 10:59:43 - [MESSAGE][INFO] - [SELF-HEALING] Failed Locator: '//tr[8]/td[2]/input'.

2023-11-08 10:59:43 - [MESSAGE][INFO] - [SELF-HEALING] Failed Locator: '//input[@type = 'submit']'.

2023-11-08 10:59:43 - [MESSAGE][INFO] - [SELF-HEALING] Failed Locator: '//input[@value='Find My Login Info']'.

2023-11-08 10:59:43 - [MESSAGE][INFO] - [SELF-HEALING] Failed Locator: '//form[@id='lookupForm']/table/tbody/tr[8]/td[2]/input'.

2023-11-08 10:59:43 - [MESSAGE][INFO] - [SELF-HEALING] Failed Locator: '//tr[8]/td[2]/input'.

2023-11-08 10:59:43 - [MESSAGE][INFO] - [SELF-HEALING] Failed Locator: '//input[@type = 'submit']'.

2023-11-08 10:59:44 - [MESSAGE][INFO] - Unable to find the element located by 'By.xpath: //*[@type = 'submit']'. Please recheck the objects properties to make sure the desired element is located. 

2023-11-08 10:59:45 - [MESSAGE][INFO] - Unable to find the element located by 'By.cssSelector: td:nth-of-type(2) > input.button'. Please recheck the objects properties to make sure the desired element is located. 

2023-11-08 10:59:45 - [MESSAGE][FAILED] - Unable to click on object 'Object Repository/Page_ParaBank_Customer_Lookup/btnFindMyLoginInfo' (Root cause: com.kms.katalon.core.exception.StepFailedException: Unable to click on object 'Object Repository/Page_ParaBank_Customer_Lookup/btnFindMyLoginInfo'
	at com.kms.katalon.core.webui.keyword.internal.WebUIKeywordMain.stepFailed(WebUIKeywordMain.groovy:64)
	at com.kms.katalon.core.webui.keyword.internal.WebUIKeywordMain.runKeyword(WebUIKeywordMain.groovy:26)
	at com.kms.katalon.core.webui.keyword.builtin.ClickKeyword.click(ClickKeyword.groovy:74)
	at com.kms.katalon.core.webui.keyword.builtin.ClickKeyword.execute(ClickKeyword.groovy:40)
	at com.kms.katalon.core.keyword.internal.KeywordExecutor.executeKeywordForPlatform(KeywordExecutor.groovy:74)
	at com.kms.katalon.core.webui.keyword.WebUiBuiltInKeywords.click(WebUiBuiltInKeywords.groovy:620)
	at MTC004 - Forgot login info unsuccessful.run(MTC004 - Forgot login info unsuccessful:38)
	at com.kms.katalon.core.main.ScriptEngine.run(ScriptEngine.java:194)
	at com.kms.katalon.core.main.ScriptEngine.runScriptAsRawText(ScriptEngine.java:119)
	at com.kms.katalon.core.main.TestCaseExecutor.runScript(TestCaseExecutor.java:448)
	at com.kms.katalon.core.main.TestCaseExecutor.doExecute(TestCaseExecutor.java:439)
	at com.kms.katalon.core.main.TestCaseExecutor.processExecutionPhase(TestCaseExecutor.java:418)
	at com.kms.katalon.core.main.TestCaseExecutor.accessMainPhase(TestCaseExecutor.java:410)
	at com.kms.katalon.core.main.TestCaseExecutor.execute(TestCaseExecutor.java:285)
	at com.kms.katalon.core.common.CommonExecutor.accessTestCaseMainPhase(CommonExecutor.java:65)
	at com.kms.katalon.core.main.TestSuiteExecutor.accessTestSuiteMainPhase(TestSuiteExecutor.java:148)
	at com.kms.katalon.core.main.TestSuiteExecutor.execute(TestSuiteExecutor.java:106)
	at com.kms.katalon.core.main.TestCaseMain.startTestSuite(TestCaseMain.java:187)
	at TempTestSuite1699458622452.run(TempTestSuite1699458622452.groovy:36)
	at java.base/jdk.internal.reflect.NativeMethodAccessorImpl.invoke0(Native Method)
	at java.base/jdk.internal.reflect.NativeMethodAccessorImpl.invoke(NativeMethodAccessorImpl.java:77)
	at java.base/jdk.internal.reflect.DelegatingMethodAccessorImpl.invoke(DelegatingMethodAccessorImpl.java:43)
Caused by: com.kms.katalon.core.webui.exception.WebElementNotFoundException: Web element with id: 'Object Repository/Page_ParaBank_Customer_Lookup/btnFindMyLoginInfo' located by '//input[@value='Find My Login Info']' not found
	at com.kms.katalon.core.webui.common.WebUiCommonHelper.findWebElement(WebUiCommonHelper.java:1379)
	at com.kms.katalon.core.webui.keyword.internal.WebUIAbstractKeyword.findWebElement(WebUIAbstractKeyword.groovy:27)
	at com.kms.katalon.core.webui.keyword.builtin.ClickKeyword$_click_closure1.doCall(ClickKeyword.groovy:65)
	at com.kms.katalon.core.webui.keyword.builtin.ClickKeyword$_click_closure1.call(ClickKeyword.groovy)
	at com.kms.katalon.core.webui.keyword.internal.WebUIKeywordMain.runKeyword(WebUIKeywordMain.groovy:20)
	at com.kms.katalon.core.webui.keyword.builtin.ClickKeyword.click(ClickKeyword.groovy:74)
	at com.kms.katalon.core.webui.keyword.builtin.ClickKeyword.execute(ClickKeyword.groovy:40)
	at com.kms.katalon.core.keyword.internal.KeywordExecutor.executeKeywordForPlatform(KeywordExecutor.groovy:74)
	at com.kms.katalon.core.webui.keyword.WebUiBuiltInKeywords.click(WebUiBuiltInKeywords.groovy:620)
	at Script1698861399744.run(Script1698861399744.groovy:38)
	... 15 more
)
[[ATTACHMENT|C:\\Users\\GKOKABAYEVA\\Katalon Studio\\Parabank\\Reports\\20231108_105022\\Smoke Test Suites\\STS002 - Login verification\\20231108_105022\\1699459185806.png]]

2023-11-08 10:59:45 - [TEST_STEP][FAILED] - verifyElementText(findTestObject("Object Repository/Page_ParaBank_Customer_Lookup/h1Error"), expectedErrorMessage): com.kms.katalon.core.webui.exception.WebElementNotFoundException: Web element with id: 'Object Repository/Page_ParaBank_Customer_Lookup/h1Error' located by '//div[@id='rightPanel']/h1' not found (Root cause: com.kms.katalon.core.exception.StepFailedException: com.kms.katalon.core.webui.exception.WebElementNotFoundException: Web element with id: 'Object Repository/Page_ParaBank_Customer_Lookup/h1Error' located by '//div[@id='rightPanel']/h1' not found
	at com.kms.katalon.core.webui.keyword.internal.WebUIKeywordMain.stepFailed(WebUIKeywordMain.groovy:64)
	at com.kms.katalon.core.webui.keyword.builtin.VerifyElementTextKeyword$_verifyElementText_closure1.doCall(VerifyElementTextKeyword.groovy:64)
	at com.kms.katalon.core.webui.keyword.builtin.VerifyElementTextKeyword$_verifyElementText_closure1.call(VerifyElementTextKeyword.groovy)
	at com.kms.katalon.core.webui.keyword.internal.WebUIKeywordMain.runKeyword(WebUIKeywordMain.groovy:20)
	at com.kms.katalon.core.webui.keyword.builtin.VerifyElementTextKeyword.verifyElementText(VerifyElementTextKeyword.groovy:72)
	at com.kms.katalon.core.webui.keyword.builtin.VerifyElementTextKeyword.execute(VerifyElementTextKeyword.groovy:40)
	at com.kms.katalon.core.keyword.internal.KeywordExecutor.executeKeywordForPlatform(KeywordExecutor.groovy:74)
	at com.kms.katalon.core.webui.keyword.WebUiBuiltInKeywords.verifyElementText(WebUiBuiltInKeywords.groovy:4796)
	at MTC004 - Forgot login info unsuccessful.run(MTC004 - Forgot login info unsuccessful:40)
	at com.kms.katalon.core.main.ScriptEngine.run(ScriptEngine.java:194)
	at com.kms.katalon.core.main.ScriptEngine.runScriptAsRawText(ScriptEngine.java:119)
	at com.kms.katalon.core.main.TestCaseExecutor.runScript(TestCaseExecutor.java:448)
	at com.kms.katalon.core.main.TestCaseExecutor.doExecute(TestCaseExecutor.java:439)
	at com.kms.katalon.core.main.TestCaseExecutor.processExecutionPhase(TestCaseExecutor.java:418)
	at com.kms.katalon.core.main.TestCaseExecutor.accessMainPhase(TestCaseExecutor.java:410)
	at com.kms.katalon.core.main.TestCaseExecutor.execute(TestCaseExecutor.java:285)
	at com.kms.katalon.core.common.CommonExecutor.accessTestCaseMainPhase(CommonExecutor.java:65)
	at com.kms.katalon.core.main.TestSuiteExecutor.accessTestSuiteMainPhase(TestSuiteExecutor.java:148)
	at com.kms.katalon.core.main.TestSuiteExecutor.execute(TestSuiteExecutor.java:106)
	at com.kms.katalon.core.main.TestCaseMain.startTestSuite(TestCaseMain.java:187)
	at TempTestSuite1699458622452.run(TempTestSuite1699458622452.groovy:36)
	at java.base/jdk.internal.reflect.NativeMethodAccessorImpl.invoke0(Native Method)
	at java.base/jdk.internal.reflect.NativeMethodAccessorImpl.invoke(NativeMethodAccessorImpl.java:77)
	at java.base/jdk.internal.reflect.DelegatingMethodAccessorImpl.invoke(DelegatingMethodAccessorImpl.java:43)
)

2023-11-08 11:00:16 - [MESSAGE][INFO] - Unable to find the element located by 'By.xpath: //div[@id='rightPanel']/h1'. Please recheck the objects properties to make sure the desired element is located. 

2023-11-08 11:00:16 - [MESSAGE][WARNING] - [SELF-HEALING] Failed to find element with id 'Object Repository/Page_ParaBank_Customer_Lookup/h1Error'. Try using Self-healing.

2023-11-08 11:00:16 - [MESSAGE][INFO] - [SELF-HEALING] Failed Locator: '//div[@id='rightPanel']/h1'.

2023-11-08 11:00:16 - [MESSAGE][INFO] - [SELF-HEALING] Failed Locator: '//h1'.

2023-11-08 11:00:16 - [MESSAGE][INFO] - [SELF-HEALING] Failed Locator: '//h1[(text() = 'Error!' or . = 'Error!')]'.

2023-11-08 11:00:17 - [MESSAGE][INFO] - [SELF-HEALING] Failed Locator: '//div[@id='rightPanel']/h1'.

2023-11-08 11:00:17 - [MESSAGE][INFO] - [SELF-HEALING] Failed Locator: '//h1'.

2023-11-08 11:00:17 - [MESSAGE][INFO] - [SELF-HEALING] Failed Locator: '//h1[(text() = 'Error!' or . = 'Error!')]'.

2023-11-08 11:00:17 - [MESSAGE][INFO] - [SELF-HEALING] Failed Locator: '//div[@id='rightPanel']/h1'.

2023-11-08 11:00:17 - [MESSAGE][INFO] - [SELF-HEALING] Failed Locator: '//h1'.

2023-11-08 11:00:17 - [MESSAGE][INFO] - [SELF-HEALING] Failed Locator: '//h1[(text() = 'Error!' or . = 'Error!')]'.

2023-11-08 11:00:17 - [MESSAGE][INFO] - [SELF-HEALING] Failed Locator: '//div[@id='rightPanel']/h1'.

2023-11-08 11:00:17 - [MESSAGE][INFO] - [SELF-HEALING] Failed Locator: '//h1'.

2023-11-08 11:00:17 - [MESSAGE][INFO] - [SELF-HEALING] Failed Locator: '//h1[(text() = 'Error!' or . = 'Error!')]'.

2023-11-08 11:00:17 - [MESSAGE][INFO] - [SELF-HEALING] Failed Locator: '//div[@id='rightPanel']/h1'.

2023-11-08 11:00:17 - [MESSAGE][INFO] - [SELF-HEALING] Failed Locator: '//h1'.

2023-11-08 11:00:17 - [MESSAGE][INFO] - [SELF-HEALING] Failed Locator: '//h1[(text() = 'Error!' or . = 'Error!')]'.

2023-11-08 11:00:17 - [MESSAGE][INFO] - [SELF-HEALING] Failed Locator: '//div[@id='rightPanel']/h1'.

2023-11-08 11:00:17 - [MESSAGE][INFO] - [SELF-HEALING] Failed Locator: '//h1'.

2023-11-08 11:00:17 - [MESSAGE][INFO] - [SELF-HEALING] Failed Locator: '//h1[(text() = 'Error!' or . = 'Error!')]'.

2023-11-08 11:00:17 - [MESSAGE][INFO] - [SELF-HEALING] Failed Locator: '//div[@id='rightPanel']/h1'.

2023-11-08 11:00:17 - [MESSAGE][INFO] - [SELF-HEALING] Failed Locator: '//h1'.

2023-11-08 11:00:17 - [MESSAGE][INFO] - [SELF-HEALING] Failed Locator: '//h1[(text() = 'Error!' or . = 'Error!')]'.

2023-11-08 11:00:17 - [MESSAGE][INFO] - [SELF-HEALING] Failed Locator: '//div[@id='rightPanel']/h1'.

2023-11-08 11:00:17 - [MESSAGE][INFO] - [SELF-HEALING] Failed Locator: '//h1'.

2023-11-08 11:00:17 - [MESSAGE][INFO] - [SELF-HEALING] Failed Locator: '//h1[(text() = 'Error!' or . = 'Error!')]'.

2023-11-08 11:00:17 - [MESSAGE][INFO] - [SELF-HEALING] Failed Locator: '//div[@id='rightPanel']/h1'.

2023-11-08 11:00:17 - [MESSAGE][INFO] - [SELF-HEALING] Failed Locator: '//h1'.

2023-11-08 11:00:17 - [MESSAGE][INFO] - [SELF-HEALING] Failed Locator: '//h1[(text() = 'Error!' or . = 'Error!')]'.

2023-11-08 11:00:17 - [MESSAGE][INFO] - [SELF-HEALING] Failed Locator: '//div[@id='rightPanel']/h1'.

2023-11-08 11:00:17 - [MESSAGE][INFO] - [SELF-HEALING] Failed Locator: '//h1'.

2023-11-08 11:00:17 - [MESSAGE][INFO] - [SELF-HEALING] Failed Locator: '//h1[(text() = 'Error!' or . = 'Error!')]'.

2023-11-08 11:00:17 - [MESSAGE][INFO] - [SELF-HEALING] Failed Locator: '//div[@id='rightPanel']/h1'.

2023-11-08 11:00:17 - [MESSAGE][INFO] - [SELF-HEALING] Failed Locator: '//h1'.

2023-11-08 11:00:17 - [MESSAGE][INFO] - [SELF-HEALING] Failed Locator: '//h1[(text() = 'Error!' or . = 'Error!')]'.

2023-11-08 11:00:17 - [MESSAGE][INFO] - [SELF-HEALING] Failed Locator: '//div[@id='rightPanel']/h1'.

2023-11-08 11:00:17 - [MESSAGE][INFO] - [SELF-HEALING] Failed Locator: '//h1'.

2023-11-08 11:00:17 - [MESSAGE][INFO] - [SELF-HEALING] Failed Locator: '//h1[(text() = 'Error!' or . = 'Error!')]'.

2023-11-08 11:00:17 - [MESSAGE][INFO] - [SELF-HEALING] Failed Locator: '//div[@id='rightPanel']/h1'.

2023-11-08 11:00:17 - [MESSAGE][INFO] - [SELF-HEALING] Failed Locator: '//h1'.

2023-11-08 11:00:17 - [MESSAGE][INFO] - [SELF-HEALING] Failed Locator: '//h1[(text() = 'Error!' or . = 'Error!')]'.

2023-11-08 11:00:17 - [MESSAGE][INFO] - [SELF-HEALING] Failed Locator: '//div[@id='rightPanel']/h1'.

2023-11-08 11:00:17 - [MESSAGE][INFO] - [SELF-HEALING] Failed Locator: '//h1'.

2023-11-08 11:00:17 - [MESSAGE][INFO] - [SELF-HEALING] Failed Locator: '//h1[(text() = 'Error!' or . = 'Error!')]'.

2023-11-08 11:00:17 - [MESSAGE][INFO] - [SELF-HEALING] Failed Locator: '//div[@id='rightPanel']/h1'.

2023-11-08 11:00:17 - [MESSAGE][INFO] - [SELF-HEALING] Failed Locator: '//h1'.

2023-11-08 11:00:17 - [MESSAGE][INFO] - [SELF-HEALING] Failed Locator: '//h1[(text() = 'Error!' or . = 'Error!')]'.

2023-11-08 11:00:17 - [MESSAGE][INFO] - [SELF-HEALING] Failed Locator: '//div[@id='rightPanel']/h1'.

2023-11-08 11:00:17 - [MESSAGE][INFO] - [SELF-HEALING] Failed Locator: '//h1'.

2023-11-08 11:00:17 - [MESSAGE][INFO] - [SELF-HEALING] Failed Locator: '//h1[(text() = 'Error!' or . = 'Error!')]'.

2023-11-08 11:00:17 - [MESSAGE][INFO] - [SELF-HEALING] Failed Locator: '//div[@id='rightPanel']/h1'.

2023-11-08 11:00:17 - [MESSAGE][INFO] - [SELF-HEALING] Failed Locator: '//h1'.

2023-11-08 11:00:17 - [MESSAGE][INFO] - [SELF-HEALING] Failed Locator: '//h1[(text() = 'Error!' or . = 'Error!')]'.

2023-11-08 11:00:18 - [MESSAGE][INFO] - Unable to find the element located by 'By.xpath: //*[(text() = 'Error!' or . = 'Error!')]'. Please recheck the objects properties to make sure the desired element is located. 

2023-11-08 11:00:19 - [MESSAGE][INFO] - Unable to find the element located by 'By.cssSelector: h1.title'. Please recheck the objects properties to make sure the desired element is located. 

2023-11-08 11:00:20 - [MESSAGE][FAILED] - com.kms.katalon.core.webui.exception.WebElementNotFoundException: Web element with id: 'Object Repository/Page_ParaBank_Customer_Lookup/h1Error' located by '//div[@id='rightPanel']/h1' not found (Root cause: com.kms.katalon.core.exception.StepFailedException: com.kms.katalon.core.webui.exception.WebElementNotFoundException: Web element with id: 'Object Repository/Page_ParaBank_Customer_Lookup/h1Error' located by '//div[@id='rightPanel']/h1' not found
	at com.kms.katalon.core.webui.keyword.internal.WebUIKeywordMain.stepFailed(WebUIKeywordMain.groovy:64)
	at com.kms.katalon.core.webui.keyword.builtin.VerifyElementTextKeyword$_verifyElementText_closure1.doCall(VerifyElementTextKeyword.groovy:64)
	at com.kms.katalon.core.webui.keyword.builtin.VerifyElementTextKeyword$_verifyElementText_closure1.call(VerifyElementTextKeyword.groovy)
	at com.kms.katalon.core.webui.keyword.internal.WebUIKeywordMain.runKeyword(WebUIKeywordMain.groovy:20)
	at com.kms.katalon.core.webui.keyword.builtin.VerifyElementTextKeyword.verifyElementText(VerifyElementTextKeyword.groovy:72)
	at com.kms.katalon.core.webui.keyword.builtin.VerifyElementTextKeyword.execute(VerifyElementTextKeyword.groovy:40)
	at com.kms.katalon.core.keyword.internal.KeywordExecutor.executeKeywordForPlatform(KeywordExecutor.groovy:74)
	at com.kms.katalon.core.webui.keyword.WebUiBuiltInKeywords.verifyElementText(WebUiBuiltInKeywords.groovy:4796)
	at MTC004 - Forgot login info unsuccessful.run(MTC004 - Forgot login info unsuccessful:40)
	at com.kms.katalon.core.main.ScriptEngine.run(ScriptEngine.java:194)
	at com.kms.katalon.core.main.ScriptEngine.runScriptAsRawText(ScriptEngine.java:119)
	at com.kms.katalon.core.main.TestCaseExecutor.runScript(TestCaseExecutor.java:448)
	at com.kms.katalon.core.main.TestCaseExecutor.doExecute(TestCaseExecutor.java:439)
	at com.kms.katalon.core.main.TestCaseExecutor.processExecutionPhase(TestCaseExecutor.java:418)
	at com.kms.katalon.core.main.TestCaseExecutor.accessMainPhase(TestCaseExecutor.java:410)
	at com.kms.katalon.core.main.TestCaseExecutor.execute(TestCaseExecutor.java:285)
	at com.kms.katalon.core.common.CommonExecutor.accessTestCaseMainPhase(CommonExecutor.java:65)
	at com.kms.katalon.core.main.TestSuiteExecutor.accessTestSuiteMainPhase(TestSuiteExecutor.java:148)
	at com.kms.katalon.core.main.TestSuiteExecutor.execute(TestSuiteExecutor.java:106)
	at com.kms.katalon.core.main.TestCaseMain.startTestSuite(TestCaseMain.java:187)
	at TempTestSuite1699458622452.run(TempTestSuite1699458622452.groovy:36)
	at java.base/jdk.internal.reflect.NativeMethodAccessorImpl.invoke0(Native Method)
	at java.base/jdk.internal.reflect.NativeMethodAccessorImpl.invoke(NativeMethodAccessorImpl.java:77)
	at java.base/jdk.internal.reflect.DelegatingMethodAccessorImpl.invoke(DelegatingMethodAccessorImpl.java:43)
)
[[ATTACHMENT|C:\\Users\\GKOKABAYEVA\\Katalon Studio\\Parabank\\Reports\\20231108_105022\\Smoke Test Suites\\STS002 - Login verification\\20231108_105022\\1699459219988.png]]

2023-11-08 11:00:20 - [TEST_STEP][FAILED] - verifyElementText(findTestObject("Object Repository/Page_ParaBank_Customer_Lookup/lblLoginInfoLookUpFailure"), expectedCustomerLookupFailureText): com.kms.katalon.core.webui.exception.WebElementNotFoundException: Web element with id: 'Object Repository/Page_ParaBank_Customer_Lookup/lblLoginInfoLookUpFailure' located by '//div[@id='rightPanel']/p' not found (Root cause: com.kms.katalon.core.exception.StepFailedException: com.kms.katalon.core.webui.exception.WebElementNotFoundException: Web element with id: 'Object Repository/Page_ParaBank_Customer_Lookup/lblLoginInfoLookUpFailure' located by '//div[@id='rightPanel']/p' not found
	at com.kms.katalon.core.webui.keyword.internal.WebUIKeywordMain.stepFailed(WebUIKeywordMain.groovy:64)
	at com.kms.katalon.core.webui.keyword.builtin.VerifyElementTextKeyword$_verifyElementText_closure1.doCall(VerifyElementTextKeyword.groovy:64)
	at com.kms.katalon.core.webui.keyword.builtin.VerifyElementTextKeyword$_verifyElementText_closure1.call(VerifyElementTextKeyword.groovy)
	at com.kms.katalon.core.webui.keyword.internal.WebUIKeywordMain.runKeyword(WebUIKeywordMain.groovy:20)
	at com.kms.katalon.core.webui.keyword.builtin.VerifyElementTextKeyword.verifyElementText(VerifyElementTextKeyword.groovy:72)
	at com.kms.katalon.core.webui.keyword.builtin.VerifyElementTextKeyword.execute(VerifyElementTextKeyword.groovy:40)
	at com.kms.katalon.core.keyword.internal.KeywordExecutor.executeKeywordForPlatform(KeywordExecutor.groovy:74)
	at com.kms.katalon.core.webui.keyword.WebUiBuiltInKeywords.verifyElementText(WebUiBuiltInKeywords.groovy:4796)
	at MTC004 - Forgot login info unsuccessful.run(MTC004 - Forgot login info unsuccessful:42)
	at com.kms.katalon.core.main.ScriptEngine.run(ScriptEngine.java:194)
	at com.kms.katalon.core.main.ScriptEngine.runScriptAsRawText(ScriptEngine.java:119)
	at com.kms.katalon.core.main.TestCaseExecutor.runScript(TestCaseExecutor.java:448)
	at com.kms.katalon.core.main.TestCaseExecutor.doExecute(TestCaseExecutor.java:439)
	at com.kms.katalon.core.main.TestCaseExecutor.processExecutionPhase(TestCaseExecutor.java:418)
	at com.kms.katalon.core.main.TestCaseExecutor.accessMainPhase(TestCaseExecutor.java:410)
	at com.kms.katalon.core.main.TestCaseExecutor.execute(TestCaseExecutor.java:285)
	at com.kms.katalon.core.common.CommonExecutor.accessTestCaseMainPhase(CommonExecutor.java:65)
	at com.kms.katalon.core.main.TestSuiteExecutor.accessTestSuiteMainPhase(TestSuiteExecutor.java:148)
	at com.kms.katalon.core.main.TestSuiteExecutor.execute(TestSuiteExecutor.java:106)
	at com.kms.katalon.core.main.TestCaseMain.startTestSuite(TestCaseMain.java:187)
	at TempTestSuite1699458622452.run(TempTestSuite1699458622452.groovy:36)
	at java.base/jdk.internal.reflect.NativeMethodAccessorImpl.invoke0(Native Method)
	at java.base/jdk.internal.reflect.NativeMethodAccessorImpl.invoke(NativeMethodAccessorImpl.java:77)
	at java.base/jdk.internal.reflect.DelegatingMethodAccessorImpl.invoke(DelegatingMethodAccessorImpl.java:43)
)

2023-11-08 11:00:51 - [MESSAGE][INFO] - Unable to find the element located by 'By.xpath: //div[@id='rightPanel']/p'. Please recheck the objects properties to make sure the desired element is located. 

2023-11-08 11:00:51 - [MESSAGE][WARNING] - [SELF-HEALING] Failed to find element with id 'Object Repository/Page_ParaBank_Customer_Lookup/lblLoginInfoLookUpFailure'. Try using Self-healing.

2023-11-08 11:00:51 - [MESSAGE][INFO] - [SELF-HEALING] Failed Locator: '//div[@id='rightPanel']/p'.

2023-11-08 11:00:51 - [MESSAGE][INFO] - [SELF-HEALING] Failed Locator: '//div[2]/p'.

2023-11-08 11:00:51 - [MESSAGE][INFO] - [SELF-HEALING] Failed Locator: '//p[(text() = 'The customer information provided could not be found.' or . = 'The customer information provided could not be found.')]'.

2023-11-08 11:00:51 - [MESSAGE][INFO] - [SELF-HEALING] Failed Locator: '//div[@id='rightPanel']/p'.

2023-11-08 11:00:51 - [MESSAGE][INFO] - [SELF-HEALING] Failed Locator: '//div[2]/p'.

2023-11-08 11:00:51 - [MESSAGE][INFO] - [SELF-HEALING] Failed Locator: '//p[(text() = 'The customer information provided could not be found.' or . = 'The customer information provided could not be found.')]'.

2023-11-08 11:00:51 - [MESSAGE][INFO] - [SELF-HEALING] Failed Locator: '//div[@id='rightPanel']/p'.

2023-11-08 11:00:51 - [MESSAGE][INFO] - [SELF-HEALING] Failed Locator: '//div[2]/p'.

2023-11-08 11:00:51 - [MESSAGE][INFO] - [SELF-HEALING] Failed Locator: '//p[(text() = 'The customer information provided could not be found.' or . = 'The customer information provided could not be found.')]'.

2023-11-08 11:00:51 - [MESSAGE][INFO] - [SELF-HEALING] Failed Locator: '//div[@id='rightPanel']/p'.

2023-11-08 11:00:51 - [MESSAGE][INFO] - [SELF-HEALING] Failed Locator: '//div[2]/p'.

2023-11-08 11:00:51 - [MESSAGE][INFO] - [SELF-HEALING] Failed Locator: '//p[(text() = 'The customer information provided could not be found.' or . = 'The customer information provided could not be found.')]'.

2023-11-08 11:00:51 - [MESSAGE][INFO] - [SELF-HEALING] Failed Locator: '//div[@id='rightPanel']/p'.

2023-11-08 11:00:51 - [MESSAGE][INFO] - [SELF-HEALING] Failed Locator: '//div[2]/p'.

2023-11-08 11:00:51 - [MESSAGE][INFO] - [SELF-HEALING] Failed Locator: '//p[(text() = 'The customer information provided could not be found.' or . = 'The customer information provided could not be found.')]'.

2023-11-08 11:00:51 - [MESSAGE][INFO] - [SELF-HEALING] Failed Locator: '//div[@id='rightPanel']/p'.

2023-11-08 11:00:51 - [MESSAGE][INFO] - [SELF-HEALING] Failed Locator: '//div[2]/p'.

2023-11-08 11:00:51 - [MESSAGE][INFO] - [SELF-HEALING] Failed Locator: '//p[(text() = 'The customer information provided could not be found.' or . = 'The customer information provided could not be found.')]'.

2023-11-08 11:00:51 - [MESSAGE][INFO] - [SELF-HEALING] Failed Locator: '//div[@id='rightPanel']/p'.

2023-11-08 11:00:51 - [MESSAGE][INFO] - [SELF-HEALING] Failed Locator: '//div[2]/p'.

2023-11-08 11:00:51 - [MESSAGE][INFO] - [SELF-HEALING] Failed Locator: '//p[(text() = 'The customer information provided could not be found.' or . = 'The customer information provided could not be found.')]'.

2023-11-08 11:00:51 - [MESSAGE][INFO] - [SELF-HEALING] Failed Locator: '//div[@id='rightPanel']/p'.

2023-11-08 11:00:51 - [MESSAGE][INFO] - [SELF-HEALING] Failed Locator: '//div[2]/p'.

2023-11-08 11:00:51 - [MESSAGE][INFO] - [SELF-HEALING] Failed Locator: '//p[(text() = 'The customer information provided could not be found.' or . = 'The customer information provided could not be found.')]'.

2023-11-08 11:00:51 - [MESSAGE][INFO] - [SELF-HEALING] Failed Locator: '//div[@id='rightPanel']/p'.

2023-11-08 11:00:51 - [MESSAGE][INFO] - [SELF-HEALING] Failed Locator: '//div[2]/p'.

2023-11-08 11:00:51 - [MESSAGE][INFO] - [SELF-HEALING] Failed Locator: '//p[(text() = 'The customer information provided could not be found.' or . = 'The customer information provided could not be found.')]'.

2023-11-08 11:00:51 - [MESSAGE][INFO] - [SELF-HEALING] Failed Locator: '//div[@id='rightPanel']/p'.

2023-11-08 11:00:51 - [MESSAGE][INFO] - [SELF-HEALING] Failed Locator: '//div[2]/p'.

2023-11-08 11:00:51 - [MESSAGE][INFO] - [SELF-HEALING] Failed Locator: '//p[(text() = 'The customer information provided could not be found.' or . = 'The customer information provided could not be found.')]'.

2023-11-08 11:00:51 - [MESSAGE][INFO] - [SELF-HEALING] Failed Locator: '//div[@id='rightPanel']/p'.

2023-11-08 11:00:51 - [MESSAGE][INFO] - [SELF-HEALING] Failed Locator: '//div[2]/p'.

2023-11-08 11:00:51 - [MESSAGE][INFO] - [SELF-HEALING] Failed Locator: '//p[(text() = 'The customer information provided could not be found.' or . = 'The customer information provided could not be found.')]'.

2023-11-08 11:00:51 - [MESSAGE][INFO] - [SELF-HEALING] Failed Locator: '//div[@id='rightPanel']/p'.

2023-11-08 11:00:51 - [MESSAGE][INFO] - [SELF-HEALING] Failed Locator: '//div[2]/p'.

2023-11-08 11:00:51 - [MESSAGE][INFO] - [SELF-HEALING] Failed Locator: '//p[(text() = 'The customer information provided could not be found.' or . = 'The customer information provided could not be found.')]'.

2023-11-08 11:00:51 - [MESSAGE][INFO] - [SELF-HEALING] Failed Locator: '//div[@id='rightPanel']/p'.

2023-11-08 11:00:51 - [MESSAGE][INFO] - [SELF-HEALING] Failed Locator: '//div[2]/p'.

2023-11-08 11:00:51 - [MESSAGE][INFO] - [SELF-HEALING] Failed Locator: '//p[(text() = 'The customer information provided could not be found.' or . = 'The customer information provided could not be found.')]'.

2023-11-08 11:00:51 - [MESSAGE][INFO] - [SELF-HEALING] Failed Locator: '//div[@id='rightPanel']/p'.

2023-11-08 11:00:51 - [MESSAGE][INFO] - [SELF-HEALING] Failed Locator: '//div[2]/p'.

2023-11-08 11:00:51 - [MESSAGE][INFO] - [SELF-HEALING] Failed Locator: '//p[(text() = 'The customer information provided could not be found.' or . = 'The customer information provided could not be found.')]'.

2023-11-08 11:00:51 - [MESSAGE][INFO] - [SELF-HEALING] Failed Locator: '//div[@id='rightPanel']/p'.

2023-11-08 11:00:51 - [MESSAGE][INFO] - [SELF-HEALING] Failed Locator: '//div[2]/p'.

2023-11-08 11:00:51 - [MESSAGE][INFO] - [SELF-HEALING] Failed Locator: '//p[(text() = 'The customer information provided could not be found.' or . = 'The customer information provided could not be found.')]'.

2023-11-08 11:00:51 - [MESSAGE][INFO] - [SELF-HEALING] Failed Locator: '//div[@id='rightPanel']/p'.

2023-11-08 11:00:51 - [MESSAGE][INFO] - [SELF-HEALING] Failed Locator: '//div[2]/p'.

2023-11-08 11:00:51 - [MESSAGE][INFO] - [SELF-HEALING] Failed Locator: '//p[(text() = 'The customer information provided could not be found.' or . = 'The customer information provided could not be found.')]'.

2023-11-08 11:00:51 - [MESSAGE][INFO] - [SELF-HEALING] Failed Locator: '//div[@id='rightPanel']/p'.

2023-11-08 11:00:51 - [MESSAGE][INFO] - [SELF-HEALING] Failed Locator: '//div[2]/p'.

2023-11-08 11:00:52 - [MESSAGE][INFO] - [SELF-HEALING] Failed Locator: '//p[(text() = 'The customer information provided could not be found.' or . = 'The customer information provided could not be found.')]'.

2023-11-08 11:00:52 - [MESSAGE][INFO] - [SELF-HEALING] Failed Locator: '//div[@id='rightPanel']/p'.

2023-11-08 11:00:52 - [MESSAGE][INFO] - [SELF-HEALING] Failed Locator: '//div[2]/p'.

2023-11-08 11:00:52 - [MESSAGE][INFO] - [SELF-HEALING] Failed Locator: '//p[(text() = 'The customer information provided could not be found.' or . = 'The customer information provided could not be found.')]'.

2023-11-08 11:00:52 - [MESSAGE][INFO] - [SELF-HEALING] Failed Locator: '//div[@id='rightPanel']/p'.

2023-11-08 11:00:52 - [MESSAGE][INFO] - [SELF-HEALING] Failed Locator: '//div[2]/p'.

2023-11-08 11:00:52 - [MESSAGE][INFO] - [SELF-HEALING] Failed Locator: '//p[(text() = 'The customer information provided could not be found.' or . = 'The customer information provided could not be found.')]'.

2023-11-08 11:00:52 - [MESSAGE][INFO] - [SELF-HEALING] Failed Locator: '//div[@id='rightPanel']/p'.

2023-11-08 11:00:52 - [MESSAGE][INFO] - [SELF-HEALING] Failed Locator: '//div[2]/p'.

2023-11-08 11:00:52 - [MESSAGE][INFO] - [SELF-HEALING] Failed Locator: '//p[(text() = 'The customer information provided could not be found.' or . = 'The customer information provided could not be found.')]'.

2023-11-08 11:00:53 - [MESSAGE][INFO] - Unable to find the element located by 'By.xpath: //*[(text() = 'The customer information provided could not be found.' or . = 'The customer information provided could not be found.')]'. Please recheck the objects properties to make sure the desired element is located. 

2023-11-08 11:00:54 - [MESSAGE][INFO] - Unable to find the element located by 'By.cssSelector: p.error'. Please recheck the objects properties to make sure the desired element is located. 

2023-11-08 11:00:54 - [MESSAGE][FAILED] - com.kms.katalon.core.webui.exception.WebElementNotFoundException: Web element with id: 'Object Repository/Page_ParaBank_Customer_Lookup/lblLoginInfoLookUpFailure' located by '//div[@id='rightPanel']/p' not found (Root cause: com.kms.katalon.core.exception.StepFailedException: com.kms.katalon.core.webui.exception.WebElementNotFoundException: Web element with id: 'Object Repository/Page_ParaBank_Customer_Lookup/lblLoginInfoLookUpFailure' located by '//div[@id='rightPanel']/p' not found
	at com.kms.katalon.core.webui.keyword.internal.WebUIKeywordMain.stepFailed(WebUIKeywordMain.groovy:64)
	at com.kms.katalon.core.webui.keyword.builtin.VerifyElementTextKeyword$_verifyElementText_closure1.doCall(VerifyElementTextKeyword.groovy:64)
	at com.kms.katalon.core.webui.keyword.builtin.VerifyElementTextKeyword$_verifyElementText_closure1.call(VerifyElementTextKeyword.groovy)
	at com.kms.katalon.core.webui.keyword.internal.WebUIKeywordMain.runKeyword(WebUIKeywordMain.groovy:20)
	at com.kms.katalon.core.webui.keyword.builtin.VerifyElementTextKeyword.verifyElementText(VerifyElementTextKeyword.groovy:72)
	at com.kms.katalon.core.webui.keyword.builtin.VerifyElementTextKeyword.execute(VerifyElementTextKeyword.groovy:40)
	at com.kms.katalon.core.keyword.internal.KeywordExecutor.executeKeywordForPlatform(KeywordExecutor.groovy:74)
	at com.kms.katalon.core.webui.keyword.WebUiBuiltInKeywords.verifyElementText(WebUiBuiltInKeywords.groovy:4796)
	at MTC004 - Forgot login info unsuccessful.run(MTC004 - Forgot login info unsuccessful:42)
	at com.kms.katalon.core.main.ScriptEngine.run(ScriptEngine.java:194)
	at com.kms.katalon.core.main.ScriptEngine.runScriptAsRawText(ScriptEngine.java:119)
	at com.kms.katalon.core.main.TestCaseExecutor.runScript(TestCaseExecutor.java:448)
	at com.kms.katalon.core.main.TestCaseExecutor.doExecute(TestCaseExecutor.java:439)
	at com.kms.katalon.core.main.TestCaseExecutor.processExecutionPhase(TestCaseExecutor.java:418)
	at com.kms.katalon.core.main.TestCaseExecutor.accessMainPhase(TestCaseExecutor.java:410)
	at com.kms.katalon.core.main.TestCaseExecutor.execute(TestCaseExecutor.java:285)
	at com.kms.katalon.core.common.CommonExecutor.accessTestCaseMainPhase(CommonExecutor.java:65)
	at com.kms.katalon.core.main.TestSuiteExecutor.accessTestSuiteMainPhase(TestSuiteExecutor.java:148)
	at com.kms.katalon.core.main.TestSuiteExecutor.execute(TestSuiteExecutor.java:106)
	at com.kms.katalon.core.main.TestCaseMain.startTestSuite(TestCaseMain.java:187)
	at TempTestSuite1699458622452.run(TempTestSuite1699458622452.groovy:36)
	at java.base/jdk.internal.reflect.NativeMethodAccessorImpl.invoke0(Native Method)
	at java.base/jdk.internal.reflect.NativeMethodAccessorImpl.invoke(NativeMethodAccessorImpl.java:77)
	at java.base/jdk.internal.reflect.DelegatingMethodAccessorImpl.invoke(DelegatingMethodAccessorImpl.java:43)
)
[[ATTACHMENT|C:\\Users\\GKOKABAYEVA\\Katalon Studio\\Parabank\\Reports\\20231108_105022\\Smoke Test Suites\\STS002 - Login verification\\20231108_105022\\1699459254180.png]]

2023-11-08 11:00:54 - [TEST_STEP][PASSED] - closeBrowser(): Browser is closed

2023-11-08 11:00:54 - [MESSAGE][PASSED] - Browser is closed]]></system-out>
         <system-err><![CDATA[2023-11-08 10:58:34 - [TEST_CASE][FAILED] - Test Cases/Main Test Cases/MTC004 - Forgot login info unsuccessful: Test Cases/Main Test Cases/MTC004 - Forgot login info unsuccessful FAILED.
Reason:
com.kms.katalon.core.exception.StepFailedException: Unable to click on object 'Object Repository/Page_ParaBank  Welcome  Online Banking/lkForgotLoginInfo' (Root cause: com.kms.katalon.core.exception.StepFailedException: Unable to click on object 'Object Repository/Page_ParaBank  Welcome  Online Banking/lkForgotLoginInfo'
	at com.kms.katalon.core.webui.keyword.internal.WebUIKeywordMain.stepFailed(WebUIKeywordMain.groovy:64)
	at com.kms.katalon.core.webui.keyword.internal.WebUIKeywordMain.runKeyword(WebUIKeywordMain.groovy:26)
	at com.kms.katalon.core.webui.keyword.builtin.ClickKeyword.click(ClickKeyword.groovy:74)
	at com.kms.katalon.core.webui.keyword.builtin.ClickKeyword.execute(ClickKeyword.groovy:40)
	at com.kms.katalon.core.keyword.internal.KeywordExecutor.executeKeywordForPlatform(KeywordExecutor.groovy:74)
	at com.kms.katalon.core.webui.keyword.WebUiBuiltInKeywords.click(WebUiBuiltInKeywords.groovy:620)
	at MTC004 - Forgot login info unsuccessful.run(MTC004 - Forgot login info unsuccessful:22)
	at com.kms.katalon.core.main.ScriptEngine.run(ScriptEngine.java:194)
	at com.kms.katalon.core.main.ScriptEngine.runScriptAsRawText(ScriptEngine.java:119)
	at com.kms.katalon.core.main.TestCaseExecutor.runScript(TestCaseExecutor.java:448)
	at com.kms.katalon.core.main.TestCaseExecutor.doExecute(TestCaseExecutor.java:439)
	at com.kms.katalon.core.main.TestCaseExecutor.processExecutionPhase(TestCaseExecutor.java:418)
	at com.kms.katalon.core.main.TestCaseExecutor.accessMainPhase(TestCaseExecutor.java:410)
	at com.kms.katalon.core.main.TestCaseExecutor.execute(TestCaseExecutor.java:285)
	at com.kms.katalon.core.common.CommonExecutor.accessTestCaseMainPhase(CommonExecutor.java:65)
	at com.kms.katalon.core.main.TestSuiteExecutor.accessTestSuiteMainPhase(TestSuiteExecutor.java:148)
	at com.kms.katalon.core.main.TestSuiteExecutor.execute(TestSuiteExecutor.java:106)
	at com.kms.katalon.core.main.TestCaseMain.startTestSuite(TestCaseMain.java:187)
	at TempTestSuite1699458622452.run(TempTestSuite1699458622452.groovy:36)
	at java.base/jdk.internal.reflect.NativeMethodAccessorImpl.invoke0(Native Method)
	at java.base/jdk.internal.reflect.NativeMethodAccessorImpl.invoke(NativeMethodAccessorImpl.java:77)
	at java.base/jdk.internal.reflect.DelegatingMethodAccessorImpl.invoke(DelegatingMethodAccessorImpl.java:43)
Caused by: com.kms.katalon.core.webui.exception.WebElementNotFoundException: Web element with id: 'Object Repository/Page_ParaBank  Welcome  Online Banking/lkForgotLoginInfo' located by '//div[@id='loginPanel']/p/a' not found
	at com.kms.katalon.core.webui.common.WebUiCommonHelper.findWebElement(WebUiCommonHelper.java:1379)
	at com.kms.katalon.core.webui.keyword.internal.WebUIAbstractKeyword.findWebElement(WebUIAbstractKeyword.groovy:27)
	at com.kms.katalon.core.webui.keyword.builtin.ClickKeyword$_click_closure1.doCall(ClickKeyword.groovy:65)
	at com.kms.katalon.core.webui.keyword.builtin.ClickKeyword$_click_closure1.call(ClickKeyword.groovy)
	at com.kms.katalon.core.webui.keyword.internal.WebUIKeywordMain.runKeyword(WebUIKeywordMain.groovy:20)
	at com.kms.katalon.core.webui.keyword.builtin.ClickKeyword.click(ClickKeyword.groovy:74)
	at com.kms.katalon.core.webui.keyword.builtin.ClickKeyword.execute(ClickKeyword.groovy:40)
	at com.kms.katalon.core.keyword.internal.KeywordExecutor.executeKeywordForPlatform(KeywordExecutor.groovy:74)
	at com.kms.katalon.core.webui.keyword.WebUiBuiltInKeywords.click(WebUiBuiltInKeywords.groovy:620)
	at Script1698861399744.run(Script1698861399744.groovy:22)
	... 15 more
)
	at com.kms.katalon.core.keyword.internal.KeywordMain.stepFailed(KeywordMain.groovy:39)
	at com.kms.katalon.core.webui.keyword.internal.WebUIKeywordMain.stepFailed(WebUIKeywordMain.groovy:64)
	at com.kms.katalon.core.webui.keyword.internal.WebUIKeywordMain.runKeyword(WebUIKeywordMain.groovy:26)
	at com.kms.katalon.core.webui.keyword.builtin.ClickKeyword.click(ClickKeyword.groovy:74)
	at com.kms.katalon.core.webui.keyword.builtin.ClickKeyword.execute(ClickKeyword.groovy:40)
	at com.kms.katalon.core.keyword.internal.KeywordExecutor.executeKeywordForPlatform(KeywordExecutor.groovy:74)
	at com.kms.katalon.core.webui.keyword.WebUiBuiltInKeywords.click(WebUiBuiltInKeywords.groovy:620)
	at MTC004 - Forgot login info unsuccessful.run(MTC004 - Forgot login info unsuccessful:22)
	at com.kms.katalon.core.main.ScriptEngine.run(ScriptEngine.java:194)
	at com.kms.katalon.core.main.ScriptEngine.runScriptAsRawText(ScriptEngine.java:119)
	at com.kms.katalon.core.main.TestCaseExecutor.runScript(TestCaseExecutor.java:448)
	at com.kms.katalon.core.main.TestCaseExecutor.doExecute(TestCaseExecutor.java:439)
	at com.kms.katalon.core.main.TestCaseExecutor.processExecutionPhase(TestCaseExecutor.java:418)
	at com.kms.katalon.core.main.TestCaseExecutor.accessMainPhase(TestCaseExecutor.java:410)
	at com.kms.katalon.core.main.TestCaseExecutor.execute(TestCaseExecutor.java:285)
	at com.kms.katalon.core.common.CommonExecutor.accessTestCaseMainPhase(CommonExecutor.java:65)
	at com.kms.katalon.core.main.TestSuiteExecutor.accessTestSuiteMainPhase(TestSuiteExecutor.java:148)
	at com.kms.katalon.core.main.TestSuiteExecutor.execute(TestSuiteExecutor.java:106)
	at com.kms.katalon.core.main.TestCaseMain.startTestSuite(TestCaseMain.java:187)
	at TempTestSuite1699458622452.run(TempTestSuite1699458622452.groovy:36)
	at java.base/jdk.internal.reflect.NativeMethodAccessorImpl.invoke0(Native Method)
	at java.base/jdk.internal.reflect.NativeMethodAccessorImpl.invoke(NativeMethodAccessorImpl.java:77)
	at java.base/jdk.internal.reflect.DelegatingMethodAccessorImpl.invoke(DelegatingMethodAccessorImpl.java:43)
Caused by: com.kms.katalon.core.exception.StepFailedException: Unable to click on object 'Object Repository/Page_ParaBank  Welcome  Online Banking/lkForgotLoginInfo'
	... 22 more
Caused by: com.kms.katalon.core.webui.exception.WebElementNotFoundException: Web element with id: 'Object Repository/Page_ParaBank  Welcome  Online Banking/lkForgotLoginInfo' located by '//div[@id='loginPanel']/p/a' not found
	at com.kms.katalon.core.webui.common.WebUiCommonHelper.findWebElement(WebUiCommonHelper.java:1379)
	at com.kms.katalon.core.webui.keyword.internal.WebUIAbstractKeyword.findWebElement(WebUIAbstractKeyword.groovy:27)
	at com.kms.katalon.core.webui.keyword.builtin.ClickKeyword$_click_closure1.doCall(ClickKeyword.groovy:65)
	at com.kms.katalon.core.webui.keyword.builtin.ClickKeyword$_click_closure1.call(ClickKeyword.groovy)
	at com.kms.katalon.core.webui.keyword.internal.WebUIKeywordMain.runKeyword(WebUIKeywordMain.groovy:20)
	... 20 more]]></system-err>
      </testcase>
      <testcase name="Test Cases/Main Test Cases/MTC016 - Logout" time="142.814" classname="Test Cases/Main Test Cases/MTC016 - Logout" status="FAILED">
         <failure type="FAILED" message="Test Cases/Main Test Cases/MTC016 - Logout FAILED.&#xa;Reason:&#xa;com.kms.katalon.core.exception.StepFailedException: Unable to call Test Case 'Test Cases/Reusable Test Cases/Login' (Root cause: com.kms.katalon.core.exception.StepFailedException: Call Test Case 'Test Cases/Reusable Test Cases/Login' failed&#xa;	at com.kms.katalon.core.keyword.builtin.CallTestCaseKeyword$_callTestCase_closure1.doCall(CallTestCaseKeyword.groovy:63)&#xa;	at com.kms.katalon.core.keyword.builtin.CallTestCaseKeyword$_callTestCase_closure1.call(CallTestCaseKeyword.groovy)&#xa;	at com.kms.katalon.core.keyword.internal.KeywordMain.runKeyword(KeywordMain.groovy:75)&#xa;	at com.kms.katalon.core.keyword.builtin.CallTestCaseKeyword.callTestCase(CallTestCaseKeyword.groovy:81)&#xa;	at com.kms.katalon.core.keyword.builtin.CallTestCaseKeyword.execute(CallTestCaseKeyword.groovy:44)&#xa;	at com.kms.katalon.core.keyword.internal.KeywordExecutor.executeKeywordForPlatform(KeywordExecutor.groovy:74)&#xa;	at com.kms.katalon.core.keyword.BuiltinKeywords.callTestCase(BuiltinKeywords.groovy:310)&#xa;	at java.base/jdk.internal.reflect.NativeMethodAccessorImpl.invoke0(Native Method)&#xa;	at java.base/jdk.internal.reflect.NativeMethodAccessorImpl.invoke(NativeMethodAccessorImpl.java:77)&#xa;	at java.base/jdk.internal.reflect.DelegatingMethodAccessorImpl.invoke(DelegatingMethodAccessorImpl.java:43)&#xa;	at MTC016 - Logout.run(MTC016 - Logout:20)&#xa;	at com.kms.katalon.core.main.ScriptEngine.run(ScriptEngine.java:194)&#xa;	at com.kms.katalon.core.main.ScriptEngine.runScriptAsRawText(ScriptEngine.java:119)&#xa;	at com.kms.katalon.core.main.TestCaseExecutor.runScript(TestCaseExecutor.java:448)&#xa;	at com.kms.katalon.core.main.TestCaseExecutor.doExecute(TestCaseExecutor.java:439)&#xa;	at com.kms.katalon.core.main.TestCaseExecutor.processExecutionPhase(TestCaseExecutor.java:418)&#xa;	at com.kms.katalon.core.main.TestCaseExecutor.accessMainPhase(TestCaseExecutor.java:410)&#xa;	at com.kms.katalon.core.main.TestCaseExecutor.execute(TestCaseExecutor.java:285)&#xa;	at com.kms.katalon.core.common.CommonExecutor.accessTestCaseMainPhase(CommonExecutor.java:65)&#xa;	at com.kms.katalon.core.main.TestSuiteExecutor.accessTestSuiteMainPhase(TestSuiteExecutor.java:148)&#xa;	at com.kms.katalon.core.main.TestSuiteExecutor.execute(TestSuiteExecutor.java:106)&#xa;	at com.kms.katalon.core.main.TestCaseMain.startTestSuite(TestCaseMain.java:187)&#xa;	at TempTestSuite1699458622452.run(TempTestSuite1699458622452.groovy:36)&#xa;	at java.base/jdk.internal.reflect.NativeMethodAccessorImpl.invoke0(Native Method)&#xa;	at java.base/jdk.internal.reflect.NativeMethodAccessorImpl.invoke(NativeMethodAccessorImpl.java:77)&#xa;	at java.base/jdk.internal.reflect.DelegatingMethodAccessorImpl.invoke(DelegatingMethodAccessorImpl.java:43)&#xa;Caused by: com.kms.katalon.core.exception.StepFailedException: Unable to set text 'null' of object 'Object Repository/Page_ParaBank  Welcome  Online Banking/txtUsername' (Root cause: com.kms.katalon.core.exception.StepFailedException: Unable to set text 'null' of object 'Object Repository/Page_ParaBank  Welcome  Online Banking/txtUsername'&#xa;	at com.kms.katalon.core.webui.keyword.internal.WebUIKeywordMain.stepFailed(WebUIKeywordMain.groovy:64)&#xa;	at com.kms.katalon.core.webui.keyword.internal.WebUIKeywordMain.runKeyword(WebUIKeywordMain.groovy:26)&#xa;	at com.kms.katalon.core.webui.keyword.builtin.SetTextKeyword.setText(SetTextKeyword.groovy:66)&#xa;	at com.kms.katalon.core.webui.keyword.builtin.SetTextKeyword.execute(SetTextKeyword.groovy:37)&#xa;	at com.kms.katalon.core.keyword.internal.KeywordExecutor.executeKeywordForPlatform(KeywordExecutor.groovy:74)&#xa;	at com.kms.katalon.core.webui.keyword.WebUiBuiltInKeywords.setText(WebUiBuiltInKeywords.groovy:980)&#xa;	at Login.run(Login:22)&#xa;	at com.kms.katalon.core.main.ScriptEngine.run(ScriptEngine.java:194)&#xa;	at com.kms.katalon.core.main.ScriptEngine.runScriptAsRawText(ScriptEngine.java:119)&#xa;	at com.kms.katalon.core.main.TestCaseExecutor.runScript(TestCaseExecutor.java:448)&#xa;	at com.kms.katalon.core.main.TestCaseExecutor.doExecute(TestCaseExecutor.java:439)&#xa;	at com.kms.katalon.core.main.TestCaseExecutor.processExecutionPhase(TestCaseExecutor.java:418)&#xa;	at com.kms.katalon.core.main.TestCaseExecutor.accessMainPhase(TestCaseExecutor.java:410)&#xa;	at com.kms.katalon.core.main.TestCaseExecutor.execute(TestCaseExecutor.java:285)&#xa;	at com.kms.katalon.core.main.TestCaseMain.runTestCase(TestCaseMain.java:144)&#xa;	at com.kms.katalon.core.keyword.builtin.CallTestCaseKeyword$_callTestCase_closure1.doCall(CallTestCaseKeyword.groovy:59)&#xa;	at com.kms.katalon.core.keyword.builtin.CallTestCaseKeyword$_callTestCase_closure1.call(CallTestCaseKeyword.groovy)&#xa;	at com.kms.katalon.core.keyword.internal.KeywordMain.runKeyword(KeywordMain.groovy:75)&#xa;	at com.kms.katalon.core.keyword.builtin.CallTestCaseKeyword.callTestCase(CallTestCaseKeyword.groovy:81)&#xa;	at com.kms.katalon.core.keyword.builtin.CallTestCaseKeyword.execute(CallTestCaseKeyword.groovy:44)&#xa;	at com.kms.katalon.core.keyword.internal.KeywordExecutor.executeKeywordForPlatform(KeywordExecutor.groovy:74)&#xa;	at com.kms.katalon.core.keyword.BuiltinKeywords.callTestCase(BuiltinKeywords.groovy:310)&#xa;	at java.base/jdk.internal.reflect.NativeMethodAccessorImpl.invoke0(Native Method)&#xa;	at java.base/jdk.internal.reflect.NativeMethodAccessorImpl.invoke(NativeMethodAccessorImpl.java:77)&#xa;	at java.base/jdk.internal.reflect.DelegatingMethodAccessorImpl.invoke(DelegatingMethodAccessorImpl.java:43)&#xa;	at MTC016 - Logout.run(MTC016 - Logout:20)&#xa;	at com.kms.katalon.core.main.ScriptEngine.run(ScriptEngine.java:194)&#xa;	at com.kms.katalon.core.main.ScriptEngine.runScriptAsRawText(ScriptEngine.java:119)&#xa;	at com.kms.katalon.core.main.TestCaseExecutor.runScript(TestCaseExecutor.java:448)&#xa;	at com.kms.katalon.core.main.TestCaseExecutor.doExecute(TestCaseExecutor.java:439)&#xa;	at com.kms.katalon.core.main.TestCaseExecutor.processExecutionPhase(TestCaseExecutor.java:418)&#xa;	at com.kms.katalon.core.main.TestCaseExecutor.accessMainPhase(TestCaseExecutor.java:410)&#xa;	at com.kms.katalon.core.main.TestCaseExecutor.execute(TestCaseExecutor.java:285)&#xa;	at com.kms.katalon.core.common.CommonExecutor.accessTestCaseMainPhase(CommonExecutor.java:65)&#xa;	at com.kms.katalon.core.main.TestSuiteExecutor.accessTestSuiteMainPhase(TestSuiteExecutor.java:148)&#xa;	at com.kms.katalon.core.main.TestSuiteExecutor.execute(TestSuiteExecutor.java:106)&#xa;	at com.kms.katalon.core.main.TestCaseMain.startTestSuite(TestCaseMain.java:187)&#xa;	at TempTestSuite1699458622452.run(TempTestSuite1699458622452.groovy:36)&#xa;	at java.base/jdk.internal.reflect.NativeMethodAccessorImpl.invoke0(Native Method)&#xa;	at java.base/jdk.internal.reflect.NativeMethodAccessorImpl.invoke(NativeMethodAccessorImpl.java:77)&#xa;	at java.base/jdk.internal.reflect.DelegatingMethodAccessorImpl.invoke(DelegatingMethodAccessorImpl.java:43)&#xa;Caused by: java.lang.IllegalArgumentException: Text is null&#xa;	at com.kms.katalon.core.webui.keyword.builtin.SetTextKeyword$_setText_closure1.doCall(SetTextKeyword.groovy:48)&#xa;	at com.kms.katalon.core.webui.keyword.builtin.SetTextKeyword$_setText_closure1.call(SetTextKeyword.groovy)&#xa;	at com.kms.katalon.core.webui.keyword.internal.WebUIKeywordMain.runKeyword(WebUIKeywordMain.groovy:20)&#xa;	at com.kms.katalon.core.webui.keyword.builtin.SetTextKeyword.setText(SetTextKeyword.groovy:66)&#xa;	at com.kms.katalon.core.webui.keyword.builtin.SetTextKeyword.execute(SetTextKeyword.groovy:37)&#xa;	at com.kms.katalon.core.keyword.internal.KeywordExecutor.executeKeywordForPlatform(KeywordExecutor.groovy:74)&#xa;	at com.kms.katalon.core.webui.keyword.WebUiBuiltInKeywords.setText(WebUiBuiltInKeywords.groovy:980)&#xa;	at Script1698671419553.run(Script1698671419553.groovy:22)&#xa;	at com.kms.katalon.core.main.ScriptEngine.run(ScriptEngine.java:194)&#xa;	at com.kms.katalon.core.main.ScriptEngine.runScriptAsRawText(ScriptEngine.java:119)&#xa;	at com.kms.katalon.core.main.TestCaseExecutor.runScript(TestCaseExecutor.java:448)&#xa;	at com.kms.katalon.core.main.TestCaseExecutor.doExecute(TestCaseExecutor.java:439)&#xa;	at com.kms.katalon.core.main.TestCaseExecutor.processExecutionPhase(TestCaseExecutor.java:418)&#xa;	at com.kms.katalon.core.main.TestCaseExecutor.accessMainPhase(TestCaseExecutor.java:410)&#xa;	at com.kms.katalon.core.main.TestCaseExecutor.execute(TestCaseExecutor.java:285)&#xa;	at com.kms.katalon.core.main.TestCaseMain.runTestCase(TestCaseMain.java:144)&#xa;	at com.kms.katalon.core.keyword.builtin.CallTestCaseKeyword$_callTestCase_closure1.doCall(CallTestCaseKeyword.groovy:59)&#xa;	at com.kms.katalon.core.keyword.builtin.CallTestCaseKeyword$_callTestCase_closure1.call(CallTestCaseKeyword.groovy)&#xa;	at com.kms.katalon.core.keyword.internal.KeywordMain.runKeyword(KeywordMain.groovy:75)&#xa;	at com.kms.katalon.core.keyword.builtin.CallTestCaseKeyword.callTestCase(CallTestCaseKeyword.groovy:81)&#xa;	at com.kms.katalon.core.keyword.builtin.CallTestCaseKeyword.execute(CallTestCaseKeyword.groovy:44)&#xa;	at com.kms.katalon.core.keyword.internal.KeywordExecutor.executeKeywordForPlatform(KeywordExecutor.groovy:74)&#xa;	at com.kms.katalon.core.keyword.BuiltinKeywords.callTestCase(BuiltinKeywords.groovy:310)&#xa;	at java.base/jdk.internal.reflect.NativeMethodAccessorImpl.invoke0(Native Method)&#xa;	at java.base/jdk.internal.reflect.NativeMethodAccessorImpl.invoke(NativeMethodAccessorImpl.java:77)&#xa;	at java.base/jdk.internal.reflect.DelegatingMethodAccessorImpl.invoke(DelegatingMethodAccessorImpl.java:43)&#xa;	at Script1699035767811.run(Script1699035767811.groovy:20)&#xa;	... 15 more&#xa;)&#xa;	at com.kms.katalon.core.keyword.internal.KeywordMain.stepFailed(KeywordMain.groovy:39)&#xa;	at com.kms.katalon.core.webui.keyword.internal.WebUIKeywordMain.stepFailed(WebUIKeywordMain.groovy:64)&#xa;	at com.kms.katalon.core.webui.keyword.internal.WebUIKeywordMain.runKeyword(WebUIKeywordMain.groovy:26)&#xa;	at com.kms.katalon.core.webui.keyword.builtin.SetTextKeyword.setText(SetTextKeyword.groovy:66)&#xa;	at com.kms.katalon.core.webui.keyword.builtin.SetTextKeyword.execute(SetTextKeyword.groovy:37)&#xa;	at com.kms.katalon.core.keyword.internal.KeywordExecutor.executeKeywordForPlatform(KeywordExecutor.groovy:74)&#xa;	at com.kms.katalon.core.webui.keyword.WebUiBuiltInKeywords.setText(WebUiBuiltInKeywords.groovy:980)&#xa;	at Login.run(Login:22)&#xa;	at com.kms.katalon.core.main.ScriptEngine.run(ScriptEngine.java:194)&#xa;	at com.kms.katalon.core.main.ScriptEngine.runScriptAsRawText(ScriptEngine.java:119)&#xa;	at com.kms.katalon.core.main.TestCaseExecutor.runScript(TestCaseExecutor.java:448)&#xa;	at com.kms.katalon.core.main.TestCaseExecutor.doExecute(TestCaseExecutor.java:439)&#xa;	at com.kms.katalon.core.main.TestCaseExecutor.processExecutionPhase(TestCaseExecutor.java:418)&#xa;	at com.kms.katalon.core.main.TestCaseExecutor.accessMainPhase(TestCaseExecutor.java:410)&#xa;	at com.kms.katalon.core.main.TestCaseExecutor.execute(TestCaseExecutor.java:285)&#xa;	at com.kms.katalon.core.main.TestCaseMain.runTestCase(TestCaseMain.java:144)&#xa;	at com.kms.katalon.core.keyword.builtin.CallTestCaseKeyword$_callTestCase_closure1.doCall(CallTestCaseKeyword.groovy:59)&#xa;	... 25 more&#xa;Caused by: com.kms.katalon.core.exception.StepFailedException: Unable to set text 'null' of object 'Object Repository/Page_ParaBank  Welcome  Online Banking/txtUsername'&#xa;	... 41 more&#xa;Caused by: java.lang.IllegalArgumentException: Text is null&#xa;	at com.kms.katalon.core.webui.keyword.builtin.SetTextKeyword$_setText_closure1.doCall(SetTextKeyword.groovy:48)&#xa;	at com.kms.katalon.core.webui.keyword.builtin.SetTextKeyword$_setText_closure1.call(SetTextKeyword.groovy)&#xa;	at com.kms.katalon.core.webui.keyword.internal.WebUIKeywordMain.runKeyword(WebUIKeywordMain.groovy:20)&#xa;	... 39 more&#xa;)&#xa;	at com.kms.katalon.core.keyword.internal.KeywordMain.stepFailed(KeywordMain.groovy:39)&#xa;	at com.kms.katalon.core.keyword.internal.KeywordMain.stepFailed(KeywordMain.groovy)&#xa;	at com.kms.katalon.core.keyword.internal.KeywordMain.runKeyword(KeywordMain.groovy:77)&#xa;	at com.kms.katalon.core.keyword.builtin.CallTestCaseKeyword.callTestCase(CallTestCaseKeyword.groovy:81)&#xa;	at com.kms.katalon.core.keyword.builtin.CallTestCaseKeyword.execute(CallTestCaseKeyword.groovy:44)&#xa;	at com.kms.katalon.core.keyword.internal.KeywordExecutor.executeKeywordForPlatform(KeywordExecutor.groovy:74)&#xa;	at com.kms.katalon.core.keyword.BuiltinKeywords.callTestCase(BuiltinKeywords.groovy:310)&#xa;	at java.base/jdk.internal.reflect.NativeMethodAccessorImpl.invoke0(Native Method)&#xa;	at java.base/jdk.internal.reflect.NativeMethodAccessorImpl.invoke(NativeMethodAccessorImpl.java:77)&#xa;	at java.base/jdk.internal.reflect.DelegatingMethodAccessorImpl.invoke(DelegatingMethodAccessorImpl.java:43)&#xa;	at MTC016 - Logout.run(MTC016 - Logout:20)&#xa;	at com.kms.katalon.core.main.ScriptEngine.run(ScriptEngine.java:194)&#xa;	at com.kms.katalon.core.main.ScriptEngine.runScriptAsRawText(ScriptEngine.java:119)&#xa;	at com.kms.katalon.core.main.TestCaseExecutor.runScript(TestCaseExecutor.java:448)&#xa;	at com.kms.katalon.core.main.TestCaseExecutor.doExecute(TestCaseExecutor.java:439)&#xa;	at com.kms.katalon.core.main.TestCaseExecutor.processExecutionPhase(TestCaseExecutor.java:418)&#xa;	at com.kms.katalon.core.main.TestCaseExecutor.accessMainPhase(TestCaseExecutor.java:410)&#xa;	at com.kms.katalon.core.main.TestCaseExecutor.execute(TestCaseExecutor.java:285)&#xa;	at com.kms.katalon.core.common.CommonExecutor.accessTestCaseMainPhase(CommonExecutor.java:65)&#xa;	at com.kms.katalon.core.main.TestSuiteExecutor.accessTestSuiteMainPhase(TestSuiteExecutor.java:148)&#xa;	at com.kms.katalon.core.main.TestSuiteExecutor.execute(TestSuiteExecutor.java:106)&#xa;	at com.kms.katalon.core.main.TestCaseMain.startTestSuite(TestCaseMain.java:187)&#xa;	at TempTestSuite1699458622452.run(TempTestSuite1699458622452.groovy:36)&#xa;	at java.base/jdk.internal.reflect.NativeMethodAccessorImpl.invoke0(Native Method)&#xa;	at java.base/jdk.internal.reflect.NativeMethodAccessorImpl.invoke(NativeMethodAccessorImpl.java:77)&#xa;	at java.base/jdk.internal.reflect.DelegatingMethodAccessorImpl.invoke(DelegatingMethodAccessorImpl.java:43)&#xa;Caused by: com.kms.katalon.core.exception.StepFailedException: Call Test Case 'Test Cases/Reusable Test Cases/Login' failed&#xa;	at com.kms.katalon.core.keyword.builtin.CallTestCaseKeyword$_callTestCase_closure1.doCall(CallTestCaseKeyword.groovy:63)&#xa;	at com.kms.katalon.core.keyword.builtin.CallTestCaseKeyword$_callTestCase_closure1.call(CallTestCaseKeyword.groovy)&#xa;	at com.kms.katalon.core.keyword.internal.KeywordMain.runKeyword(KeywordMain.groovy:75)&#xa;	... 23 more&#xa;Caused by: com.kms.katalon.core.exception.StepFailedException: Unable to set text 'null' of object 'Object Repository/Page_ParaBank  Welcome  Online Banking/txtUsername' (Root cause: com.kms.katalon.core.exception.StepFailedException: Unable to set text 'null' of object 'Object Repository/Page_ParaBank  Welcome  Online Banking/txtUsername'&#xa;	at com.kms.katalon.core.webui.keyword.internal.WebUIKeywordMain.stepFailed(WebUIKeywordMain.groovy:64)&#xa;	at com.kms.katalon.core.webui.keyword.internal.WebUIKeywordMain.runKeyword(WebUIKeywordMain.groovy:26)&#xa;	at com.kms.katalon.core.webui.keyword.builtin.SetTextKeyword.setText(SetTextKeyword.groovy:66)&#xa;	at com.kms.katalon.core.webui.keyword.builtin.SetTextKeyword.execute(SetTextKeyword.groovy:37)&#xa;	at com.kms.katalon.core.keyword.internal.KeywordExecutor.executeKeywordForPlatform(KeywordExecutor.groovy:74)&#xa;	at com.kms.katalon.core.webui.keyword.WebUiBuiltInKeywords.setText(WebUiBuiltInKeywords.groovy:980)&#xa;	at Login.run(Login:22)&#xa;	at com.kms.katalon.core.main.ScriptEngine.run(ScriptEngine.java:194)&#xa;	at com.kms.katalon.core.main.ScriptEngine.runScriptAsRawText(ScriptEngine.java:119)&#xa;	at com.kms.katalon.core.main.TestCaseExecutor.runScript(TestCaseExecutor.java:448)&#xa;	at com.kms.katalon.core.main.TestCaseExecutor.doExecute(TestCaseExecutor.java:439)&#xa;	at com.kms.katalon.core.main.TestCaseExecutor.processExecutionPhase(TestCaseExecutor.java:418)&#xa;	at com.kms.katalon.core.main.TestCaseExecutor.accessMainPhase(TestCaseExecutor.java:410)&#xa;	at com.kms.katalon.core.main.TestCaseExecutor.execute(TestCaseExecutor.java:285)&#xa;	at com.kms.katalon.core.main.TestCaseMain.runTestCase(TestCaseMain.java:144)&#xa;	at com.kms.katalon.core.keyword.builtin.CallTestCaseKeyword$_callTestCase_closure1.doCall(CallTestCaseKeyword.groovy:59)&#xa;	at com.kms.katalon.core.keyword.builtin.CallTestCaseKeyword$_callTestCase_closure1.call(CallTestCaseKeyword.groovy)&#xa;	at com.kms.katalon.core.keyword.internal.KeywordMain.runKeyword(KeywordMain.groovy:75)&#xa;	at com.kms.katalon.core.keyword.builtin.CallTestCaseKeyword.callTestCase(CallTestCaseKeyword.groovy:81)&#xa;	at com.kms.katalon.core.keyword.builtin.CallTestCaseKeyword.execute(CallTestCaseKeyword.groovy:44)&#xa;	at com.kms.katalon.core.keyword.internal.KeywordExecutor.executeKeywordForPlatform(KeywordExecutor.groovy:74)&#xa;	at com.kms.katalon.core.keyword.BuiltinKeywords.callTestCase(BuiltinKeywords.groovy:310)&#xa;	at java.base/jdk.internal.reflect.NativeMethodAccessorImpl.invoke0(Native Method)&#xa;	at java.base/jdk.internal.reflect.NativeMethodAccessorImpl.invoke(NativeMethodAccessorImpl.java:77)&#xa;	at java.base/jdk.internal.reflect.DelegatingMethodAccessorImpl.invoke(DelegatingMethodAccessorImpl.java:43)&#xa;	at MTC016 - Logout.run(MTC016 - Logout:20)&#xa;	at com.kms.katalon.core.main.ScriptEngine.run(ScriptEngine.java:194)&#xa;	at com.kms.katalon.core.main.ScriptEngine.runScriptAsRawText(ScriptEngine.java:119)&#xa;	at com.kms.katalon.core.main.TestCaseExecutor.runScript(TestCaseExecutor.java:448)&#xa;	at com.kms.katalon.core.main.TestCaseExecutor.doExecute(TestCaseExecutor.java:439)&#xa;	at com.kms.katalon.core.main.TestCaseExecutor.processExecutionPhase(TestCaseExecutor.java:418)&#xa;	at com.kms.katalon.core.main.TestCaseExecutor.accessMainPhase(TestCaseExecutor.java:410)&#xa;	at com.kms.katalon.core.main.TestCaseExecutor.execute(TestCaseExecutor.java:285)&#xa;	at com.kms.katalon.core.common.CommonExecutor.accessTestCaseMainPhase(CommonExecutor.java:65)&#xa;	at com.kms.katalon.core.main.TestSuiteExecutor.accessTestSuiteMainPhase(TestSuiteExecutor.java:148)&#xa;	at com.kms.katalon.core.main.TestSuiteExecutor.execute(TestSuiteExecutor.java:106)&#xa;	at com.kms.katalon.core.main.TestCaseMain.startTestSuite(TestCaseMain.java:187)&#xa;	at TempTestSuite1699458622452.run(TempTestSuite1699458622452.groovy:36)&#xa;	at java.base/jdk.internal.reflect.NativeMethodAccessorImpl.invoke0(Native Method)&#xa;	at java.base/jdk.internal.reflect.NativeMethodAccessorImpl.invoke(NativeMethodAccessorImpl.java:77)&#xa;	at java.base/jdk.internal.reflect.DelegatingMethodAccessorImpl.invoke(DelegatingMethodAccessorImpl.java:43)&#xa;Caused by: java.lang.IllegalArgumentException: Text is null&#xa;	at com.kms.katalon.core.webui.keyword.builtin.SetTextKeyword$_setText_closure1.doCall(SetTextKeyword.groovy:48)&#xa;	at com.kms.katalon.core.webui.keyword.builtin.SetTextKeyword$_setText_closure1.call(SetTextKeyword.groovy)&#xa;	at com.kms.katalon.core.webui.keyword.internal.WebUIKeywordMain.runKeyword(WebUIKeywordMain.groovy:20)&#xa;	at com.kms.katalon.core.webui.keyword.builtin.SetTextKeyword.setText(SetTextKeyword.groovy:66)&#xa;	at com.kms.katalon.core.webui.keyword.builtin.SetTextKeyword.execute(SetTextKeyword.groovy:37)&#xa;	at com.kms.katalon.core.keyword.internal.KeywordExecutor.executeKeywordForPlatform(KeywordExecutor.groovy:74)&#xa;	at com.kms.katalon.core.webui.keyword.WebUiBuiltInKeywords.setText(WebUiBuiltInKeywords.groovy:980)&#xa;	at Script1698671419553.run(Script1698671419553.groovy:22)&#xa;	at com.kms.katalon.core.main.ScriptEngine.run(ScriptEngine.java:194)&#xa;	at com.kms.katalon.core.main.ScriptEngine.runScriptAsRawText(ScriptEngine.java:119)&#xa;	at com.kms.katalon.core.main.TestCaseExecutor.runScript(TestCaseExecutor.java:448)&#xa;	at com.kms.katalon.core.main.TestCaseExecutor.doExecute(TestCaseExecutor.java:439)&#xa;	at com.kms.katalon.core.main.TestCaseExecutor.processExecutionPhase(TestCaseExecutor.java:418)&#xa;	at com.kms.katalon.core.main.TestCaseExecutor.accessMainPhase(TestCaseExecutor.java:410)&#xa;	at com.kms.katalon.core.main.TestCaseExecutor.execute(TestCaseExecutor.java:285)&#xa;	at com.kms.katalon.core.main.TestCaseMain.runTestCase(TestCaseMain.java:144)&#xa;	at com.kms.katalon.core.keyword.builtin.CallTestCaseKeyword$_callTestCase_closure1.doCall(CallTestCaseKeyword.groovy:59)&#xa;	at com.kms.katalon.core.keyword.builtin.CallTestCaseKeyword$_callTestCase_closure1.call(CallTestCaseKeyword.groovy)&#xa;	at com.kms.katalon.core.keyword.internal.KeywordMain.runKeyword(KeywordMain.groovy:75)&#xa;	at com.kms.katalon.core.keyword.builtin.CallTestCaseKeyword.callTestCase(CallTestCaseKeyword.groovy:81)&#xa;	at com.kms.katalon.core.keyword.builtin.CallTestCaseKeyword.execute(CallTestCaseKeyword.groovy:44)&#xa;	at com.kms.katalon.core.keyword.internal.KeywordExecutor.executeKeywordForPlatform(KeywordExecutor.groovy:74)&#xa;	at com.kms.katalon.core.keyword.BuiltinKeywords.callTestCase(BuiltinKeywords.groovy:310)&#xa;	at java.base/jdk.internal.reflect.NativeMethodAccessorImpl.invoke0(Native Method)&#xa;	at java.base/jdk.internal.reflect.NativeMethodAccessorImpl.invoke(NativeMethodAccessorImpl.java:77)&#xa;	at java.base/jdk.internal.reflect.DelegatingMethodAccessorImpl.invoke(DelegatingMethodAccessorImpl.java:43)&#xa;	at Script1699035767811.run(Script1699035767811.groovy:20)&#xa;	... 15 more&#xa;)&#xa;	at com.kms.katalon.core.keyword.internal.KeywordMain.stepFailed(KeywordMain.groovy:39)&#xa;	at com.kms.katalon.core.webui.keyword.internal.WebUIKeywordMain.stepFailed(WebUIKeywordMain.groovy:64)&#xa;	at com.kms.katalon.core.webui.keyword.internal.WebUIKeywordMain.runKeyword(WebUIKeywordMain.groovy:26)&#xa;	at com.kms.katalon.core.webui.keyword.builtin.SetTextKeyword.setText(SetTextKeyword.groovy:66)&#xa;	at com.kms.katalon.core.webui.keyword.builtin.SetTextKeyword.execute(SetTextKeyword.groovy:37)&#xa;	at com.kms.katalon.core.keyword.internal.KeywordExecutor.executeKeywordForPlatform(KeywordExecutor.groovy:74)&#xa;	at com.kms.katalon.core.webui.keyword.WebUiBuiltInKeywords.setText(WebUiBuiltInKeywords.groovy:980)&#xa;	at Login.run(Login:22)&#xa;	at com.kms.katalon.core.main.ScriptEngine.run(ScriptEngine.java:194)&#xa;	at com.kms.katalon.core.main.ScriptEngine.runScriptAsRawText(ScriptEngine.java:119)&#xa;	at com.kms.katalon.core.main.TestCaseExecutor.runScript(TestCaseExecutor.java:448)&#xa;	at com.kms.katalon.core.main.TestCaseExecutor.doExecute(TestCaseExecutor.java:439)&#xa;	at com.kms.katalon.core.main.TestCaseExecutor.processExecutionPhase(TestCaseExecutor.java:418)&#xa;	at com.kms.katalon.core.main.TestCaseExecutor.accessMainPhase(TestCaseExecutor.java:410)&#xa;	at com.kms.katalon.core.main.TestCaseExecutor.execute(TestCaseExecutor.java:285)&#xa;	at com.kms.katalon.core.main.TestCaseMain.runTestCase(TestCaseMain.java:144)&#xa;	at com.kms.katalon.core.keyword.builtin.CallTestCaseKeyword$_callTestCase_closure1.doCall(CallTestCaseKeyword.groovy:59)&#xa;	... 25 more&#xa;Caused by: com.kms.katalon.core.exception.StepFailedException: Unable to set text 'null' of object 'Object Repository/Page_ParaBank  Welcome  Online Banking/txtUsername'&#xa;	... 41 more&#xa;Caused by: java.lang.IllegalArgumentException: Text is null&#xa;	at com.kms.katalon.core.webui.keyword.builtin.SetTextKeyword$_setText_closure1.doCall(SetTextKeyword.groovy:48)&#xa;	at com.kms.katalon.core.webui.keyword.builtin.SetTextKeyword$_setText_closure1.call(SetTextKeyword.groovy)&#xa;	at com.kms.katalon.core.webui.keyword.internal.WebUIKeywordMain.runKeyword(WebUIKeywordMain.groovy:20)&#xa;	... 39 more&#xa;"/>
         <system-out><![CDATA[2023-11-08 11:00:54 - [TEST_CASE][FAILED] - Test Cases/Main Test Cases/MTC016 - Logout: Test Cases/Main Test Cases/MTC016 - Logout FAILED.
Reason:
com.kms.katalon.core.exception.StepFailedException: Unable to call Test Case 'Test Cases/Reusable Test Cases/Login' (Root cause: com.kms.katalon.core.exception.StepFailedException: Call Test Case 'Test Cases/Reusable Test Cases/Login' failed
	at com.kms.katalon.core.keyword.builtin.CallTestCaseKeyword$_callTestCase_closure1.doCall(CallTestCaseKeyword.groovy:63)
	at com.kms.katalon.core.keyword.builtin.CallTestCaseKeyword$_callTestCase_closure1.call(CallTestCaseKeyword.groovy)
	at com.kms.katalon.core.keyword.internal.KeywordMain.runKeyword(KeywordMain.groovy:75)
	at com.kms.katalon.core.keyword.builtin.CallTestCaseKeyword.callTestCase(CallTestCaseKeyword.groovy:81)
	at com.kms.katalon.core.keyword.builtin.CallTestCaseKeyword.execute(CallTestCaseKeyword.groovy:44)
	at com.kms.katalon.core.keyword.internal.KeywordExecutor.executeKeywordForPlatform(KeywordExecutor.groovy:74)
	at com.kms.katalon.core.keyword.BuiltinKeywords.callTestCase(BuiltinKeywords.groovy:310)
	at java.base/jdk.internal.reflect.NativeMethodAccessorImpl.invoke0(Native Method)
	at java.base/jdk.internal.reflect.NativeMethodAccessorImpl.invoke(NativeMethodAccessorImpl.java:77)
	at java.base/jdk.internal.reflect.DelegatingMethodAccessorImpl.invoke(DelegatingMethodAccessorImpl.java:43)
	at MTC016 - Logout.run(MTC016 - Logout:20)
	at com.kms.katalon.core.main.ScriptEngine.run(ScriptEngine.java:194)
	at com.kms.katalon.core.main.ScriptEngine.runScriptAsRawText(ScriptEngine.java:119)
	at com.kms.katalon.core.main.TestCaseExecutor.runScript(TestCaseExecutor.java:448)
	at com.kms.katalon.core.main.TestCaseExecutor.doExecute(TestCaseExecutor.java:439)
	at com.kms.katalon.core.main.TestCaseExecutor.processExecutionPhase(TestCaseExecutor.java:418)
	at com.kms.katalon.core.main.TestCaseExecutor.accessMainPhase(TestCaseExecutor.java:410)
	at com.kms.katalon.core.main.TestCaseExecutor.execute(TestCaseExecutor.java:285)
	at com.kms.katalon.core.common.CommonExecutor.accessTestCaseMainPhase(CommonExecutor.java:65)
	at com.kms.katalon.core.main.TestSuiteExecutor.accessTestSuiteMainPhase(TestSuiteExecutor.java:148)
	at com.kms.katalon.core.main.TestSuiteExecutor.execute(TestSuiteExecutor.java:106)
	at com.kms.katalon.core.main.TestCaseMain.startTestSuite(TestCaseMain.java:187)
	at TempTestSuite1699458622452.run(TempTestSuite1699458622452.groovy:36)
	at java.base/jdk.internal.reflect.NativeMethodAccessorImpl.invoke0(Native Method)
	at java.base/jdk.internal.reflect.NativeMethodAccessorImpl.invoke(NativeMethodAccessorImpl.java:77)
	at java.base/jdk.internal.reflect.DelegatingMethodAccessorImpl.invoke(DelegatingMethodAccessorImpl.java:43)
Caused by: com.kms.katalon.core.exception.StepFailedException: Unable to set text 'null' of object 'Object Repository/Page_ParaBank  Welcome  Online Banking/txtUsername' (Root cause: com.kms.katalon.core.exception.StepFailedException: Unable to set text 'null' of object 'Object Repository/Page_ParaBank  Welcome  Online Banking/txtUsername'
	at com.kms.katalon.core.webui.keyword.internal.WebUIKeywordMain.stepFailed(WebUIKeywordMain.groovy:64)
	at com.kms.katalon.core.webui.keyword.internal.WebUIKeywordMain.runKeyword(WebUIKeywordMain.groovy:26)
	at com.kms.katalon.core.webui.keyword.builtin.SetTextKeyword.setText(SetTextKeyword.groovy:66)
	at com.kms.katalon.core.webui.keyword.builtin.SetTextKeyword.execute(SetTextKeyword.groovy:37)
	at com.kms.katalon.core.keyword.internal.KeywordExecutor.executeKeywordForPlatform(KeywordExecutor.groovy:74)
	at com.kms.katalon.core.webui.keyword.WebUiBuiltInKeywords.setText(WebUiBuiltInKeywords.groovy:980)
	at Login.run(Login:22)
	at com.kms.katalon.core.main.ScriptEngine.run(ScriptEngine.java:194)
	at com.kms.katalon.core.main.ScriptEngine.runScriptAsRawText(ScriptEngine.java:119)
	at com.kms.katalon.core.main.TestCaseExecutor.runScript(TestCaseExecutor.java:448)
	at com.kms.katalon.core.main.TestCaseExecutor.doExecute(TestCaseExecutor.java:439)
	at com.kms.katalon.core.main.TestCaseExecutor.processExecutionPhase(TestCaseExecutor.java:418)
	at com.kms.katalon.core.main.TestCaseExecutor.accessMainPhase(TestCaseExecutor.java:410)
	at com.kms.katalon.core.main.TestCaseExecutor.execute(TestCaseExecutor.java:285)
	at com.kms.katalon.core.main.TestCaseMain.runTestCase(TestCaseMain.java:144)
	at com.kms.katalon.core.keyword.builtin.CallTestCaseKeyword$_callTestCase_closure1.doCall(CallTestCaseKeyword.groovy:59)
	at com.kms.katalon.core.keyword.builtin.CallTestCaseKeyword$_callTestCase_closure1.call(CallTestCaseKeyword.groovy)
	at com.kms.katalon.core.keyword.internal.KeywordMain.runKeyword(KeywordMain.groovy:75)
	at com.kms.katalon.core.keyword.builtin.CallTestCaseKeyword.callTestCase(CallTestCaseKeyword.groovy:81)
	at com.kms.katalon.core.keyword.builtin.CallTestCaseKeyword.execute(CallTestCaseKeyword.groovy:44)
	at com.kms.katalon.core.keyword.internal.KeywordExecutor.executeKeywordForPlatform(KeywordExecutor.groovy:74)
	at com.kms.katalon.core.keyword.BuiltinKeywords.callTestCase(BuiltinKeywords.groovy:310)
	at java.base/jdk.internal.reflect.NativeMethodAccessorImpl.invoke0(Native Method)
	at java.base/jdk.internal.reflect.NativeMethodAccessorImpl.invoke(NativeMethodAccessorImpl.java:77)
	at java.base/jdk.internal.reflect.DelegatingMethodAccessorImpl.invoke(DelegatingMethodAccessorImpl.java:43)
	at MTC016 - Logout.run(MTC016 - Logout:20)
	at com.kms.katalon.core.main.ScriptEngine.run(ScriptEngine.java:194)
	at com.kms.katalon.core.main.ScriptEngine.runScriptAsRawText(ScriptEngine.java:119)
	at com.kms.katalon.core.main.TestCaseExecutor.runScript(TestCaseExecutor.java:448)
	at com.kms.katalon.core.main.TestCaseExecutor.doExecute(TestCaseExecutor.java:439)
	at com.kms.katalon.core.main.TestCaseExecutor.processExecutionPhase(TestCaseExecutor.java:418)
	at com.kms.katalon.core.main.TestCaseExecutor.accessMainPhase(TestCaseExecutor.java:410)
	at com.kms.katalon.core.main.TestCaseExecutor.execute(TestCaseExecutor.java:285)
	at com.kms.katalon.core.common.CommonExecutor.accessTestCaseMainPhase(CommonExecutor.java:65)
	at com.kms.katalon.core.main.TestSuiteExecutor.accessTestSuiteMainPhase(TestSuiteExecutor.java:148)
	at com.kms.katalon.core.main.TestSuiteExecutor.execute(TestSuiteExecutor.java:106)
	at com.kms.katalon.core.main.TestCaseMain.startTestSuite(TestCaseMain.java:187)
	at TempTestSuite1699458622452.run(TempTestSuite1699458622452.groovy:36)
	at java.base/jdk.internal.reflect.NativeMethodAccessorImpl.invoke0(Native Method)
	at java.base/jdk.internal.reflect.NativeMethodAccessorImpl.invoke(NativeMethodAccessorImpl.java:77)
	at java.base/jdk.internal.reflect.DelegatingMethodAccessorImpl.invoke(DelegatingMethodAccessorImpl.java:43)
Caused by: java.lang.IllegalArgumentException: Text is null
	at com.kms.katalon.core.webui.keyword.builtin.SetTextKeyword$_setText_closure1.doCall(SetTextKeyword.groovy:48)
	at com.kms.katalon.core.webui.keyword.builtin.SetTextKeyword$_setText_closure1.call(SetTextKeyword.groovy)
	at com.kms.katalon.core.webui.keyword.internal.WebUIKeywordMain.runKeyword(WebUIKeywordMain.groovy:20)
	at com.kms.katalon.core.webui.keyword.builtin.SetTextKeyword.setText(SetTextKeyword.groovy:66)
	at com.kms.katalon.core.webui.keyword.builtin.SetTextKeyword.execute(SetTextKeyword.groovy:37)
	at com.kms.katalon.core.keyword.internal.KeywordExecutor.executeKeywordForPlatform(KeywordExecutor.groovy:74)
	at com.kms.katalon.core.webui.keyword.WebUiBuiltInKeywords.setText(WebUiBuiltInKeywords.groovy:980)
	at Script1698671419553.run(Script1698671419553.groovy:22)
	at com.kms.katalon.core.main.ScriptEngine.run(ScriptEngine.java:194)
	at com.kms.katalon.core.main.ScriptEngine.runScriptAsRawText(ScriptEngine.java:119)
	at com.kms.katalon.core.main.TestCaseExecutor.runScript(TestCaseExecutor.java:448)
	at com.kms.katalon.core.main.TestCaseExecutor.doExecute(TestCaseExecutor.java:439)
	at com.kms.katalon.core.main.TestCaseExecutor.processExecutionPhase(TestCaseExecutor.java:418)
	at com.kms.katalon.core.main.TestCaseExecutor.accessMainPhase(TestCaseExecutor.java:410)
	at com.kms.katalon.core.main.TestCaseExecutor.execute(TestCaseExecutor.java:285)
	at com.kms.katalon.core.main.TestCaseMain.runTestCase(TestCaseMain.java:144)
	at com.kms.katalon.core.keyword.builtin.CallTestCaseKeyword$_callTestCase_closure1.doCall(CallTestCaseKeyword.groovy:59)
	at com.kms.katalon.core.keyword.builtin.CallTestCaseKeyword$_callTestCase_closure1.call(CallTestCaseKeyword.groovy)
	at com.kms.katalon.core.keyword.internal.KeywordMain.runKeyword(KeywordMain.groovy:75)
	at com.kms.katalon.core.keyword.builtin.CallTestCaseKeyword.callTestCase(CallTestCaseKeyword.groovy:81)
	at com.kms.katalon.core.keyword.builtin.CallTestCaseKeyword.execute(CallTestCaseKeyword.groovy:44)
	at com.kms.katalon.core.keyword.internal.KeywordExecutor.executeKeywordForPlatform(KeywordExecutor.groovy:74)
	at com.kms.katalon.core.keyword.BuiltinKeywords.callTestCase(BuiltinKeywords.groovy:310)
	at java.base/jdk.internal.reflect.NativeMethodAccessorImpl.invoke0(Native Method)
	at java.base/jdk.internal.reflect.NativeMethodAccessorImpl.invoke(NativeMethodAccessorImpl.java:77)
	at java.base/jdk.internal.reflect.DelegatingMethodAccessorImpl.invoke(DelegatingMethodAccessorImpl.java:43)
	at Script1699035767811.run(Script1699035767811.groovy:20)
	... 15 more
)
	at com.kms.katalon.core.keyword.internal.KeywordMain.stepFailed(KeywordMain.groovy:39)
	at com.kms.katalon.core.webui.keyword.internal.WebUIKeywordMain.stepFailed(WebUIKeywordMain.groovy:64)
	at com.kms.katalon.core.webui.keyword.internal.WebUIKeywordMain.runKeyword(WebUIKeywordMain.groovy:26)
	at com.kms.katalon.core.webui.keyword.builtin.SetTextKeyword.setText(SetTextKeyword.groovy:66)
	at com.kms.katalon.core.webui.keyword.builtin.SetTextKeyword.execute(SetTextKeyword.groovy:37)
	at com.kms.katalon.core.keyword.internal.KeywordExecutor.executeKeywordForPlatform(KeywordExecutor.groovy:74)
	at com.kms.katalon.core.webui.keyword.WebUiBuiltInKeywords.setText(WebUiBuiltInKeywords.groovy:980)
	at Login.run(Login:22)
	at com.kms.katalon.core.main.ScriptEngine.run(ScriptEngine.java:194)
	at com.kms.katalon.core.main.ScriptEngine.runScriptAsRawText(ScriptEngine.java:119)
	at com.kms.katalon.core.main.TestCaseExecutor.runScript(TestCaseExecutor.java:448)
	at com.kms.katalon.core.main.TestCaseExecutor.doExecute(TestCaseExecutor.java:439)
	at com.kms.katalon.core.main.TestCaseExecutor.processExecutionPhase(TestCaseExecutor.java:418)
	at com.kms.katalon.core.main.TestCaseExecutor.accessMainPhase(TestCaseExecutor.java:410)
	at com.kms.katalon.core.main.TestCaseExecutor.execute(TestCaseExecutor.java:285)
	at com.kms.katalon.core.main.TestCaseMain.runTestCase(TestCaseMain.java:144)
	at com.kms.katalon.core.keyword.builtin.CallTestCaseKeyword$_callTestCase_closure1.doCall(CallTestCaseKeyword.groovy:59)
	... 25 more
Caused by: com.kms.katalon.core.exception.StepFailedException: Unable to set text 'null' of object 'Object Repository/Page_ParaBank  Welcome  Online Banking/txtUsername'
	... 41 more
Caused by: java.lang.IllegalArgumentException: Text is null
	at com.kms.katalon.core.webui.keyword.builtin.SetTextKeyword$_setText_closure1.doCall(SetTextKeyword.groovy:48)
	at com.kms.katalon.core.webui.keyword.builtin.SetTextKeyword$_setText_closure1.call(SetTextKeyword.groovy)
	at com.kms.katalon.core.webui.keyword.internal.WebUIKeywordMain.runKeyword(WebUIKeywordMain.groovy:20)
	... 39 more
)
	at com.kms.katalon.core.keyword.internal.KeywordMain.stepFailed(KeywordMain.groovy:39)
	at com.kms.katalon.core.keyword.internal.KeywordMain.stepFailed(KeywordMain.groovy)
	at com.kms.katalon.core.keyword.internal.KeywordMain.runKeyword(KeywordMain.groovy:77)
	at com.kms.katalon.core.keyword.builtin.CallTestCaseKeyword.callTestCase(CallTestCaseKeyword.groovy:81)
	at com.kms.katalon.core.keyword.builtin.CallTestCaseKeyword.execute(CallTestCaseKeyword.groovy:44)
	at com.kms.katalon.core.keyword.internal.KeywordExecutor.executeKeywordForPlatform(KeywordExecutor.groovy:74)
	at com.kms.katalon.core.keyword.BuiltinKeywords.callTestCase(BuiltinKeywords.groovy:310)
	at java.base/jdk.internal.reflect.NativeMethodAccessorImpl.invoke0(Native Method)
	at java.base/jdk.internal.reflect.NativeMethodAccessorImpl.invoke(NativeMethodAccessorImpl.java:77)
	at java.base/jdk.internal.reflect.DelegatingMethodAccessorImpl.invoke(DelegatingMethodAccessorImpl.java:43)
	at MTC016 - Logout.run(MTC016 - Logout:20)
	at com.kms.katalon.core.main.ScriptEngine.run(ScriptEngine.java:194)
	at com.kms.katalon.core.main.ScriptEngine.runScriptAsRawText(ScriptEngine.java:119)
	at com.kms.katalon.core.main.TestCaseExecutor.runScript(TestCaseExecutor.java:448)
	at com.kms.katalon.core.main.TestCaseExecutor.doExecute(TestCaseExecutor.java:439)
	at com.kms.katalon.core.main.TestCaseExecutor.processExecutionPhase(TestCaseExecutor.java:418)
	at com.kms.katalon.core.main.TestCaseExecutor.accessMainPhase(TestCaseExecutor.java:410)
	at com.kms.katalon.core.main.TestCaseExecutor.execute(TestCaseExecutor.java:285)
	at com.kms.katalon.core.common.CommonExecutor.accessTestCaseMainPhase(CommonExecutor.java:65)
	at com.kms.katalon.core.main.TestSuiteExecutor.accessTestSuiteMainPhase(TestSuiteExecutor.java:148)
	at com.kms.katalon.core.main.TestSuiteExecutor.execute(TestSuiteExecutor.java:106)
	at com.kms.katalon.core.main.TestCaseMain.startTestSuite(TestCaseMain.java:187)
	at TempTestSuite1699458622452.run(TempTestSuite1699458622452.groovy:36)
	at java.base/jdk.internal.reflect.NativeMethodAccessorImpl.invoke0(Native Method)
	at java.base/jdk.internal.reflect.NativeMethodAccessorImpl.invoke(NativeMethodAccessorImpl.java:77)
	at java.base/jdk.internal.reflect.DelegatingMethodAccessorImpl.invoke(DelegatingMethodAccessorImpl.java:43)
Caused by: com.kms.katalon.core.exception.StepFailedException: Call Test Case 'Test Cases/Reusable Test Cases/Login' failed
	at com.kms.katalon.core.keyword.builtin.CallTestCaseKeyword$_callTestCase_closure1.doCall(CallTestCaseKeyword.groovy:63)
	at com.kms.katalon.core.keyword.builtin.CallTestCaseKeyword$_callTestCase_closure1.call(CallTestCaseKeyword.groovy)
	at com.kms.katalon.core.keyword.internal.KeywordMain.runKeyword(KeywordMain.groovy:75)
	... 23 more
Caused by: com.kms.katalon.core.exception.StepFailedException: Unable to set text 'null' of object 'Object Repository/Page_ParaBank  Welcome  Online Banking/txtUsername' (Root cause: com.kms.katalon.core.exception.StepFailedException: Unable to set text 'null' of object 'Object Repository/Page_ParaBank  Welcome  Online Banking/txtUsername'
	at com.kms.katalon.core.webui.keyword.internal.WebUIKeywordMain.stepFailed(WebUIKeywordMain.groovy:64)
	at com.kms.katalon.core.webui.keyword.internal.WebUIKeywordMain.runKeyword(WebUIKeywordMain.groovy:26)
	at com.kms.katalon.core.webui.keyword.builtin.SetTextKeyword.setText(SetTextKeyword.groovy:66)
	at com.kms.katalon.core.webui.keyword.builtin.SetTextKeyword.execute(SetTextKeyword.groovy:37)
	at com.kms.katalon.core.keyword.internal.KeywordExecutor.executeKeywordForPlatform(KeywordExecutor.groovy:74)
	at com.kms.katalon.core.webui.keyword.WebUiBuiltInKeywords.setText(WebUiBuiltInKeywords.groovy:980)
	at Login.run(Login:22)
	at com.kms.katalon.core.main.ScriptEngine.run(ScriptEngine.java:194)
	at com.kms.katalon.core.main.ScriptEngine.runScriptAsRawText(ScriptEngine.java:119)
	at com.kms.katalon.core.main.TestCaseExecutor.runScript(TestCaseExecutor.java:448)
	at com.kms.katalon.core.main.TestCaseExecutor.doExecute(TestCaseExecutor.java:439)
	at com.kms.katalon.core.main.TestCaseExecutor.processExecutionPhase(TestCaseExecutor.java:418)
	at com.kms.katalon.core.main.TestCaseExecutor.accessMainPhase(TestCaseExecutor.java:410)
	at com.kms.katalon.core.main.TestCaseExecutor.execute(TestCaseExecutor.java:285)
	at com.kms.katalon.core.main.TestCaseMain.runTestCase(TestCaseMain.java:144)
	at com.kms.katalon.core.keyword.builtin.CallTestCaseKeyword$_callTestCase_closure1.doCall(CallTestCaseKeyword.groovy:59)
	at com.kms.katalon.core.keyword.builtin.CallTestCaseKeyword$_callTestCase_closure1.call(CallTestCaseKeyword.groovy)
	at com.kms.katalon.core.keyword.internal.KeywordMain.runKeyword(KeywordMain.groovy:75)
	at com.kms.katalon.core.keyword.builtin.CallTestCaseKeyword.callTestCase(CallTestCaseKeyword.groovy:81)
	at com.kms.katalon.core.keyword.builtin.CallTestCaseKeyword.execute(CallTestCaseKeyword.groovy:44)
	at com.kms.katalon.core.keyword.internal.KeywordExecutor.executeKeywordForPlatform(KeywordExecutor.groovy:74)
	at com.kms.katalon.core.keyword.BuiltinKeywords.callTestCase(BuiltinKeywords.groovy:310)
	at java.base/jdk.internal.reflect.NativeMethodAccessorImpl.invoke0(Native Method)
	at java.base/jdk.internal.reflect.NativeMethodAccessorImpl.invoke(NativeMethodAccessorImpl.java:77)
	at java.base/jdk.internal.reflect.DelegatingMethodAccessorImpl.invoke(DelegatingMethodAccessorImpl.java:43)
	at MTC016 - Logout.run(MTC016 - Logout:20)
	at com.kms.katalon.core.main.ScriptEngine.run(ScriptEngine.java:194)
	at com.kms.katalon.core.main.ScriptEngine.runScriptAsRawText(ScriptEngine.java:119)
	at com.kms.katalon.core.main.TestCaseExecutor.runScript(TestCaseExecutor.java:448)
	at com.kms.katalon.core.main.TestCaseExecutor.doExecute(TestCaseExecutor.java:439)
	at com.kms.katalon.core.main.TestCaseExecutor.processExecutionPhase(TestCaseExecutor.java:418)
	at com.kms.katalon.core.main.TestCaseExecutor.accessMainPhase(TestCaseExecutor.java:410)
	at com.kms.katalon.core.main.TestCaseExecutor.execute(TestCaseExecutor.java:285)
	at com.kms.katalon.core.common.CommonExecutor.accessTestCaseMainPhase(CommonExecutor.java:65)
	at com.kms.katalon.core.main.TestSuiteExecutor.accessTestSuiteMainPhase(TestSuiteExecutor.java:148)
	at com.kms.katalon.core.main.TestSuiteExecutor.execute(TestSuiteExecutor.java:106)
	at com.kms.katalon.core.main.TestCaseMain.startTestSuite(TestCaseMain.java:187)
	at TempTestSuite1699458622452.run(TempTestSuite1699458622452.groovy:36)
	at java.base/jdk.internal.reflect.NativeMethodAccessorImpl.invoke0(Native Method)
	at java.base/jdk.internal.reflect.NativeMethodAccessorImpl.invoke(NativeMethodAccessorImpl.java:77)
	at java.base/jdk.internal.reflect.DelegatingMethodAccessorImpl.invoke(DelegatingMethodAccessorImpl.java:43)
Caused by: java.lang.IllegalArgumentException: Text is null
	at com.kms.katalon.core.webui.keyword.builtin.SetTextKeyword$_setText_closure1.doCall(SetTextKeyword.groovy:48)
	at com.kms.katalon.core.webui.keyword.builtin.SetTextKeyword$_setText_closure1.call(SetTextKeyword.groovy)
	at com.kms.katalon.core.webui.keyword.internal.WebUIKeywordMain.runKeyword(WebUIKeywordMain.groovy:20)
	at com.kms.katalon.core.webui.keyword.builtin.SetTextKeyword.setText(SetTextKeyword.groovy:66)
	at com.kms.katalon.core.webui.keyword.builtin.SetTextKeyword.execute(SetTextKeyword.groovy:37)
	at com.kms.katalon.core.keyword.internal.KeywordExecutor.executeKeywordForPlatform(KeywordExecutor.groovy:74)
	at com.kms.katalon.core.webui.keyword.WebUiBuiltInKeywords.setText(WebUiBuiltInKeywords.groovy:980)
	at Script1698671419553.run(Script1698671419553.groovy:22)
	at com.kms.katalon.core.main.ScriptEngine.run(ScriptEngine.java:194)
	at com.kms.katalon.core.main.ScriptEngine.runScriptAsRawText(ScriptEngine.java:119)
	at com.kms.katalon.core.main.TestCaseExecutor.runScript(TestCaseExecutor.java:448)
	at com.kms.katalon.core.main.TestCaseExecutor.doExecute(TestCaseExecutor.java:439)
	at com.kms.katalon.core.main.TestCaseExecutor.processExecutionPhase(TestCaseExecutor.java:418)
	at com.kms.katalon.core.main.TestCaseExecutor.accessMainPhase(TestCaseExecutor.java:410)
	at com.kms.katalon.core.main.TestCaseExecutor.execute(TestCaseExecutor.java:285)
	at com.kms.katalon.core.main.TestCaseMain.runTestCase(TestCaseMain.java:144)
	at com.kms.katalon.core.keyword.builtin.CallTestCaseKeyword$_callTestCase_closure1.doCall(CallTestCaseKeyword.groovy:59)
	at com.kms.katalon.core.keyword.builtin.CallTestCaseKeyword$_callTestCase_closure1.call(CallTestCaseKeyword.groovy)
	at com.kms.katalon.core.keyword.internal.KeywordMain.runKeyword(KeywordMain.groovy:75)
	at com.kms.katalon.core.keyword.builtin.CallTestCaseKeyword.callTestCase(CallTestCaseKeyword.groovy:81)
	at com.kms.katalon.core.keyword.builtin.CallTestCaseKeyword.execute(CallTestCaseKeyword.groovy:44)
	at com.kms.katalon.core.keyword.internal.KeywordExecutor.executeKeywordForPlatform(KeywordExecutor.groovy:74)
	at com.kms.katalon.core.keyword.BuiltinKeywords.callTestCase(BuiltinKeywords.groovy:310)
	at java.base/jdk.internal.reflect.NativeMethodAccessorImpl.invoke0(Native Method)
	at java.base/jdk.internal.reflect.NativeMethodAccessorImpl.invoke(NativeMethodAccessorImpl.java:77)
	at java.base/jdk.internal.reflect.DelegatingMethodAccessorImpl.invoke(DelegatingMethodAccessorImpl.java:43)
	at Script1699035767811.run(Script1699035767811.groovy:20)
	... 15 more
)
	at com.kms.katalon.core.keyword.internal.KeywordMain.stepFailed(KeywordMain.groovy:39)
	at com.kms.katalon.core.webui.keyword.internal.WebUIKeywordMain.stepFailed(WebUIKeywordMain.groovy:64)
	at com.kms.katalon.core.webui.keyword.internal.WebUIKeywordMain.runKeyword(WebUIKeywordMain.groovy:26)
	at com.kms.katalon.core.webui.keyword.builtin.SetTextKeyword.setText(SetTextKeyword.groovy:66)
	at com.kms.katalon.core.webui.keyword.builtin.SetTextKeyword.execute(SetTextKeyword.groovy:37)
	at com.kms.katalon.core.keyword.internal.KeywordExecutor.executeKeywordForPlatform(KeywordExecutor.groovy:74)
	at com.kms.katalon.core.webui.keyword.WebUiBuiltInKeywords.setText(WebUiBuiltInKeywords.groovy:980)
	at Login.run(Login:22)
	at com.kms.katalon.core.main.ScriptEngine.run(ScriptEngine.java:194)
	at com.kms.katalon.core.main.ScriptEngine.runScriptAsRawText(ScriptEngine.java:119)
	at com.kms.katalon.core.main.TestCaseExecutor.runScript(TestCaseExecutor.java:448)
	at com.kms.katalon.core.main.TestCaseExecutor.doExecute(TestCaseExecutor.java:439)
	at com.kms.katalon.core.main.TestCaseExecutor.processExecutionPhase(TestCaseExecutor.java:418)
	at com.kms.katalon.core.main.TestCaseExecutor.accessMainPhase(TestCaseExecutor.java:410)
	at com.kms.katalon.core.main.TestCaseExecutor.execute(TestCaseExecutor.java:285)
	at com.kms.katalon.core.main.TestCaseMain.runTestCase(TestCaseMain.java:144)
	at com.kms.katalon.core.keyword.builtin.CallTestCaseKeyword$_callTestCase_closure1.doCall(CallTestCaseKeyword.groovy:59)
	... 25 more
Caused by: com.kms.katalon.core.exception.StepFailedException: Unable to set text 'null' of object 'Object Repository/Page_ParaBank  Welcome  Online Banking/txtUsername'
	... 41 more
Caused by: java.lang.IllegalArgumentException: Text is null
	at com.kms.katalon.core.webui.keyword.builtin.SetTextKeyword$_setText_closure1.doCall(SetTextKeyword.groovy:48)
	at com.kms.katalon.core.webui.keyword.builtin.SetTextKeyword$_setText_closure1.call(SetTextKeyword.groovy)
	at com.kms.katalon.core.webui.keyword.internal.WebUIKeywordMain.runKeyword(WebUIKeywordMain.groovy:20)
	... 39 more


2023-11-08 11:00:54 - [TEST_STEP][FAILED] - callTestCase(findTestCase("Reusable Test Cases/Login"), [:], CONTINUE_ON_FAILURE): Unable to call Test Case 'Test Cases/Reusable Test Cases/Login' (Root cause: com.kms.katalon.core.exception.StepFailedException: Call Test Case 'Test Cases/Reusable Test Cases/Login' failed
	at com.kms.katalon.core.keyword.builtin.CallTestCaseKeyword$_callTestCase_closure1.doCall(CallTestCaseKeyword.groovy:63)
	at com.kms.katalon.core.keyword.builtin.CallTestCaseKeyword$_callTestCase_closure1.call(CallTestCaseKeyword.groovy)
	at com.kms.katalon.core.keyword.internal.KeywordMain.runKeyword(KeywordMain.groovy:75)
	at com.kms.katalon.core.keyword.builtin.CallTestCaseKeyword.callTestCase(CallTestCaseKeyword.groovy:81)
	at com.kms.katalon.core.keyword.builtin.CallTestCaseKeyword.execute(CallTestCaseKeyword.groovy:44)
	at com.kms.katalon.core.keyword.internal.KeywordExecutor.executeKeywordForPlatform(KeywordExecutor.groovy:74)
	at com.kms.katalon.core.keyword.BuiltinKeywords.callTestCase(BuiltinKeywords.groovy:310)
	at java.base/jdk.internal.reflect.NativeMethodAccessorImpl.invoke0(Native Method)
	at java.base/jdk.internal.reflect.NativeMethodAccessorImpl.invoke(NativeMethodAccessorImpl.java:77)
	at java.base/jdk.internal.reflect.DelegatingMethodAccessorImpl.invoke(DelegatingMethodAccessorImpl.java:43)
	at MTC016 - Logout.run(MTC016 - Logout:20)
	at com.kms.katalon.core.main.ScriptEngine.run(ScriptEngine.java:194)
	at com.kms.katalon.core.main.ScriptEngine.runScriptAsRawText(ScriptEngine.java:119)
	at com.kms.katalon.core.main.TestCaseExecutor.runScript(TestCaseExecutor.java:448)
	at com.kms.katalon.core.main.TestCaseExecutor.doExecute(TestCaseExecutor.java:439)
	at com.kms.katalon.core.main.TestCaseExecutor.processExecutionPhase(TestCaseExecutor.java:418)
	at com.kms.katalon.core.main.TestCaseExecutor.accessMainPhase(TestCaseExecutor.java:410)
	at com.kms.katalon.core.main.TestCaseExecutor.execute(TestCaseExecutor.java:285)
	at com.kms.katalon.core.common.CommonExecutor.accessTestCaseMainPhase(CommonExecutor.java:65)
	at com.kms.katalon.core.main.TestSuiteExecutor.accessTestSuiteMainPhase(TestSuiteExecutor.java:148)
	at com.kms.katalon.core.main.TestSuiteExecutor.execute(TestSuiteExecutor.java:106)
	at com.kms.katalon.core.main.TestCaseMain.startTestSuite(TestCaseMain.java:187)
	at TempTestSuite1699458622452.run(TempTestSuite1699458622452.groovy:36)
	at java.base/jdk.internal.reflect.NativeMethodAccessorImpl.invoke0(Native Method)
	at java.base/jdk.internal.reflect.NativeMethodAccessorImpl.invoke(NativeMethodAccessorImpl.java:77)
	at java.base/jdk.internal.reflect.DelegatingMethodAccessorImpl.invoke(DelegatingMethodAccessorImpl.java:43)
Caused by: com.kms.katalon.core.exception.StepFailedException: Unable to set text 'null' of object 'Object Repository/Page_ParaBank  Welcome  Online Banking/txtUsername' (Root cause: com.kms.katalon.core.exception.StepFailedException: Unable to set text 'null' of object 'Object Repository/Page_ParaBank  Welcome  Online Banking/txtUsername'
	at com.kms.katalon.core.webui.keyword.internal.WebUIKeywordMain.stepFailed(WebUIKeywordMain.groovy:64)
	at com.kms.katalon.core.webui.keyword.internal.WebUIKeywordMain.runKeyword(WebUIKeywordMain.groovy:26)
	at com.kms.katalon.core.webui.keyword.builtin.SetTextKeyword.setText(SetTextKeyword.groovy:66)
	at com.kms.katalon.core.webui.keyword.builtin.SetTextKeyword.execute(SetTextKeyword.groovy:37)
	at com.kms.katalon.core.keyword.internal.KeywordExecutor.executeKeywordForPlatform(KeywordExecutor.groovy:74)
	at com.kms.katalon.core.webui.keyword.WebUiBuiltInKeywords.setText(WebUiBuiltInKeywords.groovy:980)
	at Login.run(Login:22)
	at com.kms.katalon.core.main.ScriptEngine.run(ScriptEngine.java:194)
	at com.kms.katalon.core.main.ScriptEngine.runScriptAsRawText(ScriptEngine.java:119)
	at com.kms.katalon.core.main.TestCaseExecutor.runScript(TestCaseExecutor.java:448)
	at com.kms.katalon.core.main.TestCaseExecutor.doExecute(TestCaseExecutor.java:439)
	at com.kms.katalon.core.main.TestCaseExecutor.processExecutionPhase(TestCaseExecutor.java:418)
	at com.kms.katalon.core.main.TestCaseExecutor.accessMainPhase(TestCaseExecutor.java:410)
	at com.kms.katalon.core.main.TestCaseExecutor.execute(TestCaseExecutor.java:285)
	at com.kms.katalon.core.main.TestCaseMain.runTestCase(TestCaseMain.java:144)
	at com.kms.katalon.core.keyword.builtin.CallTestCaseKeyword$_callTestCase_closure1.doCall(CallTestCaseKeyword.groovy:59)
	at com.kms.katalon.core.keyword.builtin.CallTestCaseKeyword$_callTestCase_closure1.call(CallTestCaseKeyword.groovy)
	at com.kms.katalon.core.keyword.internal.KeywordMain.runKeyword(KeywordMain.groovy:75)
	at com.kms.katalon.core.keyword.builtin.CallTestCaseKeyword.callTestCase(CallTestCaseKeyword.groovy:81)
	at com.kms.katalon.core.keyword.builtin.CallTestCaseKeyword.execute(CallTestCaseKeyword.groovy:44)
	at com.kms.katalon.core.keyword.internal.KeywordExecutor.executeKeywordForPlatform(KeywordExecutor.groovy:74)
	at com.kms.katalon.core.keyword.BuiltinKeywords.callTestCase(BuiltinKeywords.groovy:310)
	at java.base/jdk.internal.reflect.NativeMethodAccessorImpl.invoke0(Native Method)
	at java.base/jdk.internal.reflect.NativeMethodAccessorImpl.invoke(NativeMethodAccessorImpl.java:77)
	at java.base/jdk.internal.reflect.DelegatingMethodAccessorImpl.invoke(DelegatingMethodAccessorImpl.java:43)
	at MTC016 - Logout.run(MTC016 - Logout:20)
	at com.kms.katalon.core.main.ScriptEngine.run(ScriptEngine.java:194)
	at com.kms.katalon.core.main.ScriptEngine.runScriptAsRawText(ScriptEngine.java:119)
	at com.kms.katalon.core.main.TestCaseExecutor.runScript(TestCaseExecutor.java:448)
	at com.kms.katalon.core.main.TestCaseExecutor.doExecute(TestCaseExecutor.java:439)
	at com.kms.katalon.core.main.TestCaseExecutor.processExecutionPhase(TestCaseExecutor.java:418)
	at com.kms.katalon.core.main.TestCaseExecutor.accessMainPhase(TestCaseExecutor.java:410)
	at com.kms.katalon.core.main.TestCaseExecutor.execute(TestCaseExecutor.java:285)
	at com.kms.katalon.core.common.CommonExecutor.accessTestCaseMainPhase(CommonExecutor.java:65)
	at com.kms.katalon.core.main.TestSuiteExecutor.accessTestSuiteMainPhase(TestSuiteExecutor.java:148)
	at com.kms.katalon.core.main.TestSuiteExecutor.execute(TestSuiteExecutor.java:106)
	at com.kms.katalon.core.main.TestCaseMain.startTestSuite(TestCaseMain.java:187)
	at TempTestSuite1699458622452.run(TempTestSuite1699458622452.groovy:36)
	at java.base/jdk.internal.reflect.NativeMethodAccessorImpl.invoke0(Native Method)
	at java.base/jdk.internal.reflect.NativeMethodAccessorImpl.invoke(NativeMethodAccessorImpl.java:77)
	at java.base/jdk.internal.reflect.DelegatingMethodAccessorImpl.invoke(DelegatingMethodAccessorImpl.java:43)
Caused by: java.lang.IllegalArgumentException: Text is null
	at com.kms.katalon.core.webui.keyword.builtin.SetTextKeyword$_setText_closure1.doCall(SetTextKeyword.groovy:48)
	at com.kms.katalon.core.webui.keyword.builtin.SetTextKeyword$_setText_closure1.call(SetTextKeyword.groovy)
	at com.kms.katalon.core.webui.keyword.internal.WebUIKeywordMain.runKeyword(WebUIKeywordMain.groovy:20)
	at com.kms.katalon.core.webui.keyword.builtin.SetTextKeyword.setText(SetTextKeyword.groovy:66)
	at com.kms.katalon.core.webui.keyword.builtin.SetTextKeyword.execute(SetTextKeyword.groovy:37)
	at com.kms.katalon.core.keyword.internal.KeywordExecutor.executeKeywordForPlatform(KeywordExecutor.groovy:74)
	at com.kms.katalon.core.webui.keyword.WebUiBuiltInKeywords.setText(WebUiBuiltInKeywords.groovy:980)
	at Script1698671419553.run(Script1698671419553.groovy:22)
	at com.kms.katalon.core.main.ScriptEngine.run(ScriptEngine.java:194)
	at com.kms.katalon.core.main.ScriptEngine.runScriptAsRawText(ScriptEngine.java:119)
	at com.kms.katalon.core.main.TestCaseExecutor.runScript(TestCaseExecutor.java:448)
	at com.kms.katalon.core.main.TestCaseExecutor.doExecute(TestCaseExecutor.java:439)
	at com.kms.katalon.core.main.TestCaseExecutor.processExecutionPhase(TestCaseExecutor.java:418)
	at com.kms.katalon.core.main.TestCaseExecutor.accessMainPhase(TestCaseExecutor.java:410)
	at com.kms.katalon.core.main.TestCaseExecutor.execute(TestCaseExecutor.java:285)
	at com.kms.katalon.core.main.TestCaseMain.runTestCase(TestCaseMain.java:144)
	at com.kms.katalon.core.keyword.builtin.CallTestCaseKeyword$_callTestCase_closure1.doCall(CallTestCaseKeyword.groovy:59)
	at com.kms.katalon.core.keyword.builtin.CallTestCaseKeyword$_callTestCase_closure1.call(CallTestCaseKeyword.groovy)
	at com.kms.katalon.core.keyword.internal.KeywordMain.runKeyword(KeywordMain.groovy:75)
	at com.kms.katalon.core.keyword.builtin.CallTestCaseKeyword.callTestCase(CallTestCaseKeyword.groovy:81)
	at com.kms.katalon.core.keyword.builtin.CallTestCaseKeyword.execute(CallTestCaseKeyword.groovy:44)
	at com.kms.katalon.core.keyword.internal.KeywordExecutor.executeKeywordForPlatform(KeywordExecutor.groovy:74)
	at com.kms.katalon.core.keyword.BuiltinKeywords.callTestCase(BuiltinKeywords.groovy:310)
	at java.base/jdk.internal.reflect.NativeMethodAccessorImpl.invoke0(Native Method)
	at java.base/jdk.internal.reflect.NativeMethodAccessorImpl.invoke(NativeMethodAccessorImpl.java:77)
	at java.base/jdk.internal.reflect.DelegatingMethodAccessorImpl.invoke(DelegatingMethodAccessorImpl.java:43)
	at Script1699035767811.run(Script1699035767811.groovy:20)
	... 15 more
)
	at com.kms.katalon.core.keyword.internal.KeywordMain.stepFailed(KeywordMain.groovy:39)
	at com.kms.katalon.core.webui.keyword.internal.WebUIKeywordMain.stepFailed(WebUIKeywordMain.groovy:64)
	at com.kms.katalon.core.webui.keyword.internal.WebUIKeywordMain.runKeyword(WebUIKeywordMain.groovy:26)
	at com.kms.katalon.core.webui.keyword.builtin.SetTextKeyword.setText(SetTextKeyword.groovy:66)
	at com.kms.katalon.core.webui.keyword.builtin.SetTextKeyword.execute(SetTextKeyword.groovy:37)
	at com.kms.katalon.core.keyword.internal.KeywordExecutor.executeKeywordForPlatform(KeywordExecutor.groovy:74)
	at com.kms.katalon.core.webui.keyword.WebUiBuiltInKeywords.setText(WebUiBuiltInKeywords.groovy:980)
	at Login.run(Login:22)
	at com.kms.katalon.core.main.ScriptEngine.run(ScriptEngine.java:194)
	at com.kms.katalon.core.main.ScriptEngine.runScriptAsRawText(ScriptEngine.java:119)
	at com.kms.katalon.core.main.TestCaseExecutor.runScript(TestCaseExecutor.java:448)
	at com.kms.katalon.core.main.TestCaseExecutor.doExecute(TestCaseExecutor.java:439)
	at com.kms.katalon.core.main.TestCaseExecutor.processExecutionPhase(TestCaseExecutor.java:418)
	at com.kms.katalon.core.main.TestCaseExecutor.accessMainPhase(TestCaseExecutor.java:410)
	at com.kms.katalon.core.main.TestCaseExecutor.execute(TestCaseExecutor.java:285)
	at com.kms.katalon.core.main.TestCaseMain.runTestCase(TestCaseMain.java:144)
	at com.kms.katalon.core.keyword.builtin.CallTestCaseKeyword$_callTestCase_closure1.doCall(CallTestCaseKeyword.groovy:59)
	... 25 more
Caused by: com.kms.katalon.core.exception.StepFailedException: Unable to set text 'null' of object 'Object Repository/Page_ParaBank  Welcome  Online Banking/txtUsername'
	... 41 more
Caused by: java.lang.IllegalArgumentException: Text is null
	at com.kms.katalon.core.webui.keyword.builtin.SetTextKeyword$_setText_closure1.doCall(SetTextKeyword.groovy:48)
	at com.kms.katalon.core.webui.keyword.builtin.SetTextKeyword$_setText_closure1.call(SetTextKeyword.groovy)
	at com.kms.katalon.core.webui.keyword.internal.WebUIKeywordMain.runKeyword(WebUIKeywordMain.groovy:20)
	... 39 more
)

2023-11-08 11:00:54 - [TEST_CASE][FAILED] - Test Cases/Reusable Test Cases/Login: Test Cases/Reusable Test Cases/Login FAILED.
Reason:
com.kms.katalon.core.exception.StepFailedException: Unable to set text 'null' of object 'Object Repository/Page_ParaBank  Welcome  Online Banking/txtUsername' (Root cause: com.kms.katalon.core.exception.StepFailedException: Unable to set text 'null' of object 'Object Repository/Page_ParaBank  Welcome  Online Banking/txtUsername'
	at com.kms.katalon.core.webui.keyword.internal.WebUIKeywordMain.stepFailed(WebUIKeywordMain.groovy:64)
	at com.kms.katalon.core.webui.keyword.internal.WebUIKeywordMain.runKeyword(WebUIKeywordMain.groovy:26)
	at com.kms.katalon.core.webui.keyword.builtin.SetTextKeyword.setText(SetTextKeyword.groovy:66)
	at com.kms.katalon.core.webui.keyword.builtin.SetTextKeyword.execute(SetTextKeyword.groovy:37)
	at com.kms.katalon.core.keyword.internal.KeywordExecutor.executeKeywordForPlatform(KeywordExecutor.groovy:74)
	at com.kms.katalon.core.webui.keyword.WebUiBuiltInKeywords.setText(WebUiBuiltInKeywords.groovy:980)
	at Login.run(Login:22)
	at com.kms.katalon.core.main.ScriptEngine.run(ScriptEngine.java:194)
	at com.kms.katalon.core.main.ScriptEngine.runScriptAsRawText(ScriptEngine.java:119)
	at com.kms.katalon.core.main.TestCaseExecutor.runScript(TestCaseExecutor.java:448)
	at com.kms.katalon.core.main.TestCaseExecutor.doExecute(TestCaseExecutor.java:439)
	at com.kms.katalon.core.main.TestCaseExecutor.processExecutionPhase(TestCaseExecutor.java:418)
	at com.kms.katalon.core.main.TestCaseExecutor.accessMainPhase(TestCaseExecutor.java:410)
	at com.kms.katalon.core.main.TestCaseExecutor.execute(TestCaseExecutor.java:285)
	at com.kms.katalon.core.main.TestCaseMain.runTestCase(TestCaseMain.java:144)
	at com.kms.katalon.core.keyword.builtin.CallTestCaseKeyword$_callTestCase_closure1.doCall(CallTestCaseKeyword.groovy:59)
	at com.kms.katalon.core.keyword.builtin.CallTestCaseKeyword$_callTestCase_closure1.call(CallTestCaseKeyword.groovy)
	at com.kms.katalon.core.keyword.internal.KeywordMain.runKeyword(KeywordMain.groovy:75)
	at com.kms.katalon.core.keyword.builtin.CallTestCaseKeyword.callTestCase(CallTestCaseKeyword.groovy:81)
	at com.kms.katalon.core.keyword.builtin.CallTestCaseKeyword.execute(CallTestCaseKeyword.groovy:44)
	at com.kms.katalon.core.keyword.internal.KeywordExecutor.executeKeywordForPlatform(KeywordExecutor.groovy:74)
	at com.kms.katalon.core.keyword.BuiltinKeywords.callTestCase(BuiltinKeywords.groovy:310)
	at java.base/jdk.internal.reflect.NativeMethodAccessorImpl.invoke0(Native Method)
	at java.base/jdk.internal.reflect.NativeMethodAccessorImpl.invoke(NativeMethodAccessorImpl.java:77)
	at java.base/jdk.internal.reflect.DelegatingMethodAccessorImpl.invoke(DelegatingMethodAccessorImpl.java:43)
	at MTC016 - Logout.run(MTC016 - Logout:20)
	at com.kms.katalon.core.main.ScriptEngine.run(ScriptEngine.java:194)
	at com.kms.katalon.core.main.ScriptEngine.runScriptAsRawText(ScriptEngine.java:119)
	at com.kms.katalon.core.main.TestCaseExecutor.runScript(TestCaseExecutor.java:448)
	at com.kms.katalon.core.main.TestCaseExecutor.doExecute(TestCaseExecutor.java:439)
	at com.kms.katalon.core.main.TestCaseExecutor.processExecutionPhase(TestCaseExecutor.java:418)
	at com.kms.katalon.core.main.TestCaseExecutor.accessMainPhase(TestCaseExecutor.java:410)
	at com.kms.katalon.core.main.TestCaseExecutor.execute(TestCaseExecutor.java:285)
	at com.kms.katalon.core.common.CommonExecutor.accessTestCaseMainPhase(CommonExecutor.java:65)
	at com.kms.katalon.core.main.TestSuiteExecutor.accessTestSuiteMainPhase(TestSuiteExecutor.java:148)
	at com.kms.katalon.core.main.TestSuiteExecutor.execute(TestSuiteExecutor.java:106)
	at com.kms.katalon.core.main.TestCaseMain.startTestSuite(TestCaseMain.java:187)
	at TempTestSuite1699458622452.run(TempTestSuite1699458622452.groovy:36)
	at java.base/jdk.internal.reflect.NativeMethodAccessorImpl.invoke0(Native Method)
	at java.base/jdk.internal.reflect.NativeMethodAccessorImpl.invoke(NativeMethodAccessorImpl.java:77)
	at java.base/jdk.internal.reflect.DelegatingMethodAccessorImpl.invoke(DelegatingMethodAccessorImpl.java:43)
Caused by: java.lang.IllegalArgumentException: Text is null
	at com.kms.katalon.core.webui.keyword.builtin.SetTextKeyword$_setText_closure1.doCall(SetTextKeyword.groovy:48)
	at com.kms.katalon.core.webui.keyword.builtin.SetTextKeyword$_setText_closure1.call(SetTextKeyword.groovy)
	at com.kms.katalon.core.webui.keyword.internal.WebUIKeywordMain.runKeyword(WebUIKeywordMain.groovy:20)
	at com.kms.katalon.core.webui.keyword.builtin.SetTextKeyword.setText(SetTextKeyword.groovy:66)
	at com.kms.katalon.core.webui.keyword.builtin.SetTextKeyword.execute(SetTextKeyword.groovy:37)
	at com.kms.katalon.core.keyword.internal.KeywordExecutor.executeKeywordForPlatform(KeywordExecutor.groovy:74)
	at com.kms.katalon.core.webui.keyword.WebUiBuiltInKeywords.setText(WebUiBuiltInKeywords.groovy:980)
	at Script1698671419553.run(Script1698671419553.groovy:22)
	at com.kms.katalon.core.main.ScriptEngine.run(ScriptEngine.java:194)
	at com.kms.katalon.core.main.ScriptEngine.runScriptAsRawText(ScriptEngine.java:119)
	at com.kms.katalon.core.main.TestCaseExecutor.runScript(TestCaseExecutor.java:448)
	at com.kms.katalon.core.main.TestCaseExecutor.doExecute(TestCaseExecutor.java:439)
	at com.kms.katalon.core.main.TestCaseExecutor.processExecutionPhase(TestCaseExecutor.java:418)
	at com.kms.katalon.core.main.TestCaseExecutor.accessMainPhase(TestCaseExecutor.java:410)
	at com.kms.katalon.core.main.TestCaseExecutor.execute(TestCaseExecutor.java:285)
	at com.kms.katalon.core.main.TestCaseMain.runTestCase(TestCaseMain.java:144)
	at com.kms.katalon.core.keyword.builtin.CallTestCaseKeyword$_callTestCase_closure1.doCall(CallTestCaseKeyword.groovy:59)
	at com.kms.katalon.core.keyword.builtin.CallTestCaseKeyword$_callTestCase_closure1.call(CallTestCaseKeyword.groovy)
	at com.kms.katalon.core.keyword.internal.KeywordMain.runKeyword(KeywordMain.groovy:75)
	at com.kms.katalon.core.keyword.builtin.CallTestCaseKeyword.callTestCase(CallTestCaseKeyword.groovy:81)
	at com.kms.katalon.core.keyword.builtin.CallTestCaseKeyword.execute(CallTestCaseKeyword.groovy:44)
	at com.kms.katalon.core.keyword.internal.KeywordExecutor.executeKeywordForPlatform(KeywordExecutor.groovy:74)
	at com.kms.katalon.core.keyword.BuiltinKeywords.callTestCase(BuiltinKeywords.groovy:310)
	at java.base/jdk.internal.reflect.NativeMethodAccessorImpl.invoke0(Native Method)
	at java.base/jdk.internal.reflect.NativeMethodAccessorImpl.invoke(NativeMethodAccessorImpl.java:77)
	at java.base/jdk.internal.reflect.DelegatingMethodAccessorImpl.invoke(DelegatingMethodAccessorImpl.java:43)
	at Script1699035767811.run(Script1699035767811.groovy:20)
	... 15 more
)
	at com.kms.katalon.core.keyword.internal.KeywordMain.stepFailed(KeywordMain.groovy:39)
	at com.kms.katalon.core.webui.keyword.internal.WebUIKeywordMain.stepFailed(WebUIKeywordMain.groovy:64)
	at com.kms.katalon.core.webui.keyword.internal.WebUIKeywordMain.runKeyword(WebUIKeywordMain.groovy:26)
	at com.kms.katalon.core.webui.keyword.builtin.SetTextKeyword.setText(SetTextKeyword.groovy:66)
	at com.kms.katalon.core.webui.keyword.builtin.SetTextKeyword.execute(SetTextKeyword.groovy:37)
	at com.kms.katalon.core.keyword.internal.KeywordExecutor.executeKeywordForPlatform(KeywordExecutor.groovy:74)
	at com.kms.katalon.core.webui.keyword.WebUiBuiltInKeywords.setText(WebUiBuiltInKeywords.groovy:980)
	at Login.run(Login:22)
	at com.kms.katalon.core.main.ScriptEngine.run(ScriptEngine.java:194)
	at com.kms.katalon.core.main.ScriptEngine.runScriptAsRawText(ScriptEngine.java:119)
	at com.kms.katalon.core.main.TestCaseExecutor.runScript(TestCaseExecutor.java:448)
	at com.kms.katalon.core.main.TestCaseExecutor.doExecute(TestCaseExecutor.java:439)
	at com.kms.katalon.core.main.TestCaseExecutor.processExecutionPhase(TestCaseExecutor.java:418)
	at com.kms.katalon.core.main.TestCaseExecutor.accessMainPhase(TestCaseExecutor.java:410)
	at com.kms.katalon.core.main.TestCaseExecutor.execute(TestCaseExecutor.java:285)
	at com.kms.katalon.core.main.TestCaseMain.runTestCase(TestCaseMain.java:144)
	at com.kms.katalon.core.keyword.builtin.CallTestCaseKeyword$_callTestCase_closure1.doCall(CallTestCaseKeyword.groovy:59)
	at com.kms.katalon.core.keyword.builtin.CallTestCaseKeyword$_callTestCase_closure1.call(CallTestCaseKeyword.groovy)
	at com.kms.katalon.core.keyword.internal.KeywordMain.runKeyword(KeywordMain.groovy:75)
	at com.kms.katalon.core.keyword.builtin.CallTestCaseKeyword.callTestCase(CallTestCaseKeyword.groovy:81)
	at com.kms.katalon.core.keyword.builtin.CallTestCaseKeyword.execute(CallTestCaseKeyword.groovy:44)
	at com.kms.katalon.core.keyword.internal.KeywordExecutor.executeKeywordForPlatform(KeywordExecutor.groovy:74)
	at com.kms.katalon.core.keyword.BuiltinKeywords.callTestCase(BuiltinKeywords.groovy:310)
	at java.base/jdk.internal.reflect.NativeMethodAccessorImpl.invoke0(Native Method)
	at java.base/jdk.internal.reflect.NativeMethodAccessorImpl.invoke(NativeMethodAccessorImpl.java:77)
	at java.base/jdk.internal.reflect.DelegatingMethodAccessorImpl.invoke(DelegatingMethodAccessorImpl.java:43)
	at MTC016 - Logout.run(MTC016 - Logout:20)
	at com.kms.katalon.core.main.ScriptEngine.run(ScriptEngine.java:194)
	at com.kms.katalon.core.main.ScriptEngine.runScriptAsRawText(ScriptEngine.java:119)
	at com.kms.katalon.core.main.TestCaseExecutor.runScript(TestCaseExecutor.java:448)
	at com.kms.katalon.core.main.TestCaseExecutor.doExecute(TestCaseExecutor.java:439)
	at com.kms.katalon.core.main.TestCaseExecutor.processExecutionPhase(TestCaseExecutor.java:418)
	at com.kms.katalon.core.main.TestCaseExecutor.accessMainPhase(TestCaseExecutor.java:410)
	at com.kms.katalon.core.main.TestCaseExecutor.execute(TestCaseExecutor.java:285)
	at com.kms.katalon.core.common.CommonExecutor.accessTestCaseMainPhase(CommonExecutor.java:65)
	at com.kms.katalon.core.main.TestSuiteExecutor.accessTestSuiteMainPhase(TestSuiteExecutor.java:148)
	at com.kms.katalon.core.main.TestSuiteExecutor.execute(TestSuiteExecutor.java:106)
	at com.kms.katalon.core.main.TestCaseMain.startTestSuite(TestCaseMain.java:187)
	at TempTestSuite1699458622452.run(TempTestSuite1699458622452.groovy:36)
	at java.base/jdk.internal.reflect.NativeMethodAccessorImpl.invoke0(Native Method)
	at java.base/jdk.internal.reflect.NativeMethodAccessorImpl.invoke(NativeMethodAccessorImpl.java:77)
	at java.base/jdk.internal.reflect.DelegatingMethodAccessorImpl.invoke(DelegatingMethodAccessorImpl.java:43)
Caused by: com.kms.katalon.core.exception.StepFailedException: Unable to set text 'null' of object 'Object Repository/Page_ParaBank  Welcome  Online Banking/txtUsername'
	... 41 more
Caused by: java.lang.IllegalArgumentException: Text is null
	at com.kms.katalon.core.webui.keyword.builtin.SetTextKeyword$_setText_closure1.doCall(SetTextKeyword.groovy:48)
	at com.kms.katalon.core.webui.keyword.builtin.SetTextKeyword$_setText_closure1.call(SetTextKeyword.groovy)
	at com.kms.katalon.core.webui.keyword.internal.WebUIKeywordMain.runKeyword(WebUIKeywordMain.groovy:20)
	... 39 more


2023-11-08 11:00:54 - [TEST_STEP][PASSED] - callTestCase(findTestCase("Reusable Test Cases/Open the webapp"), [:], CONTINUE_ON_FAILURE): Call Test Case 'Test Cases/Reusable Test Cases/Open the webapp' successfully

2023-11-08 11:00:54 - [TEST_CASE][PASSED] - Test Cases/Reusable Test Cases/Open the webapp: Test Cases/Reusable Test Cases/Open the webapp

2023-11-08 11:00:54 - [TEST_STEP][PASSED] - openBrowser(URL): Browser is opened with url: 'null'

2023-11-08 11:00:54 - [MESSAGE][INFO] - Starting 'Chrome (headless)' driver

2023-11-08 11:00:54 - [MESSAGE][INFO] - User set preference: ['property', '--window-size=1500,1000']

2023-11-08 11:00:54 - [MESSAGE][INFO] - User set preference: ['PATH', 'C:\Users\GKOKABAYEVA\Documents\Katalon training\ffmpeg-6.0']

2023-11-08 11:00:54 - [MESSAGE][INFO] - Action delay is set to 0 milliseconds

2023-11-08 11:00:56 - [MESSAGE][WARNING] - FFmpeg was not installed! Browser Recording will be disabled. Please follow this document to install FFmpeg first: https://docs.katalon.com/katalon-studio/docs/screenshots-videos.html#browser-based-recorder

2023-11-08 11:00:56 - [MESSAGE][PASSED] - Browser is opened with url: 'null'

2023-11-08 11:00:56 - [TEST_STEP][PASSED] - maximizeWindow(): Current window maximized

2023-11-08 11:00:56 - [MESSAGE][PASSED] - Current window maximized

2023-11-08 11:00:56 - [MESSAGE][PASSED] - Call Test Case 'Test Cases/Reusable Test Cases/Open the webapp' successfully

2023-11-08 11:00:56 - [TEST_STEP][FAILED] - setText(findTestObject("Page_ParaBank  Welcome  Online Banking/txtUsername"), username): Unable to set text 'null' of object 'Object Repository/Page_ParaBank  Welcome  Online Banking/txtUsername' (Root cause: com.kms.katalon.core.exception.StepFailedException: Unable to set text 'null' of object 'Object Repository/Page_ParaBank  Welcome  Online Banking/txtUsername'
	at com.kms.katalon.core.webui.keyword.internal.WebUIKeywordMain.stepFailed(WebUIKeywordMain.groovy:64)
	at com.kms.katalon.core.webui.keyword.internal.WebUIKeywordMain.runKeyword(WebUIKeywordMain.groovy:26)
	at com.kms.katalon.core.webui.keyword.builtin.SetTextKeyword.setText(SetTextKeyword.groovy:66)
	at com.kms.katalon.core.webui.keyword.builtin.SetTextKeyword.execute(SetTextKeyword.groovy:37)
	at com.kms.katalon.core.keyword.internal.KeywordExecutor.executeKeywordForPlatform(KeywordExecutor.groovy:74)
	at com.kms.katalon.core.webui.keyword.WebUiBuiltInKeywords.setText(WebUiBuiltInKeywords.groovy:980)
	at Login.run(Login:22)
	at com.kms.katalon.core.main.ScriptEngine.run(ScriptEngine.java:194)
	at com.kms.katalon.core.main.ScriptEngine.runScriptAsRawText(ScriptEngine.java:119)
	at com.kms.katalon.core.main.TestCaseExecutor.runScript(TestCaseExecutor.java:448)
	at com.kms.katalon.core.main.TestCaseExecutor.doExecute(TestCaseExecutor.java:439)
	at com.kms.katalon.core.main.TestCaseExecutor.processExecutionPhase(TestCaseExecutor.java:418)
	at com.kms.katalon.core.main.TestCaseExecutor.accessMainPhase(TestCaseExecutor.java:410)
	at com.kms.katalon.core.main.TestCaseExecutor.execute(TestCaseExecutor.java:285)
	at com.kms.katalon.core.main.TestCaseMain.runTestCase(TestCaseMain.java:144)
	at com.kms.katalon.core.keyword.builtin.CallTestCaseKeyword$_callTestCase_closure1.doCall(CallTestCaseKeyword.groovy:59)
	at com.kms.katalon.core.keyword.builtin.CallTestCaseKeyword$_callTestCase_closure1.call(CallTestCaseKeyword.groovy)
	at com.kms.katalon.core.keyword.internal.KeywordMain.runKeyword(KeywordMain.groovy:75)
	at com.kms.katalon.core.keyword.builtin.CallTestCaseKeyword.callTestCase(CallTestCaseKeyword.groovy:81)
	at com.kms.katalon.core.keyword.builtin.CallTestCaseKeyword.execute(CallTestCaseKeyword.groovy:44)
	at com.kms.katalon.core.keyword.internal.KeywordExecutor.executeKeywordForPlatform(KeywordExecutor.groovy:74)
	at com.kms.katalon.core.keyword.BuiltinKeywords.callTestCase(BuiltinKeywords.groovy:310)
	at java.base/jdk.internal.reflect.NativeMethodAccessorImpl.invoke0(Native Method)
	at java.base/jdk.internal.reflect.NativeMethodAccessorImpl.invoke(NativeMethodAccessorImpl.java:77)
	at java.base/jdk.internal.reflect.DelegatingMethodAccessorImpl.invoke(DelegatingMethodAccessorImpl.java:43)
	at MTC016 - Logout.run(MTC016 - Logout:20)
	at com.kms.katalon.core.main.ScriptEngine.run(ScriptEngine.java:194)
	at com.kms.katalon.core.main.ScriptEngine.runScriptAsRawText(ScriptEngine.java:119)
	at com.kms.katalon.core.main.TestCaseExecutor.runScript(TestCaseExecutor.java:448)
	at com.kms.katalon.core.main.TestCaseExecutor.doExecute(TestCaseExecutor.java:439)
	at com.kms.katalon.core.main.TestCaseExecutor.processExecutionPhase(TestCaseExecutor.java:418)
	at com.kms.katalon.core.main.TestCaseExecutor.accessMainPhase(TestCaseExecutor.java:410)
	at com.kms.katalon.core.main.TestCaseExecutor.execute(TestCaseExecutor.java:285)
	at com.kms.katalon.core.common.CommonExecutor.accessTestCaseMainPhase(CommonExecutor.java:65)
	at com.kms.katalon.core.main.TestSuiteExecutor.accessTestSuiteMainPhase(TestSuiteExecutor.java:148)
	at com.kms.katalon.core.main.TestSuiteExecutor.execute(TestSuiteExecutor.java:106)
	at com.kms.katalon.core.main.TestCaseMain.startTestSuite(TestCaseMain.java:187)
	at TempTestSuite1699458622452.run(TempTestSuite1699458622452.groovy:36)
	at java.base/jdk.internal.reflect.NativeMethodAccessorImpl.invoke0(Native Method)
	at java.base/jdk.internal.reflect.NativeMethodAccessorImpl.invoke(NativeMethodAccessorImpl.java:77)
	at java.base/jdk.internal.reflect.DelegatingMethodAccessorImpl.invoke(DelegatingMethodAccessorImpl.java:43)
Caused by: java.lang.IllegalArgumentException: Text is null
	at com.kms.katalon.core.webui.keyword.builtin.SetTextKeyword$_setText_closure1.doCall(SetTextKeyword.groovy:48)
	at com.kms.katalon.core.webui.keyword.builtin.SetTextKeyword$_setText_closure1.call(SetTextKeyword.groovy)
	at com.kms.katalon.core.webui.keyword.internal.WebUIKeywordMain.runKeyword(WebUIKeywordMain.groovy:20)
	at com.kms.katalon.core.webui.keyword.builtin.SetTextKeyword.setText(SetTextKeyword.groovy:66)
	at com.kms.katalon.core.webui.keyword.builtin.SetTextKeyword.execute(SetTextKeyword.groovy:37)
	at com.kms.katalon.core.keyword.internal.KeywordExecutor.executeKeywordForPlatform(KeywordExecutor.groovy:74)
	at com.kms.katalon.core.webui.keyword.WebUiBuiltInKeywords.setText(WebUiBuiltInKeywords.groovy:980)
	at Script1698671419553.run(Script1698671419553.groovy:22)
	at com.kms.katalon.core.main.ScriptEngine.run(ScriptEngine.java:194)
	at com.kms.katalon.core.main.ScriptEngine.runScriptAsRawText(ScriptEngine.java:119)
	at com.kms.katalon.core.main.TestCaseExecutor.runScript(TestCaseExecutor.java:448)
	at com.kms.katalon.core.main.TestCaseExecutor.doExecute(TestCaseExecutor.java:439)
	at com.kms.katalon.core.main.TestCaseExecutor.processExecutionPhase(TestCaseExecutor.java:418)
	at com.kms.katalon.core.main.TestCaseExecutor.accessMainPhase(TestCaseExecutor.java:410)
	at com.kms.katalon.core.main.TestCaseExecutor.execute(TestCaseExecutor.java:285)
	at com.kms.katalon.core.main.TestCaseMain.runTestCase(TestCaseMain.java:144)
	at com.kms.katalon.core.keyword.builtin.CallTestCaseKeyword$_callTestCase_closure1.doCall(CallTestCaseKeyword.groovy:59)
	at com.kms.katalon.core.keyword.builtin.CallTestCaseKeyword$_callTestCase_closure1.call(CallTestCaseKeyword.groovy)
	at com.kms.katalon.core.keyword.internal.KeywordMain.runKeyword(KeywordMain.groovy:75)
	at com.kms.katalon.core.keyword.builtin.CallTestCaseKeyword.callTestCase(CallTestCaseKeyword.groovy:81)
	at com.kms.katalon.core.keyword.builtin.CallTestCaseKeyword.execute(CallTestCaseKeyword.groovy:44)
	at com.kms.katalon.core.keyword.internal.KeywordExecutor.executeKeywordForPlatform(KeywordExecutor.groovy:74)
	at com.kms.katalon.core.keyword.BuiltinKeywords.callTestCase(BuiltinKeywords.groovy:310)
	at java.base/jdk.internal.reflect.NativeMethodAccessorImpl.invoke0(Native Method)
	at java.base/jdk.internal.reflect.NativeMethodAccessorImpl.invoke(NativeMethodAccessorImpl.java:77)
	at java.base/jdk.internal.reflect.DelegatingMethodAccessorImpl.invoke(DelegatingMethodAccessorImpl.java:43)
	at Script1699035767811.run(Script1699035767811.groovy:20)
	... 15 more
)

2023-11-08 11:00:56 - [MESSAGE][FAILED] - Unable to set text 'null' of object 'Object Repository/Page_ParaBank  Welcome  Online Banking/txtUsername' (Root cause: com.kms.katalon.core.exception.StepFailedException: Unable to set text 'null' of object 'Object Repository/Page_ParaBank  Welcome  Online Banking/txtUsername'
	at com.kms.katalon.core.webui.keyword.internal.WebUIKeywordMain.stepFailed(WebUIKeywordMain.groovy:64)
	at com.kms.katalon.core.webui.keyword.internal.WebUIKeywordMain.runKeyword(WebUIKeywordMain.groovy:26)
	at com.kms.katalon.core.webui.keyword.builtin.SetTextKeyword.setText(SetTextKeyword.groovy:66)
	at com.kms.katalon.core.webui.keyword.builtin.SetTextKeyword.execute(SetTextKeyword.groovy:37)
	at com.kms.katalon.core.keyword.internal.KeywordExecutor.executeKeywordForPlatform(KeywordExecutor.groovy:74)
	at com.kms.katalon.core.webui.keyword.WebUiBuiltInKeywords.setText(WebUiBuiltInKeywords.groovy:980)
	at Login.run(Login:22)
	at com.kms.katalon.core.main.ScriptEngine.run(ScriptEngine.java:194)
	at com.kms.katalon.core.main.ScriptEngine.runScriptAsRawText(ScriptEngine.java:119)
	at com.kms.katalon.core.main.TestCaseExecutor.runScript(TestCaseExecutor.java:448)
	at com.kms.katalon.core.main.TestCaseExecutor.doExecute(TestCaseExecutor.java:439)
	at com.kms.katalon.core.main.TestCaseExecutor.processExecutionPhase(TestCaseExecutor.java:418)
	at com.kms.katalon.core.main.TestCaseExecutor.accessMainPhase(TestCaseExecutor.java:410)
	at com.kms.katalon.core.main.TestCaseExecutor.execute(TestCaseExecutor.java:285)
	at com.kms.katalon.core.main.TestCaseMain.runTestCase(TestCaseMain.java:144)
	at com.kms.katalon.core.keyword.builtin.CallTestCaseKeyword$_callTestCase_closure1.doCall(CallTestCaseKeyword.groovy:59)
	at com.kms.katalon.core.keyword.builtin.CallTestCaseKeyword$_callTestCase_closure1.call(CallTestCaseKeyword.groovy)
	at com.kms.katalon.core.keyword.internal.KeywordMain.runKeyword(KeywordMain.groovy:75)
	at com.kms.katalon.core.keyword.builtin.CallTestCaseKeyword.callTestCase(CallTestCaseKeyword.groovy:81)
	at com.kms.katalon.core.keyword.builtin.CallTestCaseKeyword.execute(CallTestCaseKeyword.groovy:44)
	at com.kms.katalon.core.keyword.internal.KeywordExecutor.executeKeywordForPlatform(KeywordExecutor.groovy:74)
	at com.kms.katalon.core.keyword.BuiltinKeywords.callTestCase(BuiltinKeywords.groovy:310)
	at java.base/jdk.internal.reflect.NativeMethodAccessorImpl.invoke0(Native Method)
	at java.base/jdk.internal.reflect.NativeMethodAccessorImpl.invoke(NativeMethodAccessorImpl.java:77)
	at java.base/jdk.internal.reflect.DelegatingMethodAccessorImpl.invoke(DelegatingMethodAccessorImpl.java:43)
	at MTC016 - Logout.run(MTC016 - Logout:20)
	at com.kms.katalon.core.main.ScriptEngine.run(ScriptEngine.java:194)
	at com.kms.katalon.core.main.ScriptEngine.runScriptAsRawText(ScriptEngine.java:119)
	at com.kms.katalon.core.main.TestCaseExecutor.runScript(TestCaseExecutor.java:448)
	at com.kms.katalon.core.main.TestCaseExecutor.doExecute(TestCaseExecutor.java:439)
	at com.kms.katalon.core.main.TestCaseExecutor.processExecutionPhase(TestCaseExecutor.java:418)
	at com.kms.katalon.core.main.TestCaseExecutor.accessMainPhase(TestCaseExecutor.java:410)
	at com.kms.katalon.core.main.TestCaseExecutor.execute(TestCaseExecutor.java:285)
	at com.kms.katalon.core.common.CommonExecutor.accessTestCaseMainPhase(CommonExecutor.java:65)
	at com.kms.katalon.core.main.TestSuiteExecutor.accessTestSuiteMainPhase(TestSuiteExecutor.java:148)
	at com.kms.katalon.core.main.TestSuiteExecutor.execute(TestSuiteExecutor.java:106)
	at com.kms.katalon.core.main.TestCaseMain.startTestSuite(TestCaseMain.java:187)
	at TempTestSuite1699458622452.run(TempTestSuite1699458622452.groovy:36)
	at java.base/jdk.internal.reflect.NativeMethodAccessorImpl.invoke0(Native Method)
	at java.base/jdk.internal.reflect.NativeMethodAccessorImpl.invoke(NativeMethodAccessorImpl.java:77)
	at java.base/jdk.internal.reflect.DelegatingMethodAccessorImpl.invoke(DelegatingMethodAccessorImpl.java:43)
Caused by: java.lang.IllegalArgumentException: Text is null
	at com.kms.katalon.core.webui.keyword.builtin.SetTextKeyword$_setText_closure1.doCall(SetTextKeyword.groovy:48)
	at com.kms.katalon.core.webui.keyword.builtin.SetTextKeyword$_setText_closure1.call(SetTextKeyword.groovy)
	at com.kms.katalon.core.webui.keyword.internal.WebUIKeywordMain.runKeyword(WebUIKeywordMain.groovy:20)
	at com.kms.katalon.core.webui.keyword.builtin.SetTextKeyword.setText(SetTextKeyword.groovy:66)
	at com.kms.katalon.core.webui.keyword.builtin.SetTextKeyword.execute(SetTextKeyword.groovy:37)
	at com.kms.katalon.core.keyword.internal.KeywordExecutor.executeKeywordForPlatform(KeywordExecutor.groovy:74)
	at com.kms.katalon.core.webui.keyword.WebUiBuiltInKeywords.setText(WebUiBuiltInKeywords.groovy:980)
	at Script1698671419553.run(Script1698671419553.groovy:22)
	at com.kms.katalon.core.main.ScriptEngine.run(ScriptEngine.java:194)
	at com.kms.katalon.core.main.ScriptEngine.runScriptAsRawText(ScriptEngine.java:119)
	at com.kms.katalon.core.main.TestCaseExecutor.runScript(TestCaseExecutor.java:448)
	at com.kms.katalon.core.main.TestCaseExecutor.doExecute(TestCaseExecutor.java:439)
	at com.kms.katalon.core.main.TestCaseExecutor.processExecutionPhase(TestCaseExecutor.java:418)
	at com.kms.katalon.core.main.TestCaseExecutor.accessMainPhase(TestCaseExecutor.java:410)
	at com.kms.katalon.core.main.TestCaseExecutor.execute(TestCaseExecutor.java:285)
	at com.kms.katalon.core.main.TestCaseMain.runTestCase(TestCaseMain.java:144)
	at com.kms.katalon.core.keyword.builtin.CallTestCaseKeyword$_callTestCase_closure1.doCall(CallTestCaseKeyword.groovy:59)
	at com.kms.katalon.core.keyword.builtin.CallTestCaseKeyword$_callTestCase_closure1.call(CallTestCaseKeyword.groovy)
	at com.kms.katalon.core.keyword.internal.KeywordMain.runKeyword(KeywordMain.groovy:75)
	at com.kms.katalon.core.keyword.builtin.CallTestCaseKeyword.callTestCase(CallTestCaseKeyword.groovy:81)
	at com.kms.katalon.core.keyword.builtin.CallTestCaseKeyword.execute(CallTestCaseKeyword.groovy:44)
	at com.kms.katalon.core.keyword.internal.KeywordExecutor.executeKeywordForPlatform(KeywordExecutor.groovy:74)
	at com.kms.katalon.core.keyword.BuiltinKeywords.callTestCase(BuiltinKeywords.groovy:310)
	at java.base/jdk.internal.reflect.NativeMethodAccessorImpl.invoke0(Native Method)
	at java.base/jdk.internal.reflect.NativeMethodAccessorImpl.invoke(NativeMethodAccessorImpl.java:77)
	at java.base/jdk.internal.reflect.DelegatingMethodAccessorImpl.invoke(DelegatingMethodAccessorImpl.java:43)
	at Script1699035767811.run(Script1699035767811.groovy:20)
	... 15 more
)
[[ATTACHMENT|C:\\Users\\GKOKABAYEVA\\Katalon Studio\\Parabank\\Reports\\20231108_105022\\Smoke Test Suites\\STS002 - Login verification\\20231108_105022\\1699459256810.png]]

2023-11-08 11:00:56 - [TEST_STEP][FAILED] - setText(findTestObject("Page_ParaBank  Welcome  Online Banking/txtPassword"), findTestData("InternalData").getValue("password", 1)): Unable to set text 'Password' of object 'Object Repository/Page_ParaBank  Welcome  Online Banking/txtPassword' (Root cause: com.kms.katalon.core.exception.StepFailedException: Unable to set text 'Password' of object 'Object Repository/Page_ParaBank  Welcome  Online Banking/txtPassword'
	at com.kms.katalon.core.webui.keyword.internal.WebUIKeywordMain.stepFailed(WebUIKeywordMain.groovy:64)
	at com.kms.katalon.core.webui.keyword.internal.WebUIKeywordMain.runKeyword(WebUIKeywordMain.groovy:26)
	at com.kms.katalon.core.webui.keyword.builtin.SetTextKeyword.setText(SetTextKeyword.groovy:66)
	at com.kms.katalon.core.webui.keyword.builtin.SetTextKeyword.execute(SetTextKeyword.groovy:37)
	at com.kms.katalon.core.keyword.internal.KeywordExecutor.executeKeywordForPlatform(KeywordExecutor.groovy:74)
	at com.kms.katalon.core.webui.keyword.WebUiBuiltInKeywords.setText(WebUiBuiltInKeywords.groovy:980)
	at Login.run(Login:24)
	at com.kms.katalon.core.main.ScriptEngine.run(ScriptEngine.java:194)
	at com.kms.katalon.core.main.ScriptEngine.runScriptAsRawText(ScriptEngine.java:119)
	at com.kms.katalon.core.main.TestCaseExecutor.runScript(TestCaseExecutor.java:448)
	at com.kms.katalon.core.main.TestCaseExecutor.doExecute(TestCaseExecutor.java:439)
	at com.kms.katalon.core.main.TestCaseExecutor.processExecutionPhase(TestCaseExecutor.java:418)
	at com.kms.katalon.core.main.TestCaseExecutor.accessMainPhase(TestCaseExecutor.java:410)
	at com.kms.katalon.core.main.TestCaseExecutor.execute(TestCaseExecutor.java:285)
	at com.kms.katalon.core.main.TestCaseMain.runTestCase(TestCaseMain.java:144)
	at com.kms.katalon.core.keyword.builtin.CallTestCaseKeyword$_callTestCase_closure1.doCall(CallTestCaseKeyword.groovy:59)
	at com.kms.katalon.core.keyword.builtin.CallTestCaseKeyword$_callTestCase_closure1.call(CallTestCaseKeyword.groovy)
	at com.kms.katalon.core.keyword.internal.KeywordMain.runKeyword(KeywordMain.groovy:75)
	at com.kms.katalon.core.keyword.builtin.CallTestCaseKeyword.callTestCase(CallTestCaseKeyword.groovy:81)
	at com.kms.katalon.core.keyword.builtin.CallTestCaseKeyword.execute(CallTestCaseKeyword.groovy:44)
	at com.kms.katalon.core.keyword.internal.KeywordExecutor.executeKeywordForPlatform(KeywordExecutor.groovy:74)
	at com.kms.katalon.core.keyword.BuiltinKeywords.callTestCase(BuiltinKeywords.groovy:310)
	at java.base/jdk.internal.reflect.NativeMethodAccessorImpl.invoke0(Native Method)
	at java.base/jdk.internal.reflect.NativeMethodAccessorImpl.invoke(NativeMethodAccessorImpl.java:77)
	at java.base/jdk.internal.reflect.DelegatingMethodAccessorImpl.invoke(DelegatingMethodAccessorImpl.java:43)
	at MTC016 - Logout.run(MTC016 - Logout:20)
	at com.kms.katalon.core.main.ScriptEngine.run(ScriptEngine.java:194)
	at com.kms.katalon.core.main.ScriptEngine.runScriptAsRawText(ScriptEngine.java:119)
	at com.kms.katalon.core.main.TestCaseExecutor.runScript(TestCaseExecutor.java:448)
	at com.kms.katalon.core.main.TestCaseExecutor.doExecute(TestCaseExecutor.java:439)
	at com.kms.katalon.core.main.TestCaseExecutor.processExecutionPhase(TestCaseExecutor.java:418)
	at com.kms.katalon.core.main.TestCaseExecutor.accessMainPhase(TestCaseExecutor.java:410)
	at com.kms.katalon.core.main.TestCaseExecutor.execute(TestCaseExecutor.java:285)
	at com.kms.katalon.core.common.CommonExecutor.accessTestCaseMainPhase(CommonExecutor.java:65)
	at com.kms.katalon.core.main.TestSuiteExecutor.accessTestSuiteMainPhase(TestSuiteExecutor.java:148)
	at com.kms.katalon.core.main.TestSuiteExecutor.execute(TestSuiteExecutor.java:106)
	at com.kms.katalon.core.main.TestCaseMain.startTestSuite(TestCaseMain.java:187)
	at TempTestSuite1699458622452.run(TempTestSuite1699458622452.groovy:36)
	at java.base/jdk.internal.reflect.NativeMethodAccessorImpl.invoke0(Native Method)
	at java.base/jdk.internal.reflect.NativeMethodAccessorImpl.invoke(NativeMethodAccessorImpl.java:77)
	at java.base/jdk.internal.reflect.DelegatingMethodAccessorImpl.invoke(DelegatingMethodAccessorImpl.java:43)
Caused by: com.kms.katalon.core.webui.exception.WebElementNotFoundException: Web element with id: 'Object Repository/Page_ParaBank  Welcome  Online Banking/txtPassword' located by '//input[@name='password']' not found
	at com.kms.katalon.core.webui.common.WebUiCommonHelper.findWebElement(WebUiCommonHelper.java:1379)
	at com.kms.katalon.core.webui.keyword.internal.WebUIAbstractKeyword.findWebElement(WebUIAbstractKeyword.groovy:27)
	at com.kms.katalon.core.webui.keyword.internal.WebUIAbstractKeyword.findWebElement(WebUIAbstractKeyword.groovy:26)
	at com.kms.katalon.core.webui.keyword.builtin.SetTextKeyword$_setText_closure1.doCall(SetTextKeyword.groovy:51)
	at com.kms.katalon.core.webui.keyword.builtin.SetTextKeyword$_setText_closure1.call(SetTextKeyword.groovy)
	at com.kms.katalon.core.webui.keyword.internal.WebUIKeywordMain.runKeyword(WebUIKeywordMain.groovy:20)
	at com.kms.katalon.core.webui.keyword.builtin.SetTextKeyword.setText(SetTextKeyword.groovy:66)
	at com.kms.katalon.core.webui.keyword.builtin.SetTextKeyword.execute(SetTextKeyword.groovy:37)
	at com.kms.katalon.core.keyword.internal.KeywordExecutor.executeKeywordForPlatform(KeywordExecutor.groovy:74)
	at com.kms.katalon.core.webui.keyword.WebUiBuiltInKeywords.setText(WebUiBuiltInKeywords.groovy:980)
	at Script1698671419553.run(Script1698671419553.groovy:24)
	at com.kms.katalon.core.main.ScriptEngine.run(ScriptEngine.java:194)
	at com.kms.katalon.core.main.ScriptEngine.runScriptAsRawText(ScriptEngine.java:119)
	at com.kms.katalon.core.main.TestCaseExecutor.runScript(TestCaseExecutor.java:448)
	at com.kms.katalon.core.main.TestCaseExecutor.doExecute(TestCaseExecutor.java:439)
	at com.kms.katalon.core.main.TestCaseExecutor.processExecutionPhase(TestCaseExecutor.java:418)
	at com.kms.katalon.core.main.TestCaseExecutor.accessMainPhase(TestCaseExecutor.java:410)
	at com.kms.katalon.core.main.TestCaseExecutor.execute(TestCaseExecutor.java:285)
	at com.kms.katalon.core.main.TestCaseMain.runTestCase(TestCaseMain.java:144)
	at com.kms.katalon.core.keyword.builtin.CallTestCaseKeyword$_callTestCase_closure1.doCall(CallTestCaseKeyword.groovy:59)
	at com.kms.katalon.core.keyword.builtin.CallTestCaseKeyword$_callTestCase_closure1.call(CallTestCaseKeyword.groovy)
	at com.kms.katalon.core.keyword.internal.KeywordMain.runKeyword(KeywordMain.groovy:75)
	at com.kms.katalon.core.keyword.builtin.CallTestCaseKeyword.callTestCase(CallTestCaseKeyword.groovy:81)
	at com.kms.katalon.core.keyword.builtin.CallTestCaseKeyword.execute(CallTestCaseKeyword.groovy:44)
	at com.kms.katalon.core.keyword.internal.KeywordExecutor.executeKeywordForPlatform(KeywordExecutor.groovy:74)
	at com.kms.katalon.core.keyword.BuiltinKeywords.callTestCase(BuiltinKeywords.groovy:310)
	at java.base/jdk.internal.reflect.NativeMethodAccessorImpl.invoke0(Native Method)
	at java.base/jdk.internal.reflect.NativeMethodAccessorImpl.invoke(NativeMethodAccessorImpl.java:77)
	at java.base/jdk.internal.reflect.DelegatingMethodAccessorImpl.invoke(DelegatingMethodAccessorImpl.java:43)
	at Script1699035767811.run(Script1699035767811.groovy:20)
	... 15 more
)

2023-11-08 11:01:27 - [MESSAGE][INFO] - Unable to find the element located by 'By.xpath: //input[@name='password']'. Please recheck the objects properties to make sure the desired element is located. 

2023-11-08 11:01:27 - [MESSAGE][WARNING] - [SELF-HEALING] Failed to find element with id 'Object Repository/Page_ParaBank  Welcome  Online Banking/txtPassword'. Try using Self-healing.

2023-11-08 11:01:27 - [MESSAGE][INFO] - [SELF-HEALING] Failed Locator: '//input[@name='password']'.

2023-11-08 11:01:27 - [MESSAGE][INFO] - [SELF-HEALING] Failed Locator: '//div[@id='loginPanel']/form/div[2]/input'.

2023-11-08 11:01:27 - [MESSAGE][INFO] - [SELF-HEALING] Failed Locator: '//div[2]/input'.

2023-11-08 11:01:28 - [MESSAGE][INFO] - [SELF-HEALING] Failed Locator: '//input[@type = 'password' and @name = 'password']'.

2023-11-08 11:01:28 - [MESSAGE][INFO] - [SELF-HEALING] Failed Locator: '//input[@name='password']'.

2023-11-08 11:01:28 - [MESSAGE][INFO] - [SELF-HEALING] Failed Locator: '//div[@id='loginPanel']/form/div[2]/input'.

2023-11-08 11:01:28 - [MESSAGE][INFO] - [SELF-HEALING] Failed Locator: '//div[2]/input'.

2023-11-08 11:01:28 - [MESSAGE][INFO] - [SELF-HEALING] Failed Locator: '//input[@type = 'password' and @name = 'password']'.

2023-11-08 11:01:28 - [MESSAGE][INFO] - [SELF-HEALING] Failed Locator: '//input[@name='password']'.

2023-11-08 11:01:28 - [MESSAGE][INFO] - [SELF-HEALING] Failed Locator: '//div[@id='loginPanel']/form/div[2]/input'.

2023-11-08 11:01:28 - [MESSAGE][INFO] - [SELF-HEALING] Failed Locator: '//div[2]/input'.

2023-11-08 11:01:28 - [MESSAGE][INFO] - [SELF-HEALING] Failed Locator: '//input[@type = 'password' and @name = 'password']'.

2023-11-08 11:01:28 - [MESSAGE][INFO] - [SELF-HEALING] Failed Locator: '//input[@name='password']'.

2023-11-08 11:01:28 - [MESSAGE][INFO] - [SELF-HEALING] Failed Locator: '//div[@id='loginPanel']/form/div[2]/input'.

2023-11-08 11:01:28 - [MESSAGE][INFO] - [SELF-HEALING] Failed Locator: '//div[2]/input'.

2023-11-08 11:01:28 - [MESSAGE][INFO] - [SELF-HEALING] Failed Locator: '//input[@type = 'password' and @name = 'password']'.

2023-11-08 11:01:28 - [MESSAGE][INFO] - [SELF-HEALING] Failed Locator: '//input[@name='password']'.

2023-11-08 11:01:28 - [MESSAGE][INFO] - [SELF-HEALING] Failed Locator: '//div[@id='loginPanel']/form/div[2]/input'.

2023-11-08 11:01:28 - [MESSAGE][INFO] - [SELF-HEALING] Failed Locator: '//div[2]/input'.

2023-11-08 11:01:28 - [MESSAGE][INFO] - [SELF-HEALING] Failed Locator: '//input[@type = 'password' and @name = 'password']'.

2023-11-08 11:01:28 - [MESSAGE][INFO] - [SELF-HEALING] Failed Locator: '//input[@name='password']'.

2023-11-08 11:01:28 - [MESSAGE][INFO] - [SELF-HEALING] Failed Locator: '//div[@id='loginPanel']/form/div[2]/input'.

2023-11-08 11:01:28 - [MESSAGE][INFO] - [SELF-HEALING] Failed Locator: '//div[2]/input'.

2023-11-08 11:01:28 - [MESSAGE][INFO] - [SELF-HEALING] Failed Locator: '//input[@type = 'password' and @name = 'password']'.

2023-11-08 11:01:28 - [MESSAGE][INFO] - [SELF-HEALING] Failed Locator: '//input[@name='password']'.

2023-11-08 11:01:28 - [MESSAGE][INFO] - [SELF-HEALING] Failed Locator: '//div[@id='loginPanel']/form/div[2]/input'.

2023-11-08 11:01:28 - [MESSAGE][INFO] - [SELF-HEALING] Failed Locator: '//div[2]/input'.

2023-11-08 11:01:28 - [MESSAGE][INFO] - [SELF-HEALING] Failed Locator: '//input[@type = 'password' and @name = 'password']'.

2023-11-08 11:01:28 - [MESSAGE][INFO] - [SELF-HEALING] Failed Locator: '//input[@name='password']'.

2023-11-08 11:01:28 - [MESSAGE][INFO] - [SELF-HEALING] Failed Locator: '//div[@id='loginPanel']/form/div[2]/input'.

2023-11-08 11:01:28 - [MESSAGE][INFO] - [SELF-HEALING] Failed Locator: '//div[2]/input'.

2023-11-08 11:01:28 - [MESSAGE][INFO] - [SELF-HEALING] Failed Locator: '//input[@type = 'password' and @name = 'password']'.

2023-11-08 11:01:28 - [MESSAGE][INFO] - [SELF-HEALING] Failed Locator: '//input[@name='password']'.

2023-11-08 11:01:28 - [MESSAGE][INFO] - [SELF-HEALING] Failed Locator: '//div[@id='loginPanel']/form/div[2]/input'.

2023-11-08 11:01:28 - [MESSAGE][INFO] - [SELF-HEALING] Failed Locator: '//div[2]/input'.

2023-11-08 11:01:28 - [MESSAGE][INFO] - [SELF-HEALING] Failed Locator: '//input[@type = 'password' and @name = 'password']'.

2023-11-08 11:01:28 - [MESSAGE][INFO] - [SELF-HEALING] Failed Locator: '//input[@name='password']'.

2023-11-08 11:01:28 - [MESSAGE][INFO] - [SELF-HEALING] Failed Locator: '//div[@id='loginPanel']/form/div[2]/input'.

2023-11-08 11:01:28 - [MESSAGE][INFO] - [SELF-HEALING] Failed Locator: '//div[2]/input'.

2023-11-08 11:01:28 - [MESSAGE][INFO] - [SELF-HEALING] Failed Locator: '//input[@type = 'password' and @name = 'password']'.

2023-11-08 11:01:28 - [MESSAGE][INFO] - [SELF-HEALING] Failed Locator: '//input[@name='password']'.

2023-11-08 11:01:28 - [MESSAGE][INFO] - [SELF-HEALING] Failed Locator: '//div[@id='loginPanel']/form/div[2]/input'.

2023-11-08 11:01:28 - [MESSAGE][INFO] - [SELF-HEALING] Failed Locator: '//div[2]/input'.

2023-11-08 11:01:28 - [MESSAGE][INFO] - [SELF-HEALING] Failed Locator: '//input[@type = 'password' and @name = 'password']'.

2023-11-08 11:01:28 - [MESSAGE][INFO] - [SELF-HEALING] Failed Locator: '//input[@name='password']'.

2023-11-08 11:01:28 - [MESSAGE][INFO] - [SELF-HEALING] Failed Locator: '//div[@id='loginPanel']/form/div[2]/input'.

2023-11-08 11:01:28 - [MESSAGE][INFO] - [SELF-HEALING] Failed Locator: '//div[2]/input'.

2023-11-08 11:01:28 - [MESSAGE][INFO] - [SELF-HEALING] Failed Locator: '//input[@type = 'password' and @name = 'password']'.

2023-11-08 11:01:28 - [MESSAGE][INFO] - [SELF-HEALING] Failed Locator: '//input[@name='password']'.

2023-11-08 11:01:28 - [MESSAGE][INFO] - [SELF-HEALING] Failed Locator: '//div[@id='loginPanel']/form/div[2]/input'.

2023-11-08 11:01:28 - [MESSAGE][INFO] - [SELF-HEALING] Failed Locator: '//div[2]/input'.

2023-11-08 11:01:28 - [MESSAGE][INFO] - [SELF-HEALING] Failed Locator: '//input[@type = 'password' and @name = 'password']'.

2023-11-08 11:01:28 - [MESSAGE][INFO] - [SELF-HEALING] Failed Locator: '//input[@name='password']'.

2023-11-08 11:01:28 - [MESSAGE][INFO] - [SELF-HEALING] Failed Locator: '//div[@id='loginPanel']/form/div[2]/input'.

2023-11-08 11:01:28 - [MESSAGE][INFO] - [SELF-HEALING] Failed Locator: '//div[2]/input'.

2023-11-08 11:01:28 - [MESSAGE][INFO] - [SELF-HEALING] Failed Locator: '//input[@type = 'password' and @name = 'password']'.

2023-11-08 11:01:28 - [MESSAGE][INFO] - [SELF-HEALING] Failed Locator: '//input[@name='password']'.

2023-11-08 11:01:28 - [MESSAGE][INFO] - [SELF-HEALING] Failed Locator: '//div[@id='loginPanel']/form/div[2]/input'.

2023-11-08 11:01:28 - [MESSAGE][INFO] - [SELF-HEALING] Failed Locator: '//div[2]/input'.

2023-11-08 11:01:28 - [MESSAGE][INFO] - [SELF-HEALING] Failed Locator: '//input[@type = 'password' and @name = 'password']'.

2023-11-08 11:01:29 - [MESSAGE][INFO] - Unable to find the element located by 'By.xpath: //*[@type = 'password' and @name = 'password']'. Please recheck the objects properties to make sure the desired element is located. 

2023-11-08 11:01:30 - [MESSAGE][INFO] - Unable to find the element located by 'By.cssSelector: input[name="password"]'. Please recheck the objects properties to make sure the desired element is located. 

2023-11-08 11:01:31 - [MESSAGE][FAILED] - Unable to set text 'Password' of object 'Object Repository/Page_ParaBank  Welcome  Online Banking/txtPassword' (Root cause: com.kms.katalon.core.exception.StepFailedException: Unable to set text 'Password' of object 'Object Repository/Page_ParaBank  Welcome  Online Banking/txtPassword'
	at com.kms.katalon.core.webui.keyword.internal.WebUIKeywordMain.stepFailed(WebUIKeywordMain.groovy:64)
	at com.kms.katalon.core.webui.keyword.internal.WebUIKeywordMain.runKeyword(WebUIKeywordMain.groovy:26)
	at com.kms.katalon.core.webui.keyword.builtin.SetTextKeyword.setText(SetTextKeyword.groovy:66)
	at com.kms.katalon.core.webui.keyword.builtin.SetTextKeyword.execute(SetTextKeyword.groovy:37)
	at com.kms.katalon.core.keyword.internal.KeywordExecutor.executeKeywordForPlatform(KeywordExecutor.groovy:74)
	at com.kms.katalon.core.webui.keyword.WebUiBuiltInKeywords.setText(WebUiBuiltInKeywords.groovy:980)
	at Login.run(Login:24)
	at com.kms.katalon.core.main.ScriptEngine.run(ScriptEngine.java:194)
	at com.kms.katalon.core.main.ScriptEngine.runScriptAsRawText(ScriptEngine.java:119)
	at com.kms.katalon.core.main.TestCaseExecutor.runScript(TestCaseExecutor.java:448)
	at com.kms.katalon.core.main.TestCaseExecutor.doExecute(TestCaseExecutor.java:439)
	at com.kms.katalon.core.main.TestCaseExecutor.processExecutionPhase(TestCaseExecutor.java:418)
	at com.kms.katalon.core.main.TestCaseExecutor.accessMainPhase(TestCaseExecutor.java:410)
	at com.kms.katalon.core.main.TestCaseExecutor.execute(TestCaseExecutor.java:285)
	at com.kms.katalon.core.main.TestCaseMain.runTestCase(TestCaseMain.java:144)
	at com.kms.katalon.core.keyword.builtin.CallTestCaseKeyword$_callTestCase_closure1.doCall(CallTestCaseKeyword.groovy:59)
	at com.kms.katalon.core.keyword.builtin.CallTestCaseKeyword$_callTestCase_closure1.call(CallTestCaseKeyword.groovy)
	at com.kms.katalon.core.keyword.internal.KeywordMain.runKeyword(KeywordMain.groovy:75)
	at com.kms.katalon.core.keyword.builtin.CallTestCaseKeyword.callTestCase(CallTestCaseKeyword.groovy:81)
	at com.kms.katalon.core.keyword.builtin.CallTestCaseKeyword.execute(CallTestCaseKeyword.groovy:44)
	at com.kms.katalon.core.keyword.internal.KeywordExecutor.executeKeywordForPlatform(KeywordExecutor.groovy:74)
	at com.kms.katalon.core.keyword.BuiltinKeywords.callTestCase(BuiltinKeywords.groovy:310)
	at java.base/jdk.internal.reflect.NativeMethodAccessorImpl.invoke0(Native Method)
	at java.base/jdk.internal.reflect.NativeMethodAccessorImpl.invoke(NativeMethodAccessorImpl.java:77)
	at java.base/jdk.internal.reflect.DelegatingMethodAccessorImpl.invoke(DelegatingMethodAccessorImpl.java:43)
	at MTC016 - Logout.run(MTC016 - Logout:20)
	at com.kms.katalon.core.main.ScriptEngine.run(ScriptEngine.java:194)
	at com.kms.katalon.core.main.ScriptEngine.runScriptAsRawText(ScriptEngine.java:119)
	at com.kms.katalon.core.main.TestCaseExecutor.runScript(TestCaseExecutor.java:448)
	at com.kms.katalon.core.main.TestCaseExecutor.doExecute(TestCaseExecutor.java:439)
	at com.kms.katalon.core.main.TestCaseExecutor.processExecutionPhase(TestCaseExecutor.java:418)
	at com.kms.katalon.core.main.TestCaseExecutor.accessMainPhase(TestCaseExecutor.java:410)
	at com.kms.katalon.core.main.TestCaseExecutor.execute(TestCaseExecutor.java:285)
	at com.kms.katalon.core.common.CommonExecutor.accessTestCaseMainPhase(CommonExecutor.java:65)
	at com.kms.katalon.core.main.TestSuiteExecutor.accessTestSuiteMainPhase(TestSuiteExecutor.java:148)
	at com.kms.katalon.core.main.TestSuiteExecutor.execute(TestSuiteExecutor.java:106)
	at com.kms.katalon.core.main.TestCaseMain.startTestSuite(TestCaseMain.java:187)
	at TempTestSuite1699458622452.run(TempTestSuite1699458622452.groovy:36)
	at java.base/jdk.internal.reflect.NativeMethodAccessorImpl.invoke0(Native Method)
	at java.base/jdk.internal.reflect.NativeMethodAccessorImpl.invoke(NativeMethodAccessorImpl.java:77)
	at java.base/jdk.internal.reflect.DelegatingMethodAccessorImpl.invoke(DelegatingMethodAccessorImpl.java:43)
Caused by: com.kms.katalon.core.webui.exception.WebElementNotFoundException: Web element with id: 'Object Repository/Page_ParaBank  Welcome  Online Banking/txtPassword' located by '//input[@name='password']' not found
	at com.kms.katalon.core.webui.common.WebUiCommonHelper.findWebElement(WebUiCommonHelper.java:1379)
	at com.kms.katalon.core.webui.keyword.internal.WebUIAbstractKeyword.findWebElement(WebUIAbstractKeyword.groovy:27)
	at com.kms.katalon.core.webui.keyword.internal.WebUIAbstractKeyword.findWebElement(WebUIAbstractKeyword.groovy:26)
	at com.kms.katalon.core.webui.keyword.builtin.SetTextKeyword$_setText_closure1.doCall(SetTextKeyword.groovy:51)
	at com.kms.katalon.core.webui.keyword.builtin.SetTextKeyword$_setText_closure1.call(SetTextKeyword.groovy)
	at com.kms.katalon.core.webui.keyword.internal.WebUIKeywordMain.runKeyword(WebUIKeywordMain.groovy:20)
	at com.kms.katalon.core.webui.keyword.builtin.SetTextKeyword.setText(SetTextKeyword.groovy:66)
	at com.kms.katalon.core.webui.keyword.builtin.SetTextKeyword.execute(SetTextKeyword.groovy:37)
	at com.kms.katalon.core.keyword.internal.KeywordExecutor.executeKeywordForPlatform(KeywordExecutor.groovy:74)
	at com.kms.katalon.core.webui.keyword.WebUiBuiltInKeywords.setText(WebUiBuiltInKeywords.groovy:980)
	at Script1698671419553.run(Script1698671419553.groovy:24)
	at com.kms.katalon.core.main.ScriptEngine.run(ScriptEngine.java:194)
	at com.kms.katalon.core.main.ScriptEngine.runScriptAsRawText(ScriptEngine.java:119)
	at com.kms.katalon.core.main.TestCaseExecutor.runScript(TestCaseExecutor.java:448)
	at com.kms.katalon.core.main.TestCaseExecutor.doExecute(TestCaseExecutor.java:439)
	at com.kms.katalon.core.main.TestCaseExecutor.processExecutionPhase(TestCaseExecutor.java:418)
	at com.kms.katalon.core.main.TestCaseExecutor.accessMainPhase(TestCaseExecutor.java:410)
	at com.kms.katalon.core.main.TestCaseExecutor.execute(TestCaseExecutor.java:285)
	at com.kms.katalon.core.main.TestCaseMain.runTestCase(TestCaseMain.java:144)
	at com.kms.katalon.core.keyword.builtin.CallTestCaseKeyword$_callTestCase_closure1.doCall(CallTestCaseKeyword.groovy:59)
	at com.kms.katalon.core.keyword.builtin.CallTestCaseKeyword$_callTestCase_closure1.call(CallTestCaseKeyword.groovy)
	at com.kms.katalon.core.keyword.internal.KeywordMain.runKeyword(KeywordMain.groovy:75)
	at com.kms.katalon.core.keyword.builtin.CallTestCaseKeyword.callTestCase(CallTestCaseKeyword.groovy:81)
	at com.kms.katalon.core.keyword.builtin.CallTestCaseKeyword.execute(CallTestCaseKeyword.groovy:44)
	at com.kms.katalon.core.keyword.internal.KeywordExecutor.executeKeywordForPlatform(KeywordExecutor.groovy:74)
	at com.kms.katalon.core.keyword.BuiltinKeywords.callTestCase(BuiltinKeywords.groovy:310)
	at java.base/jdk.internal.reflect.NativeMethodAccessorImpl.invoke0(Native Method)
	at java.base/jdk.internal.reflect.NativeMethodAccessorImpl.invoke(NativeMethodAccessorImpl.java:77)
	at java.base/jdk.internal.reflect.DelegatingMethodAccessorImpl.invoke(DelegatingMethodAccessorImpl.java:43)
	at Script1699035767811.run(Script1699035767811.groovy:20)
	... 15 more
)
[[ATTACHMENT|C:\\Users\\GKOKABAYEVA\\Katalon Studio\\Parabank\\Reports\\20231108_105022\\Smoke Test Suites\\STS002 - Login verification\\20231108_105022\\1699459290995.png]]

2023-11-08 11:01:31 - [TEST_STEP][FAILED] - click(findTestObject("Page_ParaBank  Welcome  Online Banking/btnLogin")): Unable to click on object 'Object Repository/Page_ParaBank  Welcome  Online Banking/btnLogin' (Root cause: com.kms.katalon.core.exception.StepFailedException: Unable to click on object 'Object Repository/Page_ParaBank  Welcome  Online Banking/btnLogin'
	at com.kms.katalon.core.webui.keyword.internal.WebUIKeywordMain.stepFailed(WebUIKeywordMain.groovy:64)
	at com.kms.katalon.core.webui.keyword.internal.WebUIKeywordMain.runKeyword(WebUIKeywordMain.groovy:26)
	at com.kms.katalon.core.webui.keyword.builtin.ClickKeyword.click(ClickKeyword.groovy:74)
	at com.kms.katalon.core.webui.keyword.builtin.ClickKeyword.execute(ClickKeyword.groovy:40)
	at com.kms.katalon.core.keyword.internal.KeywordExecutor.executeKeywordForPlatform(KeywordExecutor.groovy:74)
	at com.kms.katalon.core.webui.keyword.WebUiBuiltInKeywords.click(WebUiBuiltInKeywords.groovy:620)
	at Login.run(Login:27)
	at com.kms.katalon.core.main.ScriptEngine.run(ScriptEngine.java:194)
	at com.kms.katalon.core.main.ScriptEngine.runScriptAsRawText(ScriptEngine.java:119)
	at com.kms.katalon.core.main.TestCaseExecutor.runScript(TestCaseExecutor.java:448)
	at com.kms.katalon.core.main.TestCaseExecutor.doExecute(TestCaseExecutor.java:439)
	at com.kms.katalon.core.main.TestCaseExecutor.processExecutionPhase(TestCaseExecutor.java:418)
	at com.kms.katalon.core.main.TestCaseExecutor.accessMainPhase(TestCaseExecutor.java:410)
	at com.kms.katalon.core.main.TestCaseExecutor.execute(TestCaseExecutor.java:285)
	at com.kms.katalon.core.main.TestCaseMain.runTestCase(TestCaseMain.java:144)
	at com.kms.katalon.core.keyword.builtin.CallTestCaseKeyword$_callTestCase_closure1.doCall(CallTestCaseKeyword.groovy:59)
	at com.kms.katalon.core.keyword.builtin.CallTestCaseKeyword$_callTestCase_closure1.call(CallTestCaseKeyword.groovy)
	at com.kms.katalon.core.keyword.internal.KeywordMain.runKeyword(KeywordMain.groovy:75)
	at com.kms.katalon.core.keyword.builtin.CallTestCaseKeyword.callTestCase(CallTestCaseKeyword.groovy:81)
	at com.kms.katalon.core.keyword.builtin.CallTestCaseKeyword.execute(CallTestCaseKeyword.groovy:44)
	at com.kms.katalon.core.keyword.internal.KeywordExecutor.executeKeywordForPlatform(KeywordExecutor.groovy:74)
	at com.kms.katalon.core.keyword.BuiltinKeywords.callTestCase(BuiltinKeywords.groovy:310)
	at java.base/jdk.internal.reflect.NativeMethodAccessorImpl.invoke0(Native Method)
	at java.base/jdk.internal.reflect.NativeMethodAccessorImpl.invoke(NativeMethodAccessorImpl.java:77)
	at java.base/jdk.internal.reflect.DelegatingMethodAccessorImpl.invoke(DelegatingMethodAccessorImpl.java:43)
	at MTC016 - Logout.run(MTC016 - Logout:20)
	at com.kms.katalon.core.main.ScriptEngine.run(ScriptEngine.java:194)
	at com.kms.katalon.core.main.ScriptEngine.runScriptAsRawText(ScriptEngine.java:119)
	at com.kms.katalon.core.main.TestCaseExecutor.runScript(TestCaseExecutor.java:448)
	at com.kms.katalon.core.main.TestCaseExecutor.doExecute(TestCaseExecutor.java:439)
	at com.kms.katalon.core.main.TestCaseExecutor.processExecutionPhase(TestCaseExecutor.java:418)
	at com.kms.katalon.core.main.TestCaseExecutor.accessMainPhase(TestCaseExecutor.java:410)
	at com.kms.katalon.core.main.TestCaseExecutor.execute(TestCaseExecutor.java:285)
	at com.kms.katalon.core.common.CommonExecutor.accessTestCaseMainPhase(CommonExecutor.java:65)
	at com.kms.katalon.core.main.TestSuiteExecutor.accessTestSuiteMainPhase(TestSuiteExecutor.java:148)
	at com.kms.katalon.core.main.TestSuiteExecutor.execute(TestSuiteExecutor.java:106)
	at com.kms.katalon.core.main.TestCaseMain.startTestSuite(TestCaseMain.java:187)
	at TempTestSuite1699458622452.run(TempTestSuite1699458622452.groovy:36)
	at java.base/jdk.internal.reflect.NativeMethodAccessorImpl.invoke0(Native Method)
	at java.base/jdk.internal.reflect.NativeMethodAccessorImpl.invoke(NativeMethodAccessorImpl.java:77)
	at java.base/jdk.internal.reflect.DelegatingMethodAccessorImpl.invoke(DelegatingMethodAccessorImpl.java:43)
Caused by: com.kms.katalon.core.webui.exception.WebElementNotFoundException: Web element with id: 'Object Repository/Page_ParaBank  Welcome  Online Banking/btnLogin' located by '//input[@value='Log In']' not found
	at com.kms.katalon.core.webui.common.WebUiCommonHelper.findWebElement(WebUiCommonHelper.java:1379)
	at com.kms.katalon.core.webui.keyword.internal.WebUIAbstractKeyword.findWebElement(WebUIAbstractKeyword.groovy:27)
	at com.kms.katalon.core.webui.keyword.builtin.ClickKeyword$_click_closure1.doCall(ClickKeyword.groovy:65)
	at com.kms.katalon.core.webui.keyword.builtin.ClickKeyword$_click_closure1.call(ClickKeyword.groovy)
	at com.kms.katalon.core.webui.keyword.internal.WebUIKeywordMain.runKeyword(WebUIKeywordMain.groovy:20)
	at com.kms.katalon.core.webui.keyword.builtin.ClickKeyword.click(ClickKeyword.groovy:74)
	at com.kms.katalon.core.webui.keyword.builtin.ClickKeyword.execute(ClickKeyword.groovy:40)
	at com.kms.katalon.core.keyword.internal.KeywordExecutor.executeKeywordForPlatform(KeywordExecutor.groovy:74)
	at com.kms.katalon.core.webui.keyword.WebUiBuiltInKeywords.click(WebUiBuiltInKeywords.groovy:620)
	at Script1698671419553.run(Script1698671419553.groovy:27)
	at com.kms.katalon.core.main.ScriptEngine.run(ScriptEngine.java:194)
	at com.kms.katalon.core.main.ScriptEngine.runScriptAsRawText(ScriptEngine.java:119)
	at com.kms.katalon.core.main.TestCaseExecutor.runScript(TestCaseExecutor.java:448)
	at com.kms.katalon.core.main.TestCaseExecutor.doExecute(TestCaseExecutor.java:439)
	at com.kms.katalon.core.main.TestCaseExecutor.processExecutionPhase(TestCaseExecutor.java:418)
	at com.kms.katalon.core.main.TestCaseExecutor.accessMainPhase(TestCaseExecutor.java:410)
	at com.kms.katalon.core.main.TestCaseExecutor.execute(TestCaseExecutor.java:285)
	at com.kms.katalon.core.main.TestCaseMain.runTestCase(TestCaseMain.java:144)
	at com.kms.katalon.core.keyword.builtin.CallTestCaseKeyword$_callTestCase_closure1.doCall(CallTestCaseKeyword.groovy:59)
	at com.kms.katalon.core.keyword.builtin.CallTestCaseKeyword$_callTestCase_closure1.call(CallTestCaseKeyword.groovy)
	at com.kms.katalon.core.keyword.internal.KeywordMain.runKeyword(KeywordMain.groovy:75)
	at com.kms.katalon.core.keyword.builtin.CallTestCaseKeyword.callTestCase(CallTestCaseKeyword.groovy:81)
	at com.kms.katalon.core.keyword.builtin.CallTestCaseKeyword.execute(CallTestCaseKeyword.groovy:44)
	at com.kms.katalon.core.keyword.internal.KeywordExecutor.executeKeywordForPlatform(KeywordExecutor.groovy:74)
	at com.kms.katalon.core.keyword.BuiltinKeywords.callTestCase(BuiltinKeywords.groovy:310)
	at java.base/jdk.internal.reflect.NativeMethodAccessorImpl.invoke0(Native Method)
	at java.base/jdk.internal.reflect.NativeMethodAccessorImpl.invoke(NativeMethodAccessorImpl.java:77)
	at java.base/jdk.internal.reflect.DelegatingMethodAccessorImpl.invoke(DelegatingMethodAccessorImpl.java:43)
	at Script1699035767811.run(Script1699035767811.groovy:20)
	... 15 more
)

2023-11-08 11:02:02 - [MESSAGE][INFO] - Unable to find the element located by 'By.xpath: //input[@value='Log In']'. Please recheck the objects properties to make sure the desired element is located. 

2023-11-08 11:02:02 - [MESSAGE][WARNING] - [SELF-HEALING] Failed to find element with id 'Object Repository/Page_ParaBank  Welcome  Online Banking/btnLogin'. Try using Self-healing.

2023-11-08 11:02:02 - [MESSAGE][INFO] - [SELF-HEALING] Failed Locator: '//input[@value='Log In']'.

2023-11-08 11:02:02 - [MESSAGE][INFO] - [SELF-HEALING] Failed Locator: '//div[@id='loginPanel']/form/div[3]/input'.

2023-11-08 11:02:02 - [MESSAGE][INFO] - [SELF-HEALING] Failed Locator: '//div[3]/input'.

2023-11-08 11:02:02 - [MESSAGE][INFO] - [SELF-HEALING] Failed Locator: '//input[@type = 'submit']'.

2023-11-08 11:02:02 - [MESSAGE][INFO] - [SELF-HEALING] Failed Locator: '//input[@value='Log In']'.

2023-11-08 11:02:02 - [MESSAGE][INFO] - [SELF-HEALING] Failed Locator: '//div[@id='loginPanel']/form/div[3]/input'.

2023-11-08 11:02:02 - [MESSAGE][INFO] - [SELF-HEALING] Failed Locator: '//div[3]/input'.

2023-11-08 11:02:02 - [MESSAGE][INFO] - [SELF-HEALING] Failed Locator: '//input[@type = 'submit']'.

2023-11-08 11:02:02 - [MESSAGE][INFO] - [SELF-HEALING] Failed Locator: '//input[@value='Log In']'.

2023-11-08 11:02:02 - [MESSAGE][INFO] - [SELF-HEALING] Failed Locator: '//div[@id='loginPanel']/form/div[3]/input'.

2023-11-08 11:02:02 - [MESSAGE][INFO] - [SELF-HEALING] Failed Locator: '//div[3]/input'.

2023-11-08 11:02:02 - [MESSAGE][INFO] - [SELF-HEALING] Failed Locator: '//input[@type = 'submit']'.

2023-11-08 11:02:02 - [MESSAGE][INFO] - [SELF-HEALING] Failed Locator: '//input[@value='Log In']'.

2023-11-08 11:02:02 - [MESSAGE][INFO] - [SELF-HEALING] Failed Locator: '//div[@id='loginPanel']/form/div[3]/input'.

2023-11-08 11:02:02 - [MESSAGE][INFO] - [SELF-HEALING] Failed Locator: '//div[3]/input'.

2023-11-08 11:02:02 - [MESSAGE][INFO] - [SELF-HEALING] Failed Locator: '//input[@type = 'submit']'.

2023-11-08 11:02:02 - [MESSAGE][INFO] - [SELF-HEALING] Failed Locator: '//input[@value='Log In']'.

2023-11-08 11:02:02 - [MESSAGE][INFO] - [SELF-HEALING] Failed Locator: '//div[@id='loginPanel']/form/div[3]/input'.

2023-11-08 11:02:02 - [MESSAGE][INFO] - [SELF-HEALING] Failed Locator: '//div[3]/input'.

2023-11-08 11:02:02 - [MESSAGE][INFO] - [SELF-HEALING] Failed Locator: '//input[@type = 'submit']'.

2023-11-08 11:02:02 - [MESSAGE][INFO] - [SELF-HEALING] Failed Locator: '//input[@value='Log In']'.

2023-11-08 11:02:02 - [MESSAGE][INFO] - [SELF-HEALING] Failed Locator: '//div[@id='loginPanel']/form/div[3]/input'.

2023-11-08 11:02:02 - [MESSAGE][INFO] - [SELF-HEALING] Failed Locator: '//div[3]/input'.

2023-11-08 11:02:02 - [MESSAGE][INFO] - [SELF-HEALING] Failed Locator: '//input[@type = 'submit']'.

2023-11-08 11:02:02 - [MESSAGE][INFO] - [SELF-HEALING] Failed Locator: '//input[@value='Log In']'.

2023-11-08 11:02:02 - [MESSAGE][INFO] - [SELF-HEALING] Failed Locator: '//div[@id='loginPanel']/form/div[3]/input'.

2023-11-08 11:02:02 - [MESSAGE][INFO] - [SELF-HEALING] Failed Locator: '//div[3]/input'.

2023-11-08 11:02:02 - [MESSAGE][INFO] - [SELF-HEALING] Failed Locator: '//input[@type = 'submit']'.

2023-11-08 11:02:02 - [MESSAGE][INFO] - [SELF-HEALING] Failed Locator: '//input[@value='Log In']'.

2023-11-08 11:02:02 - [MESSAGE][INFO] - [SELF-HEALING] Failed Locator: '//div[@id='loginPanel']/form/div[3]/input'.

2023-11-08 11:02:02 - [MESSAGE][INFO] - [SELF-HEALING] Failed Locator: '//div[3]/input'.

2023-11-08 11:02:02 - [MESSAGE][INFO] - [SELF-HEALING] Failed Locator: '//input[@type = 'submit']'.

2023-11-08 11:02:02 - [MESSAGE][INFO] - [SELF-HEALING] Failed Locator: '//input[@value='Log In']'.

2023-11-08 11:02:02 - [MESSAGE][INFO] - [SELF-HEALING] Failed Locator: '//div[@id='loginPanel']/form/div[3]/input'.

2023-11-08 11:02:02 - [MESSAGE][INFO] - [SELF-HEALING] Failed Locator: '//div[3]/input'.

2023-11-08 11:02:02 - [MESSAGE][INFO] - [SELF-HEALING] Failed Locator: '//input[@type = 'submit']'.

2023-11-08 11:02:02 - [MESSAGE][INFO] - [SELF-HEALING] Failed Locator: '//input[@value='Log In']'.

2023-11-08 11:02:02 - [MESSAGE][INFO] - [SELF-HEALING] Failed Locator: '//div[@id='loginPanel']/form/div[3]/input'.

2023-11-08 11:02:02 - [MESSAGE][INFO] - [SELF-HEALING] Failed Locator: '//div[3]/input'.

2023-11-08 11:02:02 - [MESSAGE][INFO] - [SELF-HEALING] Failed Locator: '//input[@type = 'submit']'.

2023-11-08 11:02:02 - [MESSAGE][INFO] - [SELF-HEALING] Failed Locator: '//input[@value='Log In']'.

2023-11-08 11:02:02 - [MESSAGE][INFO] - [SELF-HEALING] Failed Locator: '//div[@id='loginPanel']/form/div[3]/input'.

2023-11-08 11:02:02 - [MESSAGE][INFO] - [SELF-HEALING] Failed Locator: '//div[3]/input'.

2023-11-08 11:02:02 - [MESSAGE][INFO] - [SELF-HEALING] Failed Locator: '//input[@type = 'submit']'.

2023-11-08 11:02:02 - [MESSAGE][INFO] - [SELF-HEALING] Failed Locator: '//input[@value='Log In']'.

2023-11-08 11:02:02 - [MESSAGE][INFO] - [SELF-HEALING] Failed Locator: '//div[@id='loginPanel']/form/div[3]/input'.

2023-11-08 11:02:02 - [MESSAGE][INFO] - [SELF-HEALING] Failed Locator: '//div[3]/input'.

2023-11-08 11:02:02 - [MESSAGE][INFO] - [SELF-HEALING] Failed Locator: '//input[@type = 'submit']'.

2023-11-08 11:02:02 - [MESSAGE][INFO] - [SELF-HEALING] Failed Locator: '//input[@value='Log In']'.

2023-11-08 11:02:02 - [MESSAGE][INFO] - [SELF-HEALING] Failed Locator: '//div[@id='loginPanel']/form/div[3]/input'.

2023-11-08 11:02:03 - [MESSAGE][INFO] - [SELF-HEALING] Failed Locator: '//div[3]/input'.

2023-11-08 11:02:03 - [MESSAGE][INFO] - [SELF-HEALING] Failed Locator: '//input[@type = 'submit']'.

2023-11-08 11:02:03 - [MESSAGE][INFO] - [SELF-HEALING] Failed Locator: '//input[@value='Log In']'.

2023-11-08 11:02:03 - [MESSAGE][INFO] - [SELF-HEALING] Failed Locator: '//div[@id='loginPanel']/form/div[3]/input'.

2023-11-08 11:02:03 - [MESSAGE][INFO] - [SELF-HEALING] Failed Locator: '//div[3]/input'.

2023-11-08 11:02:03 - [MESSAGE][INFO] - [SELF-HEALING] Failed Locator: '//input[@type = 'submit']'.

2023-11-08 11:02:03 - [MESSAGE][INFO] - [SELF-HEALING] Failed Locator: '//input[@value='Log In']'.

2023-11-08 11:02:03 - [MESSAGE][INFO] - [SELF-HEALING] Failed Locator: '//div[@id='loginPanel']/form/div[3]/input'.

2023-11-08 11:02:03 - [MESSAGE][INFO] - [SELF-HEALING] Failed Locator: '//div[3]/input'.

2023-11-08 11:02:03 - [MESSAGE][INFO] - [SELF-HEALING] Failed Locator: '//input[@type = 'submit']'.

2023-11-08 11:02:04 - [MESSAGE][INFO] - Unable to find the element located by 'By.xpath: //*[@type = 'submit']'. Please recheck the objects properties to make sure the desired element is located. 

2023-11-08 11:02:05 - [MESSAGE][INFO] - Unable to find the element located by 'By.cssSelector: input.button'. Please recheck the objects properties to make sure the desired element is located. 

2023-11-08 11:02:05 - [MESSAGE][FAILED] - Unable to click on object 'Object Repository/Page_ParaBank  Welcome  Online Banking/btnLogin' (Root cause: com.kms.katalon.core.exception.StepFailedException: Unable to click on object 'Object Repository/Page_ParaBank  Welcome  Online Banking/btnLogin'
	at com.kms.katalon.core.webui.keyword.internal.WebUIKeywordMain.stepFailed(WebUIKeywordMain.groovy:64)
	at com.kms.katalon.core.webui.keyword.internal.WebUIKeywordMain.runKeyword(WebUIKeywordMain.groovy:26)
	at com.kms.katalon.core.webui.keyword.builtin.ClickKeyword.click(ClickKeyword.groovy:74)
	at com.kms.katalon.core.webui.keyword.builtin.ClickKeyword.execute(ClickKeyword.groovy:40)
	at com.kms.katalon.core.keyword.internal.KeywordExecutor.executeKeywordForPlatform(KeywordExecutor.groovy:74)
	at com.kms.katalon.core.webui.keyword.WebUiBuiltInKeywords.click(WebUiBuiltInKeywords.groovy:620)
	at Login.run(Login:27)
	at com.kms.katalon.core.main.ScriptEngine.run(ScriptEngine.java:194)
	at com.kms.katalon.core.main.ScriptEngine.runScriptAsRawText(ScriptEngine.java:119)
	at com.kms.katalon.core.main.TestCaseExecutor.runScript(TestCaseExecutor.java:448)
	at com.kms.katalon.core.main.TestCaseExecutor.doExecute(TestCaseExecutor.java:439)
	at com.kms.katalon.core.main.TestCaseExecutor.processExecutionPhase(TestCaseExecutor.java:418)
	at com.kms.katalon.core.main.TestCaseExecutor.accessMainPhase(TestCaseExecutor.java:410)
	at com.kms.katalon.core.main.TestCaseExecutor.execute(TestCaseExecutor.java:285)
	at com.kms.katalon.core.main.TestCaseMain.runTestCase(TestCaseMain.java:144)
	at com.kms.katalon.core.keyword.builtin.CallTestCaseKeyword$_callTestCase_closure1.doCall(CallTestCaseKeyword.groovy:59)
	at com.kms.katalon.core.keyword.builtin.CallTestCaseKeyword$_callTestCase_closure1.call(CallTestCaseKeyword.groovy)
	at com.kms.katalon.core.keyword.internal.KeywordMain.runKeyword(KeywordMain.groovy:75)
	at com.kms.katalon.core.keyword.builtin.CallTestCaseKeyword.callTestCase(CallTestCaseKeyword.groovy:81)
	at com.kms.katalon.core.keyword.builtin.CallTestCaseKeyword.execute(CallTestCaseKeyword.groovy:44)
	at com.kms.katalon.core.keyword.internal.KeywordExecutor.executeKeywordForPlatform(KeywordExecutor.groovy:74)
	at com.kms.katalon.core.keyword.BuiltinKeywords.callTestCase(BuiltinKeywords.groovy:310)
	at java.base/jdk.internal.reflect.NativeMethodAccessorImpl.invoke0(Native Method)
	at java.base/jdk.internal.reflect.NativeMethodAccessorImpl.invoke(NativeMethodAccessorImpl.java:77)
	at java.base/jdk.internal.reflect.DelegatingMethodAccessorImpl.invoke(DelegatingMethodAccessorImpl.java:43)
	at MTC016 - Logout.run(MTC016 - Logout:20)
	at com.kms.katalon.core.main.ScriptEngine.run(ScriptEngine.java:194)
	at com.kms.katalon.core.main.ScriptEngine.runScriptAsRawText(ScriptEngine.java:119)
	at com.kms.katalon.core.main.TestCaseExecutor.runScript(TestCaseExecutor.java:448)
	at com.kms.katalon.core.main.TestCaseExecutor.doExecute(TestCaseExecutor.java:439)
	at com.kms.katalon.core.main.TestCaseExecutor.processExecutionPhase(TestCaseExecutor.java:418)
	at com.kms.katalon.core.main.TestCaseExecutor.accessMainPhase(TestCaseExecutor.java:410)
	at com.kms.katalon.core.main.TestCaseExecutor.execute(TestCaseExecutor.java:285)
	at com.kms.katalon.core.common.CommonExecutor.accessTestCaseMainPhase(CommonExecutor.java:65)
	at com.kms.katalon.core.main.TestSuiteExecutor.accessTestSuiteMainPhase(TestSuiteExecutor.java:148)
	at com.kms.katalon.core.main.TestSuiteExecutor.execute(TestSuiteExecutor.java:106)
	at com.kms.katalon.core.main.TestCaseMain.startTestSuite(TestCaseMain.java:187)
	at TempTestSuite1699458622452.run(TempTestSuite1699458622452.groovy:36)
	at java.base/jdk.internal.reflect.NativeMethodAccessorImpl.invoke0(Native Method)
	at java.base/jdk.internal.reflect.NativeMethodAccessorImpl.invoke(NativeMethodAccessorImpl.java:77)
	at java.base/jdk.internal.reflect.DelegatingMethodAccessorImpl.invoke(DelegatingMethodAccessorImpl.java:43)
Caused by: com.kms.katalon.core.webui.exception.WebElementNotFoundException: Web element with id: 'Object Repository/Page_ParaBank  Welcome  Online Banking/btnLogin' located by '//input[@value='Log In']' not found
	at com.kms.katalon.core.webui.common.WebUiCommonHelper.findWebElement(WebUiCommonHelper.java:1379)
	at com.kms.katalon.core.webui.keyword.internal.WebUIAbstractKeyword.findWebElement(WebUIAbstractKeyword.groovy:27)
	at com.kms.katalon.core.webui.keyword.builtin.ClickKeyword$_click_closure1.doCall(ClickKeyword.groovy:65)
	at com.kms.katalon.core.webui.keyword.builtin.ClickKeyword$_click_closure1.call(ClickKeyword.groovy)
	at com.kms.katalon.core.webui.keyword.internal.WebUIKeywordMain.runKeyword(WebUIKeywordMain.groovy:20)
	at com.kms.katalon.core.webui.keyword.builtin.ClickKeyword.click(ClickKeyword.groovy:74)
	at com.kms.katalon.core.webui.keyword.builtin.ClickKeyword.execute(ClickKeyword.groovy:40)
	at com.kms.katalon.core.keyword.internal.KeywordExecutor.executeKeywordForPlatform(KeywordExecutor.groovy:74)
	at com.kms.katalon.core.webui.keyword.WebUiBuiltInKeywords.click(WebUiBuiltInKeywords.groovy:620)
	at Script1698671419553.run(Script1698671419553.groovy:27)
	at com.kms.katalon.core.main.ScriptEngine.run(ScriptEngine.java:194)
	at com.kms.katalon.core.main.ScriptEngine.runScriptAsRawText(ScriptEngine.java:119)
	at com.kms.katalon.core.main.TestCaseExecutor.runScript(TestCaseExecutor.java:448)
	at com.kms.katalon.core.main.TestCaseExecutor.doExecute(TestCaseExecutor.java:439)
	at com.kms.katalon.core.main.TestCaseExecutor.processExecutionPhase(TestCaseExecutor.java:418)
	at com.kms.katalon.core.main.TestCaseExecutor.accessMainPhase(TestCaseExecutor.java:410)
	at com.kms.katalon.core.main.TestCaseExecutor.execute(TestCaseExecutor.java:285)
	at com.kms.katalon.core.main.TestCaseMain.runTestCase(TestCaseMain.java:144)
	at com.kms.katalon.core.keyword.builtin.CallTestCaseKeyword$_callTestCase_closure1.doCall(CallTestCaseKeyword.groovy:59)
	at com.kms.katalon.core.keyword.builtin.CallTestCaseKeyword$_callTestCase_closure1.call(CallTestCaseKeyword.groovy)
	at com.kms.katalon.core.keyword.internal.KeywordMain.runKeyword(KeywordMain.groovy:75)
	at com.kms.katalon.core.keyword.builtin.CallTestCaseKeyword.callTestCase(CallTestCaseKeyword.groovy:81)
	at com.kms.katalon.core.keyword.builtin.CallTestCaseKeyword.execute(CallTestCaseKeyword.groovy:44)
	at com.kms.katalon.core.keyword.internal.KeywordExecutor.executeKeywordForPlatform(KeywordExecutor.groovy:74)
	at com.kms.katalon.core.keyword.BuiltinKeywords.callTestCase(BuiltinKeywords.groovy:310)
	at java.base/jdk.internal.reflect.NativeMethodAccessorImpl.invoke0(Native Method)
	at java.base/jdk.internal.reflect.NativeMethodAccessorImpl.invoke(NativeMethodAccessorImpl.java:77)
	at java.base/jdk.internal.reflect.DelegatingMethodAccessorImpl.invoke(DelegatingMethodAccessorImpl.java:43)
	at Script1699035767811.run(Script1699035767811.groovy:20)
	... 15 more
)
[[ATTACHMENT|C:\\Users\\GKOKABAYEVA\\Katalon Studio\\Parabank\\Reports\\20231108_105022\\Smoke Test Suites\\STS002 - Login verification\\20231108_105022\\1699459325188.png]]

2023-11-08 11:02:05 - [TEST_STEP][FAILED] - verifyElementText(findTestObject("Page_ParaBank  Accounts Overview/h1AccountsOverview"), expectedAccountsOverviewText): com.kms.katalon.core.webui.exception.WebElementNotFoundException: Web element with id: 'Object Repository/Page_ParaBank  Accounts Overview/h1AccountsOverview' located by '//div[@id='rightPanel']/div/div/h1' not found (Root cause: com.kms.katalon.core.exception.StepFailedException: com.kms.katalon.core.webui.exception.WebElementNotFoundException: Web element with id: 'Object Repository/Page_ParaBank  Accounts Overview/h1AccountsOverview' located by '//div[@id='rightPanel']/div/div/h1' not found
	at com.kms.katalon.core.webui.keyword.internal.WebUIKeywordMain.stepFailed(WebUIKeywordMain.groovy:64)
	at com.kms.katalon.core.webui.keyword.builtin.VerifyElementTextKeyword$_verifyElementText_closure1.doCall(VerifyElementTextKeyword.groovy:64)
	at com.kms.katalon.core.webui.keyword.builtin.VerifyElementTextKeyword$_verifyElementText_closure1.call(VerifyElementTextKeyword.groovy)
	at com.kms.katalon.core.webui.keyword.internal.WebUIKeywordMain.runKeyword(WebUIKeywordMain.groovy:20)
	at com.kms.katalon.core.webui.keyword.builtin.VerifyElementTextKeyword.verifyElementText(VerifyElementTextKeyword.groovy:72)
	at com.kms.katalon.core.webui.keyword.builtin.VerifyElementTextKeyword.execute(VerifyElementTextKeyword.groovy:40)
	at com.kms.katalon.core.keyword.internal.KeywordExecutor.executeKeywordForPlatform(KeywordExecutor.groovy:74)
	at com.kms.katalon.core.webui.keyword.WebUiBuiltInKeywords.verifyElementText(WebUiBuiltInKeywords.groovy:4796)
	at Login.run(Login:29)
	at com.kms.katalon.core.main.ScriptEngine.run(ScriptEngine.java:194)
	at com.kms.katalon.core.main.ScriptEngine.runScriptAsRawText(ScriptEngine.java:119)
	at com.kms.katalon.core.main.TestCaseExecutor.runScript(TestCaseExecutor.java:448)
	at com.kms.katalon.core.main.TestCaseExecutor.doExecute(TestCaseExecutor.java:439)
	at com.kms.katalon.core.main.TestCaseExecutor.processExecutionPhase(TestCaseExecutor.java:418)
	at com.kms.katalon.core.main.TestCaseExecutor.accessMainPhase(TestCaseExecutor.java:410)
	at com.kms.katalon.core.main.TestCaseExecutor.execute(TestCaseExecutor.java:285)
	at com.kms.katalon.core.main.TestCaseMain.runTestCase(TestCaseMain.java:144)
	at com.kms.katalon.core.keyword.builtin.CallTestCaseKeyword$_callTestCase_closure1.doCall(CallTestCaseKeyword.groovy:59)
	at com.kms.katalon.core.keyword.builtin.CallTestCaseKeyword$_callTestCase_closure1.call(CallTestCaseKeyword.groovy)
	at com.kms.katalon.core.keyword.internal.KeywordMain.runKeyword(KeywordMain.groovy:75)
	at com.kms.katalon.core.keyword.builtin.CallTestCaseKeyword.callTestCase(CallTestCaseKeyword.groovy:81)
	at com.kms.katalon.core.keyword.builtin.CallTestCaseKeyword.execute(CallTestCaseKeyword.groovy:44)
	at com.kms.katalon.core.keyword.internal.KeywordExecutor.executeKeywordForPlatform(KeywordExecutor.groovy:74)
	at com.kms.katalon.core.keyword.BuiltinKeywords.callTestCase(BuiltinKeywords.groovy:310)
	at java.base/jdk.internal.reflect.NativeMethodAccessorImpl.invoke0(Native Method)
	at java.base/jdk.internal.reflect.NativeMethodAccessorImpl.invoke(NativeMethodAccessorImpl.java:77)
	at java.base/jdk.internal.reflect.DelegatingMethodAccessorImpl.invoke(DelegatingMethodAccessorImpl.java:43)
	at MTC016 - Logout.run(MTC016 - Logout:20)
	at com.kms.katalon.core.main.ScriptEngine.run(ScriptEngine.java:194)
	at com.kms.katalon.core.main.ScriptEngine.runScriptAsRawText(ScriptEngine.java:119)
	at com.kms.katalon.core.main.TestCaseExecutor.runScript(TestCaseExecutor.java:448)
	at com.kms.katalon.core.main.TestCaseExecutor.doExecute(TestCaseExecutor.java:439)
	at com.kms.katalon.core.main.TestCaseExecutor.processExecutionPhase(TestCaseExecutor.java:418)
	at com.kms.katalon.core.main.TestCaseExecutor.accessMainPhase(TestCaseExecutor.java:410)
	at com.kms.katalon.core.main.TestCaseExecutor.execute(TestCaseExecutor.java:285)
	at com.kms.katalon.core.common.CommonExecutor.accessTestCaseMainPhase(CommonExecutor.java:65)
	at com.kms.katalon.core.main.TestSuiteExecutor.accessTestSuiteMainPhase(TestSuiteExecutor.java:148)
	at com.kms.katalon.core.main.TestSuiteExecutor.execute(TestSuiteExecutor.java:106)
	at com.kms.katalon.core.main.TestCaseMain.startTestSuite(TestCaseMain.java:187)
	at TempTestSuite1699458622452.run(TempTestSuite1699458622452.groovy:36)
	at java.base/jdk.internal.reflect.NativeMethodAccessorImpl.invoke0(Native Method)
	at java.base/jdk.internal.reflect.NativeMethodAccessorImpl.invoke(NativeMethodAccessorImpl.java:77)
	at java.base/jdk.internal.reflect.DelegatingMethodAccessorImpl.invoke(DelegatingMethodAccessorImpl.java:43)
)

2023-11-08 11:02:36 - [MESSAGE][INFO] - Unable to find the element located by 'By.xpath: //div[@id='rightPanel']/div/div/h1'. Please recheck the objects properties to make sure the desired element is located. 

2023-11-08 11:02:36 - [MESSAGE][WARNING] - [SELF-HEALING] Failed to find element with id 'Object Repository/Page_ParaBank  Accounts Overview/h1AccountsOverview'. Try using Self-healing.

2023-11-08 11:02:36 - [MESSAGE][INFO] - [SELF-HEALING] Failed Locator: '//div[@id='rightPanel']/div/div/h1'.

2023-11-08 11:02:36 - [MESSAGE][INFO] - [SELF-HEALING] Failed Locator: '//h1'.

2023-11-08 11:02:36 - [MESSAGE][INFO] - [SELF-HEALING] Failed Locator: '//h1[(text() = 'Accounts Overview' or . = 'Accounts Overview')]'.

2023-11-08 11:02:36 - [MESSAGE][INFO] - [SELF-HEALING] Failed Locator: '//div[@id='rightPanel']/div/div/h1'.

2023-11-08 11:02:36 - [MESSAGE][INFO] - [SELF-HEALING] Failed Locator: '//h1'.

2023-11-08 11:02:36 - [MESSAGE][INFO] - [SELF-HEALING] Failed Locator: '//h1[(text() = 'Accounts Overview' or . = 'Accounts Overview')]'.

2023-11-08 11:02:36 - [MESSAGE][INFO] - [SELF-HEALING] Failed Locator: '//div[@id='rightPanel']/div/div/h1'.

2023-11-08 11:02:36 - [MESSAGE][INFO] - [SELF-HEALING] Failed Locator: '//h1'.

2023-11-08 11:02:36 - [MESSAGE][INFO] - [SELF-HEALING] Failed Locator: '//h1[(text() = 'Accounts Overview' or . = 'Accounts Overview')]'.

2023-11-08 11:02:36 - [MESSAGE][INFO] - [SELF-HEALING] Failed Locator: '//div[@id='rightPanel']/div/div/h1'.

2023-11-08 11:02:36 - [MESSAGE][INFO] - [SELF-HEALING] Failed Locator: '//h1'.

2023-11-08 11:02:36 - [MESSAGE][INFO] - [SELF-HEALING] Failed Locator: '//h1[(text() = 'Accounts Overview' or . = 'Accounts Overview')]'.

2023-11-08 11:02:36 - [MESSAGE][INFO] - [SELF-HEALING] Failed Locator: '//div[@id='rightPanel']/div/div/h1'.

2023-11-08 11:02:36 - [MESSAGE][INFO] - [SELF-HEALING] Failed Locator: '//h1'.

2023-11-08 11:02:36 - [MESSAGE][INFO] - [SELF-HEALING] Failed Locator: '//h1[(text() = 'Accounts Overview' or . = 'Accounts Overview')]'.

2023-11-08 11:02:36 - [MESSAGE][INFO] - [SELF-HEALING] Failed Locator: '//div[@id='rightPanel']/div/div/h1'.

2023-11-08 11:02:36 - [MESSAGE][INFO] - [SELF-HEALING] Failed Locator: '//h1'.

2023-11-08 11:02:36 - [MESSAGE][INFO] - [SELF-HEALING] Failed Locator: '//h1[(text() = 'Accounts Overview' or . = 'Accounts Overview')]'.

2023-11-08 11:02:36 - [MESSAGE][INFO] - [SELF-HEALING] Failed Locator: '//div[@id='rightPanel']/div/div/h1'.

2023-11-08 11:02:36 - [MESSAGE][INFO] - [SELF-HEALING] Failed Locator: '//h1'.

2023-11-08 11:02:36 - [MESSAGE][INFO] - [SELF-HEALING] Failed Locator: '//h1[(text() = 'Accounts Overview' or . = 'Accounts Overview')]'.

2023-11-08 11:02:36 - [MESSAGE][INFO] - [SELF-HEALING] Failed Locator: '//div[@id='rightPanel']/div/div/h1'.

2023-11-08 11:02:36 - [MESSAGE][INFO] - [SELF-HEALING] Failed Locator: '//h1'.

2023-11-08 11:02:36 - [MESSAGE][INFO] - [SELF-HEALING] Failed Locator: '//h1[(text() = 'Accounts Overview' or . = 'Accounts Overview')]'.

2023-11-08 11:02:36 - [MESSAGE][INFO] - [SELF-HEALING] Failed Locator: '//div[@id='rightPanel']/div/div/h1'.

2023-11-08 11:02:36 - [MESSAGE][INFO] - [SELF-HEALING] Failed Locator: '//h1'.

2023-11-08 11:02:36 - [MESSAGE][INFO] - [SELF-HEALING] Failed Locator: '//h1[(text() = 'Accounts Overview' or . = 'Accounts Overview')]'.

2023-11-08 11:02:36 - [MESSAGE][INFO] - [SELF-HEALING] Failed Locator: '//div[@id='rightPanel']/div/div/h1'.

2023-11-08 11:02:36 - [MESSAGE][INFO] - [SELF-HEALING] Failed Locator: '//h1'.

2023-11-08 11:02:36 - [MESSAGE][INFO] - [SELF-HEALING] Failed Locator: '//h1[(text() = 'Accounts Overview' or . = 'Accounts Overview')]'.

2023-11-08 11:02:36 - [MESSAGE][INFO] - [SELF-HEALING] Failed Locator: '//div[@id='rightPanel']/div/div/h1'.

2023-11-08 11:02:36 - [MESSAGE][INFO] - [SELF-HEALING] Failed Locator: '//h1'.

2023-11-08 11:02:36 - [MESSAGE][INFO] - [SELF-HEALING] Failed Locator: '//h1[(text() = 'Accounts Overview' or . = 'Accounts Overview')]'.

2023-11-08 11:02:36 - [MESSAGE][INFO] - [SELF-HEALING] Failed Locator: '//div[@id='rightPanel']/div/div/h1'.

2023-11-08 11:02:36 - [MESSAGE][INFO] - [SELF-HEALING] Failed Locator: '//h1'.

2023-11-08 11:02:36 - [MESSAGE][INFO] - [SELF-HEALING] Failed Locator: '//h1[(text() = 'Accounts Overview' or . = 'Accounts Overview')]'.

2023-11-08 11:02:36 - [MESSAGE][INFO] - [SELF-HEALING] Failed Locator: '//div[@id='rightPanel']/div/div/h1'.

2023-11-08 11:02:36 - [MESSAGE][INFO] - [SELF-HEALING] Failed Locator: '//h1'.

2023-11-08 11:02:36 - [MESSAGE][INFO] - [SELF-HEALING] Failed Locator: '//h1[(text() = 'Accounts Overview' or . = 'Accounts Overview')]'.

2023-11-08 11:02:36 - [MESSAGE][INFO] - [SELF-HEALING] Failed Locator: '//div[@id='rightPanel']/div/div/h1'.

2023-11-08 11:02:36 - [MESSAGE][INFO] - [SELF-HEALING] Failed Locator: '//h1'.

2023-11-08 11:02:37 - [MESSAGE][INFO] - [SELF-HEALING] Failed Locator: '//h1[(text() = 'Accounts Overview' or . = 'Accounts Overview')]'.

2023-11-08 11:02:37 - [MESSAGE][INFO] - [SELF-HEALING] Failed Locator: '//div[@id='rightPanel']/div/div/h1'.

2023-11-08 11:02:37 - [MESSAGE][INFO] - [SELF-HEALING] Failed Locator: '//h1'.

2023-11-08 11:02:37 - [MESSAGE][INFO] - [SELF-HEALING] Failed Locator: '//h1[(text() = 'Accounts Overview' or . = 'Accounts Overview')]'.

2023-11-08 11:02:37 - [MESSAGE][INFO] - [SELF-HEALING] Failed Locator: '//div[@id='rightPanel']/div/div/h1'.

2023-11-08 11:02:37 - [MESSAGE][INFO] - [SELF-HEALING] Failed Locator: '//h1'.

2023-11-08 11:02:37 - [MESSAGE][INFO] - [SELF-HEALING] Failed Locator: '//h1[(text() = 'Accounts Overview' or . = 'Accounts Overview')]'.

2023-11-08 11:02:37 - [MESSAGE][INFO] - [SELF-HEALING] Failed Locator: '//div[@id='rightPanel']/div/div/h1'.

2023-11-08 11:02:37 - [MESSAGE][INFO] - [SELF-HEALING] Failed Locator: '//h1'.

2023-11-08 11:02:37 - [MESSAGE][INFO] - [SELF-HEALING] Failed Locator: '//h1[(text() = 'Accounts Overview' or . = 'Accounts Overview')]'.

2023-11-08 11:02:37 - [MESSAGE][INFO] - [SELF-HEALING] Failed Locator: '//div[@id='rightPanel']/div/div/h1'.

2023-11-08 11:02:37 - [MESSAGE][INFO] - [SELF-HEALING] Failed Locator: '//h1'.

2023-11-08 11:02:37 - [MESSAGE][INFO] - [SELF-HEALING] Failed Locator: '//h1[(text() = 'Accounts Overview' or . = 'Accounts Overview')]'.

2023-11-08 11:02:37 - [MESSAGE][INFO] - [SELF-HEALING] Failed Locator: '//div[@id='rightPanel']/div/div/h1'.

2023-11-08 11:02:37 - [MESSAGE][INFO] - [SELF-HEALING] Failed Locator: '//h1'.

2023-11-08 11:02:37 - [MESSAGE][INFO] - [SELF-HEALING] Failed Locator: '//h1[(text() = 'Accounts Overview' or . = 'Accounts Overview')]'.

2023-11-08 11:02:37 - [MESSAGE][INFO] - [SELF-HEALING] Failed Locator: '//div[@id='rightPanel']/div/div/h1'.

2023-11-08 11:02:37 - [MESSAGE][INFO] - [SELF-HEALING] Failed Locator: '//h1'.

2023-11-08 11:02:37 - [MESSAGE][INFO] - [SELF-HEALING] Failed Locator: '//h1[(text() = 'Accounts Overview' or . = 'Accounts Overview')]'.

2023-11-08 11:02:38 - [MESSAGE][INFO] - Unable to find the element located by 'By.xpath: //*[(text() = 'Accounts Overview' or . = 'Accounts Overview')]'. Please recheck the objects properties to make sure the desired element is located. 

2023-11-08 11:02:39 - [MESSAGE][INFO] - Unable to find the element located by 'By.cssSelector: h1.title'. Please recheck the objects properties to make sure the desired element is located. 

2023-11-08 11:02:39 - [MESSAGE][FAILED] - com.kms.katalon.core.webui.exception.WebElementNotFoundException: Web element with id: 'Object Repository/Page_ParaBank  Accounts Overview/h1AccountsOverview' located by '//div[@id='rightPanel']/div/div/h1' not found (Root cause: com.kms.katalon.core.exception.StepFailedException: com.kms.katalon.core.webui.exception.WebElementNotFoundException: Web element with id: 'Object Repository/Page_ParaBank  Accounts Overview/h1AccountsOverview' located by '//div[@id='rightPanel']/div/div/h1' not found
	at com.kms.katalon.core.webui.keyword.internal.WebUIKeywordMain.stepFailed(WebUIKeywordMain.groovy:64)
	at com.kms.katalon.core.webui.keyword.builtin.VerifyElementTextKeyword$_verifyElementText_closure1.doCall(VerifyElementTextKeyword.groovy:64)
	at com.kms.katalon.core.webui.keyword.builtin.VerifyElementTextKeyword$_verifyElementText_closure1.call(VerifyElementTextKeyword.groovy)
	at com.kms.katalon.core.webui.keyword.internal.WebUIKeywordMain.runKeyword(WebUIKeywordMain.groovy:20)
	at com.kms.katalon.core.webui.keyword.builtin.VerifyElementTextKeyword.verifyElementText(VerifyElementTextKeyword.groovy:72)
	at com.kms.katalon.core.webui.keyword.builtin.VerifyElementTextKeyword.execute(VerifyElementTextKeyword.groovy:40)
	at com.kms.katalon.core.keyword.internal.KeywordExecutor.executeKeywordForPlatform(KeywordExecutor.groovy:74)
	at com.kms.katalon.core.webui.keyword.WebUiBuiltInKeywords.verifyElementText(WebUiBuiltInKeywords.groovy:4796)
	at Login.run(Login:29)
	at com.kms.katalon.core.main.ScriptEngine.run(ScriptEngine.java:194)
	at com.kms.katalon.core.main.ScriptEngine.runScriptAsRawText(ScriptEngine.java:119)
	at com.kms.katalon.core.main.TestCaseExecutor.runScript(TestCaseExecutor.java:448)
	at com.kms.katalon.core.main.TestCaseExecutor.doExecute(TestCaseExecutor.java:439)
	at com.kms.katalon.core.main.TestCaseExecutor.processExecutionPhase(TestCaseExecutor.java:418)
	at com.kms.katalon.core.main.TestCaseExecutor.accessMainPhase(TestCaseExecutor.java:410)
	at com.kms.katalon.core.main.TestCaseExecutor.execute(TestCaseExecutor.java:285)
	at com.kms.katalon.core.main.TestCaseMain.runTestCase(TestCaseMain.java:144)
	at com.kms.katalon.core.keyword.builtin.CallTestCaseKeyword$_callTestCase_closure1.doCall(CallTestCaseKeyword.groovy:59)
	at com.kms.katalon.core.keyword.builtin.CallTestCaseKeyword$_callTestCase_closure1.call(CallTestCaseKeyword.groovy)
	at com.kms.katalon.core.keyword.internal.KeywordMain.runKeyword(KeywordMain.groovy:75)
	at com.kms.katalon.core.keyword.builtin.CallTestCaseKeyword.callTestCase(CallTestCaseKeyword.groovy:81)
	at com.kms.katalon.core.keyword.builtin.CallTestCaseKeyword.execute(CallTestCaseKeyword.groovy:44)
	at com.kms.katalon.core.keyword.internal.KeywordExecutor.executeKeywordForPlatform(KeywordExecutor.groovy:74)
	at com.kms.katalon.core.keyword.BuiltinKeywords.callTestCase(BuiltinKeywords.groovy:310)
	at java.base/jdk.internal.reflect.NativeMethodAccessorImpl.invoke0(Native Method)
	at java.base/jdk.internal.reflect.NativeMethodAccessorImpl.invoke(NativeMethodAccessorImpl.java:77)
	at java.base/jdk.internal.reflect.DelegatingMethodAccessorImpl.invoke(DelegatingMethodAccessorImpl.java:43)
	at MTC016 - Logout.run(MTC016 - Logout:20)
	at com.kms.katalon.core.main.ScriptEngine.run(ScriptEngine.java:194)
	at com.kms.katalon.core.main.ScriptEngine.runScriptAsRawText(ScriptEngine.java:119)
	at com.kms.katalon.core.main.TestCaseExecutor.runScript(TestCaseExecutor.java:448)
	at com.kms.katalon.core.main.TestCaseExecutor.doExecute(TestCaseExecutor.java:439)
	at com.kms.katalon.core.main.TestCaseExecutor.processExecutionPhase(TestCaseExecutor.java:418)
	at com.kms.katalon.core.main.TestCaseExecutor.accessMainPhase(TestCaseExecutor.java:410)
	at com.kms.katalon.core.main.TestCaseExecutor.execute(TestCaseExecutor.java:285)
	at com.kms.katalon.core.common.CommonExecutor.accessTestCaseMainPhase(CommonExecutor.java:65)
	at com.kms.katalon.core.main.TestSuiteExecutor.accessTestSuiteMainPhase(TestSuiteExecutor.java:148)
	at com.kms.katalon.core.main.TestSuiteExecutor.execute(TestSuiteExecutor.java:106)
	at com.kms.katalon.core.main.TestCaseMain.startTestSuite(TestCaseMain.java:187)
	at TempTestSuite1699458622452.run(TempTestSuite1699458622452.groovy:36)
	at java.base/jdk.internal.reflect.NativeMethodAccessorImpl.invoke0(Native Method)
	at java.base/jdk.internal.reflect.NativeMethodAccessorImpl.invoke(NativeMethodAccessorImpl.java:77)
	at java.base/jdk.internal.reflect.DelegatingMethodAccessorImpl.invoke(DelegatingMethodAccessorImpl.java:43)
)
[[ATTACHMENT|C:\\Users\\GKOKABAYEVA\\Katalon Studio\\Parabank\\Reports\\20231108_105022\\Smoke Test Suites\\STS002 - Login verification\\20231108_105022\\1699459359328.png]]

2023-11-08 11:02:39 - [MESSAGE][FAILED] - Unable to call Test Case 'Test Cases/Reusable Test Cases/Login' (Root cause: com.kms.katalon.core.exception.StepFailedException: Call Test Case 'Test Cases/Reusable Test Cases/Login' failed
	at com.kms.katalon.core.keyword.builtin.CallTestCaseKeyword$_callTestCase_closure1.doCall(CallTestCaseKeyword.groovy:63)
	at com.kms.katalon.core.keyword.builtin.CallTestCaseKeyword$_callTestCase_closure1.call(CallTestCaseKeyword.groovy)
	at com.kms.katalon.core.keyword.internal.KeywordMain.runKeyword(KeywordMain.groovy:75)
	at com.kms.katalon.core.keyword.builtin.CallTestCaseKeyword.callTestCase(CallTestCaseKeyword.groovy:81)
	at com.kms.katalon.core.keyword.builtin.CallTestCaseKeyword.execute(CallTestCaseKeyword.groovy:44)
	at com.kms.katalon.core.keyword.internal.KeywordExecutor.executeKeywordForPlatform(KeywordExecutor.groovy:74)
	at com.kms.katalon.core.keyword.BuiltinKeywords.callTestCase(BuiltinKeywords.groovy:310)
	at java.base/jdk.internal.reflect.NativeMethodAccessorImpl.invoke0(Native Method)
	at java.base/jdk.internal.reflect.NativeMethodAccessorImpl.invoke(NativeMethodAccessorImpl.java:77)
	at java.base/jdk.internal.reflect.DelegatingMethodAccessorImpl.invoke(DelegatingMethodAccessorImpl.java:43)
	at MTC016 - Logout.run(MTC016 - Logout:20)
	at com.kms.katalon.core.main.ScriptEngine.run(ScriptEngine.java:194)
	at com.kms.katalon.core.main.ScriptEngine.runScriptAsRawText(ScriptEngine.java:119)
	at com.kms.katalon.core.main.TestCaseExecutor.runScript(TestCaseExecutor.java:448)
	at com.kms.katalon.core.main.TestCaseExecutor.doExecute(TestCaseExecutor.java:439)
	at com.kms.katalon.core.main.TestCaseExecutor.processExecutionPhase(TestCaseExecutor.java:418)
	at com.kms.katalon.core.main.TestCaseExecutor.accessMainPhase(TestCaseExecutor.java:410)
	at com.kms.katalon.core.main.TestCaseExecutor.execute(TestCaseExecutor.java:285)
	at com.kms.katalon.core.common.CommonExecutor.accessTestCaseMainPhase(CommonExecutor.java:65)
	at com.kms.katalon.core.main.TestSuiteExecutor.accessTestSuiteMainPhase(TestSuiteExecutor.java:148)
	at com.kms.katalon.core.main.TestSuiteExecutor.execute(TestSuiteExecutor.java:106)
	at com.kms.katalon.core.main.TestCaseMain.startTestSuite(TestCaseMain.java:187)
	at TempTestSuite1699458622452.run(TempTestSuite1699458622452.groovy:36)
	at java.base/jdk.internal.reflect.NativeMethodAccessorImpl.invoke0(Native Method)
	at java.base/jdk.internal.reflect.NativeMethodAccessorImpl.invoke(NativeMethodAccessorImpl.java:77)
	at java.base/jdk.internal.reflect.DelegatingMethodAccessorImpl.invoke(DelegatingMethodAccessorImpl.java:43)
Caused by: com.kms.katalon.core.exception.StepFailedException: Unable to set text 'null' of object 'Object Repository/Page_ParaBank  Welcome  Online Banking/txtUsername' (Root cause: com.kms.katalon.core.exception.StepFailedException: Unable to set text 'null' of object 'Object Repository/Page_ParaBank  Welcome  Online Banking/txtUsername'
	at com.kms.katalon.core.webui.keyword.internal.WebUIKeywordMain.stepFailed(WebUIKeywordMain.groovy:64)
	at com.kms.katalon.core.webui.keyword.internal.WebUIKeywordMain.runKeyword(WebUIKeywordMain.groovy:26)
	at com.kms.katalon.core.webui.keyword.builtin.SetTextKeyword.setText(SetTextKeyword.groovy:66)
	at com.kms.katalon.core.webui.keyword.builtin.SetTextKeyword.execute(SetTextKeyword.groovy:37)
	at com.kms.katalon.core.keyword.internal.KeywordExecutor.executeKeywordForPlatform(KeywordExecutor.groovy:74)
	at com.kms.katalon.core.webui.keyword.WebUiBuiltInKeywords.setText(WebUiBuiltInKeywords.groovy:980)
	at Login.run(Login:22)
	at com.kms.katalon.core.main.ScriptEngine.run(ScriptEngine.java:194)
	at com.kms.katalon.core.main.ScriptEngine.runScriptAsRawText(ScriptEngine.java:119)
	at com.kms.katalon.core.main.TestCaseExecutor.runScript(TestCaseExecutor.java:448)
	at com.kms.katalon.core.main.TestCaseExecutor.doExecute(TestCaseExecutor.java:439)
	at com.kms.katalon.core.main.TestCaseExecutor.processExecutionPhase(TestCaseExecutor.java:418)
	at com.kms.katalon.core.main.TestCaseExecutor.accessMainPhase(TestCaseExecutor.java:410)
	at com.kms.katalon.core.main.TestCaseExecutor.execute(TestCaseExecutor.java:285)
	at com.kms.katalon.core.main.TestCaseMain.runTestCase(TestCaseMain.java:144)
	at com.kms.katalon.core.keyword.builtin.CallTestCaseKeyword$_callTestCase_closure1.doCall(CallTestCaseKeyword.groovy:59)
	at com.kms.katalon.core.keyword.builtin.CallTestCaseKeyword$_callTestCase_closure1.call(CallTestCaseKeyword.groovy)
	at com.kms.katalon.core.keyword.internal.KeywordMain.runKeyword(KeywordMain.groovy:75)
	at com.kms.katalon.core.keyword.builtin.CallTestCaseKeyword.callTestCase(CallTestCaseKeyword.groovy:81)
	at com.kms.katalon.core.keyword.builtin.CallTestCaseKeyword.execute(CallTestCaseKeyword.groovy:44)
	at com.kms.katalon.core.keyword.internal.KeywordExecutor.executeKeywordForPlatform(KeywordExecutor.groovy:74)
	at com.kms.katalon.core.keyword.BuiltinKeywords.callTestCase(BuiltinKeywords.groovy:310)
	at java.base/jdk.internal.reflect.NativeMethodAccessorImpl.invoke0(Native Method)
	at java.base/jdk.internal.reflect.NativeMethodAccessorImpl.invoke(NativeMethodAccessorImpl.java:77)
	at java.base/jdk.internal.reflect.DelegatingMethodAccessorImpl.invoke(DelegatingMethodAccessorImpl.java:43)
	at MTC016 - Logout.run(MTC016 - Logout:20)
	at com.kms.katalon.core.main.ScriptEngine.run(ScriptEngine.java:194)
	at com.kms.katalon.core.main.ScriptEngine.runScriptAsRawText(ScriptEngine.java:119)
	at com.kms.katalon.core.main.TestCaseExecutor.runScript(TestCaseExecutor.java:448)
	at com.kms.katalon.core.main.TestCaseExecutor.doExecute(TestCaseExecutor.java:439)
	at com.kms.katalon.core.main.TestCaseExecutor.processExecutionPhase(TestCaseExecutor.java:418)
	at com.kms.katalon.core.main.TestCaseExecutor.accessMainPhase(TestCaseExecutor.java:410)
	at com.kms.katalon.core.main.TestCaseExecutor.execute(TestCaseExecutor.java:285)
	at com.kms.katalon.core.common.CommonExecutor.accessTestCaseMainPhase(CommonExecutor.java:65)
	at com.kms.katalon.core.main.TestSuiteExecutor.accessTestSuiteMainPhase(TestSuiteExecutor.java:148)
	at com.kms.katalon.core.main.TestSuiteExecutor.execute(TestSuiteExecutor.java:106)
	at com.kms.katalon.core.main.TestCaseMain.startTestSuite(TestCaseMain.java:187)
	at TempTestSuite1699458622452.run(TempTestSuite1699458622452.groovy:36)
	at java.base/jdk.internal.reflect.NativeMethodAccessorImpl.invoke0(Native Method)
	at java.base/jdk.internal.reflect.NativeMethodAccessorImpl.invoke(NativeMethodAccessorImpl.java:77)
	at java.base/jdk.internal.reflect.DelegatingMethodAccessorImpl.invoke(DelegatingMethodAccessorImpl.java:43)
Caused by: java.lang.IllegalArgumentException: Text is null
	at com.kms.katalon.core.webui.keyword.builtin.SetTextKeyword$_setText_closure1.doCall(SetTextKeyword.groovy:48)
	at com.kms.katalon.core.webui.keyword.builtin.SetTextKeyword$_setText_closure1.call(SetTextKeyword.groovy)
	at com.kms.katalon.core.webui.keyword.internal.WebUIKeywordMain.runKeyword(WebUIKeywordMain.groovy:20)
	at com.kms.katalon.core.webui.keyword.builtin.SetTextKeyword.setText(SetTextKeyword.groovy:66)
	at com.kms.katalon.core.webui.keyword.builtin.SetTextKeyword.execute(SetTextKeyword.groovy:37)
	at com.kms.katalon.core.keyword.internal.KeywordExecutor.executeKeywordForPlatform(KeywordExecutor.groovy:74)
	at com.kms.katalon.core.webui.keyword.WebUiBuiltInKeywords.setText(WebUiBuiltInKeywords.groovy:980)
	at Script1698671419553.run(Script1698671419553.groovy:22)
	at com.kms.katalon.core.main.ScriptEngine.run(ScriptEngine.java:194)
	at com.kms.katalon.core.main.ScriptEngine.runScriptAsRawText(ScriptEngine.java:119)
	at com.kms.katalon.core.main.TestCaseExecutor.runScript(TestCaseExecutor.java:448)
	at com.kms.katalon.core.main.TestCaseExecutor.doExecute(TestCaseExecutor.java:439)
	at com.kms.katalon.core.main.TestCaseExecutor.processExecutionPhase(TestCaseExecutor.java:418)
	at com.kms.katalon.core.main.TestCaseExecutor.accessMainPhase(TestCaseExecutor.java:410)
	at com.kms.katalon.core.main.TestCaseExecutor.execute(TestCaseExecutor.java:285)
	at com.kms.katalon.core.main.TestCaseMain.runTestCase(TestCaseMain.java:144)
	at com.kms.katalon.core.keyword.builtin.CallTestCaseKeyword$_callTestCase_closure1.doCall(CallTestCaseKeyword.groovy:59)
	at com.kms.katalon.core.keyword.builtin.CallTestCaseKeyword$_callTestCase_closure1.call(CallTestCaseKeyword.groovy)
	at com.kms.katalon.core.keyword.internal.KeywordMain.runKeyword(KeywordMain.groovy:75)
	at com.kms.katalon.core.keyword.builtin.CallTestCaseKeyword.callTestCase(CallTestCaseKeyword.groovy:81)
	at com.kms.katalon.core.keyword.builtin.CallTestCaseKeyword.execute(CallTestCaseKeyword.groovy:44)
	at com.kms.katalon.core.keyword.internal.KeywordExecutor.executeKeywordForPlatform(KeywordExecutor.groovy:74)
	at com.kms.katalon.core.keyword.BuiltinKeywords.callTestCase(BuiltinKeywords.groovy:310)
	at java.base/jdk.internal.reflect.NativeMethodAccessorImpl.invoke0(Native Method)
	at java.base/jdk.internal.reflect.NativeMethodAccessorImpl.invoke(NativeMethodAccessorImpl.java:77)
	at java.base/jdk.internal.reflect.DelegatingMethodAccessorImpl.invoke(DelegatingMethodAccessorImpl.java:43)
	at Script1699035767811.run(Script1699035767811.groovy:20)
	... 15 more
)
	at com.kms.katalon.core.keyword.internal.KeywordMain.stepFailed(KeywordMain.groovy:39)
	at com.kms.katalon.core.webui.keyword.internal.WebUIKeywordMain.stepFailed(WebUIKeywordMain.groovy:64)
	at com.kms.katalon.core.webui.keyword.internal.WebUIKeywordMain.runKeyword(WebUIKeywordMain.groovy:26)
	at com.kms.katalon.core.webui.keyword.builtin.SetTextKeyword.setText(SetTextKeyword.groovy:66)
	at com.kms.katalon.core.webui.keyword.builtin.SetTextKeyword.execute(SetTextKeyword.groovy:37)
	at com.kms.katalon.core.keyword.internal.KeywordExecutor.executeKeywordForPlatform(KeywordExecutor.groovy:74)
	at com.kms.katalon.core.webui.keyword.WebUiBuiltInKeywords.setText(WebUiBuiltInKeywords.groovy:980)
	at Login.run(Login:22)
	at com.kms.katalon.core.main.ScriptEngine.run(ScriptEngine.java:194)
	at com.kms.katalon.core.main.ScriptEngine.runScriptAsRawText(ScriptEngine.java:119)
	at com.kms.katalon.core.main.TestCaseExecutor.runScript(TestCaseExecutor.java:448)
	at com.kms.katalon.core.main.TestCaseExecutor.doExecute(TestCaseExecutor.java:439)
	at com.kms.katalon.core.main.TestCaseExecutor.processExecutionPhase(TestCaseExecutor.java:418)
	at com.kms.katalon.core.main.TestCaseExecutor.accessMainPhase(TestCaseExecutor.java:410)
	at com.kms.katalon.core.main.TestCaseExecutor.execute(TestCaseExecutor.java:285)
	at com.kms.katalon.core.main.TestCaseMain.runTestCase(TestCaseMain.java:144)
	at com.kms.katalon.core.keyword.builtin.CallTestCaseKeyword$_callTestCase_closure1.doCall(CallTestCaseKeyword.groovy:59)
	... 25 more
Caused by: com.kms.katalon.core.exception.StepFailedException: Unable to set text 'null' of object 'Object Repository/Page_ParaBank  Welcome  Online Banking/txtUsername'
	... 41 more
Caused by: java.lang.IllegalArgumentException: Text is null
	at com.kms.katalon.core.webui.keyword.builtin.SetTextKeyword$_setText_closure1.doCall(SetTextKeyword.groovy:48)
	at com.kms.katalon.core.webui.keyword.builtin.SetTextKeyword$_setText_closure1.call(SetTextKeyword.groovy)
	at com.kms.katalon.core.webui.keyword.internal.WebUIKeywordMain.runKeyword(WebUIKeywordMain.groovy:20)
	... 39 more
)

2023-11-08 11:02:39 - [TEST_STEP][FAILED] - click(findTestObject("Page_ParaBank  Accounts Overview/lnkLogOut")): Unable to click on object (Root cause: com.kms.katalon.core.exception.StepFailedException: Unable to click on object
	at com.kms.katalon.core.webui.keyword.internal.WebUIKeywordMain.stepFailed(WebUIKeywordMain.groovy:64)
	at com.kms.katalon.core.webui.keyword.internal.WebUIKeywordMain.runKeyword(WebUIKeywordMain.groovy:26)
	at com.kms.katalon.core.webui.keyword.builtin.ClickKeyword.click(ClickKeyword.groovy:74)
	at com.kms.katalon.core.webui.keyword.builtin.ClickKeyword.execute(ClickKeyword.groovy:40)
	at com.kms.katalon.core.keyword.internal.KeywordExecutor.executeKeywordForPlatform(KeywordExecutor.groovy:74)
	at com.kms.katalon.core.webui.keyword.WebUiBuiltInKeywords.click(WebUiBuiltInKeywords.groovy:620)
	at MTC016 - Logout.run(MTC016 - Logout:22)
	at com.kms.katalon.core.main.ScriptEngine.run(ScriptEngine.java:194)
	at com.kms.katalon.core.main.ScriptEngine.runScriptAsRawText(ScriptEngine.java:119)
	at com.kms.katalon.core.main.TestCaseExecutor.runScript(TestCaseExecutor.java:448)
	at com.kms.katalon.core.main.TestCaseExecutor.doExecute(TestCaseExecutor.java:439)
	at com.kms.katalon.core.main.TestCaseExecutor.processExecutionPhase(TestCaseExecutor.java:418)
	at com.kms.katalon.core.main.TestCaseExecutor.accessMainPhase(TestCaseExecutor.java:410)
	at com.kms.katalon.core.main.TestCaseExecutor.execute(TestCaseExecutor.java:285)
	at com.kms.katalon.core.common.CommonExecutor.accessTestCaseMainPhase(CommonExecutor.java:65)
	at com.kms.katalon.core.main.TestSuiteExecutor.accessTestSuiteMainPhase(TestSuiteExecutor.java:148)
	at com.kms.katalon.core.main.TestSuiteExecutor.execute(TestSuiteExecutor.java:106)
	at com.kms.katalon.core.main.TestCaseMain.startTestSuite(TestCaseMain.java:187)
	at TempTestSuite1699458622452.run(TempTestSuite1699458622452.groovy:36)
	at java.base/jdk.internal.reflect.NativeMethodAccessorImpl.invoke0(Native Method)
	at java.base/jdk.internal.reflect.NativeMethodAccessorImpl.invoke(NativeMethodAccessorImpl.java:77)
	at java.base/jdk.internal.reflect.DelegatingMethodAccessorImpl.invoke(DelegatingMethodAccessorImpl.java:43)
Caused by: java.lang.IllegalArgumentException: Object is null
	at com.kms.katalon.core.helper.KeywordHelper.checkTestObjectParameter(KeywordHelper.java:33)
	at com.kms.katalon.core.webui.keyword.builtin.ClickKeyword$_click_closure1.doCall(ClickKeyword.groovy:62)
	at com.kms.katalon.core.webui.keyword.builtin.ClickKeyword$_click_closure1.call(ClickKeyword.groovy)
	at com.kms.katalon.core.webui.keyword.internal.WebUIKeywordMain.runKeyword(WebUIKeywordMain.groovy:20)
	at com.kms.katalon.core.webui.keyword.builtin.ClickKeyword.click(ClickKeyword.groovy:74)
	at com.kms.katalon.core.webui.keyword.builtin.ClickKeyword.execute(ClickKeyword.groovy:40)
	at com.kms.katalon.core.keyword.internal.KeywordExecutor.executeKeywordForPlatform(KeywordExecutor.groovy:74)
	at com.kms.katalon.core.webui.keyword.WebUiBuiltInKeywords.click(WebUiBuiltInKeywords.groovy:620)
	at Script1699035767811.run(Script1699035767811.groovy:22)
	... 15 more
)

2023-11-08 11:02:39 - [MESSAGE][WARNING] - Test object with id 'Object Repository/Page_ParaBank  Accounts Overview/lnkLogOut' does not exist

2023-11-08 11:02:39 - [MESSAGE][WARNING] - Test object with id 'Object Repository/' does not exist

2023-11-08 11:02:39 - [MESSAGE][FAILED] - Unable to click on object (Root cause: com.kms.katalon.core.exception.StepFailedException: Unable to click on object
	at com.kms.katalon.core.webui.keyword.internal.WebUIKeywordMain.stepFailed(WebUIKeywordMain.groovy:64)
	at com.kms.katalon.core.webui.keyword.internal.WebUIKeywordMain.runKeyword(WebUIKeywordMain.groovy:26)
	at com.kms.katalon.core.webui.keyword.builtin.ClickKeyword.click(ClickKeyword.groovy:74)
	at com.kms.katalon.core.webui.keyword.builtin.ClickKeyword.execute(ClickKeyword.groovy:40)
	at com.kms.katalon.core.keyword.internal.KeywordExecutor.executeKeywordForPlatform(KeywordExecutor.groovy:74)
	at com.kms.katalon.core.webui.keyword.WebUiBuiltInKeywords.click(WebUiBuiltInKeywords.groovy:620)
	at MTC016 - Logout.run(MTC016 - Logout:22)
	at com.kms.katalon.core.main.ScriptEngine.run(ScriptEngine.java:194)
	at com.kms.katalon.core.main.ScriptEngine.runScriptAsRawText(ScriptEngine.java:119)
	at com.kms.katalon.core.main.TestCaseExecutor.runScript(TestCaseExecutor.java:448)
	at com.kms.katalon.core.main.TestCaseExecutor.doExecute(TestCaseExecutor.java:439)
	at com.kms.katalon.core.main.TestCaseExecutor.processExecutionPhase(TestCaseExecutor.java:418)
	at com.kms.katalon.core.main.TestCaseExecutor.accessMainPhase(TestCaseExecutor.java:410)
	at com.kms.katalon.core.main.TestCaseExecutor.execute(TestCaseExecutor.java:285)
	at com.kms.katalon.core.common.CommonExecutor.accessTestCaseMainPhase(CommonExecutor.java:65)
	at com.kms.katalon.core.main.TestSuiteExecutor.accessTestSuiteMainPhase(TestSuiteExecutor.java:148)
	at com.kms.katalon.core.main.TestSuiteExecutor.execute(TestSuiteExecutor.java:106)
	at com.kms.katalon.core.main.TestCaseMain.startTestSuite(TestCaseMain.java:187)
	at TempTestSuite1699458622452.run(TempTestSuite1699458622452.groovy:36)
	at java.base/jdk.internal.reflect.NativeMethodAccessorImpl.invoke0(Native Method)
	at java.base/jdk.internal.reflect.NativeMethodAccessorImpl.invoke(NativeMethodAccessorImpl.java:77)
	at java.base/jdk.internal.reflect.DelegatingMethodAccessorImpl.invoke(DelegatingMethodAccessorImpl.java:43)
Caused by: java.lang.IllegalArgumentException: Object is null
	at com.kms.katalon.core.helper.KeywordHelper.checkTestObjectParameter(KeywordHelper.java:33)
	at com.kms.katalon.core.webui.keyword.builtin.ClickKeyword$_click_closure1.doCall(ClickKeyword.groovy:62)
	at com.kms.katalon.core.webui.keyword.builtin.ClickKeyword$_click_closure1.call(ClickKeyword.groovy)
	at com.kms.katalon.core.webui.keyword.internal.WebUIKeywordMain.runKeyword(WebUIKeywordMain.groovy:20)
	at com.kms.katalon.core.webui.keyword.builtin.ClickKeyword.click(ClickKeyword.groovy:74)
	at com.kms.katalon.core.webui.keyword.builtin.ClickKeyword.execute(ClickKeyword.groovy:40)
	at com.kms.katalon.core.keyword.internal.KeywordExecutor.executeKeywordForPlatform(KeywordExecutor.groovy:74)
	at com.kms.katalon.core.webui.keyword.WebUiBuiltInKeywords.click(WebUiBuiltInKeywords.groovy:620)
	at Script1699035767811.run(Script1699035767811.groovy:22)
	... 15 more
)
[[ATTACHMENT|C:\\Users\\GKOKABAYEVA\\Katalon Studio\\Parabank\\Reports\\20231108_105022\\Smoke Test Suites\\STS002 - Login verification\\20231108_105022\\1699459359409.png]]

2023-11-08 11:02:39 - [TEST_STEP][PASSED] - navigateToUrl("https://parabank.parasoft.com/parabank/index.htm?ConnType=JDBC"): Navigate to 'https://parabank.parasoft.com/parabank/index.htm?ConnType=JDBC' successfully

2023-11-08 11:02:42 - [MESSAGE][PASSED] - Navigate to 'https://parabank.parasoft.com/parabank/index.htm?ConnType=JDBC' successfully

2023-11-08 11:02:42 - [TEST_STEP][FAILED] - verifyElementText(findTestObject("Object Repository/Page_ParaBank  Welcome  Online Banking/lnkATMServices"), "ATM Services"): com.kms.katalon.core.webui.exception.WebElementNotFoundException: Web element with id: 'Object Repository/Page_ParaBank  Welcome  Online Banking/lnkATMServices' located by '//div[@id='rightPanel']/ul/li' not found (Root cause: com.kms.katalon.core.exception.StepFailedException: com.kms.katalon.core.webui.exception.WebElementNotFoundException: Web element with id: 'Object Repository/Page_ParaBank  Welcome  Online Banking/lnkATMServices' located by '//div[@id='rightPanel']/ul/li' not found
	at com.kms.katalon.core.webui.keyword.internal.WebUIKeywordMain.stepFailed(WebUIKeywordMain.groovy:64)
	at com.kms.katalon.core.webui.keyword.builtin.VerifyElementTextKeyword$_verifyElementText_closure1.doCall(VerifyElementTextKeyword.groovy:64)
	at com.kms.katalon.core.webui.keyword.builtin.VerifyElementTextKeyword$_verifyElementText_closure1.call(VerifyElementTextKeyword.groovy)
	at com.kms.katalon.core.webui.keyword.internal.WebUIKeywordMain.runKeyword(WebUIKeywordMain.groovy:20)
	at com.kms.katalon.core.webui.keyword.builtin.VerifyElementTextKeyword.verifyElementText(VerifyElementTextKeyword.groovy:72)
	at com.kms.katalon.core.webui.keyword.builtin.VerifyElementTextKeyword.execute(VerifyElementTextKeyword.groovy:40)
	at com.kms.katalon.core.keyword.internal.KeywordExecutor.executeKeywordForPlatform(KeywordExecutor.groovy:74)
	at com.kms.katalon.core.webui.keyword.WebUiBuiltInKeywords.verifyElementText(WebUiBuiltInKeywords.groovy:4796)
	at MTC016 - Logout.run(MTC016 - Logout:26)
	at com.kms.katalon.core.main.ScriptEngine.run(ScriptEngine.java:194)
	at com.kms.katalon.core.main.ScriptEngine.runScriptAsRawText(ScriptEngine.java:119)
	at com.kms.katalon.core.main.TestCaseExecutor.runScript(TestCaseExecutor.java:448)
	at com.kms.katalon.core.main.TestCaseExecutor.doExecute(TestCaseExecutor.java:439)
	at com.kms.katalon.core.main.TestCaseExecutor.processExecutionPhase(TestCaseExecutor.java:418)
	at com.kms.katalon.core.main.TestCaseExecutor.accessMainPhase(TestCaseExecutor.java:410)
	at com.kms.katalon.core.main.TestCaseExecutor.execute(TestCaseExecutor.java:285)
	at com.kms.katalon.core.common.CommonExecutor.accessTestCaseMainPhase(CommonExecutor.java:65)
	at com.kms.katalon.core.main.TestSuiteExecutor.accessTestSuiteMainPhase(TestSuiteExecutor.java:148)
	at com.kms.katalon.core.main.TestSuiteExecutor.execute(TestSuiteExecutor.java:106)
	at com.kms.katalon.core.main.TestCaseMain.startTestSuite(TestCaseMain.java:187)
	at TempTestSuite1699458622452.run(TempTestSuite1699458622452.groovy:36)
	at java.base/jdk.internal.reflect.NativeMethodAccessorImpl.invoke0(Native Method)
	at java.base/jdk.internal.reflect.NativeMethodAccessorImpl.invoke(NativeMethodAccessorImpl.java:77)
	at java.base/jdk.internal.reflect.DelegatingMethodAccessorImpl.invoke(DelegatingMethodAccessorImpl.java:43)
)

2023-11-08 11:03:13 - [MESSAGE][INFO] - Unable to find the element located by 'By.xpath: //div[@id='rightPanel']/ul/li'. Please recheck the objects properties to make sure the desired element is located. 

2023-11-08 11:03:13 - [MESSAGE][WARNING] - [SELF-HEALING] Failed to find element with id 'Object Repository/Page_ParaBank  Welcome  Online Banking/lnkATMServices'. Try using Self-healing.

2023-11-08 11:03:13 - [MESSAGE][INFO] - [SELF-HEALING] Failed Locator: '//div[@id='rightPanel']/ul/li'.

2023-11-08 11:03:13 - [MESSAGE][INFO] - [SELF-HEALING] Failed Locator: '//div[3]/div[2]/ul/li'.

2023-11-08 11:03:13 - [MESSAGE][INFO] - [SELF-HEALING] Failed Locator: '//li[(text() = 'ATM Services' or . = 'ATM Services')]'.

2023-11-08 11:03:13 - [MESSAGE][INFO] - [SELF-HEALING] Failed Locator: '//div[@id='rightPanel']/ul/li'.

2023-11-08 11:03:13 - [MESSAGE][INFO] - [SELF-HEALING] Failed Locator: '//div[3]/div[2]/ul/li'.

2023-11-08 11:03:13 - [MESSAGE][INFO] - [SELF-HEALING] Failed Locator: '//li[(text() = 'ATM Services' or . = 'ATM Services')]'.

2023-11-08 11:03:14 - [MESSAGE][INFO] - [SELF-HEALING] Failed Locator: '//div[@id='rightPanel']/ul/li'.

2023-11-08 11:03:14 - [MESSAGE][INFO] - [SELF-HEALING] Failed Locator: '//div[3]/div[2]/ul/li'.

2023-11-08 11:03:14 - [MESSAGE][INFO] - [SELF-HEALING] Failed Locator: '//li[(text() = 'ATM Services' or . = 'ATM Services')]'.

2023-11-08 11:03:14 - [MESSAGE][INFO] - [SELF-HEALING] Failed Locator: '//div[@id='rightPanel']/ul/li'.

2023-11-08 11:03:14 - [MESSAGE][INFO] - [SELF-HEALING] Failed Locator: '//div[3]/div[2]/ul/li'.

2023-11-08 11:03:14 - [MESSAGE][INFO] - [SELF-HEALING] Failed Locator: '//li[(text() = 'ATM Services' or . = 'ATM Services')]'.

2023-11-08 11:03:14 - [MESSAGE][INFO] - [SELF-HEALING] Failed Locator: '//div[@id='rightPanel']/ul/li'.

2023-11-08 11:03:14 - [MESSAGE][INFO] - [SELF-HEALING] Failed Locator: '//div[3]/div[2]/ul/li'.

2023-11-08 11:03:14 - [MESSAGE][INFO] - [SELF-HEALING] Failed Locator: '//li[(text() = 'ATM Services' or . = 'ATM Services')]'.

2023-11-08 11:03:14 - [MESSAGE][INFO] - [SELF-HEALING] Failed Locator: '//div[@id='rightPanel']/ul/li'.

2023-11-08 11:03:14 - [MESSAGE][INFO] - [SELF-HEALING] Failed Locator: '//div[3]/div[2]/ul/li'.

2023-11-08 11:03:14 - [MESSAGE][INFO] - [SELF-HEALING] Failed Locator: '//li[(text() = 'ATM Services' or . = 'ATM Services')]'.

2023-11-08 11:03:14 - [MESSAGE][INFO] - [SELF-HEALING] Failed Locator: '//div[@id='rightPanel']/ul/li'.

2023-11-08 11:03:14 - [MESSAGE][INFO] - [SELF-HEALING] Failed Locator: '//div[3]/div[2]/ul/li'.

2023-11-08 11:03:14 - [MESSAGE][INFO] - [SELF-HEALING] Failed Locator: '//li[(text() = 'ATM Services' or . = 'ATM Services')]'.

2023-11-08 11:03:14 - [MESSAGE][INFO] - [SELF-HEALING] Failed Locator: '//div[@id='rightPanel']/ul/li'.

2023-11-08 11:03:14 - [MESSAGE][INFO] - [SELF-HEALING] Failed Locator: '//div[3]/div[2]/ul/li'.

2023-11-08 11:03:14 - [MESSAGE][INFO] - [SELF-HEALING] Failed Locator: '//li[(text() = 'ATM Services' or . = 'ATM Services')]'.

2023-11-08 11:03:14 - [MESSAGE][INFO] - [SELF-HEALING] Failed Locator: '//div[@id='rightPanel']/ul/li'.

2023-11-08 11:03:14 - [MESSAGE][INFO] - [SELF-HEALING] Failed Locator: '//div[3]/div[2]/ul/li'.

2023-11-08 11:03:14 - [MESSAGE][INFO] - [SELF-HEALING] Failed Locator: '//li[(text() = 'ATM Services' or . = 'ATM Services')]'.

2023-11-08 11:03:14 - [MESSAGE][INFO] - [SELF-HEALING] Failed Locator: '//div[@id='rightPanel']/ul/li'.

2023-11-08 11:03:14 - [MESSAGE][INFO] - [SELF-HEALING] Failed Locator: '//div[3]/div[2]/ul/li'.

2023-11-08 11:03:14 - [MESSAGE][INFO] - [SELF-HEALING] Failed Locator: '//li[(text() = 'ATM Services' or . = 'ATM Services')]'.

2023-11-08 11:03:14 - [MESSAGE][INFO] - [SELF-HEALING] Failed Locator: '//div[@id='rightPanel']/ul/li'.

2023-11-08 11:03:14 - [MESSAGE][INFO] - [SELF-HEALING] Failed Locator: '//div[3]/div[2]/ul/li'.

2023-11-08 11:03:14 - [MESSAGE][INFO] - [SELF-HEALING] Failed Locator: '//li[(text() = 'ATM Services' or . = 'ATM Services')]'.

2023-11-08 11:03:14 - [MESSAGE][INFO] - [SELF-HEALING] Failed Locator: '//div[@id='rightPanel']/ul/li'.

2023-11-08 11:03:14 - [MESSAGE][INFO] - [SELF-HEALING] Failed Locator: '//div[3]/div[2]/ul/li'.

2023-11-08 11:03:14 - [MESSAGE][INFO] - [SELF-HEALING] Failed Locator: '//li[(text() = 'ATM Services' or . = 'ATM Services')]'.

2023-11-08 11:03:14 - [MESSAGE][INFO] - [SELF-HEALING] Failed Locator: '//div[@id='rightPanel']/ul/li'.

2023-11-08 11:03:14 - [MESSAGE][INFO] - [SELF-HEALING] Failed Locator: '//div[3]/div[2]/ul/li'.

2023-11-08 11:03:14 - [MESSAGE][INFO] - [SELF-HEALING] Failed Locator: '//li[(text() = 'ATM Services' or . = 'ATM Services')]'.

2023-11-08 11:03:14 - [MESSAGE][INFO] - [SELF-HEALING] Failed Locator: '//div[@id='rightPanel']/ul/li'.

2023-11-08 11:03:14 - [MESSAGE][INFO] - [SELF-HEALING] Failed Locator: '//div[3]/div[2]/ul/li'.

2023-11-08 11:03:14 - [MESSAGE][INFO] - [SELF-HEALING] Failed Locator: '//li[(text() = 'ATM Services' or . = 'ATM Services')]'.

2023-11-08 11:03:14 - [MESSAGE][INFO] - [SELF-HEALING] Failed Locator: '//div[@id='rightPanel']/ul/li'.

2023-11-08 11:03:14 - [MESSAGE][INFO] - [SELF-HEALING] Failed Locator: '//div[3]/div[2]/ul/li'.

2023-11-08 11:03:14 - [MESSAGE][INFO] - [SELF-HEALING] Failed Locator: '//li[(text() = 'ATM Services' or . = 'ATM Services')]'.

2023-11-08 11:03:14 - [MESSAGE][INFO] - [SELF-HEALING] Failed Locator: '//div[@id='rightPanel']/ul/li'.

2023-11-08 11:03:14 - [MESSAGE][INFO] - [SELF-HEALING] Failed Locator: '//div[3]/div[2]/ul/li'.

2023-11-08 11:03:14 - [MESSAGE][INFO] - [SELF-HEALING] Failed Locator: '//li[(text() = 'ATM Services' or . = 'ATM Services')]'.

2023-11-08 11:03:14 - [MESSAGE][INFO] - [SELF-HEALING] Failed Locator: '//div[@id='rightPanel']/ul/li'.

2023-11-08 11:03:14 - [MESSAGE][INFO] - [SELF-HEALING] Failed Locator: '//div[3]/div[2]/ul/li'.

2023-11-08 11:03:14 - [MESSAGE][INFO] - [SELF-HEALING] Failed Locator: '//li[(text() = 'ATM Services' or . = 'ATM Services')]'.

2023-11-08 11:03:15 - [MESSAGE][INFO] - Unable to find the element located by 'By.xpath: //*[(text() = 'ATM Services' or . = 'ATM Services')]'. Please recheck the objects properties to make sure the desired element is located. 

2023-11-08 11:03:16 - [MESSAGE][INFO] - Unable to find the element located by 'By.cssSelector: li.captionone'. Please recheck the objects properties to make sure the desired element is located. 

2023-11-08 11:03:17 - [MESSAGE][FAILED] - com.kms.katalon.core.webui.exception.WebElementNotFoundException: Web element with id: 'Object Repository/Page_ParaBank  Welcome  Online Banking/lnkATMServices' located by '//div[@id='rightPanel']/ul/li' not found (Root cause: com.kms.katalon.core.exception.StepFailedException: com.kms.katalon.core.webui.exception.WebElementNotFoundException: Web element with id: 'Object Repository/Page_ParaBank  Welcome  Online Banking/lnkATMServices' located by '//div[@id='rightPanel']/ul/li' not found
	at com.kms.katalon.core.webui.keyword.internal.WebUIKeywordMain.stepFailed(WebUIKeywordMain.groovy:64)
	at com.kms.katalon.core.webui.keyword.builtin.VerifyElementTextKeyword$_verifyElementText_closure1.doCall(VerifyElementTextKeyword.groovy:64)
	at com.kms.katalon.core.webui.keyword.builtin.VerifyElementTextKeyword$_verifyElementText_closure1.call(VerifyElementTextKeyword.groovy)
	at com.kms.katalon.core.webui.keyword.internal.WebUIKeywordMain.runKeyword(WebUIKeywordMain.groovy:20)
	at com.kms.katalon.core.webui.keyword.builtin.VerifyElementTextKeyword.verifyElementText(VerifyElementTextKeyword.groovy:72)
	at com.kms.katalon.core.webui.keyword.builtin.VerifyElementTextKeyword.execute(VerifyElementTextKeyword.groovy:40)
	at com.kms.katalon.core.keyword.internal.KeywordExecutor.executeKeywordForPlatform(KeywordExecutor.groovy:74)
	at com.kms.katalon.core.webui.keyword.WebUiBuiltInKeywords.verifyElementText(WebUiBuiltInKeywords.groovy:4796)
	at MTC016 - Logout.run(MTC016 - Logout:26)
	at com.kms.katalon.core.main.ScriptEngine.run(ScriptEngine.java:194)
	at com.kms.katalon.core.main.ScriptEngine.runScriptAsRawText(ScriptEngine.java:119)
	at com.kms.katalon.core.main.TestCaseExecutor.runScript(TestCaseExecutor.java:448)
	at com.kms.katalon.core.main.TestCaseExecutor.doExecute(TestCaseExecutor.java:439)
	at com.kms.katalon.core.main.TestCaseExecutor.processExecutionPhase(TestCaseExecutor.java:418)
	at com.kms.katalon.core.main.TestCaseExecutor.accessMainPhase(TestCaseExecutor.java:410)
	at com.kms.katalon.core.main.TestCaseExecutor.execute(TestCaseExecutor.java:285)
	at com.kms.katalon.core.common.CommonExecutor.accessTestCaseMainPhase(CommonExecutor.java:65)
	at com.kms.katalon.core.main.TestSuiteExecutor.accessTestSuiteMainPhase(TestSuiteExecutor.java:148)
	at com.kms.katalon.core.main.TestSuiteExecutor.execute(TestSuiteExecutor.java:106)
	at com.kms.katalon.core.main.TestCaseMain.startTestSuite(TestCaseMain.java:187)
	at TempTestSuite1699458622452.run(TempTestSuite1699458622452.groovy:36)
	at java.base/jdk.internal.reflect.NativeMethodAccessorImpl.invoke0(Native Method)
	at java.base/jdk.internal.reflect.NativeMethodAccessorImpl.invoke(NativeMethodAccessorImpl.java:77)
	at java.base/jdk.internal.reflect.DelegatingMethodAccessorImpl.invoke(DelegatingMethodAccessorImpl.java:43)
)
[[ATTACHMENT|C:\\Users\\GKOKABAYEVA\\Katalon Studio\\Parabank\\Reports\\20231108_105022\\Smoke Test Suites\\STS002 - Login verification\\20231108_105022\\1699459396913.png]]

2023-11-08 11:03:17 - [TEST_STEP][PASSED] - closeBrowser(): Browser is closed

2023-11-08 11:03:17 - [MESSAGE][PASSED] - Browser is closed]]></system-out>
         <system-err><![CDATA[2023-11-08 11:00:54 - [TEST_CASE][FAILED] - Test Cases/Main Test Cases/MTC016 - Logout: Test Cases/Main Test Cases/MTC016 - Logout FAILED.
Reason:
com.kms.katalon.core.exception.StepFailedException: Unable to call Test Case 'Test Cases/Reusable Test Cases/Login' (Root cause: com.kms.katalon.core.exception.StepFailedException: Call Test Case 'Test Cases/Reusable Test Cases/Login' failed
	at com.kms.katalon.core.keyword.builtin.CallTestCaseKeyword$_callTestCase_closure1.doCall(CallTestCaseKeyword.groovy:63)
	at com.kms.katalon.core.keyword.builtin.CallTestCaseKeyword$_callTestCase_closure1.call(CallTestCaseKeyword.groovy)
	at com.kms.katalon.core.keyword.internal.KeywordMain.runKeyword(KeywordMain.groovy:75)
	at com.kms.katalon.core.keyword.builtin.CallTestCaseKeyword.callTestCase(CallTestCaseKeyword.groovy:81)
	at com.kms.katalon.core.keyword.builtin.CallTestCaseKeyword.execute(CallTestCaseKeyword.groovy:44)
	at com.kms.katalon.core.keyword.internal.KeywordExecutor.executeKeywordForPlatform(KeywordExecutor.groovy:74)
	at com.kms.katalon.core.keyword.BuiltinKeywords.callTestCase(BuiltinKeywords.groovy:310)
	at java.base/jdk.internal.reflect.NativeMethodAccessorImpl.invoke0(Native Method)
	at java.base/jdk.internal.reflect.NativeMethodAccessorImpl.invoke(NativeMethodAccessorImpl.java:77)
	at java.base/jdk.internal.reflect.DelegatingMethodAccessorImpl.invoke(DelegatingMethodAccessorImpl.java:43)
	at MTC016 - Logout.run(MTC016 - Logout:20)
	at com.kms.katalon.core.main.ScriptEngine.run(ScriptEngine.java:194)
	at com.kms.katalon.core.main.ScriptEngine.runScriptAsRawText(ScriptEngine.java:119)
	at com.kms.katalon.core.main.TestCaseExecutor.runScript(TestCaseExecutor.java:448)
	at com.kms.katalon.core.main.TestCaseExecutor.doExecute(TestCaseExecutor.java:439)
	at com.kms.katalon.core.main.TestCaseExecutor.processExecutionPhase(TestCaseExecutor.java:418)
	at com.kms.katalon.core.main.TestCaseExecutor.accessMainPhase(TestCaseExecutor.java:410)
	at com.kms.katalon.core.main.TestCaseExecutor.execute(TestCaseExecutor.java:285)
	at com.kms.katalon.core.common.CommonExecutor.accessTestCaseMainPhase(CommonExecutor.java:65)
	at com.kms.katalon.core.main.TestSuiteExecutor.accessTestSuiteMainPhase(TestSuiteExecutor.java:148)
	at com.kms.katalon.core.main.TestSuiteExecutor.execute(TestSuiteExecutor.java:106)
	at com.kms.katalon.core.main.TestCaseMain.startTestSuite(TestCaseMain.java:187)
	at TempTestSuite1699458622452.run(TempTestSuite1699458622452.groovy:36)
	at java.base/jdk.internal.reflect.NativeMethodAccessorImpl.invoke0(Native Method)
	at java.base/jdk.internal.reflect.NativeMethodAccessorImpl.invoke(NativeMethodAccessorImpl.java:77)
	at java.base/jdk.internal.reflect.DelegatingMethodAccessorImpl.invoke(DelegatingMethodAccessorImpl.java:43)
Caused by: com.kms.katalon.core.exception.StepFailedException: Unable to set text 'null' of object 'Object Repository/Page_ParaBank  Welcome  Online Banking/txtUsername' (Root cause: com.kms.katalon.core.exception.StepFailedException: Unable to set text 'null' of object 'Object Repository/Page_ParaBank  Welcome  Online Banking/txtUsername'
	at com.kms.katalon.core.webui.keyword.internal.WebUIKeywordMain.stepFailed(WebUIKeywordMain.groovy:64)
	at com.kms.katalon.core.webui.keyword.internal.WebUIKeywordMain.runKeyword(WebUIKeywordMain.groovy:26)
	at com.kms.katalon.core.webui.keyword.builtin.SetTextKeyword.setText(SetTextKeyword.groovy:66)
	at com.kms.katalon.core.webui.keyword.builtin.SetTextKeyword.execute(SetTextKeyword.groovy:37)
	at com.kms.katalon.core.keyword.internal.KeywordExecutor.executeKeywordForPlatform(KeywordExecutor.groovy:74)
	at com.kms.katalon.core.webui.keyword.WebUiBuiltInKeywords.setText(WebUiBuiltInKeywords.groovy:980)
	at Login.run(Login:22)
	at com.kms.katalon.core.main.ScriptEngine.run(ScriptEngine.java:194)
	at com.kms.katalon.core.main.ScriptEngine.runScriptAsRawText(ScriptEngine.java:119)
	at com.kms.katalon.core.main.TestCaseExecutor.runScript(TestCaseExecutor.java:448)
	at com.kms.katalon.core.main.TestCaseExecutor.doExecute(TestCaseExecutor.java:439)
	at com.kms.katalon.core.main.TestCaseExecutor.processExecutionPhase(TestCaseExecutor.java:418)
	at com.kms.katalon.core.main.TestCaseExecutor.accessMainPhase(TestCaseExecutor.java:410)
	at com.kms.katalon.core.main.TestCaseExecutor.execute(TestCaseExecutor.java:285)
	at com.kms.katalon.core.main.TestCaseMain.runTestCase(TestCaseMain.java:144)
	at com.kms.katalon.core.keyword.builtin.CallTestCaseKeyword$_callTestCase_closure1.doCall(CallTestCaseKeyword.groovy:59)
	at com.kms.katalon.core.keyword.builtin.CallTestCaseKeyword$_callTestCase_closure1.call(CallTestCaseKeyword.groovy)
	at com.kms.katalon.core.keyword.internal.KeywordMain.runKeyword(KeywordMain.groovy:75)
	at com.kms.katalon.core.keyword.builtin.CallTestCaseKeyword.callTestCase(CallTestCaseKeyword.groovy:81)
	at com.kms.katalon.core.keyword.builtin.CallTestCaseKeyword.execute(CallTestCaseKeyword.groovy:44)
	at com.kms.katalon.core.keyword.internal.KeywordExecutor.executeKeywordForPlatform(KeywordExecutor.groovy:74)
	at com.kms.katalon.core.keyword.BuiltinKeywords.callTestCase(BuiltinKeywords.groovy:310)
	at java.base/jdk.internal.reflect.NativeMethodAccessorImpl.invoke0(Native Method)
	at java.base/jdk.internal.reflect.NativeMethodAccessorImpl.invoke(NativeMethodAccessorImpl.java:77)
	at java.base/jdk.internal.reflect.DelegatingMethodAccessorImpl.invoke(DelegatingMethodAccessorImpl.java:43)
	at MTC016 - Logout.run(MTC016 - Logout:20)
	at com.kms.katalon.core.main.ScriptEngine.run(ScriptEngine.java:194)
	at com.kms.katalon.core.main.ScriptEngine.runScriptAsRawText(ScriptEngine.java:119)
	at com.kms.katalon.core.main.TestCaseExecutor.runScript(TestCaseExecutor.java:448)
	at com.kms.katalon.core.main.TestCaseExecutor.doExecute(TestCaseExecutor.java:439)
	at com.kms.katalon.core.main.TestCaseExecutor.processExecutionPhase(TestCaseExecutor.java:418)
	at com.kms.katalon.core.main.TestCaseExecutor.accessMainPhase(TestCaseExecutor.java:410)
	at com.kms.katalon.core.main.TestCaseExecutor.execute(TestCaseExecutor.java:285)
	at com.kms.katalon.core.common.CommonExecutor.accessTestCaseMainPhase(CommonExecutor.java:65)
	at com.kms.katalon.core.main.TestSuiteExecutor.accessTestSuiteMainPhase(TestSuiteExecutor.java:148)
	at com.kms.katalon.core.main.TestSuiteExecutor.execute(TestSuiteExecutor.java:106)
	at com.kms.katalon.core.main.TestCaseMain.startTestSuite(TestCaseMain.java:187)
	at TempTestSuite1699458622452.run(TempTestSuite1699458622452.groovy:36)
	at java.base/jdk.internal.reflect.NativeMethodAccessorImpl.invoke0(Native Method)
	at java.base/jdk.internal.reflect.NativeMethodAccessorImpl.invoke(NativeMethodAccessorImpl.java:77)
	at java.base/jdk.internal.reflect.DelegatingMethodAccessorImpl.invoke(DelegatingMethodAccessorImpl.java:43)
Caused by: java.lang.IllegalArgumentException: Text is null
	at com.kms.katalon.core.webui.keyword.builtin.SetTextKeyword$_setText_closure1.doCall(SetTextKeyword.groovy:48)
	at com.kms.katalon.core.webui.keyword.builtin.SetTextKeyword$_setText_closure1.call(SetTextKeyword.groovy)
	at com.kms.katalon.core.webui.keyword.internal.WebUIKeywordMain.runKeyword(WebUIKeywordMain.groovy:20)
	at com.kms.katalon.core.webui.keyword.builtin.SetTextKeyword.setText(SetTextKeyword.groovy:66)
	at com.kms.katalon.core.webui.keyword.builtin.SetTextKeyword.execute(SetTextKeyword.groovy:37)
	at com.kms.katalon.core.keyword.internal.KeywordExecutor.executeKeywordForPlatform(KeywordExecutor.groovy:74)
	at com.kms.katalon.core.webui.keyword.WebUiBuiltInKeywords.setText(WebUiBuiltInKeywords.groovy:980)
	at Script1698671419553.run(Script1698671419553.groovy:22)
	at com.kms.katalon.core.main.ScriptEngine.run(ScriptEngine.java:194)
	at com.kms.katalon.core.main.ScriptEngine.runScriptAsRawText(ScriptEngine.java:119)
	at com.kms.katalon.core.main.TestCaseExecutor.runScript(TestCaseExecutor.java:448)
	at com.kms.katalon.core.main.TestCaseExecutor.doExecute(TestCaseExecutor.java:439)
	at com.kms.katalon.core.main.TestCaseExecutor.processExecutionPhase(TestCaseExecutor.java:418)
	at com.kms.katalon.core.main.TestCaseExecutor.accessMainPhase(TestCaseExecutor.java:410)
	at com.kms.katalon.core.main.TestCaseExecutor.execute(TestCaseExecutor.java:285)
	at com.kms.katalon.core.main.TestCaseMain.runTestCase(TestCaseMain.java:144)
	at com.kms.katalon.core.keyword.builtin.CallTestCaseKeyword$_callTestCase_closure1.doCall(CallTestCaseKeyword.groovy:59)
	at com.kms.katalon.core.keyword.builtin.CallTestCaseKeyword$_callTestCase_closure1.call(CallTestCaseKeyword.groovy)
	at com.kms.katalon.core.keyword.internal.KeywordMain.runKeyword(KeywordMain.groovy:75)
	at com.kms.katalon.core.keyword.builtin.CallTestCaseKeyword.callTestCase(CallTestCaseKeyword.groovy:81)
	at com.kms.katalon.core.keyword.builtin.CallTestCaseKeyword.execute(CallTestCaseKeyword.groovy:44)
	at com.kms.katalon.core.keyword.internal.KeywordExecutor.executeKeywordForPlatform(KeywordExecutor.groovy:74)
	at com.kms.katalon.core.keyword.BuiltinKeywords.callTestCase(BuiltinKeywords.groovy:310)
	at java.base/jdk.internal.reflect.NativeMethodAccessorImpl.invoke0(Native Method)
	at java.base/jdk.internal.reflect.NativeMethodAccessorImpl.invoke(NativeMethodAccessorImpl.java:77)
	at java.base/jdk.internal.reflect.DelegatingMethodAccessorImpl.invoke(DelegatingMethodAccessorImpl.java:43)
	at Script1699035767811.run(Script1699035767811.groovy:20)
	... 15 more
)
	at com.kms.katalon.core.keyword.internal.KeywordMain.stepFailed(KeywordMain.groovy:39)
	at com.kms.katalon.core.webui.keyword.internal.WebUIKeywordMain.stepFailed(WebUIKeywordMain.groovy:64)
	at com.kms.katalon.core.webui.keyword.internal.WebUIKeywordMain.runKeyword(WebUIKeywordMain.groovy:26)
	at com.kms.katalon.core.webui.keyword.builtin.SetTextKeyword.setText(SetTextKeyword.groovy:66)
	at com.kms.katalon.core.webui.keyword.builtin.SetTextKeyword.execute(SetTextKeyword.groovy:37)
	at com.kms.katalon.core.keyword.internal.KeywordExecutor.executeKeywordForPlatform(KeywordExecutor.groovy:74)
	at com.kms.katalon.core.webui.keyword.WebUiBuiltInKeywords.setText(WebUiBuiltInKeywords.groovy:980)
	at Login.run(Login:22)
	at com.kms.katalon.core.main.ScriptEngine.run(ScriptEngine.java:194)
	at com.kms.katalon.core.main.ScriptEngine.runScriptAsRawText(ScriptEngine.java:119)
	at com.kms.katalon.core.main.TestCaseExecutor.runScript(TestCaseExecutor.java:448)
	at com.kms.katalon.core.main.TestCaseExecutor.doExecute(TestCaseExecutor.java:439)
	at com.kms.katalon.core.main.TestCaseExecutor.processExecutionPhase(TestCaseExecutor.java:418)
	at com.kms.katalon.core.main.TestCaseExecutor.accessMainPhase(TestCaseExecutor.java:410)
	at com.kms.katalon.core.main.TestCaseExecutor.execute(TestCaseExecutor.java:285)
	at com.kms.katalon.core.main.TestCaseMain.runTestCase(TestCaseMain.java:144)
	at com.kms.katalon.core.keyword.builtin.CallTestCaseKeyword$_callTestCase_closure1.doCall(CallTestCaseKeyword.groovy:59)
	... 25 more
Caused by: com.kms.katalon.core.exception.StepFailedException: Unable to set text 'null' of object 'Object Repository/Page_ParaBank  Welcome  Online Banking/txtUsername'
	... 41 more
Caused by: java.lang.IllegalArgumentException: Text is null
	at com.kms.katalon.core.webui.keyword.builtin.SetTextKeyword$_setText_closure1.doCall(SetTextKeyword.groovy:48)
	at com.kms.katalon.core.webui.keyword.builtin.SetTextKeyword$_setText_closure1.call(SetTextKeyword.groovy)
	at com.kms.katalon.core.webui.keyword.internal.WebUIKeywordMain.runKeyword(WebUIKeywordMain.groovy:20)
	... 39 more
)
	at com.kms.katalon.core.keyword.internal.KeywordMain.stepFailed(KeywordMain.groovy:39)
	at com.kms.katalon.core.keyword.internal.KeywordMain.stepFailed(KeywordMain.groovy)
	at com.kms.katalon.core.keyword.internal.KeywordMain.runKeyword(KeywordMain.groovy:77)
	at com.kms.katalon.core.keyword.builtin.CallTestCaseKeyword.callTestCase(CallTestCaseKeyword.groovy:81)
	at com.kms.katalon.core.keyword.builtin.CallTestCaseKeyword.execute(CallTestCaseKeyword.groovy:44)
	at com.kms.katalon.core.keyword.internal.KeywordExecutor.executeKeywordForPlatform(KeywordExecutor.groovy:74)
	at com.kms.katalon.core.keyword.BuiltinKeywords.callTestCase(BuiltinKeywords.groovy:310)
	at java.base/jdk.internal.reflect.NativeMethodAccessorImpl.invoke0(Native Method)
	at java.base/jdk.internal.reflect.NativeMethodAccessorImpl.invoke(NativeMethodAccessorImpl.java:77)
	at java.base/jdk.internal.reflect.DelegatingMethodAccessorImpl.invoke(DelegatingMethodAccessorImpl.java:43)
	at MTC016 - Logout.run(MTC016 - Logout:20)
	at com.kms.katalon.core.main.ScriptEngine.run(ScriptEngine.java:194)
	at com.kms.katalon.core.main.ScriptEngine.runScriptAsRawText(ScriptEngine.java:119)
	at com.kms.katalon.core.main.TestCaseExecutor.runScript(TestCaseExecutor.java:448)
	at com.kms.katalon.core.main.TestCaseExecutor.doExecute(TestCaseExecutor.java:439)
	at com.kms.katalon.core.main.TestCaseExecutor.processExecutionPhase(TestCaseExecutor.java:418)
	at com.kms.katalon.core.main.TestCaseExecutor.accessMainPhase(TestCaseExecutor.java:410)
	at com.kms.katalon.core.main.TestCaseExecutor.execute(TestCaseExecutor.java:285)
	at com.kms.katalon.core.common.CommonExecutor.accessTestCaseMainPhase(CommonExecutor.java:65)
	at com.kms.katalon.core.main.TestSuiteExecutor.accessTestSuiteMainPhase(TestSuiteExecutor.java:148)
	at com.kms.katalon.core.main.TestSuiteExecutor.execute(TestSuiteExecutor.java:106)
	at com.kms.katalon.core.main.TestCaseMain.startTestSuite(TestCaseMain.java:187)
	at TempTestSuite1699458622452.run(TempTestSuite1699458622452.groovy:36)
	at java.base/jdk.internal.reflect.NativeMethodAccessorImpl.invoke0(Native Method)
	at java.base/jdk.internal.reflect.NativeMethodAccessorImpl.invoke(NativeMethodAccessorImpl.java:77)
	at java.base/jdk.internal.reflect.DelegatingMethodAccessorImpl.invoke(DelegatingMethodAccessorImpl.java:43)
Caused by: com.kms.katalon.core.exception.StepFailedException: Call Test Case 'Test Cases/Reusable Test Cases/Login' failed
	at com.kms.katalon.core.keyword.builtin.CallTestCaseKeyword$_callTestCase_closure1.doCall(CallTestCaseKeyword.groovy:63)
	at com.kms.katalon.core.keyword.builtin.CallTestCaseKeyword$_callTestCase_closure1.call(CallTestCaseKeyword.groovy)
	at com.kms.katalon.core.keyword.internal.KeywordMain.runKeyword(KeywordMain.groovy:75)
	... 23 more
Caused by: com.kms.katalon.core.exception.StepFailedException: Unable to set text 'null' of object 'Object Repository/Page_ParaBank  Welcome  Online Banking/txtUsername' (Root cause: com.kms.katalon.core.exception.StepFailedException: Unable to set text 'null' of object 'Object Repository/Page_ParaBank  Welcome  Online Banking/txtUsername'
	at com.kms.katalon.core.webui.keyword.internal.WebUIKeywordMain.stepFailed(WebUIKeywordMain.groovy:64)
	at com.kms.katalon.core.webui.keyword.internal.WebUIKeywordMain.runKeyword(WebUIKeywordMain.groovy:26)
	at com.kms.katalon.core.webui.keyword.builtin.SetTextKeyword.setText(SetTextKeyword.groovy:66)
	at com.kms.katalon.core.webui.keyword.builtin.SetTextKeyword.execute(SetTextKeyword.groovy:37)
	at com.kms.katalon.core.keyword.internal.KeywordExecutor.executeKeywordForPlatform(KeywordExecutor.groovy:74)
	at com.kms.katalon.core.webui.keyword.WebUiBuiltInKeywords.setText(WebUiBuiltInKeywords.groovy:980)
	at Login.run(Login:22)
	at com.kms.katalon.core.main.ScriptEngine.run(ScriptEngine.java:194)
	at com.kms.katalon.core.main.ScriptEngine.runScriptAsRawText(ScriptEngine.java:119)
	at com.kms.katalon.core.main.TestCaseExecutor.runScript(TestCaseExecutor.java:448)
	at com.kms.katalon.core.main.TestCaseExecutor.doExecute(TestCaseExecutor.java:439)
	at com.kms.katalon.core.main.TestCaseExecutor.processExecutionPhase(TestCaseExecutor.java:418)
	at com.kms.katalon.core.main.TestCaseExecutor.accessMainPhase(TestCaseExecutor.java:410)
	at com.kms.katalon.core.main.TestCaseExecutor.execute(TestCaseExecutor.java:285)
	at com.kms.katalon.core.main.TestCaseMain.runTestCase(TestCaseMain.java:144)
	at com.kms.katalon.core.keyword.builtin.CallTestCaseKeyword$_callTestCase_closure1.doCall(CallTestCaseKeyword.groovy:59)
	at com.kms.katalon.core.keyword.builtin.CallTestCaseKeyword$_callTestCase_closure1.call(CallTestCaseKeyword.groovy)
	at com.kms.katalon.core.keyword.internal.KeywordMain.runKeyword(KeywordMain.groovy:75)
	at com.kms.katalon.core.keyword.builtin.CallTestCaseKeyword.callTestCase(CallTestCaseKeyword.groovy:81)
	at com.kms.katalon.core.keyword.builtin.CallTestCaseKeyword.execute(CallTestCaseKeyword.groovy:44)
	at com.kms.katalon.core.keyword.internal.KeywordExecutor.executeKeywordForPlatform(KeywordExecutor.groovy:74)
	at com.kms.katalon.core.keyword.BuiltinKeywords.callTestCase(BuiltinKeywords.groovy:310)
	at java.base/jdk.internal.reflect.NativeMethodAccessorImpl.invoke0(Native Method)
	at java.base/jdk.internal.reflect.NativeMethodAccessorImpl.invoke(NativeMethodAccessorImpl.java:77)
	at java.base/jdk.internal.reflect.DelegatingMethodAccessorImpl.invoke(DelegatingMethodAccessorImpl.java:43)
	at MTC016 - Logout.run(MTC016 - Logout:20)
	at com.kms.katalon.core.main.ScriptEngine.run(ScriptEngine.java:194)
	at com.kms.katalon.core.main.ScriptEngine.runScriptAsRawText(ScriptEngine.java:119)
	at com.kms.katalon.core.main.TestCaseExecutor.runScript(TestCaseExecutor.java:448)
	at com.kms.katalon.core.main.TestCaseExecutor.doExecute(TestCaseExecutor.java:439)
	at com.kms.katalon.core.main.TestCaseExecutor.processExecutionPhase(TestCaseExecutor.java:418)
	at com.kms.katalon.core.main.TestCaseExecutor.accessMainPhase(TestCaseExecutor.java:410)
	at com.kms.katalon.core.main.TestCaseExecutor.execute(TestCaseExecutor.java:285)
	at com.kms.katalon.core.common.CommonExecutor.accessTestCaseMainPhase(CommonExecutor.java:65)
	at com.kms.katalon.core.main.TestSuiteExecutor.accessTestSuiteMainPhase(TestSuiteExecutor.java:148)
	at com.kms.katalon.core.main.TestSuiteExecutor.execute(TestSuiteExecutor.java:106)
	at com.kms.katalon.core.main.TestCaseMain.startTestSuite(TestCaseMain.java:187)
	at TempTestSuite1699458622452.run(TempTestSuite1699458622452.groovy:36)
	at java.base/jdk.internal.reflect.NativeMethodAccessorImpl.invoke0(Native Method)
	at java.base/jdk.internal.reflect.NativeMethodAccessorImpl.invoke(NativeMethodAccessorImpl.java:77)
	at java.base/jdk.internal.reflect.DelegatingMethodAccessorImpl.invoke(DelegatingMethodAccessorImpl.java:43)
Caused by: java.lang.IllegalArgumentException: Text is null
	at com.kms.katalon.core.webui.keyword.builtin.SetTextKeyword$_setText_closure1.doCall(SetTextKeyword.groovy:48)
	at com.kms.katalon.core.webui.keyword.builtin.SetTextKeyword$_setText_closure1.call(SetTextKeyword.groovy)
	at com.kms.katalon.core.webui.keyword.internal.WebUIKeywordMain.runKeyword(WebUIKeywordMain.groovy:20)
	at com.kms.katalon.core.webui.keyword.builtin.SetTextKeyword.setText(SetTextKeyword.groovy:66)
	at com.kms.katalon.core.webui.keyword.builtin.SetTextKeyword.execute(SetTextKeyword.groovy:37)
	at com.kms.katalon.core.keyword.internal.KeywordExecutor.executeKeywordForPlatform(KeywordExecutor.groovy:74)
	at com.kms.katalon.core.webui.keyword.WebUiBuiltInKeywords.setText(WebUiBuiltInKeywords.groovy:980)
	at Script1698671419553.run(Script1698671419553.groovy:22)
	at com.kms.katalon.core.main.ScriptEngine.run(ScriptEngine.java:194)
	at com.kms.katalon.core.main.ScriptEngine.runScriptAsRawText(ScriptEngine.java:119)
	at com.kms.katalon.core.main.TestCaseExecutor.runScript(TestCaseExecutor.java:448)
	at com.kms.katalon.core.main.TestCaseExecutor.doExecute(TestCaseExecutor.java:439)
	at com.kms.katalon.core.main.TestCaseExecutor.processExecutionPhase(TestCaseExecutor.java:418)
	at com.kms.katalon.core.main.TestCaseExecutor.accessMainPhase(TestCaseExecutor.java:410)
	at com.kms.katalon.core.main.TestCaseExecutor.execute(TestCaseExecutor.java:285)
	at com.kms.katalon.core.main.TestCaseMain.runTestCase(TestCaseMain.java:144)
	at com.kms.katalon.core.keyword.builtin.CallTestCaseKeyword$_callTestCase_closure1.doCall(CallTestCaseKeyword.groovy:59)
	at com.kms.katalon.core.keyword.builtin.CallTestCaseKeyword$_callTestCase_closure1.call(CallTestCaseKeyword.groovy)
	at com.kms.katalon.core.keyword.internal.KeywordMain.runKeyword(KeywordMain.groovy:75)
	at com.kms.katalon.core.keyword.builtin.CallTestCaseKeyword.callTestCase(CallTestCaseKeyword.groovy:81)
	at com.kms.katalon.core.keyword.builtin.CallTestCaseKeyword.execute(CallTestCaseKeyword.groovy:44)
	at com.kms.katalon.core.keyword.internal.KeywordExecutor.executeKeywordForPlatform(KeywordExecutor.groovy:74)
	at com.kms.katalon.core.keyword.BuiltinKeywords.callTestCase(BuiltinKeywords.groovy:310)
	at java.base/jdk.internal.reflect.NativeMethodAccessorImpl.invoke0(Native Method)
	at java.base/jdk.internal.reflect.NativeMethodAccessorImpl.invoke(NativeMethodAccessorImpl.java:77)
	at java.base/jdk.internal.reflect.DelegatingMethodAccessorImpl.invoke(DelegatingMethodAccessorImpl.java:43)
	at Script1699035767811.run(Script1699035767811.groovy:20)
	... 15 more
)
	at com.kms.katalon.core.keyword.internal.KeywordMain.stepFailed(KeywordMain.groovy:39)
	at com.kms.katalon.core.webui.keyword.internal.WebUIKeywordMain.stepFailed(WebUIKeywordMain.groovy:64)
	at com.kms.katalon.core.webui.keyword.internal.WebUIKeywordMain.runKeyword(WebUIKeywordMain.groovy:26)
	at com.kms.katalon.core.webui.keyword.builtin.SetTextKeyword.setText(SetTextKeyword.groovy:66)
	at com.kms.katalon.core.webui.keyword.builtin.SetTextKeyword.execute(SetTextKeyword.groovy:37)
	at com.kms.katalon.core.keyword.internal.KeywordExecutor.executeKeywordForPlatform(KeywordExecutor.groovy:74)
	at com.kms.katalon.core.webui.keyword.WebUiBuiltInKeywords.setText(WebUiBuiltInKeywords.groovy:980)
	at Login.run(Login:22)
	at com.kms.katalon.core.main.ScriptEngine.run(ScriptEngine.java:194)
	at com.kms.katalon.core.main.ScriptEngine.runScriptAsRawText(ScriptEngine.java:119)
	at com.kms.katalon.core.main.TestCaseExecutor.runScript(TestCaseExecutor.java:448)
	at com.kms.katalon.core.main.TestCaseExecutor.doExecute(TestCaseExecutor.java:439)
	at com.kms.katalon.core.main.TestCaseExecutor.processExecutionPhase(TestCaseExecutor.java:418)
	at com.kms.katalon.core.main.TestCaseExecutor.accessMainPhase(TestCaseExecutor.java:410)
	at com.kms.katalon.core.main.TestCaseExecutor.execute(TestCaseExecutor.java:285)
	at com.kms.katalon.core.main.TestCaseMain.runTestCase(TestCaseMain.java:144)
	at com.kms.katalon.core.keyword.builtin.CallTestCaseKeyword$_callTestCase_closure1.doCall(CallTestCaseKeyword.groovy:59)
	... 25 more
Caused by: com.kms.katalon.core.exception.StepFailedException: Unable to set text 'null' of object 'Object Repository/Page_ParaBank  Welcome  Online Banking/txtUsername'
	... 41 more
Caused by: java.lang.IllegalArgumentException: Text is null
	at com.kms.katalon.core.webui.keyword.builtin.SetTextKeyword$_setText_closure1.doCall(SetTextKeyword.groovy:48)
	at com.kms.katalon.core.webui.keyword.builtin.SetTextKeyword$_setText_closure1.call(SetTextKeyword.groovy)
	at com.kms.katalon.core.webui.keyword.internal.WebUIKeywordMain.runKeyword(WebUIKeywordMain.groovy:20)
	... 39 more]]></system-err>
      </testcase>
      <system-out><![CDATA[2023-11-08 10:50:28 - [TEST_SUITE][FAILED] - STS002 - Login verification: Test Cases/Reusable Test Cases/Login FAILED.
Reason:
com.kms.katalon.core.exception.StepFailedException: Unable to set text 'null' of object 'Object Repository/Page_ParaBank  Welcome  Online Banking/txtUsername' (Root cause: com.kms.katalon.core.exception.StepFailedException: Unable to set text 'null' of object 'Object Repository/Page_ParaBank  Welcome  Online Banking/txtUsername'
	at com.kms.katalon.core.webui.keyword.internal.WebUIKeywordMain.stepFailed(WebUIKeywordMain.groovy:64)
	at com.kms.katalon.core.webui.keyword.internal.WebUIKeywordMain.runKeyword(WebUIKeywordMain.groovy:26)
	at com.kms.katalon.core.webui.keyword.builtin.SetTextKeyword.setText(SetTextKeyword.groovy:66)
	at com.kms.katalon.core.webui.keyword.builtin.SetTextKeyword.execute(SetTextKeyword.groovy:37)
	at com.kms.katalon.core.keyword.internal.KeywordExecutor.executeKeywordForPlatform(KeywordExecutor.groovy:74)
	at com.kms.katalon.core.webui.keyword.WebUiBuiltInKeywords.setText(WebUiBuiltInKeywords.groovy:980)
	at Login.run(Login:22)
	at com.kms.katalon.core.main.ScriptEngine.run(ScriptEngine.java:194)
	at com.kms.katalon.core.main.ScriptEngine.runScriptAsRawText(ScriptEngine.java:119)
	at com.kms.katalon.core.main.TestCaseExecutor.runScript(TestCaseExecutor.java:448)
	at com.kms.katalon.core.main.TestCaseExecutor.doExecute(TestCaseExecutor.java:439)
	at com.kms.katalon.core.main.TestCaseExecutor.processExecutionPhase(TestCaseExecutor.java:418)
	at com.kms.katalon.core.main.TestCaseExecutor.accessMainPhase(TestCaseExecutor.java:410)
	at com.kms.katalon.core.main.TestCaseExecutor.execute(TestCaseExecutor.java:285)
	at com.kms.katalon.core.common.CommonExecutor.accessTestCaseMainPhase(CommonExecutor.java:65)
	at com.kms.katalon.core.main.TestSuiteExecutor.accessTestSuiteMainPhase(TestSuiteExecutor.java:148)
	at com.kms.katalon.core.main.TestSuiteExecutor.execute(TestSuiteExecutor.java:106)
	at com.kms.katalon.core.main.TestCaseMain.startTestSuite(TestCaseMain.java:187)
	at TempTestSuite1699458622452.run(TempTestSuite1699458622452.groovy:36)
	at java.base/jdk.internal.reflect.NativeMethodAccessorImpl.invoke0(Native Method)
	at java.base/jdk.internal.reflect.NativeMethodAccessorImpl.invoke(NativeMethodAccessorImpl.java:77)
	at java.base/jdk.internal.reflect.DelegatingMethodAccessorImpl.invoke(DelegatingMethodAccessorImpl.java:43)
Caused by: java.lang.IllegalArgumentException: Text is null
	at com.kms.katalon.core.webui.keyword.builtin.SetTextKeyword$_setText_closure1.doCall(SetTextKeyword.groovy:48)
	at com.kms.katalon.core.webui.keyword.builtin.SetTextKeyword$_setText_closure1.call(SetTextKeyword.groovy)
	at com.kms.katalon.core.webui.keyword.internal.WebUIKeywordMain.runKeyword(WebUIKeywordMain.groovy:20)
	at com.kms.katalon.core.webui.keyword.builtin.SetTextKeyword.setText(SetTextKeyword.groovy:66)
	at com.kms.katalon.core.webui.keyword.builtin.SetTextKeyword.execute(SetTextKeyword.groovy:37)
	at com.kms.katalon.core.keyword.internal.KeywordExecutor.executeKeywordForPlatform(KeywordExecutor.groovy:74)
	at com.kms.katalon.core.webui.keyword.WebUiBuiltInKeywords.setText(WebUiBuiltInKeywords.groovy:980)
	at Script1698671419553.run(Script1698671419553.groovy:22)
	... 15 more
)
	at com.kms.katalon.core.keyword.internal.KeywordMain.stepFailed(KeywordMain.groovy:39)
	at com.kms.katalon.core.webui.keyword.internal.WebUIKeywordMain.stepFailed(WebUIKeywordMain.groovy:64)
	at com.kms.katalon.core.webui.keyword.internal.WebUIKeywordMain.runKeyword(WebUIKeywordMain.groovy:26)
	at com.kms.katalon.core.webui.keyword.builtin.SetTextKeyword.setText(SetTextKeyword.groovy:66)
	at com.kms.katalon.core.webui.keyword.builtin.SetTextKeyword.execute(SetTextKeyword.groovy:37)
	at com.kms.katalon.core.keyword.internal.KeywordExecutor.executeKeywordForPlatform(KeywordExecutor.groovy:74)
	at com.kms.katalon.core.webui.keyword.WebUiBuiltInKeywords.setText(WebUiBuiltInKeywords.groovy:980)
	at Login.run(Login:22)
	at com.kms.katalon.core.main.ScriptEngine.run(ScriptEngine.java:194)
	at com.kms.katalon.core.main.ScriptEngine.runScriptAsRawText(ScriptEngine.java:119)
	at com.kms.katalon.core.main.TestCaseExecutor.runScript(TestCaseExecutor.java:448)
	at com.kms.katalon.core.main.TestCaseExecutor.doExecute(TestCaseExecutor.java:439)
	at com.kms.katalon.core.main.TestCaseExecutor.processExecutionPhase(TestCaseExecutor.java:418)
	at com.kms.katalon.core.main.TestCaseExecutor.accessMainPhase(TestCaseExecutor.java:410)
	at com.kms.katalon.core.main.TestCaseExecutor.execute(TestCaseExecutor.java:285)
	at com.kms.katalon.core.common.CommonExecutor.accessTestCaseMainPhase(CommonExecutor.java:65)
	at com.kms.katalon.core.main.TestSuiteExecutor.accessTestSuiteMainPhase(TestSuiteExecutor.java:148)
	at com.kms.katalon.core.main.TestSuiteExecutor.execute(TestSuiteExecutor.java:106)
	at com.kms.katalon.core.main.TestCaseMain.startTestSuite(TestCaseMain.java:187)
	at TempTestSuite1699458622452.run(TempTestSuite1699458622452.groovy:36)
	at java.base/jdk.internal.reflect.NativeMethodAccessorImpl.invoke0(Native Method)
	at java.base/jdk.internal.reflect.NativeMethodAccessorImpl.invoke(NativeMethodAccessorImpl.java:77)
	at java.base/jdk.internal.reflect.DelegatingMethodAccessorImpl.invoke(DelegatingMethodAccessorImpl.java:43)
Caused by: com.kms.katalon.core.exception.StepFailedException: Unable to set text 'null' of object 'Object Repository/Page_ParaBank  Welcome  Online Banking/txtUsername'
	... 22 more
Caused by: java.lang.IllegalArgumentException: Text is null
	at com.kms.katalon.core.webui.keyword.builtin.SetTextKeyword$_setText_closure1.doCall(SetTextKeyword.groovy:48)
	at com.kms.katalon.core.webui.keyword.builtin.SetTextKeyword$_setText_closure1.call(SetTextKeyword.groovy)
	at com.kms.katalon.core.webui.keyword.internal.WebUIKeywordMain.runKeyword(WebUIKeywordMain.groovy:20)
	... 20 more]]></system-out>
      <system-err><![CDATA[2023-11-08 10:50:28 - [TEST_SUITE][FAILED] - STS002 - Login verification: Test Cases/Reusable Test Cases/Login FAILED.
Reason:
com.kms.katalon.core.exception.StepFailedException: Unable to set text 'null' of object 'Object Repository/Page_ParaBank  Welcome  Online Banking/txtUsername' (Root cause: com.kms.katalon.core.exception.StepFailedException: Unable to set text 'null' of object 'Object Repository/Page_ParaBank  Welcome  Online Banking/txtUsername'
	at com.kms.katalon.core.webui.keyword.internal.WebUIKeywordMain.stepFailed(WebUIKeywordMain.groovy:64)
	at com.kms.katalon.core.webui.keyword.internal.WebUIKeywordMain.runKeyword(WebUIKeywordMain.groovy:26)
	at com.kms.katalon.core.webui.keyword.builtin.SetTextKeyword.setText(SetTextKeyword.groovy:66)
	at com.kms.katalon.core.webui.keyword.builtin.SetTextKeyword.execute(SetTextKeyword.groovy:37)
	at com.kms.katalon.core.keyword.internal.KeywordExecutor.executeKeywordForPlatform(KeywordExecutor.groovy:74)
	at com.kms.katalon.core.webui.keyword.WebUiBuiltInKeywords.setText(WebUiBuiltInKeywords.groovy:980)
	at Login.run(Login:22)
	at com.kms.katalon.core.main.ScriptEngine.run(ScriptEngine.java:194)
	at com.kms.katalon.core.main.ScriptEngine.runScriptAsRawText(ScriptEngine.java:119)
	at com.kms.katalon.core.main.TestCaseExecutor.runScript(TestCaseExecutor.java:448)
	at com.kms.katalon.core.main.TestCaseExecutor.doExecute(TestCaseExecutor.java:439)
	at com.kms.katalon.core.main.TestCaseExecutor.processExecutionPhase(TestCaseExecutor.java:418)
	at com.kms.katalon.core.main.TestCaseExecutor.accessMainPhase(TestCaseExecutor.java:410)
	at com.kms.katalon.core.main.TestCaseExecutor.execute(TestCaseExecutor.java:285)
	at com.kms.katalon.core.common.CommonExecutor.accessTestCaseMainPhase(CommonExecutor.java:65)
	at com.kms.katalon.core.main.TestSuiteExecutor.accessTestSuiteMainPhase(TestSuiteExecutor.java:148)
	at com.kms.katalon.core.main.TestSuiteExecutor.execute(TestSuiteExecutor.java:106)
	at com.kms.katalon.core.main.TestCaseMain.startTestSuite(TestCaseMain.java:187)
	at TempTestSuite1699458622452.run(TempTestSuite1699458622452.groovy:36)
	at java.base/jdk.internal.reflect.NativeMethodAccessorImpl.invoke0(Native Method)
	at java.base/jdk.internal.reflect.NativeMethodAccessorImpl.invoke(NativeMethodAccessorImpl.java:77)
	at java.base/jdk.internal.reflect.DelegatingMethodAccessorImpl.invoke(DelegatingMethodAccessorImpl.java:43)
Caused by: java.lang.IllegalArgumentException: Text is null
	at com.kms.katalon.core.webui.keyword.builtin.SetTextKeyword$_setText_closure1.doCall(SetTextKeyword.groovy:48)
	at com.kms.katalon.core.webui.keyword.builtin.SetTextKeyword$_setText_closure1.call(SetTextKeyword.groovy)
	at com.kms.katalon.core.webui.keyword.internal.WebUIKeywordMain.runKeyword(WebUIKeywordMain.groovy:20)
	at com.kms.katalon.core.webui.keyword.builtin.SetTextKeyword.setText(SetTextKeyword.groovy:66)
	at com.kms.katalon.core.webui.keyword.builtin.SetTextKeyword.execute(SetTextKeyword.groovy:37)
	at com.kms.katalon.core.keyword.internal.KeywordExecutor.executeKeywordForPlatform(KeywordExecutor.groovy:74)
	at com.kms.katalon.core.webui.keyword.WebUiBuiltInKeywords.setText(WebUiBuiltInKeywords.groovy:980)
	at Script1698671419553.run(Script1698671419553.groovy:22)
	... 15 more
)
	at com.kms.katalon.core.keyword.internal.KeywordMain.stepFailed(KeywordMain.groovy:39)
	at com.kms.katalon.core.webui.keyword.internal.WebUIKeywordMain.stepFailed(WebUIKeywordMain.groovy:64)
	at com.kms.katalon.core.webui.keyword.internal.WebUIKeywordMain.runKeyword(WebUIKeywordMain.groovy:26)
	at com.kms.katalon.core.webui.keyword.builtin.SetTextKeyword.setText(SetTextKeyword.groovy:66)
	at com.kms.katalon.core.webui.keyword.builtin.SetTextKeyword.execute(SetTextKeyword.groovy:37)
	at com.kms.katalon.core.keyword.internal.KeywordExecutor.executeKeywordForPlatform(KeywordExecutor.groovy:74)
	at com.kms.katalon.core.webui.keyword.WebUiBuiltInKeywords.setText(WebUiBuiltInKeywords.groovy:980)
	at Login.run(Login:22)
	at com.kms.katalon.core.main.ScriptEngine.run(ScriptEngine.java:194)
	at com.kms.katalon.core.main.ScriptEngine.runScriptAsRawText(ScriptEngine.java:119)
	at com.kms.katalon.core.main.TestCaseExecutor.runScript(TestCaseExecutor.java:448)
	at com.kms.katalon.core.main.TestCaseExecutor.doExecute(TestCaseExecutor.java:439)
	at com.kms.katalon.core.main.TestCaseExecutor.processExecutionPhase(TestCaseExecutor.java:418)
	at com.kms.katalon.core.main.TestCaseExecutor.accessMainPhase(TestCaseExecutor.java:410)
	at com.kms.katalon.core.main.TestCaseExecutor.execute(TestCaseExecutor.java:285)
	at com.kms.katalon.core.common.CommonExecutor.accessTestCaseMainPhase(CommonExecutor.java:65)
	at com.kms.katalon.core.main.TestSuiteExecutor.accessTestSuiteMainPhase(TestSuiteExecutor.java:148)
	at com.kms.katalon.core.main.TestSuiteExecutor.execute(TestSuiteExecutor.java:106)
	at com.kms.katalon.core.main.TestCaseMain.startTestSuite(TestCaseMain.java:187)
	at TempTestSuite1699458622452.run(TempTestSuite1699458622452.groovy:36)
	at java.base/jdk.internal.reflect.NativeMethodAccessorImpl.invoke0(Native Method)
	at java.base/jdk.internal.reflect.NativeMethodAccessorImpl.invoke(NativeMethodAccessorImpl.java:77)
	at java.base/jdk.internal.reflect.DelegatingMethodAccessorImpl.invoke(DelegatingMethodAccessorImpl.java:43)
Caused by: com.kms.katalon.core.exception.StepFailedException: Unable to set text 'null' of object 'Object Repository/Page_ParaBank  Welcome  Online Banking/txtUsername'
	... 22 more
Caused by: java.lang.IllegalArgumentException: Text is null
	at com.kms.katalon.core.webui.keyword.builtin.SetTextKeyword$_setText_closure1.doCall(SetTextKeyword.groovy:48)
	at com.kms.katalon.core.webui.keyword.builtin.SetTextKeyword$_setText_closure1.call(SetTextKeyword.groovy)
	at com.kms.katalon.core.webui.keyword.internal.WebUIKeywordMain.runKeyword(WebUIKeywordMain.groovy:20)
	... 20 more]]></system-err>
   </testsuite>
</testsuites>
