<?xml version="1.0" encoding="UTF-8"?>
<testsuites name="STS003 - Main page links verification" time="640.512" tests="12" failures="0" errors="0">
   <testsuite name="STS003 - Main page links verification" tests="12" failures="0" errors="0" time="640.512" skipped="0" timestamp="2023-11-03 18:37:38" hostname="gkokabayeva - USORLGKOKABYE1.us.deloitte.com" id="Test Suites/Smoke Test Suites/STS003 - Main page links verification">
      <properties>
         <property name="deviceName"/>
         <property name="devicePlatform" value="WINDOWS"/>
         <property name="logFolder" value="C:\\Users\\GKOKABAYEVA\\Katalon Studio\\Parabank\\Reports\\20231103_183731\\Smoke Test Suites\\STS003 - Main page links verification\\20231103_183731"/>
         <property name="logFiles" value="C:\\Users\\GKOKABAYEVA\\Katalon Studio\\Parabank\\Reports\\20231103_183731\\Smoke Test Suites\\STS003 - Main page links verification\\20231103_183731\\execution0.log"/>
         <property name="attachments" value=""/>
         <property name="hostName" value="gkokabayeva - USORLGKOKABYE1.us.deloitte.com"/>
         <property name="remoteDriverUrl" value="testcloud.katalon.com/hub"/>
         <property name="desiredCapabilities" value="{&#xa;  &quot;timeouts&quot;: {&#xa;    &quot;implicit&quot;: 0,&#xa;    &quot;pageLoad&quot;: 300000,&#xa;    &quot;script&quot;: 30000&#xa;  },&#xa;  &quot;platform&quot;: &quot;WINDOWS&quot;,&#xa;  &quot;goog:chromeOptions&quot;: {&#xa;    &quot;debuggerAddress&quot;: &quot;&quot;&#xa;  },&#xa;  &quot;requestId&quot;: &quot;605812c2-e74e-4434-b2bb-602561bedae5&quot;,&#xa;  &quot;webauthn:extension:credBlob&quot;: true,&#xa;  &quot;acceptInsecureCerts&quot;: true,&#xa;  &quot;browserVersion&quot;: &quot;109.0.0.0&quot;,&#xa;  &quot;browserName&quot;: &quot;chrome&quot;,&#xa;  &quot;javascriptEnabled&quot;: true,&#xa;  &quot;katalon:option&quot;: {&#xa;    &quot;unlimitedExecutionMinutes&quot;: true,&#xa;    &quot;apiKey&quot;: &quot;0564a534-72aa-4e06-807e-be3f23a85aad&quot;,&#xa;    &quot;tunnelMetadataId&quot;: &quot;e414eece-08e0-4d24-878e-c0113cd1895e&quot;,&#xa;    &quot;userId&quot;: 1318437,&#xa;    &quot;organizationId&quot;: &quot;1272612&quot;,&#xa;    &quot;class&quot;: &quot;com.katalon.testcloud.grid.common.tunnel.domain.UserOptionCapability&quot;,&#xa;    &quot;runFromTestCloud&quot;: true,&#xa;    &quot;tenant&quot;: &quot;KatalonStudio&quot;,&#xa;    &quot;usingTunnel&quot;: true,&#xa;    &quot;group&quot;: &quot;abb0c0b9-905f-407f-b117-accd17222bc6&quot;&#xa;  },&#xa;  &quot;platformName&quot;: &quot;WINDOWS&quot;,&#xa;  &quot;setWindowRect&quot;: true,&#xa;  &quot;webauthn:extension:largeBlob&quot;: true,&#xa;  &quot;networkConnectionEnabled&quot;: false,&#xa;  &quot;chrome&quot;: {&#xa;    &quot;chromedriverVersion&quot;: &quot;109.0&quot;,&#xa;    &quot;userDataDir&quot;: &quot;\&quot;C:\\\\Windows\\\\proxy\\\\scoped_dir13044_321754463&quot;&#xa;  },&#xa;  &quot;os&quot;: &quot;windows&quot;,&#xa;  &quot;pageLoadStrategy&quot;: &quot;normal&quot;,&#xa;  &quot;unhandledPromptBehavior&quot;: &quot;dismiss and notify&quot;,&#xa;  &quot;strictFileInteractability&quot;: false,&#xa;  &quot;***:loadExtension&quot;: [&#xa;    &quot;https://prod-magicleap-user-files-us-east-1-v1.s3.amazonaws.com/extensions/orgId-691279/SmartWait.zip&quot;&#xa;  ],&#xa;  &quot;version&quot;: &quot;109&quot;,&#xa;  &quot;se:cdp&quot;: &quot;ws://172.48.50.57:4444/session/3I6Y8-YP8VE-JERUX-46CIH/se/cdp&quot;,&#xa;  &quot;se:bidiEnabled&quot;: false,&#xa;  &quot;proxy&quot;: {&#xa;    &quot;proxyType&quot;: &quot;UNSPECIFIED&quot;,&#xa;    &quot;autodetect&quot;: false&#xa;  },&#xa;  &quot;webdriver.remote.sessionid&quot;: &quot;3I6Y8-YP8VE-JERUX-46CIH&quot;,&#xa;  &quot;webauthn:virtualAuthenticators&quot;: true&#xa;}"/>
         <property name="os" value="Windows 10 64bit"/>
         <property name="remoteOS" value="Windows"/>
         <property name="katalonVersion" value="9.0.0.212"/>
         <property name="browser" value="Chrome 109.0.0.0"/>
         <property name="hostAddress" value="192.168.1.165"/>
         <property name="sessionId" value="3I6Y8-YP8VE-JERUX-46CIH"/>
         <property name="seleniumVersion" value="3.141.59"/>
         <property name="proxyInformation" value="ProxyInformation { proxyOption=NO_PROXY, proxyServerType=HTTP, username=, password=********, proxyServerAddress=, proxyServerPort=0, executionList=&quot;&quot;, isApplyToDesiredCapabilities=true }"/>
         <property name="platform" value="Windows 10"/>
      </properties>
      <testcase name="Test Cases/Main Test Cases/MTC007 - Verify main page title" time="48.496" classname="Test Cases/Main Test Cases/MTC007 - Verify main page title" status="PASSED">
         <system-out><![CDATA[2023-11-03 18:37:38 - [TEST_CASE][PASSED] - Test Cases/Main Test Cases/MTC007 - Verify main page title: Test Cases/Main Test Cases/MTC007 - Verify main page title

2023-11-03 18:37:38 - [TEST_STEP][PASSED] - callTestCase(findTestCase("Reusable Test Cases/Open the webapp"), [:], CONTINUE_ON_FAILURE): Call Test Case 'Test Cases/Reusable Test Cases/Open the webapp' successfully

2023-11-03 18:37:39 - [TEST_CASE][PASSED] - Test Cases/Reusable Test Cases/Open the webapp: Test Cases/Reusable Test Cases/Open the webapp

2023-11-03 18:37:39 - [TEST_STEP][PASSED] - openBrowser(URL): Browser is opened with url: 'https://parabank.parasoft.com/parabank/index.htm'

2023-11-03 18:37:40 - [MESSAGE][INFO] - User set preference: ['os', 'windows']

2023-11-03 18:37:40 - [MESSAGE][INFO] - User set preference: ['browserName', 'chrome']

2023-11-03 18:37:40 - [MESSAGE][INFO] - User set preference: ['browserVersion', '109']

2023-11-03 18:37:40 - [MESSAGE][INFO] - User set preference: ['katalon:option', '{organizationId=1272612, tunnelId=e414eece-08e0-4d24-878e-c0113cd1895e, usingTunnel=true}']

2023-11-03 18:37:40 - [MESSAGE][INFO] - Connecting to remote web server 'testcloud.katalon.com/hub' with type 'Selenium'

2023-11-03 18:37:40 - [MESSAGE][INFO] - Action delay is set to 0 milliseconds

2023-11-03 18:38:25 - [MESSAGE][PASSED] - Browser is opened with url: 'https://parabank.parasoft.com/parabank/index.htm'

2023-11-03 18:38:25 - [TEST_STEP][PASSED] - maximizeWindow(): Current window maximized

2023-11-03 18:38:25 - [MESSAGE][PASSED] - Current window maximized

2023-11-03 18:38:25 - [MESSAGE][PASSED] - Call Test Case 'Test Cases/Reusable Test Cases/Open the webapp' successfully

2023-11-03 18:38:25 - [TEST_STEP][PASSED] - actualTitle = getWindowTitle(): Current window's title is: 'ParaBank | Welcome | Online Banking'

2023-11-03 18:38:26 - [MESSAGE][PASSED] - Current window's title is: 'ParaBank | Welcome | Online Banking'

2023-11-03 18:38:26 - [TEST_STEP][PASSED] - verifyEqual(actualTitle, expectedTitle): Actual object 'ParaBank | Welcome | Online Banking' and expected object 'ParaBank | Welcome | Online Banking' are equal

2023-11-03 18:38:26 - [MESSAGE][PASSED] - Actual object 'ParaBank | Welcome | Online Banking' and expected object 'ParaBank | Welcome | Online Banking' are equal

2023-11-03 18:38:26 - [TEST_STEP][PASSED] - closeBrowser(): Browser is closed

2023-11-03 18:38:26 - [MESSAGE][PASSED] - Browser is closed]]></system-out>
         <system-err><![CDATA[]]></system-err>
      </testcase>
      <testcase name="Test Cases/Main Test Cases/MTC008 - Verify Services link" time="52.055" classname="Test Cases/Main Test Cases/MTC008 - Verify Services link" status="PASSED">
         <system-out><![CDATA[2023-11-03 18:38:26 - [TEST_CASE][PASSED] - Test Cases/Main Test Cases/MTC008 - Verify Services link: Test Cases/Main Test Cases/MTC008 - Verify Services link

2023-11-03 18:38:27 - [TEST_STEP][PASSED] - callTestCase(findTestCase("Reusable Test Cases/Open the webapp"), [:], CONTINUE_ON_FAILURE): Call Test Case 'Test Cases/Reusable Test Cases/Open the webapp' successfully

2023-11-03 18:38:27 - [TEST_CASE][PASSED] - Test Cases/Reusable Test Cases/Open the webapp: Test Cases/Reusable Test Cases/Open the webapp

2023-11-03 18:38:27 - [TEST_STEP][PASSED] - openBrowser(URL): Browser is opened with url: 'https://parabank.parasoft.com/parabank/index.htm'

2023-11-03 18:38:27 - [MESSAGE][INFO] - User set preference: ['os', 'windows']

2023-11-03 18:38:27 - [MESSAGE][INFO] - User set preference: ['browserName', 'chrome']

2023-11-03 18:38:27 - [MESSAGE][INFO] - User set preference: ['browserVersion', '109']

2023-11-03 18:38:27 - [MESSAGE][INFO] - User set preference: ['katalon:option', '{organizationId=1272612, tunnelId=e414eece-08e0-4d24-878e-c0113cd1895e, usingTunnel=true}']

2023-11-03 18:38:27 - [MESSAGE][INFO] - Connecting to remote web server 'testcloud.katalon.com/hub' with type 'Selenium'

2023-11-03 18:38:27 - [MESSAGE][INFO] - Action delay is set to 0 milliseconds

2023-11-03 18:39:11 - [MESSAGE][PASSED] - Browser is opened with url: 'https://parabank.parasoft.com/parabank/index.htm'

2023-11-03 18:39:11 - [TEST_STEP][PASSED] - maximizeWindow(): Current window maximized

2023-11-03 18:39:12 - [MESSAGE][PASSED] - Current window maximized

2023-11-03 18:39:12 - [MESSAGE][PASSED] - Call Test Case 'Test Cases/Reusable Test Cases/Open the webapp' successfully

2023-11-03 18:39:12 - [TEST_STEP][PASSED] - click(findTestObject("Object Repository/Page_ParaBank  Welcome  Online Banking/lnkServices")): Object: 'Object Repository/Page_ParaBank  Welcome  Online Banking/lnkServices' is clicked on

2023-11-03 18:39:15 - [MESSAGE][PASSED] - Object: 'Object Repository/Page_ParaBank  Welcome  Online Banking/lnkServices' is clicked on

2023-11-03 18:39:15 - [TEST_STEP][PASSED] - navigateToUrl(SERVICES_URL): Navigate to 'https://parabank.parasoft.com/parabank/services.htm' successfully

2023-11-03 18:39:16 - [MESSAGE][PASSED] - Navigate to 'https://parabank.parasoft.com/parabank/services.htm' successfully

2023-11-03 18:39:16 - [TEST_STEP][PASSED] - verifyElementText(findTestObject("Object Repository/Page_ParaBank  Services/lblAvailableBookstoreSOAPServices"), expectedBookstoreMessage): Actual text and expected text of test object 'Object Repository/Page_ParaBank  Services/lblAvailableBookstoreSOAPServices' are matched.

2023-11-03 18:39:18 - [MESSAGE][PASSED] - Actual text and expected text of test object 'Object Repository/Page_ParaBank  Services/lblAvailableBookstoreSOAPServices' are matched.

2023-11-03 18:39:18 - [TEST_STEP][PASSED] - closeBrowser(): Browser is closed

2023-11-03 18:39:19 - [MESSAGE][PASSED] - Browser is closed]]></system-out>
         <system-err><![CDATA[]]></system-err>
      </testcase>
      <testcase name="Test Cases/Main Test Cases/MTC009 - Verify Products link" time="63.259" classname="Test Cases/Main Test Cases/MTC009 - Verify Products link" status="PASSED">
         <system-out><![CDATA[2023-11-03 18:39:19 - [TEST_CASE][PASSED] - Test Cases/Main Test Cases/MTC009 - Verify Products link: Test Cases/Main Test Cases/MTC009 - Verify Products link

2023-11-03 18:39:19 - [TEST_STEP][PASSED] - callTestCase(findTestCase("Reusable Test Cases/Open the webapp"), [:], CONTINUE_ON_FAILURE): Call Test Case 'Test Cases/Reusable Test Cases/Open the webapp' successfully

2023-11-03 18:39:19 - [TEST_CASE][PASSED] - Test Cases/Reusable Test Cases/Open the webapp: Test Cases/Reusable Test Cases/Open the webapp

2023-11-03 18:39:19 - [TEST_STEP][PASSED] - openBrowser(URL): Browser is opened with url: 'https://parabank.parasoft.com/parabank/index.htm'

2023-11-03 18:39:19 - [MESSAGE][INFO] - User set preference: ['os', 'windows']

2023-11-03 18:39:19 - [MESSAGE][INFO] - User set preference: ['browserName', 'chrome']

2023-11-03 18:39:19 - [MESSAGE][INFO] - User set preference: ['browserVersion', '109']

2023-11-03 18:39:19 - [MESSAGE][INFO] - User set preference: ['katalon:option', '{organizationId=1272612, tunnelId=e414eece-08e0-4d24-878e-c0113cd1895e, usingTunnel=true}']

2023-11-03 18:39:19 - [MESSAGE][INFO] - Connecting to remote web server 'testcloud.katalon.com/hub' with type 'Selenium'

2023-11-03 18:39:19 - [MESSAGE][INFO] - Action delay is set to 0 milliseconds

2023-11-03 18:40:02 - [MESSAGE][PASSED] - Browser is opened with url: 'https://parabank.parasoft.com/parabank/index.htm'

2023-11-03 18:40:02 - [TEST_STEP][PASSED] - maximizeWindow(): Current window maximized

2023-11-03 18:40:03 - [MESSAGE][PASSED] - Current window maximized

2023-11-03 18:40:03 - [MESSAGE][PASSED] - Call Test Case 'Test Cases/Reusable Test Cases/Open the webapp' successfully

2023-11-03 18:40:03 - [TEST_STEP][PASSED] - click(findTestObject("Object Repository/Page_ParaBank  Welcome  Online Banking/lnkProducts")): Object: 'Object Repository/Page_ParaBank  Welcome  Online Banking/lnkProducts' is clicked on

2023-11-03 18:40:11 - [MESSAGE][PASSED] - Object: 'Object Repository/Page_ParaBank  Welcome  Online Banking/lnkProducts' is clicked on

2023-11-03 18:40:11 - [TEST_STEP][PASSED] - navigateToUrl(PRODUCTS_URL): Navigate to 'https://www.parasoft.com/products/' successfully

2023-11-03 18:40:16 - [MESSAGE][PASSED] - Navigate to 'https://www.parasoft.com/products/' successfully

2023-11-03 18:40:16 - [TEST_STEP][PASSED] - verifyElementText(findTestObject("Object Repository/Page_Automated Software Testing Tool Suite _51757b/ParasoftLogo"), ""): Actual text and expected text of test object 'Object Repository/Page_Automated Software Testing Tool Suite _51757b/ParasoftLogo' are matched.

2023-11-03 18:40:19 - [MESSAGE][PASSED] - Actual text and expected text of test object 'Object Repository/Page_Automated Software Testing Tool Suite _51757b/ParasoftLogo' are matched.

2023-11-03 18:40:19 - [TEST_STEP][PASSED] - verifyElementPresent(findTestObject("Object Repository/Page_Automated Software Testing Tool Suite _51757b/lnkProducts"), 0): Object 'Object Repository/Page_Automated Software Testing Tool Suite _51757b/lnkProducts' is present

2023-11-03 18:40:19 - [MESSAGE][WARNING] - Timeout '0' is invalid. Using default page load timeout: '30'

2023-11-03 18:40:21 - [MESSAGE][PASSED] - Object 'Object Repository/Page_Automated Software Testing Tool Suite _51757b/lnkProducts' is present

2023-11-03 18:40:21 - [TEST_STEP][PASSED] - closeBrowser(): Browser is closed

2023-11-03 18:40:22 - [MESSAGE][PASSED] - Browser is closed]]></system-out>
         <system-err><![CDATA[]]></system-err>
      </testcase>
      <testcase name="Test Cases/Main Test Cases/MTC010 - Verify Locations link" time="51.186" classname="Test Cases/Main Test Cases/MTC010 - Verify Locations link" status="PASSED">
         <system-out><![CDATA[2023-11-03 18:40:22 - [TEST_CASE][PASSED] - Test Cases/Main Test Cases/MTC010 - Verify Locations link: Test Cases/Main Test Cases/MTC010 - Verify Locations link

2023-11-03 18:40:22 - [TEST_STEP][PASSED] - callTestCase(findTestCase("Reusable Test Cases/Open the webapp"), [:], CONTINUE_ON_FAILURE): Call Test Case 'Test Cases/Reusable Test Cases/Open the webapp' successfully

2023-11-03 18:40:22 - [TEST_CASE][PASSED] - Test Cases/Reusable Test Cases/Open the webapp: Test Cases/Reusable Test Cases/Open the webapp

2023-11-03 18:40:22 - [TEST_STEP][PASSED] - openBrowser(URL): Browser is opened with url: 'https://parabank.parasoft.com/parabank/index.htm'

2023-11-03 18:40:22 - [MESSAGE][INFO] - User set preference: ['os', 'windows']

2023-11-03 18:40:22 - [MESSAGE][INFO] - User set preference: ['browserName', 'chrome']

2023-11-03 18:40:22 - [MESSAGE][INFO] - User set preference: ['browserVersion', '109']

2023-11-03 18:40:22 - [MESSAGE][INFO] - User set preference: ['katalon:option', '{organizationId=1272612, tunnelId=e414eece-08e0-4d24-878e-c0113cd1895e, usingTunnel=true}']

2023-11-03 18:40:22 - [MESSAGE][INFO] - Connecting to remote web server 'testcloud.katalon.com/hub' with type 'Selenium'

2023-11-03 18:40:22 - [MESSAGE][INFO] - Action delay is set to 0 milliseconds

2023-11-03 18:41:02 - [MESSAGE][PASSED] - Browser is opened with url: 'https://parabank.parasoft.com/parabank/index.htm'

2023-11-03 18:41:02 - [TEST_STEP][PASSED] - maximizeWindow(): Current window maximized

2023-11-03 18:41:02 - [MESSAGE][PASSED] - Current window maximized

2023-11-03 18:41:02 - [MESSAGE][PASSED] - Call Test Case 'Test Cases/Reusable Test Cases/Open the webapp' successfully

2023-11-03 18:41:02 - [TEST_STEP][PASSED] - click(findTestObject("Object Repository/Page_ParaBank  Welcome  Online Banking/lnkLocations")): Object: 'Object Repository/Page_ParaBank  Welcome  Online Banking/lnkLocations' is clicked on

2023-11-03 18:41:06 - [MESSAGE][PASSED] - Object: 'Object Repository/Page_ParaBank  Welcome  Online Banking/lnkLocations' is clicked on

2023-11-03 18:41:06 - [TEST_STEP][PASSED] - navigateToUrl(SOLUTIONS_URL): Navigate to 'https://www.parasoft.com/solutions/' successfully

2023-11-03 18:41:09 - [MESSAGE][PASSED] - Navigate to 'https://www.parasoft.com/solutions/' successfully

2023-11-03 18:41:09 - [TEST_STEP][PASSED] - verifyElementPresent(findTestObject("Object Repository/Page_Automated Software Testing Solutions F_4f6c59/ParasoftLogo"), 0): Object 'Object Repository/Page_Automated Software Testing Solutions F_4f6c59/ParasoftLogo' is present

2023-11-03 18:41:09 - [MESSAGE][WARNING] - Timeout '0' is invalid. Using default page load timeout: '30'

2023-11-03 18:41:10 - [MESSAGE][PASSED] - Object 'Object Repository/Page_Automated Software Testing Solutions F_4f6c59/ParasoftLogo' is present

2023-11-03 18:41:10 - [TEST_STEP][PASSED] - verifyElementText(findTestObject("Object Repository/Page_Automated Software Testing Solutions F_4f6c59/lnkSolutions"), solutionsLink): Actual text and expected text of test object 'Object Repository/Page_Automated Software Testing Solutions F_4f6c59/lnkSolutions' are matched.

2023-11-03 18:41:12 - [MESSAGE][PASSED] - Actual text and expected text of test object 'Object Repository/Page_Automated Software Testing Solutions F_4f6c59/lnkSolutions' are matched.

2023-11-03 18:41:12 - [TEST_STEP][PASSED] - closeBrowser(): Browser is closed

2023-11-03 18:41:13 - [MESSAGE][PASSED] - Browser is closed]]></system-out>
         <system-err><![CDATA[]]></system-err>
      </testcase>
      <testcase name="Test Cases/Main Test Cases/MTC011 - Verify Admin Page link" time="58.092" classname="Test Cases/Main Test Cases/MTC011 - Verify Admin Page link" status="PASSED">
         <system-out><![CDATA[2023-11-03 18:41:13 - [TEST_CASE][PASSED] - Test Cases/Main Test Cases/MTC011 - Verify Admin Page link: Test Cases/Main Test Cases/MTC011 - Verify Admin Page link

2023-11-03 18:41:13 - [TEST_STEP][PASSED] - callTestCase(findTestCase("Reusable Test Cases/Open the webapp"), [:], CONTINUE_ON_FAILURE): Call Test Case 'Test Cases/Reusable Test Cases/Open the webapp' successfully

2023-11-03 18:41:13 - [TEST_CASE][PASSED] - Test Cases/Reusable Test Cases/Open the webapp: Test Cases/Reusable Test Cases/Open the webapp

2023-11-03 18:41:13 - [TEST_STEP][PASSED] - openBrowser(URL): Browser is opened with url: 'https://parabank.parasoft.com/parabank/index.htm'

2023-11-03 18:41:13 - [MESSAGE][INFO] - User set preference: ['os', 'windows']

2023-11-03 18:41:13 - [MESSAGE][INFO] - User set preference: ['browserName', 'chrome']

2023-11-03 18:41:13 - [MESSAGE][INFO] - User set preference: ['browserVersion', '109']

2023-11-03 18:41:13 - [MESSAGE][INFO] - User set preference: ['katalon:option', '{organizationId=1272612, tunnelId=e414eece-08e0-4d24-878e-c0113cd1895e, usingTunnel=true}']

2023-11-03 18:41:13 - [MESSAGE][INFO] - Connecting to remote web server 'testcloud.katalon.com/hub' with type 'Selenium'

2023-11-03 18:41:13 - [MESSAGE][INFO] - Action delay is set to 0 milliseconds

2023-11-03 18:42:02 - [MESSAGE][PASSED] - Browser is opened with url: 'https://parabank.parasoft.com/parabank/index.htm'

2023-11-03 18:42:02 - [TEST_STEP][PASSED] - maximizeWindow(): Current window maximized

2023-11-03 18:42:03 - [MESSAGE][PASSED] - Current window maximized

2023-11-03 18:42:03 - [MESSAGE][PASSED] - Call Test Case 'Test Cases/Reusable Test Cases/Open the webapp' successfully

2023-11-03 18:42:03 - [TEST_STEP][PASSED] - click(findTestObject("Object Repository/Page_ParaBank  Welcome  Online Banking/lnkAdminPage")): Object: 'Object Repository/Page_ParaBank  Welcome  Online Banking/lnkAdminPage' is clicked on

2023-11-03 18:42:07 - [MESSAGE][PASSED] - Object: 'Object Repository/Page_ParaBank  Welcome  Online Banking/lnkAdminPage' is clicked on

2023-11-03 18:42:07 - [TEST_STEP][PASSED] - navigateToUrl(ADMIN_PAGE_URL): Navigate to 'https://parabank.parasoft.com/parabank/admin.htm' successfully

2023-11-03 18:42:08 - [MESSAGE][PASSED] - Navigate to 'https://parabank.parasoft.com/parabank/admin.htm' successfully

2023-11-03 18:42:08 - [TEST_STEP][PASSED] - verifyElementText(findTestObject("Object Repository/Page_ParaBank  Administration/h1Administration"), expectedAdministrationHeader): Actual text and expected text of test object 'Object Repository/Page_ParaBank  Administration/h1Administration' are matched.

2023-11-03 18:42:10 - [MESSAGE][PASSED] - Actual text and expected text of test object 'Object Repository/Page_ParaBank  Administration/h1Administration' are matched.

2023-11-03 18:42:10 - [TEST_STEP][PASSED] - closeBrowser(): Browser is closed

2023-11-03 18:42:11 - [MESSAGE][PASSED] - Browser is closed]]></system-out>
         <system-err><![CDATA[]]></system-err>
      </testcase>
      <testcase name="Test Cases/Main Test Cases/MTC012 - Verify About Us link" time="51.947" classname="Test Cases/Main Test Cases/MTC012 - Verify About Us link" status="PASSED">
         <system-out><![CDATA[2023-11-03 18:42:11 - [TEST_CASE][PASSED] - Test Cases/Main Test Cases/MTC012 - Verify About Us link: Test Cases/Main Test Cases/MTC012 - Verify About Us link

2023-11-03 18:42:11 - [TEST_STEP][PASSED] - callTestCase(findTestCase("Reusable Test Cases/Open the webapp"), [:], CONTINUE_ON_FAILURE): Call Test Case 'Test Cases/Reusable Test Cases/Open the webapp' successfully

2023-11-03 18:42:11 - [TEST_CASE][PASSED] - Test Cases/Reusable Test Cases/Open the webapp: Test Cases/Reusable Test Cases/Open the webapp

2023-11-03 18:42:11 - [TEST_STEP][PASSED] - openBrowser(URL): Browser is opened with url: 'https://parabank.parasoft.com/parabank/index.htm'

2023-11-03 18:42:11 - [MESSAGE][INFO] - User set preference: ['os', 'windows']

2023-11-03 18:42:11 - [MESSAGE][INFO] - User set preference: ['browserName', 'chrome']

2023-11-03 18:42:11 - [MESSAGE][INFO] - User set preference: ['browserVersion', '109']

2023-11-03 18:42:11 - [MESSAGE][INFO] - User set preference: ['katalon:option', '{organizationId=1272612, tunnelId=e414eece-08e0-4d24-878e-c0113cd1895e, usingTunnel=true}']

2023-11-03 18:42:11 - [MESSAGE][INFO] - Connecting to remote web server 'testcloud.katalon.com/hub' with type 'Selenium'

2023-11-03 18:42:11 - [MESSAGE][INFO] - Action delay is set to 0 milliseconds

2023-11-03 18:42:55 - [MESSAGE][PASSED] - Browser is opened with url: 'https://parabank.parasoft.com/parabank/index.htm'

2023-11-03 18:42:55 - [TEST_STEP][PASSED] - maximizeWindow(): Current window maximized

2023-11-03 18:42:56 - [MESSAGE][PASSED] - Current window maximized

2023-11-03 18:42:56 - [MESSAGE][PASSED] - Call Test Case 'Test Cases/Reusable Test Cases/Open the webapp' successfully

2023-11-03 18:42:56 - [TEST_STEP][PASSED] - click(findTestObject("Object Repository/Page_ParaBank  Welcome  Online Banking/lnkAboutUs")): Object: 'Object Repository/Page_ParaBank  Welcome  Online Banking/lnkAboutUs' is clicked on

2023-11-03 18:43:00 - [MESSAGE][PASSED] - Object: 'Object Repository/Page_ParaBank  Welcome  Online Banking/lnkAboutUs' is clicked on

2023-11-03 18:43:00 - [TEST_STEP][PASSED] - navigateToUrl(ABOUT_US_URL): Navigate to 'https://parabank.parasoft.com/parabank/about.htm' successfully

2023-11-03 18:43:00 - [MESSAGE][PASSED] - Navigate to 'https://parabank.parasoft.com/parabank/about.htm' successfully

2023-11-03 18:43:00 - [TEST_STEP][PASSED] - verifyElementText(findTestObject("Object Repository/Page_ParaBank  About Us/h1ParaSoftDemoWebsite"), expectedParaSoftDemoWebsiteHeader): Actual text and expected text of test object 'Object Repository/Page_ParaBank  About Us/h1ParaSoftDemoWebsite' are matched.

2023-11-03 18:43:02 - [MESSAGE][PASSED] - Actual text and expected text of test object 'Object Repository/Page_ParaBank  About Us/h1ParaSoftDemoWebsite' are matched.

2023-11-03 18:43:02 - [TEST_STEP][PASSED] - closeBrowser(): Browser is closed

2023-11-03 18:43:03 - [MESSAGE][PASSED] - Browser is closed]]></system-out>
         <system-err><![CDATA[]]></system-err>
      </testcase>
      <testcase name="Test Cases/Main Test Cases/MTC013 - Verify Home icon" time="56.985" classname="Test Cases/Main Test Cases/MTC013 - Verify Home icon" status="PASSED">
         <system-out><![CDATA[2023-11-03 18:43:03 - [TEST_CASE][PASSED] - Test Cases/Main Test Cases/MTC013 - Verify Home icon: Test Cases/Main Test Cases/MTC013 - Verify Home icon

2023-11-03 18:43:03 - [TEST_STEP][PASSED] - callTestCase(findTestCase("Reusable Test Cases/Open the webapp"), [:], CONTINUE_ON_FAILURE): Call Test Case 'Test Cases/Reusable Test Cases/Open the webapp' successfully

2023-11-03 18:43:03 - [TEST_CASE][PASSED] - Test Cases/Reusable Test Cases/Open the webapp: Test Cases/Reusable Test Cases/Open the webapp

2023-11-03 18:43:03 - [TEST_STEP][PASSED] - openBrowser(URL): Browser is opened with url: 'https://parabank.parasoft.com/parabank/index.htm'

2023-11-03 18:43:03 - [MESSAGE][INFO] - User set preference: ['os', 'windows']

2023-11-03 18:43:03 - [MESSAGE][INFO] - User set preference: ['browserName', 'chrome']

2023-11-03 18:43:03 - [MESSAGE][INFO] - User set preference: ['browserVersion', '109']

2023-11-03 18:43:03 - [MESSAGE][INFO] - User set preference: ['katalon:option', '{organizationId=1272612, tunnelId=e414eece-08e0-4d24-878e-c0113cd1895e, usingTunnel=true}']

2023-11-03 18:43:03 - [MESSAGE][INFO] - Connecting to remote web server 'testcloud.katalon.com/hub' with type 'Selenium'

2023-11-03 18:43:03 - [MESSAGE][INFO] - Action delay is set to 0 milliseconds

2023-11-03 18:43:52 - [MESSAGE][PASSED] - Browser is opened with url: 'https://parabank.parasoft.com/parabank/index.htm'

2023-11-03 18:43:52 - [TEST_STEP][PASSED] - maximizeWindow(): Current window maximized

2023-11-03 18:43:53 - [MESSAGE][PASSED] - Current window maximized

2023-11-03 18:43:53 - [MESSAGE][PASSED] - Call Test Case 'Test Cases/Reusable Test Cases/Open the webapp' successfully

2023-11-03 18:43:53 - [TEST_STEP][PASSED] - click(findTestObject("Object Repository/Page_ParaBank  Welcome  Online Banking/iconHome")): Object: 'Object Repository/Page_ParaBank  Welcome  Online Banking/iconHome' is clicked on

2023-11-03 18:43:57 - [MESSAGE][PASSED] - Object: 'Object Repository/Page_ParaBank  Welcome  Online Banking/iconHome' is clicked on

2023-11-03 18:43:57 - [TEST_STEP][PASSED] - navigateToUrl(URL): Navigate to 'https://parabank.parasoft.com/parabank/index.htm' successfully

2023-11-03 18:43:57 - [MESSAGE][PASSED] - Navigate to 'https://parabank.parasoft.com/parabank/index.htm' successfully

2023-11-03 18:43:57 - [TEST_STEP][PASSED] - verifyElementPresent(findTestObject("Object Repository/Page_ParaBank  Welcome  Online Banking/divArticles"), 0): Object 'Object Repository/Page_ParaBank  Welcome  Online Banking/divArticles' is present

2023-11-03 18:43:57 - [MESSAGE][WARNING] - Timeout '0' is invalid. Using default page load timeout: '30'

2023-11-03 18:43:59 - [MESSAGE][PASSED] - Object 'Object Repository/Page_ParaBank  Welcome  Online Banking/divArticles' is present

2023-11-03 18:43:59 - [TEST_STEP][PASSED] - closeBrowser(): Browser is closed

2023-11-03 18:44:00 - [MESSAGE][PASSED] - Browser is closed]]></system-out>
         <system-err><![CDATA[]]></system-err>
      </testcase>
      <testcase name="Test Cases/Main Test Cases/MTC014 - Verify About icon" time="46.979" classname="Test Cases/Main Test Cases/MTC014 - Verify About icon" status="PASSED">
         <system-out><![CDATA[2023-11-03 18:44:00 - [TEST_CASE][PASSED] - Test Cases/Main Test Cases/MTC014 - Verify About icon: Test Cases/Main Test Cases/MTC014 - Verify About icon

2023-11-03 18:44:00 - [TEST_STEP][PASSED] - callTestCase(findTestCase("Reusable Test Cases/Open the webapp"), [:], CONTINUE_ON_FAILURE): Call Test Case 'Test Cases/Reusable Test Cases/Open the webapp' successfully

2023-11-03 18:44:00 - [TEST_CASE][PASSED] - Test Cases/Reusable Test Cases/Open the webapp: Test Cases/Reusable Test Cases/Open the webapp

2023-11-03 18:44:00 - [TEST_STEP][PASSED] - openBrowser(URL): Browser is opened with url: 'https://parabank.parasoft.com/parabank/index.htm'

2023-11-03 18:44:00 - [MESSAGE][INFO] - User set preference: ['os', 'windows']

2023-11-03 18:44:00 - [MESSAGE][INFO] - User set preference: ['browserName', 'chrome']

2023-11-03 18:44:00 - [MESSAGE][INFO] - User set preference: ['browserVersion', '109']

2023-11-03 18:44:00 - [MESSAGE][INFO] - User set preference: ['katalon:option', '{organizationId=1272612, tunnelId=e414eece-08e0-4d24-878e-c0113cd1895e, usingTunnel=true}']

2023-11-03 18:44:00 - [MESSAGE][INFO] - Connecting to remote web server 'testcloud.katalon.com/hub' with type 'Selenium'

2023-11-03 18:44:00 - [MESSAGE][INFO] - Action delay is set to 0 milliseconds

2023-11-03 18:44:40 - [MESSAGE][PASSED] - Browser is opened with url: 'https://parabank.parasoft.com/parabank/index.htm'

2023-11-03 18:44:40 - [TEST_STEP][PASSED] - maximizeWindow(): Current window maximized

2023-11-03 18:44:40 - [MESSAGE][PASSED] - Current window maximized

2023-11-03 18:44:40 - [MESSAGE][PASSED] - Call Test Case 'Test Cases/Reusable Test Cases/Open the webapp' successfully

2023-11-03 18:44:40 - [TEST_STEP][PASSED] - click(findTestObject("Page_ParaBank  Welcome  Online Banking/iconAbout")): Object: 'Object Repository/Page_ParaBank  Welcome  Online Banking/iconAbout' is clicked on

2023-11-03 18:44:44 - [MESSAGE][PASSED] - Object: 'Object Repository/Page_ParaBank  Welcome  Online Banking/iconAbout' is clicked on

2023-11-03 18:44:44 - [TEST_STEP][PASSED] - navigateToUrl(ABOUT_US_URL): Navigate to 'https://parabank.parasoft.com/parabank/about.htm' successfully

2023-11-03 18:44:44 - [MESSAGE][PASSED] - Navigate to 'https://parabank.parasoft.com/parabank/about.htm' successfully

2023-11-03 18:44:44 - [TEST_STEP][PASSED] - verifyElementText(findTestObject("Object Repository/Page_ParaBank  About Us/h1ParaSoftDemoWebsite"), expectedParaSoftDemoWebsiteHeader): Actual text and expected text of test object 'Object Repository/Page_ParaBank  About Us/h1ParaSoftDemoWebsite' are matched.

2023-11-03 18:44:46 - [MESSAGE][PASSED] - Actual text and expected text of test object 'Object Repository/Page_ParaBank  About Us/h1ParaSoftDemoWebsite' are matched.

2023-11-03 18:44:46 - [TEST_STEP][PASSED] - closeBrowser(): Browser is closed

2023-11-03 18:44:47 - [MESSAGE][PASSED] - Browser is closed]]></system-out>
         <system-err><![CDATA[]]></system-err>
      </testcase>
      <testcase name="Test Cases/Main Test Cases/MTC015 - Verify Contact icon" time="56.161" classname="Test Cases/Main Test Cases/MTC015 - Verify Contact icon" status="PASSED">
         <system-out><![CDATA[2023-11-03 18:44:47 - [TEST_CASE][PASSED] - Test Cases/Main Test Cases/MTC015 - Verify Contact icon: Test Cases/Main Test Cases/MTC015 - Verify Contact icon

2023-11-03 18:44:47 - [TEST_STEP][PASSED] - callTestCase(findTestCase("Reusable Test Cases/Open the webapp"), [:], CONTINUE_ON_FAILURE): Call Test Case 'Test Cases/Reusable Test Cases/Open the webapp' successfully

2023-11-03 18:44:47 - [TEST_CASE][PASSED] - Test Cases/Reusable Test Cases/Open the webapp: Test Cases/Reusable Test Cases/Open the webapp

2023-11-03 18:44:47 - [TEST_STEP][PASSED] - openBrowser(URL): Browser is opened with url: 'https://parabank.parasoft.com/parabank/index.htm'

2023-11-03 18:44:47 - [MESSAGE][INFO] - User set preference: ['os', 'windows']

2023-11-03 18:44:47 - [MESSAGE][INFO] - User set preference: ['browserName', 'chrome']

2023-11-03 18:44:47 - [MESSAGE][INFO] - User set preference: ['browserVersion', '109']

2023-11-03 18:44:47 - [MESSAGE][INFO] - User set preference: ['katalon:option', '{organizationId=1272612, tunnelId=e414eece-08e0-4d24-878e-c0113cd1895e, usingTunnel=true}']

2023-11-03 18:44:47 - [MESSAGE][INFO] - Connecting to remote web server 'testcloud.katalon.com/hub' with type 'Selenium'

2023-11-03 18:44:47 - [MESSAGE][INFO] - Action delay is set to 0 milliseconds

2023-11-03 18:45:33 - [MESSAGE][PASSED] - Browser is opened with url: 'https://parabank.parasoft.com/parabank/index.htm'

2023-11-03 18:45:33 - [TEST_STEP][PASSED] - maximizeWindow(): Current window maximized

2023-11-03 18:45:33 - [MESSAGE][PASSED] - Current window maximized

2023-11-03 18:45:33 - [MESSAGE][PASSED] - Call Test Case 'Test Cases/Reusable Test Cases/Open the webapp' successfully

2023-11-03 18:45:33 - [TEST_STEP][PASSED] - click(findTestObject("Object Repository/Page_ParaBank  Welcome  Online Banking/iconContact")): Object: 'Object Repository/Page_ParaBank  Welcome  Online Banking/iconContact' is clicked on

2023-11-03 18:45:37 - [MESSAGE][PASSED] - Object: 'Object Repository/Page_ParaBank  Welcome  Online Banking/iconContact' is clicked on

2023-11-03 18:45:37 - [TEST_STEP][PASSED] - navigateToUrl(CONTACT_URL): Navigate to 'https://parabank.parasoft.com/parabank/contact.htm' successfully

2023-11-03 18:45:38 - [MESSAGE][PASSED] - Navigate to 'https://parabank.parasoft.com/parabank/contact.htm' successfully

2023-11-03 18:45:38 - [TEST_STEP][PASSED] - verifyElementText(findTestObject("Object Repository/Page_ParaBank  Customer Care/h1CustomerCare"), expectedH1CustomerCareText): Actual text and expected text of test object 'Object Repository/Page_ParaBank  Customer Care/h1CustomerCare' are matched.

2023-11-03 18:45:41 - [MESSAGE][PASSED] - Actual text and expected text of test object 'Object Repository/Page_ParaBank  Customer Care/h1CustomerCare' are matched.

2023-11-03 18:45:41 - [TEST_STEP][PASSED] - verifyElementPresent(findTestObject("Object Repository/Page_ParaBank  Customer Care/tableCustomerCare                                 _d1ea03"), 0): Object 'Object Repository/Page_ParaBank  Customer Care/tableCustomerCare                                 _d1ea03' is present

2023-11-03 18:45:41 - [MESSAGE][WARNING] - Timeout '0' is invalid. Using default page load timeout: '30'

2023-11-03 18:45:42 - [MESSAGE][PASSED] - Object 'Object Repository/Page_ParaBank  Customer Care/tableCustomerCare                                 _d1ea03' is present

2023-11-03 18:45:42 - [TEST_STEP][PASSED] - closeBrowser(): Browser is closed

2023-11-03 18:45:43 - [MESSAGE][PASSED] - Browser is closed]]></system-out>
         <system-err><![CDATA[]]></system-err>
      </testcase>
      <testcase name="Test Cases/Main Test Cases/MTC024 - Check latest news article 1" time="54.538" classname="Test Cases/Main Test Cases/MTC024 - Check latest news article 1" status="PASSED">
         <system-out><![CDATA[2023-11-03 18:45:43 - [TEST_CASE][PASSED] - Test Cases/Main Test Cases/MTC024 - Check latest news article 1: Test Cases/Main Test Cases/MTC024 - Check latest news article 1

2023-11-03 18:45:43 - [TEST_STEP][PASSED] - callTestCase(findTestCase("Reusable Test Cases/Open the webapp"), [:], CONTINUE_ON_FAILURE): Call Test Case 'Test Cases/Reusable Test Cases/Open the webapp' successfully

2023-11-03 18:45:43 - [TEST_CASE][PASSED] - Test Cases/Reusable Test Cases/Open the webapp: Test Cases/Reusable Test Cases/Open the webapp

2023-11-03 18:45:43 - [TEST_STEP][PASSED] - openBrowser(URL): Browser is opened with url: 'https://parabank.parasoft.com/parabank/index.htm'

2023-11-03 18:45:43 - [MESSAGE][INFO] - User set preference: ['os', 'windows']

2023-11-03 18:45:43 - [MESSAGE][INFO] - User set preference: ['browserName', 'chrome']

2023-11-03 18:45:43 - [MESSAGE][INFO] - User set preference: ['browserVersion', '109']

2023-11-03 18:45:43 - [MESSAGE][INFO] - User set preference: ['katalon:option', '{organizationId=1272612, tunnelId=e414eece-08e0-4d24-878e-c0113cd1895e, usingTunnel=true}']

2023-11-03 18:45:43 - [MESSAGE][INFO] - Connecting to remote web server 'testcloud.katalon.com/hub' with type 'Selenium'

2023-11-03 18:45:43 - [MESSAGE][INFO] - Action delay is set to 0 milliseconds

2023-11-03 18:46:31 - [MESSAGE][PASSED] - Browser is opened with url: 'https://parabank.parasoft.com/parabank/index.htm'

2023-11-03 18:46:31 - [TEST_STEP][PASSED] - maximizeWindow(): Current window maximized

2023-11-03 18:46:32 - [MESSAGE][PASSED] - Current window maximized

2023-11-03 18:46:32 - [MESSAGE][PASSED] - Call Test Case 'Test Cases/Reusable Test Cases/Open the webapp' successfully

2023-11-03 18:46:32 - [TEST_STEP][PASSED] - click(findTestObject("Page_ParaBank  Welcome  Online Banking/article3NewOnlineAccountTransfers")): Object: 'Object Repository/Page_ParaBank  Welcome  Online Banking/article3NewOnlineAccountTransfers' is clicked on

2023-11-03 18:46:35 - [MESSAGE][PASSED] - Object: 'Object Repository/Page_ParaBank  Welcome  Online Banking/article3NewOnlineAccountTransfers' is clicked on

2023-11-03 18:46:35 - [TEST_STEP][PASSED] - navigateToUrl(NEWS_URL): Navigate to 'https://parabank.parasoft.com/parabank/news.htm#6' successfully

2023-11-03 18:46:35 - [MESSAGE][PASSED] - Navigate to 'https://parabank.parasoft.com/parabank/news.htm#6' successfully

2023-11-03 18:46:35 - [TEST_STEP][PASSED] - verifyElementText(findTestObject("Object Repository/Page_ParaBank  News/h1ParaBankNews"), expectedH1ParaBankNews): Actual text and expected text of test object 'Object Repository/Page_ParaBank  News/h1ParaBankNews' are matched.

2023-11-03 18:46:37 - [MESSAGE][PASSED] - Actual text and expected text of test object 'Object Repository/Page_ParaBank  News/h1ParaBankNews' are matched.

2023-11-03 18:46:37 - [TEST_STEP][PASSED] - closeBrowser(): Browser is closed

2023-11-03 18:46:38 - [MESSAGE][PASSED] - Browser is closed]]></system-out>
         <system-err><![CDATA[]]></system-err>
      </testcase>
      <testcase name="Test Cases/Main Test Cases/MTC025 - Check latest news article 2" time="52.984" classname="Test Cases/Main Test Cases/MTC025 - Check latest news article 2" status="PASSED">
         <system-out><![CDATA[2023-11-03 18:46:38 - [TEST_CASE][PASSED] - Test Cases/Main Test Cases/MTC025 - Check latest news article 2: Test Cases/Main Test Cases/MTC025 - Check latest news article 2

2023-11-03 18:46:38 - [TEST_STEP][PASSED] - callTestCase(findTestCase("Reusable Test Cases/Open the webapp"), [:], CONTINUE_ON_FAILURE): Call Test Case 'Test Cases/Reusable Test Cases/Open the webapp' successfully

2023-11-03 18:46:38 - [TEST_CASE][PASSED] - Test Cases/Reusable Test Cases/Open the webapp: Test Cases/Reusable Test Cases/Open the webapp

2023-11-03 18:46:38 - [TEST_STEP][PASSED] - openBrowser(URL): Browser is opened with url: 'https://parabank.parasoft.com/parabank/index.htm'

2023-11-03 18:46:38 - [MESSAGE][INFO] - User set preference: ['os', 'windows']

2023-11-03 18:46:38 - [MESSAGE][INFO] - User set preference: ['browserName', 'chrome']

2023-11-03 18:46:38 - [MESSAGE][INFO] - User set preference: ['browserVersion', '109']

2023-11-03 18:46:38 - [MESSAGE][INFO] - User set preference: ['katalon:option', '{organizationId=1272612, tunnelId=e414eece-08e0-4d24-878e-c0113cd1895e, usingTunnel=true}']

2023-11-03 18:46:38 - [MESSAGE][INFO] - Connecting to remote web server 'testcloud.katalon.com/hub' with type 'Selenium'

2023-11-03 18:46:38 - [MESSAGE][INFO] - Action delay is set to 0 milliseconds

2023-11-03 18:47:22 - [MESSAGE][PASSED] - Browser is opened with url: 'https://parabank.parasoft.com/parabank/index.htm'

2023-11-03 18:47:22 - [TEST_STEP][PASSED] - maximizeWindow(): Current window maximized

2023-11-03 18:47:23 - [MESSAGE][PASSED] - Current window maximized

2023-11-03 18:47:23 - [MESSAGE][PASSED] - Call Test Case 'Test Cases/Reusable Test Cases/Open the webapp' successfully

2023-11-03 18:47:23 - [TEST_STEP][PASSED] - click(findTestObject("Page_ParaBank  Welcome  Online Banking/article2NewOnlineBillPay")): Object: 'Object Repository/Page_ParaBank  Welcome  Online Banking/article2NewOnlineBillPay' is clicked on

2023-11-03 18:47:27 - [MESSAGE][PASSED] - Object: 'Object Repository/Page_ParaBank  Welcome  Online Banking/article2NewOnlineBillPay' is clicked on

2023-11-03 18:47:27 - [TEST_STEP][PASSED] - navigateToUrl(NEWS_URL): Navigate to 'https://parabank.parasoft.com/parabank/news.htm#6' successfully

2023-11-03 18:47:28 - [MESSAGE][PASSED] - Navigate to 'https://parabank.parasoft.com/parabank/news.htm#6' successfully

2023-11-03 18:47:28 - [TEST_STEP][PASSED] - verifyElementText(findTestObject("Object Repository/Page_ParaBank  News/h1ParaBankNews"), expectedH1ParaBankNews): Actual text and expected text of test object 'Object Repository/Page_ParaBank  News/h1ParaBankNews' are matched.

2023-11-03 18:47:30 - [MESSAGE][PASSED] - Actual text and expected text of test object 'Object Repository/Page_ParaBank  News/h1ParaBankNews' are matched.

2023-11-03 18:47:30 - [TEST_STEP][PASSED] - closeBrowser(): Browser is closed

2023-11-03 18:47:31 - [MESSAGE][PASSED] - Browser is closed]]></system-out>
         <system-err><![CDATA[]]></system-err>
      </testcase>
      <testcase name="Test Cases/Main Test Cases/MTC026 - Check latest news article 3" time="47.557" classname="Test Cases/Main Test Cases/MTC026 - Check latest news article 3" status="PASSED">
         <system-out><![CDATA[2023-11-03 18:47:31 - [TEST_CASE][PASSED] - Test Cases/Main Test Cases/MTC026 - Check latest news article 3: Test Cases/Main Test Cases/MTC026 - Check latest news article 3

2023-11-03 18:47:31 - [TEST_STEP][PASSED] - callTestCase(findTestCase("Reusable Test Cases/Open the webapp"), [:], CONTINUE_ON_FAILURE): Call Test Case 'Test Cases/Reusable Test Cases/Open the webapp' successfully

2023-11-03 18:47:31 - [TEST_CASE][PASSED] - Test Cases/Reusable Test Cases/Open the webapp: Test Cases/Reusable Test Cases/Open the webapp

2023-11-03 18:47:31 - [TEST_STEP][PASSED] - openBrowser(URL): Browser is opened with url: 'https://parabank.parasoft.com/parabank/index.htm'

2023-11-03 18:47:31 - [MESSAGE][INFO] - User set preference: ['os', 'windows']

2023-11-03 18:47:31 - [MESSAGE][INFO] - User set preference: ['browserName', 'chrome']

2023-11-03 18:47:31 - [MESSAGE][INFO] - User set preference: ['browserVersion', '109']

2023-11-03 18:47:31 - [MESSAGE][INFO] - User set preference: ['katalon:option', '{organizationId=1272612, tunnelId=e414eece-08e0-4d24-878e-c0113cd1895e, usingTunnel=true}']

2023-11-03 18:47:31 - [MESSAGE][INFO] - Connecting to remote web server 'testcloud.katalon.com/hub' with type 'Selenium'

2023-11-03 18:47:31 - [MESSAGE][INFO] - Action delay is set to 0 milliseconds

2023-11-03 18:48:12 - [MESSAGE][PASSED] - Browser is opened with url: 'https://parabank.parasoft.com/parabank/index.htm'

2023-11-03 18:48:12 - [TEST_STEP][PASSED] - maximizeWindow(): Current window maximized

2023-11-03 18:48:13 - [MESSAGE][PASSED] - Current window maximized

2023-11-03 18:48:13 - [MESSAGE][PASSED] - Call Test Case 'Test Cases/Reusable Test Cases/Open the webapp' successfully

2023-11-03 18:48:13 - [TEST_STEP][PASSED] - click(findTestObject("Page_ParaBank  Welcome  Online Banking/article3NewOnlineAccountTransfers")): Object: 'Object Repository/Page_ParaBank  Welcome  Online Banking/article3NewOnlineAccountTransfers' is clicked on

2023-11-03 18:48:15 - [MESSAGE][PASSED] - Object: 'Object Repository/Page_ParaBank  Welcome  Online Banking/article3NewOnlineAccountTransfers' is clicked on

2023-11-03 18:48:15 - [TEST_STEP][PASSED] - navigateToUrl(NEWS_URL): Navigate to 'https://parabank.parasoft.com/parabank/news.htm#6' successfully

2023-11-03 18:48:16 - [MESSAGE][PASSED] - Navigate to 'https://parabank.parasoft.com/parabank/news.htm#6' successfully

2023-11-03 18:48:16 - [TEST_STEP][PASSED] - verifyElementText(findTestObject("Object Repository/Page_ParaBank  News/h1ParaBankNews"), expectedH1ParaBankNews): Actual text and expected text of test object 'Object Repository/Page_ParaBank  News/h1ParaBankNews' are matched.

2023-11-03 18:48:17 - [MESSAGE][PASSED] - Actual text and expected text of test object 'Object Repository/Page_ParaBank  News/h1ParaBankNews' are matched.

2023-11-03 18:48:17 - [TEST_STEP][PASSED] - closeBrowser(): Browser is closed

2023-11-03 18:48:18 - [MESSAGE][PASSED] - Browser is closed]]></system-out>
         <system-err><![CDATA[]]></system-err>
      </testcase>
      <system-out><![CDATA[2023-11-03 18:37:38 - [TEST_SUITE][PASSED] - STS003 - Main page links verification: Test Cases/Main Test Cases/MTC026 - Check latest news article 3]]></system-out>
      <system-err><![CDATA[]]></system-err>
   </testsuite>
</testsuites>
