<?xml version="1.0" encoding="UTF-8"?>
<testsuites name="RTS001 - Register Multiple users validation" time="81.798" tests="5" failures="0" errors="0">
   <testsuite name="RTS001 - Register Multiple users validation" tests="5" failures="0" errors="0" time="81.798" skipped="0" timestamp="2023-10-31 21:05:25" hostname="gkokabayeva - USORLGKOKABYE1.us.deloitte.com" id="Test Suites/Regression Test Suites/RTS001 - Register Multiple users validation">
      <properties>
         <property name="deviceName" value=""/>
         <property name="devicePlatform" value=""/>
         <property name="logFolder" value="C:\\Users\\GKOKABAYEVA\\Katalon Studio\\Parabank\\Reports\\20231031_210517\\Regression Test Suites\\RTS001 - Register Multiple users validation\\20231031_210517"/>
         <property name="logFiles" value="C:\\Users\\GKOKABAYEVA\\Katalon Studio\\Parabank\\Reports\\20231031_210517\\Regression Test Suites\\RTS001 - Register Multiple users validation\\20231031_210517\\execution0.log"/>
         <property name="attachments" value=""/>
         <property name="hostName" value="gkokabayeva - USORLGKOKABYE1.us.deloitte.com"/>
         <property name="os" value="Windows 10 64bit"/>
         <property name="katalonVersion" value="9.0.0.212"/>
         <property name="browser" value="Chrome 118.0.0.0"/>
         <property name="hostAddress" value="192.168.1.165"/>
         <property name="sessionId" value="613ab51c6ae2fcaf5780e661500b98e5"/>
         <property name="seleniumVersion" value="3.141.59"/>
         <property name="proxyInformation" value="ProxyInformation { proxyOption=NO_PROXY, proxyServerType=HTTP, username=, password=********, proxyServerAddress=, proxyServerPort=0, executionList=&quot;&quot;, isApplyToDesiredCapabilities=true }"/>
         <property name="platform" value="Windows 10"/>
      </properties>
      <testcase name="Test Cases/Reusable Test Cases/Open the webapp" time="7.888" classname="Test Cases/Reusable Test Cases/Open the webapp" status="PASSED">
         <system-out><![CDATA[2023-10-31 21:05:25 - [TEST_CASE][PASSED] - Test Cases/Reusable Test Cases/Open the webapp: Test Cases/Reusable Test Cases/Open the webapp

2023-10-31 21:05:26 - [TEST_STEP][PASSED] - openBrowser(URL): Browser is opened with url: 'https://parabank.parasoft.com/parabank/index.htm'

2023-10-31 21:05:27 - [MESSAGE][INFO] - Starting 'Chrome' driver

2023-10-31 21:05:27 - [MESSAGE][INFO] - Action delay is set to 0 milliseconds

2023-10-31 21:05:33 - [MESSAGE][PASSED] - Browser is opened with url: 'https://parabank.parasoft.com/parabank/index.htm'

2023-10-31 21:05:33 - [TEST_STEP][PASSED] - maximizeWindow(): Current window maximized

2023-10-31 21:05:33 - [MESSAGE][PASSED] - Current window maximized]]></system-out>
         <system-err><![CDATA[]]></system-err>
      </testcase>
      <testcase name="Test Cases/Reusable Test Cases/Enter a new user info" time="12.115" classname="Test Cases/Reusable Test Cases/Enter a new user info" status="PASSED">
         <system-out><![CDATA[2023-10-31 21:05:33 - [TEST_CASE][PASSED] - Test Cases/Reusable Test Cases/Enter a new user info: Test Cases/Reusable Test Cases/Enter a new user info

2023-10-31 21:05:34 - [TEST_STEP][PASSED] - click(findTestObject("Object Repository/Page_ParaBank_Welcome_Online_Banking/lkRegister")): Object: 'Object Repository/Page_ParaBank_Welcome_Online_Banking/lkRegister' is clicked on

2023-10-31 21:05:35 - [MESSAGE][PASSED] - Object: 'Object Repository/Page_ParaBank_Welcome_Online_Banking/lkRegister' is clicked on

2023-10-31 21:05:35 - [TEST_STEP][PASSED] - setText(findTestObject("Object Repository/Page_ParaBank_Register_for_Free_Online_Account/txtFirstName"), firstName): Text 'Alex' is set on object 'Object Repository/Page_ParaBank_Register_for_Free_Online_Account/txtFirstName'

2023-10-31 21:05:36 - [MESSAGE][PASSED] - Text 'Alex' is set on object 'Object Repository/Page_ParaBank_Register_for_Free_Online_Account/txtFirstName'

2023-10-31 21:05:36 - [TEST_STEP][PASSED] - setText(findTestObject("Object Repository/Page_ParaBank_Register_for_Free_Online_Account/txtLastName"), lastName): Text 'Adams' is set on object 'Object Repository/Page_ParaBank_Register_for_Free_Online_Account/txtLastName'

2023-10-31 21:05:37 - [MESSAGE][PASSED] - Text 'Adams' is set on object 'Object Repository/Page_ParaBank_Register_for_Free_Online_Account/txtLastName'

2023-10-31 21:05:37 - [TEST_STEP][PASSED] - setText(findTestObject("Object Repository/Page_ParaBank_Register_for_Free_Online_Account/txtAddress"), address): Text '123 Weil Str' is set on object 'Object Repository/Page_ParaBank_Register_for_Free_Online_Account/txtAddress'

2023-10-31 21:05:38 - [MESSAGE][PASSED] - Text '123 Weil Str' is set on object 'Object Repository/Page_ParaBank_Register_for_Free_Online_Account/txtAddress'

2023-10-31 21:05:38 - [TEST_STEP][PASSED] - setText(findTestObject("Object Repository/Page_ParaBank_Register_for_Free_Online_Account/txtCity"), city): Text 'Milwaukee' is set on object 'Object Repository/Page_ParaBank_Register_for_Free_Online_Account/txtCity'

2023-10-31 21:05:38 - [MESSAGE][PASSED] - Text 'Milwaukee' is set on object 'Object Repository/Page_ParaBank_Register_for_Free_Online_Account/txtCity'

2023-10-31 21:05:38 - [TEST_STEP][PASSED] - setText(findTestObject("Object Repository/Page_ParaBank_Register_for_Free_Online_Account/txtState"), state): Text 'Wisconsin' is set on object 'Object Repository/Page_ParaBank_Register_for_Free_Online_Account/txtState'

2023-10-31 21:05:39 - [MESSAGE][PASSED] - Text 'Wisconsin' is set on object 'Object Repository/Page_ParaBank_Register_for_Free_Online_Account/txtState'

2023-10-31 21:05:39 - [TEST_STEP][PASSED] - setText(findTestObject("Object Repository/Page_ParaBank_Register_for_Free_Online_Account/txtZipCode"), zipCode): Text '53090' is set on object 'Object Repository/Page_ParaBank_Register_for_Free_Online_Account/txtZipCode'

2023-10-31 21:05:40 - [MESSAGE][PASSED] - Text '53090' is set on object 'Object Repository/Page_ParaBank_Register_for_Free_Online_Account/txtZipCode'

2023-10-31 21:05:40 - [TEST_STEP][PASSED] - setText(findTestObject("Object Repository/Page_ParaBank_Register_for_Free_Online_Account/txtPhoneNumber"), phone): Text '987-654-4321' is set on object 'Object Repository/Page_ParaBank_Register_for_Free_Online_Account/txtPhoneNumber'

2023-10-31 21:05:41 - [MESSAGE][PASSED] - Text '987-654-4321' is set on object 'Object Repository/Page_ParaBank_Register_for_Free_Online_Account/txtPhoneNumber'

2023-10-31 21:05:41 - [TEST_STEP][PASSED] - setText(findTestObject("Object Repository/Page_ParaBank_Register_for_Free_Online_Account/txtSSN"), ssn): Text '987-65-4321' is set on object 'Object Repository/Page_ParaBank_Register_for_Free_Online_Account/txtSSN'

2023-10-31 21:05:42 - [MESSAGE][PASSED] - Text '987-65-4321' is set on object 'Object Repository/Page_ParaBank_Register_for_Free_Online_Account/txtSSN'

2023-10-31 21:05:42 - [TEST_STEP][PASSED] - setText(findTestObject("Object Repository/Page_ParaBank_Register_for_Free_Online_Account/txtUsername"), username): Text 'Aadams' is set on object 'Object Repository/Page_ParaBank_Register_for_Free_Online_Account/txtUsername'

2023-10-31 21:05:43 - [MESSAGE][PASSED] - Text 'Aadams' is set on object 'Object Repository/Page_ParaBank_Register_for_Free_Online_Account/txtUsername'

2023-10-31 21:05:43 - [TEST_STEP][PASSED] - setText(findTestObject("Object Repository/Page_ParaBank_Register_for_Free_Online_Account/txtPassword"), password): Text 'Password' is set on object 'Object Repository/Page_ParaBank_Register_for_Free_Online_Account/txtPassword'

2023-10-31 21:05:43 - [MESSAGE][PASSED] - Text 'Password' is set on object 'Object Repository/Page_ParaBank_Register_for_Free_Online_Account/txtPassword'

2023-10-31 21:05:43 - [TEST_STEP][PASSED] - setText(findTestObject("Object Repository/Page_ParaBank_Register_for_Free_Online_Account/txtRepeatedPassword"), password): Text 'Password' is set on object 'Object Repository/Page_ParaBank_Register_for_Free_Online_Account/txtRepeatedPassword'

2023-10-31 21:05:44 - [MESSAGE][PASSED] - Text 'Password' is set on object 'Object Repository/Page_ParaBank_Register_for_Free_Online_Account/txtRepeatedPassword'

2023-10-31 21:05:44 - [TEST_STEP][PASSED] - click(findTestObject("Object Repository/Page_ParaBank_Register_for_Free_Online_Account/btnRegister")): Object: 'Object Repository/Page_ParaBank_Register_for_Free_Online_Account/btnRegister' is clicked on

2023-10-31 21:05:46 - [MESSAGE][PASSED] - Object: 'Object Repository/Page_ParaBank_Register_for_Free_Online_Account/btnRegister' is clicked on]]></system-out>
         <system-err><![CDATA[]]></system-err>
      </testcase>
      <testcase name="Test Cases/Reusable Test Cases/Enter a new user info" time="44.853" classname="Test Cases/Reusable Test Cases/Enter a new user info" status="PASSED">
         <system-out><![CDATA[2023-10-31 21:05:46 - [TEST_CASE][PASSED] - Test Cases/Reusable Test Cases/Enter a new user info: Test Cases/Reusable Test Cases/Enter a new user info

2023-10-31 21:05:46 - [TEST_STEP][PASSED] - click(findTestObject("Object Repository/Page_ParaBank_Welcome_Online_Banking/lkRegister")): Object: 'Object Repository/Page_ParaBank_Welcome_Online_Banking/lkRegister' is clicked on

2023-10-31 21:06:17 - [MESSAGE][INFO] - Unable to find the element located by 'By.xpath: //div[@id='loginPanel']/p[2]/a'. Please recheck the objects properties to make sure the desired element is located. 

2023-10-31 21:06:17 - [MESSAGE][WARNING] - [SELF-HEALING] Failed to find element with id 'Object Repository/Page_ParaBank_Welcome_Online_Banking/lkRegister'. Try using Self-healing.

2023-10-31 21:06:17 - [MESSAGE][INFO] - [SELF-HEALING] Failed Locator: '//div[@id='loginPanel']/p[2]/a'.

2023-10-31 21:06:18 - [MESSAGE][INFO] - [SELF-HEALING] Failed Locator: '//a[contains(text(),'Register')]'.

2023-10-31 21:06:18 - [MESSAGE][INFO] - [SELF-HEALING] Failed Locator: '//a[contains(@href, 'register.htm;jsessionid=87370EA7FD4B2F5AC034BE8AD5E20C94')]'.

2023-10-31 21:06:18 - [MESSAGE][INFO] - [SELF-HEALING] Failed Locator: '//p[2]/a'.

2023-10-31 21:06:19 - [MESSAGE][INFO] - [SELF-HEALING] Failed Locator: '//a[@href = 'register.htm;jsessionid=87370EA7FD4B2F5AC034BE8AD5E20C94' and (text() = 'Register' or . = 'Register')]'.

2023-10-31 21:06:20 - [MESSAGE][INFO] - Unable to find the element located by 'By.xpath: //*[@href = 'register.htm;jsessionid=87370EA7FD4B2F5AC034BE8AD5E20C94' and (text() = 'Register' or . = 'Register')]'. Please recheck the objects properties to make sure the desired element is located. 

2023-10-31 21:06:21 - [MESSAGE][INFO] - [SELF-HEALING] Screenshot: C:/Users/GKOKABAYEVA/Katalon Studio/Parabank/Reports/Self-healing/Object Repository/Page_ParaBank_Welcome_Online_Banking/lkRegister_CSS.png

2023-10-31 21:06:21 - [MESSAGE][WARNING] - [SELF-HEALING] The current locator of test object 'Object Repository/Page_ParaBank_Welcome_Online_Banking/lkRegister' was broken. Propose an alternative one: 'p:nth-of-type(2) > a'.

2023-10-31 21:06:21 - [MESSAGE][PASSED] - Object: 'Object Repository/Page_ParaBank_Welcome_Online_Banking/lkRegister' is clicked on

2023-10-31 21:06:21 - [TEST_STEP][PASSED] - setText(findTestObject("Object Repository/Page_ParaBank_Register_for_Free_Online_Account/txtFirstName"), firstName): Text 'Igor' is set on object 'Object Repository/Page_ParaBank_Register_for_Free_Online_Account/txtFirstName'

2023-10-31 21:06:22 - [MESSAGE][PASSED] - Text 'Igor' is set on object 'Object Repository/Page_ParaBank_Register_for_Free_Online_Account/txtFirstName'

2023-10-31 21:06:22 - [TEST_STEP][PASSED] - setText(findTestObject("Object Repository/Page_ParaBank_Register_for_Free_Online_Account/txtLastName"), lastName): Text 'Ivanov' is set on object 'Object Repository/Page_ParaBank_Register_for_Free_Online_Account/txtLastName'

2023-10-31 21:06:23 - [MESSAGE][PASSED] - Text 'Ivanov' is set on object 'Object Repository/Page_ParaBank_Register_for_Free_Online_Account/txtLastName'

2023-10-31 21:06:23 - [TEST_STEP][PASSED] - setText(findTestObject("Object Repository/Page_ParaBank_Register_for_Free_Online_Account/txtAddress"), address): Text '123 JFK Boulevard' is set on object 'Object Repository/Page_ParaBank_Register_for_Free_Online_Account/txtAddress'

2023-10-31 21:06:24 - [MESSAGE][PASSED] - Text '123 JFK Boulevard' is set on object 'Object Repository/Page_ParaBank_Register_for_Free_Online_Account/txtAddress'

2023-10-31 21:06:24 - [TEST_STEP][PASSED] - setText(findTestObject("Object Repository/Page_ParaBank_Register_for_Free_Online_Account/txtCity"), city): Text 'West New York' is set on object 'Object Repository/Page_ParaBank_Register_for_Free_Online_Account/txtCity'

2023-10-31 21:06:24 - [MESSAGE][PASSED] - Text 'West New York' is set on object 'Object Repository/Page_ParaBank_Register_for_Free_Online_Account/txtCity'

2023-10-31 21:06:24 - [TEST_STEP][PASSED] - setText(findTestObject("Object Repository/Page_ParaBank_Register_for_Free_Online_Account/txtState"), state): Text 'New Jersey' is set on object 'Object Repository/Page_ParaBank_Register_for_Free_Online_Account/txtState'

2023-10-31 21:06:25 - [MESSAGE][PASSED] - Text 'New Jersey' is set on object 'Object Repository/Page_ParaBank_Register_for_Free_Online_Account/txtState'

2023-10-31 21:06:25 - [TEST_STEP][PASSED] - setText(findTestObject("Object Repository/Page_ParaBank_Register_for_Free_Online_Account/txtZipCode"), zipCode): Text '7093' is set on object 'Object Repository/Page_ParaBank_Register_for_Free_Online_Account/txtZipCode'

2023-10-31 21:06:26 - [MESSAGE][PASSED] - Text '7093' is set on object 'Object Repository/Page_ParaBank_Register_for_Free_Online_Account/txtZipCode'

2023-10-31 21:06:26 - [TEST_STEP][PASSED] - setText(findTestObject("Object Repository/Page_ParaBank_Register_for_Free_Online_Account/txtPhoneNumber"), phone): Text '111-111-1111' is set on object 'Object Repository/Page_ParaBank_Register_for_Free_Online_Account/txtPhoneNumber'

2023-10-31 21:06:27 - [MESSAGE][PASSED] - Text '111-111-1111' is set on object 'Object Repository/Page_ParaBank_Register_for_Free_Online_Account/txtPhoneNumber'

2023-10-31 21:06:27 - [TEST_STEP][PASSED] - setText(findTestObject("Object Repository/Page_ParaBank_Register_for_Free_Online_Account/txtSSN"), ssn): Text '111-11-1111' is set on object 'Object Repository/Page_ParaBank_Register_for_Free_Online_Account/txtSSN'

2023-10-31 21:06:28 - [MESSAGE][PASSED] - Text '111-11-1111' is set on object 'Object Repository/Page_ParaBank_Register_for_Free_Online_Account/txtSSN'

2023-10-31 21:06:28 - [TEST_STEP][PASSED] - setText(findTestObject("Object Repository/Page_ParaBank_Register_for_Free_Online_Account/txtUsername"), username): Text 'Iivanov' is set on object 'Object Repository/Page_ParaBank_Register_for_Free_Online_Account/txtUsername'

2023-10-31 21:06:28 - [MESSAGE][PASSED] - Text 'Iivanov' is set on object 'Object Repository/Page_ParaBank_Register_for_Free_Online_Account/txtUsername'

2023-10-31 21:06:28 - [TEST_STEP][PASSED] - setText(findTestObject("Object Repository/Page_ParaBank_Register_for_Free_Online_Account/txtPassword"), password): Text 'Password' is set on object 'Object Repository/Page_ParaBank_Register_for_Free_Online_Account/txtPassword'

2023-10-31 21:06:29 - [MESSAGE][PASSED] - Text 'Password' is set on object 'Object Repository/Page_ParaBank_Register_for_Free_Online_Account/txtPassword'

2023-10-31 21:06:29 - [TEST_STEP][PASSED] - setText(findTestObject("Object Repository/Page_ParaBank_Register_for_Free_Online_Account/txtRepeatedPassword"), password): Text 'Password' is set on object 'Object Repository/Page_ParaBank_Register_for_Free_Online_Account/txtRepeatedPassword'

2023-10-31 21:06:30 - [MESSAGE][PASSED] - Text 'Password' is set on object 'Object Repository/Page_ParaBank_Register_for_Free_Online_Account/txtRepeatedPassword'

2023-10-31 21:06:30 - [TEST_STEP][PASSED] - click(findTestObject("Object Repository/Page_ParaBank_Register_for_Free_Online_Account/btnRegister")): Object: 'Object Repository/Page_ParaBank_Register_for_Free_Online_Account/btnRegister' is clicked on

2023-10-31 21:06:31 - [MESSAGE][PASSED] - Object: 'Object Repository/Page_ParaBank_Register_for_Free_Online_Account/btnRegister' is clicked on]]></system-out>
         <system-err><![CDATA[]]></system-err>
      </testcase>
      <testcase name="Test Cases/Reusable Test Cases/Enter a new user info" time="14.607" classname="Test Cases/Reusable Test Cases/Enter a new user info" status="PASSED">
         <system-out><![CDATA[2023-10-31 21:06:31 - [TEST_CASE][PASSED] - Test Cases/Reusable Test Cases/Enter a new user info: Test Cases/Reusable Test Cases/Enter a new user info

2023-10-31 21:06:31 - [TEST_STEP][PASSED] - click(findTestObject("Object Repository/Page_ParaBank_Welcome_Online_Banking/lkRegister")): Object: 'Object Repository/Page_ParaBank_Welcome_Online_Banking/lkRegister' is clicked on

2023-10-31 21:06:36 - [MESSAGE][PASSED] - Object: 'Object Repository/Page_ParaBank_Welcome_Online_Banking/lkRegister' is clicked on

2023-10-31 21:06:36 - [TEST_STEP][PASSED] - setText(findTestObject("Object Repository/Page_ParaBank_Register_for_Free_Online_Account/txtFirstName"), firstName): Text 'George' is set on object 'Object Repository/Page_ParaBank_Register_for_Free_Online_Account/txtFirstName'

2023-10-31 21:06:37 - [MESSAGE][PASSED] - Text 'George' is set on object 'Object Repository/Page_ParaBank_Register_for_Free_Online_Account/txtFirstName'

2023-10-31 21:06:37 - [TEST_STEP][PASSED] - setText(findTestObject("Object Repository/Page_ParaBank_Register_for_Free_Online_Account/txtLastName"), lastName): Text 'Williams' is set on object 'Object Repository/Page_ParaBank_Register_for_Free_Online_Account/txtLastName'

2023-10-31 21:06:38 - [MESSAGE][PASSED] - Text 'Williams' is set on object 'Object Repository/Page_ParaBank_Register_for_Free_Online_Account/txtLastName'

2023-10-31 21:06:38 - [TEST_STEP][PASSED] - setText(findTestObject("Object Repository/Page_ParaBank_Register_for_Free_Online_Account/txtAddress"), address): Text '123 Hazel Str' is set on object 'Object Repository/Page_ParaBank_Register_for_Free_Online_Account/txtAddress'

2023-10-31 21:06:39 - [MESSAGE][PASSED] - Text '123 Hazel Str' is set on object 'Object Repository/Page_ParaBank_Register_for_Free_Online_Account/txtAddress'

2023-10-31 21:06:39 - [TEST_STEP][PASSED] - setText(findTestObject("Object Repository/Page_ParaBank_Register_for_Free_Online_Account/txtCity"), city): Text 'Chicago' is set on object 'Object Repository/Page_ParaBank_Register_for_Free_Online_Account/txtCity'

2023-10-31 21:06:39 - [MESSAGE][PASSED] - Text 'Chicago' is set on object 'Object Repository/Page_ParaBank_Register_for_Free_Online_Account/txtCity'

2023-10-31 21:06:39 - [TEST_STEP][PASSED] - setText(findTestObject("Object Repository/Page_ParaBank_Register_for_Free_Online_Account/txtState"), state): Text 'Illinois' is set on object 'Object Repository/Page_ParaBank_Register_for_Free_Online_Account/txtState'

2023-10-31 21:06:40 - [MESSAGE][PASSED] - Text 'Illinois' is set on object 'Object Repository/Page_ParaBank_Register_for_Free_Online_Account/txtState'

2023-10-31 21:06:40 - [TEST_STEP][PASSED] - setText(findTestObject("Object Repository/Page_ParaBank_Register_for_Free_Online_Account/txtZipCode"), zipCode): Text '12345' is set on object 'Object Repository/Page_ParaBank_Register_for_Free_Online_Account/txtZipCode'

2023-10-31 21:06:41 - [MESSAGE][PASSED] - Text '12345' is set on object 'Object Repository/Page_ParaBank_Register_for_Free_Online_Account/txtZipCode'

2023-10-31 21:06:41 - [TEST_STEP][PASSED] - setText(findTestObject("Object Repository/Page_ParaBank_Register_for_Free_Online_Account/txtPhoneNumber"), phone): Text '222-222-2222' is set on object 'Object Repository/Page_ParaBank_Register_for_Free_Online_Account/txtPhoneNumber'

2023-10-31 21:06:42 - [MESSAGE][PASSED] - Text '222-222-2222' is set on object 'Object Repository/Page_ParaBank_Register_for_Free_Online_Account/txtPhoneNumber'

2023-10-31 21:06:42 - [TEST_STEP][PASSED] - setText(findTestObject("Object Repository/Page_ParaBank_Register_for_Free_Online_Account/txtSSN"), ssn): Text '222-22-2222' is set on object 'Object Repository/Page_ParaBank_Register_for_Free_Online_Account/txtSSN'

2023-10-31 21:06:42 - [MESSAGE][PASSED] - Text '222-22-2222' is set on object 'Object Repository/Page_ParaBank_Register_for_Free_Online_Account/txtSSN'

2023-10-31 21:06:42 - [TEST_STEP][PASSED] - setText(findTestObject("Object Repository/Page_ParaBank_Register_for_Free_Online_Account/txtUsername"), username): Text 'Gwilliams' is set on object 'Object Repository/Page_ParaBank_Register_for_Free_Online_Account/txtUsername'

2023-10-31 21:06:43 - [MESSAGE][PASSED] - Text 'Gwilliams' is set on object 'Object Repository/Page_ParaBank_Register_for_Free_Online_Account/txtUsername'

2023-10-31 21:06:43 - [TEST_STEP][PASSED] - setText(findTestObject("Object Repository/Page_ParaBank_Register_for_Free_Online_Account/txtPassword"), password): Text 'Password' is set on object 'Object Repository/Page_ParaBank_Register_for_Free_Online_Account/txtPassword'

2023-10-31 21:06:44 - [MESSAGE][PASSED] - Text 'Password' is set on object 'Object Repository/Page_ParaBank_Register_for_Free_Online_Account/txtPassword'

2023-10-31 21:06:44 - [TEST_STEP][PASSED] - setText(findTestObject("Object Repository/Page_ParaBank_Register_for_Free_Online_Account/txtRepeatedPassword"), password): Text 'Password' is set on object 'Object Repository/Page_ParaBank_Register_for_Free_Online_Account/txtRepeatedPassword'

2023-10-31 21:06:45 - [MESSAGE][PASSED] - Text 'Password' is set on object 'Object Repository/Page_ParaBank_Register_for_Free_Online_Account/txtRepeatedPassword'

2023-10-31 21:06:45 - [TEST_STEP][PASSED] - click(findTestObject("Object Repository/Page_ParaBank_Register_for_Free_Online_Account/btnRegister")): Object: 'Object Repository/Page_ParaBank_Register_for_Free_Online_Account/btnRegister' is clicked on

2023-10-31 21:06:46 - [MESSAGE][PASSED] - Object: 'Object Repository/Page_ParaBank_Register_for_Free_Online_Account/btnRegister' is clicked on]]></system-out>
         <system-err><![CDATA[]]></system-err>
      </testcase>
      <testcase name="Test Cases/Reusable Test Cases/Logoff" time="1.178" classname="Test Cases/Reusable Test Cases/Logoff" status="PASSED">
         <system-out><![CDATA[2023-10-31 21:06:46 - [TEST_CASE][PASSED] - Test Cases/Reusable Test Cases/Logoff: Test Cases/Reusable Test Cases/Logoff

2023-10-31 21:06:46 - [TEST_STEP][PASSED] - click(findTestObject("Object Repository/Page_ParaBank_Accounts_Overview/lkLogOut")): Object: 'Object Repository/Page_ParaBank_Accounts_Overview/lkLogOut' is clicked on

2023-10-31 21:06:47 - [MESSAGE][PASSED] - Object: 'Object Repository/Page_ParaBank_Accounts_Overview/lkLogOut' is clicked on

2023-10-31 21:06:47 - [TEST_STEP][PASSED] - closeBrowser(): Browser is closed

2023-10-31 21:06:47 - [MESSAGE][PASSED] - Browser is closed]]></system-out>
         <system-err><![CDATA[]]></system-err>
      </testcase>
      <system-out><![CDATA[2023-10-31 21:05:25 - [TEST_SUITE][PASSED] - RTS001 - Register Multiple users validation: Test Cases/Reusable Test Cases/Logoff]]></system-out>
      <system-err><![CDATA[]]></system-err>
   </testsuite>
</testsuites>
